"../../../Engine/Content/Functions/Engine_MaterialFunctions01/Opacity/CameraDepthFade.uasset" 0
"../../../Engine/Content/EngineMaterials/T_Default_Material_Grid_M.uasset" 1
"../../../Engine/Content/EngineMaterials/T_Default_Material_Grid_N.uasset" 2
"../../../Engine/Content/EngineMaterials/DefaultMaterial.uasset" 3
"../../../Engine/Content/BasicShapes/Cone.uasset" 4
"../../../Engine/Content/EditorLandscapeResources/DataLayer.uasset" 5
"../../../Engine/Content/EditorMaterials/GizmoMaterial.uasset" 6
"../../../Engine/Content/EditorMaterials/MAT_Groups_Toggle.uasset" 7
"../../../Engine/Content/EditorMaterials/MAT_Groups_Visibility.uasset" 8
"../../../Engine/Content/EditorMaterials/PreviewShadowIndicator.uasset" 9
"../../../Engine/Content/EditorMaterials/PreviewShadowIndicatorMaterial.uasset" 10
"../../../Engine/Content/EditorMaterials/AssetViewer/EpicQuadPanorama_CC+EV1.uasset" 11
"../../../Engine/Content/EditorMaterials/MatineeGroups/MAT_ColorTrack.uasset" 12
"../../../Engine/Content/EditorMaterials/MatineeGroups/MAT_Groups_Anim.uasset" 13
"../../../Engine/Content/EditorMaterials/MatineeGroups/MAT_Groups_AudioMaster.uasset" 14
"../../../Engine/Content/EditorMaterials/MatineeGroups/MAT_Groups_Director.uasset" 15
"../../../Engine/Content/EditorMaterials/MatineeGroups/MAT_Groups_Event.uasset" 16
"../../../Engine/Content/EditorMaterials/MatineeGroups/MAT_Groups_Fade.uasset" 17
"../../../Engine/Content/EditorMaterials/MatineeGroups/MAT_Groups_Float.uasset" 18
"../../../Engine/Content/EditorMaterials/MatineeGroups/MAT_Groups_Move.uasset" 19
"../../../Engine/Content/EditorMaterials/MatineeGroups/MAT_Groups_Slomo.uasset" 20
"../../../Engine/Content/EditorMaterials/MatineeGroups/MAT_Groups_Sound.uasset" 21
"../../../Engine/Content/EditorMaterials/MatineeGroups/MAT_Groups_Vector.uasset" 22
"../../../Engine/Content/EditorMaterials/ParticleSystems/PSysThumbnail_NoImage.uasset" 23
"../../../Engine/Content/EditorMaterials/ParticleSystems/PSysThumbnail_OOD.uasset" 24
"../../../Engine/Content/EditorMaterials/Camera/CineMat.uasset" 25
"../../../Engine/Content/EditorMaterials/Camera/MI_CineMat_Rig.uasset" 26
"../../../Engine/Content/EditorMeshes/Camera/SM_CraneRig_Arm.uasset" 27
"../../../Engine/Content/EditorMeshes/Camera/SM_CraneRig_Base.uasset" 28
"../../../Engine/Content/EditorMeshes/Camera/SM_CraneRig_Body.uasset" 29
"../../../Engine/Content/EditorMeshes/Camera/SM_CraneRig_Mount.uasset" 30
"../../../Engine/Content/EditorMeshes/Camera/SM_RailRig_Mount.uasset" 31
"../../../Engine/Content/EditorMeshes/Camera/SM_RailRig_Track.uasset" 32
"../../../Engine/Content/EditorMeshes/ColorCalibrator/M_ChromeBall.uasset" 33
"../../../Engine/Content/EditorMeshes/ColorCalibrator/M_ClearCoat.uasset" 34
"../../../Engine/Content/EditorMeshes/ColorCalibrator/M_ClearCoatBlack.uasset" 35
"../../../Engine/Content/EditorMeshes/ColorCalibrator/T_ColorGrid.uasset" 36
"../../../Engine/Content/EditorMeshes/ColorCalibrator/M_ColorGrid.uasset" 37
"../../../Engine/Content/EditorMeshes/ColorCalibrator/M_GreyBall.uasset" 38
"../../../Engine/Content/EditorMeshes/ColorCalibrator/SM_ColorCalibrator.uasset" 39
"../../../Engine/Content/EditorResources/BSPVertex.uasset" 40
"../../../Engine/Content/EditorResources/EmptyActor.uasset" 41
"../../../Engine/Content/EditorResources/RGBTable16x1_AssetViewer.uasset" 42
"../../../Engine/Content/EditorResources/S_Actor.uasset" 43
"../../../Engine/Content/EditorResources/S_Trigger.uasset" 44
"../../../Engine/Content/EditorResources/AudioIcons/S_AudioComponent_AutoActivate.uasset" 45
"../../../Engine/Content/EditorResources/LightIcons/S_LightError.uasset" 46
"../../../Engine/Content/EditorResources/SequenceRecorder/Countdown.uasset" 47
"../../../Engine/Content/EditorResources/SequenceRecorder/RecordingIndicator.uasset" 48
"../../../Engine/Content/EditorSounds/Notifications/CompileFailed.uasset" 49
"../../../Engine/Content/EditorSounds/Notifications/CompileFailed_Cue.uasset" 50
"../../../Engine/Content/EditorSounds/Notifications/CompileSuccess.uasset" 51
"../../../Engine/Content/EditorSounds/Notifications/CompileStart_Cue.uasset" 52
"../../../Engine/Content/EditorSounds/Notifications/CompileSuccess_Cue.uasset" 53
"../../../Engine/Content/EngineDamageTypes/DmgTypeBP_Environmental.uasset" 54
"../../../Engine/Content/EngineDebugMaterials/HeatmapGradient.uasset" 55
"../../../Engine/Content/EngineDebugMaterials/BoneWeightMaterial.uasset" 56
"../../../Engine/Content/EngineDebugMaterials/DebugMeshMaterial.uasset" 57
"../../../Engine/Content/EngineDebugMaterials/GeomMaterial.uasset" 58
"../../../Engine/Content/EngineFonts/Roboto.uasset" 59
"../../../Engine/Content/EngineFonts/RobotoTiny.uasset" 60
"../../../Engine/Content/EngineMaterials/DefaultBokeh.uasset" 61
"../../../Engine/Content/EngineMaterials/DefaultDiffuse.uasset" 62
"../../../Engine/Content/EngineMaterials/DefaultDeferredDecalMaterial.uasset" 63
"../../../Engine/Content/EngineMaterials/DefaultLightFunctionMaterial.uasset" 64
"../../../Engine/Content/Functions/Engine_MaterialFunctions02/Utility/BreakOutFloat2Components.uasset" 65
"../../../Engine/Content/EngineMaterials/DefaultPostProcessMaterial.uasset" 66
"../../../Engine/Content/EngineFonts/RobotoDistanceField.uasset" 67
"../../../Engine/Content/EngineMaterials/DefaultTextMaterialOpaque.uasset" 68
"../../../Engine/Content/EngineMaterials/DefaultWhiteGrid.uasset" 69
"../../../Engine/Content/EngineMaterials/EditorBrushMaterial.uasset" 70
"../../../Engine/Content/EngineMaterials/Good64x64TilingNoiseHighFreq.uasset" 71
"../../../Engine/Content/EngineMaterials/MiniFont.uasset" 72
"../../../Engine/Content/EngineMaterials/InvalidLightmapSettings.uasset" 73
"../../../Engine/Content/EngineMaterials/M_InvalidLightmapSettings.uasset" 74
"../../../Engine/Content/EngineMaterials/PhAT_JointLimitMaterial.uasset" 75
"../../../Engine/Content/EngineMaterials/PreintegratedSkinBRDF.uasset" 76
"../../../Engine/Content/EngineMaterials/RemoveSurfaceMaterial.uasset" 77
"../../../Engine/Content/EngineMaterials/WeightMapPlaceholderTexture.uasset" 78
"../../../Engine/Content/EngineResources/WhiteSquareTexture.uasset" 79
"../../../Engine/Content/EngineMaterials/Widget3DPassThrough.uasset" 80
"../../../Engine/Content/EngineMaterials/Widget3DPassThrough_Masked.uasset" 81
"../../../Engine/Content/EngineMaterials/Widget3DPassThrough_Opaque.uasset" 82
"../../../Engine/Content/EngineMaterials/Widget3DPassThrough_Masked_OneSided.uasset" 83
"../../../Engine/Content/EngineMaterials/Widget3DPassThrough_Opaque_OneSided.uasset" 84
"../../../Engine/Content/EngineMaterials/Widget3DPassThrough_Translucent.uasset" 85
"../../../Engine/Content/EngineMaterials/Widget3DPassThrough_Translucent_OneSided.uasset" 86
"../../../Engine/Content/EngineMeshes/Cube.uasset" 87
"../../../Engine/Content/EngineMeshes/Cylinder.uasset" 88
"../../../Engine/Content/EngineMeshes/Sphere.uasset" 89
"../../../Engine/Content/EngineResources/AICON-Green.uasset" 90
"../../../Engine/Content/EngineResources/AICON-Red.uasset" 91
"../../../Engine/Content/EngineResources/Black.uasset" 92
"../../../Engine/Content/EngineResources/DefaultTexture.uasset" 93
"../../../Engine/Content/EngineResources/DefaultTextureCube.uasset" 94
"../../../Engine/Content/EngineResources/GradientTexture0.uasset" 95
"../../../Engine/Content/EngineSounds/Master.uasset" 96
"../../../Engine/Content/EngineSounds/MasterSubmix.uasset" 97
"../../../Engine/Content/EngineTireTypes/DefaultTireType.uasset" 98
"../../../Engine/Content/Functions/Engine_MaterialFunctions01/Shading/ConvertFromDiffSpec.uasset" 99
"../../../Engine/Content/Functions/Engine_MaterialFunctions01/Shading/PowerToRoughness.uasset" 100
"../../../Engine/Content/Maps/Templates/Thumbnails/Default.uasset" 101
"../../../Engine/Content/Maps/Templates/Thumbnails/VR-Basic.uasset" 102
"../../../Engine/Content/MobileResources/T_MobileControls_texture.uasset" 103
"../../../Engine/Content/MobileResources/T_MobileMenu2.uasset" 104
"../../../Engine/Content/MobileResources/HUD/AnalogHat.uasset" 105
"../../../Engine/Content/MobileResources/HUD/VirtualJoystick_Background.uasset" 106
"../../../Engine/Content/MobileResources/HUD/VirtualJoystick_Thumb.uasset" 107
"../../../Engine/Content/MobileResources/HUD/DefaultVirtualJoysticks.uasset" 108
"../../../Engine/Content/MobileResources/HUD/LeftVirtualJoystickOnly.uasset" 109
"../../../Engine/Content/MobileResources/HUD/MobileHUDButton1_off.uasset" 110
"../../../Engine/Content/MobileResources/HUD/MobileHUDButton1_on.uasset" 111
"../../../Engine/Content/MobileResources/HUD/MobileHUDButton2_off.uasset" 112
"../../../Engine/Content/MobileResources/HUD/MobileHUDButton2_on.uasset" 113
"../../../Engine/Content/MobileResources/HUD/MobileHUDButton3.uasset" 114
"../../../Engine/Content/MobileResources/HUD/MobileHUDButtonFire.uasset" 115
"../../../Engine/Content/MobileResources/HUD/MobileHUDDirectionPad.uasset" 116
"../../../Engine/Content/MobileResources/HUD/MobileHUDDirectionPad2.uasset" 117
"../../../Engine/Content/MobileResources/HUD/MobileHUDDirectionPad3.uasset" 118
"../../../Engine/Content/MobileResources/HUD/MobileHUDDirectionStick.uasset" 119
"../../../Engine/Content/MobileResources/HUD/T_Castle_ThumbstickInner.uasset" 120
"../../../Engine/Content/MobileResources/HUD/T_Castle_ThumbstickOutter.uasset" 121
"../../../Engine/Content/Tutorial/ContentIntroCurve.uasset" 122
"../../../Engine/Content/Tutorial/Basics/TutorialAssets/icon_tab_Levels_40x.uasset" 123
"../../../Engine/Content/Tutorial/BlueprintTutorials/TutorialAssets/BlueprintInterface_64x.uasset" 124
"../../../Engine/Content/Tutorial/BlueprintTutorials/TutorialAssets/BlueprintMacroLibrary_64x.uasset" 125
"../../../Engine/Content/Tutorial/BlueprintTutorials/TutorialAssets/Blueprint_64x.uasset" 126
"../../../Engine/Content/Tutorial/BlueprintTutorials/TutorialAssets/Tutorial_BP_Interface.uasset" 127
"../../../Engine/Content/Tutorial/Foliage/TutorialAssets/Foliage.uasset" 128
"../../../Engine/Content/Tutorial/Landscape/TutorialAssets/Landscape.uasset" 129
"../../../Engine/Content/Tutorial/Paper2D/TutorialAssets/Paper2DFlipbook_TutorialIcon.uasset" 130
"../../../Engine/Content/Tutorial/Paper2D/TutorialAssets/Paper2DSprite_TutorialIcon.uasset" 131
"../../../Engine/Content/Tutorial/SubEditors/TutorialAssets/icon_Editor_Preferences_General_40x.uasset" 132
"../../../Engine/Content/Tutorial/SubEditors/TutorialAssets/icon_ShowSkeletalMeshes_40x.uasset" 133
"../../../Engine/Content/Tutorial/SubEditors/TutorialAssets/TutorialMaterial.uasset" 134
"../../../Engine/Content/Tutorial/SubEditors/TutorialAssets/T_SmokeSubUV_8X8.uasset" 135
"../../../Engine/Content/Tutorial/SubEditors/TutorialAssets/T_soft_smoke.uasset" 136
"../../../Engine/Content/Tutorial/SubEditors/TutorialAssets/M_smoke_subUV_blackbody.uasset" 137
"../../../Engine/Content/Tutorial/SubEditors/TutorialAssets/TutorialParticleSystem.uasset" 138
"../../../Engine/Content/EngineMaterials/WorldGridMaterial.uasset" 139
"../../../Engine/Content/EditorMeshes/EditorCube.uasset" 140
"../../../Engine/Content/Tutorial/SubEditors/TutorialAssets/Tutorial_DM.uasset" 141
"../../../Engine/Content/VREditor/Devices/Generic/GenericHMDMaterial.uasset" 142
"../../../Engine/Content/VREditor/Devices/Generic/GenericHMD.uasset" 143
"../../../Engine/Content/VREditor/FloatingText/LineMaterial.uasset" 144
"../../../Engine/Content/VREditor/FloatingText/JointSphere.uasset" 145
"../../../Engine/Content/VREditor/FloatingText/LineSegmentCylinder.uasset" 146
"../../../Engine/Content/VREditor/Fonts/VRText_RobotoLarge.uasset" 147
"../../../Engine/Content/VREditor/Fonts/VRTextMaterial.uasset" 148
"../../../Engine/Content/VREditor/Fonts/TranslucentVRTextMaterial.uasset" 149
"../../../Engine/Content/VREditor/LaserPointer/VR_LaserPower_01.uasset" 150
"../../../Engine/Content/VREditor/LaserPointer/LaserPointerMaterial.uasset" 151
"../../../Engine/Content/VREditor/LaserPointer/LaserPointerMaterialInst.uasset" 152
"../../../Engine/Content/VREditor/LaserPointer/TranslucentLaserPointerMaterialInst.uasset" 153
"../../../Engine/Content/VREditor/LaserPointer/LaserPointerMesh.uasset" 154
"../../../Engine/Content/VREditor/Sounds/VR_grab_Cue.uasset" 155
"../../../Engine/Content/VREditor/Sounds/VR_teleport_Cue.uasset" 156
"../../../Engine/Content/VREditor/TransformGizmo/TransformGizmoMaterial.uasset" 157
"../../../Engine/Content/VREditor/TransformGizmo/TranslucentTransformGizmoMaterial.uasset" 158
"../../../Engine/Content/VREditor/TransformGizmo/BoundingBoxCorner.uasset" 159
"../../../Engine/Content/VREditor/TransformGizmo/BoundingBoxEdge.uasset" 160
"../../../Engine/Content/VREditor/TransformGizmo/PlaneTranslationHandle.uasset" 161
"../../../Engine/Content/VREditor/TransformGizmo/RotationHandle.uasset" 162
"../../../Engine/Content/VREditor/TransformGizmo/RotationHandleFull.uasset" 163
"../../../Engine/Content/VREditor/TransformGizmo/StretchingHandle.uasset" 164
"../../../Engine/Content/VREditor/TransformGizmo/TranslateHandleLong.uasset" 165
"../../../Engine/Content/VREditor/TransformGizmo/TranslationHandle.uasset" 166
"../../../Engine/Content/VREditor/TransformGizmo/UniformScaleHandle.uasset" 167
"../../../Engine/Content/VREditor/UI/CloseButtonMesh.uasset" 168
"../../../Engine/Content/VREditor/UI/SelectionBarMesh.uasset" 169
"../../../Engine/Content/Functions/Engine_MaterialFunctions01/Gradient/RadialGradient.uasset" 170
"../../../Engine/Content/VREditor/WorldMovementGrid/SimpleGrid.uasset" 171
"../../../Engine/Content/VREditor/WorldMovementGrid/GridMaterial.uasset" 172
"../../../Engine/Content/Functions/Engine_MaterialFunctions01/Density/ExponentialDensity.uasset" 173
"../../../Engine/Content/VREditor/WorldMovementGrid/GridPostProcess.uasset" 174
"../../../Engine/Content/EditorLandscapeResources/FlattenHeightMat.uasset" 175
"../../../Engine/Content/VREditor/WorldMovementGrid/PlaneMesh.uasset" 176
"../../../Zombie_Tower_Defense/Content/ZTD_Blueprint/Blueprints/HUD/ReticleImage.uasset" 177
"../../../Zombie_Tower_Defense/Content/ZTD_Blueprint/Blueprints/HUD/Reticle.uasset" 178
"../../../Engine/Plugins/2D/Paper2D/Content/DummySprite.uasset" 179
"../../../Engine/Plugins/2D/Paper2D/Content/DefaultPaperTerrainMaterial.uasset" 180
"../../../Engine/Plugins/2D/Paper2D/Content/DefaultSpriteMaterial.uasset" 181
"../../../Engine/Plugins/2D/Paper2D/Content/MaskedUnlitSpriteMaterial.uasset" 182
"../../../Engine/Plugins/2D/Paper2D/Content/OpaqueUnlitSpriteMaterial.uasset" 183
"../../../Engine/Plugins/2D/Paper2D/Content/PlaceholderTextures/DummySpriteTexture.uasset" 184
"../../../Zombie_Tower_Defense/Content/ZTD_Blueprint/Blueprints/ZTD_Instance.uasset" 185
"../../../Engine/Content/BasicShapes/BasicShapeMaterial.uasset" 186
"../../../Engine/Content/BasicShapes/Cube.uasset" 187
"../../../Zombie_Tower_Defense/Content/Assets/Building_Asset_set_1/building_016_c.uasset" 188
"../../../Zombie_Tower_Defense/Content/Assets/Building_Asset_set_1/building_16.uasset" 189
"../../../Zombie_Tower_Defense/Content/Assets/Building_Asset_set_1/Street_environment_V01_City_building_011.uasset" 190
"../../../Zombie_Tower_Defense/Content/ZTD_Blueprint/Blueprints/Base.uasset" 191
"../../../Engine/Content/EditorBlueprintResources/StandardMacros.uasset" 192
"../../../Engine/Content/EngineSky/C_Sky_Cloud_Color.uasset" 193
"../../../Engine/Content/EngineSky/C_Sky_Horizon_Color.uasset" 194
"../../../Engine/Content/EngineSky/C_Sky_Zenith_Color.uasset" 195
"../../../Engine/Content/EngineSky/T_Sky_Blue.uasset" 196
"../../../Engine/Content/EngineSky/T_Sky_Clouds_M.uasset" 197
"../../../Engine/Content/EngineSky/T_Sky_Stars.uasset" 198
"../../../Engine/Content/EngineSky/M_Sky_Panning_Clouds2.uasset" 199
"../../../Engine/Content/EngineSky/SM_SkySphere.uasset" 200
"../../../Engine/Content/EngineSky/BP_Sky_Sphere.uasset" 201
"../../../Zombie_Tower_Defense/Content/ZTD_Blueprint/Maps/MapA_sharedassets/BasaltRock_LayerInfo.uasset" 202
"../../../Zombie_Tower_Defense/Content/ZTD_Blueprint/Maps/MapA_sharedassets/Cobblestone_LayerInfo.uasset" 203
"../../../Zombie_Tower_Defense/Content/ZTD_Blueprint/Maps/MapA_sharedassets/Dirt_LayerInfo.uasset" 204
"../../../Zombie_Tower_Defense/Content/ZTD_Blueprint/Maps/MapA_sharedassets/Granite_LayerInfo.uasset" 205
"../../../Zombie_Tower_Defense/Content/ZTD_Blueprint/Maps/MapA_sharedassets/Grass_LayerInfo.uasset" 206
"../../../Zombie_Tower_Defense/Content/ZTD_Blueprint/Maps/MapA_sharedassets/Gravel_LayerInfo.uasset" 207
"../../../Zombie_Tower_Defense/Content/ZTD_Blueprint/Maps/MapA_sharedassets/Moss_LayerInfo.uasset" 208
"../../../Zombie_Tower_Defense/Content/Assets/Forest_Stuff/Textures/Ground/tex_dirt_diff.uasset" 209
"../../../Zombie_Tower_Defense/Content/Assets/Forest_Stuff/Textures/Ground/tex_dirt_n.uasset" 210
"../../../Zombie_Tower_Defense/Content/Assets/Forest_Stuff/Textures/Ground/tex_grass_diff.uasset" 211
"../../../Zombie_Tower_Defense/Content/Assets/Forest_Stuff/Textures/Ground/tex_grass_n.uasset" 212
"../../../Zombie_Tower_Defense/Content/StarterContent/Textures/T_CobbleStone_Pebble_D.uasset" 213
"../../../Zombie_Tower_Defense/Content/StarterContent/Textures/T_CobbleStone_Pebble_N.uasset" 214
"../../../Zombie_Tower_Defense/Content/StarterContent/Textures/T_Ground_Gravel_D.uasset" 215
"../../../Zombie_Tower_Defense/Content/StarterContent/Textures/T_Ground_Gravel_N.uasset" 216
"../../../Zombie_Tower_Defense/Content/StarterContent/Textures/T_ground_Moss_D.uasset" 217
"../../../Zombie_Tower_Defense/Content/StarterContent/Textures/T_Ground_Moss_N.uasset" 218
"../../../Zombie_Tower_Defense/Content/StarterContent/Textures/T_Rock_Basalt_D.uasset" 219
"../../../Zombie_Tower_Defense/Content/StarterContent/Textures/T_Rock_Basalt_N.uasset" 220
"../../../Zombie_Tower_Defense/Content/StarterContent/Textures/T_Rock_Smooth_Granite_D.uasset" 221
"../../../Zombie_Tower_Defense/Content/StarterContent/Materials/Terr_Mat.uasset" 222
"../../../Engine/Content/EngineMaterials/DefaultPhysicalMaterial.uasset" 223
"../../../Engine/Content/MapTemplates/SM_Template_Map_Floor.uasset" 224
"../../../Engine/Content/ArtTools/RenderToTexture/MaterialFunctions/FlipbookWind.uasset" 225
"../../../Zombie_Tower_Defense/Content/Assets/Forest_Stuff/Textures/Placeholder/tex_diffuse.uasset" 226
"../../../Zombie_Tower_Defense/Content/Assets/Forest_Stuff/Material/Master_Material/M_grass_basic.uasset" 227
"../../../Zombie_Tower_Defense/Content/Assets/Forest_Stuff/Textures/Trees/tex_leaves_diff.uasset" 228
"../../../Zombie_Tower_Defense/Content/Assets/Forest_Stuff/Material/Child_Material/M_bush_basic_Inst.uasset" 229
"../../../Zombie_Tower_Defense/Content/Assets/Forest_Stuff/Meshes/Bush/SM_bush3.uasset" 230
"../../../Zombie_Tower_Defense/Content/Assets/Forest_Stuff/Meshes/Bush/SM_bush5.uasset" 231
"../../../Zombie_Tower_Defense/Content/Assets/Forest_Stuff/Meshes/Bush/SM_bush6.uasset" 232
"../../../Zombie_Tower_Defense/Content/Assets/Forest_Stuff/Textures/Grass_Flower/tex_grass_diff.uasset" 233
"../../../Zombie_Tower_Defense/Content/Assets/Forest_Stuff/Material/Child_Material/M_grass_basic_Inst.uasset" 234
"../../../Zombie_Tower_Defense/Content/Assets/Forest_Stuff/Meshes/Grass/SM_grass4.uasset" 235
"../../../Zombie_Tower_Defense/Content/Assets/Forest_Stuff/Meshes/Grass/SM_grass6.uasset" 236
"../../../Zombie_Tower_Defense/Content/Assets/Forest_Stuff/Meshes/Grass/SM_grass_patch2.uasset" 237
"../../../Zombie_Tower_Defense/Content/Assets/Forest_Stuff/Meshes/Grass/SM_grass_patch4.uasset" 238
"../../../Zombie_Tower_Defense/Content/Assets/Forest_Stuff/Meshes/Grass/SM_grass_patch6.uasset" 239
"../../../Engine/Content/Functions/Engine_MaterialFunctions02/WorldPositionOffset/Wind.uasset" 240
"../../../Zombie_Tower_Defense/Content/Assets/Forest_Stuff/Textures/Placeholder/tex_normal.uasset" 241
"../../../Zombie_Tower_Defense/Content/Assets/Forest_Stuff/Material/Master_Material/M_bark.uasset" 242
"../../../Zombie_Tower_Defense/Content/Assets/Forest_Stuff/Textures/Trees/tex_birchbark_diff.uasset" 243
"../../../Zombie_Tower_Defense/Content/Assets/Forest_Stuff/Textures/Trees/tex_birchbark_n.uasset" 244
"../../../Zombie_Tower_Defense/Content/Assets/Forest_Stuff/Material/Child_Material/M_birchbark_Inst.uasset" 245
"../../../Zombie_Tower_Defense/Content/Assets/Forest_Stuff/Material/Master_Material/M_tree_basic.uasset" 246
"../../../Zombie_Tower_Defense/Content/Assets/Forest_Stuff/Material/Child_Material/M_tree_basic_Inst.uasset" 247
"../../../Zombie_Tower_Defense/Content/Assets/Forest_Stuff/Meshes/Trees/SM_tree10.uasset" 248
"../../../Zombie_Tower_Defense/Content/Assets/Forest_Stuff/Meshes/Trees/SM_tree8.uasset" 249
"../../../Zombie_Tower_Defense/Content/ZTD_Blueprint/Maps/MapA.umap" 250
"../../../Zombie_Tower_Defense/Content/ZTD_Blueprint/Sounds/Music/Music3.uasset" 251
"../../../Zombie_Tower_Defense/Content/Blueprints/Music3.uasset" 252
"../../../Zombie_Tower_Defense/Content/Mannequin/Character/Mesh/UE4_Mannequin_Skeleton.uasset" 253
"../../../Zombie_Tower_Defense/Content/Mannequin/Animations/ThirdPerson_Jump.uasset" 254
"../../../Zombie_Tower_Defense/Content/Mannequin/Animations/ThirdPersonJump_Loop.uasset" 255
"../../../Zombie_Tower_Defense/Content/Mannequin/Animations/ThirdPersonJump_Start.uasset" 256
"../../../Zombie_Tower_Defense/Content/Mannequin/Animations/ThirdPersonIdle.uasset" 257
"../../../Zombie_Tower_Defense/Content/Mannequin/Animations/ThirdPersonRun.uasset" 258
"../../../Zombie_Tower_Defense/Content/Mannequin/Animations/ThirdPersonWalk.uasset" 259
"../../../Zombie_Tower_Defense/Content/Mannequin/Animations/ThirdPerson_IdleRun_2D.uasset" 260
"../../../Zombie_Tower_Defense/Content/Mannequin/Animations/ThirdPerson_AnimBP.uasset" 261
"../../../Engine/Content/BasicShapes/Sphere.uasset" 262
"../../../Zombie_Tower_Defense/Content/ZTD_Blueprint/Normal_Zombie_AI/Target.uasset" 263
"../../../Zombie_Tower_Defense/Content/ZTD_Blueprint/Blueprints/HUD/ZombieHealthbar.uasset" 264
"../../../Zombie_Tower_Defense/Content/Assets/Building_Asset_set_1/building03_c.uasset" 265
"../../../Zombie_Tower_Defense/Content/Assets/Building_Asset_set_1/06_-_Default.uasset" 266
"../../../Engine/Content/Functions/Engine_MaterialFunctions02/Utility/BlendAngleCorrectedNormals.uasset" 267
"../../../Engine/Content/Functions/MaterialLayerFunctions/MatLayerBlend_NormalBlend.uasset" 268
"../../../Engine/Content/Functions/MaterialLayerFunctions/MatLayerBlend_Simple.uasset" 269
"../../../Zombie_Tower_Defense/Content/Mannequin/Character/Materials/MaterialLayers/T_ML_Rubber_Blue_01_D.uasset" 270
"../../../Zombie_Tower_Defense/Content/Mannequin/Character/Materials/MaterialLayers/T_ML_Rubber_Blue_01_N.uasset" 271
"../../../Zombie_Tower_Defense/Content/Mannequin/Character/Materials/MaterialLayers/ML_GlossyBlack_Latex_UE4.uasset" 272
"../../../Zombie_Tower_Defense/Content/Mannequin/Character/Materials/MaterialLayers/ML_Plastic_Shiny_Beige.uasset" 273
"../../../Zombie_Tower_Defense/Content/Mannequin/Character/Textures/UE4_LOGO_CARD.uasset" 274
"../../../Zombie_Tower_Defense/Content/Mannequin/Character/Materials/MaterialLayers/ML_Plastic_Shiny_Beige_LOGO.uasset" 275
"../../../Zombie_Tower_Defense/Content/Mannequin/Character/Materials/MaterialLayers/T_ML_Aluminum01.uasset" 276
"../../../Zombie_Tower_Defense/Content/Mannequin/Character/Materials/MaterialLayers/T_ML_Aluminum01_N.uasset" 277
"../../../Zombie_Tower_Defense/Content/Mannequin/Character/Materials/MaterialLayers/ML_SoftMetal_UE4.uasset" 278
"../../../Zombie_Tower_Defense/Content/Mannequin/Character/Textures/UE4_Mannequin__normals.uasset" 279
"../../../Zombie_Tower_Defense/Content/Mannequin/Character/Textures/UE4_Mannequin_MAT_MASKA.uasset" 280
"../../../Zombie_Tower_Defense/Content/Mannequin/Character/Materials/M_UE4Man_Body.uasset" 281
"../../../Zombie_Tower_Defense/Content/Mannequin/Character/Textures/UE4Man_Logo_N.uasset" 282
"../../../Zombie_Tower_Defense/Content/Mannequin/Character/Materials/M_UE4Man_ChestLogo.uasset" 283
"../../../Zombie_Tower_Defense/Content/Mannequin/Character/Mesh/SK_Mannequin_PhysicsAsset.uasset" 284
"../../../Zombie_Tower_Defense/Content/Mannequin/Character/Mesh/SK_Mannequin.uasset" 285
"../../../Zombie_Tower_Defense/Content/ZTD_Blueprint/Normal_Zombie_AI/Zombie_Character.uasset" 286
"../../../Zombie_Tower_Defense/Content/StarterContent/Textures/T_Burst_M.uasset" 287
"../../../Zombie_Tower_Defense/Content/StarterContent/Particles/Materials/M_Burst.uasset" 288
"../../../Zombie_Tower_Defense/Content/StarterContent/Textures/T_Explosion_SubUV.uasset" 289
"../../../Zombie_Tower_Defense/Content/StarterContent/Particles/Materials/M_explosion_subUV.uasset" 290
"../../../Zombie_Tower_Defense/Content/StarterContent/Particles/Materials/m_flare_01.uasset" 291
"../../../Zombie_Tower_Defense/Content/StarterContent/Particles/Materials/M_radial_ramp.uasset" 292
"../../../Zombie_Tower_Defense/Content/StarterContent/Textures/T_Smoke_SubUV.uasset" 293
"../../../Zombie_Tower_Defense/Content/StarterContent/Textures/T_Smoke_Tiled_D.uasset" 294
"../../../Zombie_Tower_Defense/Content/StarterContent/Particles/Materials/M_smoke_subUV.uasset" 295
"../../../Zombie_Tower_Defense/Content/StarterContent/Particles/P_Explosion.uasset" 296
"../../../Zombie_Tower_Defense/Content/ZTD_Blueprint/Sounds/GRENADE_EXPL.uasset" 297
"../../../Zombie_Tower_Defense/Content/ZTD_Blueprint/Sounds/Grenade_launch.uasset" 298
"../../../Zombie_Tower_Defense/Content/ZTD_Blueprint/Blueprints/GrenadeTower/Grenade.uasset" 299
"../../../Zombie_Tower_Defense/Content/ZTD_Blueprint/Materials/Tower.uasset" 300
"../../../Zombie_Tower_Defense/Content/ZTD_Blueprint/Materials/TowerTransparent.uasset" 301
"../../../Zombie_Tower_Defense/Content/ZTD_Blueprint/Blueprints/RifleTower/Tower1_Base.uasset" 302
"../../../Zombie_Tower_Defense/Content/ZTD_Blueprint/Blueprints/RifleTower/Tower1_Gun.uasset" 303
"../../../Zombie_Tower_Defense/Content/ZTD_Blueprint/Blueprints/GrenadeTower/GrenadeTower.uasset" 304
"../../../Zombie_Tower_Defense/Content/ZTD_Blueprint/Sounds/GUN2.uasset" 305
"../../../Zombie_Tower_Defense/Content/ZTD_Blueprint/Blueprints/RifleTower/TowerProjectile.uasset" 306
"../../../Zombie_Tower_Defense/Content/ZTD_Blueprint/Blueprints/RifleTower/RifleTower.uasset" 307
"../../../Zombie_Tower_Defense/Content/ZTD_Blueprint/Sounds/SNIPER2.uasset" 308
"../../../Zombie_Tower_Defense/Content/ZTD_Blueprint/Blueprints/SniperTower/Sniper_Projectile.uasset" 309
"../../../Zombie_Tower_Defense/Content/ZTD_Blueprint/Blueprints/SniperTower/Tower1_Base.uasset" 310
"../../../Zombie_Tower_Defense/Content/ZTD_Blueprint/Blueprints/SniperTower/Tower1_Gun.uasset" 311
"../../../Zombie_Tower_Defense/Content/ZTD_Blueprint/Blueprints/SniperTower/SniperTower.uasset" 312
"../../../Engine/Content/BasicShapes/Cylinder.uasset" 313
"../../../Zombie_Tower_Defense/Content/StarterContent/Materials/M_Basic_Wall.uasset" 314
"../../../Zombie_Tower_Defense/Content/StarterContent/Shapes/Shape_Torus.uasset" 315
"../../../Zombie_Tower_Defense/Content/StarterContent/Shapes/Shape_TriPyramid.uasset" 316
"../../../Zombie_Tower_Defense/Content/ZTD_Blueprint/Blueprints/Tower_FT.uasset" 317
"../../../Zombie_Tower_Defense/Content/StarterContent/Textures/T_MacroVariation.uasset" 318
"../../../Zombie_Tower_Defense/Content/StarterContent/Materials/M_Metal_Brushed_Nickel.uasset" 319
"../../../Zombie_Tower_Defense/Content/Geometry/Meshes/CubeMaterial.uasset" 320
"../../../Zombie_Tower_Defense/Content/Geometry/Meshes/1M_Cube.uasset" 321
"../../../Zombie_Tower_Defense/Content/ZTD_Blueprint/Blueprints/Tower_Tile.uasset" 322
"../../../Zombie_Tower_Defense/Content/ZTD_Blueprint/Materials/Bullet.uasset" 323
"../../../Zombie_Tower_Defense/Content/StarterContent/Props/MaterialSphere.uasset" 324
"../../../Zombie_Tower_Defense/Content/ZTD_Blueprint/Sounds/MGUN.uasset" 325
"../../../Zombie_Tower_Defense/Content/ZTD_Blueprint/Sounds/PISTOL.uasset" 326
"../../../Zombie_Tower_Defense/Content/ZTD_Blueprint/Sounds/SNIPER.uasset" 327
"../../../Zombie_Tower_Defense/Content/ZTD_Blueprint/Sounds/Zombie/Zombie_Gets_Attacked-SoundBible_com-20348330.uasset" 328
"../../../Zombie_Tower_Defense/Content/ZTD_Blueprint/Blueprints/Projectile.uasset" 329
"../../../Zombie_Tower_Defense/Content/Menu_Graphics/button1_c.uasset" 330
"../../../Zombie_Tower_Defense/Content/Menu_Graphics/button2_c.uasset" 331
"../../../Zombie_Tower_Defense/Content/Menu_Graphics/button3_c.uasset" 332
"../../../Zombie_Tower_Defense/Content/Menu_Graphics/surebox.uasset" 333
"../../../Zombie_Tower_Defense/Content/ZTD_Blueprint/Sounds/CLICK.uasset" 334
"../../../Zombie_Tower_Defense/Content/ZTD_Blueprint/Blueprints/Game_UI/Pause_quit.uasset" 335
"../../../Zombie_Tower_Defense/Content/Menu_Graphics/button1.uasset" 336
"../../../Zombie_Tower_Defense/Content/Menu_Graphics/button2.uasset" 337
"../../../Zombie_Tower_Defense/Content/Menu_Graphics/button3.uasset" 338
"../../../Zombie_Tower_Defense/Content/Menu_Graphics/optionsbackground.uasset" 339
"../../../Zombie_Tower_Defense/Content/ZTD_Blueprint/Blueprints/Menu/OptionsMenu.uasset" 340
"../../../Zombie_Tower_Defense/Content/ZTD_Blueprint/Blueprints/Game_UI/Pause_menu.uasset" 341
"../../../Zombie_Tower_Defense/Content/Menu_Graphics/towermenu1.uasset" 342
"../../../Zombie_Tower_Defense/Content/Menu_Graphics/wavemenu.uasset" 343
"../../../Zombie_Tower_Defense/Content/ZTD_Blueprint/Blueprints/Game_UI/Gameover_back.uasset" 344
"../../../Zombie_Tower_Defense/Content/ZTD_Blueprint/Blueprints/Game_UI/Victory_back.uasset" 345
"../../../Zombie_Tower_Defense/Content/ZTD_Blueprint/Blueprints/HUD/Ingame_UI.uasset" 346
"../../../Zombie_Tower_Defense/Content/ZTD_Blueprint/Sounds/RELOAD.uasset" 347
"../../../Zombie_Tower_Defense/Content/ZTD_Blueprint/Blueprints/Player_Controller.uasset" 348
"../../../Zombie_Tower_Defense/Content/ZTD_Blueprint/Blueprints/Player_Character.uasset" 349
"../../../Zombie_Tower_Defense/Content/ZTD_Blueprint/Blueprints/ZTD_GameMode.uasset" 350
"../../../Zombie_Tower_Defense/Content/ZTD_Blueprint/Blueprints/Protomap_sharedassets/Basalt_Rock_LayerInfo.uasset" 351
"../../../Zombie_Tower_Defense/Content/ZTD_Blueprint/Blueprints/Protomap_sharedassets/Cobblestone_LayerInfo.uasset" 352
"../../../Zombie_Tower_Defense/Content/ZTD_Blueprint/Blueprints/Protomap_sharedassets/Dirt_LayerInfo.uasset" 353
"../../../Zombie_Tower_Defense/Content/ZTD_Blueprint/Blueprints/Protomap_sharedassets/Granite_LayerInfo.uasset" 354
"../../../Zombie_Tower_Defense/Content/ZTD_Blueprint/Blueprints/Protomap_sharedassets/Grass_LayerInfo.uasset" 355
"../../../Zombie_Tower_Defense/Content/ZTD_Blueprint/Blueprints/Protomap_sharedassets/Gravel_LayerInfo.uasset" 356
"../../../Zombie_Tower_Defense/Content/ZTD_Blueprint/Blueprints/Protomap_sharedassets/Moss_LayerInfo.uasset" 357
"../../../Zombie_Tower_Defense/Content/Assets/Forest_Stuff/Meshes/Bush/SM_bush1.uasset" 358
"../../../Zombie_Tower_Defense/Content/Assets/Forest_Stuff/Meshes/Bush/SM_bush4.uasset" 359
"../../../Zombie_Tower_Defense/Content/Assets/Forest_Stuff/Textures/Grass_Flower/tex_flower_red_diff.uasset" 360
"../../../Zombie_Tower_Defense/Content/Assets/Forest_Stuff/Material/Child_Material/M_flower_basic_red_Inst.uasset" 361
"../../../Zombie_Tower_Defense/Content/Assets/Forest_Stuff/Meshes/Field/SM_grass_flower_patch2.uasset" 362
"../../../Zombie_Tower_Defense/Content/Assets/Forest_Stuff/Meshes/Field/SM_grass_flower_patch3.uasset" 363
"../../../Zombie_Tower_Defense/Content/Assets/Forest_Stuff/Meshes/Grass/SM_grass_patch3.uasset" 364
"../../../Zombie_Tower_Defense/Content/Assets/Forest_Stuff/Meshes/Trees/SM_tree3.uasset" 365
"../../../Zombie_Tower_Defense/Content/Assets/Forest_Stuff/Meshes/Trees/SM_tree5.uasset" 366
"../../../Zombie_Tower_Defense/Content/ZTD_Blueprint/Maps/MapB.umap" 367
"../../../Zombie_Tower_Defense/Content/ZTD_Blueprint/Maps/MapC_sharedassets/BasaltRock_LayerInfo.uasset" 368
"../../../Zombie_Tower_Defense/Content/ZTD_Blueprint/Maps/MapC_sharedassets/Cobblestone_LayerInfo.uasset" 369
"../../../Zombie_Tower_Defense/Content/ZTD_Blueprint/Maps/MapC_sharedassets/Dirt_LayerInfo.uasset" 370
"../../../Zombie_Tower_Defense/Content/ZTD_Blueprint/Maps/MapC_sharedassets/Granite_LayerInfo.uasset" 371
"../../../Zombie_Tower_Defense/Content/ZTD_Blueprint/Maps/MapC_sharedassets/Grass_LayerInfo.uasset" 372
"../../../Zombie_Tower_Defense/Content/ZTD_Blueprint/Maps/MapC_sharedassets/Gravel_LayerInfo.uasset" 373
"../../../Zombie_Tower_Defense/Content/ZTD_Blueprint/Maps/MapC_sharedassets/Moss_LayerInfo.uasset" 374
"../../../Zombie_Tower_Defense/Content/Assets/Building_Asset_set_1/Building_V02_C.uasset" 375
"../../../Zombie_Tower_Defense/Content/Assets/Building_Asset_set_1/Building_dnt.uasset" 376
"../../../Zombie_Tower_Defense/Content/Assets/Building_Asset_set_1/Street_environment_V01_City_building_001.uasset" 377
"../../../Zombie_Tower_Defense/Content/Assets/Building_Asset_set_1/Street_environment_V01_City_building_004.uasset" 378
"../../../Zombie_Tower_Defense/Content/Assets/Building_Asset_set_1/building_01_c.uasset" 379
"../../../Zombie_Tower_Defense/Content/Assets/Building_Asset_set_1/orig_orig_orig_17_-_Default.uasset" 380
"../../../Zombie_Tower_Defense/Content/Assets/Building_Asset_set_1/Street_environment_V01_City_building_010.uasset" 381
"../../../Zombie_Tower_Defense/Content/Assets/Building_Asset_set_1/building_06__c.uasset" 382
"../../../Zombie_Tower_Defense/Content/Assets/Building_Asset_set_1/3db___building_06.uasset" 383
"../../../Zombie_Tower_Defense/Content/Assets/Building_Asset_set_1/Street_environment_V01_City_building_013.uasset" 384
"../../../Zombie_Tower_Defense/Content/Assets/Building_Asset_set_1/Street_environment_V01_City_building_014.uasset" 385
"../../../Zombie_Tower_Defense/Content/Assets/Building_Asset_set_1/Street_environment_V01_City_building_016.uasset" 386
"../../../Zombie_Tower_Defense/Content/Assets/Building_Asset_set_1/building05__c.uasset" 387
"../../../Zombie_Tower_Defense/Content/Assets/Building_Asset_set_1/09_-_Default.uasset" 388
"../../../Zombie_Tower_Defense/Content/Assets/Building_Asset_set_1/Street_environment_V01_City_building_022.uasset" 389
"../../../Zombie_Tower_Defense/Content/Assets/Building_Asset_set_1/Street_environment_V01_City_building_033.uasset" 390
"../../../Zombie_Tower_Defense/Content/Assets/Building_Asset_set_1/Street_environment_V01_City_building_034.uasset" 391
"../../../Zombie_Tower_Defense/Content/Assets/Building_Asset_set_1/Building_V01_C.uasset" 392
"../../../Zombie_Tower_Defense/Content/Assets/Building_Asset_set_1/Material__0.uasset" 393
"../../../Zombie_Tower_Defense/Content/Assets/Building_Asset_set_1/Street_environment_V01_City_building_035.uasset" 394
"../../../Zombie_Tower_Defense/Content/Assets/Building_Asset_set_1/Street_environment_V01_City_building_036.uasset" 395
"../../../Zombie_Tower_Defense/Content/Assets/Building_Asset_set_1/Street_environment_V01_City_building_037.uasset" 396
"../../../Zombie_Tower_Defense/Content/Assets/Building_Asset_set_1/Street_environment_V01_City_building_038.uasset" 397
"../../../Zombie_Tower_Defense/Content/Assets/Forest_Stuff/Meshes/Bush/SM_bush2.uasset" 398
"../../../Zombie_Tower_Defense/Content/Assets/Forest_Stuff/Meshes/Grass/SM_grass_patch5.uasset" 399
"../../../Zombie_Tower_Defense/Content/Assets/PowerLine/Mat.uasset" 400
"../../../Zombie_Tower_Defense/Content/Assets/PowerLine/Mat_1.uasset" 401
"../../../Zombie_Tower_Defense/Content/Assets/PowerLine/Mat_2.uasset" 402
"../../../Zombie_Tower_Defense/Content/Assets/PowerLine/powerline.uasset" 403
"../../../Zombie_Tower_Defense/Content/Assets/RoadAssets/ConcreteTexture.uasset" 404
"../../../Zombie_Tower_Defense/Content/Assets/RoadAssets/Material__111.uasset" 405
"../../../Zombie_Tower_Defense/Content/Assets/RoadAssets/Material__124.uasset" 406
"../../../Zombie_Tower_Defense/Content/Assets/RoadAssets/Curb.uasset" 407
"../../../Zombie_Tower_Defense/Content/Assets/RoadAssets/Material__137.uasset" 408
"../../../Zombie_Tower_Defense/Content/Assets/RoadAssets/Material__150.uasset" 409
"../../../Zombie_Tower_Defense/Content/Assets/RoadAssets/2Lanes.uasset" 410
"../../../Zombie_Tower_Defense/Content/Assets/RoadAssets/Material__47.uasset" 411
"../../../Zombie_Tower_Defense/Content/Assets/RoadAssets/Material__48.uasset" 412
"../../../Zombie_Tower_Defense/Content/Assets/RoadAssets/Material__59.uasset" 413
"../../../Zombie_Tower_Defense/Content/Assets/RoadAssets/Material__72.uasset" 414
"../../../Zombie_Tower_Defense/Content/Assets/RoadAssets/Material__85.uasset" 415
"../../../Zombie_Tower_Defense/Content/Assets/RoadAssets/Material__98.uasset" 416
"../../../Zombie_Tower_Defense/Content/Assets/RoadAssets/FreeRoadSet_2Lanes.uasset" 417
"../../../Zombie_Tower_Defense/Content/Assets/RoadAssets/StopLine.uasset" 418
"../../../Zombie_Tower_Defense/Content/Assets/RoadAssets/Material__271.uasset" 419
"../../../Zombie_Tower_Defense/Content/Assets/RoadAssets/EmptyTexture.uasset" 420
"../../../Zombie_Tower_Defense/Content/Assets/RoadAssets/Material__283.uasset" 421
"../../../Zombie_Tower_Defense/Content/Assets/RoadAssets/Material__295.uasset" 422
"../../../Zombie_Tower_Defense/Content/Assets/RoadAssets/Material__307.uasset" 423
"../../../Zombie_Tower_Defense/Content/Assets/RoadAssets/Material__333.uasset" 424
"../../../Zombie_Tower_Defense/Content/Assets/RoadAssets/Material__359.uasset" 425
"../../../Zombie_Tower_Defense/Content/Assets/RoadAssets/Material__372.uasset" 426
"../../../Zombie_Tower_Defense/Content/Assets/RoadAssets/Material__385.uasset" 427
"../../../Zombie_Tower_Defense/Content/Assets/RoadAssets/Material__399.uasset" 428
"../../../Zombie_Tower_Defense/Content/Assets/RoadAssets/Material__414.uasset" 429
"../../../Zombie_Tower_Defense/Content/Assets/RoadAssets/FreeRoadSet_2LanesTIntersection.uasset" 430
"../../../Zombie_Tower_Defense/Content/Assets/RoadAssets/FreeRoadSet_2LanesXIntersection.uasset" 431
"../../../Zombie_Tower_Defense/Content/Assets/StreetLight/Color_000.uasset" 432
"../../../Zombie_Tower_Defense/Content/Assets/StreetLight/Color_001.uasset" 433
"../../../Zombie_Tower_Defense/Content/Assets/StreetLight/Metal_Aluminum_Anodized.uasset" 434
"../../../Zombie_Tower_Defense/Content/Assets/StreetLight/Translucent_Glass_Gray.uasset" 435
"../../../Zombie_Tower_Defense/Content/Assets/StreetLight/3d-model.uasset" 436
"../../../Zombie_Tower_Defense/Content/Assets/TrafficLightAsset/6_BaseColor.uasset" 437
"../../../Zombie_Tower_Defense/Content/Assets/TrafficLightAsset/phong10.uasset" 438
"../../../Zombie_Tower_Defense/Content/Assets/TrafficLightAsset/7_BaseColor.uasset" 439
"../../../Zombie_Tower_Defense/Content/Assets/TrafficLightAsset/phong11.uasset" 440
"../../../Zombie_Tower_Defense/Content/Assets/TrafficLightAsset/8_BaseColor.uasset" 441
"../../../Zombie_Tower_Defense/Content/Assets/TrafficLightAsset/phong12.uasset" 442
"../../../Zombie_Tower_Defense/Content/Assets/TrafficLightAsset/8_1_BaseColor.uasset" 443
"../../../Zombie_Tower_Defense/Content/Assets/TrafficLightAsset/phong13.uasset" 444
"../../../Zombie_Tower_Defense/Content/Assets/TrafficLightAsset/8_3_BaseColor.uasset" 445
"../../../Zombie_Tower_Defense/Content/Assets/TrafficLightAsset/phong14.uasset" 446
"../../../Zombie_Tower_Defense/Content/Assets/TrafficLightAsset/9_BaseColor.uasset" 447
"../../../Zombie_Tower_Defense/Content/Assets/TrafficLightAsset/phong15.uasset" 448
"../../../Zombie_Tower_Defense/Content/Assets/TrafficLightAsset/10_BaseColor.uasset" 449
"../../../Zombie_Tower_Defense/Content/Assets/TrafficLightAsset/phong16.uasset" 450
"../../../Zombie_Tower_Defense/Content/Assets/TrafficLightAsset/phong17.uasset" 451
"../../../Zombie_Tower_Defense/Content/Assets/TrafficLightAsset/11_1_BaseColor.uasset" 452
"../../../Zombie_Tower_Defense/Content/Assets/TrafficLightAsset/phong18.uasset" 453
"../../../Zombie_Tower_Defense/Content/Assets/TrafficLightAsset/2_1_BaseColor.uasset" 454
"../../../Zombie_Tower_Defense/Content/Assets/TrafficLightAsset/phong2.uasset" 455
"../../../Zombie_Tower_Defense/Content/Assets/TrafficLightAsset/11_2_BaseColor.uasset" 456
"../../../Zombie_Tower_Defense/Content/Assets/TrafficLightAsset/phong20.uasset" 457
"../../../Zombie_Tower_Defense/Content/Assets/TrafficLightAsset/14_BaseColor.uasset" 458
"../../../Zombie_Tower_Defense/Content/Assets/TrafficLightAsset/phong21.uasset" 459
"../../../Zombie_Tower_Defense/Content/Assets/TrafficLightAsset/3_BaseColor.uasset" 460
"../../../Zombie_Tower_Defense/Content/Assets/TrafficLightAsset/phong4.uasset" 461
"../../../Zombie_Tower_Defense/Content/Assets/TrafficLightAsset/1_BaseColor.uasset" 462
"../../../Zombie_Tower_Defense/Content/Assets/TrafficLightAsset/phong5.uasset" 463
"../../../Zombie_Tower_Defense/Content/Assets/TrafficLightAsset/4_BaseColor.uasset" 464
"../../../Zombie_Tower_Defense/Content/Assets/TrafficLightAsset/phong6.uasset" 465
"../../../Zombie_Tower_Defense/Content/Assets/TrafficLightAsset/5_1_BaseColor.uasset" 466
"../../../Zombie_Tower_Defense/Content/Assets/TrafficLightAsset/phong7.uasset" 467
"../../../Zombie_Tower_Defense/Content/Assets/TrafficLightAsset/5_2_BaseColor.uasset" 468
"../../../Zombie_Tower_Defense/Content/Assets/TrafficLightAsset/phong8.uasset" 469
"../../../Zombie_Tower_Defense/Content/Assets/TrafficLightAsset/5_3_BaseColor.uasset" 470
"../../../Zombie_Tower_Defense/Content/Assets/TrafficLightAsset/phong9.uasset" 471
"../../../Zombie_Tower_Defense/Content/Assets/TrafficLightAsset/trafficlight.uasset" 472
"../../../Zombie_Tower_Defense/Content/ZTD_Blueprint/Maps/MapC_U_F.umap" 473
"../../../Zombie_Tower_Defense/Content/ZTD_Blueprint/Blueprints/ZTD_MainMenu_Mode.uasset" 474
"../../../Zombie_Tower_Defense/Content/Menu_Graphics/MenuBackground.uasset" 475
"../../../Zombie_Tower_Defense/Content/Menu_Graphics/map1_1.uasset" 476
"../../../Zombie_Tower_Defense/Content/Menu_Graphics/map1_2.uasset" 477
"../../../Zombie_Tower_Defense/Content/Menu_Graphics/map1_3.uasset" 478
"../../../Zombie_Tower_Defense/Content/Menu_Graphics/map2_1.uasset" 479
"../../../Zombie_Tower_Defense/Content/Menu_Graphics/map2_2.uasset" 480
"../../../Zombie_Tower_Defense/Content/Menu_Graphics/map2_3.uasset" 481
"../../../Zombie_Tower_Defense/Content/Menu_Graphics/map3_1.uasset" 482
"../../../Zombie_Tower_Defense/Content/Menu_Graphics/map3_2.uasset" 483
"../../../Zombie_Tower_Defense/Content/Menu_Graphics/map3_3.uasset" 484
"../../../Zombie_Tower_Defense/Content/Menu_Graphics/MapBackground.uasset" 485
"../../../Zombie_Tower_Defense/Content/ZTD_Blueprint/Blueprints/Menu/MapSelect.uasset" 486
"../../../Zombie_Tower_Defense/Content/ZTD_Blueprint/Blueprints/Menu/MainMenu.uasset" 487
"../../../Zombie_Tower_Defense/Content/ZTD_Blueprint/Maps/Menu_Main.umap" 488
"../../../Engine/Content/Maps/Entry.umap" 489
