Log file open, 04/02/17 08:29:05
LogInit:Display: Running engine for game: Zombie_Tower_Defense
LogPlatformFile: Not using cached read wrapper
LogInit:Display: RandInit(-2022360395) SRandInit(-2022360395).
LogTaskGraph: Started task graph with 5 named threads and 6 total threads with 1 sets of task threads.
LogStats: Stats thread started at 0.052809
LogPluginManager: Loaded Plugin Paper2D, From E:/2016 Install/UE_4.14/Engine/Plugins/2D/Paper2D/Paper2D.uplugin
LogPluginManager: Loaded Plugin LightPropagationVolume, From E:/2016 Install/UE_4.14/Engine/Plugins/Blendables/LightPropagationVolume/LightPropagationVolume.uplugin
LogPluginManager: Loaded Plugin BlankPlugin, From E:/2016 Install/UE_4.14/Engine/Plugins/Developer/BlankPlugin/BlankPlugin.uplugin
LogPluginManager: Loaded Plugin CodeLiteSourceCodeAccess, From E:/2016 Install/UE_4.14/Engine/Plugins/Developer/CodeLiteSourceCodeAccess/CodeLiteSourceCodeAccess.uplugin
LogPluginManager: Loaded Plugin GitSourceControl, From E:/2016 Install/UE_4.14/Engine/Plugins/Developer/GitSourceControl/GitSourceControl.uplugin
LogPluginManager: Loaded Plugin KDevelopSourceCodeAccess, From E:/2016 Install/UE_4.14/Engine/Plugins/Developer/KDevelopSourceCodeAccess/KDevelopSourceCodeAccess.uplugin
LogPluginManager: Loaded Plugin NullSourceCodeAccess, From E:/2016 Install/UE_4.14/Engine/Plugins/Developer/NullSourceCodeAccess/NullSourceCodeAccess.uplugin
LogPluginManager: Loaded Plugin OneSkyLocalizationService, From E:/2016 Install/UE_4.14/Engine/Plugins/Developer/OneSkyLocalizationService/OneSkyLocalizationService.uplugin
LogPluginManager: Loaded Plugin PerforceSourceControl, From E:/2016 Install/UE_4.14/Engine/Plugins/Developer/PerforceSourceControl/PerforceSourceControl.uplugin
LogPluginManager: Loaded Plugin SubversionSourceControl, From E:/2016 Install/UE_4.14/Engine/Plugins/Developer/SubversionSourceControl/SubversionSourceControl.uplugin
LogPluginManager: Loaded Plugin UObjectPlugin, From E:/2016 Install/UE_4.14/Engine/Plugins/Developer/UObjectPlugin/UObjectPlugin.uplugin
LogPluginManager: Loaded Plugin VisualStudioSourceCodeAccess, From E:/2016 Install/UE_4.14/Engine/Plugins/Developer/VisualStudioSourceCodeAccess/VisualStudioSourceCodeAccess.uplugin
LogPluginManager: Loaded Plugin XCodeSourceCodeAccess, From E:/2016 Install/UE_4.14/Engine/Plugins/Developer/XCodeSourceCodeAccess/XCodeSourceCodeAccess.uplugin
LogPluginManager: Loaded Plugin AudioCapture, From E:/2016 Install/UE_4.14/Engine/Plugins/Editor/AudioCapture/AudioCapture.uplugin
LogPluginManager: Loaded Plugin EpicSurvey, From E:/2016 Install/UE_4.14/Engine/Plugins/Editor/EpicSurvey/EpicSurvey.uplugin
LogPluginManager: Loaded Plugin MacGraphicsSwitching, From E:/2016 Install/UE_4.14/Engine/Plugins/Editor/MacGraphicsSwitching/MacGraphicsSwitching.uplugin
LogPluginManager: Loaded Plugin MobileLauncherProfileWizard, From E:/2016 Install/UE_4.14/Engine/Plugins/Editor/MobileLauncherProfileWizard/MobileLauncherProfileWizard.uplugin
LogPluginManager: Loaded Plugin PluginBrowser, From E:/2016 Install/UE_4.14/Engine/Plugins/Editor/PluginBrowser/PluginBrowser.uplugin
LogPluginManager: Loaded Plugin SpeedTreeImporter, From E:/2016 Install/UE_4.14/Engine/Plugins/Editor/SpeedTreeImporter/SpeedTreeImporter.uplugin
LogPluginManager: Loaded Plugin SuperSearchEditor, From E:/2016 Install/UE_4.14/Engine/Plugins/Editor/SuperSearchEditor/SuperSearchEditor.uplugin
LogPluginManager: Loaded Plugin AlembicImporter, From E:/2016 Install/UE_4.14/Engine/Plugins/Experimental/AlembicImporter/AlembicImporter.uplugin
LogPluginManager: Loaded Plugin BlueprintStats, From E:/2016 Install/UE_4.14/Engine/Plugins/Experimental/BlueprintStats/BlueprintStats.uplugin
LogPluginManager: Loaded Plugin CharacterAI, From E:/2016 Install/UE_4.14/Engine/Plugins/Experimental/CharacterAI/CharacterAI.uplugin
LogPluginManager: Loaded Plugin CodeEditor, From E:/2016 Install/UE_4.14/Engine/Plugins/Experimental/CodeEditor/CodeEditor.uplugin
LogPluginManager: Loaded Plugin CodeView, From E:/2016 Install/UE_4.14/Engine/Plugins/Experimental/CodeView/CodeView.uplugin
LogPluginManager: Loaded Plugin HTML5Networking, From E:/2016 Install/UE_4.14/Engine/Plugins/Experimental/HTML5Networking/HTML5Networking.uplugin
LogPluginManager: Loaded Plugin OSVR, From E:/2016 Install/UE_4.14/Engine/Plugins/Experimental/OSVR/OSVR.uplugin
LogPluginManager: Loaded Plugin Phya, From E:/2016 Install/UE_4.14/Engine/Plugins/Experimental/Phya/Phya.uplugin
LogPluginManager: Loaded Plugin SignificanceManager, From E:/2016 Install/UE_4.14/Engine/Plugins/Experimental/SignificanceManager/SignificanceManager.uplugin
LogPluginManager: Loaded Plugin SimpleHMD, From E:/2016 Install/UE_4.14/Engine/Plugins/Experimental/SimpleHMD/SimpleHMD.uplugin
LogPluginManager: Loaded Plugin StereoPanorama, From E:/2016 Install/UE_4.14/Engine/Plugins/Experimental/StereoPanorama/StereoPanorama.uplugin
LogPluginManager: Loaded Plugin StructBox, From E:/2016 Install/UE_4.14/Engine/Plugins/Experimental/StructBox/StructBox.uplugin
LogPluginManager: Loaded Plugin AndroidMedia, From E:/2016 Install/UE_4.14/Engine/Plugins/Media/AndroidMedia/AndroidMedia.uplugin
LogPluginManager: Loaded Plugin AvfMedia, From E:/2016 Install/UE_4.14/Engine/Plugins/Media/AvfMedia/AvfMedia.uplugin
LogPluginManager: Loaded Plugin MediaPlayerEditor, From E:/2016 Install/UE_4.14/Engine/Plugins/Media/MediaPlayerEditor/MediaPlayerEditor.uplugin
LogPluginManager: Loaded Plugin WmfMedia, From E:/2016 Install/UE_4.14/Engine/Plugins/Media/WmfMedia/WmfMedia.uplugin
LogPluginManager: Loaded Plugin MessagingDebugger, From E:/2016 Install/UE_4.14/Engine/Plugins/Messaging/MessagingDebugger/MessagingDebugger.uplugin
LogPluginManager: Loaded Plugin TcpMessaging, From E:/2016 Install/UE_4.14/Engine/Plugins/Messaging/TcpMessaging/TcpMessaging.uplugin
LogPluginManager: Loaded Plugin UdpMessaging, From E:/2016 Install/UE_4.14/Engine/Plugins/Messaging/UdpMessaging/UdpMessaging.uplugin
LogPluginManager: Loaded Plugin LevelSequenceEditor, From E:/2016 Install/UE_4.14/Engine/Plugins/MovieScene/LevelSequenceEditor/LevelSequenceEditor.uplugin
LogPluginManager: Loaded Plugin MatineeToLevelSequence, From E:/2016 Install/UE_4.14/Engine/Plugins/MovieScene/MatineeToLevelSequence/MatineeToLevelSequence.uplugin
LogPluginManager: Loaded Plugin NetcodeUnitTest, From E:/2016 Install/UE_4.14/Engine/Plugins/NetcodeUnitTest/NetcodeUnitTest/NetcodeUnitTest.uplugin
LogPluginManager: Loaded Plugin NUTUnrealEngine4, From E:/2016 Install/UE_4.14/Engine/Plugins/NetcodeUnitTest/NUTUnrealEngine4/NUTUnrealEngine4.uplugin
LogPluginManager: Loaded Plugin OnlineSubsystemGameCircle, From E:/2016 Install/UE_4.14/Engine/Plugins/Online/Android/OnlineSubsystemGameCircle/OnlineSubsystemGameCircle.uplugin
LogPluginManager: Loaded Plugin OnlineSubsystemGooglePlay, From E:/2016 Install/UE_4.14/Engine/Plugins/Online/Android/OnlineSubsystemGooglePlay/OnlineSubsystemGooglePlay.uplugin
LogPluginManager: Loaded Plugin OnlineSubsystemIOS, From E:/2016 Install/UE_4.14/Engine/Plugins/Online/IOS/OnlineSubsystemIOS/OnlineSubsystemIOS.uplugin
LogPluginManager: Loaded Plugin OnlineFramework, From E:/2016 Install/UE_4.14/Engine/Plugins/Online/OnlineFramework/OnlineFramework.uplugin
LogPluginManager: Loaded Plugin OnlineSubsystem, From E:/2016 Install/UE_4.14/Engine/Plugins/Online/OnlineSubsystem/OnlineSubsystem.uplugin
LogPluginManager: Loaded Plugin OnlineSubsystemAmazon, From E:/2016 Install/UE_4.14/Engine/Plugins/Online/OnlineSubsystemAmazon/OnlineSubsystemAmazon.uplugin
LogPluginManager: Loaded Plugin OnlineSubsystemFacebook, From E:/2016 Install/UE_4.14/Engine/Plugins/Online/OnlineSubsystemFacebook/OnlineSubsystemFacebook.uplugin
LogPluginManager: Loaded Plugin OnlineSubsystemNull, From E:/2016 Install/UE_4.14/Engine/Plugins/Online/OnlineSubsystemNull/OnlineSubsystemNull.uplugin
LogPluginManager: Loaded Plugin OnlineSubsystemOculus, From E:/2016 Install/UE_4.14/Engine/Plugins/Online/OnlineSubsystemOculus/OnlineSubsystemOculus.uplugin
LogPluginManager: Loaded Plugin OnlineSubsystemSteam, From E:/2016 Install/UE_4.14/Engine/Plugins/Online/OnlineSubsystemSteam/OnlineSubsystemSteam.uplugin
LogPluginManager: Loaded Plugin OnlineSubsystemUtils, From E:/2016 Install/UE_4.14/Engine/Plugins/Online/OnlineSubsystemUtils/OnlineSubsystemUtils.uplugin
LogPluginManager: Loaded Plugin IOSTapJoy, From E:/2016 Install/UE_4.14/Engine/Plugins/Runtime/Advertising/IOSTapJoy/IOSTapJoy.uplugin
LogPluginManager: Loaded Plugin AnalyticsBlueprintLibrary, From E:/2016 Install/UE_4.14/Engine/Plugins/Runtime/Analytics/AnalyticsBlueprintLibrary/AnalyticsBlueprintLibrary.uplugin
LogPluginManager: Loaded Plugin AnalyticsMulticast, From E:/2016 Install/UE_4.14/Engine/Plugins/Runtime/Analytics/AnalyticsMulticast/AnalyticsMulticast.uplugin
LogPluginManager: Loaded Plugin Apsalar, From E:/2016 Install/UE_4.14/Engine/Plugins/Runtime/Analytics/Apsalar/Apsalar.uplugin
LogPluginManager: Loaded Plugin FileLogging, From E:/2016 Install/UE_4.14/Engine/Plugins/Runtime/Analytics/FileLogging/FileLogging.uplugin
LogPluginManager: Loaded Plugin Flurry, From E:/2016 Install/UE_4.14/Engine/Plugins/Runtime/Analytics/Flurry/Flurry.uplugin
LogPluginManager: Loaded Plugin AndroidDeviceProfileSelector, From E:/2016 Install/UE_4.14/Engine/Plugins/Runtime/AndroidDeviceProfileSelector/AndroidDeviceProfileSelector.uplugin
LogPluginManager: Loaded Plugin AndroidMoviePlayer, From E:/2016 Install/UE_4.14/Engine/Plugins/Runtime/AndroidMoviePlayer/AndroidMoviePlayer.uplugin
LogPluginManager: Loaded Plugin AppleMoviePlayer, From E:/2016 Install/UE_4.14/Engine/Plugins/Runtime/AppleMoviePlayer/AppleMoviePlayer.uplugin
LogPluginManager: Loaded Plugin ArchVisCharacter, From E:/2016 Install/UE_4.14/Engine/Plugins/Runtime/ArchVisCharacter/ArchVisCharacter.uplugin
LogPluginManager: Loaded Plugin CableComponent, From E:/2016 Install/UE_4.14/Engine/Plugins/Runtime/CableComponent/CableComponent.uplugin
LogPluginManager: Loaded Plugin CustomMeshComponent, From E:/2016 Install/UE_4.14/Engine/Plugins/Runtime/CustomMeshComponent/CustomMeshComponent.uplugin
LogPluginManager: Loaded Plugin ExampleDeviceProfileSelector, From E:/2016 Install/UE_4.14/Engine/Plugins/Runtime/ExampleDeviceProfileSelector/ExampleDeviceProfileSelector.uplugin
LogPluginManager: Loaded Plugin GearVR, From E:/2016 Install/UE_4.14/Engine/Plugins/Runtime/GearVR/GearVR.uplugin
LogPluginManager: Loaded Plugin GoogleVRController, From E:/2016 Install/UE_4.14/Engine/Plugins/Runtime/GoogleVR/GoogleVRController/GoogleVRController.uplugin
LogPluginManager: Loaded Plugin GoogleVRHMD, From E:/2016 Install/UE_4.14/Engine/Plugins/Runtime/GoogleVR/GoogleVRHMD/GoogleVRHMD.uplugin
LogPluginManager: Loaded Plugin IOSDeviceProfileSelector, From E:/2016 Install/UE_4.14/Engine/Plugins/Runtime/IOSDeviceProfileSelector/IOSDeviceProfileSelector.uplugin
LogPluginManager: Loaded Plugin LeapMotion, From E:/2016 Install/UE_4.14/Engine/Plugins/Runtime/LeapMotion/LeapMotion.uplugin
LogPluginManager: Loaded Plugin LinuxDeviceProfileSelector, From E:/2016 Install/UE_4.14/Engine/Plugins/Runtime/LinuxDeviceProfileSelector/LinuxDeviceProfileSelector.uplugin
LogPluginManager: Loaded Plugin MIDIDevice, From E:/2016 Install/UE_4.14/Engine/Plugins/Runtime/MIDIDevice/MIDIDevice.uplugin
LogPluginManager: Loaded Plugin MobilePatchingUtils, From E:/2016 Install/UE_4.14/Engine/Plugins/Runtime/MobilePatchingUtils/MobilePatchingUtils.uplugin
LogPluginManager: Loaded Plugin Ansel, From E:/2016 Install/UE_4.14/Engine/Plugins/Runtime/Nvidia/Ansel/Ansel.uplugin
LogPluginManager: Loaded Plugin OculusAudio, From E:/2016 Install/UE_4.14/Engine/Plugins/Runtime/OculusAudio/OculusAudio.uplugin
LogPluginManager: Loaded Plugin OculusInput, From E:/2016 Install/UE_4.14/Engine/Plugins/Runtime/OculusInput/OculusInput.uplugin
LogPluginManager: Loaded Plugin OculusLibrary, From E:/2016 Install/UE_4.14/Engine/Plugins/Runtime/OculusLibrary/OculusLibrary.uplugin
LogPluginManager: Loaded Plugin OculusRift, From E:/2016 Install/UE_4.14/Engine/Plugins/Runtime/OculusRift/OculusRift.uplugin
LogPluginManager: Loaded Plugin Oodle, From E:/2016 Install/UE_4.14/Engine/Plugins/Runtime/PacketHandlers/CompressionComponents/Oodle/Oodle.uplugin
LogPluginManager: Loaded Plugin ProceduralMeshComponent, From E:/2016 Install/UE_4.14/Engine/Plugins/Runtime/ProceduralMeshComponent/ProceduralMeshComponent.uplugin
LogPluginManager: Loaded Plugin SoundMod, From E:/2016 Install/UE_4.14/Engine/Plugins/Runtime/SoundMod/SoundMod.uplugin
LogPluginManager: Loaded Plugin SoundVisualizations, From E:/2016 Install/UE_4.14/Engine/Plugins/Runtime/SoundVisualizations/SoundVisualizations.uplugin
LogPluginManager: Loaded Plugin SteamController, From E:/2016 Install/UE_4.14/Engine/Plugins/Runtime/Steam/SteamController/SteamController.uplugin
LogPluginManager: Loaded Plugin SteamVR, From E:/2016 Install/UE_4.14/Engine/Plugins/Runtime/Steam/SteamVR/SteamVR.uplugin
LogPluginManager: Loaded Plugin WebBrowserWidget, From E:/2016 Install/UE_4.14/Engine/Plugins/Runtime/WebBrowserWidget/WebBrowserWidget.uplugin
LogPluginManager: Loaded Plugin WindowsDeviceProfileSelector, From E:/2016 Install/UE_4.14/Engine/Plugins/Runtime/WindowsDeviceProfileSelector/WindowsDeviceProfileSelector.uplugin
LogPluginManager: Loaded Plugin WindowsMoviePlayer, From E:/2016 Install/UE_4.14/Engine/Plugins/Runtime/WindowsMoviePlayer/WindowsMoviePlayer.uplugin
LogPluginManager: Loaded Plugin ScriptPlugin, From E:/2016 Install/UE_4.14/Engine/Plugins/ScriptPlugin/ScriptPlugin.uplugin
LogPluginManager: Loaded Plugin SlateRemote, From E:/2016 Install/UE_4.14/Engine/Plugins/Slate/SlateRemote/SlateRemote.uplugin
LogPluginManager: Loaded Plugin EditorTests, From E:/2016 Install/UE_4.14/Engine/Plugins/Tests/EditorTests/EditorTests.uplugin
LogPluginManager: Loaded Plugin FbxAutomationTestBuilder, From E:/2016 Install/UE_4.14/Engine/Plugins/Tests/FbxAutomationTestBuilder/FbxAutomationTestBuilder.uplugin
LogPluginManager: Loaded Plugin FunctionalTestingEditor, From E:/2016 Install/UE_4.14/Engine/Plugins/Tests/FunctionalTestingEditor/FunctionalTestingEditor.uplugin
LogPluginManager: Loaded Plugin RuntimeTests, From E:/2016 Install/UE_4.14/Engine/Plugins/Tests/RuntimeTests/RuntimeTests.uplugin
LogPluginManager: Loaded Plugin ScreenshotTools, From E:/2016 Install/UE_4.14/Engine/Plugins/Tests/ScreenshotTools/ScreenshotTools.uplugin
LogInit: Using libcurl 7.47.1
LogInit:  - built for x86_64-pc-win32
LogInit:  - supports SSL with OpenSSL/1.0.2g
LogInit:  - supports HTTP deflate (compression) using libz 1.2.8
LogInit:  - other features:
LogInit:      CURL_VERSION_SSL
LogInit:      CURL_VERSION_LIBZ
LogInit:      CURL_VERSION_IPV6
LogInit:      CURL_VERSION_ASYNCHDNS
LogInit:      CURL_VERSION_LARGEFILE
LogInit:      CURL_VERSION_IDN
LogInit:  CurlRequestOptions (configurable via config and command line):
LogInit:  - bVerifyPeer = false  - Libcurl will NOT verify peer certificate
LogInit:  - bUseHttpProxy = false  - Libcurl will NOT use HTTP proxy
LogInit:  - bDontReuseConnections = false  - Libcurl will reuse connections
LogInit:  - CertBundlePath = nullptr  - Libcurl will use whatever was configured at build time.
LogInit: Build: ++UE4+Release-4.14-CL-3249277
LogInit: Engine Version: 4.14.3-3249277+++UE4+Release-4.14
LogInit: Compatible Engine Version: 4.14.0-3195953+++UE4+Release-4.14
LogInit: Net CL: 3195953
LogDevObjectVersion: Number of dev versions registered: 13
LogDevObjectVersion:   Dev-Blueprints (B0D832E4-1F89-4F0D-ACCF-7EB736FD4AA2): 7
LogDevObjectVersion:   Dev-Build (E1C64328-A22C-4D53-A36C-8E866417BD8C): 0
LogDevObjectVersion:   Dev-Core (375EC13C-06E4-48FB-B500-84F0262A717E): 1
LogDevObjectVersion:   Dev-Editor (E4B068ED-F494-42E9-A231-DA0B2E46BB41): 8
LogDevObjectVersion:   Dev-Framework (CFFC743F-43B0-4480-9391-14DF171D2073): 17
LogDevObjectVersion:   Dev-Mobile (B02B49B5-BB20-44E9-A304-32B752E40360): 0
LogDevObjectVersion:   Dev-Networking (A4E4105C-59A1-49B5-A7C5-40C4547EDFEE): 0
LogDevObjectVersion:   Dev-Online (39C831C9-5AE6-47DC-9A44-9C173E1C8E7C): 0
LogDevObjectVersion:   Dev-Physics (78F01B33-EBEA-4F98-B9B4-84EACCB95AA2): 0
LogDevObjectVersion:   Dev-Platform (6631380F-2D4D-43E0-8009-CF276956A95A): 0
LogDevObjectVersion:   Dev-Rendering (12F88B9F-8875-4AFC-A67C-D90C383ABD29): 12
LogDevObjectVersion:   Dev-Sequencer (7B5AE74C-D270-4C10-A958-57980B212A5A): 1
LogDevObjectVersion:   Dev-VR (D7296918-1DD6-4BDD-9DE2-64A83CC13884): 0
LogInit: Compiled (64-bit): Jan  6 2017 10:49:43
LogInit: Compiled with Visual C++: 19.00.23026.00
LogInit: Build Configuration: Development
LogInit: Branch Name: ++UE4+Release-4.14
LogInit: Command line: -EpicPortal 
LogInit: Base directory: E:/2016 Install/UE_4.14/Engine/Binaries/Win64/
LogInit: Installed Engine Build: 1
LogInit: Presizing for max 8388607 objects, including 0 objects not considered by GC, pre-allocating 0 bytes for permanent pool.
LogInit: Object subsystem initialized
[2017.04.02-13.29.05:767][  0]LogInit: Selected Device Profile: [Windows]
[2017.04.02-13.29.05:767][  0]LogInit: Applying CVar settings loaded from the selected device profile: [Windows]
[2017.04.02-13.29.05:816][  0]LogInit: Computer: NIARAII
[2017.04.02-13.29.05:816][  0]LogInit: User: Jonathan
[2017.04.02-13.29.05:816][  0]LogInit: CPU Page size=65536, Cores=2
[2017.04.02-13.29.05:816][  0]LogInit: High frequency timer resolution =3.025615 MHz
[2017.04.02-13.29.05:817][  0]LogMemory: Memory total: Physical=7.9GB (8GB approx)
[2017.04.02-13.29.05:817][  0]LogMemory: Platform Memory Stats for Windows
[2017.04.02-13.29.05:817][  0]LogMemory: Process Physical Memory: 263.61 MB used, 263.61 MB peak
[2017.04.02-13.29.05:817][  0]LogMemory: Process Virtual Memory: 264.86 MB used, 264.86 MB peak
[2017.04.02-13.29.05:817][  0]LogMemory: Physical Memory: 3917.58 MB used,  4209.57 MB free, 8127.16 MB total
[2017.04.02-13.29.05:817][  0]LogMemory: Virtual Memory: 676.51 MB used,  4209.57 MB free, 8388608.00 MB total
[2017.04.02-13.29.05:875][  0]LogTextLocalizationManager: No specific translations for ('en-US') exist, so ('en') translations will be used.
[2017.04.02-13.29.06:525][  0]LogD3D11RHI: D3D11 adapters:
[2017.04.02-13.29.06:534][  0]LogD3D11RHI:    0. 'AMD Radeon R7 200 Series' (Feature Level 11_0)
[2017.04.02-13.29.06:534][  0]LogD3D11RHI:       2026/0/3807 MB DedicatedVideo/DedicatedSystem/SharedSystem, Outputs:2, VendorId:0x1002
[2017.04.02-13.29.06:534][  0]LogD3D11RHI: Chosen D3D11 Adapter: 0
[2017.04.02-13.29.06:538][  0]LogD3D11RHI: Creating new Direct3DDevice
[2017.04.02-13.29.06:539][  0]LogD3D11RHI:     GPU DeviceId: 0x683d (for the marketing name, search the web for "GPU Device Id")
[2017.04.02-13.29.06:539][  0]LogWindows: EnumDisplayDevices:
[2017.04.02-13.29.06:539][  0]LogWindows:    0. 'AMD Radeon R7 200 Series' (P:0 D:1)
[2017.04.02-13.29.06:539][  0]LogWindows:    1. 'AMD Radeon R7 200 Series' (P:1 D:1)
[2017.04.02-13.29.06:539][  0]LogWindows:    2. 'AMD Radeon R7 200 Series' (P:0 D:0)
[2017.04.02-13.29.06:539][  0]LogWindows:    3. 'AMD Radeon R7 200 Series' (P:0 D:0)
[2017.04.02-13.29.06:539][  0]LogWindows:    4. 'AMD Radeon R7 200 Series' (P:0 D:0)
[2017.04.02-13.29.06:540][  0]LogWindows:    5. 'AMD Radeon R7 200 Series' (P:0 D:0)
[2017.04.02-13.29.06:540][  0]LogWindows:    6. 'RDPDD Chained DD' (P:0 D:0)
[2017.04.02-13.29.06:540][  0]LogWindows:    7. 'RDP Encoder Mirror Driver' (P:0 D:0)
[2017.04.02-13.29.06:540][  0]LogWindows:    8. 'RDP Reflector Display Driver' (P:0 D:0)
[2017.04.02-13.29.06:540][  0]LogWindows: DebugString: GetVideoDriverDetailsInvalid PrimaryIsNotTheChoosenAdapter GetVideoDriverDetailsInvalid PrimaryIsNotTheChoosenAdapter GetVideoDriverDetailsInvalid PrimaryIsNotTheChoosenAdapter FoundDriverCount:6 
[2017.04.02-13.29.06:540][  0]LogD3D11RHI:     Adapter Name: AMD Radeon R7 200 Series
[2017.04.02-13.29.06:540][  0]LogD3D11RHI:   Driver Version: Crimson ReLive 17.2.1 (internal:21.19.519.2, unified:21.19.519.2)
[2017.04.02-13.29.06:540][  0]LogD3D11RHI:      Driver Date: 2-10-2017
[2017.04.02-13.29.06:540][  0]LogRHI: Texture pool is 1361 MB (70% of 1945 MB)
[2017.04.02-13.29.06:547][  0]LogD3D11RHI: Async texture creation enabled
[2017.04.02-13.29.06:556][  0]LogD3D11RHI: GPU Timing Frequency: 27.000000 (Debug: 2 1)
[2017.04.02-13.29.06:556][  0]LogShaderCompilers: Guid format shader working directory is 15 characters bigger than the processId version (../../../../../Zombie_TowerDefense/Intermediate/Shaders/WorkingDirectory/3600/).
[2017.04.02-13.29.06:556][  0]LogShaderCompilers: Cleaned the shader compiler working directory 'C:/Users/Jonathan/AppData/Local/Temp/UnrealShaderWorkingDir/5F10849241C9A5D19A6142AE26FA1B63/'.
[2017.04.02-13.29.06:556][  0]LogShaderCompilers:Display: Using Local Shader Compiler.
[2017.04.02-13.29.07:579][  0]LogTemp:Display: Loaded TP AllDesktopTargetPlatform
[2017.04.02-13.29.07:628][  0]LogTemp:Display: Loaded TP MacClientTargetPlatform
[2017.04.02-13.29.07:671][  0]LogTemp:Display: Loaded TP MacNoEditorTargetPlatform
[2017.04.02-13.29.07:713][  0]LogTemp:Display: Loaded TP MacServerTargetPlatform
[2017.04.02-13.29.07:756][  0]LogTemp:Display: Loaded TP MacTargetPlatform
[2017.04.02-13.29.07:799][  0]LogTemp:Display: Loaded TP WindowsClientTargetPlatform
[2017.04.02-13.29.07:841][  0]LogTemp:Display: Loaded TP WindowsNoEditorTargetPlatform
[2017.04.02-13.29.07:883][  0]LogTemp:Display: Loaded TP WindowsServerTargetPlatform
[2017.04.02-13.29.07:916][  0]LogTemp:Display: Loaded TP WindowsTargetPlatform
[2017.04.02-13.29.07:957][  0]LogTemp:Display: Loaded TP AndroidTargetPlatform
[2017.04.02-13.29.07:999][  0]LogTemp:Display: Loaded TP Android_ASTCTargetPlatform
[2017.04.02-13.29.08:041][  0]LogTemp:Display: Loaded TP Android_ATCTargetPlatform
[2017.04.02-13.29.08:083][  0]LogTemp:Display: Loaded TP Android_DXTTargetPlatform
[2017.04.02-13.29.08:125][  0]LogTemp:Display: Loaded TP Android_ETC1TargetPlatform
[2017.04.02-13.29.08:167][  0]LogTemp:Display: Loaded TP Android_ETC2TargetPlatform
[2017.04.02-13.29.08:250][  0]LogTemp:Display: Loaded TP Android_MultiTargetPlatform
[2017.04.02-13.29.08:250][  0]LogTemp:Display: Loaded TP Android_PVRTCTargetPlatform
[2017.04.02-13.29.08:275][  0]LogTemp:Display: Loaded TP HTML5TargetPlatform
[2017.04.02-13.29.08:338][  0]LogTemp:Display: Loaded TP IOSTargetPlatform
[2017.04.02-13.29.08:364][  0]LogTemp:Display: Loaded TP TVOSTargetPlatform
[2017.04.02-13.29.08:405][  0]LogTemp:Display: Loaded TP LinuxClientTargetPlatform
[2017.04.02-13.29.08:446][  0]LogTemp:Display: Loaded TP LinuxNoEditorTargetPlatform
[2017.04.02-13.29.08:487][  0]LogTemp:Display: Loaded TP LinuxServerTargetPlatform
[2017.04.02-13.29.08:530][  0]LogTemp:Display: Loaded TP LinuxTargetPlatform
[2017.04.02-13.29.08:530][  0]LogTargetPlatformManager:Display: Building Assets For Windows
[2017.04.02-13.29.08:773][  0]LogDerivedDataCache:Display: Max Cache Size: 512 MB
[2017.04.02-13.29.08:819][  0]LogDerivedDataCache: Loaded boot cache 0.05s 50MB C:/Users/Jonathan/AppData/Local/UnrealEngine/4.14/DerivedDataCache/Boot.ddc.
[2017.04.02-13.29.08:819][  0]LogDerivedDataCache:Display: Loaded Boot cache: C:/Users/Jonathan/AppData/Local/UnrealEngine/4.14/DerivedDataCache/Boot.ddc
[2017.04.02-13.29.08:820][  0]LogDerivedDataCache: FDerivedDataBackendGraph:  Pak pak cache file ../../../../../Zombie_TowerDefense/DerivedDataCache/DDC.ddp not found, will not use a pak cache.
[2017.04.02-13.29.08:820][  0]LogDerivedDataCache: Unable to find inner node Pak for hierarchical cache Hierarchy.
[2017.04.02-13.29.08:820][  0]LogDerivedDataCache: FDerivedDataBackendGraph:  CompressedPak pak cache file ../../../../../Zombie_TowerDefense/DerivedDataCache/Compressed.ddp not found, will not use a pak cache.
[2017.04.02-13.29.08:820][  0]LogDerivedDataCache: Unable to find inner node CompressedPak for hierarchical cache Hierarchy.
[2017.04.02-13.29.08:837][  0]LogDerivedDataCache:Display: Pak cache opened for reading ../../../Engine/DerivedDataCache/Compressed.ddp.
[2017.04.02-13.29.08:848][  0]LogDerivedDataCache: Using Local data cache path C:/Users/Jonathan/AppData/Local/UnrealEngine/Common/DerivedDataCache: Writable
[2017.04.02-13.29.09:034][  0]LogInit: Selected Device Profile: [Windows]
[2017.04.02-13.29.09:038][  0]LogContentStreaming: Texture pool size is 0.00 MB
[2017.04.02-13.29.09:222][  0]LogMeshUtilities: Using QuadricMeshReduction for automatic static mesh reduction
[2017.04.02-13.29.09:251][  0]LogSimplygon: Simplygon DLL not present - disabling.
[2017.04.02-13.29.09:283][  0]LogMeshUtilities: Using SimplygonSwarm for distributed automatic mesh merging
[2017.04.02-13.29.09:283][  0]LogMeshUtilities: No automatic skeletal mesh reduction module available
[2017.04.02-13.29.09:283][  0]LogMeshUtilities: No automatic mesh merging module available
[2017.04.02-13.29.09:758][  0]LogNetVersion: GetLocalNetworkVersion: CL: 3195953, ProjectName: zombie_tower_defense, ProjectVersion: , EngineNetworkVersion: 2, GameNetworkVersion: 0, NetworkChecksum: 2528811943
[2017.04.02-13.29.09:801][  0]LogAssetRegistry: FAssetRegistry took 0.0194 seconds to start up
[2017.04.02-13.29.09:928][  0]LogPackageLocalizationCache: Processed 3 localized package path(s) for 2 prioritized culture(s) in 0.115244 seconds
[2017.04.02-13.29.09:937][  0]LogUObjectArray: 31946 objects as part of root set at end of initial load.
[2017.04.02-13.29.09:937][  0]LogUObjectAllocator: 6935848 out of 0 bytes used by permanent object pool.
[2017.04.02-13.29.09:937][  0]LogUObjectArray: CloseDisregardForGC: 0/0 objects in disregard for GC pool
[2017.04.02-13.29.09:986][  0]LogInit: WinSock: version 1.1 (2.2), MaxSocks=32767, MaxUdp=65467
[2017.04.02-13.29.10:473][  0]LogSlate: Using Freetype 2.6.0
[2017.04.02-13.29.10:473][  0]LogSlate: SlateFontCache - WITH_FREETYPE: 1, WITH_HARFBUZZ: 1
[2017.04.02-13.29.10:473][  0]LogSlate: SlateFontCache - WITH_FREETYPE: 1, WITH_HARFBUZZ: 1
[2017.04.02-13.29.11:151][  0]LogTcpMessaging: Initializing TcpMessaging bridge
[2017.04.02-13.29.11:178][  0]LogUdpMessaging: Initializing bridge on interface 0.0.0.0:0 to multicast group 230.0.0.1:6666.
[2017.04.02-13.29.11:527][  0]LogMaterial: Uniform references updated for custom material expression Custom.
[2017.04.02-13.29.11:810][  0]SourceControl: Info Source control is disabled
[2017.04.02-13.29.11:811][  0]SourceControl: Info Source control is disabled
[2017.04.02-13.29.11:842][  0]SourceControl: Info Source control is disabled
[2017.04.02-13.29.11:872][  0]SourceControl: Info Source control is disabled
[2017.04.02-13.29.12:760][  0]LogEngine: Initializing Engine...
[2017.04.02-13.29.12:760][  0]LogHMD: Failed to initialize OpenVR with code 110
[2017.04.02-13.29.12:963][  0]LogAIModule: Creating AISystem for world Untitled
[2017.04.02-13.29.12:975][  0]LogInit: XAudio2 using 'Speakers (Realtek High Definition Audio)' : 2 channels at 48 kHz using 32 bits per sample (channel mask 0x3)
[2017.04.02-13.29.12:983][  0]LogInit: FAudioDevice initialized.
[2017.04.02-13.29.13:006][  0]LogDerivedDataCache: Saved boot cache 0.02s 50MB C:/Users/Jonathan/AppData/Local/UnrealEngine/4.14/DerivedDataCache/Boot.ddc.
[2017.04.02-13.29.13:011][  0]LogInit: Texture streaming: Enabled
[2017.04.02-13.29.13:148][  0]LogInit: Transaction tracking system initialized
[2017.04.02-13.29.13:377][  0]BlueprintLog: New page: Editor Load
[2017.04.02-13.29.13:989][  0]LocalizationService: Info Localization service is disabled
[2017.04.02-13.29.14:429][  0]LogConsoleResponse:Display: 
[2017.04.02-13.29.14:646][  0]LogCook:Display: Max memory allowance for cook 16384mb min free memory 0mb
[2017.04.02-13.29.14:646][  0]LogCook:Display: Mobile HDR setting 1
[2017.04.02-13.29.15:276][  0]LogFileCache: Scanning file cache for directory 'E:/Zombie_TowerDefense/Content/' took 0.02s
[2017.04.02-13.29.15:276][  0]SourceControl: Info Source control is disabled
[2017.04.02-13.29.15:276][  0]Cmd: MAP LOAD FILE="../../../../../Zombie_TowerDefense/Content/ZTD_Blueprint/Maps/Menu_Main.umap" TEMPLATE=0 SHOWPROGRESS=1 FEATURELEVEL=3
[2017.04.02-13.29.15:277][  0]LightingResults: New page: Lighting Build
[2017.04.02-13.29.15:306][  0]MapCheck: New page: Map Check
[2017.04.02-13.29.15:306][  0]LightingResults: New page: Lighting Build
[2017.04.02-13.29.15:476][  0]LogAIModule: Creating AISystem for world Menu_Main
[2017.04.02-13.29.15:476][  0]LogEditorServer: Finished looking for orphan Actors (0.000 secs)
[2017.04.02-13.29.15:477][  0]Cmd: MAP CHECKDEP NOCLEARLOG
[2017.04.02-13.29.15:502][  0]MapCheck: Info Map check complete: 0 Error(s), 0 Warning(s), took 24.976ms to complete.
[2017.04.02-13.29.15:502][  0]LogFileHelpers: Loading map 'Menu_Main' took 0.226
[2017.04.02-13.29.16:086][  0]LogCollectionManager: Loaded 0 collections in 0.016062 seconds
[2017.04.02-13.29.16:259][  0]LogFileCache: Scanning file cache for directory 'E:/Zombie_TowerDefense/Saved/Collections/' took 0.01s
[2017.04.02-13.29.16:259][  0]LogFileCache: Scanning file cache for directory 'E:/Zombie_TowerDefense/Content/Developers/Jonathan/Collections/' took 0.01s
[2017.04.02-13.29.16:259][  0]LogFileCache: Scanning file cache for directory 'E:/Zombie_TowerDefense/Content/Collections/' took 0.01s
[2017.04.02-13.29.16:259][  0]LogCollectionManager: Rebuilt the GUID cache for 0 collections in 0.000004 seconds
[2017.04.02-13.29.16:299][  0]LogContentBrowser: Native class hierarchy populated in 0.0356 seconds. Added 2190 classes and 428 folders.
[2017.04.02-13.29.16:367][  0]LogStats: UGameplayTagsManager::ConstructGameplayTagTree: Construct from data asset -  0.000 s
[2017.04.02-13.29.16:368][  0]LogStats: UGameplayTagsManager::ConstructGameplayTagTree: GameplayTagTreeChangedEvent.Broadcast -  0.000 s
[2017.04.02-13.29.16:375][  0]LogContentBrowser: Native class hierarchy updated for 'GameplayTags' in 0.0005 seconds. Added 13 classes and 0 folders.
[2017.04.02-13.29.16:428][  0]LogContentBrowser: Native class hierarchy updated for 'WidgetCarousel' in 0.0004 seconds. Added 0 classes and 0 folders.
[2017.04.02-13.29.17:305][  0]LogContentBrowser: Native class hierarchy updated for 'AddContentDialog' in 0.0016 seconds. Added 0 classes and 0 folders.
[2017.04.02-13.29.17:357][  0]LogCrashTracker: Crashtracker disabled due to settings.
[2017.04.02-13.29.17:436][  0]LogUObjectGlobals:Warning: Failed to find object 'Class None.'
[2017.04.02-13.29.17:537][  0]LogContentBrowser: Native class hierarchy updated for 'HierarchicalLODOutliner' in 0.0005 seconds. Added 1 classes and 2 folders.
[2017.04.02-13.29.17:537][  0]LogLoad: (Engine Initialization) Total time: 14.19 seconds
[2017.04.02-13.29.17:537][  0]LogLoad: (Engine Initialization) Total Blueprint compile time: 0.13 seconds
[2017.04.02-13.29.17:537][  0]LogExternalProfiler: No external profilers were discovered.  External profiling features will not be available.
[2017.04.02-13.29.17:550][  0]LogOcInput: OculusInput pre-init called
[2017.04.02-13.29.17:617][  0]LogContentStreaming: Texture pool size now 1000 MB
[2017.04.02-13.29.18:083][  0]LogRenderer: Reallocating scene render targets to support 1264x484 NumSamples 1 (Frame:2).
[2017.04.02-13.29.18:321][  2]LogAssetRegistry: Asset discovery search completed in 8.5392 seconds
[2017.04.02-13.29.18:321][  2]LogCollectionManager: Rebuilt the object cache for 0 collections in 0.000002 seconds (found 0 objects)
[2017.04.02-13.29.18:321][  2]LogCollectionManager: Fixed up redirectors for 0 collections in 0.000033 seconds (updated 0 objects)
[2017.04.02-13.29.33:155][787]LogBlueprint:Warning: [Pause_menu] 'IsPauseMenuShown' variable not found. Base class was probably changed.
[2017.04.02-13.29.33:155][787]LogBlueprint:Warning: [Pause_menu] 'IsPauseMenuShown' variable not found. Base class was probably changed.
[2017.04.02-13.29.33:157][787]LogBlueprint:Warning: [Compiler Pause_menu] Warning Could not find a variable named "IsPauseMenuShown" in 'Player_Controller_C'.
Make sure 'Player_Controller_C' has been compiled for  K2Node_VariableSet_11
[2017.04.02-13.29.33:157][787]LogBlueprint:Error: [Compiler Pause_menu] Error The type of  Object  is undetermined.  Connect something to  K2Node_DynamicCast_12  to imply a specific type.
[2017.04.02-13.29.33:157][787]LogBlueprint:Error: [Compiler Pause_menu] Error The current value of the ' Object ' pin is invalid: Unsupported type Wildcard on pin Object
[2017.04.02-13.29.33:157][787]LogBlueprint:Error: [Compiler Pause_menu] Error The property associated with  IsPauseMenuShown  could not be found
[2017.04.02-13.29.33:160][787]LogBlueprint:Warning: [Compiler Pause_menu] Warning [0029.81] Compile of Pause_menu failed. 3 Fatal Issue(s) 1 Warning(s) [in 4 ms] (/Game/ZTD_Blueprint/Blueprints/Game_UI/Pause_menu.Pause_menu)
[2017.04.02-13.29.33:160][787]LogBlueprint:Warning: [Compiler Pause_menu] Warning [0029.81] Compile of Pause_menu failed. 3 Fatal Issue(s) 2 Warning(s) [in 0 ms] (/Game/ZTD_Blueprint/Blueprints/Game_UI/Pause_menu.Pause_menu)
[2017.04.02-13.29.33:160][787]LogBlueprint:Warning: [Compiler Pause_menu] Warning [0029.81] Compile of Pause_menu failed. 3 Fatal Issue(s) 3 Warning(s) [in 0 ms] (/Game/ZTD_Blueprint/Blueprints/Game_UI/Pause_menu.Pause_menu)
[2017.04.02-13.29.34:562][787]LogContentBrowser: Native class hierarchy updated for 'BlueprintGraph' in 0.0014 seconds. Added 111 classes and 0 folders.
[2017.04.02-13.33.31:467][619]Cmd: OBJ SAVEPACKAGE PACKAGE="/Game/ZTD_Blueprint/Blueprints/Game_UI/Pause_menu" FILE="../../../../../Zombie_TowerDefense/Content/ZTD_Blueprint/Blueprints/Game_UI/Pause_menu.uasset" SILENT=true
[2017.04.02-13.33.31:651][619]LogSavePackage: Save=40.03ms
[2017.04.02-13.33.31:652][619]LogSavePackage: Moving '../../../../../Zombie_TowerDefense/Saved/Pause_menuA985F6074BEB0AD97C659890AC18EE86.tmp' to '../../../../../Zombie_TowerDefense/Content/ZTD_Blueprint/Blueprints/Game_UI/Pause_menu.uasset'
[2017.04.02-13.33.31:655][619]LogSavePackage:Display: Finished SavePackage ../../../../../Zombie_TowerDefense/Content/ZTD_Blueprint/Blueprints/Game_UI/Pause_menu.uasset
[2017.04.02-13.33.40:292][118]BlueprintLog: New page: Compile Pause_menu
[2017.04.02-13.33.49:599][717]LogTemp: Repeting last play command: Standalone Game
[2017.04.02-13.33.49:899][717]LogSavePackage: Save=99.68ms
[2017.04.02-13.33.49:899][717]LogSavePackage: Moving '../../../../../Zombie_TowerDefense/Saved/UEDPCMenu_MainB79CD43A48C5615BD1F64888377B4DBE.tmp' to '../../../../../Zombie_TowerDefense/Saved/Autosaves/Game/ZTD_Blueprint/Maps/UEDPCMenu_Main.umap'
[2017.04.02-13.33.49:916][717]LogSavePackage:Display: Finished SavePackage ../../../../../Zombie_TowerDefense/Saved/Autosaves/Game/ZTD_Blueprint/Maps/UEDPCMenu_Main.umap
[2017.04.02-13.33.49:931][717]LogEditorTransaction: Undo Spawn Play From Here Start
[2017.04.02-13.35.46:562][727]Cmd: OBJ SAVEPACKAGE PACKAGE="/Game/ZTD_Blueprint/Blueprints/Game_UI/Pause_menu" FILE="../../../../../Zombie_TowerDefense/Content/ZTD_Blueprint/Blueprints/Game_UI/Pause_menu.uasset" SILENT=true
[2017.04.02-13.35.46:606][727]LogSavePackage: Save=36.73ms
[2017.04.02-13.35.46:606][727]LogSavePackage: Moving '../../../../../Zombie_TowerDefense/Saved/Pause_menuFA0A146E49546A751A2566999C7939F3.tmp' to '../../../../../Zombie_TowerDefense/Content/ZTD_Blueprint/Blueprints/Game_UI/Pause_menu.uasset'
[2017.04.02-13.35.46:608][727]LogSavePackage:Display: Finished SavePackage ../../../../../Zombie_TowerDefense/Content/ZTD_Blueprint/Blueprints/Game_UI/Pause_menu.uasset
[2017.04.02-13.35.47:250][762]LogTemp: Repeting last play command: Standalone Game
[2017.04.02-13.35.47:476][762]LogSavePackage: Save=78.88ms
[2017.04.02-13.35.47:477][762]LogSavePackage: Moving '../../../../../Zombie_TowerDefense/Saved/UEDPCMenu_Main67531FC044FAA5881ACC9FA7CBADF7F2.tmp' to '../../../../../Zombie_TowerDefense/Saved/Autosaves/Game/ZTD_Blueprint/Maps/UEDPCMenu_Main.umap'
[2017.04.02-13.35.47:477][762]LogSavePackage:Display: Finished SavePackage ../../../../../Zombie_TowerDefense/Saved/Autosaves/Game/ZTD_Blueprint/Maps/UEDPCMenu_Main.umap
[2017.04.02-13.35.47:480][762]LogEditorTransaction: Undo Spawn Play From Here Start
[2017.04.02-13.36.20:945][  1]Cmd: OBJ SAVEPACKAGE PACKAGE="/Game/ZTD_Blueprint/Blueprints/Game_UI/Pause_menu" FILE="../../../../../Zombie_TowerDefense/Content/ZTD_Blueprint/Blueprints/Game_UI/Pause_menu.uasset" SILENT=true
[2017.04.02-13.36.20:976][  1]LogSavePackage: Save=28.96ms
[2017.04.02-13.36.20:976][  1]LogSavePackage: Moving '../../../../../Zombie_TowerDefense/Saved/Pause_menu2F2988C24304359DE9A92599339F1B94.tmp' to '../../../../../Zombie_TowerDefense/Content/ZTD_Blueprint/Blueprints/Game_UI/Pause_menu.uasset'
[2017.04.02-13.36.20:978][  1]LogSavePackage:Display: Finished SavePackage ../../../../../Zombie_TowerDefense/Content/ZTD_Blueprint/Blueprints/Game_UI/Pause_menu.uasset
[2017.04.02-13.36.35:160][656]LogScript:Warning: Accessed None trying to read property CallFunc_K2_GetPawn_ReturnValue
	Player_Controller_C /Engine/Transient.World_8:PersistentLevel.Player_Controller_C_0
	Function /Game/ZTD_Blueprint/Blueprints/Player_Controller.Player_Controller_C:ExecuteUbergraph_Player_Controller:06DA
[2017.04.02-13.36.35:160][656]LogScript:Warning: Accessed None trying to read property CallFunc_K2_GetPawn_ReturnValue2
	Player_Controller_C /Engine/Transient.World_8:PersistentLevel.Player_Controller_C_0
	Function /Game/ZTD_Blueprint/Blueprints/Player_Controller.Player_Controller_C:ExecuteUbergraph_Player_Controller:0670
[2017.04.02-13.36.35:165][657]LogScript:Warning: Accessed None trying to read property CallFunc_K2_GetPawn_ReturnValue
	Player_Controller_C /Engine/Transient.World_8:PersistentLevel.Player_Controller_C_0
	Function /Game/ZTD_Blueprint/Blueprints/Player_Controller.Player_Controller_C:ExecuteUbergraph_Player_Controller:06DA
[2017.04.02-13.36.35:165][657]LogScript:Warning: Accessed None trying to read property CallFunc_K2_GetPawn_ReturnValue2
	Player_Controller_C /Engine/Transient.World_8:PersistentLevel.Player_Controller_C_0
	Function /Game/ZTD_Blueprint/Blueprints/Player_Controller.Player_Controller_C:ExecuteUbergraph_Player_Controller:0670
[2017.04.02-13.36.35:173][658]LogScript:Warning: Accessed None trying to read property CallFunc_K2_GetPawn_ReturnValue
	Player_Controller_C /Engine/Transient.World_8:PersistentLevel.Player_Controller_C_0
	Function /Game/ZTD_Blueprint/Blueprints/Player_Controller.Player_Controller_C:ExecuteUbergraph_Player_Controller:06DA
[2017.04.02-13.36.35:173][658]LogScript:Warning: Accessed None trying to read property CallFunc_K2_GetPawn_ReturnValue2
	Player_Controller_C /Engine/Transient.World_8:PersistentLevel.Player_Controller_C_0
	Function /Game/ZTD_Blueprint/Blueprints/Player_Controller.Player_Controller_C:ExecuteUbergraph_Player_Controller:0670
[2017.04.02-13.36.35:182][659]LogScript:Warning: Accessed None trying to read property CallFunc_K2_GetPawn_ReturnValue
	Player_Controller_C /Engine/Transient.World_8:PersistentLevel.Player_Controller_C_0
	Function /Game/ZTD_Blueprint/Blueprints/Player_Controller.Player_Controller_C:ExecuteUbergraph_Player_Controller:06DA
[2017.04.02-13.36.35:182][659]LogScript:Warning: Accessed None trying to read property CallFunc_K2_GetPawn_ReturnValue2
	Player_Controller_C /Engine/Transient.World_8:PersistentLevel.Player_Controller_C_0
	Function /Game/ZTD_Blueprint/Blueprints/Player_Controller.Player_Controller_C:ExecuteUbergraph_Player_Controller:0670
[2017.04.02-13.36.35:223][660]LogScript:Warning: Accessed None trying to read property CallFunc_K2_GetPawn_ReturnValue
	Player_Controller_C /Engine/Transient.World_8:PersistentLevel.Player_Controller_C_0
	Function /Game/ZTD_Blueprint/Blueprints/Player_Controller.Player_Controller_C:ExecuteUbergraph_Player_Controller:06DA
[2017.04.02-13.36.35:223][660]LogScript:Warning: Accessed None trying to read property CallFunc_K2_GetPawn_ReturnValue2
	Player_Controller_C /Engine/Transient.World_8:PersistentLevel.Player_Controller_C_0
	Function /Game/ZTD_Blueprint/Blueprints/Player_Controller.Player_Controller_C:ExecuteUbergraph_Player_Controller:0670
[2017.04.02-13.36.35:281][661]LogScript:Warning: Accessed None trying to read property CallFunc_K2_GetPawn_ReturnValue
	Player_Controller_C /Engine/Transient.World_8:PersistentLevel.Player_Controller_C_0
	Function /Game/ZTD_Blueprint/Blueprints/Player_Controller.Player_Controller_C:ExecuteUbergraph_Player_Controller:06DA
[2017.04.02-13.36.35:281][661]LogScript:Warning: Accessed None trying to read property CallFunc_K2_GetPawn_ReturnValue2
	Player_Controller_C /Engine/Transient.World_8:PersistentLevel.Player_Controller_C_0
	Function /Game/ZTD_Blueprint/Blueprints/Player_Controller.Player_Controller_C:ExecuteUbergraph_Player_Controller:0670
[2017.04.02-13.36.35:340][662]LogScript:Warning: Accessed None trying to read property CallFunc_K2_GetPawn_ReturnValue
	Player_Controller_C /Engine/Transient.World_8:PersistentLevel.Player_Controller_C_0
	Function /Game/ZTD_Blueprint/Blueprints/Player_Controller.Player_Controller_C:ExecuteUbergraph_Player_Controller:06DA
[2017.04.02-13.36.35:340][662]LogScript:Warning: Accessed None trying to read property CallFunc_K2_GetPawn_ReturnValue2
	Player_Controller_C /Engine/Transient.World_8:PersistentLevel.Player_Controller_C_0
	Function /Game/ZTD_Blueprint/Blueprints/Player_Controller.Player_Controller_C:ExecuteUbergraph_Player_Controller:0670
[2017.04.02-13.36.35:398][663]LogScript:Warning: Accessed None trying to read property CallFunc_K2_GetPawn_ReturnValue
	Player_Controller_C /Engine/Transient.World_8:PersistentLevel.Player_Controller_C_0
	Function /Game/ZTD_Blueprint/Blueprints/Player_Controller.Player_Controller_C:ExecuteUbergraph_Player_Controller:06DA
[2017.04.02-13.36.35:398][663]LogScript:Warning: Accessed None trying to read property CallFunc_K2_GetPawn_ReturnValue2
	Player_Controller_C /Engine/Transient.World_8:PersistentLevel.Player_Controller_C_0
	Function /Game/ZTD_Blueprint/Blueprints/Player_Controller.Player_Controller_C:ExecuteUbergraph_Player_Controller:0670
[2017.04.02-13.36.35:455][664]LogScript:Warning: Accessed None trying to read property CallFunc_K2_GetPawn_ReturnValue
	Player_Controller_C /Engine/Transient.World_8:PersistentLevel.Player_Controller_C_0
	Function /Game/ZTD_Blueprint/Blueprints/Player_Controller.Player_Controller_C:ExecuteUbergraph_Player_Controller:06DA
[2017.04.02-13.38.18:752][ 98]Cmd: OBJ SAVEPACKAGE PACKAGE="/Game/ZTD_Blueprint/Blueprints/Player_Controller" FILE="../../../../../Zombie_TowerDefense/Content/ZTD_Blueprint/Blueprints/Player_Controller.uasset" SILENT=true
[2017.04.02-13.38.19:041][ 98]LogSavePackage: Save=66.79ms
[2017.04.02-13.38.19:041][ 98]LogSavePackage: Moving '../../../../../Zombie_TowerDefense/Saved/Player_ControllerD5126F42490F3AFE89718384D87BA16E.tmp' to '../../../../../Zombie_TowerDefense/Content/ZTD_Blueprint/Blueprints/Player_Controller.uasset'
[2017.04.02-13.38.19:042][ 98]LogSavePackage:Display: Finished SavePackage ../../../../../Zombie_TowerDefense/Content/ZTD_Blueprint/Blueprints/Player_Controller.uasset
[2017.04.02-13.38.23:162][182]LogTemp: Repeting last play command: Standalone Game
[2017.04.02-13.38.23:382][182]LogSavePackage: Save=81.40ms
[2017.04.02-13.38.23:382][182]LogSavePackage: Moving '../../../../../Zombie_TowerDefense/Saved/UEDPCMenu_Main6D4DA5BB4DF74907C1D77A9A5AE623BE.tmp' to '../../../../../Zombie_TowerDefense/Saved/Autosaves/Game/ZTD_Blueprint/Maps/UEDPCMenu_Main.umap'
[2017.04.02-13.38.23:383][182]LogSavePackage:Display: Finished SavePackage ../../../../../Zombie_TowerDefense/Saved/Autosaves/Game/ZTD_Blueprint/Maps/UEDPCMenu_Main.umap
[2017.04.02-13.38.23:385][182]LogEditorTransaction: Undo Spawn Play From Here Start
[2017.04.02-13.39.29:159][ 84]LogUObjectHash:Warning: Ambiguous search, could be CanvasPanel /Game/ZTD_Blueprint/Blueprints/Menu/MainMenu.MainMenu:WidgetTree.CanvasPanel_0 or CanvasPanel /Game/ZTD_Blueprint/Blueprints/Menu/MapSelect.MapSelect:WidgetTree.CanvasPanel_0
[2017.04.02-13.39.29:159][ 84]LogUObjectHash:Warning: Ambiguous search, could be CanvasPanel /Game/ZTD_Blueprint/Blueprints/Menu/MainMenu.MainMenu:WidgetTree.CanvasPanel_0 or CanvasPanel /Game/ZTD_Blueprint/Blueprints/Menu/MapSelect.MapSelect_C:WidgetTree.CanvasPanel_0
[2017.04.02-13.39.29:159][ 84]LogUObjectHash:Warning: Ambiguous search, could be CanvasPanel /Game/ZTD_Blueprint/Blueprints/Menu/MainMenu.MainMenu:WidgetTree.CanvasPanel_0 or CanvasPanel /Game/ZTD_Blueprint/Blueprints/Menu/MainMenu.MainMenu_C:WidgetTree.CanvasPanel_0
[2017.04.02-13.39.29:159][ 84]LogUObjectHash:Warning: Ambiguous search, could be CanvasPanel /Game/ZTD_Blueprint/Blueprints/Menu/MainMenu.MainMenu:WidgetTree.CanvasPanel_0 or CanvasPanel /Game/ZTD_Blueprint/Blueprints/Game_UI/Pause_menu.Pause_menu:WidgetTree.CanvasPanel_0
[2017.04.02-13.39.29:159][ 84]LogUObjectHash:Warning: Ambiguous search, could be CanvasPanel /Game/ZTD_Blueprint/Blueprints/Menu/MainMenu.MainMenu:WidgetTree.CanvasPanel_0 or CanvasPanel /Game/ZTD_Blueprint/Blueprints/HUD/Reticle.Reticle:WidgetTree.CanvasPanel_0
[2017.04.02-13.39.29:159][ 84]LogUObjectHash:Warning: Ambiguous search, could be CanvasPanel /Game/ZTD_Blueprint/Blueprints/Menu/MainMenu.MainMenu:WidgetTree.CanvasPanel_0 or CanvasPanel /Game/ZTD_Blueprint/Blueprints/HUD/Reticle.Reticle_C:WidgetTree.CanvasPanel_0
[2017.04.02-13.39.29:159][ 84]LogUObjectHash:Warning: Ambiguous search, could be CanvasPanel /Game/ZTD_Blueprint/Blueprints/Menu/MainMenu.MainMenu:WidgetTree.CanvasPanel_0 or CanvasPanel /Engine/Transient.World_7:Pause_menu_C_3.WidgetTree.CanvasPanel_0
[2017.04.02-13.39.29:159][ 84]LogUObjectHash:Warning: Ambiguous search, could be CanvasPanel /Game/ZTD_Blueprint/Blueprints/Menu/MainMenu.MainMenu:WidgetTree.CanvasPanel_0 or CanvasPanel /Engine/Transient.World_7:Pause_menu_C_4.WidgetTree.CanvasPanel_0
[2017.04.02-13.39.29:159][ 84]LogUObjectHash:Warning: Ambiguous search, could be CanvasPanel /Game/ZTD_Blueprint/Blueprints/Menu/MainMenu.MainMenu:WidgetTree.CanvasPanel_0 or CanvasPanel /Game/ZTD_Blueprint/Blueprints/Game_UI/Pause_menu.Pause_menu_C:WidgetTree.CanvasPanel_0
[2017.04.02-13.39.29:159][ 84]LogUObjectHash:Warning: Ambiguous search, could be CanvasPanelSlot /Game/ZTD_Blueprint/Blueprints/Menu/MapSelect.MapSelect:WidgetTree.CanvasPanel_0.CanvasPanelSlot_0 or CanvasPanelSlot /Game/ZTD_Blueprint/Blueprints/Menu/MapSelect.MapSelect_C:WidgetTree.CanvasPanel_0.CanvasPanelSlot_0
[2017.04.02-13.39.29:159][ 84]LogUObjectHash:Warning: Ambiguous search, could be CanvasPanelSlot /Game/ZTD_Blueprint/Blueprints/Menu/MapSelect.MapSelect:WidgetTree.CanvasPanel_0.CanvasPanelSlot_0 or CanvasPanelSlot /Game/ZTD_Blueprint/Blueprints/Game_UI/Pause_menu.Pause_menu:WidgetTree.CanvasPanel_0.CanvasPanelSlot_0
[2017.04.02-13.39.29:159][ 84]LogUObjectHash:Warning: Ambiguous search, could be CanvasPanelSlot /Game/ZTD_Blueprint/Blueprints/Menu/MapSelect.MapSelect:WidgetTree.CanvasPanel_0.CanvasPanelSlot_0 or CanvasPanelSlot /Game/ZTD_Blueprint/Blueprints/HUD/Reticle.Reticle:WidgetTree.CanvasPanel_0.CanvasPanelSlot_0
[2017.04.02-13.39.29:159][ 84]LogUObjectHash:Warning: Ambiguous search, could be CanvasPanelSlot /Game/ZTD_Blueprint/Blueprints/Menu/MapSelect.MapSelect:WidgetTree.CanvasPanel_0.CanvasPanelSlot_0 or CanvasPanelSlot /Game/ZTD_Blueprint/Blueprints/HUD/Reticle.Reticle_C:WidgetTree.CanvasPanel_0.CanvasPanelSlot_0
[2017.04.02-13.39.29:159][ 84]LogUObjectHash:Warning: Ambiguous search, could be CanvasPanelSlot /Game/ZTD_Blueprint/Blueprints/Menu/MapSelect.MapSelect:WidgetTree.CanvasPanel_0.CanvasPanelSlot_0 or CanvasPanelSlot /Engine/Transient.World_7:Pause_menu_C_3.WidgetTree.CanvasPanel_0.CanvasPanelSlot_0
[2017.04.02-13.39.29:159][ 84]LogUObjectHash:Warning: Ambiguous search, could be CanvasPanelSlot /Game/ZTD_Blueprint/Blueprints/Menu/MapSelect.MapSelect:WidgetTree.CanvasPanel_0.CanvasPanelSlot_0 or CanvasPanelSlot /Engine/Transient.World_7:Pause_menu_C_4.WidgetTree.CanvasPanel_0.CanvasPanelSlot_0
[2017.04.02-13.39.29:159][ 84]LogUObjectHash:Warning: Ambiguous search, could be CanvasPanelSlot /Game/ZTD_Blueprint/Blueprints/Menu/MapSelect.MapSelect:WidgetTree.CanvasPanel_0.CanvasPanelSlot_0 or CanvasPanelSlot /Game/ZTD_Blueprint/Blueprints/Game_UI/Pause_menu.Pause_menu_C:WidgetTree.CanvasPanel_0.CanvasPanelSlot_0
[2017.04.02-13.39.29:159][ 84]LogProperty:Warning: Illegal TEXT reference to a private object in external package (CanvasPanelSlot /Game/ZTD_Blueprint/Blueprints/Menu/MapSelect.MapSelect:WidgetTree.CanvasPanel_0.CanvasPanelSlot_0) from referencer (Button /Engine/UMG/Editor/Transient.ResumeButton).  Import failed...
[2017.04.02-13.39.29:159][ 84]LogProperty:Warning: ObjectProperty /Script/UMG.Widget:Slot: unresolved reference to 'CanvasPanelSlot'CanvasPanel_0.CanvasPanelSlot_0''
[2017.04.02-13.41.53:057][302]Cmd: OBJ SAVEPACKAGE PACKAGE="/Game/ZTD_Blueprint/Blueprints/Game_UI/Pause_menu" FILE="../../../../../Zombie_TowerDefense/Content/ZTD_Blueprint/Blueprints/Game_UI/Pause_menu.uasset" SILENT=true
[2017.04.02-13.41.53:418][302]LogSavePackage: Save=348.96ms
[2017.04.02-13.41.53:418][302]LogSavePackage: Moving '../../../../../Zombie_TowerDefense/Saved/Pause_menuC3BF8BD2497387EF7A0EA09B1602747A.tmp' to '../../../../../Zombie_TowerDefense/Content/ZTD_Blueprint/Blueprints/Game_UI/Pause_menu.uasset'
[2017.04.02-13.41.53:419][302]LogSavePackage:Display: Finished SavePackage ../../../../../Zombie_TowerDefense/Content/ZTD_Blueprint/Blueprints/Game_UI/Pause_menu.uasset
[2017.04.02-13.42.05:436][921]BlueprintLog: New page: Compile Player_Controller
[2017.04.02-13.43.46:013][608]Cmd: OBJ SAVEPACKAGE PACKAGE="/Game/ZTD_Blueprint/Blueprints/Player_Controller" FILE="../../../../../Zombie_TowerDefense/Content/ZTD_Blueprint/Blueprints/Player_Controller.uasset" SILENT=true
[2017.04.02-13.43.46:074][608]LogSavePackage: Save=52.32ms
[2017.04.02-13.43.46:074][608]LogSavePackage: Moving '../../../../../Zombie_TowerDefense/Saved/Player_ControllerC099B6F74D81698A5EA674964BDACF8D.tmp' to '../../../../../Zombie_TowerDefense/Content/ZTD_Blueprint/Blueprints/Player_Controller.uasset'
[2017.04.02-13.43.46:075][608]LogSavePackage:Display: Finished SavePackage ../../../../../Zombie_TowerDefense/Content/ZTD_Blueprint/Blueprints/Player_Controller.uasset
[2017.04.02-13.44.10:702][963]LogStats: FPlatformStackWalk::StackWalkAndDump -  0.153 s
[2017.04.02-13.44.10:702][963]LogOutputDevice:Error: === Handled ensure: ===
[2017.04.02-13.44.10:702][963]LogOutputDevice:Error: 
[2017.04.02-13.44.10:702][963]LogOutputDevice:Error: Ensure condition failed: !PreviewSlateWidgetWeak.IsValid() [File:D:\Build\++UE4+Release-4.14+Compile\Sync\Engine\Source\Editor\UMGEditor\Private\WidgetBlueprintEditor.cpp] [Line: 768]
[2017.04.02-13.44.10:702][963]LogOutputDevice:Error: 
[2017.04.02-13.44.10:702][963]LogOutputDevice:Error: Stack: 
[2017.04.02-13.44.10:702][963]LogOutputDevice:Error: UE4Editor-Core.dll
[2017.04.02-13.44.10:703][963]LogOutputDevice:Error: UE4Editor-Core.dll
[2017.04.02-13.44.10:703][963]LogOutputDevice:Error: UE4Editor-Core.dll
[2017.04.02-13.44.10:703][963]LogOutputDevice:Error: UE4Editor-UMGEditor.dll
[2017.04.02-13.44.10:703][963]LogOutputDevice:Error: UE4Editor-UMGEditor.dll
[2017.04.02-13.44.10:703][963]LogOutputDevice:Error: UE4Editor-Kismet.dll
[2017.04.02-13.44.10:703][963]LogOutputDevice:Error: UE4Editor-Kismet.dll
[2017.04.02-13.44.10:703][963]LogOutputDevice:Error: UE4Editor-Engine.dll
[2017.04.02-13.44.10:703][963]LogOutputDevice:Error: UE4Editor-UnrealEd.dll
[2017.04.02-13.44.10:703][963]LogOutputDevice:Error: UE4Editor-UMGEditor.dll
[2017.04.02-13.44.10:703][963]LogOutputDevice:Error: UE4Editor-UMGEditor.dll
[2017.04.02-13.44.10:703][963]LogOutputDevice:Error: UE4Editor-UMGEditor.dll
[2017.04.02-13.44.10:703][963]LogOutputDevice:Error: UE4Editor-UMGEditor.dll
[2017.04.02-13.44.10:703][963]LogOutputDevice:Error: UE4Editor-Slate.dll
[2017.04.02-13.44.10:703][963]LogOutputDevice:Error: UE4Editor-Slate.dll
[2017.04.02-13.44.10:703][963]LogOutputDevice:Error: UE4Editor-Slate.dll
[2017.04.02-13.44.10:703][963]LogOutputDevice:Error: UE4Editor-Slate.dll
[2017.04.02-13.44.10:703][963]LogOutputDevice:Error: UE4Editor-UMGEditor.dll
[2017.04.02-13.44.10:703][963]LogOutputDevice:Error: UE4Editor-UMGEditor.dll
[2017.04.02-13.44.10:703][963]LogOutputDevice:Error: UE4Editor-UMGEditor.dll
[2017.04.02-13.44.10:703][963]LogOutputDevice:Error: UE4Editor-UMGEditor.dll
[2017.04.02-13.44.10:703][963]LogOutputDevice:Error: UE4Editor-UMGEditor.dll
[2017.04.02-13.44.10:703][963]LogOutputDevice:Error: UE4Editor-UMGEditor.dll
[2017.04.02-13.44.10:703][963]LogOutputDevice:Error: UE4Editor-UMGEditor.dll
[2017.04.02-13.44.10:703][963]LogOutputDevice:Error: UE4Editor-Slate.dll
[2017.04.02-13.44.10:703][963]LogOutputDevice:Error: UE4Editor-Slate.dll
[2017.04.02-13.44.10:703][963]LogOutputDevice:Error: UE4Editor-Slate.dll
[2017.04.02-13.44.10:703][963]LogOutputDevice:Error: UE4Editor-Slate.dll
[2017.04.02-13.44.10:703][963]LogOutputDevice:Error: UE4Editor-Slate.dll
[2017.04.02-13.44.10:703][963]LogOutputDevice:Error: UE4Editor-Core.dll
[2017.04.02-13.44.10:703][963]LogOutputDevice:Error: UE4Editor-Core.dll
[2017.04.02-13.44.10:703][963]LogOutputDevice:Error: UE4Editor-Core.dll
[2017.04.02-13.44.10:703][963]LogOutputDevice:Error: UE4Editor-Core.dll
[2017.04.02-13.44.10:703][963]LogOutputDevice:Error: USER32.dll
[2017.04.02-13.44.10:703][963]LogOutputDevice:Error: USER32.dll
[2017.04.02-13.44.10:703][963]LogOutputDevice:Error: UE4Editor-Core.dll
[2017.04.02-13.44.10:703][963]LogOutputDevice:Error: UE4Editor.exe
[2017.04.02-13.44.10:703][963]LogOutputDevice:Error: UE4Editor.exe
[2017.04.02-13.44.10:703][963]LogOutputDevice:Error: UE4Editor.exe
[2017.04.02-13.44.10:703][963]LogOutputDevice:Error: UE4Editor.exe
[2017.04.02-13.44.10:703][963]LogOutputDevice:Error: UE4Editor.exe
[2017.04.02-13.44.10:703][963]LogOutputDevice:Error: kernel32.dll
[2017.04.02-13.44.10:703][963]LogOutputDevice:Error: ntdll.dll
[2017.04.02-13.44.10:703][963]LogOutputDevice:Error: 
[2017.04.02-13.44.10:711][963]LogStats:                SubmitErrorReport -  0.000 s
