Log file open, 03/30/17 02:55:26
LogInit:Display: Running engine for game: Zombie_Tower_Defense
LogPlatformFile: Not using cached read wrapper
LogInit:Display: RandInit(1274193821) SRandInit(1274193821).
LogTaskGraph: Started task graph with 5 named threads and 8 total threads with 1 sets of task threads.
LogStats: Stats thread started at 5.862410
LogPluginManager: Loaded Plugin Paper2D, From B:/Unreal Engine 4.14.3/UE_4.14/Engine/Plugins/2D/Paper2D/Paper2D.uplugin
LogPluginManager: Loaded Plugin LightPropagationVolume, From B:/Unreal Engine 4.14.3/UE_4.14/Engine/Plugins/Blendables/LightPropagationVolume/LightPropagationVolume.uplugin
LogPluginManager: Loaded Plugin BlankPlugin, From B:/Unreal Engine 4.14.3/UE_4.14/Engine/Plugins/Developer/BlankPlugin/BlankPlugin.uplugin
LogPluginManager: Loaded Plugin CodeLiteSourceCodeAccess, From B:/Unreal Engine 4.14.3/UE_4.14/Engine/Plugins/Developer/CodeLiteSourceCodeAccess/CodeLiteSourceCodeAccess.uplugin
LogPluginManager: Loaded Plugin GitSourceControl, From B:/Unreal Engine 4.14.3/UE_4.14/Engine/Plugins/Developer/GitSourceControl/GitSourceControl.uplugin
LogPluginManager: Loaded Plugin KDevelopSourceCodeAccess, From B:/Unreal Engine 4.14.3/UE_4.14/Engine/Plugins/Developer/KDevelopSourceCodeAccess/KDevelopSourceCodeAccess.uplugin
LogPluginManager: Loaded Plugin NullSourceCodeAccess, From B:/Unreal Engine 4.14.3/UE_4.14/Engine/Plugins/Developer/NullSourceCodeAccess/NullSourceCodeAccess.uplugin
LogPluginManager: Loaded Plugin OneSkyLocalizationService, From B:/Unreal Engine 4.14.3/UE_4.14/Engine/Plugins/Developer/OneSkyLocalizationService/OneSkyLocalizationService.uplugin
LogPluginManager: Loaded Plugin PerforceSourceControl, From B:/Unreal Engine 4.14.3/UE_4.14/Engine/Plugins/Developer/PerforceSourceControl/PerforceSourceControl.uplugin
LogPluginManager: Loaded Plugin SubversionSourceControl, From B:/Unreal Engine 4.14.3/UE_4.14/Engine/Plugins/Developer/SubversionSourceControl/SubversionSourceControl.uplugin
LogPluginManager: Loaded Plugin UObjectPlugin, From B:/Unreal Engine 4.14.3/UE_4.14/Engine/Plugins/Developer/UObjectPlugin/UObjectPlugin.uplugin
LogPluginManager: Loaded Plugin VisualStudioSourceCodeAccess, From B:/Unreal Engine 4.14.3/UE_4.14/Engine/Plugins/Developer/VisualStudioSourceCodeAccess/VisualStudioSourceCodeAccess.uplugin
LogPluginManager: Loaded Plugin XCodeSourceCodeAccess, From B:/Unreal Engine 4.14.3/UE_4.14/Engine/Plugins/Developer/XCodeSourceCodeAccess/XCodeSourceCodeAccess.uplugin
LogPluginManager: Loaded Plugin AudioCapture, From B:/Unreal Engine 4.14.3/UE_4.14/Engine/Plugins/Editor/AudioCapture/AudioCapture.uplugin
LogPluginManager: Loaded Plugin EpicSurvey, From B:/Unreal Engine 4.14.3/UE_4.14/Engine/Plugins/Editor/EpicSurvey/EpicSurvey.uplugin
LogPluginManager: Loaded Plugin MacGraphicsSwitching, From B:/Unreal Engine 4.14.3/UE_4.14/Engine/Plugins/Editor/MacGraphicsSwitching/MacGraphicsSwitching.uplugin
LogPluginManager: Loaded Plugin MobileLauncherProfileWizard, From B:/Unreal Engine 4.14.3/UE_4.14/Engine/Plugins/Editor/MobileLauncherProfileWizard/MobileLauncherProfileWizard.uplugin
LogPluginManager: Loaded Plugin PluginBrowser, From B:/Unreal Engine 4.14.3/UE_4.14/Engine/Plugins/Editor/PluginBrowser/PluginBrowser.uplugin
LogPluginManager: Loaded Plugin SpeedTreeImporter, From B:/Unreal Engine 4.14.3/UE_4.14/Engine/Plugins/Editor/SpeedTreeImporter/SpeedTreeImporter.uplugin
LogPluginManager: Loaded Plugin SuperSearchEditor, From B:/Unreal Engine 4.14.3/UE_4.14/Engine/Plugins/Editor/SuperSearchEditor/SuperSearchEditor.uplugin
LogPluginManager: Loaded Plugin AlembicImporter, From B:/Unreal Engine 4.14.3/UE_4.14/Engine/Plugins/Experimental/AlembicImporter/AlembicImporter.uplugin
LogPluginManager: Loaded Plugin BlueprintStats, From B:/Unreal Engine 4.14.3/UE_4.14/Engine/Plugins/Experimental/BlueprintStats/BlueprintStats.uplugin
LogPluginManager: Loaded Plugin CharacterAI, From B:/Unreal Engine 4.14.3/UE_4.14/Engine/Plugins/Experimental/CharacterAI/CharacterAI.uplugin
LogPluginManager: Loaded Plugin CodeEditor, From B:/Unreal Engine 4.14.3/UE_4.14/Engine/Plugins/Experimental/CodeEditor/CodeEditor.uplugin
LogPluginManager: Loaded Plugin CodeView, From B:/Unreal Engine 4.14.3/UE_4.14/Engine/Plugins/Experimental/CodeView/CodeView.uplugin
LogPluginManager: Loaded Plugin HTML5Networking, From B:/Unreal Engine 4.14.3/UE_4.14/Engine/Plugins/Experimental/HTML5Networking/HTML5Networking.uplugin
LogPluginManager: Loaded Plugin OSVR, From B:/Unreal Engine 4.14.3/UE_4.14/Engine/Plugins/Experimental/OSVR/OSVR.uplugin
LogPluginManager: Loaded Plugin Phya, From B:/Unreal Engine 4.14.3/UE_4.14/Engine/Plugins/Experimental/Phya/Phya.uplugin
LogPluginManager: Loaded Plugin SignificanceManager, From B:/Unreal Engine 4.14.3/UE_4.14/Engine/Plugins/Experimental/SignificanceManager/SignificanceManager.uplugin
LogPluginManager: Loaded Plugin SimpleHMD, From B:/Unreal Engine 4.14.3/UE_4.14/Engine/Plugins/Experimental/SimpleHMD/SimpleHMD.uplugin
LogPluginManager: Loaded Plugin StereoPanorama, From B:/Unreal Engine 4.14.3/UE_4.14/Engine/Plugins/Experimental/StereoPanorama/StereoPanorama.uplugin
LogPluginManager: Loaded Plugin StructBox, From B:/Unreal Engine 4.14.3/UE_4.14/Engine/Plugins/Experimental/StructBox/StructBox.uplugin
LogPluginManager: Loaded Plugin AndroidMedia, From B:/Unreal Engine 4.14.3/UE_4.14/Engine/Plugins/Media/AndroidMedia/AndroidMedia.uplugin
LogPluginManager: Loaded Plugin AvfMedia, From B:/Unreal Engine 4.14.3/UE_4.14/Engine/Plugins/Media/AvfMedia/AvfMedia.uplugin
LogPluginManager: Loaded Plugin MediaPlayerEditor, From B:/Unreal Engine 4.14.3/UE_4.14/Engine/Plugins/Media/MediaPlayerEditor/MediaPlayerEditor.uplugin
LogPluginManager: Loaded Plugin WmfMedia, From B:/Unreal Engine 4.14.3/UE_4.14/Engine/Plugins/Media/WmfMedia/WmfMedia.uplugin
LogPluginManager: Loaded Plugin MessagingDebugger, From B:/Unreal Engine 4.14.3/UE_4.14/Engine/Plugins/Messaging/MessagingDebugger/MessagingDebugger.uplugin
LogPluginManager: Loaded Plugin TcpMessaging, From B:/Unreal Engine 4.14.3/UE_4.14/Engine/Plugins/Messaging/TcpMessaging/TcpMessaging.uplugin
LogPluginManager: Loaded Plugin UdpMessaging, From B:/Unreal Engine 4.14.3/UE_4.14/Engine/Plugins/Messaging/UdpMessaging/UdpMessaging.uplugin
LogPluginManager: Loaded Plugin LevelSequenceEditor, From B:/Unreal Engine 4.14.3/UE_4.14/Engine/Plugins/MovieScene/LevelSequenceEditor/LevelSequenceEditor.uplugin
LogPluginManager: Loaded Plugin MatineeToLevelSequence, From B:/Unreal Engine 4.14.3/UE_4.14/Engine/Plugins/MovieScene/MatineeToLevelSequence/MatineeToLevelSequence.uplugin
LogPluginManager: Loaded Plugin NetcodeUnitTest, From B:/Unreal Engine 4.14.3/UE_4.14/Engine/Plugins/NetcodeUnitTest/NetcodeUnitTest/NetcodeUnitTest.uplugin
LogPluginManager: Loaded Plugin NUTUnrealEngine4, From B:/Unreal Engine 4.14.3/UE_4.14/Engine/Plugins/NetcodeUnitTest/NUTUnrealEngine4/NUTUnrealEngine4.uplugin
LogPluginManager: Loaded Plugin OnlineSubsystemGameCircle, From B:/Unreal Engine 4.14.3/UE_4.14/Engine/Plugins/Online/Android/OnlineSubsystemGameCircle/OnlineSubsystemGameCircle.uplugin
LogPluginManager: Loaded Plugin OnlineSubsystemGooglePlay, From B:/Unreal Engine 4.14.3/UE_4.14/Engine/Plugins/Online/Android/OnlineSubsystemGooglePlay/OnlineSubsystemGooglePlay.uplugin
LogPluginManager: Loaded Plugin OnlineSubsystemIOS, From B:/Unreal Engine 4.14.3/UE_4.14/Engine/Plugins/Online/IOS/OnlineSubsystemIOS/OnlineSubsystemIOS.uplugin
LogPluginManager: Loaded Plugin OnlineFramework, From B:/Unreal Engine 4.14.3/UE_4.14/Engine/Plugins/Online/OnlineFramework/OnlineFramework.uplugin
LogPluginManager: Loaded Plugin OnlineSubsystem, From B:/Unreal Engine 4.14.3/UE_4.14/Engine/Plugins/Online/OnlineSubsystem/OnlineSubsystem.uplugin
LogPluginManager: Loaded Plugin OnlineSubsystemAmazon, From B:/Unreal Engine 4.14.3/UE_4.14/Engine/Plugins/Online/OnlineSubsystemAmazon/OnlineSubsystemAmazon.uplugin
LogPluginManager: Loaded Plugin OnlineSubsystemFacebook, From B:/Unreal Engine 4.14.3/UE_4.14/Engine/Plugins/Online/OnlineSubsystemFacebook/OnlineSubsystemFacebook.uplugin
LogPluginManager: Loaded Plugin OnlineSubsystemNull, From B:/Unreal Engine 4.14.3/UE_4.14/Engine/Plugins/Online/OnlineSubsystemNull/OnlineSubsystemNull.uplugin
LogPluginManager: Loaded Plugin OnlineSubsystemOculus, From B:/Unreal Engine 4.14.3/UE_4.14/Engine/Plugins/Online/OnlineSubsystemOculus/OnlineSubsystemOculus.uplugin
LogPluginManager: Loaded Plugin OnlineSubsystemSteam, From B:/Unreal Engine 4.14.3/UE_4.14/Engine/Plugins/Online/OnlineSubsystemSteam/OnlineSubsystemSteam.uplugin
LogPluginManager: Loaded Plugin OnlineSubsystemUtils, From B:/Unreal Engine 4.14.3/UE_4.14/Engine/Plugins/Online/OnlineSubsystemUtils/OnlineSubsystemUtils.uplugin
LogPluginManager: Loaded Plugin IOSTapJoy, From B:/Unreal Engine 4.14.3/UE_4.14/Engine/Plugins/Runtime/Advertising/IOSTapJoy/IOSTapJoy.uplugin
LogPluginManager: Loaded Plugin AnalyticsBlueprintLibrary, From B:/Unreal Engine 4.14.3/UE_4.14/Engine/Plugins/Runtime/Analytics/AnalyticsBlueprintLibrary/AnalyticsBlueprintLibrary.uplugin
LogPluginManager: Loaded Plugin AnalyticsMulticast, From B:/Unreal Engine 4.14.3/UE_4.14/Engine/Plugins/Runtime/Analytics/AnalyticsMulticast/AnalyticsMulticast.uplugin
LogPluginManager: Loaded Plugin Apsalar, From B:/Unreal Engine 4.14.3/UE_4.14/Engine/Plugins/Runtime/Analytics/Apsalar/Apsalar.uplugin
LogPluginManager: Loaded Plugin FileLogging, From B:/Unreal Engine 4.14.3/UE_4.14/Engine/Plugins/Runtime/Analytics/FileLogging/FileLogging.uplugin
LogPluginManager: Loaded Plugin Flurry, From B:/Unreal Engine 4.14.3/UE_4.14/Engine/Plugins/Runtime/Analytics/Flurry/Flurry.uplugin
LogPluginManager: Loaded Plugin AndroidDeviceProfileSelector, From B:/Unreal Engine 4.14.3/UE_4.14/Engine/Plugins/Runtime/AndroidDeviceProfileSelector/AndroidDeviceProfileSelector.uplugin
LogPluginManager: Loaded Plugin AndroidMoviePlayer, From B:/Unreal Engine 4.14.3/UE_4.14/Engine/Plugins/Runtime/AndroidMoviePlayer/AndroidMoviePlayer.uplugin
LogPluginManager: Loaded Plugin AppleMoviePlayer, From B:/Unreal Engine 4.14.3/UE_4.14/Engine/Plugins/Runtime/AppleMoviePlayer/AppleMoviePlayer.uplugin
LogPluginManager: Loaded Plugin ArchVisCharacter, From B:/Unreal Engine 4.14.3/UE_4.14/Engine/Plugins/Runtime/ArchVisCharacter/ArchVisCharacter.uplugin
LogPluginManager: Loaded Plugin CableComponent, From B:/Unreal Engine 4.14.3/UE_4.14/Engine/Plugins/Runtime/CableComponent/CableComponent.uplugin
LogPluginManager: Loaded Plugin CustomMeshComponent, From B:/Unreal Engine 4.14.3/UE_4.14/Engine/Plugins/Runtime/CustomMeshComponent/CustomMeshComponent.uplugin
LogPluginManager: Loaded Plugin ExampleDeviceProfileSelector, From B:/Unreal Engine 4.14.3/UE_4.14/Engine/Plugins/Runtime/ExampleDeviceProfileSelector/ExampleDeviceProfileSelector.uplugin
LogPluginManager: Loaded Plugin GearVR, From B:/Unreal Engine 4.14.3/UE_4.14/Engine/Plugins/Runtime/GearVR/GearVR.uplugin
LogPluginManager: Loaded Plugin GoogleVRController, From B:/Unreal Engine 4.14.3/UE_4.14/Engine/Plugins/Runtime/GoogleVR/GoogleVRController/GoogleVRController.uplugin
LogPluginManager: Loaded Plugin GoogleVRHMD, From B:/Unreal Engine 4.14.3/UE_4.14/Engine/Plugins/Runtime/GoogleVR/GoogleVRHMD/GoogleVRHMD.uplugin
LogPluginManager: Loaded Plugin IOSDeviceProfileSelector, From B:/Unreal Engine 4.14.3/UE_4.14/Engine/Plugins/Runtime/IOSDeviceProfileSelector/IOSDeviceProfileSelector.uplugin
LogPluginManager: Loaded Plugin LeapMotion, From B:/Unreal Engine 4.14.3/UE_4.14/Engine/Plugins/Runtime/LeapMotion/LeapMotion.uplugin
LogPluginManager: Loaded Plugin LinuxDeviceProfileSelector, From B:/Unreal Engine 4.14.3/UE_4.14/Engine/Plugins/Runtime/LinuxDeviceProfileSelector/LinuxDeviceProfileSelector.uplugin
LogPluginManager: Loaded Plugin MIDIDevice, From B:/Unreal Engine 4.14.3/UE_4.14/Engine/Plugins/Runtime/MIDIDevice/MIDIDevice.uplugin
LogPluginManager: Loaded Plugin MobilePatchingUtils, From B:/Unreal Engine 4.14.3/UE_4.14/Engine/Plugins/Runtime/MobilePatchingUtils/MobilePatchingUtils.uplugin
LogPluginManager: Loaded Plugin Ansel, From B:/Unreal Engine 4.14.3/UE_4.14/Engine/Plugins/Runtime/Nvidia/Ansel/Ansel.uplugin
LogPluginManager: Loaded Plugin OculusAudio, From B:/Unreal Engine 4.14.3/UE_4.14/Engine/Plugins/Runtime/OculusAudio/OculusAudio.uplugin
LogPluginManager: Loaded Plugin OculusInput, From B:/Unreal Engine 4.14.3/UE_4.14/Engine/Plugins/Runtime/OculusInput/OculusInput.uplugin
LogPluginManager: Loaded Plugin OculusLibrary, From B:/Unreal Engine 4.14.3/UE_4.14/Engine/Plugins/Runtime/OculusLibrary/OculusLibrary.uplugin
LogPluginManager: Loaded Plugin OculusRift, From B:/Unreal Engine 4.14.3/UE_4.14/Engine/Plugins/Runtime/OculusRift/OculusRift.uplugin
LogPluginManager: Loaded Plugin Oodle, From B:/Unreal Engine 4.14.3/UE_4.14/Engine/Plugins/Runtime/PacketHandlers/CompressionComponents/Oodle/Oodle.uplugin
LogPluginManager: Loaded Plugin ProceduralMeshComponent, From B:/Unreal Engine 4.14.3/UE_4.14/Engine/Plugins/Runtime/ProceduralMeshComponent/ProceduralMeshComponent.uplugin
LogPluginManager: Loaded Plugin SoundMod, From B:/Unreal Engine 4.14.3/UE_4.14/Engine/Plugins/Runtime/SoundMod/SoundMod.uplugin
LogPluginManager: Loaded Plugin SoundVisualizations, From B:/Unreal Engine 4.14.3/UE_4.14/Engine/Plugins/Runtime/SoundVisualizations/SoundVisualizations.uplugin
LogPluginManager: Loaded Plugin SteamController, From B:/Unreal Engine 4.14.3/UE_4.14/Engine/Plugins/Runtime/Steam/SteamController/SteamController.uplugin
LogPluginManager: Loaded Plugin SteamVR, From B:/Unreal Engine 4.14.3/UE_4.14/Engine/Plugins/Runtime/Steam/SteamVR/SteamVR.uplugin
LogPluginManager: Loaded Plugin WebBrowserWidget, From B:/Unreal Engine 4.14.3/UE_4.14/Engine/Plugins/Runtime/WebBrowserWidget/WebBrowserWidget.uplugin
LogPluginManager: Loaded Plugin WindowsDeviceProfileSelector, From B:/Unreal Engine 4.14.3/UE_4.14/Engine/Plugins/Runtime/WindowsDeviceProfileSelector/WindowsDeviceProfileSelector.uplugin
LogPluginManager: Loaded Plugin WindowsMoviePlayer, From B:/Unreal Engine 4.14.3/UE_4.14/Engine/Plugins/Runtime/WindowsMoviePlayer/WindowsMoviePlayer.uplugin
LogPluginManager: Loaded Plugin ScriptPlugin, From B:/Unreal Engine 4.14.3/UE_4.14/Engine/Plugins/ScriptPlugin/ScriptPlugin.uplugin
LogPluginManager: Loaded Plugin SlateRemote, From B:/Unreal Engine 4.14.3/UE_4.14/Engine/Plugins/Slate/SlateRemote/SlateRemote.uplugin
LogPluginManager: Loaded Plugin EditorTests, From B:/Unreal Engine 4.14.3/UE_4.14/Engine/Plugins/Tests/EditorTests/EditorTests.uplugin
LogPluginManager: Loaded Plugin FbxAutomationTestBuilder, From B:/Unreal Engine 4.14.3/UE_4.14/Engine/Plugins/Tests/FbxAutomationTestBuilder/FbxAutomationTestBuilder.uplugin
LogPluginManager: Loaded Plugin FunctionalTestingEditor, From B:/Unreal Engine 4.14.3/UE_4.14/Engine/Plugins/Tests/FunctionalTestingEditor/FunctionalTestingEditor.uplugin
LogPluginManager: Loaded Plugin RuntimeTests, From B:/Unreal Engine 4.14.3/UE_4.14/Engine/Plugins/Tests/RuntimeTests/RuntimeTests.uplugin
LogPluginManager: Loaded Plugin ScreenshotTools, From B:/Unreal Engine 4.14.3/UE_4.14/Engine/Plugins/Tests/ScreenshotTools/ScreenshotTools.uplugin
LogInit: Using libcurl 7.47.1
LogInit:  - built for x86_64-pc-win32
LogInit:  - supports SSL with OpenSSL/1.0.2g
LogInit:  - supports HTTP deflate (compression) using libz 1.2.8
LogInit:  - other features:
LogInit:      CURL_VERSION_SSL
LogInit:      CURL_VERSION_LIBZ
LogInit:      CURL_VERSION_IPV6
LogInit:      CURL_VERSION_ASYNCHDNS
LogInit:      CURL_VERSION_LARGEFILE
LogInit:      CURL_VERSION_IDN
LogInit:  CurlRequestOptions (configurable via config and command line):
LogInit:  - bVerifyPeer = false  - Libcurl will NOT verify peer certificate
LogInit:  - bUseHttpProxy = false  - Libcurl will NOT use HTTP proxy
LogInit:  - bDontReuseConnections = false  - Libcurl will reuse connections
LogInit:  - CertBundlePath = nullptr  - Libcurl will use whatever was configured at build time.
LogInit: Build: ++UE4+Release-4.14-CL-3249277
LogInit: Engine Version: 4.14.3-3249277+++UE4+Release-4.14
LogInit: Compatible Engine Version: 4.14.0-3195953+++UE4+Release-4.14
LogInit: Net CL: 3195953
LogDevObjectVersion: Number of dev versions registered: 13
LogDevObjectVersion:   Dev-Blueprints (B0D832E4-1F89-4F0D-ACCF-7EB736FD4AA2): 7
LogDevObjectVersion:   Dev-Build (E1C64328-A22C-4D53-A36C-8E866417BD8C): 0
LogDevObjectVersion:   Dev-Core (375EC13C-06E4-48FB-B500-84F0262A717E): 1
LogDevObjectVersion:   Dev-Editor (E4B068ED-F494-42E9-A231-DA0B2E46BB41): 8
LogDevObjectVersion:   Dev-Framework (CFFC743F-43B0-4480-9391-14DF171D2073): 17
LogDevObjectVersion:   Dev-Mobile (B02B49B5-BB20-44E9-A304-32B752E40360): 0
LogDevObjectVersion:   Dev-Networking (A4E4105C-59A1-49B5-A7C5-40C4547EDFEE): 0
LogDevObjectVersion:   Dev-Online (39C831C9-5AE6-47DC-9A44-9C173E1C8E7C): 0
LogDevObjectVersion:   Dev-Physics (78F01B33-EBEA-4F98-B9B4-84EACCB95AA2): 0
LogDevObjectVersion:   Dev-Platform (6631380F-2D4D-43E0-8009-CF276956A95A): 0
LogDevObjectVersion:   Dev-Rendering (12F88B9F-8875-4AFC-A67C-D90C383ABD29): 12
LogDevObjectVersion:   Dev-Sequencer (7B5AE74C-D270-4C10-A958-57980B212A5A): 1
LogDevObjectVersion:   Dev-VR (D7296918-1DD6-4BDD-9DE2-64A83CC13884): 0
LogInit: Compiled (64-bit): Jan  6 2017 10:49:43
LogInit: Compiled with Visual C++: 19.00.23026.00
LogInit: Build Configuration: Development
LogInit: Branch Name: ++UE4+Release-4.14
LogInit: Command line:  
LogInit: Base directory: B:/Unreal Engine 4.14.3/UE_4.14/Engine/Binaries/Win64/
LogInit: Installed Engine Build: 1
LogInit: Presizing for max 8388607 objects, including 0 objects not considered by GC, pre-allocating 0 bytes for permanent pool.
LogInit: Object subsystem initialized
[2017.03.30-07.55.27:273][  0]LogInit: Selected Device Profile: [Windows]
[2017.03.30-07.55.27:273][  0]LogInit: Applying CVar settings loaded from the selected device profile: [Windows]
[2017.03.30-07.55.27:324][  0]LogInit: Computer: MASTACHIEF-PC
[2017.03.30-07.55.27:324][  0]LogInit: User: MASTACHIEF
[2017.03.30-07.55.27:324][  0]LogInit: CPU Page size=65536, Cores=4
[2017.03.30-07.55.27:324][  0]LogInit: High frequency timer resolution =3.330136 MHz
[2017.03.30-07.55.27:324][  0]LogMemory: Memory total: Physical=16.0GB (16GB approx)
[2017.03.30-07.55.27:324][  0]LogMemory: Platform Memory Stats for Windows
[2017.03.30-07.55.27:324][  0]LogMemory: Process Physical Memory: 264.89 MB used, 264.89 MB peak
[2017.03.30-07.55.27:324][  0]LogMemory: Process Virtual Memory: 264.32 MB used, 264.32 MB peak
[2017.03.30-07.55.27:324][  0]LogMemory: Physical Memory: 5025.05 MB used,  11314.52 MB free, 16339.57 MB total
[2017.03.30-07.55.27:324][  0]LogMemory: Virtual Memory: 659.89 MB used,  11314.52 MB free, 8388608.00 MB total
[2017.03.30-07.55.28:423][  0]LogTextLocalizationManager: No specific translations for ('en-US') exist, so ('en') translations will be used.
[2017.03.30-07.55.30:085][  0]LogD3D11RHI: D3D11 adapters:
[2017.03.30-07.55.30:294][  0]LogD3D11RHI:    0. 'NVIDIA GeForce GTX 970' (Feature Level 11_0)
[2017.03.30-07.55.30:294][  0]LogD3D11RHI:       4007/0/7913 MB DedicatedVideo/DedicatedSystem/SharedSystem, Outputs:1, VendorId:0x10de
[2017.03.30-07.55.30:294][  0]LogD3D11RHI: Chosen D3D11 Adapter: 0
[2017.03.30-07.55.30:299][  0]LogD3D11RHI: Creating new Direct3DDevice
[2017.03.30-07.55.30:299][  0]LogD3D11RHI:     GPU DeviceId: 0x13c2 (for the marketing name, search the web for "GPU Device Id")
[2017.03.30-07.55.30:299][  0]LogWindows: EnumDisplayDevices:
[2017.03.30-07.55.30:299][  0]LogWindows:    0. 'NVIDIA GeForce GTX 970' (P:1 D:1)
[2017.03.30-07.55.30:299][  0]LogWindows:    1. 'NVIDIA GeForce GTX 970' (P:0 D:0)
[2017.03.30-07.55.30:300][  0]LogWindows:    2. 'NVIDIA GeForce GTX 970' (P:0 D:0)
[2017.03.30-07.55.30:300][  0]LogWindows:    3. 'NVIDIA GeForce GTX 970' (P:0 D:0)
[2017.03.30-07.55.30:300][  0]LogWindows:    4. 'RDPDD Chained DD' (P:0 D:0)
[2017.03.30-07.55.30:300][  0]LogWindows:    5. 'RDP Encoder Mirror Driver' (P:0 D:0)
[2017.03.30-07.55.30:300][  0]LogWindows:    6. 'RDP Reflector Display Driver' (P:0 D:0)
[2017.03.30-07.55.30:300][  0]LogWindows: DebugString: GetVideoDriverDetailsInvalid PrimaryIsNotTheChoosenAdapter GetVideoDriverDetailsInvalid PrimaryIsNotTheChoosenAdapter GetVideoDriverDetailsInvalid PrimaryIsNotTheChoosenAdapter FoundDriverCount:4 
[2017.03.30-07.55.30:300][  0]LogD3D11RHI:     Adapter Name: NVIDIA GeForce GTX 970
[2017.03.30-07.55.30:300][  0]LogD3D11RHI:   Driver Version: 376.33 (internal:21.21.13.7633, unified:376.33)
[2017.03.30-07.55.30:300][  0]LogD3D11RHI:      Driver Date: 12-11-2016
[2017.03.30-07.55.30:300][  0]LogRHI: Texture pool is 1361 MB (70% of 1945 MB)
[2017.03.30-07.55.30:493][  0]LogD3D11RHI: Async texture creation enabled
[2017.03.30-07.55.30:849][  0]LogD3D11RHI: GPU Timing Frequency: 1000.000000 (Debug: 2 2)
[2017.03.30-07.55.30:931][  0]LogShaderCompilers: Guid format shader working directory is -7 characters bigger than the processId version (../../../../../UE4 Projects/ZombieStuff/Zombie_TowerDefense/Intermediate/Shaders/WorkingDirectory/4576/).
[2017.03.30-07.55.30:931][  0]LogShaderCompilers: Cleaned the shader compiler working directory 'C:/Users/MASTA CHIEF/AppData/Local/Temp/UnrealShaderWorkingDir/41A979774DD8EADBA21E2D88BF4EE14F/'.
[2017.03.30-07.55.30:931][  0]LogShaderCompilers:Display: Using Local Shader Compiler.
[2017.03.30-07.55.33:769][  0]LogTemp:Display: Loaded TP AllDesktopTargetPlatform
[2017.03.30-07.55.33:811][  0]LogTemp:Display: Loaded TP MacClientTargetPlatform
[2017.03.30-07.55.33:853][  0]LogTemp:Display: Loaded TP MacNoEditorTargetPlatform
[2017.03.30-07.55.33:895][  0]LogTemp:Display: Loaded TP MacServerTargetPlatform
[2017.03.30-07.55.33:943][  0]LogTemp:Display: Loaded TP MacTargetPlatform
[2017.03.30-07.55.33:985][  0]LogTemp:Display: Loaded TP WindowsClientTargetPlatform
[2017.03.30-07.55.34:027][  0]LogTemp:Display: Loaded TP WindowsNoEditorTargetPlatform
[2017.03.30-07.55.34:069][  0]LogTemp:Display: Loaded TP WindowsServerTargetPlatform
[2017.03.30-07.55.34:101][  0]LogTemp:Display: Loaded TP WindowsTargetPlatform
[2017.03.30-07.55.34:152][  0]LogTemp:Display: Loaded TP AndroidTargetPlatform
[2017.03.30-07.55.34:195][  0]LogTemp:Display: Loaded TP Android_ASTCTargetPlatform
[2017.03.30-07.55.34:237][  0]LogTemp:Display: Loaded TP Android_ATCTargetPlatform
[2017.03.30-07.55.34:279][  0]LogTemp:Display: Loaded TP Android_DXTTargetPlatform
[2017.03.30-07.55.34:320][  0]LogTemp:Display: Loaded TP Android_ETC1TargetPlatform
[2017.03.30-07.55.34:362][  0]LogTemp:Display: Loaded TP Android_ETC2TargetPlatform
[2017.03.30-07.55.34:444][  0]LogTemp:Display: Loaded TP Android_MultiTargetPlatform
[2017.03.30-07.55.34:444][  0]LogTemp:Display: Loaded TP Android_PVRTCTargetPlatform
[2017.03.30-07.55.34:468][  0]LogTemp:Display: Loaded TP HTML5TargetPlatform
[2017.03.30-07.55.34:619][  0]LogTemp:Display: Loaded TP IOSTargetPlatform
[2017.03.30-07.55.34:647][  0]LogTemp:Display: Loaded TP TVOSTargetPlatform
[2017.03.30-07.55.34:688][  0]LogTemp:Display: Loaded TP LinuxClientTargetPlatform
[2017.03.30-07.55.34:728][  0]LogTemp:Display: Loaded TP LinuxNoEditorTargetPlatform
[2017.03.30-07.55.34:769][  0]LogTemp:Display: Loaded TP LinuxServerTargetPlatform
[2017.03.30-07.55.34:833][  0]LogTemp:Display: Loaded TP LinuxTargetPlatform
[2017.03.30-07.55.34:833][  0]LogTargetPlatformManager:Display: Building Assets For Windows
[2017.03.30-07.55.35:624][  0]LogDerivedDataCache:Display: Max Cache Size: 512 MB
[2017.03.30-07.55.35:897][  0]LogDerivedDataCache: Loaded boot cache 0.27s 50MB C:/Users/MASTA CHIEF/AppData/Local/UnrealEngine/4.14/DerivedDataCache/Boot.ddc.
[2017.03.30-07.55.35:897][  0]LogDerivedDataCache:Display: Loaded Boot cache: C:/Users/MASTA CHIEF/AppData/Local/UnrealEngine/4.14/DerivedDataCache/Boot.ddc
[2017.03.30-07.55.35:897][  0]LogDerivedDataCache: FDerivedDataBackendGraph:  Pak pak cache file ../../../../../UE4 Projects/ZombieStuff/Zombie_TowerDefense/DerivedDataCache/DDC.ddp not found, will not use a pak cache.
[2017.03.30-07.55.35:897][  0]LogDerivedDataCache: Unable to find inner node Pak for hierarchical cache Hierarchy.
[2017.03.30-07.55.35:897][  0]LogDerivedDataCache: FDerivedDataBackendGraph:  CompressedPak pak cache file ../../../../../UE4 Projects/ZombieStuff/Zombie_TowerDefense/DerivedDataCache/Compressed.ddp not found, will not use a pak cache.
[2017.03.30-07.55.35:897][  0]LogDerivedDataCache: Unable to find inner node CompressedPak for hierarchical cache Hierarchy.
[2017.03.30-07.55.35:939][  0]LogDerivedDataCache:Display: Pak cache opened for reading ../../../Engine/DerivedDataCache/Compressed.ddp.
[2017.03.30-07.55.35:950][  0]LogDerivedDataCache: Using Local data cache path C:/Users/MASTA CHIEF/AppData/Local/UnrealEngine/Common/DerivedDataCache: Writable
[2017.03.30-07.55.40:431][  0]LogInit: Selected Device Profile: [Windows]
[2017.03.30-07.55.40:468][  0]LogContentStreaming: Texture pool size is 0.00 MB
[2017.03.30-07.55.41:535][  0]LogMeshUtilities: Using QuadricMeshReduction for automatic static mesh reduction
[2017.03.30-07.55.41:745][  0]LogSimplygon: Simplygon DLL not present - disabling.
[2017.03.30-07.55.41:780][  0]LogMeshUtilities: Using SimplygonSwarm for distributed automatic mesh merging
[2017.03.30-07.55.41:780][  0]LogMeshUtilities: No automatic skeletal mesh reduction module available
[2017.03.30-07.55.41:780][  0]LogMeshUtilities: No automatic mesh merging module available
[2017.03.30-07.55.47:158][  0]LogNetVersion: GetLocalNetworkVersion: CL: 3195953, ProjectName: zombie_tower_defense, ProjectVersion: , EngineNetworkVersion: 2, GameNetworkVersion: 0, NetworkChecksum: 2528811943
[2017.03.30-07.55.47:385][  0]LogAssetRegistry: FAssetRegistry took 0.0241 seconds to start up
[2017.03.30-07.55.47:524][  0]LogPackageLocalizationCache: Processed 3 localized package path(s) for 2 prioritized culture(s) in 0.039544 seconds
[2017.03.30-07.55.47:540][  0]LogUObjectArray: 31946 objects as part of root set at end of initial load.
[2017.03.30-07.55.47:540][  0]LogUObjectAllocator: 6935840 out of 0 bytes used by permanent object pool.
[2017.03.30-07.55.47:540][  0]LogUObjectArray: CloseDisregardForGC: 0/0 objects in disregard for GC pool
[2017.03.30-07.55.47:608][  0]LogInit: WinSock: version 1.1 (2.2), MaxSocks=32767, MaxUdp=65467
[2017.03.30-07.55.53:481][  0]LogSlate: Using Freetype 2.6.0
[2017.03.30-07.55.53:780][  0]LogSlate: SlateFontCache - WITH_FREETYPE: 1, WITH_HARFBUZZ: 1
[2017.03.30-07.55.53:780][  0]LogSlate: SlateFontCache - WITH_FREETYPE: 1, WITH_HARFBUZZ: 1
[2017.03.30-07.56.25:986][  0]LogTcpMessaging: Initializing TcpMessaging bridge
[2017.03.30-07.56.26:099][  0]LogUdpMessaging: Initializing bridge on interface 0.0.0.0:0 to multicast group 230.0.0.1:6666.
[2017.03.30-07.56.27:307][  0]LogMaterial: Uniform references updated for custom material expression Custom.
[2017.03.30-07.56.27:954][  0]SourceControl: Info Source control is disabled
[2017.03.30-07.56.27:957][  0]SourceControl: Info Source control is disabled
[2017.03.30-07.56.28:056][  0]SourceControl: Info Source control is disabled
[2017.03.30-07.56.28:140][  0]SourceControl: Info Source control is disabled
[2017.03.30-07.56.30:287][  0]LogEngine: Initializing Engine...
[2017.03.30-07.56.30:299][  0]LogHMD: Failed to initialize OpenVR with code 110
[2017.03.30-07.56.30:961][  0]LogAIModule: Creating AISystem for world Untitled
[2017.03.30-07.56.31:059][  0]LogInit: XAudio2 using 'Speakers (Realtek High Definition Audio)' : 8 channels at 48 kHz using 32 bits per sample (channel mask 0x63f)
[2017.03.30-07.56.31:081][  0]LogInit: FAudioDevice initialized.
[2017.03.30-07.56.31:104][  0]LogDerivedDataCache: Saved boot cache 0.02s 50MB C:/Users/MASTA CHIEF/AppData/Local/UnrealEngine/4.14/DerivedDataCache/Boot.ddc.
[2017.03.30-07.56.31:108][  0]LogInit: Texture streaming: Enabled
[2017.03.30-07.56.31:425][  0]LogInit: Transaction tracking system initialized
[2017.03.30-07.56.31:964][  0]BlueprintLog: New page: Editor Load
[2017.03.30-07.56.34:061][  0]LocalizationService: Info Localization service is disabled
[2017.03.30-07.56.35:254][  0]LogConsoleResponse:Display: 
[2017.03.30-07.56.35:837][  0]LogFileCache: Scanning file cache for directory 'B:/UE4 Projects/ZombieStuff/Zombie_TowerDefense/Content/' took 0.01s
[2017.03.30-07.56.35:837][  0]LogCook:Display: Max memory allowance for cook 16384mb min free memory 0mb
[2017.03.30-07.56.35:837][  0]LogCook:Display: Mobile HDR setting 1
[2017.03.30-07.56.37:294][  0]SourceControl: Info Source control is disabled
[2017.03.30-07.56.37:306][  0]Cmd: MAP LOAD FILE="../../../../../UE4 Projects/ZombieStuff/Zombie_TowerDefense/Content/TopDownBP/Maps/TopDownExampleMap.umap" TEMPLATE=0 SHOWPROGRESS=1 FEATURELEVEL=3
[2017.03.30-07.56.37:325][  0]LogEditorServer:Warning: Can't find file '../../../../../UE4 Projects/ZombieStuff/Zombie_TowerDefense/Content/TopDownBP/Maps/TopDownExampleMap.umap'
[2017.03.30-07.56.37:325][  0]Cmd: MAP CHECKDEP NOCLEARLOG
[2017.03.30-07.56.37:391][  0]MapCheck: Info Map check complete: 0 Error(s), 0 Warning(s), took 65.929ms to complete.
[2017.03.30-07.56.37:391][  0]LogFileHelpers: Loading map 'TopDownExampleMap' took 0.088
[2017.03.30-07.56.38:640][  0]LogCollectionManager: Loaded 0 collections in 0.001127 seconds
[2017.03.30-07.56.38:832][  0]LogFileCache: Scanning file cache for directory 'B:/UE4 Projects/ZombieStuff/Zombie_TowerDefense/Saved/Collections/' took 0.01s
[2017.03.30-07.56.38:832][  0]LogFileCache: Scanning file cache for directory 'B:/UE4 Projects/ZombieStuff/Zombie_TowerDefense/Content/Developers/MASTACHIEF/Collections/' took 0.01s
[2017.03.30-07.56.38:832][  0]LogFileCache: Scanning file cache for directory 'B:/UE4 Projects/ZombieStuff/Zombie_TowerDefense/Content/Collections/' took 0.01s
[2017.03.30-07.56.38:832][  0]LogCollectionManager: Rebuilt the GUID cache for 0 collections in 0.000002 seconds
[2017.03.30-07.56.38:847][  0]LogContentBrowser: Native class hierarchy populated in 0.0129 seconds. Added 2190 classes and 428 folders.
[2017.03.30-07.56.38:904][  0]LogStats: UGameplayTagsManager::ConstructGameplayTagTree: Construct from data asset -  0.000 s
[2017.03.30-07.56.38:904][  0]LogStats: UGameplayTagsManager::ConstructGameplayTagTree: GameplayTagTreeChangedEvent.Broadcast -  0.000 s
[2017.03.30-07.56.38:905][  0]LogContentBrowser: Native class hierarchy updated for 'GameplayTags' in 0.0005 seconds. Added 13 classes and 0 folders.
[2017.03.30-07.56.38:954][  0]LogContentBrowser: Native class hierarchy updated for 'WidgetCarousel' in 0.0004 seconds. Added 0 classes and 0 folders.
[2017.03.30-07.56.39:257][  0]LogContentBrowser: Native class hierarchy updated for 'AddContentDialog' in 0.0004 seconds. Added 0 classes and 0 folders.
[2017.03.30-07.56.39:383][  0]LogContentBrowser: Native class hierarchy updated for 'SceneOutliner' in 0.0005 seconds. Added 1 classes and 2 folders.
[2017.03.30-07.56.39:796][  0]LogCrashTracker: Crashtracker disabled due to settings.
[2017.03.30-07.56.39:911][  0]LogUObjectGlobals:Warning: Failed to find object 'Class None.'
[2017.03.30-07.56.40:095][  0]LogContentBrowser: Native class hierarchy updated for 'HierarchicalLODOutliner' in 0.0005 seconds. Added 1 classes and 2 folders.
[2017.03.30-07.56.40:096][  0]LogLoad: (Engine Initialization) Total time: 87.77 seconds
[2017.03.30-07.56.40:096][  0]LogLoad: (Engine Initialization) Total Blueprint compile time: 0.64 seconds
[2017.03.30-07.56.40:096][  0]LogExternalProfiler: No external profilers were discovered.  External profiling features will not be available.
[2017.03.30-07.56.40:116][  0]LogOcInput: OculusInput pre-init called
[2017.03.30-07.56.40:243][  0]LogContentStreaming: Texture pool size now 1000 MB
[2017.03.30-07.56.40:797][  0]LogRenderer: Reallocating scene render targets to support 996x620 NumSamples 1 (Frame:2).
[2017.03.30-07.56.41:122][  3]LogAssetRegistry: Asset discovery search completed in 53.7563 seconds
[2017.03.30-07.56.41:122][  3]LogCollectionManager: Rebuilt the object cache for 0 collections in 0.000001 seconds (found 0 objects)
[2017.03.30-07.56.41:122][  3]LogCollectionManager: Fixed up redirectors for 0 collections in 0.000017 seconds (updated 0 objects)
[2017.03.30-07.58.48:143][842]LogSavePackage: Save=51.58ms
[2017.03.30-07.58.48:143][842]LogSavePackage: Moving '../../../../../UE4 Projects/ZombieStuff/Zombie_TowerDefense/Saved/Protomap03691B5143AF0BDA634456814F9595D1.tmp' to '../../../../../UE4 Projects/ZombieStuff/Zombie_TowerDefense/Content/ZTD_Blueprint/Blueprints/Protomap.umap'
[2017.03.30-07.58.48:157][842]LogSavePackage:Display: Finished SavePackage ../../../../../UE4 Projects/ZombieStuff/Zombie_TowerDefense/Content/ZTD_Blueprint/Blueprints/Protomap.umap
[2017.03.30-07.58.48:157][842]LogFileHelpers: Saving map 'Protomap' took 0.119
[2017.03.30-07.58.48:167][842]Cmd: MAP LOAD FILE="../../../../../UE4 Projects/ZombieStuff/Zombie_TowerDefense/Content/ZTD_Blueprint/Blueprints/Protomap.umap" TEMPLATE=0 SHOWPROGRESS=1 FEATURELEVEL=3
[2017.03.30-07.58.48:167][842]LightingResults: New page: Lighting Build
[2017.03.30-07.58.48:227][842]LogContentBrowser: Native class hierarchy updated for 'StatsViewer' in 0.0005 seconds. Added 5 classes and 0 folders.
[2017.03.30-07.58.48:228][842]LoadErrors: New page: Loading map: Protomap.umap
[2017.03.30-07.58.48:245][842]MapCheck: New page: Map Check
[2017.03.30-07.58.48:245][842]LightingResults: New page: Lighting Build
[2017.03.30-07.58.48:356][842]LogEditorServer: Finished looking for orphan Actors (0.000 secs)
[2017.03.30-07.58.48:366][842]LogAIModule: Creating AISystem for world Protomap
[2017.03.30-07.58.48:394][842]Cmd: MAP CHECKDEP NOCLEARLOG
[2017.03.30-07.58.48:417][842]MapCheck: Info Map check complete: 0 Error(s), 0 Warning(s), took 22.68ms to complete.
[2017.03.30-07.58.48:417][842]LogFileHelpers: Loading map 'Protomap' took 0.259
[2017.03.30-07.58.51:525][211]Cmd: MAP LOAD FILE="../../../../../UE4 Projects/ZombieStuff/Zombie_TowerDefense/Content/ZTD_Blueprint/Blueprints/Protomap.umap" TEMPLATE=0 SHOWPROGRESS=1 FEATURELEVEL=3
[2017.03.30-07.58.51:525][211]LightingResults: New page: Lighting Build
[2017.03.30-07.58.51:526][211]LoadErrors: New page: Loading map: Protomap.umap
[2017.03.30-07.58.51:529][211]MapCheck: New page: Map Check
[2017.03.30-07.58.51:529][211]LightingResults: New page: Lighting Build
[2017.03.30-07.58.51:558][211]LogAIModule: Creating AISystem for world Protomap
[2017.03.30-07.58.51:563][211]LogEditorServer: Finished looking for orphan Actors (0.000 secs)
[2017.03.30-07.58.51:583][211]Cmd: MAP CHECKDEP NOCLEARLOG
[2017.03.30-07.58.51:606][211]MapCheck: Info Map check complete: 0 Error(s), 0 Warning(s), took 22.82ms to complete.
[2017.03.30-07.58.51:606][211]LogFileHelpers: Loading map 'Protomap' took 0.082
[2017.03.30-08.00.14:327][267]Cmd: MAP LOAD FILE="../../../../../UE4 Projects/ZombieStuff/Zombie_TowerDefense/Content/ZTD_Blueprint/Blueprints/Protomap.umap" TEMPLATE=0 SHOWPROGRESS=1 FEATURELEVEL=3
[2017.03.30-08.00.14:327][267]LightingResults: New page: Lighting Build
[2017.03.30-08.00.14:328][267]LoadErrors: New page: Loading map: Protomap.umap
[2017.03.30-08.00.14:328][267]MapCheck: New page: Map Check
[2017.03.30-08.00.14:328][267]LightingResults: New page: Lighting Build
[2017.03.30-08.00.14:340][267]LogAIModule: Creating AISystem for world Protomap
[2017.03.30-08.00.14:341][267]LogEditorServer: Finished looking for orphan Actors (0.000 secs)
[2017.03.30-08.00.14:361][267]Cmd: MAP CHECKDEP NOCLEARLOG
[2017.03.30-08.00.14:384][267]MapCheck: Info Map check complete: 0 Error(s), 0 Warning(s), took 22.998ms to complete.
[2017.03.30-08.00.14:384][267]LogFileHelpers: Loading map 'Protomap' took 0.059
[2017.03.30-08.06.57:964][537]Cmd: MAP LOAD FILE="../../../../../UE4 Projects/ZombieStuff/Zombie_TowerDefense/Content/ZTD_Blueprint/Blueprints/Protomap.umap" TEMPLATE=0 SHOWPROGRESS=1 FEATURELEVEL=3
[2017.03.30-08.06.57:964][537]LightingResults: New page: Lighting Build
[2017.03.30-08.06.57:965][537]LoadErrors: New page: Loading map: Protomap.umap
[2017.03.30-08.06.57:968][537]MapCheck: New page: Map Check
[2017.03.30-08.06.57:968][537]LightingResults: New page: Lighting Build
[2017.03.30-08.06.57:980][537]LogAIModule: Creating AISystem for world Protomap
[2017.03.30-08.06.57:981][537]LogEditorServer: Finished looking for orphan Actors (0.000 secs)
[2017.03.30-08.06.58:001][537]Cmd: MAP CHECKDEP NOCLEARLOG
[2017.03.30-08.06.58:024][537]MapCheck: Info Map check complete: 0 Error(s), 0 Warning(s), took 22.726ms to complete.
[2017.03.30-08.06.58:024][537]LogFileHelpers: Loading map 'Protomap' took 0.061
[2017.03.30-08.06.59:175][672]Cmd: MAP LOAD FILE="../../../../../UE4 Projects/ZombieStuff/Zombie_TowerDefense/Content/ZTD_Blueprint/Blueprints/Protomap.umap" TEMPLATE=0 SHOWPROGRESS=1 FEATURELEVEL=3
[2017.03.30-08.06.59:175][672]LightingResults: New page: Lighting Build
[2017.03.30-08.06.59:175][672]LoadErrors: New page: Loading map: Protomap.umap
[2017.03.30-08.06.59:176][672]MapCheck: New page: Map Check
[2017.03.30-08.06.59:176][672]LightingResults: New page: Lighting Build
[2017.03.30-08.06.59:188][672]LogAIModule: Creating AISystem for world Protomap
[2017.03.30-08.06.59:189][672]LogEditorServer: Finished looking for orphan Actors (0.000 secs)
[2017.03.30-08.06.59:209][672]Cmd: MAP CHECKDEP NOCLEARLOG
[2017.03.30-08.06.59:232][672]MapCheck: Info Map check complete: 0 Error(s), 0 Warning(s), took 23.401ms to complete.
[2017.03.30-08.06.59:233][672]LogFileHelpers: Loading map 'Protomap' took 0.059
[2017.03.30-08.06.59:783][735]Cmd: MAP LOAD FILE="../../../../../UE4 Projects/ZombieStuff/Zombie_TowerDefense/Content/ZTD_Blueprint/Blueprints/Protomap.umap" TEMPLATE=0 SHOWPROGRESS=1 FEATURELEVEL=3
[2017.03.30-08.06.59:783][735]LightingResults: New page: Lighting Build
[2017.03.30-08.06.59:784][735]LoadErrors: New page: Loading map: Protomap.umap
[2017.03.30-08.06.59:786][735]MapCheck: New page: Map Check
[2017.03.30-08.06.59:786][735]LightingResults: New page: Lighting Build
[2017.03.30-08.06.59:798][735]LogAIModule: Creating AISystem for world Protomap
[2017.03.30-08.06.59:799][735]LogEditorServer: Finished looking for orphan Actors (0.000 secs)
[2017.03.30-08.06.59:819][735]Cmd: MAP CHECKDEP NOCLEARLOG
[2017.03.30-08.06.59:842][735]MapCheck: Info Map check complete: 0 Error(s), 0 Warning(s), took 23.042ms to complete.
[2017.03.30-08.06.59:843][735]LogFileHelpers: Loading map 'Protomap' took 0.060
[2017.03.30-08.07.13:970][296]LogContentBrowser: Native class hierarchy updated for 'BlueprintGraph' in 0.0008 seconds. Added 111 classes and 0 folders.
[2017.03.30-08.07.25:727][478]LogTemp: Repeting last play command: New Editor Window (PIE)
[2017.03.30-08.07.25:769][478]LogPlayLevel: PlayLevel: No blueprints needed recompiling
[2017.03.30-08.07.25:818][478]PIE: New page: PIE session: Protomap (Mar 29, 2017, 10:07:25 PM)
[2017.03.30-08.07.25:818][478]LogPlayLevel: Creating play world package: /Game/ZTD_Blueprint/Blueprints/UEDPIE_0_Protomap
[2017.03.30-08.07.25:819][478]LogPlayLevel: PIE: StaticDuplicateObject took: (0.000648s)
[2017.03.30-08.07.25:819][478]LogAIModule: Creating AISystem for world Protomap
[2017.03.30-08.07.25:820][478]LogPlayLevel: PIE: World Init took: (0.000872s)
[2017.03.30-08.07.25:820][478]LogPlayLevel: PIE: Created PIE world by copying editor world from /Game/ZTD_Blueprint/Blueprints/Protomap.Protomap to /Game/ZTD_Blueprint/Blueprints/UEDPIE_0_Protomap.Protomap (0.001722s)
[2017.03.30-08.07.25:845][478]LogInit: XAudio2 using 'Speakers (Realtek High Definition Audio)' : 8 channels at 48 kHz using 32 bits per sample (channel mask 0x63f)
[2017.03.30-08.07.25:850][478]LogInit: FAudioDevice initialized.
[2017.03.30-08.07.25:921][478]LogLinker:Warning: Can't find file '/Game/TopDownBP/Blueprints/TopDownGameMode'
[2017.03.30-08.07.25:921][478]LogLinker:Warning: Can't find file '/Game/TopDownBP/Blueprints/TopDownGameMode'
[2017.03.30-08.07.25:921][478]LogUObjectGlobals:Warning: Failed to find object 'Class /Game/TopDownBP/Blueprints/TopDownGameMode.TopDownGameMode_C'
[2017.03.30-08.07.25:921][478]LogLoad: Game class is 'GameModeBase'
[2017.03.30-08.07.25:923][478]LogWorld: Bringing World /Game/ZTD_Blueprint/Blueprints/UEDPIE_0_Protomap.Protomap up for play (max tick rate 0) at 2017.03.30-03.07.25
[2017.03.30-08.07.25:923][478]LogWorld: Bringing up level for play took: 0.000665
[2017.03.30-08.07.25:941][478]LogGameMode: Warning - PATHS NOT DEFINED or NO PLAYERSTART with positive rating
[2017.03.30-08.07.26:062][478]LogContentBrowser: Native class hierarchy updated for 'MovieSceneCapture' in 0.0005 seconds. Added 11 classes and 0 folders.
[2017.03.30-08.07.26:096][478]PIE: Info Play in editor start time for /Game/ZTD_Blueprint/Blueprints/UEDPIE_0_Protomap -0.613
[2017.03.30-08.07.26:142][478]LogRenderer: Reallocating scene render targets to support 1292x756 NumSamples 1 (Frame:630).
[2017.03.30-08.07.32:550][228]LogTemp: Repeting last play command: New Editor Window (PIE)
[2017.03.30-08.07.32:563][228]LogPlayLevel: PlayLevel: No blueprints needed recompiling
[2017.03.30-08.07.32:563][228]PIE: New page: PIE session: Protomap (Mar 29, 2017, 10:07:32 PM)
[2017.03.30-08.07.32:564][228]LogPlayLevel: Creating play world package: /Game/ZTD_Blueprint/Blueprints/UEDPIE_0_Protomap
[2017.03.30-08.07.32:564][228]LogPlayLevel: PIE: StaticDuplicateObject took: (0.000586s)
[2017.03.30-08.07.32:565][228]LogAIModule: Creating AISystem for world Protomap
[2017.03.30-08.07.32:565][228]LogPlayLevel: PIE: World Init took: (0.000586s)
[2017.03.30-08.07.32:565][228]LogPlayLevel: PIE: Created PIE world by copying editor world from /Game/ZTD_Blueprint/Blueprints/Protomap.Protomap to /Game/ZTD_Blueprint/Blueprints/UEDPIE_0_Protomap.Protomap (0.001336s)
[2017.03.30-08.07.32:581][228]LogInit: XAudio2 using 'Speakers (Realtek High Definition Audio)' : 8 channels at 48 kHz using 32 bits per sample (channel mask 0x63f)
[2017.03.30-08.07.32:586][228]LogInit: FAudioDevice initialized.
[2017.03.30-08.07.32:616][228]LogLinker:Warning: Can't find file '/Game/TopDownBP/Blueprints/TopDownGameMode'
[2017.03.30-08.07.32:616][228]LogLinker:Warning: Can't find file '/Game/TopDownBP/Blueprints/TopDownGameMode'
[2017.03.30-08.07.32:616][228]LogUObjectGlobals:Warning: Failed to find object 'Class /Game/TopDownBP/Blueprints/TopDownGameMode.TopDownGameMode_C'
[2017.03.30-08.07.32:616][228]LogLoad: Game class is 'GameModeBase'
[2017.03.30-08.07.32:617][228]LogWorld: Bringing World /Game/ZTD_Blueprint/Blueprints/UEDPIE_0_Protomap.Protomap up for play (max tick rate 0) at 2017.03.30-03.07.32
[2017.03.30-08.07.32:617][228]LogWorld: Bringing up level for play took: 0.000554
[2017.03.30-08.07.32:618][228]LogGameMode: Warning - PATHS NOT DEFINED or NO PLAYERSTART with positive rating
[2017.03.30-08.07.32:620][228]PIE: Info Play in editor start time for /Game/ZTD_Blueprint/Blueprints/UEDPIE_0_Protomap -0.089
[2017.03.30-08.07.50:360][334]LogTemp: Repeting last play command: New Editor Window (PIE)
[2017.03.30-08.07.50:373][334]LogPlayLevel: PlayLevel: No blueprints needed recompiling
[2017.03.30-08.07.50:373][334]PIE: New page: PIE session: Protomap (Mar 29, 2017, 10:07:50 PM)
[2017.03.30-08.07.50:373][334]LogPlayLevel: Creating play world package: /Game/ZTD_Blueprint/Blueprints/UEDPIE_0_Protomap
[2017.03.30-08.07.50:373][334]LogPlayLevel: PIE: StaticDuplicateObject took: (0.000586s)
[2017.03.30-08.07.50:374][334]LogAIModule: Creating AISystem for world Protomap
[2017.03.30-08.07.50:374][334]LogPlayLevel: PIE: World Init took: (0.000529s)
[2017.03.30-08.07.50:374][334]LogPlayLevel: PIE: Created PIE world by copying editor world from /Game/ZTD_Blueprint/Blueprints/Protomap.Protomap to /Game/ZTD_Blueprint/Blueprints/UEDPIE_0_Protomap.Protomap (0.001277s)
[2017.03.30-08.07.50:391][334]LogInit: XAudio2 using 'Speakers (Realtek High Definition Audio)' : 8 channels at 48 kHz using 32 bits per sample (channel mask 0x63f)
[2017.03.30-08.07.50:396][334]LogInit: FAudioDevice initialized.
[2017.03.30-08.07.50:431][334]LogLinker:Warning: Can't find file '/Game/TopDownBP/Blueprints/TopDownGameMode'
[2017.03.30-08.07.50:431][334]LogLinker:Warning: Can't find file '/Game/TopDownBP/Blueprints/TopDownGameMode'
[2017.03.30-08.07.50:431][334]LogUObjectGlobals:Warning: Failed to find object 'Class /Game/TopDownBP/Blueprints/TopDownGameMode.TopDownGameMode_C'
[2017.03.30-08.07.50:431][334]LogLoad: Game class is 'GameModeBase'
[2017.03.30-08.07.50:432][334]LogWorld: Bringing World /Game/ZTD_Blueprint/Blueprints/UEDPIE_0_Protomap.Protomap up for play (max tick rate 0) at 2017.03.30-03.07.50
[2017.03.30-08.07.50:432][334]LogWorld: Bringing up level for play took: 0.000580
[2017.03.30-08.07.50:433][334]LogGameMode: Warning - PATHS NOT DEFINED or NO PLAYERSTART with positive rating
[2017.03.30-08.07.50:436][334]PIE: Info Play in editor start time for /Game/ZTD_Blueprint/Blueprints/UEDPIE_0_Protomap -0.274
[2017.03.30-08.07.58:476][281]LogTemp: Repeting last play command: New Editor Window (PIE)
[2017.03.30-08.07.58:489][281]LogPlayLevel: PlayLevel: No blueprints needed recompiling
[2017.03.30-08.07.58:489][281]PIE: New page: PIE session: Protomap (Mar 29, 2017, 10:07:58 PM)
[2017.03.30-08.07.58:489][281]LogPlayLevel: Creating play world package: /Game/ZTD_Blueprint/Blueprints/UEDPIE_0_Protomap
[2017.03.30-08.07.58:490][281]LogPlayLevel: PIE: StaticDuplicateObject took: (0.000577s)
[2017.03.30-08.07.58:490][281]LogAIModule: Creating AISystem for world Protomap
[2017.03.30-08.07.58:490][281]LogPlayLevel: PIE: World Init took: (0.000493s)
[2017.03.30-08.07.58:490][281]LogPlayLevel: PIE: Created PIE world by copying editor world from /Game/ZTD_Blueprint/Blueprints/Protomap.Protomap to /Game/ZTD_Blueprint/Blueprints/UEDPIE_0_Protomap.Protomap (0.001228s)
[2017.03.30-08.07.58:507][281]LogInit: XAudio2 using 'Speakers (Realtek High Definition Audio)' : 8 channels at 48 kHz using 32 bits per sample (channel mask 0x63f)
[2017.03.30-08.07.58:512][281]LogInit: FAudioDevice initialized.
[2017.03.30-08.07.58:544][281]LogLinker:Warning: Can't find file '/Game/TopDownBP/Blueprints/TopDownGameMode'
[2017.03.30-08.07.58:544][281]LogLinker:Warning: Can't find file '/Game/TopDownBP/Blueprints/TopDownGameMode'
[2017.03.30-08.07.58:544][281]LogUObjectGlobals:Warning: Failed to find object 'Class /Game/TopDownBP/Blueprints/TopDownGameMode.TopDownGameMode_C'
[2017.03.30-08.07.58:544][281]LogLoad: Game class is 'GameModeBase'
[2017.03.30-08.07.58:545][281]LogWorld: Bringing World /Game/ZTD_Blueprint/Blueprints/UEDPIE_0_Protomap.Protomap up for play (max tick rate 0) at 2017.03.30-03.07.58
[2017.03.30-08.07.58:545][281]LogWorld: Bringing up level for play took: 0.000592
[2017.03.30-08.07.58:546][281]LogGameMode: Warning - PATHS NOT DEFINED or NO PLAYERSTART with positive rating
[2017.03.30-08.07.58:548][281]PIE: Info Play in editor start time for /Game/ZTD_Blueprint/Blueprints/UEDPIE_0_Protomap -0.161
[2017.03.30-08.08.20:137][785]LogTexture:Display: Building textures: T_Metal_Steel_D (AutoDXT)
[2017.03.30-08.08.23:554][785]LogTexture:Display: Building textures: T_Metal_Steel_N (BC5)
[2017.03.30-08.08.24:181][785]LogTexture:Display: Building textures: T_ML_Rubber_Blue_01_D (AutoDXT)
[2017.03.30-08.08.24:450][785]LogTexture:Display: Building textures: T_ML_Rubber_Blue_01_N (BC5)
[2017.03.30-08.08.24:489][785]LogTexture:Display: Building textures: T_ML_Aluminum01 (AutoDXT)
[2017.03.30-08.08.24:705][785]LogTexture:Display: Building textures: T_ML_Aluminum01_N (BC5)
[2017.03.30-08.08.24:746][785]LogTexture:Display: Building textures: UE4_Mannequin_MAT_MASKA (AutoDXT)
[2017.03.30-08.08.24:952][785]LogTexture:Display: Building textures: UE4_Mannequin__normals (BC5)
[2017.03.30-08.08.25:498][785]LogTexture:Display: Building textures: UE4_LOGO_CARD (AutoDXT)
[2017.03.30-08.08.25:600][785]LogTexture:Display: Building textures: UE4Man_Logo_N (BC5)
[2017.03.30-08.08.25:959][785]LogTexture:Display: Building textures: TilePatine_N (BC5)
[2017.03.30-08.08.26:017][785]LogTexture:Display: Building textures: TilePatine_D (AutoDXT)
[2017.03.30-08.08.47:299][234]LogTexture:Display: Building textures: HQ_Lightmap0_1 (AutoDXT)
[2017.03.30-08.08.47:580][234]LogTexture:Display: Building textures: HQ_Lightmap0_2 (AutoDXT)
[2017.03.30-08.08.47:726][234]LogTexture:Display: Building textures: HQ_Lightmap0_3 (AutoDXT)
[2017.03.30-08.08.47:736][234]LogTexture:Display: Building textures: LQ_Lightmap_0_1 (DXT1)
[2017.03.30-08.08.47:847][234]LogTexture:Display: Building textures: LQ_Lightmap_0_2 (DXT1)
[2017.03.30-08.08.47:900][234]LogTexture:Display: Building textures: LQ_Lightmap_0_3 (DXT1)
[2017.03.30-08.08.47:908][234]LogTexture:Display: Building textures: SkyOcclusion0_1 (AutoDXT)
[2017.03.30-08.08.48:062][234]LogTexture:Display: Building textures: SkyOcclusion0_2 (AutoDXT)
[2017.03.30-08.08.48:110][234]LogTexture:Display: Building textures: SkyOcclusion0_3 (AutoDXT)
[2017.03.30-08.08.48:145][234]LogTexture:Display: Building textures: ShadowMapTexture2D_0 (G8)
[2017.03.30-08.08.48:212][234]LogTexture:Display: Building textures: ShadowMapTexture2D_1 (G8)
[2017.03.30-08.08.48:320][234]LogAIModule: Creating AISystem for world ZTD_Main
[2017.03.30-08.08.48:377][234]Cmd: MAP LOAD FILE="../../../../../UE4 Projects/ZombieStuff/Zombie_TowerDefense/Content/ZTD_Blueprint/Maps/ZTD_Main.umap" TEMPLATE=0 SHOWPROGRESS=1 FEATURELEVEL=3
[2017.03.30-08.08.48:377][234]LightingResults: New page: Lighting Build
[2017.03.30-08.08.48:377][234]LoadErrors: New page: Loading map: ZTD_Main.umap
[2017.03.30-08.08.48:378][234]MapCheck: New page: Map Check
[2017.03.30-08.08.48:378][234]LightingResults: New page: Lighting Build
[2017.03.30-08.08.48:406][234]LogEditorServer: Finished looking for orphan Actors (0.000 secs)
[2017.03.30-08.08.48:448][234]Cmd: MAP CHECKDEP NOCLEARLOG
[2017.03.30-08.08.48:477][234]MapCheck: Info Map check complete: 0 Error(s), 0 Warning(s), took 29.221ms to complete.
[2017.03.30-08.08.48:477][234]LogFileHelpers: Loading map 'ZTD_Main' took 0.101
[2017.03.30-08.08.55:106][ 17]LogTemp: Repeting last play command: New Editor Window (PIE)
[2017.03.30-08.08.55:116][ 17]LogBlueprintUserMessages: Early PlayInEditor Detection: Level '/Game/ZTD_Blueprint/Maps/ZTD_Main.ZTD_Main:PersistentLevel' has LevelScriptBlueprint '/Game/ZTD_Blueprint/Maps/ZTD_Main.ZTD_Main:PersistentLevel.ZTD_Main' with GeneratedClass '/Game/ZTD_Blueprint/Maps/ZTD_Main.ZTD_Main_C' with ClassGeneratedBy '/Game/ZTD_Blueprint/Maps/ZTD_Main.ZTD_Main:PersistentLevel.ZTD_Main'
[2017.03.30-08.08.55:116][ 17]LogPlayLevel: PlayLevel: No blueprints needed recompiling
[2017.03.30-08.08.55:116][ 17]PIE: New page: PIE session: ZTD_Main (Mar 29, 2017, 10:08:55 PM)
[2017.03.30-08.08.55:116][ 17]LogPlayLevel: Creating play world package: /Game/ZTD_Blueprint/Maps/UEDPIE_0_ZTD_Main
[2017.03.30-08.08.55:138][ 17]LogPlayLevel: PIE: StaticDuplicateObject took: (0.021861s)
[2017.03.30-08.08.55:139][ 17]LogAIModule: Creating AISystem for world ZTD_Main
[2017.03.30-08.08.55:139][ 17]LogPlayLevel: PIE: World Init took: (0.000690s)
[2017.03.30-08.08.55:139][ 17]LogPlayLevel: PIE: Created PIE world by copying editor world from /Game/ZTD_Blueprint/Maps/ZTD_Main.ZTD_Main to /Game/ZTD_Blueprint/Maps/UEDPIE_0_ZTD_Main.ZTD_Main (0.022766s)
[2017.03.30-08.08.55:157][ 17]LogInit: XAudio2 using 'Speakers (Realtek High Definition Audio)' : 8 channels at 48 kHz using 32 bits per sample (channel mask 0x63f)
[2017.03.30-08.08.55:162][ 17]LogInit: FAudioDevice initialized.
[2017.03.30-08.08.55:198][ 17]LogLoad: Game class is 'ZTD_GameMode_C'
[2017.03.30-08.08.55:202][ 17]LogWorld: Bringing World /Game/ZTD_Blueprint/Maps/UEDPIE_0_ZTD_Main.ZTD_Main up for play (max tick rate 0) at 2017.03.30-03.08.55
[2017.03.30-08.08.55:202][ 17]LogWorld: Bringing up level for play took: 0.002674
[2017.03.30-08.08.55:295][ 17]PIE: Info Play in editor start time for /Game/ZTD_Blueprint/Maps/UEDPIE_0_ZTD_Main 0.585
[2017.03.30-08.08.55:296][ 17]LogBlueprintUserMessages: Late PlayInEditor Detection: Level '/Game/ZTD_Blueprint/Maps/ZTD_Main.ZTD_Main:PersistentLevel' has LevelScriptBlueprint '/Game/ZTD_Blueprint/Maps/ZTD_Main.ZTD_Main:PersistentLevel.ZTD_Main' with GeneratedClass '/Game/ZTD_Blueprint/Maps/ZTD_Main.ZTD_Main_C' with ClassGeneratedBy '/Game/ZTD_Blueprint/Maps/ZTD_Main.ZTD_Main:PersistentLevel.ZTD_Main'
[2017.03.30-08.09.05:493][220]LogBlueprintUserMessages: Early EndPlayMap Detection: Level '/Game/ZTD_Blueprint/Maps/ZTD_Main.ZTD_Main:PersistentLevel' has LevelScriptBlueprint '/Game/ZTD_Blueprint/Maps/ZTD_Main.ZTD_Main:PersistentLevel.ZTD_Main' with GeneratedClass '/Game/ZTD_Blueprint/Maps/ZTD_Main.ZTD_Main_C' with ClassGeneratedBy '/Game/ZTD_Blueprint/Maps/ZTD_Main.ZTD_Main:PersistentLevel.ZTD_Main'
[2017.03.30-08.09.05:528][220]LogBlueprintUserMessages: Late EndPlayMap Detection: Level '/Game/ZTD_Blueprint/Maps/ZTD_Main.ZTD_Main:PersistentLevel' has LevelScriptBlueprint '/Game/ZTD_Blueprint/Maps/ZTD_Main.ZTD_Main:PersistentLevel.ZTD_Main' with GeneratedClass '/Game/ZTD_Blueprint/Maps/ZTD_Main.ZTD_Main_C' with ClassGeneratedBy '/Game/ZTD_Blueprint/Maps/ZTD_Main.ZTD_Main:PersistentLevel.ZTD_Main'
[2017.03.30-08.09.06:977][390]LogTemp: Repeting last play command: New Editor Window (PIE)
[2017.03.30-08.09.06:987][390]LogBlueprintUserMessages: Early PlayInEditor Detection: Level '/Game/ZTD_Blueprint/Maps/ZTD_Main.ZTD_Main:PersistentLevel' has LevelScriptBlueprint '/Game/ZTD_Blueprint/Maps/ZTD_Main.ZTD_Main:PersistentLevel.ZTD_Main' with GeneratedClass '/Game/ZTD_Blueprint/Maps/ZTD_Main.ZTD_Main_C' with ClassGeneratedBy '/Game/ZTD_Blueprint/Maps/ZTD_Main.ZTD_Main:PersistentLevel.ZTD_Main'
[2017.03.30-08.09.06:987][390]LogPlayLevel: PlayLevel: No blueprints needed recompiling
[2017.03.30-08.09.06:987][390]PIE: New page: PIE session: ZTD_Main (Mar 29, 2017, 10:09:06 PM)
[2017.03.30-08.09.06:987][390]LogPlayLevel: Creating play world package: /Game/ZTD_Blueprint/Maps/UEDPIE_0_ZTD_Main
[2017.03.30-08.09.07:005][390]LogPlayLevel: PIE: StaticDuplicateObject took: (0.017859s)
[2017.03.30-08.09.07:006][390]LogAIModule: Creating AISystem for world ZTD_Main
[2017.03.30-08.09.07:006][390]LogPlayLevel: PIE: World Init took: (0.000687s)
[2017.03.30-08.09.07:006][390]LogPlayLevel: PIE: Created PIE world by copying editor world from /Game/ZTD_Blueprint/Maps/ZTD_Main.ZTD_Main to /Game/ZTD_Blueprint/Maps/UEDPIE_0_ZTD_Main.ZTD_Main (0.018759s)
[2017.03.30-08.09.07:024][390]LogInit: XAudio2 using 'Speakers (Realtek High Definition Audio)' : 8 channels at 48 kHz using 32 bits per sample (channel mask 0x63f)
[2017.03.30-08.09.07:029][390]LogInit: FAudioDevice initialized.
[2017.03.30-08.09.07:067][390]LogLoad: Game class is 'ZTD_GameMode_C'
[2017.03.30-08.09.07:071][390]LogWorld: Bringing World /Game/ZTD_Blueprint/Maps/UEDPIE_0_ZTD_Main.ZTD_Main up for play (max tick rate 0) at 2017.03.30-03.09.07
[2017.03.30-08.09.07:071][390]LogWorld: Bringing up level for play took: 0.002618
[2017.03.30-08.09.07:075][390]PIE: Info Play in editor start time for /Game/ZTD_Blueprint/Maps/UEDPIE_0_ZTD_Main 0.365
[2017.03.30-08.09.07:076][390]LogBlueprintUserMessages: Late PlayInEditor Detection: Level '/Game/ZTD_Blueprint/Maps/ZTD_Main.ZTD_Main:PersistentLevel' has LevelScriptBlueprint '/Game/ZTD_Blueprint/Maps/ZTD_Main.ZTD_Main:PersistentLevel.ZTD_Main' with GeneratedClass '/Game/ZTD_Blueprint/Maps/ZTD_Main.ZTD_Main_C' with ClassGeneratedBy '/Game/ZTD_Blueprint/Maps/ZTD_Main.ZTD_Main:PersistentLevel.ZTD_Main'
[2017.03.30-08.09.07:735][459]LogBlueprintUserMessages: Early EndPlayMap Detection: Level '/Game/ZTD_Blueprint/Maps/ZTD_Main.ZTD_Main:PersistentLevel' has LevelScriptBlueprint '/Game/ZTD_Blueprint/Maps/ZTD_Main.ZTD_Main:PersistentLevel.ZTD_Main' with GeneratedClass '/Game/ZTD_Blueprint/Maps/ZTD_Main.ZTD_Main_C' with ClassGeneratedBy '/Game/ZTD_Blueprint/Maps/ZTD_Main.ZTD_Main:PersistentLevel.ZTD_Main'
[2017.03.30-08.09.07:774][459]LogBlueprintUserMessages: Late EndPlayMap Detection: Level '/Game/ZTD_Blueprint/Maps/ZTD_Main.ZTD_Main:PersistentLevel' has LevelScriptBlueprint '/Game/ZTD_Blueprint/Maps/ZTD_Main.ZTD_Main:PersistentLevel.ZTD_Main' with GeneratedClass '/Game/ZTD_Blueprint/Maps/ZTD_Main.ZTD_Main_C' with ClassGeneratedBy '/Game/ZTD_Blueprint/Maps/ZTD_Main.ZTD_Main:PersistentLevel.ZTD_Main'
[2017.03.30-08.09.13:111][ 90]LogAIModule: Creating AISystem for world Menu_Main
[2017.03.30-08.09.13:127][ 90]Cmd: MAP LOAD FILE="../../../../../UE4 Projects/ZombieStuff/Zombie_TowerDefense/Content/ZTD_Blueprint/Maps/Menu_Main.umap" TEMPLATE=0 SHOWPROGRESS=1 FEATURELEVEL=3
[2017.03.30-08.09.13:127][ 90]LightingResults: New page: Lighting Build
[2017.03.30-08.09.13:128][ 90]LoadErrors: New page: Loading map: Menu_Main.umap
[2017.03.30-08.09.13:134][ 90]MapCheck: New page: Map Check
[2017.03.30-08.09.13:134][ 90]LightingResults: New page: Lighting Build
[2017.03.30-08.09.13:151][ 90]LogEditorServer: Finished looking for orphan Actors (0.000 secs)
[2017.03.30-08.09.13:170][ 90]Cmd: MAP CHECKDEP NOCLEARLOG
[2017.03.30-08.09.13:199][ 90]MapCheck: Info Map check complete: 0 Error(s), 0 Warning(s), took 29.151ms to complete.
[2017.03.30-08.09.13:199][ 90]LogFileHelpers: Loading map 'Menu_Main' took 0.073
[2017.03.30-08.09.20:104][910]LogAIModule: Creating AISystem for world ZTD_Main
[2017.03.30-08.09.25:337][525]Cmd: MAP LOAD FILE="../../../../../UE4 Projects/ZombieStuff/Zombie_TowerDefense/Content/ZTD_Blueprint/Maps/Menu_Main.umap" TEMPLATE=0 SHOWPROGRESS=1 FEATURELEVEL=3
[2017.03.30-08.09.25:337][525]LightingResults: New page: Lighting Build
[2017.03.30-08.09.25:337][525]LoadErrors: New page: Loading map: Menu_Main.umap
[2017.03.30-08.09.25:338][525]MapCheck: New page: Map Check
[2017.03.30-08.09.25:338][525]LightingResults: New page: Lighting Build
[2017.03.30-08.09.25:432][525]LogAIModule: Creating AISystem for world Menu_Main
[2017.03.30-08.09.25:434][525]LogEditorServer: Finished looking for orphan Actors (0.000 secs)
[2017.03.30-08.09.25:454][525]Cmd: MAP CHECKDEP NOCLEARLOG
[2017.03.30-08.09.25:483][525]MapCheck: Info Map check complete: 0 Error(s), 0 Warning(s), took 29.172ms to complete.
[2017.03.30-08.09.25:483][525]LogFileHelpers: Loading map 'Menu_Main' took 0.148
[2017.03.30-08.09.27:520][768]LogTemp: Repeting last play command: New Editor Window (PIE)
[2017.03.30-08.09.27:532][768]LogBlueprintUserMessages: Early PlayInEditor Detection: Level '/Game/ZTD_Blueprint/Maps/Menu_Main.Menu_Main:PersistentLevel' has LevelScriptBlueprint '/Game/ZTD_Blueprint/Maps/Menu_Main.Menu_Main:PersistentLevel.Menu_Main' with GeneratedClass '/Game/ZTD_Blueprint/Maps/Menu_Main.Menu_Main_C' with ClassGeneratedBy '/Game/ZTD_Blueprint/Maps/Menu_Main.Menu_Main:PersistentLevel.Menu_Main'
[2017.03.30-08.09.27:532][768]LogPlayLevel: PlayLevel: No blueprints needed recompiling
[2017.03.30-08.09.27:532][768]PIE: New page: PIE session: Menu_Main (Mar 29, 2017, 10:09:27 PM)
[2017.03.30-08.09.27:532][768]LogPlayLevel: Creating play world package: /Game/ZTD_Blueprint/Maps/UEDPIE_0_Menu_Main
[2017.03.30-08.09.27:533][768]LogPlayLevel: PIE: StaticDuplicateObject took: (0.000977s)
[2017.03.30-08.09.27:533][768]LogAIModule: Creating AISystem for world Menu_Main
[2017.03.30-08.09.27:533][768]LogPlayLevel: PIE: World Init took: (0.000491s)
[2017.03.30-08.09.27:534][768]LogPlayLevel: PIE: Created PIE world by copying editor world from /Game/ZTD_Blueprint/Maps/Menu_Main.Menu_Main to /Game/ZTD_Blueprint/Maps/UEDPIE_0_Menu_Main.Menu_Main (0.001636s)
[2017.03.30-08.09.27:550][768]LogInit: XAudio2 using 'Speakers (Realtek High Definition Audio)' : 8 channels at 48 kHz using 32 bits per sample (channel mask 0x63f)
[2017.03.30-08.09.27:555][768]LogInit: FAudioDevice initialized.
[2017.03.30-08.09.27:591][768]LogLinker:Warning: Can't find file '/Game/TopDownBP/Blueprints/TopDownGameMode'
[2017.03.30-08.09.27:591][768]LogLinker:Warning: Can't find file '/Game/TopDownBP/Blueprints/TopDownGameMode'
[2017.03.30-08.09.27:591][768]LogUObjectGlobals:Warning: Failed to find object 'Class /Game/TopDownBP/Blueprints/TopDownGameMode.TopDownGameMode_C'
[2017.03.30-08.09.27:591][768]LogLoad: Game class is 'GameModeBase'
[2017.03.30-08.09.27:592][768]LogWorld: Bringing World /Game/ZTD_Blueprint/Maps/UEDPIE_0_Menu_Main.Menu_Main up for play (max tick rate 0) at 2017.03.30-03.09.27
[2017.03.30-08.09.27:592][768]LogWorld: Bringing up level for play took: 0.000574
[2017.03.30-08.09.27:593][768]Cmd: t.MaxFPS 62.0
[2017.03.30-08.09.27:653][768]t.MaxFPS = "62"
[2017.03.30-08.09.27:666][768]PIE: Info Play in editor start time for /Game/ZTD_Blueprint/Maps/UEDPIE_0_Menu_Main 0.956
[2017.03.30-08.09.27:667][768]LogBlueprintUserMessages: Late PlayInEditor Detection: Level '/Game/ZTD_Blueprint/Maps/Menu_Main.Menu_Main:PersistentLevel' has LevelScriptBlueprint '/Game/ZTD_Blueprint/Maps/Menu_Main.Menu_Main:PersistentLevel.Menu_Main' with GeneratedClass '/Game/ZTD_Blueprint/Maps/Menu_Main.Menu_Main_C' with ClassGeneratedBy '/Game/ZTD_Blueprint/Maps/Menu_Main.Menu_Main:PersistentLevel.Menu_Main'
[2017.03.30-08.09.30:492][941]LogNet: Browse: /Game/ZTD_Blueprint/Maps/ZTD_Main
[2017.03.30-08.09.30:492][941]LogLoad: LoadMap: /Game/ZTD_Blueprint/Maps/ZTD_Main
[2017.03.30-08.09.30:506][941]Cmd: MEM
[2017.03.30-08.09.30:554][941]LogMemory: Platform Memory Stats for Windows
[2017.03.30-08.09.30:554][941]LogMemory: Process Physical Memory: 1203.38 MB used, 1315.55 MB peak
[2017.03.30-08.09.30:554][941]LogMemory: Process Virtual Memory: 1662.47 MB used, 1938.49 MB peak
[2017.03.30-08.09.30:554][941]LogMemory: Physical Memory: 6068.86 MB used,  10270.71 MB free, 16339.57 MB total
[2017.03.30-08.09.30:554][941]LogMemory: Virtual Memory: 2404.82 MB used,  10270.71 MB free, 8388608.00 MB total
[2017.03.30-08.09.30:554][941]LogMemory: 
[2017.03.30-08.09.30:554][941]Allocator Stats for TBB: (not implemented)
[2017.03.30-08.09.30:715][941]LogStats: FPlatformStackWalk::StackWalkAndDump -  0.130 s
[2017.03.30-08.09.30:715][941]LogOutputDevice:Error: === Handled ensure: ===
[2017.03.30-08.09.30:715][941]LogOutputDevice:Error: 
[2017.03.30-08.09.30:715][941]LogOutputDevice:Error: Ensure condition failed: IsObjectValidForDatabase(AssetObject) [File:D:\Build\++UE4+Release-4.14+Compile\Sync\Engine\Source\Editor\BlueprintGraph\Private\BlueprintActionDatabase.cpp] [Line: 1263]
[2017.03.30-08.09.30:715][941]LogOutputDevice:Error: 
[2017.03.30-08.09.30:715][941]LogOutputDevice:Error: Stack: 
[2017.03.30-08.09.30:715][941]LogOutputDevice:Error: UE4Editor-Core.dll
[2017.03.30-08.09.30:715][941]LogOutputDevice:Error: UE4Editor-Core.dll
[2017.03.30-08.09.30:715][941]LogOutputDevice:Error: UE4Editor-Core.dll
[2017.03.30-08.09.30:715][941]LogOutputDevice:Error: UE4Editor-BlueprintGraph.dll
[2017.03.30-08.09.30:715][941]LogOutputDevice:Error: UE4Editor-BlueprintGraph.dll
[2017.03.30-08.09.30:715][941]LogOutputDevice:Error: UE4Editor-CoreUObject.dll
[2017.03.30-08.09.30:715][941]LogOutputDevice:Error: UE4Editor-CoreUObject.dll
[2017.03.30-08.09.30:715][941]LogOutputDevice:Error: UE4Editor-CoreUObject.dll
[2017.03.30-08.09.30:715][941]LogOutputDevice:Error: UE4Editor-CoreUObject.dll
[2017.03.30-08.09.30:715][941]LogOutputDevice:Error: UE4Editor-Engine.dll
[2017.03.30-08.09.30:715][941]LogOutputDevice:Error: UE4Editor-Engine.dll
[2017.03.30-08.09.30:715][941]LogOutputDevice:Error: UE4Editor-Engine.dll
[2017.03.30-08.09.30:715][941]LogOutputDevice:Error: UE4Editor-UnrealEd.dll
[2017.03.30-08.09.30:715][941]LogOutputDevice:Error: UE4Editor-UnrealEd.dll
[2017.03.30-08.09.30:715][941]LogOutputDevice:Error: UE4Editor.exe
[2017.03.30-08.09.30:715][941]LogOutputDevice:Error: UE4Editor.exe
[2017.03.30-08.09.30:715][941]LogOutputDevice:Error: UE4Editor.exe
[2017.03.30-08.09.30:715][941]LogOutputDevice:Error: UE4Editor.exe
[2017.03.30-08.09.30:715][941]LogOutputDevice:Error: UE4Editor.exe
[2017.03.30-08.09.30:715][941]LogOutputDevice:Error: kernel32.dll
[2017.03.30-08.09.30:715][941]LogOutputDevice:Error: ntdll.dll
[2017.03.30-08.09.30:715][941]LogOutputDevice:Error: 
[2017.03.30-08.09.30:723][941]LogStats:                SubmitErrorReport -  0.000 s
