Log file open, 04/18/17 11:54:26
LogInit:Display: Running engine for game: Zombie_Tower_Defense
LogPlatformFile: Not using cached read wrapper
LogInit:Display: RandInit(854556124) SRandInit(854556124).
LogTaskGraph: Started task graph with 5 named threads and 9 total threads with 1 sets of task threads.
LogStats: Stats thread started at 0.098186
LogPluginManager: Loaded Plugin Paper2D, From C:/Program Files/Epic Games/4.14/Engine/Plugins/2D/Paper2D/Paper2D.uplugin
LogPluginManager: Loaded Plugin LightPropagationVolume, From C:/Program Files/Epic Games/4.14/Engine/Plugins/Blendables/LightPropagationVolume/LightPropagationVolume.uplugin
LogPluginManager: Loaded Plugin BlankPlugin, From C:/Program Files/Epic Games/4.14/Engine/Plugins/Developer/BlankPlugin/BlankPlugin.uplugin
LogPluginManager: Loaded Plugin CodeLiteSourceCodeAccess, From C:/Program Files/Epic Games/4.14/Engine/Plugins/Developer/CodeLiteSourceCodeAccess/CodeLiteSourceCodeAccess.uplugin
LogPluginManager: Loaded Plugin GitSourceControl, From C:/Program Files/Epic Games/4.14/Engine/Plugins/Developer/GitSourceControl/GitSourceControl.uplugin
LogPluginManager: Loaded Plugin KDevelopSourceCodeAccess, From C:/Program Files/Epic Games/4.14/Engine/Plugins/Developer/KDevelopSourceCodeAccess/KDevelopSourceCodeAccess.uplugin
LogPluginManager: Loaded Plugin NullSourceCodeAccess, From C:/Program Files/Epic Games/4.14/Engine/Plugins/Developer/NullSourceCodeAccess/NullSourceCodeAccess.uplugin
LogPluginManager: Loaded Plugin OneSkyLocalizationService, From C:/Program Files/Epic Games/4.14/Engine/Plugins/Developer/OneSkyLocalizationService/OneSkyLocalizationService.uplugin
LogPluginManager: Loaded Plugin PerforceSourceControl, From C:/Program Files/Epic Games/4.14/Engine/Plugins/Developer/PerforceSourceControl/PerforceSourceControl.uplugin
LogPluginManager: Loaded Plugin SubversionSourceControl, From C:/Program Files/Epic Games/4.14/Engine/Plugins/Developer/SubversionSourceControl/SubversionSourceControl.uplugin
LogPluginManager: Loaded Plugin UObjectPlugin, From C:/Program Files/Epic Games/4.14/Engine/Plugins/Developer/UObjectPlugin/UObjectPlugin.uplugin
LogPluginManager: Loaded Plugin VisualStudioSourceCodeAccess, From C:/Program Files/Epic Games/4.14/Engine/Plugins/Developer/VisualStudioSourceCodeAccess/VisualStudioSourceCodeAccess.uplugin
LogPluginManager: Loaded Plugin XCodeSourceCodeAccess, From C:/Program Files/Epic Games/4.14/Engine/Plugins/Developer/XCodeSourceCodeAccess/XCodeSourceCodeAccess.uplugin
LogPluginManager: Loaded Plugin AudioCapture, From C:/Program Files/Epic Games/4.14/Engine/Plugins/Editor/AudioCapture/AudioCapture.uplugin
LogPluginManager: Loaded Plugin EpicSurvey, From C:/Program Files/Epic Games/4.14/Engine/Plugins/Editor/EpicSurvey/EpicSurvey.uplugin
LogPluginManager: Loaded Plugin MacGraphicsSwitching, From C:/Program Files/Epic Games/4.14/Engine/Plugins/Editor/MacGraphicsSwitching/MacGraphicsSwitching.uplugin
LogPluginManager: Loaded Plugin MobileLauncherProfileWizard, From C:/Program Files/Epic Games/4.14/Engine/Plugins/Editor/MobileLauncherProfileWizard/MobileLauncherProfileWizard.uplugin
LogPluginManager: Loaded Plugin PluginBrowser, From C:/Program Files/Epic Games/4.14/Engine/Plugins/Editor/PluginBrowser/PluginBrowser.uplugin
LogPluginManager: Loaded Plugin SpeedTreeImporter, From C:/Program Files/Epic Games/4.14/Engine/Plugins/Editor/SpeedTreeImporter/SpeedTreeImporter.uplugin
LogPluginManager: Loaded Plugin SuperSearchEditor, From C:/Program Files/Epic Games/4.14/Engine/Plugins/Editor/SuperSearchEditor/SuperSearchEditor.uplugin
LogPluginManager: Loaded Plugin AlembicImporter, From C:/Program Files/Epic Games/4.14/Engine/Plugins/Experimental/AlembicImporter/AlembicImporter.uplugin
LogPluginManager: Loaded Plugin BlueprintStats, From C:/Program Files/Epic Games/4.14/Engine/Plugins/Experimental/BlueprintStats/BlueprintStats.uplugin
LogPluginManager: Loaded Plugin CharacterAI, From C:/Program Files/Epic Games/4.14/Engine/Plugins/Experimental/CharacterAI/CharacterAI.uplugin
LogPluginManager: Loaded Plugin CodeEditor, From C:/Program Files/Epic Games/4.14/Engine/Plugins/Experimental/CodeEditor/CodeEditor.uplugin
LogPluginManager: Loaded Plugin CodeView, From C:/Program Files/Epic Games/4.14/Engine/Plugins/Experimental/CodeView/CodeView.uplugin
LogPluginManager: Loaded Plugin HTML5Networking, From C:/Program Files/Epic Games/4.14/Engine/Plugins/Experimental/HTML5Networking/HTML5Networking.uplugin
LogPluginManager: Loaded Plugin OSVR, From C:/Program Files/Epic Games/4.14/Engine/Plugins/Experimental/OSVR/OSVR.uplugin
LogPluginManager: Loaded Plugin Phya, From C:/Program Files/Epic Games/4.14/Engine/Plugins/Experimental/Phya/Phya.uplugin
LogPluginManager: Loaded Plugin SignificanceManager, From C:/Program Files/Epic Games/4.14/Engine/Plugins/Experimental/SignificanceManager/SignificanceManager.uplugin
LogPluginManager: Loaded Plugin SimpleHMD, From C:/Program Files/Epic Games/4.14/Engine/Plugins/Experimental/SimpleHMD/SimpleHMD.uplugin
LogPluginManager: Loaded Plugin StereoPanorama, From C:/Program Files/Epic Games/4.14/Engine/Plugins/Experimental/StereoPanorama/StereoPanorama.uplugin
LogPluginManager: Loaded Plugin StructBox, From C:/Program Files/Epic Games/4.14/Engine/Plugins/Experimental/StructBox/StructBox.uplugin
LogPluginManager: Loaded Plugin AndroidMedia, From C:/Program Files/Epic Games/4.14/Engine/Plugins/Media/AndroidMedia/AndroidMedia.uplugin
LogPluginManager: Loaded Plugin AvfMedia, From C:/Program Files/Epic Games/4.14/Engine/Plugins/Media/AvfMedia/AvfMedia.uplugin
LogPluginManager: Loaded Plugin MediaPlayerEditor, From C:/Program Files/Epic Games/4.14/Engine/Plugins/Media/MediaPlayerEditor/MediaPlayerEditor.uplugin
LogPluginManager: Loaded Plugin WmfMedia, From C:/Program Files/Epic Games/4.14/Engine/Plugins/Media/WmfMedia/WmfMedia.uplugin
LogPluginManager: Loaded Plugin MessagingDebugger, From C:/Program Files/Epic Games/4.14/Engine/Plugins/Messaging/MessagingDebugger/MessagingDebugger.uplugin
LogPluginManager: Loaded Plugin TcpMessaging, From C:/Program Files/Epic Games/4.14/Engine/Plugins/Messaging/TcpMessaging/TcpMessaging.uplugin
LogPluginManager: Loaded Plugin UdpMessaging, From C:/Program Files/Epic Games/4.14/Engine/Plugins/Messaging/UdpMessaging/UdpMessaging.uplugin
LogPluginManager: Loaded Plugin LevelSequenceEditor, From C:/Program Files/Epic Games/4.14/Engine/Plugins/MovieScene/LevelSequenceEditor/LevelSequenceEditor.uplugin
LogPluginManager: Loaded Plugin MatineeToLevelSequence, From C:/Program Files/Epic Games/4.14/Engine/Plugins/MovieScene/MatineeToLevelSequence/MatineeToLevelSequence.uplugin
LogPluginManager: Loaded Plugin NetcodeUnitTest, From C:/Program Files/Epic Games/4.14/Engine/Plugins/NetcodeUnitTest/NetcodeUnitTest/NetcodeUnitTest.uplugin
LogPluginManager: Loaded Plugin NUTUnrealEngine4, From C:/Program Files/Epic Games/4.14/Engine/Plugins/NetcodeUnitTest/NUTUnrealEngine4/NUTUnrealEngine4.uplugin
LogPluginManager: Loaded Plugin OnlineSubsystemGameCircle, From C:/Program Files/Epic Games/4.14/Engine/Plugins/Online/Android/OnlineSubsystemGameCircle/OnlineSubsystemGameCircle.uplugin
LogPluginManager: Loaded Plugin OnlineSubsystemGooglePlay, From C:/Program Files/Epic Games/4.14/Engine/Plugins/Online/Android/OnlineSubsystemGooglePlay/OnlineSubsystemGooglePlay.uplugin
LogPluginManager: Loaded Plugin OnlineSubsystemIOS, From C:/Program Files/Epic Games/4.14/Engine/Plugins/Online/IOS/OnlineSubsystemIOS/OnlineSubsystemIOS.uplugin
LogPluginManager: Loaded Plugin OnlineFramework, From C:/Program Files/Epic Games/4.14/Engine/Plugins/Online/OnlineFramework/OnlineFramework.uplugin
LogPluginManager: Loaded Plugin OnlineSubsystem, From C:/Program Files/Epic Games/4.14/Engine/Plugins/Online/OnlineSubsystem/OnlineSubsystem.uplugin
LogPluginManager: Loaded Plugin OnlineSubsystemAmazon, From C:/Program Files/Epic Games/4.14/Engine/Plugins/Online/OnlineSubsystemAmazon/OnlineSubsystemAmazon.uplugin
LogPluginManager: Loaded Plugin OnlineSubsystemFacebook, From C:/Program Files/Epic Games/4.14/Engine/Plugins/Online/OnlineSubsystemFacebook/OnlineSubsystemFacebook.uplugin
LogPluginManager: Loaded Plugin OnlineSubsystemNull, From C:/Program Files/Epic Games/4.14/Engine/Plugins/Online/OnlineSubsystemNull/OnlineSubsystemNull.uplugin
LogPluginManager: Loaded Plugin OnlineSubsystemOculus, From C:/Program Files/Epic Games/4.14/Engine/Plugins/Online/OnlineSubsystemOculus/OnlineSubsystemOculus.uplugin
LogPluginManager: Loaded Plugin OnlineSubsystemSteam, From C:/Program Files/Epic Games/4.14/Engine/Plugins/Online/OnlineSubsystemSteam/OnlineSubsystemSteam.uplugin
LogPluginManager: Loaded Plugin OnlineSubsystemUtils, From C:/Program Files/Epic Games/4.14/Engine/Plugins/Online/OnlineSubsystemUtils/OnlineSubsystemUtils.uplugin
LogPluginManager: Loaded Plugin IOSTapJoy, From C:/Program Files/Epic Games/4.14/Engine/Plugins/Runtime/Advertising/IOSTapJoy/IOSTapJoy.uplugin
LogPluginManager: Loaded Plugin AnalyticsBlueprintLibrary, From C:/Program Files/Epic Games/4.14/Engine/Plugins/Runtime/Analytics/AnalyticsBlueprintLibrary/AnalyticsBlueprintLibrary.uplugin
LogPluginManager: Loaded Plugin AnalyticsMulticast, From C:/Program Files/Epic Games/4.14/Engine/Plugins/Runtime/Analytics/AnalyticsMulticast/AnalyticsMulticast.uplugin
LogPluginManager: Loaded Plugin Apsalar, From C:/Program Files/Epic Games/4.14/Engine/Plugins/Runtime/Analytics/Apsalar/Apsalar.uplugin
LogPluginManager: Loaded Plugin FileLogging, From C:/Program Files/Epic Games/4.14/Engine/Plugins/Runtime/Analytics/FileLogging/FileLogging.uplugin
LogPluginManager: Loaded Plugin Flurry, From C:/Program Files/Epic Games/4.14/Engine/Plugins/Runtime/Analytics/Flurry/Flurry.uplugin
LogPluginManager: Loaded Plugin AndroidDeviceProfileSelector, From C:/Program Files/Epic Games/4.14/Engine/Plugins/Runtime/AndroidDeviceProfileSelector/AndroidDeviceProfileSelector.uplugin
LogPluginManager: Loaded Plugin AndroidMoviePlayer, From C:/Program Files/Epic Games/4.14/Engine/Plugins/Runtime/AndroidMoviePlayer/AndroidMoviePlayer.uplugin
LogPluginManager: Loaded Plugin AppleMoviePlayer, From C:/Program Files/Epic Games/4.14/Engine/Plugins/Runtime/AppleMoviePlayer/AppleMoviePlayer.uplugin
LogPluginManager: Loaded Plugin ArchVisCharacter, From C:/Program Files/Epic Games/4.14/Engine/Plugins/Runtime/ArchVisCharacter/ArchVisCharacter.uplugin
LogPluginManager: Loaded Plugin CableComponent, From C:/Program Files/Epic Games/4.14/Engine/Plugins/Runtime/CableComponent/CableComponent.uplugin
LogPluginManager: Loaded Plugin CustomMeshComponent, From C:/Program Files/Epic Games/4.14/Engine/Plugins/Runtime/CustomMeshComponent/CustomMeshComponent.uplugin
LogPluginManager: Loaded Plugin ExampleDeviceProfileSelector, From C:/Program Files/Epic Games/4.14/Engine/Plugins/Runtime/ExampleDeviceProfileSelector/ExampleDeviceProfileSelector.uplugin
LogPluginManager: Loaded Plugin GearVR, From C:/Program Files/Epic Games/4.14/Engine/Plugins/Runtime/GearVR/GearVR.uplugin
LogPluginManager: Loaded Plugin GoogleVRController, From C:/Program Files/Epic Games/4.14/Engine/Plugins/Runtime/GoogleVR/GoogleVRController/GoogleVRController.uplugin
LogPluginManager: Loaded Plugin GoogleVRHMD, From C:/Program Files/Epic Games/4.14/Engine/Plugins/Runtime/GoogleVR/GoogleVRHMD/GoogleVRHMD.uplugin
LogPluginManager: Loaded Plugin IOSDeviceProfileSelector, From C:/Program Files/Epic Games/4.14/Engine/Plugins/Runtime/IOSDeviceProfileSelector/IOSDeviceProfileSelector.uplugin
LogPluginManager: Loaded Plugin LeapMotion, From C:/Program Files/Epic Games/4.14/Engine/Plugins/Runtime/LeapMotion/LeapMotion.uplugin
LogPluginManager: Loaded Plugin LinuxDeviceProfileSelector, From C:/Program Files/Epic Games/4.14/Engine/Plugins/Runtime/LinuxDeviceProfileSelector/LinuxDeviceProfileSelector.uplugin
LogPluginManager: Loaded Plugin MIDIDevice, From C:/Program Files/Epic Games/4.14/Engine/Plugins/Runtime/MIDIDevice/MIDIDevice.uplugin
LogPluginManager: Loaded Plugin MobilePatchingUtils, From C:/Program Files/Epic Games/4.14/Engine/Plugins/Runtime/MobilePatchingUtils/MobilePatchingUtils.uplugin
LogPluginManager: Loaded Plugin Ansel, From C:/Program Files/Epic Games/4.14/Engine/Plugins/Runtime/Nvidia/Ansel/Ansel.uplugin
LogPluginManager: Loaded Plugin OculusAudio, From C:/Program Files/Epic Games/4.14/Engine/Plugins/Runtime/OculusAudio/OculusAudio.uplugin
LogPluginManager: Loaded Plugin OculusInput, From C:/Program Files/Epic Games/4.14/Engine/Plugins/Runtime/OculusInput/OculusInput.uplugin
LogPluginManager: Loaded Plugin OculusLibrary, From C:/Program Files/Epic Games/4.14/Engine/Plugins/Runtime/OculusLibrary/OculusLibrary.uplugin
LogPluginManager: Loaded Plugin OculusRift, From C:/Program Files/Epic Games/4.14/Engine/Plugins/Runtime/OculusRift/OculusRift.uplugin
LogPluginManager: Loaded Plugin Oodle, From C:/Program Files/Epic Games/4.14/Engine/Plugins/Runtime/PacketHandlers/CompressionComponents/Oodle/Oodle.uplugin
LogPluginManager: Loaded Plugin ProceduralMeshComponent, From C:/Program Files/Epic Games/4.14/Engine/Plugins/Runtime/ProceduralMeshComponent/ProceduralMeshComponent.uplugin
LogPluginManager: Loaded Plugin SoundMod, From C:/Program Files/Epic Games/4.14/Engine/Plugins/Runtime/SoundMod/SoundMod.uplugin
LogPluginManager: Loaded Plugin SoundVisualizations, From C:/Program Files/Epic Games/4.14/Engine/Plugins/Runtime/SoundVisualizations/SoundVisualizations.uplugin
LogPluginManager: Loaded Plugin SteamController, From C:/Program Files/Epic Games/4.14/Engine/Plugins/Runtime/Steam/SteamController/SteamController.uplugin
LogPluginManager: Loaded Plugin SteamVR, From C:/Program Files/Epic Games/4.14/Engine/Plugins/Runtime/Steam/SteamVR/SteamVR.uplugin
LogPluginManager: Loaded Plugin WebBrowserWidget, From C:/Program Files/Epic Games/4.14/Engine/Plugins/Runtime/WebBrowserWidget/WebBrowserWidget.uplugin
LogPluginManager: Loaded Plugin WindowsDeviceProfileSelector, From C:/Program Files/Epic Games/4.14/Engine/Plugins/Runtime/WindowsDeviceProfileSelector/WindowsDeviceProfileSelector.uplugin
LogPluginManager: Loaded Plugin WindowsMoviePlayer, From C:/Program Files/Epic Games/4.14/Engine/Plugins/Runtime/WindowsMoviePlayer/WindowsMoviePlayer.uplugin
LogPluginManager: Loaded Plugin ScriptPlugin, From C:/Program Files/Epic Games/4.14/Engine/Plugins/ScriptPlugin/ScriptPlugin.uplugin
LogPluginManager: Loaded Plugin SlateRemote, From C:/Program Files/Epic Games/4.14/Engine/Plugins/Slate/SlateRemote/SlateRemote.uplugin
LogPluginManager: Loaded Plugin EditorTests, From C:/Program Files/Epic Games/4.14/Engine/Plugins/Tests/EditorTests/EditorTests.uplugin
LogPluginManager: Loaded Plugin FbxAutomationTestBuilder, From C:/Program Files/Epic Games/4.14/Engine/Plugins/Tests/FbxAutomationTestBuilder/FbxAutomationTestBuilder.uplugin
LogPluginManager: Loaded Plugin FunctionalTestingEditor, From C:/Program Files/Epic Games/4.14/Engine/Plugins/Tests/FunctionalTestingEditor/FunctionalTestingEditor.uplugin
LogPluginManager: Loaded Plugin RuntimeTests, From C:/Program Files/Epic Games/4.14/Engine/Plugins/Tests/RuntimeTests/RuntimeTests.uplugin
LogPluginManager: Loaded Plugin ScreenshotTools, From C:/Program Files/Epic Games/4.14/Engine/Plugins/Tests/ScreenshotTools/ScreenshotTools.uplugin
LogInit: Using libcurl 7.47.1
LogInit:  - built for x86_64-pc-win32
LogInit:  - supports SSL with OpenSSL/1.0.2g
LogInit:  - supports HTTP deflate (compression) using libz 1.2.8
LogInit:  - other features:
LogInit:      CURL_VERSION_SSL
LogInit:      CURL_VERSION_LIBZ
LogInit:      CURL_VERSION_IPV6
LogInit:      CURL_VERSION_ASYNCHDNS
LogInit:      CURL_VERSION_LARGEFILE
LogInit:      CURL_VERSION_IDN
LogInit:  CurlRequestOptions (configurable via config and command line):
LogInit:  - bVerifyPeer = false  - Libcurl will NOT verify peer certificate
LogInit:  - bUseHttpProxy = false  - Libcurl will NOT use HTTP proxy
LogInit:  - bDontReuseConnections = false  - Libcurl will reuse connections
LogInit:  - CertBundlePath = nullptr  - Libcurl will use whatever was configured at build time.
LogInit: Build: ++UE4+Release-4.14-CL-3249277
LogInit: Engine Version: 4.14.3-3249277+++UE4+Release-4.14
LogInit: Compatible Engine Version: 4.14.0-3195953+++UE4+Release-4.14
LogInit: Net CL: 3195953
LogDevObjectVersion: Number of dev versions registered: 13
LogDevObjectVersion:   Dev-Blueprints (B0D832E4-1F89-4F0D-ACCF-7EB736FD4AA2): 7
LogDevObjectVersion:   Dev-Build (E1C64328-A22C-4D53-A36C-8E866417BD8C): 0
LogDevObjectVersion:   Dev-Core (375EC13C-06E4-48FB-B500-84F0262A717E): 1
LogDevObjectVersion:   Dev-Editor (E4B068ED-F494-42E9-A231-DA0B2E46BB41): 8
LogDevObjectVersion:   Dev-Framework (CFFC743F-43B0-4480-9391-14DF171D2073): 17
LogDevObjectVersion:   Dev-Mobile (B02B49B5-BB20-44E9-A304-32B752E40360): 0
LogDevObjectVersion:   Dev-Networking (A4E4105C-59A1-49B5-A7C5-40C4547EDFEE): 0
LogDevObjectVersion:   Dev-Online (39C831C9-5AE6-47DC-9A44-9C173E1C8E7C): 0
LogDevObjectVersion:   Dev-Physics (78F01B33-EBEA-4F98-B9B4-84EACCB95AA2): 0
LogDevObjectVersion:   Dev-Platform (6631380F-2D4D-43E0-8009-CF276956A95A): 0
LogDevObjectVersion:   Dev-Rendering (12F88B9F-8875-4AFC-A67C-D90C383ABD29): 12
LogDevObjectVersion:   Dev-Sequencer (7B5AE74C-D270-4C10-A958-57980B212A5A): 1
LogDevObjectVersion:   Dev-VR (D7296918-1DD6-4BDD-9DE2-64A83CC13884): 0
LogInit: Compiled (64-bit): Jan  6 2017 10:49:43
LogInit: Compiled with Visual C++: 19.00.23026.00
LogInit: Build Configuration: Development
LogInit: Branch Name: ++UE4+Release-4.14
LogInit: Command line:  /Temp/Autosaves/Game/ZTD_Blueprint/Maps/UEDPCProtomap -game -PIEVIACONSOLE -ResX=1280 -ResY=720  -Multiprocess -messaging -SessionName="Play in Standalone Game" -windowed 
LogInit: Base directory: C:/Program Files/Epic Games/4.14/Engine/Binaries/Win64/
LogInit: Installed Engine Build: 1
LogInit: Presizing for max 8388607 objects, including 0 objects not considered by GC, pre-allocating 0 bytes for permanent pool.
LogInit: Object subsystem initialized
[2017.04.18-16.54.26:875][  0]LogInit: Selected Device Profile: [Windows]
[2017.04.18-16.54.26:876][  0]LogInit: Applying CVar settings loaded from the selected device profile: [Windows]
[2017.04.18-16.54.26:880][  0]LogInit: Computer: ADVENTURE
[2017.04.18-16.54.26:880][  0]LogInit: User: bmc0149
[2017.04.18-16.54.26:880][  0]LogInit: CPU Page size=65536, Cores=6
[2017.04.18-16.54.26:880][  0]LogInit: High frequency timer resolution =3.126780 MHz
[2017.04.18-16.54.26:880][  0]LogMemory: Memory total: Physical=31.9GB (32GB approx)
[2017.04.18-16.54.26:880][  0]LogMemory: Platform Memory Stats for Windows
[2017.04.18-16.54.26:880][  0]LogMemory: Process Physical Memory: 263.14 MB used, 263.14 MB peak
[2017.04.18-16.54.26:880][  0]LogMemory: Process Virtual Memory: 265.63 MB used, 265.63 MB peak
[2017.04.18-16.54.26:880][  0]LogMemory: Physical Memory: 6753.67 MB used,  25949.32 MB free, 32703.00 MB total
[2017.04.18-16.54.26:880][  0]LogMemory: Virtual Memory: 663.80 MB used,  25949.32 MB free, 134217728.00 MB total
[2017.04.18-16.54.26:913][  0]LogTextLocalizationManager: No specific translations for ('en-US') exist, so ('en') translations will be used.
[2017.04.18-16.54.27:342][  0]LogD3D11RHI: D3D11 adapters:
[2017.04.18-16.54.27:366][  0]LogD3D11RHI:    0. 'NVIDIA GeForce GTX 660 Ti' (Feature Level 11_0)
[2017.04.18-16.54.27:367][  0]LogD3D11RHI:       1924/0/16351 MB DedicatedVideo/DedicatedSystem/SharedSystem, Outputs:2, VendorId:0x10de
[2017.04.18-16.54.27:368][  0]LogD3D11RHI:    1. 'Microsoft Basic Render Driver' (Feature Level 11_0)
[2017.04.18-16.54.27:368][  0]LogD3D11RHI:       0/0/256 MB DedicatedVideo/DedicatedSystem/SharedSystem, Outputs:0, VendorId:0x1414
[2017.04.18-16.54.27:368][  0]LogD3D11RHI: Chosen D3D11 Adapter: 0
[2017.04.18-16.54.27:371][  0]LogD3D11RHI: Creating new Direct3DDevice
[2017.04.18-16.54.27:371][  0]LogD3D11RHI:     GPU DeviceId: 0x1183 (for the marketing name, search the web for "GPU Device Id")
[2017.04.18-16.54.27:371][  0]LogWindows: EnumDisplayDevices:
[2017.04.18-16.54.27:371][  0]LogWindows:    0. 'NVIDIA GeForce GTX 660 Ti' (P:1 D:1)
[2017.04.18-16.54.27:371][  0]LogWindows:    1. 'NVIDIA GeForce GTX 660 Ti' (P:0 D:1)
[2017.04.18-16.54.27:372][  0]LogWindows:    2. 'NVIDIA GeForce GTX 660 Ti' (P:0 D:0)
[2017.04.18-16.54.27:372][  0]LogWindows:    3. 'NVIDIA GeForce GTX 660 Ti' (P:0 D:0)
[2017.04.18-16.54.27:372][  0]LogWindows: DebugString: FoundDriverCount:4 
[2017.04.18-16.54.27:372][  0]LogD3D11RHI:     Adapter Name: NVIDIA GeForce GTX 660 Ti
[2017.04.18-16.54.27:372][  0]LogD3D11RHI:   Driver Version: 381.65 (internal:22.21.13.8165, unified:381.65)
[2017.04.18-16.54.27:372][  0]LogD3D11RHI:      Driver Date: 3-31-2017
[2017.04.18-16.54.27:372][  0]LogRHI: Texture pool is 1347 MB (70% of 1924 MB)
[2017.04.18-16.54.27:383][  0]LogD3D11RHI:Warning: Timestamp queries are currently disabled on this hardware due to instability. Realtime GPU stats will not be available. You can override this behaviour by setting r.NVIDIATimestampWorkaround to 0
[2017.04.18-16.54.27:383][  0]LogD3D11RHI: Async texture creation enabled
[2017.04.18-16.54.27:401][  0]LogD3D11RHI: GPU Timing Frequency: 1000.000000 (Debug: 2 2)
[2017.04.18-16.54.27:402][  0]LogShaderCompilers: Guid format shader working directory is -32 characters bigger than the processId version (../../../../../../Users/bmc0149/Desktop/Zombie_Tower_Defense/Zombie_TowerDefense/Intermediate/Shaders/WorkingDirectory/2740/).
[2017.04.18-16.54.27:402][  0]LogShaderCompilers: Cleaned the shader compiler working directory 'C:/Users/bmc0149/AppData/Local/Temp/UnrealShaderWorkingDir/9B0DF55549533D8C018C42BA6A24BECA/'.
[2017.04.18-16.54.27:402][  0]LogShaderCompilers:Display: Using Local Shader Compiler.
[2017.04.18-16.54.28:555][  0]LogTemp:Display: Loaded TP WindowsClientTargetPlatform
[2017.04.18-16.54.28:621][  0]LogTemp:Display: Loaded TP WindowsNoEditorTargetPlatform
[2017.04.18-16.54.28:687][  0]LogTemp:Display: Loaded TP WindowsServerTargetPlatform
[2017.04.18-16.54.28:742][  0]LogTemp:Display: Loaded TP WindowsTargetPlatform
[2017.04.18-16.54.28:742][  0]LogTargetPlatformManager:Display: Building Assets For Windows
[2017.04.18-16.54.29:212][  0]LogDerivedDataCache:Display: Max Cache Size: 512 MB
[2017.04.18-16.54.29:266][  0]LogDerivedDataCache: Loaded boot cache 0.05s 50MB C:/Users/bmc0149/AppData/Local/UnrealEngine/4.14/DerivedDataCache/Boot.ddc.
[2017.04.18-16.54.29:266][  0]LogDerivedDataCache:Display: Loaded Boot cache: C:/Users/bmc0149/AppData/Local/UnrealEngine/4.14/DerivedDataCache/Boot.ddc
[2017.04.18-16.54.29:266][  0]LogDerivedDataCache: FDerivedDataBackendGraph:  Pak pak cache file ../../../../../../Users/bmc0149/Desktop/Zombie_Tower_Defense/Zombie_TowerDefense/DerivedDataCache/DDC.ddp not found, will not use a pak cache.
[2017.04.18-16.54.29:266][  0]LogDerivedDataCache: Unable to find inner node Pak for hierarchical cache Hierarchy.
[2017.04.18-16.54.29:266][  0]LogDerivedDataCache: FDerivedDataBackendGraph:  CompressedPak pak cache file ../../../../../../Users/bmc0149/Desktop/Zombie_Tower_Defense/Zombie_TowerDefense/DerivedDataCache/Compressed.ddp not found, will not use a pak cache.
[2017.04.18-16.54.29:266][  0]LogDerivedDataCache: Unable to find inner node CompressedPak for hierarchical cache Hierarchy.
[2017.04.18-16.54.29:285][  0]LogDerivedDataCache:Display: Pak cache opened for reading ../../../Engine/DerivedDataCache/Compressed.ddp.
[2017.04.18-16.54.29:297][  0]LogDerivedDataCache: Using Local data cache path C:/Users/bmc0149/AppData/Local/UnrealEngine/Common/DerivedDataCache: Writable
[2017.04.18-16.54.29:555][  0]LogAssetRegistry: FAssetRegistry took 0.0001 seconds to start up
[2017.04.18-16.54.29:560][  0]LogPackageLocalizationCache: Processed 3 localized package path(s) for 2 prioritized culture(s) in 0.004889 seconds
[2017.04.18-16.54.29:582][  0]LogInit: Selected Device Profile: [Windows]
[2017.04.18-16.54.29:583][  0]LogContentStreaming: Texture pool size is 1000.00 MB
[2017.04.18-16.54.29:823][  0]LogMeshUtilities: Using QuadricMeshReduction for automatic static mesh reduction
[2017.04.18-16.54.29:876][  0]LogSimplygon: Simplygon DLL not present - disabling.
[2017.04.18-16.54.29:936][  0]LogMeshUtilities: Using SimplygonSwarm for distributed automatic mesh merging
[2017.04.18-16.54.29:936][  0]LogMeshUtilities: No automatic skeletal mesh reduction module available
[2017.04.18-16.54.29:936][  0]LogMeshUtilities: No automatic mesh merging module available
[2017.04.18-16.54.30:426][  0]LogNetVersion: GetLocalNetworkVersion: CL: 3195953, ProjectName: zombie_tower_defense, ProjectVersion: , EngineNetworkVersion: 2, GameNetworkVersion: 0, NetworkChecksum: 2528811943
[2017.04.18-16.54.30:507][  0]LogInit: WinSock: version 1.1 (2.2), MaxSocks=32767, MaxUdp=65467
[2017.04.18-16.54.31:371][  0]LogSlate: Using Freetype 2.6.0
[2017.04.18-16.54.31:371][  0]LogSlate: SlateFontCache - WITH_FREETYPE: 1, WITH_HARFBUZZ: 1
[2017.04.18-16.54.31:371][  0]LogSlate: SlateFontCache - WITH_FREETYPE: 1, WITH_HARFBUZZ: 1
[2017.04.18-16.54.31:520][  0]LogMoviePlayer: Initializing movie player
[2017.04.18-16.54.31:597][  0]LogWindowsMoviePlayer: Unable to load movie: ../../../../../../Users/bmc0149/Desktop/Zombie_Tower_Defense/Zombie_TowerDefense/Content/Movies/Default_Startup.mp4
[2017.04.18-16.54.31:801][  0]LogTcpMessaging: Initializing TcpMessaging bridge
[2017.04.18-16.54.31:848][  0]LogUdpMessaging: Initializing bridge on interface 0.0.0.0:0 to multicast group 230.0.0.1:6666.
[2017.04.18-16.54.32:012][  0]SourceControl: Info Source control is disabled
[2017.04.18-16.54.32:012][  0]SourceControl: Info Source control is disabled
[2017.04.18-16.54.32:070][  0]SourceControl: Info Source control is disabled
[2017.04.18-16.54.32:917][  0]LogUObjectArray: 33497 objects as part of root set at end of initial load.
[2017.04.18-16.54.32:917][  0]LogUObjectAllocator: 7418008 out of 0 bytes used by permanent object pool.
[2017.04.18-16.54.32:917][  0]LogUObjectArray: CloseDisregardForGC: 0/0 objects in disregard for GC pool
[2017.04.18-16.54.33:037][  0]LogEngine: Initializing Engine...
[2017.04.18-16.54.33:037][  0]LogHMD: Failed to initialize OpenVR with code 110
[2017.04.18-16.54.33:175][  0]LogInit: XAudio2 using 'Speakers (High Definition Audio Device)' : 2 channels at 44.1 kHz using 16 bits per sample (channel mask 0x3)
[2017.04.18-16.54.33:199][  0]LogInit: FAudioDevice initialized.
[2017.04.18-16.54.33:215][  0]LogInit: Texture streaming: Enabled
[2017.04.18-16.54.33:233][  0]LogMaterial: Uniform references updated for custom material expression Custom.
[2017.04.18-16.54.33:621][  0]LogInit:Display: Game Engine Initialized.
[2017.04.18-16.54.33:801][  0]LogInit:Display: Starting Game.
[2017.04.18-16.54.33:801][  0]LogNet: Browse: /Temp/Autosaves/Game/ZTD_Blueprint/Maps/UEDPCProtomap?Name=Player
[2017.04.18-16.54.33:801][  0]LogLoad: LoadMap: /Temp/Autosaves/Game/ZTD_Blueprint/Maps/UEDPCProtomap?Name=Player
[2017.04.18-16.54.33:817][  0]LogMemory: Platform Memory Stats for Windows
[2017.04.18-16.54.33:817][  0]LogMemory: Process Physical Memory: 615.32 MB used, 662.30 MB peak
[2017.04.18-16.54.33:817][  0]LogMemory: Process Virtual Memory: 698.42 MB used, 698.99 MB peak
[2017.04.18-16.54.33:817][  0]LogMemory: Physical Memory: 7089.91 MB used,  25613.09 MB free, 32703.00 MB total
[2017.04.18-16.54.33:817][  0]LogMemory: Virtual Memory: 1311.72 MB used,  25613.09 MB free, 134217728.00 MB total
[2017.04.18-16.54.33:817][  0]LogMemory: 
[2017.04.18-16.54.33:817][  0]Allocator Stats for TBB: (not implemented)
[2017.04.18-16.54.34:956][  0]LogAIModule: Creating AISystem for world Protomap
[2017.04.18-16.54.34:956][  0]LogLoad: Game class is 'ZTD_GameMode_C'
[2017.04.18-16.54.35:018][  0]LogWorld: Bringing World /Temp/Autosaves/Game/ZTD_Blueprint/Maps/UEDPCProtomap.Protomap up for play (max tick rate 0) at 2017.04.18-11.54.35
[2017.04.18-16.54.35:019][  0]LogWorld: Bringing up level for play took: 0.060652
[2017.04.18-16.54.35:053][  0]LogLoad: Took 1.251818 seconds to LoadMap(/Temp/Autosaves/Game/ZTD_Blueprint/Maps/UEDPCProtomap)
[2017.04.18-16.54.35:432][  0]LogLoad: (Engine Initialization) Total time: 10.32 seconds
[2017.04.18-16.54.35:432][  0]LogLoad: (Engine Initialization) Total Blueprint compile time: 0.35 seconds
[2017.04.18-16.54.35:432][  0]LogExternalProfiler: Found external profiler: VSPerf
[2017.04.18-16.54.35:432][  0]LogExternalProfiler: Using external profiler: VSPerf
[2017.04.18-16.54.35:449][  0]LogOcInput: OculusInput pre-init called
[2017.04.18-16.54.35:564][  2]LogRenderer: Reallocating scene render targets to support 1280x720 NumSamples 1 (Frame:2).
[2017.04.18-16.54.37:068][ 90]LogBlueprintUserMessages: [Player_Controller_C_0] Shooting Mode Enabled!
[2017.04.18-16.54.42:522][399]LogBlueprintUserMessages: [ZTD_GameMode_C_0] SpawningZombie
[2017.04.18-16.54.43:534][455]LogBlueprintUserMessages: [ZTD_GameMode_C_0] SpawningZombie
[2017.04.18-16.54.44:280][496]LogScript:Warning: Accessed None trying to read property K2Node_DynamicCast_AsZTD_Instance8
	Player_Controller_C /Temp/Autosaves/Game/ZTD_Blueprint/Maps/UEDPCProtomap.Protomap:PersistentLevel.Player_Controller_C_0
	Function /Game/ZTD_Blueprint/Blueprints/Player_Controller.Player_Controller_C:ExecuteUbergraph_Player_Controller:1335
[2017.04.18-16.54.44:280][496]LogScript:Warning: Script call stack:
	Function /Game/ZTD_Blueprint/Blueprints/Player_Controller.Player_Controller_C:InpActEvt_Reload_K2Node_InputActionEvent_8
	Function /Game/ZTD_Blueprint/Blueprints/Player_Controller.Player_Controller_C:ExecuteUbergraph_Player_Controller

[2017.04.18-16.54.44:536][510]LogBlueprintUserMessages: [ZTD_GameMode_C_0] SpawningZombie
[2017.04.18-16.54.48:139][714]LogCharacterMovement: Zombie_Character_C_0 is stuck and failed to move! Velocity: X=-147.37 Y=94.38 Z=0.00 Location: X=4284.65 Y=2204.66 Z=156.86 Normal: X=1.00 Y=-0.05 Z=-0.00 PenetrationDepth:0.000 Actor:Zombie_Character_C_1 Component:CharacterMesh0 BoneName:hand_l (0 other events since notify)
[2017.04.18-16.54.49:071][769]LogCharacterMovement: Zombie_Character_C_2 is stuck and failed to move! Velocity: X=167.24 Y=-51.52 Z=0.00 Location: X=4240.16 Y=2320.72 Z=167.57 Normal: X=-0.42 Y=0.91 Z=0.00 PenetrationDepth:2.938 Actor:Zombie_Character_C_0 Component:CharacterMesh0 BoneName:lowerarm_r (0 other events since notify)
[2017.04.18-16.54.54:464][ 58]LogLongPackageNames:Warning: URL: Main menu: Name may not contain the following characters:  
[2017.04.18-16.54.54:464][ 58]LogLongPackageNames:Warning: URL: Main menu: Name may not contain the following characters:  
[2017.04.18-16.54.54:464][ 58]LogNet: Browse: /Game/ZTD_Blueprint/Maps/Menu_Main
[2017.04.18-16.54.54:464][ 58]LogNet:Warning: Travel Failure: [InvalidURL]: Invalid URL: /Game/ZTD_Blueprint/Maps/Menu_Main
[2017.04.18-16.54.54:464][ 58]LogNet: TravelFailure: InvalidURL, Reason for Failure: 'Invalid URL: /Game/ZTD_Blueprint/Maps/Menu_Main'
[2017.04.18-16.54.54:464][ 58]LogNet:Warning: Travel Failure: [ClientTravelFailure]: Invalid URL: /Game/ZTD_Blueprint/Maps/Menu_Main
[2017.04.18-16.54.54:464][ 58]LogNet: TravelFailure: ClientTravelFailure, Reason for Failure: 'Invalid URL: /Game/ZTD_Blueprint/Maps/Menu_Main'
[2017.04.18-16.54.54:482][ 59]LogNet: Browse: /Game/ZTD_Blueprint/Maps/Menu_Main?closed
[2017.04.18-16.54.54:482][ 59]LogNet: Failed; returning to Entry
[2017.04.18-16.54.54:553][ 59]LogLoad: LoadMap: /Game/ZTD_Blueprint/Maps/Menu_Main?closed
[2017.04.18-16.54.54:619][ 59]LogMemory: Platform Memory Stats for Windows
[2017.04.18-16.54.54:619][ 59]LogMemory: Process Physical Memory: 765.63 MB used, 765.63 MB peak
[2017.04.18-16.54.54:619][ 59]LogMemory: Process Virtual Memory: 1049.89 MB used, 1049.89 MB peak
[2017.04.18-16.54.54:619][ 59]LogMemory: Physical Memory: 7221.11 MB used,  25481.88 MB free, 32703.00 MB total
[2017.04.18-16.54.54:619][ 59]LogMemory: Virtual Memory: 1670.37 MB used,  25481.88 MB free, 134217728.00 MB total
[2017.04.18-16.54.54:619][ 59]LogMemory: 
[2017.04.18-16.54.54:619][ 59]Allocator Stats for TBB: (not implemented)
[2017.04.18-16.54.55:117][ 59]LogAIModule: Creating AISystem for world Menu_Main
[2017.04.18-16.54.55:118][ 59]LogLoad: Game class is 'ZTD_MainMenu_Mode_C'
[2017.04.18-16.54.55:119][ 59]LogWorld: Bringing World /Game/ZTD_Blueprint/Maps/Menu_Main.Menu_Main up for play (max tick rate 0) at 2017.04.18-11.54.55
[2017.04.18-16.54.55:120][ 59]LogWorld: Bringing up level for play took: 0.000646
[2017.04.18-16.54.55:120][ 59]LogGameMode: Warning - PATHS NOT DEFINED or NO PLAYERSTART with positive rating
[2017.04.18-16.54.55:121][ 59]t.MaxFPS = "62"
[2017.04.18-16.54.55:122][ 59]LogLoad: Took 0.569082 seconds to LoadMap(/Game/ZTD_Blueprint/Maps/Menu_Main)
[2017.04.18-16.54.57:065][161]LogPackageName: SearchForPackageOnDisk took   0.105s to resolve Protomap.umap.
[2017.04.18-16.54.57:169][161]LogPackageName: SearchForPackageOnDisk took   0.103s to resolve Protomap.umap.
[2017.04.18-16.54.57:169][161]LogNet: Browse: /Game/ZTD_Blueprint/Maps/Protomap
[2017.04.18-16.54.57:169][161]LogLoad: LoadMap: /Game/ZTD_Blueprint/Maps/Protomap
[2017.04.18-16.54.57:192][161]LogMemory: Platform Memory Stats for Windows
[2017.04.18-16.54.57:192][161]LogMemory: Process Physical Memory: 771.28 MB used, 777.53 MB peak
[2017.04.18-16.54.57:192][161]LogMemory: Process Virtual Memory: 1040.51 MB used, 1121.41 MB peak
[2017.04.18-16.54.57:192][161]LogMemory: Physical Memory: 7226.61 MB used,  25476.39 MB free, 32703.00 MB total
[2017.04.18-16.54.57:192][161]LogMemory: Virtual Memory: 1666.49 MB used,  25476.39 MB free, 134217728.00 MB total
[2017.04.18-16.54.57:192][161]LogMemory: 
[2017.04.18-16.54.57:192][161]Allocator Stats for TBB: (not implemented)
[2017.04.18-16.54.58:207][161]LogAIModule: Creating AISystem for world Protomap
[2017.04.18-16.54.58:207][161]LogLoad: Game class is 'ZTD_GameMode_C'
[2017.04.18-16.54.58:267][161]LogWorld: Bringing World /Game/ZTD_Blueprint/Maps/Protomap.Protomap up for play (max tick rate 62) at 2017.04.18-11.54.58
[2017.04.18-16.54.58:267][161]LogWorld: Bringing up level for play took: 0.058777
[2017.04.18-16.54.58:300][161]LogLoad: Took 1.131724 seconds to LoadMap(/Game/ZTD_Blueprint/Maps/Protomap)
[2017.04.18-16.54.58:306][162]LogCharacterMovement:Warning: GetSimulationTimeStep() - Max iterations 8 hit while remaining time 0.089333 > MaxSimulationTimeStep (0.050) for 'Player_Character_C_0', movement 'Walking'
[2017.04.18-16.55.01:266][338]LogLongPackageNames:Warning: URL: Main menu: Name may not contain the following characters:  
[2017.04.18-16.55.01:267][338]LogLongPackageNames:Warning: URL: Main menu: Name may not contain the following characters:  
[2017.04.18-16.55.01:267][338]LogNet: Browse: /Game/ZTD_Blueprint/Maps/Menu_Main
[2017.04.18-16.55.01:267][338]LogNet:Warning: Travel Failure: [InvalidURL]: Invalid URL: /Game/ZTD_Blueprint/Maps/Menu_Main
[2017.04.18-16.55.01:267][338]LogNet: TravelFailure: InvalidURL, Reason for Failure: 'Invalid URL: /Game/ZTD_Blueprint/Maps/Menu_Main'
[2017.04.18-16.55.01:267][338]LogNet:Warning: Travel Failure: [ClientTravelFailure]: Invalid URL: /Game/ZTD_Blueprint/Maps/Menu_Main
[2017.04.18-16.55.01:267][338]LogNet: TravelFailure: ClientTravelFailure, Reason for Failure: 'Invalid URL: /Game/ZTD_Blueprint/Maps/Menu_Main'
[2017.04.18-16.55.01:284][339]LogNet: Browse: /Game/ZTD_Blueprint/Maps/Menu_Main?closed
[2017.04.18-16.55.01:284][339]LogNet: Failed; returning to Entry
[2017.04.18-16.55.01:357][339]LogLoad: LoadMap: /Game/ZTD_Blueprint/Maps/Menu_Main?closed
[2017.04.18-16.55.01:415][339]LogMemory: Platform Memory Stats for Windows
[2017.04.18-16.55.01:415][339]LogMemory: Process Physical Memory: 792.29 MB used, 793.04 MB peak
[2017.04.18-16.55.01:415][339]LogMemory: Process Virtual Memory: 1098.86 MB used, 1147.32 MB peak
[2017.04.18-16.55.01:415][339]LogMemory: Physical Memory: 7240.45 MB used,  25462.54 MB free, 32703.00 MB total
[2017.04.18-16.55.01:415][339]LogMemory: Virtual Memory: 1713.62 MB used,  25462.54 MB free, 134217728.00 MB total
[2017.04.18-16.55.01:415][339]LogMemory: 
[2017.04.18-16.55.01:415][339]Allocator Stats for TBB: (not implemented)
[2017.04.18-16.55.01:918][339]LogAIModule: Creating AISystem for world Menu_Main
[2017.04.18-16.55.01:919][339]LogLoad: Game class is 'ZTD_MainMenu_Mode_C'
[2017.04.18-16.55.01:920][339]LogWorld: Bringing World /Game/ZTD_Blueprint/Maps/Menu_Main.Menu_Main up for play (max tick rate 62) at 2017.04.18-11.55.01
[2017.04.18-16.55.01:921][339]LogWorld: Bringing up level for play took: 0.000622
[2017.04.18-16.55.01:921][339]LogGameMode: Warning - PATHS NOT DEFINED or NO PLAYERSTART with positive rating
[2017.04.18-16.55.01:921][339]t.MaxFPS = "62"
[2017.04.18-16.55.01:923][339]LogLoad: Took 0.565834 seconds to LoadMap(/Game/ZTD_Blueprint/Maps/Menu_Main)
[2017.04.18-16.55.02:778][392]Closing by request
[2017.04.18-16.55.02:778][392]LogWindows: FPlatformMisc::RequestExit(0)
[2017.04.18-16.55.02:779][393]LogMoviePlayer: Shutting down movie player
[2017.04.18-16.55.03:066][393]LogWindowsTextInputMethodSystem:Display: IME system now deactivated.
[2017.04.18-16.55.03:067][393]LogWindowsTextInputMethodSystem:Display: IME system now deactivated.
[2017.04.18-16.55.03:068][393]LogExit: Preparing to exit.
[2017.04.18-16.55.03:985][393]LogExit: Game engine shut down
