Log file open, 04/06/17 13:56:32
LogInit:Display: Running engine for game: Zombie_Tower_Defense
LogPlatformFile: Not using cached read wrapper
LogInit:Display: RandInit(1909950591) SRandInit(1909950591).
LogTaskGraph: Started task graph with 5 named threads and 9 total threads with 1 sets of task threads.
LogStats: Stats thread started at 0.099188
LogPluginManager: Loaded Plugin Paper2D, From C:/Program Files/Epic Games/4.14/Engine/Plugins/2D/Paper2D/Paper2D.uplugin
LogPluginManager: Loaded Plugin LightPropagationVolume, From C:/Program Files/Epic Games/4.14/Engine/Plugins/Blendables/LightPropagationVolume/LightPropagationVolume.uplugin
LogPluginManager: Loaded Plugin BlankPlugin, From C:/Program Files/Epic Games/4.14/Engine/Plugins/Developer/BlankPlugin/BlankPlugin.uplugin
LogPluginManager: Loaded Plugin CodeLiteSourceCodeAccess, From C:/Program Files/Epic Games/4.14/Engine/Plugins/Developer/CodeLiteSourceCodeAccess/CodeLiteSourceCodeAccess.uplugin
LogPluginManager: Loaded Plugin GitSourceControl, From C:/Program Files/Epic Games/4.14/Engine/Plugins/Developer/GitSourceControl/GitSourceControl.uplugin
LogPluginManager: Loaded Plugin KDevelopSourceCodeAccess, From C:/Program Files/Epic Games/4.14/Engine/Plugins/Developer/KDevelopSourceCodeAccess/KDevelopSourceCodeAccess.uplugin
LogPluginManager: Loaded Plugin NullSourceCodeAccess, From C:/Program Files/Epic Games/4.14/Engine/Plugins/Developer/NullSourceCodeAccess/NullSourceCodeAccess.uplugin
LogPluginManager: Loaded Plugin OneSkyLocalizationService, From C:/Program Files/Epic Games/4.14/Engine/Plugins/Developer/OneSkyLocalizationService/OneSkyLocalizationService.uplugin
LogPluginManager: Loaded Plugin PerforceSourceControl, From C:/Program Files/Epic Games/4.14/Engine/Plugins/Developer/PerforceSourceControl/PerforceSourceControl.uplugin
LogPluginManager: Loaded Plugin SubversionSourceControl, From C:/Program Files/Epic Games/4.14/Engine/Plugins/Developer/SubversionSourceControl/SubversionSourceControl.uplugin
LogPluginManager: Loaded Plugin UObjectPlugin, From C:/Program Files/Epic Games/4.14/Engine/Plugins/Developer/UObjectPlugin/UObjectPlugin.uplugin
LogPluginManager: Loaded Plugin VisualStudioSourceCodeAccess, From C:/Program Files/Epic Games/4.14/Engine/Plugins/Developer/VisualStudioSourceCodeAccess/VisualStudioSourceCodeAccess.uplugin
LogPluginManager: Loaded Plugin XCodeSourceCodeAccess, From C:/Program Files/Epic Games/4.14/Engine/Plugins/Developer/XCodeSourceCodeAccess/XCodeSourceCodeAccess.uplugin
LogPluginManager: Loaded Plugin AudioCapture, From C:/Program Files/Epic Games/4.14/Engine/Plugins/Editor/AudioCapture/AudioCapture.uplugin
LogPluginManager: Loaded Plugin EpicSurvey, From C:/Program Files/Epic Games/4.14/Engine/Plugins/Editor/EpicSurvey/EpicSurvey.uplugin
LogPluginManager: Loaded Plugin MacGraphicsSwitching, From C:/Program Files/Epic Games/4.14/Engine/Plugins/Editor/MacGraphicsSwitching/MacGraphicsSwitching.uplugin
LogPluginManager: Loaded Plugin MobileLauncherProfileWizard, From C:/Program Files/Epic Games/4.14/Engine/Plugins/Editor/MobileLauncherProfileWizard/MobileLauncherProfileWizard.uplugin
LogPluginManager: Loaded Plugin PluginBrowser, From C:/Program Files/Epic Games/4.14/Engine/Plugins/Editor/PluginBrowser/PluginBrowser.uplugin
LogPluginManager: Loaded Plugin SpeedTreeImporter, From C:/Program Files/Epic Games/4.14/Engine/Plugins/Editor/SpeedTreeImporter/SpeedTreeImporter.uplugin
LogPluginManager: Loaded Plugin SuperSearchEditor, From C:/Program Files/Epic Games/4.14/Engine/Plugins/Editor/SuperSearchEditor/SuperSearchEditor.uplugin
LogPluginManager: Loaded Plugin AlembicImporter, From C:/Program Files/Epic Games/4.14/Engine/Plugins/Experimental/AlembicImporter/AlembicImporter.uplugin
LogPluginManager: Loaded Plugin BlueprintStats, From C:/Program Files/Epic Games/4.14/Engine/Plugins/Experimental/BlueprintStats/BlueprintStats.uplugin
LogPluginManager: Loaded Plugin CharacterAI, From C:/Program Files/Epic Games/4.14/Engine/Plugins/Experimental/CharacterAI/CharacterAI.uplugin
LogPluginManager: Loaded Plugin CodeEditor, From C:/Program Files/Epic Games/4.14/Engine/Plugins/Experimental/CodeEditor/CodeEditor.uplugin
LogPluginManager: Loaded Plugin CodeView, From C:/Program Files/Epic Games/4.14/Engine/Plugins/Experimental/CodeView/CodeView.uplugin
LogPluginManager: Loaded Plugin HTML5Networking, From C:/Program Files/Epic Games/4.14/Engine/Plugins/Experimental/HTML5Networking/HTML5Networking.uplugin
LogPluginManager: Loaded Plugin OSVR, From C:/Program Files/Epic Games/4.14/Engine/Plugins/Experimental/OSVR/OSVR.uplugin
LogPluginManager: Loaded Plugin Phya, From C:/Program Files/Epic Games/4.14/Engine/Plugins/Experimental/Phya/Phya.uplugin
LogPluginManager: Loaded Plugin SignificanceManager, From C:/Program Files/Epic Games/4.14/Engine/Plugins/Experimental/SignificanceManager/SignificanceManager.uplugin
LogPluginManager: Loaded Plugin SimpleHMD, From C:/Program Files/Epic Games/4.14/Engine/Plugins/Experimental/SimpleHMD/SimpleHMD.uplugin
LogPluginManager: Loaded Plugin StereoPanorama, From C:/Program Files/Epic Games/4.14/Engine/Plugins/Experimental/StereoPanorama/StereoPanorama.uplugin
LogPluginManager: Loaded Plugin StructBox, From C:/Program Files/Epic Games/4.14/Engine/Plugins/Experimental/StructBox/StructBox.uplugin
LogPluginManager: Loaded Plugin AndroidMedia, From C:/Program Files/Epic Games/4.14/Engine/Plugins/Media/AndroidMedia/AndroidMedia.uplugin
LogPluginManager: Loaded Plugin AvfMedia, From C:/Program Files/Epic Games/4.14/Engine/Plugins/Media/AvfMedia/AvfMedia.uplugin
LogPluginManager: Loaded Plugin MediaPlayerEditor, From C:/Program Files/Epic Games/4.14/Engine/Plugins/Media/MediaPlayerEditor/MediaPlayerEditor.uplugin
LogPluginManager: Loaded Plugin WmfMedia, From C:/Program Files/Epic Games/4.14/Engine/Plugins/Media/WmfMedia/WmfMedia.uplugin
LogPluginManager: Loaded Plugin MessagingDebugger, From C:/Program Files/Epic Games/4.14/Engine/Plugins/Messaging/MessagingDebugger/MessagingDebugger.uplugin
LogPluginManager: Loaded Plugin TcpMessaging, From C:/Program Files/Epic Games/4.14/Engine/Plugins/Messaging/TcpMessaging/TcpMessaging.uplugin
LogPluginManager: Loaded Plugin UdpMessaging, From C:/Program Files/Epic Games/4.14/Engine/Plugins/Messaging/UdpMessaging/UdpMessaging.uplugin
LogPluginManager: Loaded Plugin LevelSequenceEditor, From C:/Program Files/Epic Games/4.14/Engine/Plugins/MovieScene/LevelSequenceEditor/LevelSequenceEditor.uplugin
LogPluginManager: Loaded Plugin MatineeToLevelSequence, From C:/Program Files/Epic Games/4.14/Engine/Plugins/MovieScene/MatineeToLevelSequence/MatineeToLevelSequence.uplugin
LogPluginManager: Loaded Plugin NetcodeUnitTest, From C:/Program Files/Epic Games/4.14/Engine/Plugins/NetcodeUnitTest/NetcodeUnitTest/NetcodeUnitTest.uplugin
LogPluginManager: Loaded Plugin NUTUnrealEngine4, From C:/Program Files/Epic Games/4.14/Engine/Plugins/NetcodeUnitTest/NUTUnrealEngine4/NUTUnrealEngine4.uplugin
LogPluginManager: Loaded Plugin OnlineSubsystemGameCircle, From C:/Program Files/Epic Games/4.14/Engine/Plugins/Online/Android/OnlineSubsystemGameCircle/OnlineSubsystemGameCircle.uplugin
LogPluginManager: Loaded Plugin OnlineSubsystemGooglePlay, From C:/Program Files/Epic Games/4.14/Engine/Plugins/Online/Android/OnlineSubsystemGooglePlay/OnlineSubsystemGooglePlay.uplugin
LogPluginManager: Loaded Plugin OnlineSubsystemIOS, From C:/Program Files/Epic Games/4.14/Engine/Plugins/Online/IOS/OnlineSubsystemIOS/OnlineSubsystemIOS.uplugin
LogPluginManager: Loaded Plugin OnlineFramework, From C:/Program Files/Epic Games/4.14/Engine/Plugins/Online/OnlineFramework/OnlineFramework.uplugin
LogPluginManager: Loaded Plugin OnlineSubsystem, From C:/Program Files/Epic Games/4.14/Engine/Plugins/Online/OnlineSubsystem/OnlineSubsystem.uplugin
LogPluginManager: Loaded Plugin OnlineSubsystemAmazon, From C:/Program Files/Epic Games/4.14/Engine/Plugins/Online/OnlineSubsystemAmazon/OnlineSubsystemAmazon.uplugin
LogPluginManager: Loaded Plugin OnlineSubsystemFacebook, From C:/Program Files/Epic Games/4.14/Engine/Plugins/Online/OnlineSubsystemFacebook/OnlineSubsystemFacebook.uplugin
LogPluginManager: Loaded Plugin OnlineSubsystemNull, From C:/Program Files/Epic Games/4.14/Engine/Plugins/Online/OnlineSubsystemNull/OnlineSubsystemNull.uplugin
LogPluginManager: Loaded Plugin OnlineSubsystemOculus, From C:/Program Files/Epic Games/4.14/Engine/Plugins/Online/OnlineSubsystemOculus/OnlineSubsystemOculus.uplugin
LogPluginManager: Loaded Plugin OnlineSubsystemSteam, From C:/Program Files/Epic Games/4.14/Engine/Plugins/Online/OnlineSubsystemSteam/OnlineSubsystemSteam.uplugin
LogPluginManager: Loaded Plugin OnlineSubsystemUtils, From C:/Program Files/Epic Games/4.14/Engine/Plugins/Online/OnlineSubsystemUtils/OnlineSubsystemUtils.uplugin
LogPluginManager: Loaded Plugin IOSTapJoy, From C:/Program Files/Epic Games/4.14/Engine/Plugins/Runtime/Advertising/IOSTapJoy/IOSTapJoy.uplugin
LogPluginManager: Loaded Plugin AnalyticsBlueprintLibrary, From C:/Program Files/Epic Games/4.14/Engine/Plugins/Runtime/Analytics/AnalyticsBlueprintLibrary/AnalyticsBlueprintLibrary.uplugin
LogPluginManager: Loaded Plugin AnalyticsMulticast, From C:/Program Files/Epic Games/4.14/Engine/Plugins/Runtime/Analytics/AnalyticsMulticast/AnalyticsMulticast.uplugin
LogPluginManager: Loaded Plugin Apsalar, From C:/Program Files/Epic Games/4.14/Engine/Plugins/Runtime/Analytics/Apsalar/Apsalar.uplugin
LogPluginManager: Loaded Plugin FileLogging, From C:/Program Files/Epic Games/4.14/Engine/Plugins/Runtime/Analytics/FileLogging/FileLogging.uplugin
LogPluginManager: Loaded Plugin Flurry, From C:/Program Files/Epic Games/4.14/Engine/Plugins/Runtime/Analytics/Flurry/Flurry.uplugin
LogPluginManager: Loaded Plugin AndroidDeviceProfileSelector, From C:/Program Files/Epic Games/4.14/Engine/Plugins/Runtime/AndroidDeviceProfileSelector/AndroidDeviceProfileSelector.uplugin
LogPluginManager: Loaded Plugin AndroidMoviePlayer, From C:/Program Files/Epic Games/4.14/Engine/Plugins/Runtime/AndroidMoviePlayer/AndroidMoviePlayer.uplugin
LogPluginManager: Loaded Plugin AppleMoviePlayer, From C:/Program Files/Epic Games/4.14/Engine/Plugins/Runtime/AppleMoviePlayer/AppleMoviePlayer.uplugin
LogPluginManager: Loaded Plugin ArchVisCharacter, From C:/Program Files/Epic Games/4.14/Engine/Plugins/Runtime/ArchVisCharacter/ArchVisCharacter.uplugin
LogPluginManager: Loaded Plugin CableComponent, From C:/Program Files/Epic Games/4.14/Engine/Plugins/Runtime/CableComponent/CableComponent.uplugin
LogPluginManager: Loaded Plugin CustomMeshComponent, From C:/Program Files/Epic Games/4.14/Engine/Plugins/Runtime/CustomMeshComponent/CustomMeshComponent.uplugin
LogPluginManager: Loaded Plugin ExampleDeviceProfileSelector, From C:/Program Files/Epic Games/4.14/Engine/Plugins/Runtime/ExampleDeviceProfileSelector/ExampleDeviceProfileSelector.uplugin
LogPluginManager: Loaded Plugin GearVR, From C:/Program Files/Epic Games/4.14/Engine/Plugins/Runtime/GearVR/GearVR.uplugin
LogPluginManager: Loaded Plugin GoogleVRController, From C:/Program Files/Epic Games/4.14/Engine/Plugins/Runtime/GoogleVR/GoogleVRController/GoogleVRController.uplugin
LogPluginManager: Loaded Plugin GoogleVRHMD, From C:/Program Files/Epic Games/4.14/Engine/Plugins/Runtime/GoogleVR/GoogleVRHMD/GoogleVRHMD.uplugin
LogPluginManager: Loaded Plugin IOSDeviceProfileSelector, From C:/Program Files/Epic Games/4.14/Engine/Plugins/Runtime/IOSDeviceProfileSelector/IOSDeviceProfileSelector.uplugin
LogPluginManager: Loaded Plugin LeapMotion, From C:/Program Files/Epic Games/4.14/Engine/Plugins/Runtime/LeapMotion/LeapMotion.uplugin
LogPluginManager: Loaded Plugin LinuxDeviceProfileSelector, From C:/Program Files/Epic Games/4.14/Engine/Plugins/Runtime/LinuxDeviceProfileSelector/LinuxDeviceProfileSelector.uplugin
LogPluginManager: Loaded Plugin MIDIDevice, From C:/Program Files/Epic Games/4.14/Engine/Plugins/Runtime/MIDIDevice/MIDIDevice.uplugin
LogPluginManager: Loaded Plugin MobilePatchingUtils, From C:/Program Files/Epic Games/4.14/Engine/Plugins/Runtime/MobilePatchingUtils/MobilePatchingUtils.uplugin
LogPluginManager: Loaded Plugin Ansel, From C:/Program Files/Epic Games/4.14/Engine/Plugins/Runtime/Nvidia/Ansel/Ansel.uplugin
LogPluginManager: Loaded Plugin OculusAudio, From C:/Program Files/Epic Games/4.14/Engine/Plugins/Runtime/OculusAudio/OculusAudio.uplugin
LogPluginManager: Loaded Plugin OculusInput, From C:/Program Files/Epic Games/4.14/Engine/Plugins/Runtime/OculusInput/OculusInput.uplugin
LogPluginManager: Loaded Plugin OculusLibrary, From C:/Program Files/Epic Games/4.14/Engine/Plugins/Runtime/OculusLibrary/OculusLibrary.uplugin
LogPluginManager: Loaded Plugin OculusRift, From C:/Program Files/Epic Games/4.14/Engine/Plugins/Runtime/OculusRift/OculusRift.uplugin
LogPluginManager: Loaded Plugin Oodle, From C:/Program Files/Epic Games/4.14/Engine/Plugins/Runtime/PacketHandlers/CompressionComponents/Oodle/Oodle.uplugin
LogPluginManager: Loaded Plugin ProceduralMeshComponent, From C:/Program Files/Epic Games/4.14/Engine/Plugins/Runtime/ProceduralMeshComponent/ProceduralMeshComponent.uplugin
LogPluginManager: Loaded Plugin SoundMod, From C:/Program Files/Epic Games/4.14/Engine/Plugins/Runtime/SoundMod/SoundMod.uplugin
LogPluginManager: Loaded Plugin SoundVisualizations, From C:/Program Files/Epic Games/4.14/Engine/Plugins/Runtime/SoundVisualizations/SoundVisualizations.uplugin
LogPluginManager: Loaded Plugin SteamController, From C:/Program Files/Epic Games/4.14/Engine/Plugins/Runtime/Steam/SteamController/SteamController.uplugin
LogPluginManager: Loaded Plugin SteamVR, From C:/Program Files/Epic Games/4.14/Engine/Plugins/Runtime/Steam/SteamVR/SteamVR.uplugin
LogPluginManager: Loaded Plugin WebBrowserWidget, From C:/Program Files/Epic Games/4.14/Engine/Plugins/Runtime/WebBrowserWidget/WebBrowserWidget.uplugin
LogPluginManager: Loaded Plugin WindowsDeviceProfileSelector, From C:/Program Files/Epic Games/4.14/Engine/Plugins/Runtime/WindowsDeviceProfileSelector/WindowsDeviceProfileSelector.uplugin
LogPluginManager: Loaded Plugin WindowsMoviePlayer, From C:/Program Files/Epic Games/4.14/Engine/Plugins/Runtime/WindowsMoviePlayer/WindowsMoviePlayer.uplugin
LogPluginManager: Loaded Plugin ScriptPlugin, From C:/Program Files/Epic Games/4.14/Engine/Plugins/ScriptPlugin/ScriptPlugin.uplugin
LogPluginManager: Loaded Plugin SlateRemote, From C:/Program Files/Epic Games/4.14/Engine/Plugins/Slate/SlateRemote/SlateRemote.uplugin
LogPluginManager: Loaded Plugin EditorTests, From C:/Program Files/Epic Games/4.14/Engine/Plugins/Tests/EditorTests/EditorTests.uplugin
LogPluginManager: Loaded Plugin FbxAutomationTestBuilder, From C:/Program Files/Epic Games/4.14/Engine/Plugins/Tests/FbxAutomationTestBuilder/FbxAutomationTestBuilder.uplugin
LogPluginManager: Loaded Plugin FunctionalTestingEditor, From C:/Program Files/Epic Games/4.14/Engine/Plugins/Tests/FunctionalTestingEditor/FunctionalTestingEditor.uplugin
LogPluginManager: Loaded Plugin RuntimeTests, From C:/Program Files/Epic Games/4.14/Engine/Plugins/Tests/RuntimeTests/RuntimeTests.uplugin
LogPluginManager: Loaded Plugin ScreenshotTools, From C:/Program Files/Epic Games/4.14/Engine/Plugins/Tests/ScreenshotTools/ScreenshotTools.uplugin
LogInit: Using libcurl 7.47.1
LogInit:  - built for x86_64-pc-win32
LogInit:  - supports SSL with OpenSSL/1.0.2g
LogInit:  - supports HTTP deflate (compression) using libz 1.2.8
LogInit:  - other features:
LogInit:      CURL_VERSION_SSL
LogInit:      CURL_VERSION_LIBZ
LogInit:      CURL_VERSION_IPV6
LogInit:      CURL_VERSION_ASYNCHDNS
LogInit:      CURL_VERSION_LARGEFILE
LogInit:      CURL_VERSION_IDN
LogInit:  CurlRequestOptions (configurable via config and command line):
LogInit:  - bVerifyPeer = false  - Libcurl will NOT verify peer certificate
LogInit:  - bUseHttpProxy = false  - Libcurl will NOT use HTTP proxy
LogInit:  - bDontReuseConnections = false  - Libcurl will reuse connections
LogInit:  - CertBundlePath = nullptr  - Libcurl will use whatever was configured at build time.
LogInit: Build: ++UE4+Release-4.14-CL-3249277
LogInit: Engine Version: 4.14.3-3249277+++UE4+Release-4.14
LogInit: Compatible Engine Version: 4.14.0-3195953+++UE4+Release-4.14
LogInit: Net CL: 3195953
LogDevObjectVersion: Number of dev versions registered: 13
LogDevObjectVersion:   Dev-Blueprints (B0D832E4-1F89-4F0D-ACCF-7EB736FD4AA2): 7
LogDevObjectVersion:   Dev-Build (E1C64328-A22C-4D53-A36C-8E866417BD8C): 0
LogDevObjectVersion:   Dev-Core (375EC13C-06E4-48FB-B500-84F0262A717E): 1
LogDevObjectVersion:   Dev-Editor (E4B068ED-F494-42E9-A231-DA0B2E46BB41): 8
LogDevObjectVersion:   Dev-Framework (CFFC743F-43B0-4480-9391-14DF171D2073): 17
LogDevObjectVersion:   Dev-Mobile (B02B49B5-BB20-44E9-A304-32B752E40360): 0
LogDevObjectVersion:   Dev-Networking (A4E4105C-59A1-49B5-A7C5-40C4547EDFEE): 0
LogDevObjectVersion:   Dev-Online (39C831C9-5AE6-47DC-9A44-9C173E1C8E7C): 0
LogDevObjectVersion:   Dev-Physics (78F01B33-EBEA-4F98-B9B4-84EACCB95AA2): 0
LogDevObjectVersion:   Dev-Platform (6631380F-2D4D-43E0-8009-CF276956A95A): 0
LogDevObjectVersion:   Dev-Rendering (12F88B9F-8875-4AFC-A67C-D90C383ABD29): 12
LogDevObjectVersion:   Dev-Sequencer (7B5AE74C-D270-4C10-A958-57980B212A5A): 1
LogDevObjectVersion:   Dev-VR (D7296918-1DD6-4BDD-9DE2-64A83CC13884): 0
LogInit: Compiled (64-bit): Jan  6 2017 10:49:43
LogInit: Compiled with Visual C++: 19.00.23026.00
LogInit: Build Configuration: Development
LogInit: Branch Name: ++UE4+Release-4.14
LogInit: Command line:  /Temp/Autosaves/Game/ZTD_Blueprint/Blueprints/UEDPCProtomap -game -PIEVIACONSOLE -ResX=1280 -ResY=720  -Multiprocess -messaging -SessionName="Play in Standalone Game" -windowed 
LogInit: Base directory: C:/Program Files/Epic Games/4.14/Engine/Binaries/Win64/
LogInit: Installed Engine Build: 1
LogInit: Presizing for max 8388607 objects, including 0 objects not considered by GC, pre-allocating 0 bytes for permanent pool.
LogInit: Object subsystem initialized
[2017.04.06-18.56.33:159][  0]LogInit: Selected Device Profile: [Windows]
[2017.04.06-18.56.33:159][  0]LogInit: Applying CVar settings loaded from the selected device profile: [Windows]
[2017.04.06-18.56.33:163][  0]LogInit: Computer: ADVENTURE
[2017.04.06-18.56.33:163][  0]LogInit: User: bmc0149
[2017.04.06-18.56.33:163][  0]LogInit: CPU Page size=65536, Cores=6
[2017.04.06-18.56.33:163][  0]LogInit: High frequency timer resolution =3.126781 MHz
[2017.04.06-18.56.33:164][  0]LogMemory: Memory total: Physical=31.9GB (32GB approx)
[2017.04.06-18.56.33:164][  0]LogMemory: Platform Memory Stats for Windows
[2017.04.06-18.56.33:164][  0]LogMemory: Process Physical Memory: 262.69 MB used, 262.69 MB peak
[2017.04.06-18.56.33:164][  0]LogMemory: Process Virtual Memory: 265.85 MB used, 265.85 MB peak
[2017.04.06-18.56.33:164][  0]LogMemory: Physical Memory: 9496.28 MB used,  23206.71 MB free, 32703.00 MB total
[2017.04.06-18.56.33:164][  0]LogMemory: Virtual Memory: 663.80 MB used,  23206.71 MB free, 134217728.00 MB total
[2017.04.06-18.56.33:196][  0]LogTextLocalizationManager: No specific translations for ('en-US') exist, so ('en') translations will be used.
[2017.04.06-18.56.33:645][  0]LogD3D11RHI: D3D11 adapters:
[2017.04.06-18.56.33:673][  0]LogD3D11RHI:    0. 'NVIDIA GeForce GTX 660 Ti' (Feature Level 11_0)
[2017.04.06-18.56.33:673][  0]LogD3D11RHI:       1924/0/16351 MB DedicatedVideo/DedicatedSystem/SharedSystem, Outputs:2, VendorId:0x10de
[2017.04.06-18.56.33:674][  0]LogD3D11RHI:    1. 'Microsoft Basic Render Driver' (Feature Level 11_0)
[2017.04.06-18.56.33:674][  0]LogD3D11RHI:       0/0/256 MB DedicatedVideo/DedicatedSystem/SharedSystem, Outputs:0, VendorId:0x1414
[2017.04.06-18.56.33:674][  0]LogD3D11RHI: Chosen D3D11 Adapter: 0
[2017.04.06-18.56.33:677][  0]LogD3D11RHI: Creating new Direct3DDevice
[2017.04.06-18.56.33:677][  0]LogD3D11RHI:     GPU DeviceId: 0x1183 (for the marketing name, search the web for "GPU Device Id")
[2017.04.06-18.56.33:677][  0]LogWindows: EnumDisplayDevices:
[2017.04.06-18.56.33:677][  0]LogWindows:    0. 'NVIDIA GeForce GTX 660 Ti' (P:1 D:1)
[2017.04.06-18.56.33:678][  0]LogWindows:    1. 'NVIDIA GeForce GTX 660 Ti' (P:0 D:1)
[2017.04.06-18.56.33:678][  0]LogWindows:    2. 'NVIDIA GeForce GTX 660 Ti' (P:0 D:0)
[2017.04.06-18.56.33:678][  0]LogWindows:    3. 'NVIDIA GeForce GTX 660 Ti' (P:0 D:0)
[2017.04.06-18.56.33:678][  0]LogWindows: DebugString: FoundDriverCount:4 
[2017.04.06-18.56.33:678][  0]LogD3D11RHI:     Adapter Name: NVIDIA GeForce GTX 660 Ti
[2017.04.06-18.56.33:678][  0]LogD3D11RHI:   Driver Version: 378.66 (internal:21.21.13.7866, unified:378.66)
[2017.04.06-18.56.33:678][  0]LogD3D11RHI:      Driver Date: 2-9-2017
[2017.04.06-18.56.33:678][  0]LogRHI: Texture pool is 1347 MB (70% of 1924 MB)
[2017.04.06-18.56.33:689][  0]LogD3D11RHI:Warning: Timestamp queries are currently disabled on this hardware due to instability. Realtime GPU stats will not be available. You can override this behaviour by setting r.NVIDIATimestampWorkaround to 0
[2017.04.06-18.56.33:689][  0]LogD3D11RHI: Async texture creation enabled
[2017.04.06-18.56.33:706][  0]LogD3D11RHI: GPU Timing Frequency: 1000.000000 (Debug: 2 2)
[2017.04.06-18.56.33:706][  0]LogShaderCompilers: Guid format shader working directory is -33 characters bigger than the processId version (../../../../../../Users/bmc0149/Desktop/Zombie_Tower_Defense/Zombie_TowerDefense/Intermediate/Shaders/WorkingDirectory/10076/).
[2017.04.06-18.56.33:707][  0]LogShaderCompilers: Cleaned the shader compiler working directory 'C:/Users/bmc0149/AppData/Local/Temp/UnrealShaderWorkingDir/A82567F84014336DF39DB0B97A86D02B/'.
[2017.04.06-18.56.33:707][  0]LogShaderCompilers:Display: Using Local Shader Compiler.
[2017.04.06-18.56.34:852][  0]LogTemp:Display: Loaded TP WindowsClientTargetPlatform
[2017.04.06-18.56.34:918][  0]LogTemp:Display: Loaded TP WindowsNoEditorTargetPlatform
[2017.04.06-18.56.34:984][  0]LogTemp:Display: Loaded TP WindowsServerTargetPlatform
[2017.04.06-18.56.35:037][  0]LogTemp:Display: Loaded TP WindowsTargetPlatform
[2017.04.06-18.56.35:037][  0]LogTargetPlatformManager:Display: Building Assets For Windows
[2017.04.06-18.56.35:492][  0]LogDerivedDataCache:Display: Max Cache Size: 512 MB
[2017.04.06-18.56.35:546][  0]LogDerivedDataCache: Loaded boot cache 0.05s 50MB C:/Users/bmc0149/AppData/Local/UnrealEngine/4.14/DerivedDataCache/Boot.ddc.
[2017.04.06-18.56.35:547][  0]LogDerivedDataCache:Display: Loaded Boot cache: C:/Users/bmc0149/AppData/Local/UnrealEngine/4.14/DerivedDataCache/Boot.ddc
[2017.04.06-18.56.35:547][  0]LogDerivedDataCache: FDerivedDataBackendGraph:  Pak pak cache file ../../../../../../Users/bmc0149/Desktop/Zombie_Tower_Defense/Zombie_TowerDefense/DerivedDataCache/DDC.ddp not found, will not use a pak cache.
[2017.04.06-18.56.35:547][  0]LogDerivedDataCache: Unable to find inner node Pak for hierarchical cache Hierarchy.
[2017.04.06-18.56.35:547][  0]LogDerivedDataCache: FDerivedDataBackendGraph:  CompressedPak pak cache file ../../../../../../Users/bmc0149/Desktop/Zombie_Tower_Defense/Zombie_TowerDefense/DerivedDataCache/Compressed.ddp not found, will not use a pak cache.
[2017.04.06-18.56.35:547][  0]LogDerivedDataCache: Unable to find inner node CompressedPak for hierarchical cache Hierarchy.
[2017.04.06-18.56.35:565][  0]LogDerivedDataCache:Display: Pak cache opened for reading ../../../Engine/DerivedDataCache/Compressed.ddp.
[2017.04.06-18.56.35:578][  0]LogDerivedDataCache: Using Local data cache path C:/Users/bmc0149/AppData/Local/UnrealEngine/Common/DerivedDataCache: Writable
[2017.04.06-18.56.35:847][  0]LogAssetRegistry: FAssetRegistry took 0.0001 seconds to start up
[2017.04.06-18.56.35:852][  0]LogPackageLocalizationCache: Processed 3 localized package path(s) for 2 prioritized culture(s) in 0.004640 seconds
[2017.04.06-18.56.35:874][  0]LogInit: Selected Device Profile: [Windows]
[2017.04.06-18.56.35:876][  0]LogContentStreaming: Texture pool size is 1000.00 MB
[2017.04.06-18.56.36:108][  0]LogMeshUtilities: Using QuadricMeshReduction for automatic static mesh reduction
[2017.04.06-18.56.36:157][  0]LogSimplygon: Simplygon DLL not present - disabling.
[2017.04.06-18.56.36:213][  0]LogMeshUtilities: Using SimplygonSwarm for distributed automatic mesh merging
[2017.04.06-18.56.36:213][  0]LogMeshUtilities: No automatic skeletal mesh reduction module available
[2017.04.06-18.56.36:213][  0]LogMeshUtilities: No automatic mesh merging module available
[2017.04.06-18.56.36:701][  0]LogNetVersion: GetLocalNetworkVersion: CL: 3195953, ProjectName: zombie_tower_defense, ProjectVersion: , EngineNetworkVersion: 2, GameNetworkVersion: 0, NetworkChecksum: 2528811943
[2017.04.06-18.56.36:780][  0]LogInit: WinSock: version 1.1 (2.2), MaxSocks=32767, MaxUdp=65467
[2017.04.06-18.56.37:608][  0]LogSlate: Using Freetype 2.6.0
[2017.04.06-18.56.37:609][  0]LogSlate: SlateFontCache - WITH_FREETYPE: 1, WITH_HARFBUZZ: 1
[2017.04.06-18.56.37:609][  0]LogSlate: SlateFontCache - WITH_FREETYPE: 1, WITH_HARFBUZZ: 1
[2017.04.06-18.56.37:756][  0]LogMoviePlayer: Initializing movie player
[2017.04.06-18.56.37:844][  0]LogWindowsMoviePlayer: Unable to load movie: ../../../../../../Users/bmc0149/Desktop/Zombie_Tower_Defense/Zombie_TowerDefense/Content/Movies/Default_Startup.mp4
[2017.04.06-18.56.38:046][  0]LogTcpMessaging: Initializing TcpMessaging bridge
[2017.04.06-18.56.38:091][  0]LogUdpMessaging: Initializing bridge on interface 0.0.0.0:0 to multicast group 230.0.0.1:6666.
[2017.04.06-18.56.38:252][  0]SourceControl: Info Source control is disabled
[2017.04.06-18.56.38:252][  0]SourceControl: Info Source control is disabled
[2017.04.06-18.56.38:309][  0]SourceControl: Info Source control is disabled
[2017.04.06-18.56.39:132][  0]LogUObjectArray: 33497 objects as part of root set at end of initial load.
[2017.04.06-18.56.39:132][  0]LogUObjectAllocator: 7418008 out of 0 bytes used by permanent object pool.
[2017.04.06-18.56.39:132][  0]LogUObjectArray: CloseDisregardForGC: 0/0 objects in disregard for GC pool
[2017.04.06-18.56.39:248][  0]LogEngine: Initializing Engine...
[2017.04.06-18.56.39:249][  0]LogHMD: Failed to initialize OpenVR with code 110
[2017.04.06-18.56.39:387][  0]LogInit: XAudio2 using 'Speakers (High Definition Audio Device)' : 2 channels at 44.1 kHz using 16 bits per sample (channel mask 0x3)
[2017.04.06-18.56.39:395][  0]LogInit: FAudioDevice initialized.
[2017.04.06-18.56.39:412][  0]LogInit: Texture streaming: Enabled
[2017.04.06-18.56.39:431][  0]LogMaterial: Uniform references updated for custom material expression Custom.
[2017.04.06-18.56.39:805][  0]LogInit:Display: Game Engine Initialized.
[2017.04.06-18.56.39:984][  0]LogInit:Display: Starting Game.
[2017.04.06-18.56.39:984][  0]LogNet: Browse: /Temp/Autosaves/Game/ZTD_Blueprint/Blueprints/UEDPCProtomap?Name=Player
[2017.04.06-18.56.39:984][  0]LogLoad: LoadMap: /Temp/Autosaves/Game/ZTD_Blueprint/Blueprints/UEDPCProtomap?Name=Player
[2017.04.06-18.56.40:000][  0]LogMemory: Platform Memory Stats for Windows
[2017.04.06-18.56.40:000][  0]LogMemory: Process Physical Memory: 613.05 MB used, 662.19 MB peak
[2017.04.06-18.56.40:000][  0]LogMemory: Process Virtual Memory: 694.04 MB used, 699.47 MB peak
[2017.04.06-18.56.40:000][  0]LogMemory: Physical Memory: 9797.45 MB used,  22905.54 MB free, 32703.00 MB total
[2017.04.06-18.56.40:000][  0]LogMemory: Virtual Memory: 1305.20 MB used,  22905.54 MB free, 134217728.00 MB total
[2017.04.06-18.56.40:000][  0]LogMemory: 
[2017.04.06-18.56.40:000][  0]Allocator Stats for TBB: (not implemented)
[2017.04.06-18.56.40:538][  0]LogInstancedFoliage:Warning: Instance base cache - integrity verification(3): Counter: 318 Size: 150, InvSize: 13 (Key: 00000000-00000000-00000000-00000000)
[2017.04.06-18.56.40:538][  0]LogInstancedFoliage:Warning: Instance base cache - integrity verification(3): Counter: 318 Size: 150, InvSize: 17 (Key: 00000000-00000000-00000000-00000000)
[2017.04.06-18.56.40:538][  0]LogInstancedFoliage:Warning: Instance base cache - integrity verification(3): Counter: 318 Size: 150, InvSize: 33 (Key: 00000000-00000000-00000000-00000000)
[2017.04.06-18.56.40:538][  0]LogInstancedFoliage:Warning: Instance base cache - integrity verification(3): Counter: 318 Size: 150, InvSize: 40 (Key: 00000000-00000000-00000000-00000000)
[2017.04.06-18.56.40:538][  0]LogInstancedFoliage:Warning: Instance base cache - integrity verification(3): Counter: 318 Size: 150, InvSize: 70 (Key: 00000000-00000000-00000000-00000000)
[2017.04.06-18.56.40:538][  0]LogInstancedFoliage:Warning: Instance base cache - integrity verification(3): Counter: 318 Size: 150, InvSize: 70 (Key: 00000000-00000000-00000000-00000000)
[2017.04.06-18.56.40:539][  0]LogInstancedFoliage:Warning: Instance base cache - integrity verification(3): Counter: 318 Size: 150, InvSize: 70 (Key: 00000000-00000000-00000000-00000000)
[2017.04.06-18.56.40:539][  0]LogInstancedFoliage:Warning: Instance base cache - integrity verification(3): Counter: 318 Size: 150, InvSize: 70 (Key: 00000000-00000000-00000000-00000000)
[2017.04.06-18.56.40:539][  0]LogInstancedFoliage:Warning: Instance base cache - integrity verification(3): Counter: 318 Size: 150, InvSize: 71 (Key: 00000000-00000000-00000000-00000000)
[2017.04.06-18.56.40:539][  0]LogInstancedFoliage:Warning: Instance base cache - integrity verification(3): Counter: 318 Size: 150, InvSize: 71 (Key: 00000000-00000000-00000000-00000000)
[2017.04.06-18.56.40:539][  0]LogInstancedFoliage:Warning: Instance base cache - integrity verification(3): Counter: 318 Size: 150, InvSize: 82 (Key: 00000000-00000000-00000000-00000000)
[2017.04.06-18.56.40:539][  0]LogInstancedFoliage:Warning: Instance base cache - integrity verification(3): Counter: 318 Size: 150, InvSize: 82 (Key: 00000000-00000000-00000000-00000000)
[2017.04.06-18.56.40:539][  0]LogInstancedFoliage:Warning: Instance base cache - integrity verification(3): Counter: 318 Size: 150, InvSize: 82 (Key: 00000000-00000000-00000000-00000000)
[2017.04.06-18.56.40:539][  0]LogInstancedFoliage:Warning: Instance base cache - integrity verification(3): Counter: 318 Size: 150, InvSize: 82 (Key: 00000000-00000000-00000000-00000000)
[2017.04.06-18.56.40:539][  0]LogInstancedFoliage:Warning: Instance base cache - integrity verification(3): Counter: 318 Size: 150, InvSize: 83 (Key: 00000000-00000000-00000000-00000000)
[2017.04.06-18.56.40:539][  0]LogInstancedFoliage:Warning: Instance base cache - integrity verification(3): Counter: 318 Size: 150, InvSize: 85 (Key: 00000000-00000000-00000000-00000000)
[2017.04.06-18.56.40:539][  0]LogInstancedFoliage:Warning: Instance base cache - integrity verification(3): Counter: 318 Size: 150, InvSize: 86 (Key: 00000000-00000000-00000000-00000000)
[2017.04.06-18.56.40:539][  0]LogInstancedFoliage:Warning: Instance base cache - integrity verification(3): Counter: 318 Size: 150, InvSize: 92 (Key: 00000000-00000000-00000000-00000000)
[2017.04.06-18.56.40:539][  0]LogInstancedFoliage:Warning: Instance base cache - integrity verification(3): Counter: 318 Size: 150, InvSize: 92 (Key: 00000000-00000000-00000000-00000000)
[2017.04.06-18.56.40:539][  0]LogInstancedFoliage:Warning: Instance base cache - integrity verification(3): Counter: 318 Size: 150, InvSize: 100 (Key: 00000000-00000000-00000000-00000000)
[2017.04.06-18.56.40:539][  0]LogInstancedFoliage:Warning: Instance base cache - integrity verification(3): Counter: 318 Size: 150, InvSize: 105 (Key: 00000000-00000000-00000000-00000000)
[2017.04.06-18.56.40:539][  0]LogInstancedFoliage:Warning: Instance base cache - integrity verification(3): Counter: 318 Size: 150, InvSize: 105 (Key: 00000000-00000000-00000000-00000000)
[2017.04.06-18.56.40:539][  0]LogInstancedFoliage:Warning: Instance base cache - integrity verification(3): Counter: 318 Size: 150, InvSize: 106 (Key: 00000000-00000000-00000000-00000000)
[2017.04.06-18.56.40:539][  0]LogInstancedFoliage:Warning: Instance base cache - integrity verification(3): Counter: 318 Size: 150, InvSize: 117 (Key: 00000000-00000000-00000000-00000000)
[2017.04.06-18.56.40:539][  0]LogInstancedFoliage:Warning: Instance base cache - integrity verification(3): Counter: 318 Size: 150, InvSize: 117 (Key: 00000000-00000000-00000000-00000000)
[2017.04.06-18.56.40:539][  0]LogInstancedFoliage:Warning: Instance base cache - integrity verification(3): Counter: 318 Size: 150, InvSize: 117 (Key: 00000000-00000000-00000000-00000000)
[2017.04.06-18.56.40:539][  0]LogInstancedFoliage:Warning: Instance base cache - integrity verification(3): Counter: 318 Size: 150, InvSize: 117 (Key: 00000000-00000000-00000000-00000000)
[2017.04.06-18.56.40:539][  0]LogInstancedFoliage:Warning: Instance base cache - integrity verification(3): Counter: 318 Size: 150, InvSize: 117 (Key: 00000000-00000000-00000000-00000000)
[2017.04.06-18.56.40:539][  0]LogInstancedFoliage:Warning: Instance base cache - integrity verification(3): Counter: 318 Size: 150, InvSize: 119 (Key: 00000000-00000000-00000000-00000000)
[2017.04.06-18.56.40:539][  0]LogInstancedFoliage:Warning: Instance base cache - integrity verification(3): Counter: 318 Size: 150, InvSize: 120 (Key: 00000000-00000000-00000000-00000000)
[2017.04.06-18.56.41:019][  0]LogAIModule: Creating AISystem for world Protomap
[2017.04.06-18.56.41:019][  0]LogLoad: Game class is 'ZTD_GameMode_C'
[2017.04.06-18.56.41:084][  0]LogWorld: Bringing World /Temp/Autosaves/Game/ZTD_Blueprint/Blueprints/UEDPCProtomap.Protomap up for play (max tick rate 0) at 2017.04.06-13.56.41
[2017.04.06-18.56.41:085][  0]LogWorld: Bringing up level for play took: 0.064653
[2017.04.06-18.56.41:089][  0]LogLoad: Took 1.104999 seconds to LoadMap(/Temp/Autosaves/Game/ZTD_Blueprint/Blueprints/UEDPCProtomap)
[2017.04.06-18.56.41:459][  0]LogLoad: (Engine Initialization) Total time: 10.13 seconds
[2017.04.06-18.56.41:459][  0]LogLoad: (Engine Initialization) Total Blueprint compile time: 0.28 seconds
[2017.04.06-18.56.41:459][  0]LogExternalProfiler: Found external profiler: VSPerf
[2017.04.06-18.56.41:459][  0]LogExternalProfiler: Using external profiler: VSPerf
[2017.04.06-18.56.41:476][  0]LogOcInput: OculusInput pre-init called
[2017.04.06-18.56.41:526][  1]LogBlueprintUserMessages: [ZTD_GameMode_C_0] Working
[2017.04.06-18.56.41:587][  2]LogRenderer: Reallocating scene render targets to support 1280x720 NumSamples 1 (Frame:2).
[2017.04.06-18.56.41:708][  2]LogBlueprintUserMessages: [ZTD_GameMode_C_0] Working
[2017.04.06-18.56.41:836][  3]LogBlueprintUserMessages: [ZTD_GameMode_C_0] Working
[2017.04.06-18.56.41:869][  4]LogBlueprintUserMessages: [ZTD_GameMode_C_0] Working
[2017.04.06-18.56.41:888][  5]LogBlueprintUserMessages: [ZTD_GameMode_C_0] Working
[2017.04.06-18.56.41:907][  6]LogBlueprintUserMessages: [ZTD_GameMode_C_0] Working
[2017.04.06-18.56.41:926][  7]LogBlueprintUserMessages: [ZTD_GameMode_C_0] Working
[2017.04.06-18.56.41:947][  8]LogBlueprintUserMessages: [ZTD_GameMode_C_0] Working
[2017.04.06-18.56.41:965][  9]LogBlueprintUserMessages: [ZTD_GameMode_C_0] Working
[2017.04.06-18.56.41:984][ 10]LogBlueprintUserMessages: [ZTD_GameMode_C_0] Working
[2017.04.06-18.56.42:001][ 11]LogBlueprintUserMessages: [ZTD_GameMode_C_0] Working
[2017.04.06-18.56.42:018][ 12]LogBlueprintUserMessages: [ZTD_GameMode_C_0] Working
[2017.04.06-18.56.42:034][ 13]LogBlueprintUserMessages: [ZTD_GameMode_C_0] Working
[2017.04.06-18.56.42:050][ 14]LogBlueprintUserMessages: [ZTD_GameMode_C_0] Working
[2017.04.06-18.56.42:066][ 15]LogBlueprintUserMessages: [ZTD_GameMode_C_0] Working
[2017.04.06-18.56.42:083][ 16]LogBlueprintUserMessages: [ZTD_GameMode_C_0] Working
[2017.04.06-18.56.42:099][ 17]LogBlueprintUserMessages: [ZTD_GameMode_C_0] Working
[2017.04.06-18.56.42:115][ 18]LogBlueprintUserMessages: [ZTD_GameMode_C_0] Working
[2017.04.06-18.56.42:131][ 19]LogBlueprintUserMessages: [ZTD_GameMode_C_0] Working
[2017.04.06-18.56.42:147][ 20]LogBlueprintUserMessages: [ZTD_GameMode_C_0] Working
[2017.04.06-18.56.42:163][ 21]LogBlueprintUserMessages: [ZTD_GameMode_C_0] Working
[2017.04.06-18.56.42:179][ 22]LogBlueprintUserMessages: [ZTD_GameMode_C_0] Working
[2017.04.06-18.56.42:195][ 23]LogBlueprintUserMessages: [ZTD_GameMode_C_0] Working
[2017.04.06-18.56.42:212][ 24]LogBlueprintUserMessages: [ZTD_GameMode_C_0] Working
[2017.04.06-18.56.42:228][ 25]LogBlueprintUserMessages: [ZTD_GameMode_C_0] Working
[2017.04.06-18.56.42:244][ 26]LogBlueprintUserMessages: [ZTD_GameMode_C_0] Working
[2017.04.06-18.56.42:260][ 27]LogBlueprintUserMessages: [ZTD_GameMode_C_0] Working
[2017.04.06-18.56.42:276][ 28]LogBlueprintUserMessages: [ZTD_GameMode_C_0] Working
[2017.04.06-18.56.42:292][ 29]LogBlueprintUserMessages: [ZTD_GameMode_C_0] Working
[2017.04.06-18.56.42:308][ 30]LogBlueprintUserMessages: [ZTD_GameMode_C_0] Working
[2017.04.06-18.56.42:325][ 31]LogBlueprintUserMessages: [ZTD_GameMode_C_0] Working
[2017.04.06-18.56.42:341][ 32]LogBlueprintUserMessages: [ZTD_GameMode_C_0] Working
[2017.04.06-18.56.42:357][ 33]LogBlueprintUserMessages: [ZTD_GameMode_C_0] Working
[2017.04.06-18.56.42:373][ 34]LogBlueprintUserMessages: [ZTD_GameMode_C_0] Working
[2017.04.06-18.56.42:389][ 35]LogBlueprintUserMessages: [ZTD_GameMode_C_0] Working
[2017.04.06-18.56.42:405][ 36]LogBlueprintUserMessages: [ZTD_GameMode_C_0] Working
[2017.04.06-18.56.42:421][ 37]LogBlueprintUserMessages: [ZTD_GameMode_C_0] Working
[2017.04.06-18.56.42:438][ 38]LogBlueprintUserMessages: [ZTD_GameMode_C_0] Working
[2017.04.06-18.56.42:454][ 39]LogBlueprintUserMessages: [ZTD_GameMode_C_0] Working
[2017.04.06-18.56.42:470][ 40]LogBlueprintUserMessages: [ZTD_GameMode_C_0] Working
[2017.04.06-18.56.42:486][ 41]LogBlueprintUserMessages: [ZTD_GameMode_C_0] Working
[2017.04.06-18.56.42:502][ 42]LogBlueprintUserMessages: [ZTD_GameMode_C_0] Working
[2017.04.06-18.56.42:518][ 43]LogBlueprintUserMessages: [ZTD_GameMode_C_0] Working
[2017.04.06-18.56.42:534][ 44]LogBlueprintUserMessages: [ZTD_GameMode_C_0] Working
[2017.04.06-18.56.42:550][ 45]LogBlueprintUserMessages: [ZTD_GameMode_C_0] Working
[2017.04.06-18.56.42:566][ 46]LogBlueprintUserMessages: [ZTD_GameMode_C_0] Working
[2017.04.06-18.56.42:583][ 47]LogBlueprintUserMessages: [ZTD_GameMode_C_0] Working
[2017.04.06-18.56.42:599][ 48]LogBlueprintUserMessages: [ZTD_GameMode_C_0] Working
[2017.04.06-18.56.42:615][ 49]LogBlueprintUserMessages: [ZTD_GameMode_C_0] Working
[2017.04.06-18.56.42:631][ 50]LogBlueprintUserMessages: [ZTD_GameMode_C_0] Working
[2017.04.06-18.56.42:647][ 51]LogBlueprintUserMessages: [ZTD_GameMode_C_0] Working
[2017.04.06-18.56.42:663][ 52]LogBlueprintUserMessages: [ZTD_GameMode_C_0] Working
[2017.04.06-18.56.42:679][ 53]LogBlueprintUserMessages: [ZTD_GameMode_C_0] Working
[2017.04.06-18.56.42:695][ 54]LogBlueprintUserMessages: [ZTD_GameMode_C_0] Working
[2017.04.06-18.56.42:711][ 55]LogBlueprintUserMessages: [ZTD_GameMode_C_0] Working
[2017.04.06-18.56.42:727][ 56]LogBlueprintUserMessages: [ZTD_GameMode_C_0] Working
[2017.04.06-18.56.42:744][ 57]LogBlueprintUserMessages: [ZTD_GameMode_C_0] Working
[2017.04.06-18.56.42:760][ 58]LogBlueprintUserMessages: [ZTD_GameMode_C_0] Working
[2017.04.06-18.56.42:776][ 59]LogBlueprintUserMessages: [ZTD_GameMode_C_0] Working
[2017.04.06-18.56.42:793][ 60]LogBlueprintUserMessages: [ZTD_GameMode_C_0] Working
[2017.04.06-18.56.44:098][141]LogLongPackageNames:Warning: URL: Main menu: Name may not contain the following characters:  
[2017.04.06-18.56.44:099][141]LogLongPackageNames:Warning: URL: Main menu: Name may not contain the following characters:  
[2017.04.06-18.56.44:099][141]LogNet: Browse: /Game/ZTD_Blueprint/Maps/Menu_Main
[2017.04.06-18.56.44:099][141]LogNet:Warning: Travel Failure: [InvalidURL]: Invalid URL: /Game/ZTD_Blueprint/Maps/Menu_Main
[2017.04.06-18.56.44:099][141]LogNet: TravelFailure: InvalidURL, Reason for Failure: 'Invalid URL: /Game/ZTD_Blueprint/Maps/Menu_Main'
[2017.04.06-18.56.44:099][141]LogNet:Warning: Travel Failure: [ClientTravelFailure]: Invalid URL: /Game/ZTD_Blueprint/Maps/Menu_Main
[2017.04.06-18.56.44:099][141]LogNet: TravelFailure: ClientTravelFailure, Reason for Failure: 'Invalid URL: /Game/ZTD_Blueprint/Maps/Menu_Main'
[2017.04.06-18.56.44:114][142]LogNet: Browse: /Game/ZTD_Blueprint/Maps/Menu_Main?closed
[2017.04.06-18.56.44:114][142]LogNet: Failed; returning to Entry
[2017.04.06-18.56.44:184][142]LogLoad: LoadMap: /Game/ZTD_Blueprint/Maps/Menu_Main?closed
[2017.04.06-18.56.44:236][142]LogMemory: Platform Memory Stats for Windows
[2017.04.06-18.56.44:236][142]LogMemory: Process Physical Memory: 758.70 MB used, 761.05 MB peak
[2017.04.06-18.56.44:236][142]LogMemory: Process Virtual Memory: 1022.12 MB used, 1023.97 MB peak
[2017.04.06-18.56.44:236][142]LogMemory: Physical Memory: 9933.54 MB used,  22769.46 MB free, 32703.00 MB total
[2017.04.06-18.56.44:236][142]LogMemory: Virtual Memory: 1635.02 MB used,  22769.46 MB free, 134217728.00 MB total
[2017.04.06-18.56.44:236][142]LogMemory: 
[2017.04.06-18.56.44:236][142]Allocator Stats for TBB: (not implemented)
[2017.04.06-18.56.44:438][142]LogAIModule: Creating AISystem for world Menu_Main
[2017.04.06-18.56.44:620][142]LogLoad: Game class is 'ZTD_GameMode_C'
[2017.04.06-18.56.44:623][142]LogWorld: Bringing World /Game/ZTD_Blueprint/Maps/Menu_Main.Menu_Main up for play (max tick rate 0) at 2017.04.06-13.56.44
[2017.04.06-18.56.44:623][142]LogWorld: Bringing up level for play took: 0.000868
[2017.04.06-18.56.44:624][142]LogGameMode: Warning - PATHS NOT DEFINED or NO PLAYERSTART with positive rating
[2017.04.06-18.56.44:626][142]t.MaxFPS = "62"
[2017.04.06-18.56.44:627][142]LogLoad: Took 0.442633 seconds to LoadMap(/Game/ZTD_Blueprint/Maps/Menu_Main)
[2017.04.06-18.56.44:640][142]LogBlueprintUserMessages: [ZTD_GameMode_C_0] Working
[2017.04.06-18.56.44:645][143]LogBlueprintUserMessages: [ZTD_GameMode_C_0] Working
[2017.04.06-18.56.44:662][144]LogBlueprintUserMessages: [ZTD_GameMode_C_0] Working
[2017.04.06-18.56.44:784][145]LogBlueprintUserMessages: [ZTD_GameMode_C_0] Working
[2017.04.06-18.56.44:810][146]LogBlueprintUserMessages: [ZTD_GameMode_C_0] Working
[2017.04.06-18.56.44:835][147]LogBlueprintUserMessages: [ZTD_GameMode_C_0] Working
[2017.04.06-18.56.44:861][148]LogBlueprintUserMessages: [ZTD_GameMode_C_0] Working
[2017.04.06-18.56.44:885][149]LogBlueprintUserMessages: [ZTD_GameMode_C_0] Working
[2017.04.06-18.56.44:901][150]LogBlueprintUserMessages: [ZTD_GameMode_C_0] Working
[2017.04.06-18.56.44:917][151]LogBlueprintUserMessages: [ZTD_GameMode_C_0] Working
[2017.04.06-18.56.44:933][152]LogBlueprintUserMessages: [ZTD_GameMode_C_0] Working
[2017.04.06-18.56.44:949][153]LogBlueprintUserMessages: [ZTD_GameMode_C_0] Working
[2017.04.06-18.56.44:966][154]LogBlueprintUserMessages: [ZTD_GameMode_C_0] Working
[2017.04.06-18.56.44:982][155]LogBlueprintUserMessages: [ZTD_GameMode_C_0] Working
[2017.04.06-18.56.44:998][156]LogBlueprintUserMessages: [ZTD_GameMode_C_0] Working
[2017.04.06-18.56.45:014][157]LogBlueprintUserMessages: [ZTD_GameMode_C_0] Working
[2017.04.06-18.56.45:030][158]LogBlueprintUserMessages: [ZTD_GameMode_C_0] Working
[2017.04.06-18.56.45:046][159]LogBlueprintUserMessages: [ZTD_GameMode_C_0] Working
[2017.04.06-18.56.45:062][160]LogBlueprintUserMessages: [ZTD_GameMode_C_0] Working
[2017.04.06-18.56.45:078][161]LogBlueprintUserMessages: [ZTD_GameMode_C_0] Working
[2017.04.06-18.56.45:095][162]LogBlueprintUserMessages: [ZTD_GameMode_C_0] Working
[2017.04.06-18.56.45:111][163]LogBlueprintUserMessages: [ZTD_GameMode_C_0] Working
[2017.04.06-18.56.45:127][164]LogBlueprintUserMessages: [ZTD_GameMode_C_0] Working
[2017.04.06-18.56.45:143][165]LogBlueprintUserMessages: [ZTD_GameMode_C_0] Working
[2017.04.06-18.56.45:159][166]LogBlueprintUserMessages: [ZTD_GameMode_C_0] Working
[2017.04.06-18.56.45:175][167]LogBlueprintUserMessages: [ZTD_GameMode_C_0] Working
[2017.04.06-18.56.45:191][168]LogBlueprintUserMessages: [ZTD_GameMode_C_0] Working
[2017.04.06-18.56.45:207][169]LogBlueprintUserMessages: [ZTD_GameMode_C_0] Working
[2017.04.06-18.56.45:224][170]LogBlueprintUserMessages: [ZTD_GameMode_C_0] Working
[2017.04.06-18.56.45:241][171]LogBlueprintUserMessages: [ZTD_GameMode_C_0] Working
[2017.04.06-18.56.45:257][172]LogBlueprintUserMessages: [ZTD_GameMode_C_0] Working
[2017.04.06-18.56.45:273][173]LogBlueprintUserMessages: [ZTD_GameMode_C_0] Working
[2017.04.06-18.56.45:289][174]LogBlueprintUserMessages: [ZTD_GameMode_C_0] Working
[2017.04.06-18.56.45:305][175]LogBlueprintUserMessages: [ZTD_GameMode_C_0] Working
[2017.04.06-18.56.45:321][176]LogBlueprintUserMessages: [ZTD_GameMode_C_0] Working
[2017.04.06-18.56.45:337][177]LogBlueprintUserMessages: [ZTD_GameMode_C_0] Working
[2017.04.06-18.56.45:354][178]LogBlueprintUserMessages: [ZTD_GameMode_C_0] Working
[2017.04.06-18.56.45:370][179]LogBlueprintUserMessages: [ZTD_GameMode_C_0] Working
[2017.04.06-18.56.45:386][180]LogBlueprintUserMessages: [ZTD_GameMode_C_0] Working
[2017.04.06-18.56.45:402][181]LogBlueprintUserMessages: [ZTD_GameMode_C_0] Working
[2017.04.06-18.56.45:418][182]LogBlueprintUserMessages: [ZTD_GameMode_C_0] Working
[2017.04.06-18.56.45:434][183]LogBlueprintUserMessages: [ZTD_GameMode_C_0] Working
[2017.04.06-18.56.45:450][184]LogBlueprintUserMessages: [ZTD_GameMode_C_0] Working
[2017.04.06-18.56.45:466][185]LogBlueprintUserMessages: [ZTD_GameMode_C_0] Working
[2017.04.06-18.56.45:482][186]LogBlueprintUserMessages: [ZTD_GameMode_C_0] Working
[2017.04.06-18.56.45:499][187]LogBlueprintUserMessages: [ZTD_GameMode_C_0] Working
[2017.04.06-18.56.45:515][188]LogBlueprintUserMessages: [ZTD_GameMode_C_0] Working
[2017.04.06-18.56.45:531][189]LogBlueprintUserMessages: [ZTD_GameMode_C_0] Working
[2017.04.06-18.56.45:547][190]LogBlueprintUserMessages: [ZTD_GameMode_C_0] Working
[2017.04.06-18.56.45:563][191]LogBlueprintUserMessages: [ZTD_GameMode_C_0] Working
[2017.04.06-18.56.45:579][192]LogBlueprintUserMessages: [ZTD_GameMode_C_0] Working
[2017.04.06-18.56.45:595][193]LogBlueprintUserMessages: [ZTD_GameMode_C_0] Working
[2017.04.06-18.56.45:611][194]LogBlueprintUserMessages: [ZTD_GameMode_C_0] Working
[2017.04.06-18.56.45:628][195]LogBlueprintUserMessages: [ZTD_GameMode_C_0] Working
[2017.04.06-18.56.45:644][196]LogBlueprintUserMessages: [ZTD_GameMode_C_0] Working
[2017.04.06-18.56.45:660][197]LogBlueprintUserMessages: [ZTD_GameMode_C_0] Working
[2017.04.06-18.56.45:676][198]LogBlueprintUserMessages: [ZTD_GameMode_C_0] Working
[2017.04.06-18.56.45:691][199]LogBlueprintUserMessages: [ZTD_GameMode_C_0] Working
[2017.04.06-18.56.45:708][200]LogBlueprintUserMessages: [ZTD_GameMode_C_0] Working
[2017.04.06-18.56.45:724][201]LogBlueprintUserMessages: [ZTD_GameMode_C_0] Working
[2017.04.06-18.56.45:740][202]LogBlueprintUserMessages: [ZTD_GameMode_C_0] Working
[2017.04.06-18.56.45:756][203]LogBlueprintUserMessages: [ZTD_GameMode_C_0] Working
[2017.04.06-18.56.45:772][204]LogBlueprintUserMessages: [ZTD_GameMode_C_0] Working
[2017.04.06-18.56.45:789][205]LogBlueprintUserMessages: [ZTD_GameMode_C_0] Working
[2017.04.06-18.56.45:805][206]LogBlueprintUserMessages: [ZTD_GameMode_C_0] Working
[2017.04.06-18.56.45:821][207]LogBlueprintUserMessages: [ZTD_GameMode_C_0] Working
[2017.04.06-18.56.45:837][208]LogBlueprintUserMessages: [ZTD_GameMode_C_0] Working
[2017.04.06-18.56.45:853][209]LogBlueprintUserMessages: [ZTD_GameMode_C_0] Working
[2017.04.06-18.56.45:869][210]LogBlueprintUserMessages: [ZTD_GameMode_C_0] Working
[2017.04.06-18.56.45:886][211]LogBlueprintUserMessages: [ZTD_GameMode_C_0] Working
[2017.04.06-18.56.45:902][212]LogBlueprintUserMessages: [ZTD_GameMode_C_0] Working
[2017.04.06-18.56.45:918][213]LogBlueprintUserMessages: [ZTD_GameMode_C_0] Working
[2017.04.06-18.56.45:934][214]LogBlueprintUserMessages: [ZTD_GameMode_C_0] Working
[2017.04.06-18.56.45:950][215]LogBlueprintUserMessages: [ZTD_GameMode_C_0] Working
[2017.04.06-18.56.45:966][216]LogBlueprintUserMessages: [ZTD_GameMode_C_0] Working
[2017.04.06-18.56.45:982][217]LogBlueprintUserMessages: [ZTD_GameMode_C_0] Working
[2017.04.06-18.56.45:998][218]LogBlueprintUserMessages: [ZTD_GameMode_C_0] Working
[2017.04.06-18.56.46:014][219]LogBlueprintUserMessages: [ZTD_GameMode_C_0] Working
[2017.04.06-18.56.46:030][220]LogBlueprintUserMessages: [ZTD_GameMode_C_0] Working
[2017.04.06-18.56.46:046][221]LogBlueprintUserMessages: [ZTD_GameMode_C_0] Working
[2017.04.06-18.56.46:062][222]LogBlueprintUserMessages: [ZTD_GameMode_C_0] Working
[2017.04.06-18.56.46:079][223]LogBlueprintUserMessages: [ZTD_GameMode_C_0] Working
[2017.04.06-18.56.46:095][224]LogBlueprintUserMessages: [ZTD_GameMode_C_0] Working
[2017.04.06-18.56.46:111][225]LogBlueprintUserMessages: [ZTD_GameMode_C_0] Working
[2017.04.06-18.56.46:127][226]LogBlueprintUserMessages: [ZTD_GameMode_C_0] Working
[2017.04.06-18.56.46:143][227]LogBlueprintUserMessages: [ZTD_GameMode_C_0] Working
[2017.04.06-18.56.46:159][228]LogBlueprintUserMessages: [ZTD_GameMode_C_0] Working
[2017.04.06-18.56.46:175][229]LogBlueprintUserMessages: [ZTD_GameMode_C_0] Working
[2017.04.06-18.56.46:191][230]LogBlueprintUserMessages: [ZTD_GameMode_C_0] Working
[2017.04.06-18.56.46:208][231]LogBlueprintUserMessages: [ZTD_GameMode_C_0] Working
[2017.04.06-18.56.46:224][232]LogBlueprintUserMessages: [ZTD_GameMode_C_0] Working
[2017.04.06-18.56.46:240][233]LogBlueprintUserMessages: [ZTD_GameMode_C_0] Working
[2017.04.06-18.56.46:256][234]LogBlueprintUserMessages: [ZTD_GameMode_C_0] Working
[2017.04.06-18.56.46:272][235]LogBlueprintUserMessages: [ZTD_GameMode_C_0] Working
[2017.04.06-18.56.46:288][236]LogBlueprintUserMessages: [ZTD_GameMode_C_0] Working
[2017.04.06-18.56.46:304][237]LogBlueprintUserMessages: [ZTD_GameMode_C_0] Working
[2017.04.06-18.56.46:320][238]LogBlueprintUserMessages: [ZTD_GameMode_C_0] Working
[2017.04.06-18.56.46:336][239]LogBlueprintUserMessages: [ZTD_GameMode_C_0] Working
[2017.04.06-18.56.46:353][240]LogBlueprintUserMessages: [ZTD_GameMode_C_0] Working
[2017.04.06-18.56.46:370][241]LogBlueprintUserMessages: [ZTD_GameMode_C_0] Working
[2017.04.06-18.56.46:386][242]LogBlueprintUserMessages: [ZTD_GameMode_C_0] Working
[2017.04.06-18.56.46:402][243]LogBlueprintUserMessages: [ZTD_GameMode_C_0] Working
[2017.04.06-18.56.46:418][244]LogBlueprintUserMessages: [ZTD_GameMode_C_0] Working
[2017.04.06-18.56.46:434][245]LogBlueprintUserMessages: [ZTD_GameMode_C_0] Working
[2017.04.06-18.56.46:450][246]LogBlueprintUserMessages: [ZTD_GameMode_C_0] Working
[2017.04.06-18.56.46:466][247]LogBlueprintUserMessages: [ZTD_GameMode_C_0] Working
[2017.04.06-18.56.46:483][248]LogBlueprintUserMessages: [ZTD_GameMode_C_0] Working
[2017.04.06-18.56.46:499][249]LogBlueprintUserMessages: [ZTD_GameMode_C_0] Working
[2017.04.06-18.56.46:515][250]LogBlueprintUserMessages: [ZTD_GameMode_C_0] Working
[2017.04.06-18.56.46:531][251]LogBlueprintUserMessages: [ZTD_GameMode_C_0] Working
[2017.04.06-18.56.46:546][252]LogBlueprintUserMessages: [ZTD_GameMode_C_0] Working
[2017.04.06-18.56.46:562][253]LogBlueprintUserMessages: [ZTD_GameMode_C_0] Working
[2017.04.06-18.56.46:579][254]LogBlueprintUserMessages: [ZTD_GameMode_C_0] Working
[2017.04.06-18.56.46:595][255]LogBlueprintUserMessages: [ZTD_GameMode_C_0] Working
[2017.04.06-18.56.46:611][256]LogBlueprintUserMessages: [ZTD_GameMode_C_0] Working
[2017.04.06-18.56.46:627][257]LogBlueprintUserMessages: [ZTD_GameMode_C_0] Working
[2017.04.06-18.56.46:643][258]LogBlueprintUserMessages: [ZTD_GameMode_C_0] Working
[2017.04.06-18.56.46:659][259]LogBlueprintUserMessages: [ZTD_GameMode_C_0] Working
[2017.04.06-18.56.46:675][260]LogBlueprintUserMessages: [ZTD_GameMode_C_0] Working
[2017.04.06-18.56.46:691][261]LogBlueprintUserMessages: [ZTD_GameMode_C_0] Working
[2017.04.06-18.56.46:707][262]LogBlueprintUserMessages: [ZTD_GameMode_C_0] Working
[2017.04.06-18.56.46:724][263]LogBlueprintUserMessages: [ZTD_GameMode_C_0] Working
[2017.04.06-18.56.46:740][264]LogBlueprintUserMessages: [ZTD_GameMode_C_0] Working
[2017.04.06-18.56.46:756][265]LogBlueprintUserMessages: [ZTD_GameMode_C_0] Working
[2017.04.06-18.56.46:772][266]LogBlueprintUserMessages: [ZTD_GameMode_C_0] Working
[2017.04.06-18.56.46:788][267]LogBlueprintUserMessages: [ZTD_GameMode_C_0] Working
[2017.04.06-18.56.46:804][268]LogBlueprintUserMessages: [ZTD_GameMode_C_0] Working
[2017.04.06-18.56.46:821][269]LogBlueprintUserMessages: [ZTD_GameMode_C_0] Working
[2017.04.06-18.56.46:837][270]LogBlueprintUserMessages: [ZTD_GameMode_C_0] Working
[2017.04.06-18.56.46:853][271]LogBlueprintUserMessages: [ZTD_GameMode_C_0] Working
[2017.04.06-18.56.46:869][272]LogBlueprintUserMessages: [ZTD_GameMode_C_0] Working
[2017.04.06-18.56.46:885][273]LogBlueprintUserMessages: [ZTD_GameMode_C_0] Working
[2017.04.06-18.56.46:901][274]LogBlueprintUserMessages: [ZTD_GameMode_C_0] Working
[2017.04.06-18.56.46:918][275]LogBlueprintUserMessages: [ZTD_GameMode_C_0] Working
[2017.04.06-18.56.46:934][276]LogBlueprintUserMessages: [ZTD_GameMode_C_0] Working
[2017.04.06-18.56.46:950][277]LogBlueprintUserMessages: [ZTD_GameMode_C_0] Working
[2017.04.06-18.56.46:966][278]LogBlueprintUserMessages: [ZTD_GameMode_C_0] Working
[2017.04.06-18.56.46:982][279]LogBlueprintUserMessages: [ZTD_GameMode_C_0] Working
[2017.04.06-18.56.46:999][280]LogBlueprintUserMessages: [ZTD_GameMode_C_0] Working
[2017.04.06-18.56.47:015][281]LogBlueprintUserMessages: [ZTD_GameMode_C_0] Working
[2017.04.06-18.56.47:031][282]LogBlueprintUserMessages: [ZTD_GameMode_C_0] Working
[2017.04.06-18.56.47:047][283]LogBlueprintUserMessages: [ZTD_GameMode_C_0] Working
[2017.04.06-18.56.47:063][284]LogBlueprintUserMessages: [ZTD_GameMode_C_0] Working
[2017.04.06-18.56.47:079][285]LogBlueprintUserMessages: [ZTD_GameMode_C_0] Working
[2017.04.06-18.56.47:095][286]LogBlueprintUserMessages: [ZTD_GameMode_C_0] Working
[2017.04.06-18.56.47:111][287]LogBlueprintUserMessages: [ZTD_GameMode_C_0] Working
[2017.04.06-18.56.47:127][288]LogBlueprintUserMessages: [ZTD_GameMode_C_0] Working
[2017.04.06-18.56.47:143][289]LogBlueprintUserMessages: [ZTD_GameMode_C_0] Working
[2017.04.06-18.56.47:160][290]LogBlueprintUserMessages: [ZTD_GameMode_C_0] Working
[2017.04.06-18.56.47:176][291]LogBlueprintUserMessages: [ZTD_GameMode_C_0] Working
[2017.04.06-18.56.47:192][292]LogBlueprintUserMessages: [ZTD_GameMode_C_0] Working
[2017.04.06-18.56.47:208][293]LogBlueprintUserMessages: [ZTD_GameMode_C_0] Working
[2017.04.06-18.56.47:224][294]LogBlueprintUserMessages: [ZTD_GameMode_C_0] Working
[2017.04.06-18.56.47:240][295]LogBlueprintUserMessages: [ZTD_GameMode_C_0] Working
[2017.04.06-18.56.47:256][296]LogBlueprintUserMessages: [ZTD_GameMode_C_0] Working
[2017.04.06-18.56.47:273][297]LogBlueprintUserMessages: [ZTD_GameMode_C_0] Working
[2017.04.06-18.56.47:289][298]LogBlueprintUserMessages: [ZTD_GameMode_C_0] Working
[2017.04.06-18.56.47:305][299]LogBlueprintUserMessages: [ZTD_GameMode_C_0] Working
[2017.04.06-18.56.47:446][300]LogWindowsTextInputMethodSystem:Display: IME system now deactivated.
[2017.04.06-18.56.47:447][300]LogWindowsTextInputMethodSystem:Display: IME system now deactivated.
[2017.04.06-18.56.47:447][300]LogEngine: All Windows Closed
[2017.04.06-18.56.47:447][300]LogWindows: FPlatformMisc::RequestExit(0)
[2017.04.06-18.56.47:448][301]LogMoviePlayer: Shutting down movie player
[2017.04.06-18.56.48:254][301]LogExit: Preparing to exit.
[2017.04.06-18.56.49:227][301]LogExit: Game engine shut down
[2017.04.06-18.56.49:276][301]LogObj: Freed 0b from 0 cluster array pools.
[2017.04.06-18.56.49:276][301]LogExit: Object subsystem successfully closed.
[2017.04.06-18.56.49:291][301]LogD3D11RHI: Shutdown
[2017.04.06-18.56.49:291][301]LogD3D11RHI: CleanupD3DDevice
[2017.04.06-18.56.49:346][301]LogD3D11RHI: ~FD3D11DynamicRHI
[2017.04.06-18.56.49:392][301]LogModuleManager: Shutting down and abandoning module SequenceRecorderSections (125)
[2017.04.06-18.56.49:392][301]LogModuleManager: Shutting down and abandoning module SequenceRecorder (124)
[2017.04.06-18.56.49:392][301]LogModuleManager: Shutting down and abandoning module AutomationController (123)
[2017.04.06-18.56.49:392][301]LogModuleManager: Shutting down and abandoning module AutomationWorker (122)
[2017.04.06-18.56.49:392][301]LogModuleManager: Shutting down and abandoning module GameplayDebugger (121)
[2017.04.06-18.56.49:392][301]LogModuleManager: Shutting down and abandoning module AITestSuite (120)
[2017.04.06-18.56.49:392][301]LogModuleManager: Shutting down and abandoning module AIModule (119)
[2017.04.06-18.56.49:392][301]LogModuleManager: Shutting down and abandoning module WmfMediaFactory (118)
[2017.04.06-18.56.49:392][301]LogModuleManager: Shutting down and abandoning module AvfMediaFactory (117)
[2017.04.06-18.56.49:393][301]LogModuleManager: Shutting down and abandoning module Media (116)
[2017.04.06-18.56.49:393][301]LogModuleManager: Shutting down and abandoning module AndroidMediaFactory (115)
[2017.04.06-18.56.49:393][301]LogModuleManager: Shutting down and abandoning module CharacterAI (114)
[2017.04.06-18.56.49:393][301]LogModuleManager: Shutting down and abandoning module SessionServices (113)
[2017.04.06-18.56.49:393][301]LogModuleManager: Shutting down and abandoning module MovieSceneCapture (112)
[2017.04.06-18.56.49:393][301]LogModuleManager: Shutting down and abandoning module GeometryCacheEd (111)
[2017.04.06-18.56.49:393][301]LogModuleManager: Shutting down and abandoning module GeometryCache (110)
[2017.04.06-18.56.49:393][301]LogModuleManager: Shutting down and abandoning module Niagara (109)
[2017.04.06-18.56.49:393][301]LogModuleManager: Shutting down and abandoning module StreamingPauseRendering (108)
[2017.04.06-18.56.49:393][301]LogModuleManager: Shutting down and abandoning module PortalServices (107)
[2017.04.06-18.56.49:393][301]LogModuleManager: Shutting down and abandoning module PortalRpc (106)
[2017.04.06-18.56.49:393][301]LogModuleManager: Shutting down and abandoning module MessagingRpc (105)
[2017.04.06-18.56.49:393][301]LogModuleManager: Shutting down and abandoning module ProfilerService (104)
[2017.04.06-18.56.49:466][301]LogModuleManager: Shutting down and abandoning module TaskGraph (103)
[2017.04.06-18.56.49:466][301]LogModuleManager: Shutting down and abandoning module SlateRemote (102)
[2017.04.06-18.56.49:466][301]LogModuleManager: Shutting down and abandoning module SteamVRController (101)
[2017.04.06-18.56.49:466][301]LogModuleManager: Shutting down and abandoning module SteamVR (100)
[2017.04.06-18.56.49:466][301]LogModuleManager: Shutting down and abandoning module ProceduralMeshComponent (99)
[2017.04.06-18.56.49:466][301]LogModuleManager: Shutting down and abandoning module OculusLibrary (98)
[2017.04.06-18.56.49:466][301]LogModuleManager: Shutting down and abandoning module OculusInput (97)
[2017.04.06-18.56.49:466][301]LogModuleManager: Shutting down and abandoning module MobilePatchingUtils (96)
[2017.04.06-18.56.49:466][301]LogModuleManager: Shutting down and abandoning module CustomMeshComponent (95)
[2017.04.06-18.56.49:466][301]LogModuleManager: Shutting down and abandoning module CableComponent (94)
[2017.04.06-18.56.49:466][301]LogModuleManager: Shutting down and abandoning module ArchVisCharacter (93)
[2017.04.06-18.56.49:466][301]LogModuleManager: Shutting down and abandoning module HTML5Networking (91)
[2017.04.06-18.56.49:466][301]LogModuleManager: Shutting down and abandoning module DesktopPlatform (90)
[2017.04.06-18.56.49:466][301]LogModuleManager: Shutting down and abandoning module DirectoryWatcher (89)
[2017.04.06-18.56.49:466][301]LogModuleManager: Shutting down and abandoning module HotReload (88)
[2017.04.06-18.56.49:466][301]LogModuleManager: Shutting down and abandoning module VisualStudioSourceCodeAccess (87)
[2017.04.06-18.56.49:466][301]LogModuleManager: Shutting down and abandoning module UObjectPlugin (86)
[2017.04.06-18.56.49:466][301]LogModuleManager: Shutting down and abandoning module SubversionSourceControl (85)
[2017.04.06-18.56.49:466][301]LogModuleManager: Shutting down and abandoning module SourceControl (84)
[2017.04.06-18.56.49:466][301]LogModuleManager: Shutting down and abandoning module PerforceSourceControl (83)
[2017.04.06-18.56.49:466][301]LogModuleManager: Shutting down and abandoning module UdpMessaging (82)
[2017.04.06-18.56.49:567][301]LogModuleManager: Shutting down and abandoning module TcpMessaging (81)
[2017.04.06-18.56.50:050][301]LogModuleManager: Shutting down and abandoning module LightPropagationVolumeRuntime (80)
[2017.04.06-18.56.50:050][301]LogModuleManager: Shutting down and abandoning module Paper2D (79)
[2017.04.06-18.56.50:050][301]LogModuleManager: Shutting down and abandoning module WindowsMoviePlayer (78)
[2017.04.06-18.56.50:050][301]LogModuleManager: Shutting down and abandoning module WmfMedia (77)
[2017.04.06-18.56.50:050][301]LogModuleManager: Shutting down and abandoning module MediaAssets (76)
[2017.04.06-18.56.50:050][301]LogModuleManager: Shutting down and abandoning module GameLiveStreaming (75)
[2017.04.06-18.56.50:050][301]LogModuleManager: Shutting down and abandoning module GameplayTagsEditor (74)
[2017.04.06-18.56.50:050][301]LogModuleManager: Shutting down and abandoning module VREditor (73)
[2017.04.06-18.56.50:050][301]LogModuleManager: Shutting down and abandoning module GameplayTasksEditor (72)
[2017.04.06-18.56.50:050][301]LogModuleManager: Shutting down and abandoning module BehaviorTreeEditor (71)
[2017.04.06-18.56.50:050][301]LogModuleManager: Shutting down and abandoning module FunctionalTesting (70)
[2017.04.06-18.56.50:050][301]LogModuleManager: Shutting down and abandoning module CollisionAnalyzer (69)
[2017.04.06-18.56.50:050][301]LogModuleManager: Shutting down and abandoning module Sequencer (68)
[2017.04.06-18.56.50:050][301]LogModuleManager: Shutting down and abandoning module WorkspaceMenuStructure (67)
[2017.04.06-18.56.50:050][301]LogModuleManager: Shutting down and abandoning module MessageLog (66)
[2017.04.06-18.56.50:050][301]LogModuleManager: Shutting down and abandoning module AssetTools (65)
[2017.04.06-18.56.50:051][301]LogModuleManager: Shutting down and abandoning module UMGEditor (64)
[2017.04.06-18.56.50:051][301]LogModuleManager: Shutting down and abandoning module UMG (63)
[2017.04.06-18.56.50:051][301]LogModuleManager: Shutting down and abandoning module SlateReflector (62)
[2017.04.06-18.56.50:051][301]LogModuleManager: Shutting down and abandoning module Slate (61)
[2017.04.06-18.56.50:051][301]LogModuleManager: Shutting down and abandoning module EditorStyle (60)
[2017.04.06-18.56.50:053][301]LogModuleManager: Shutting down and abandoning module Messaging (59)
[2017.04.06-18.56.50:053][301]LogModuleManager: Shutting down and abandoning module SourceCodeAccess (58)
[2017.04.06-18.56.50:053][301]LogModuleManager: Shutting down and abandoning module HeadMountedDisplay (57)
[2017.04.06-18.56.50:053][301]LogModuleManager: Shutting down and abandoning module XAudio2 (56)
[2017.04.06-18.56.50:053][301]LogModuleManager: Shutting down and abandoning module Networking (54)
[2017.04.06-18.56.50:053][301]LogModuleManager: Shutting down and abandoning module Core (53)
[2017.04.06-18.56.50:053][301]LogModuleManager: Shutting down and abandoning module KismetCompiler (52)
[2017.04.06-18.56.50:053][301]LogModuleManager: Shutting down and abandoning module PhysXFormats (51)
[2017.04.06-18.56.50:053][301]LogModuleManager: Shutting down and abandoning module SimplygonSwarm (50)
[2017.04.06-18.56.50:053][301]LogModuleManager: Shutting down and abandoning module SimplygonMeshReduction (49)
[2017.04.06-18.56.50:053][301]LogModuleManager: Shutting down and abandoning module QuadricMeshReduction (48)
[2017.04.06-18.56.50:053][301]LogModuleManager: Shutting down and abandoning module PropertyEditor (47)
[2017.04.06-18.56.50:053][301]LogModuleManager: Shutting down and abandoning module MeshUtilities (46)
[2017.04.06-18.56.50:053][301]LogModuleManager: Shutting down and abandoning module AssetRegistry (45)
[2017.04.06-18.56.50:053][301]LogModuleManager: Shutting down and abandoning module DerivedDataCache (44)
[2017.04.06-18.56.50:077][301]LogDerivedDataCache: Shutdown
[2017.04.06-18.56.50:077][301]LogModuleManager: Shutting down and abandoning module VulkanShaderFormat (43)
[2017.04.06-18.56.50:077][301]LogModuleManager: Shutting down and abandoning module ShaderFormatOpenGL (42)
[2017.04.06-18.56.50:077][301]LogModuleManager: Shutting down and abandoning module ShaderFormatD3D (41)
[2017.04.06-18.56.50:077][301]LogModuleManager: Shutting down and abandoning module MetalShaderFormat (40)
[2017.04.06-18.56.50:077][301]LogModuleManager: Shutting down and abandoning module TextureFormatUncompressed (39)
[2017.04.06-18.56.50:077][301]LogModuleManager: Shutting down and abandoning module TextureFormatPVR (38)
[2017.04.06-18.56.50:077][301]LogModuleManager: Shutting down and abandoning module TextureFormatDXT (37)
[2017.04.06-18.56.50:077][301]LogModuleManager: Shutting down and abandoning module TextureFormatIntelISPCTexComp (36)
[2017.04.06-18.56.50:077][301]LogModuleManager: Shutting down and abandoning module ImageWrapper (35)
[2017.04.06-18.56.50:077][301]LogModuleManager: Shutting down and abandoning module TextureFormatASTC (34)
[2017.04.06-18.56.50:077][301]LogModuleManager: Shutting down and abandoning module TextureFormatAndroid (33)
[2017.04.06-18.56.50:077][301]LogModuleManager: Shutting down and abandoning module AudioFormatOpus (32)
[2017.04.06-18.56.50:077][301]LogModuleManager: Shutting down and abandoning module AudioFormatOgg (31)
[2017.04.06-18.56.50:077][301]LogModuleManager: Shutting down and abandoning module AudioFormatADPCM (30)
[2017.04.06-18.56.50:077][301]LogModuleManager: Shutting down and abandoning module WindowsTargetPlatform (29)
[2017.04.06-18.56.50:077][301]LogModuleManager: Shutting down and abandoning module WindowsServerTargetPlatform (28)
[2017.04.06-18.56.50:077][301]LogModuleManager: Shutting down and abandoning module WindowsNoEditorTargetPlatform (27)
[2017.04.06-18.56.50:078][301]LogModuleManager: Shutting down and abandoning module WindowsClientTargetPlatform (26)
[2017.04.06-18.56.50:078][301]LogModuleManager: Shutting down and abandoning module TargetPlatform (25)
[2017.04.06-18.56.50:078][301]LogModuleManager: Shutting down and abandoning module InputCore (24)
[2017.04.06-18.56.50:078][301]LogModuleManager: Shutting down and abandoning module Settings (23)
[2017.04.06-18.56.50:078][301]LogModuleManager: Shutting down and abandoning module OculusRift (22)
[2017.04.06-18.56.50:078][301]LogModuleManager: Shutting down and abandoning module ExampleDeviceProfileSelector (21)
[2017.04.06-18.56.50:078][301]LogModuleManager: Shutting down and abandoning module OnlineBlueprintSupport (20)
[2017.04.06-18.56.50:078][301]LogModuleManager: Shutting down and abandoning module OnlineSubsystem (18)
[2017.04.06-18.56.50:078][301]LogOnline:Display: Unloading online subsystem: NULL
[2017.04.06-18.56.50:078][301]LogModuleManager: Shutting down and abandoning module SSL (17)
[2017.04.06-18.56.50:079][301]LogModuleManager: Shutting down and abandoning module HTTP (16)
[2017.04.06-18.56.50:079][301]LogModuleManager: Shutting down and abandoning module XMPP (15)
[2017.04.06-18.56.50:079][301]LogModuleManager: Shutting down and abandoning module TextureCompressor (14)
[2017.04.06-18.56.50:079][301]LogModuleManager: Shutting down and abandoning module ShaderCore (13)
[2017.04.06-18.56.50:079][301]LogModuleManager: Shutting down and abandoning module Landscape (12)
[2017.04.06-18.56.50:079][301]LogModuleManager: Shutting down and abandoning module SlateRHIRenderer (11)
[2017.04.06-18.56.50:080][301]LogModuleManager: Shutting down and abandoning module OpenGLDrv (10)
[2017.04.06-18.56.50:080][301]LogModuleManager: Shutting down and abandoning module D3D11RHI (9)
[2017.04.06-18.56.50:080][301]LogModuleManager: Shutting down and abandoning module AnimGraphRuntime (8)
[2017.04.06-18.56.50:080][301]LogModuleManager: Shutting down and abandoning module Renderer (7)
[2017.04.06-18.56.50:080][301]LogModuleManager: Shutting down and abandoning module Engine (6)
[2017.04.06-18.56.50:080][301]LogModuleManager: Shutting down and abandoning module CoreUObject (5)
[2017.04.06-18.56.50:080][301]LogModuleManager: Shutting down and abandoning module NetworkFile (4)
[2017.04.06-18.56.50:080][301]LogModuleManager: Shutting down and abandoning module StreamingFile (3)
[2017.04.06-18.56.50:080][301]LogModuleManager: Shutting down and abandoning module SandboxFile (2)
[2017.04.06-18.56.50:080][301]LogModuleManager: Shutting down and abandoning module PakFile (1)
[2017.04.06-18.56.50:081][301]LogExit: Exiting.
[2017.04.06-18.56.50:082][301]Log file closed, 04/06/17 13:56:50
