Log file open, 05/01/17 16:19:15
LogInit:Display: Running engine for game: Zombie_Tower_Defense
LogPlatformFile: Not using cached read wrapper
LogInit:Display: RandInit(-1125220789) SRandInit(-1125220788).
LogTaskGraph: Started task graph with 5 named threads and 7 total threads with 1 sets of task threads.
LogStats: Stats thread started at 0.102092
LogPluginManager: Loaded Plugin Paper2D, From C:/Program Files/Epic Games/UE_4.14/Engine/Plugins/2D/Paper2D/Paper2D.uplugin
LogPluginManager: Loaded Plugin LightPropagationVolume, From C:/Program Files/Epic Games/UE_4.14/Engine/Plugins/Blendables/LightPropagationVolume/LightPropagationVolume.uplugin
LogPluginManager: Loaded Plugin BlankPlugin, From C:/Program Files/Epic Games/UE_4.14/Engine/Plugins/Developer/BlankPlugin/BlankPlugin.uplugin
LogPluginManager: Loaded Plugin CodeLiteSourceCodeAccess, From C:/Program Files/Epic Games/UE_4.14/Engine/Plugins/Developer/CodeLiteSourceCodeAccess/CodeLiteSourceCodeAccess.uplugin
LogPluginManager: Loaded Plugin GitSourceControl, From C:/Program Files/Epic Games/UE_4.14/Engine/Plugins/Developer/GitSourceControl/GitSourceControl.uplugin
LogPluginManager: Loaded Plugin KDevelopSourceCodeAccess, From C:/Program Files/Epic Games/UE_4.14/Engine/Plugins/Developer/KDevelopSourceCodeAccess/KDevelopSourceCodeAccess.uplugin
LogPluginManager: Loaded Plugin NullSourceCodeAccess, From C:/Program Files/Epic Games/UE_4.14/Engine/Plugins/Developer/NullSourceCodeAccess/NullSourceCodeAccess.uplugin
LogPluginManager: Loaded Plugin OneSkyLocalizationService, From C:/Program Files/Epic Games/UE_4.14/Engine/Plugins/Developer/OneSkyLocalizationService/OneSkyLocalizationService.uplugin
LogPluginManager: Loaded Plugin PerforceSourceControl, From C:/Program Files/Epic Games/UE_4.14/Engine/Plugins/Developer/PerforceSourceControl/PerforceSourceControl.uplugin
LogPluginManager: Loaded Plugin SubversionSourceControl, From C:/Program Files/Epic Games/UE_4.14/Engine/Plugins/Developer/SubversionSourceControl/SubversionSourceControl.uplugin
LogPluginManager: Loaded Plugin UObjectPlugin, From C:/Program Files/Epic Games/UE_4.14/Engine/Plugins/Developer/UObjectPlugin/UObjectPlugin.uplugin
LogPluginManager: Loaded Plugin VisualStudioSourceCodeAccess, From C:/Program Files/Epic Games/UE_4.14/Engine/Plugins/Developer/VisualStudioSourceCodeAccess/VisualStudioSourceCodeAccess.uplugin
LogPluginManager: Loaded Plugin XCodeSourceCodeAccess, From C:/Program Files/Epic Games/UE_4.14/Engine/Plugins/Developer/XCodeSourceCodeAccess/XCodeSourceCodeAccess.uplugin
LogPluginManager: Loaded Plugin AudioCapture, From C:/Program Files/Epic Games/UE_4.14/Engine/Plugins/Editor/AudioCapture/AudioCapture.uplugin
LogPluginManager: Loaded Plugin EpicSurvey, From C:/Program Files/Epic Games/UE_4.14/Engine/Plugins/Editor/EpicSurvey/EpicSurvey.uplugin
LogPluginManager: Loaded Plugin MacGraphicsSwitching, From C:/Program Files/Epic Games/UE_4.14/Engine/Plugins/Editor/MacGraphicsSwitching/MacGraphicsSwitching.uplugin
LogPluginManager: Loaded Plugin MobileLauncherProfileWizard, From C:/Program Files/Epic Games/UE_4.14/Engine/Plugins/Editor/MobileLauncherProfileWizard/MobileLauncherProfileWizard.uplugin
LogPluginManager: Loaded Plugin PluginBrowser, From C:/Program Files/Epic Games/UE_4.14/Engine/Plugins/Editor/PluginBrowser/PluginBrowser.uplugin
LogPluginManager: Loaded Plugin SpeedTreeImporter, From C:/Program Files/Epic Games/UE_4.14/Engine/Plugins/Editor/SpeedTreeImporter/SpeedTreeImporter.uplugin
LogPluginManager: Loaded Plugin SuperSearchEditor, From C:/Program Files/Epic Games/UE_4.14/Engine/Plugins/Editor/SuperSearchEditor/SuperSearchEditor.uplugin
LogPluginManager: Loaded Plugin AlembicImporter, From C:/Program Files/Epic Games/UE_4.14/Engine/Plugins/Experimental/AlembicImporter/AlembicImporter.uplugin
LogPluginManager: Loaded Plugin BlueprintStats, From C:/Program Files/Epic Games/UE_4.14/Engine/Plugins/Experimental/BlueprintStats/BlueprintStats.uplugin
LogPluginManager: Loaded Plugin CharacterAI, From C:/Program Files/Epic Games/UE_4.14/Engine/Plugins/Experimental/CharacterAI/CharacterAI.uplugin
LogPluginManager: Loaded Plugin CodeEditor, From C:/Program Files/Epic Games/UE_4.14/Engine/Plugins/Experimental/CodeEditor/CodeEditor.uplugin
LogPluginManager: Loaded Plugin CodeView, From C:/Program Files/Epic Games/UE_4.14/Engine/Plugins/Experimental/CodeView/CodeView.uplugin
LogPluginManager: Loaded Plugin HTML5Networking, From C:/Program Files/Epic Games/UE_4.14/Engine/Plugins/Experimental/HTML5Networking/HTML5Networking.uplugin
LogPluginManager: Loaded Plugin OSVR, From C:/Program Files/Epic Games/UE_4.14/Engine/Plugins/Experimental/OSVR/OSVR.uplugin
LogPluginManager: Loaded Plugin Phya, From C:/Program Files/Epic Games/UE_4.14/Engine/Plugins/Experimental/Phya/Phya.uplugin
LogPluginManager: Loaded Plugin SignificanceManager, From C:/Program Files/Epic Games/UE_4.14/Engine/Plugins/Experimental/SignificanceManager/SignificanceManager.uplugin
LogPluginManager: Loaded Plugin SimpleHMD, From C:/Program Files/Epic Games/UE_4.14/Engine/Plugins/Experimental/SimpleHMD/SimpleHMD.uplugin
LogPluginManager: Loaded Plugin StereoPanorama, From C:/Program Files/Epic Games/UE_4.14/Engine/Plugins/Experimental/StereoPanorama/StereoPanorama.uplugin
LogPluginManager: Loaded Plugin StructBox, From C:/Program Files/Epic Games/UE_4.14/Engine/Plugins/Experimental/StructBox/StructBox.uplugin
LogPluginManager: Loaded Plugin AndroidMedia, From C:/Program Files/Epic Games/UE_4.14/Engine/Plugins/Media/AndroidMedia/AndroidMedia.uplugin
LogPluginManager: Loaded Plugin AvfMedia, From C:/Program Files/Epic Games/UE_4.14/Engine/Plugins/Media/AvfMedia/AvfMedia.uplugin
LogPluginManager: Loaded Plugin MediaPlayerEditor, From C:/Program Files/Epic Games/UE_4.14/Engine/Plugins/Media/MediaPlayerEditor/MediaPlayerEditor.uplugin
LogPluginManager: Loaded Plugin WmfMedia, From C:/Program Files/Epic Games/UE_4.14/Engine/Plugins/Media/WmfMedia/WmfMedia.uplugin
LogPluginManager: Loaded Plugin MessagingDebugger, From C:/Program Files/Epic Games/UE_4.14/Engine/Plugins/Messaging/MessagingDebugger/MessagingDebugger.uplugin
LogPluginManager: Loaded Plugin TcpMessaging, From C:/Program Files/Epic Games/UE_4.14/Engine/Plugins/Messaging/TcpMessaging/TcpMessaging.uplugin
LogPluginManager: Loaded Plugin UdpMessaging, From C:/Program Files/Epic Games/UE_4.14/Engine/Plugins/Messaging/UdpMessaging/UdpMessaging.uplugin
LogPluginManager: Loaded Plugin LevelSequenceEditor, From C:/Program Files/Epic Games/UE_4.14/Engine/Plugins/MovieScene/LevelSequenceEditor/LevelSequenceEditor.uplugin
LogPluginManager: Loaded Plugin MatineeToLevelSequence, From C:/Program Files/Epic Games/UE_4.14/Engine/Plugins/MovieScene/MatineeToLevelSequence/MatineeToLevelSequence.uplugin
LogPluginManager: Loaded Plugin NetcodeUnitTest, From C:/Program Files/Epic Games/UE_4.14/Engine/Plugins/NetcodeUnitTest/NetcodeUnitTest/NetcodeUnitTest.uplugin
LogPluginManager: Loaded Plugin NUTUnrealEngine4, From C:/Program Files/Epic Games/UE_4.14/Engine/Plugins/NetcodeUnitTest/NUTUnrealEngine4/NUTUnrealEngine4.uplugin
LogPluginManager: Loaded Plugin OnlineSubsystemGameCircle, From C:/Program Files/Epic Games/UE_4.14/Engine/Plugins/Online/Android/OnlineSubsystemGameCircle/OnlineSubsystemGameCircle.uplugin
LogPluginManager: Loaded Plugin OnlineSubsystemGooglePlay, From C:/Program Files/Epic Games/UE_4.14/Engine/Plugins/Online/Android/OnlineSubsystemGooglePlay/OnlineSubsystemGooglePlay.uplugin
LogPluginManager: Loaded Plugin OnlineSubsystemIOS, From C:/Program Files/Epic Games/UE_4.14/Engine/Plugins/Online/IOS/OnlineSubsystemIOS/OnlineSubsystemIOS.uplugin
LogPluginManager: Loaded Plugin OnlineFramework, From C:/Program Files/Epic Games/UE_4.14/Engine/Plugins/Online/OnlineFramework/OnlineFramework.uplugin
LogPluginManager: Loaded Plugin OnlineSubsystem, From C:/Program Files/Epic Games/UE_4.14/Engine/Plugins/Online/OnlineSubsystem/OnlineSubsystem.uplugin
LogPluginManager: Loaded Plugin OnlineSubsystemAmazon, From C:/Program Files/Epic Games/UE_4.14/Engine/Plugins/Online/OnlineSubsystemAmazon/OnlineSubsystemAmazon.uplugin
LogPluginManager: Loaded Plugin OnlineSubsystemFacebook, From C:/Program Files/Epic Games/UE_4.14/Engine/Plugins/Online/OnlineSubsystemFacebook/OnlineSubsystemFacebook.uplugin
LogPluginManager: Loaded Plugin OnlineSubsystemNull, From C:/Program Files/Epic Games/UE_4.14/Engine/Plugins/Online/OnlineSubsystemNull/OnlineSubsystemNull.uplugin
LogPluginManager: Loaded Plugin OnlineSubsystemOculus, From C:/Program Files/Epic Games/UE_4.14/Engine/Plugins/Online/OnlineSubsystemOculus/OnlineSubsystemOculus.uplugin
LogPluginManager: Loaded Plugin OnlineSubsystemSteam, From C:/Program Files/Epic Games/UE_4.14/Engine/Plugins/Online/OnlineSubsystemSteam/OnlineSubsystemSteam.uplugin
LogPluginManager: Loaded Plugin OnlineSubsystemUtils, From C:/Program Files/Epic Games/UE_4.14/Engine/Plugins/Online/OnlineSubsystemUtils/OnlineSubsystemUtils.uplugin
LogPluginManager: Loaded Plugin IOSTapJoy, From C:/Program Files/Epic Games/UE_4.14/Engine/Plugins/Runtime/Advertising/IOSTapJoy/IOSTapJoy.uplugin
LogPluginManager: Loaded Plugin AnalyticsBlueprintLibrary, From C:/Program Files/Epic Games/UE_4.14/Engine/Plugins/Runtime/Analytics/AnalyticsBlueprintLibrary/AnalyticsBlueprintLibrary.uplugin
LogPluginManager: Loaded Plugin AnalyticsMulticast, From C:/Program Files/Epic Games/UE_4.14/Engine/Plugins/Runtime/Analytics/AnalyticsMulticast/AnalyticsMulticast.uplugin
LogPluginManager: Loaded Plugin Apsalar, From C:/Program Files/Epic Games/UE_4.14/Engine/Plugins/Runtime/Analytics/Apsalar/Apsalar.uplugin
LogPluginManager: Loaded Plugin FileLogging, From C:/Program Files/Epic Games/UE_4.14/Engine/Plugins/Runtime/Analytics/FileLogging/FileLogging.uplugin
LogPluginManager: Loaded Plugin Flurry, From C:/Program Files/Epic Games/UE_4.14/Engine/Plugins/Runtime/Analytics/Flurry/Flurry.uplugin
LogPluginManager: Loaded Plugin AndroidDeviceProfileSelector, From C:/Program Files/Epic Games/UE_4.14/Engine/Plugins/Runtime/AndroidDeviceProfileSelector/AndroidDeviceProfileSelector.uplugin
LogPluginManager: Loaded Plugin AndroidMoviePlayer, From C:/Program Files/Epic Games/UE_4.14/Engine/Plugins/Runtime/AndroidMoviePlayer/AndroidMoviePlayer.uplugin
LogPluginManager: Loaded Plugin AppleMoviePlayer, From C:/Program Files/Epic Games/UE_4.14/Engine/Plugins/Runtime/AppleMoviePlayer/AppleMoviePlayer.uplugin
LogPluginManager: Loaded Plugin ArchVisCharacter, From C:/Program Files/Epic Games/UE_4.14/Engine/Plugins/Runtime/ArchVisCharacter/ArchVisCharacter.uplugin
LogPluginManager: Loaded Plugin CableComponent, From C:/Program Files/Epic Games/UE_4.14/Engine/Plugins/Runtime/CableComponent/CableComponent.uplugin
LogPluginManager: Loaded Plugin CustomMeshComponent, From C:/Program Files/Epic Games/UE_4.14/Engine/Plugins/Runtime/CustomMeshComponent/CustomMeshComponent.uplugin
LogPluginManager: Loaded Plugin ExampleDeviceProfileSelector, From C:/Program Files/Epic Games/UE_4.14/Engine/Plugins/Runtime/ExampleDeviceProfileSelector/ExampleDeviceProfileSelector.uplugin
LogPluginManager: Loaded Plugin GearVR, From C:/Program Files/Epic Games/UE_4.14/Engine/Plugins/Runtime/GearVR/GearVR.uplugin
LogPluginManager: Loaded Plugin GoogleVRController, From C:/Program Files/Epic Games/UE_4.14/Engine/Plugins/Runtime/GoogleVR/GoogleVRController/GoogleVRController.uplugin
LogPluginManager: Loaded Plugin GoogleVRHMD, From C:/Program Files/Epic Games/UE_4.14/Engine/Plugins/Runtime/GoogleVR/GoogleVRHMD/GoogleVRHMD.uplugin
LogPluginManager: Loaded Plugin IOSDeviceProfileSelector, From C:/Program Files/Epic Games/UE_4.14/Engine/Plugins/Runtime/IOSDeviceProfileSelector/IOSDeviceProfileSelector.uplugin
LogPluginManager: Loaded Plugin LeapMotion, From C:/Program Files/Epic Games/UE_4.14/Engine/Plugins/Runtime/LeapMotion/LeapMotion.uplugin
LogPluginManager: Loaded Plugin LinuxDeviceProfileSelector, From C:/Program Files/Epic Games/UE_4.14/Engine/Plugins/Runtime/LinuxDeviceProfileSelector/LinuxDeviceProfileSelector.uplugin
LogPluginManager: Loaded Plugin MIDIDevice, From C:/Program Files/Epic Games/UE_4.14/Engine/Plugins/Runtime/MIDIDevice/MIDIDevice.uplugin
LogPluginManager: Loaded Plugin MobilePatchingUtils, From C:/Program Files/Epic Games/UE_4.14/Engine/Plugins/Runtime/MobilePatchingUtils/MobilePatchingUtils.uplugin
LogPluginManager: Loaded Plugin Ansel, From C:/Program Files/Epic Games/UE_4.14/Engine/Plugins/Runtime/Nvidia/Ansel/Ansel.uplugin
LogPluginManager: Loaded Plugin OculusAudio, From C:/Program Files/Epic Games/UE_4.14/Engine/Plugins/Runtime/OculusAudio/OculusAudio.uplugin
LogPluginManager: Loaded Plugin OculusInput, From C:/Program Files/Epic Games/UE_4.14/Engine/Plugins/Runtime/OculusInput/OculusInput.uplugin
LogPluginManager: Loaded Plugin OculusLibrary, From C:/Program Files/Epic Games/UE_4.14/Engine/Plugins/Runtime/OculusLibrary/OculusLibrary.uplugin
LogPluginManager: Loaded Plugin OculusRift, From C:/Program Files/Epic Games/UE_4.14/Engine/Plugins/Runtime/OculusRift/OculusRift.uplugin
LogPluginManager: Loaded Plugin Oodle, From C:/Program Files/Epic Games/UE_4.14/Engine/Plugins/Runtime/PacketHandlers/CompressionComponents/Oodle/Oodle.uplugin
LogPluginManager: Loaded Plugin ProceduralMeshComponent, From C:/Program Files/Epic Games/UE_4.14/Engine/Plugins/Runtime/ProceduralMeshComponent/ProceduralMeshComponent.uplugin
LogPluginManager: Loaded Plugin SoundMod, From C:/Program Files/Epic Games/UE_4.14/Engine/Plugins/Runtime/SoundMod/SoundMod.uplugin
LogPluginManager: Loaded Plugin SoundVisualizations, From C:/Program Files/Epic Games/UE_4.14/Engine/Plugins/Runtime/SoundVisualizations/SoundVisualizations.uplugin
LogPluginManager: Loaded Plugin SteamController, From C:/Program Files/Epic Games/UE_4.14/Engine/Plugins/Runtime/Steam/SteamController/SteamController.uplugin
LogPluginManager: Loaded Plugin SteamVR, From C:/Program Files/Epic Games/UE_4.14/Engine/Plugins/Runtime/Steam/SteamVR/SteamVR.uplugin
LogPluginManager: Loaded Plugin WebBrowserWidget, From C:/Program Files/Epic Games/UE_4.14/Engine/Plugins/Runtime/WebBrowserWidget/WebBrowserWidget.uplugin
LogPluginManager: Loaded Plugin WindowsDeviceProfileSelector, From C:/Program Files/Epic Games/UE_4.14/Engine/Plugins/Runtime/WindowsDeviceProfileSelector/WindowsDeviceProfileSelector.uplugin
LogPluginManager: Loaded Plugin WindowsMoviePlayer, From C:/Program Files/Epic Games/UE_4.14/Engine/Plugins/Runtime/WindowsMoviePlayer/WindowsMoviePlayer.uplugin
LogPluginManager: Loaded Plugin ScriptPlugin, From C:/Program Files/Epic Games/UE_4.14/Engine/Plugins/ScriptPlugin/ScriptPlugin.uplugin
LogPluginManager: Loaded Plugin SlateRemote, From C:/Program Files/Epic Games/UE_4.14/Engine/Plugins/Slate/SlateRemote/SlateRemote.uplugin
LogPluginManager: Loaded Plugin EditorTests, From C:/Program Files/Epic Games/UE_4.14/Engine/Plugins/Tests/EditorTests/EditorTests.uplugin
LogPluginManager: Loaded Plugin FbxAutomationTestBuilder, From C:/Program Files/Epic Games/UE_4.14/Engine/Plugins/Tests/FbxAutomationTestBuilder/FbxAutomationTestBuilder.uplugin
LogPluginManager: Loaded Plugin FunctionalTestingEditor, From C:/Program Files/Epic Games/UE_4.14/Engine/Plugins/Tests/FunctionalTestingEditor/FunctionalTestingEditor.uplugin
LogPluginManager: Loaded Plugin RuntimeTests, From C:/Program Files/Epic Games/UE_4.14/Engine/Plugins/Tests/RuntimeTests/RuntimeTests.uplugin
LogPluginManager: Loaded Plugin ScreenshotTools, From C:/Program Files/Epic Games/UE_4.14/Engine/Plugins/Tests/ScreenshotTools/ScreenshotTools.uplugin
LogInit: Using libcurl 7.47.1
LogInit:  - built for x86_64-pc-win32
LogInit:  - supports SSL with OpenSSL/1.0.2g
LogInit:  - supports HTTP deflate (compression) using libz 1.2.8
LogInit:  - other features:
LogInit:      CURL_VERSION_SSL
LogInit:      CURL_VERSION_LIBZ
LogInit:      CURL_VERSION_IPV6
LogInit:      CURL_VERSION_ASYNCHDNS
LogInit:      CURL_VERSION_LARGEFILE
LogInit:      CURL_VERSION_IDN
LogInit:  CurlRequestOptions (configurable via config and command line):
LogInit:  - bVerifyPeer = false  - Libcurl will NOT verify peer certificate
LogInit:  - bUseHttpProxy = false  - Libcurl will NOT use HTTP proxy
LogInit:  - bDontReuseConnections = false  - Libcurl will reuse connections
LogInit:  - CertBundlePath = nullptr  - Libcurl will use whatever was configured at build time.
LogInit: Build: ++UE4+Release-4.14-CL-3249277
LogInit: Engine Version: 4.14.3-3249277+++UE4+Release-4.14
LogInit: Compatible Engine Version: 4.14.0-3195953+++UE4+Release-4.14
LogInit: Net CL: 3195953
LogDevObjectVersion: Number of dev versions registered: 13
LogDevObjectVersion:   Dev-Blueprints (B0D832E4-1F89-4F0D-ACCF-7EB736FD4AA2): 7
LogDevObjectVersion:   Dev-Build (E1C64328-A22C-4D53-A36C-8E866417BD8C): 0
LogDevObjectVersion:   Dev-Core (375EC13C-06E4-48FB-B500-84F0262A717E): 1
LogDevObjectVersion:   Dev-Editor (E4B068ED-F494-42E9-A231-DA0B2E46BB41): 8
LogDevObjectVersion:   Dev-Framework (CFFC743F-43B0-4480-9391-14DF171D2073): 17
LogDevObjectVersion:   Dev-Mobile (B02B49B5-BB20-44E9-A304-32B752E40360): 0
LogDevObjectVersion:   Dev-Networking (A4E4105C-59A1-49B5-A7C5-40C4547EDFEE): 0
LogDevObjectVersion:   Dev-Online (39C831C9-5AE6-47DC-9A44-9C173E1C8E7C): 0
LogDevObjectVersion:   Dev-Physics (78F01B33-EBEA-4F98-B9B4-84EACCB95AA2): 0
LogDevObjectVersion:   Dev-Platform (6631380F-2D4D-43E0-8009-CF276956A95A): 0
LogDevObjectVersion:   Dev-Rendering (12F88B9F-8875-4AFC-A67C-D90C383ABD29): 12
LogDevObjectVersion:   Dev-Sequencer (7B5AE74C-D270-4C10-A958-57980B212A5A): 1
LogDevObjectVersion:   Dev-VR (D7296918-1DD6-4BDD-9DE2-64A83CC13884): 0
LogInit: Compiled (64-bit): Jan  6 2017 10:49:43
LogInit: Compiled with Visual C++: 19.00.23026.00
LogInit: Build Configuration: Development
LogInit: Branch Name: ++UE4+Release-4.14
LogInit: Command line:  /Temp/Autosaves/Game/ZTD_Blueprint/Maps/UEDPCMenu_Main -game -PIEVIACONSOLE -ResX=1280 -ResY=720  -Multiprocess -messaging -SessionName="Play in Standalone Game" -windowed 
LogInit: Base directory: C:/Program Files/Epic Games/UE_4.14/Engine/Binaries/Win64/
LogInit: Installed Engine Build: 1
LogInit: Presizing for max 8388607 objects, including 0 objects not considered by GC, pre-allocating 0 bytes for permanent pool.
LogInit: Object subsystem initialized
[2017.05.01-21.19.15:825][  0]LogInit: Selected Device Profile: [Windows]
[2017.05.01-21.19.15:825][  0]LogInit: Applying CVar settings loaded from the selected device profile: [Windows]
[2017.05.01-21.19.15:831][  0]LogInit: Computer: JORDANOBE-PC
[2017.05.01-21.19.15:831][  0]LogInit: User: JordanObe
[2017.05.01-21.19.15:831][  0]LogInit: CPU Page size=65536, Cores=3
[2017.05.01-21.19.15:832][  0]LogInit: High frequency timer resolution =3.703855 MHz
[2017.05.01-21.19.15:832][  0]LogMemory: Memory total: Physical=9.9GB (10GB approx)
[2017.05.01-21.19.15:832][  0]LogMemory: Platform Memory Stats for Windows
[2017.05.01-21.19.15:832][  0]LogMemory: Process Physical Memory: 265.63 MB used, 265.63 MB peak
[2017.05.01-21.19.15:832][  0]LogMemory: Process Virtual Memory: 262.66 MB used, 262.66 MB peak
[2017.05.01-21.19.15:832][  0]LogMemory: Physical Memory: 6399.07 MB used,  3741.79 MB free, 10140.86 MB total
[2017.05.01-21.19.15:832][  0]LogMemory: Virtual Memory: 675.86 MB used,  3741.79 MB free, 134217728.00 MB total
[2017.05.01-21.19.15:863][  0]LogTextLocalizationManager: No specific translations for ('en-US') exist, so ('en') translations will be used.
[2017.05.01-21.19.16:578][  0]LogD3D11RHI: D3D11 adapters:
[2017.05.01-21.19.16:631][  0]LogD3D11RHI:    0. 'Radeon (TM) RX 480 Graphics' (Feature Level 11_0)
[2017.05.01-21.19.16:631][  0]LogD3D11RHI:       4044/0/5070 MB DedicatedVideo/DedicatedSystem/SharedSystem, Outputs:2, VendorId:0x1002
[2017.05.01-21.19.16:634][  0]LogD3D11RHI:    1. 'Microsoft Basic Render Driver' (Feature Level 11_0)
[2017.05.01-21.19.16:634][  0]LogD3D11RHI:       0/0/5070 MB DedicatedVideo/DedicatedSystem/SharedSystem, Outputs:0, VendorId:0x1414
[2017.05.01-21.19.16:634][  0]LogD3D11RHI: Chosen D3D11 Adapter: 0
[2017.05.01-21.19.16:645][  0]LogD3D11RHI: Creating new Direct3DDevice
[2017.05.01-21.19.16:645][  0]LogD3D11RHI:     GPU DeviceId: 0x67df (for the marketing name, search the web for "GPU Device Id")
[2017.05.01-21.19.16:645][  0]LogWindows: EnumDisplayDevices:
[2017.05.01-21.19.16:646][  0]LogWindows:    0. 'Radeon (TM) RX 480 Graphics' (P:1 D:1)
[2017.05.01-21.19.16:646][  0]LogWindows:    1. 'Radeon (TM) RX 480 Graphics' (P:0 D:1)
[2017.05.01-21.19.16:646][  0]LogWindows:    2. 'Radeon (TM) RX 480 Graphics' (P:0 D:0)
[2017.05.01-21.19.16:647][  0]LogWindows:    3. 'Radeon (TM) RX 480 Graphics' (P:0 D:0)
[2017.05.01-21.19.16:647][  0]LogWindows:    4. 'Radeon (TM) RX 480 Graphics' (P:0 D:0)
[2017.05.01-21.19.16:648][  0]LogWindows:    5. 'Radeon (TM) RX 480 Graphics' (P:0 D:0)
[2017.05.01-21.19.16:648][  0]LogWindows: DebugString: FoundDriverCount:6 
[2017.05.01-21.19.16:648][  0]LogD3D11RHI:     Adapter Name: Radeon (TM) RX 480 Graphics
[2017.05.01-21.19.16:648][  0]LogD3D11RHI:   Driver Version: Crimson ReLive 16.12.2 (internal:21.19.407.0, unified:21.19.407.0)
[2017.05.01-21.19.16:648][  0]LogD3D11RHI:      Driver Date: 12-23-2016
[2017.05.01-21.19.16:648][  0]LogRHI: Texture pool is 1361 MB (70% of 1945 MB)
[2017.05.01-21.19.16:684][  0]LogD3D11RHI: Async texture creation enabled
[2017.05.01-21.19.16:697][  0]LogD3D11RHI: GPU Timing Frequency: 25.000000 (Debug: 2 1)
[2017.05.01-21.19.16:699][  0]LogShaderCompilers: Guid format shader working directory is -29 characters bigger than the processId version (../../../../../../Users/Jordan Obe/Documents/GitHub/AI stuff/Zombie_TowerDefense/Intermediate/Shaders/WorkingDirectory/7380/).
[2017.05.01-21.19.16:699][  0]LogShaderCompilers: Cleaned the shader compiler working directory 'C:/Users/Jordan Obe/AppData/Local/Temp/UnrealShaderWorkingDir/5254FC8A4905D51016F996BB6EA045E8/'.
[2017.05.01-21.19.16:699][  0]LogShaderCompilers:Display: Using Local Shader Compiler.
[2017.05.01-21.19.18:607][  0]LogTemp:Display: Loaded TP WindowsClientTargetPlatform
[2017.05.01-21.19.18:749][  0]LogTemp:Display: Loaded TP WindowsNoEditorTargetPlatform
[2017.05.01-21.19.18:868][  0]LogTemp:Display: Loaded TP WindowsServerTargetPlatform
[2017.05.01-21.19.18:959][  0]LogTemp:Display: Loaded TP WindowsTargetPlatform
[2017.05.01-21.19.18:959][  0]LogTargetPlatformManager:Display: Building Assets For Windows
[2017.05.01-21.19.19:768][  0]LogDerivedDataCache:Display: Max Cache Size: 512 MB
[2017.05.01-21.19.19:873][  0]LogDerivedDataCache: Loaded boot cache 0.11s 50MB C:/Users/Jordan Obe/AppData/Local/UnrealEngine/4.14/DerivedDataCache/Boot.ddc.
[2017.05.01-21.19.19:874][  0]LogDerivedDataCache:Display: Loaded Boot cache: C:/Users/Jordan Obe/AppData/Local/UnrealEngine/4.14/DerivedDataCache/Boot.ddc
[2017.05.01-21.19.19:874][  0]LogDerivedDataCache: FDerivedDataBackendGraph:  Pak pak cache file ../../../../../../Users/Jordan Obe/Documents/GitHub/AI stuff/Zombie_TowerDefense/DerivedDataCache/DDC.ddp not found, will not use a pak cache.
[2017.05.01-21.19.19:874][  0]LogDerivedDataCache: Unable to find inner node Pak for hierarchical cache Hierarchy.
[2017.05.01-21.19.19:874][  0]LogDerivedDataCache: FDerivedDataBackendGraph:  CompressedPak pak cache file ../../../../../../Users/Jordan Obe/Documents/GitHub/AI stuff/Zombie_TowerDefense/DerivedDataCache/Compressed.ddp not found, will not use a pak cache.
[2017.05.01-21.19.19:874][  0]LogDerivedDataCache: Unable to find inner node CompressedPak for hierarchical cache Hierarchy.
[2017.05.01-21.19.19:898][  0]LogDerivedDataCache:Display: Pak cache opened for reading ../../../Engine/DerivedDataCache/Compressed.ddp.
[2017.05.01-21.19.19:910][  0]LogDerivedDataCache: Using Local data cache path C:/Users/Jordan Obe/AppData/Local/UnrealEngine/Common/DerivedDataCache: Writable
[2017.05.01-21.19.20:250][  0]LogAssetRegistry: FAssetRegistry took 0.0001 seconds to start up
[2017.05.01-21.19.20:256][  0]LogPackageLocalizationCache: Processed 3 localized package path(s) for 2 prioritized culture(s) in 0.006547 seconds
[2017.05.01-21.19.20:289][  0]LogInit: Selected Device Profile: [Windows]
[2017.05.01-21.19.20:293][  0]LogContentStreaming: Texture pool size is 1000.00 MB
[2017.05.01-21.19.20:639][  0]LogMeshUtilities: Using QuadricMeshReduction for automatic static mesh reduction
[2017.05.01-21.19.20:732][  0]LogSimplygon: Simplygon DLL not present - disabling.
[2017.05.01-21.19.20:823][  0]LogMeshUtilities: Using SimplygonSwarm for distributed automatic mesh merging
[2017.05.01-21.19.20:823][  0]LogMeshUtilities: No automatic skeletal mesh reduction module available
[2017.05.01-21.19.20:823][  0]LogMeshUtilities: No automatic mesh merging module available
[2017.05.01-21.19.21:593][  0]LogNetVersion: GetLocalNetworkVersion: CL: 3195953, ProjectName: zombie_tower_defense, ProjectVersion: , EngineNetworkVersion: 2, GameNetworkVersion: 0, NetworkChecksum: 2528811943
[2017.05.01-21.19.21:736][  0]LogInit: WinSock: version 1.1 (2.2), MaxSocks=32767, MaxUdp=65467
[2017.05.01-21.19.23:222][  0]LogSlate: Using Freetype 2.6.0
[2017.05.01-21.19.23:223][  0]LogSlate: SlateFontCache - WITH_FREETYPE: 1, WITH_HARFBUZZ: 1
[2017.05.01-21.19.23:223][  0]LogSlate: SlateFontCache - WITH_FREETYPE: 1, WITH_HARFBUZZ: 1
[2017.05.01-21.19.23:473][  0]LogMoviePlayer: Initializing movie player
[2017.05.01-21.19.23:584][  0]LogWindowsMoviePlayer: Unable to load movie: ../../../../../../Users/Jordan Obe/Documents/GitHub/AI stuff/Zombie_TowerDefense/Content/Movies/Default_Startup.mp4
[2017.05.01-21.19.23:916][  0]LogTcpMessaging: Initializing TcpMessaging bridge
[2017.05.01-21.19.23:992][  0]LogUdpMessaging: Initializing bridge on interface 0.0.0.0:0 to multicast group 230.0.0.1:6666.
[2017.05.01-21.19.24:246][  0]SourceControl: Info Source control is disabled
[2017.05.01-21.19.24:246][  0]SourceControl: Info Source control is disabled
[2017.05.01-21.19.24:359][  0]SourceControl: Info Source control is disabled
[2017.05.01-21.19.25:786][  0]LogUObjectArray: 33496 objects as part of root set at end of initial load.
[2017.05.01-21.19.25:786][  0]LogUObjectAllocator: 7417784 out of 0 bytes used by permanent object pool.
[2017.05.01-21.19.25:786][  0]LogUObjectArray: CloseDisregardForGC: 0/0 objects in disregard for GC pool
[2017.05.01-21.19.25:960][  0]LogEngine: Initializing Engine...
[2017.05.01-21.19.25:961][  0]LogHMD: Failed to initialize OpenVR with code 110
[2017.05.01-21.19.26:153][  0]LogInit: XAudio2 using 'Realtek HD Audio 2nd output (Realtek High Definition Audio)' : 2 channels at 48 kHz using 32 bits per sample (channel mask 0x3)
[2017.05.01-21.19.26:172][  0]LogInit: FAudioDevice initialized.
[2017.05.01-21.19.26:201][  0]LogInit: Texture streaming: Enabled
[2017.05.01-21.19.26:223][  0]LogMaterial: Uniform references updated for custom material expression Custom.
[2017.05.01-21.19.26:857][  0]LogInit:Display: Game Engine Initialized.
[2017.05.01-21.19.27:190][  0]LogInit:Display: Starting Game.
[2017.05.01-21.19.27:190][  0]LogNet: Browse: /Temp/Autosaves/Game/ZTD_Blueprint/Maps/UEDPCMenu_Main?Name=Player
[2017.05.01-21.19.27:190][  0]LogLoad: LoadMap: /Temp/Autosaves/Game/ZTD_Blueprint/Maps/UEDPCMenu_Main?Name=Player
[2017.05.01-21.19.27:235][  0]LogMemory: Platform Memory Stats for Windows
[2017.05.01-21.19.27:235][  0]LogMemory: Process Physical Memory: 625.55 MB used, 649.47 MB peak
[2017.05.01-21.19.27:235][  0]LogMemory: Process Virtual Memory: 714.66 MB used, 714.68 MB peak
[2017.05.01-21.19.27:235][  0]LogMemory: Physical Memory: 6725.60 MB used,  3415.25 MB free, 10140.86 MB total
[2017.05.01-21.19.27:235][  0]LogMemory: Virtual Memory: 1349.31 MB used,  3415.25 MB free, 134217728.00 MB total
[2017.05.01-21.19.27:235][  0]LogMemory: 
[2017.05.01-21.19.27:235][  0]Allocator Stats for TBB: (not implemented)
[2017.05.01-21.19.28:864][  0]LogAIModule: Creating AISystem for world Menu_Main
[2017.05.01-21.19.28:864][  0]LogLoad: Game class is 'ZTD_MainMenu_Mode_C'
[2017.05.01-21.19.28:867][  0]LogWorld: Bringing World /Temp/Autosaves/Game/ZTD_Blueprint/Maps/UEDPCMenu_Main.Menu_Main up for play (max tick rate 0) at 2017.05.01-16.19.28
[2017.05.01-21.19.28:868][  0]LogWorld: Bringing up level for play took: 0.001242
[2017.05.01-21.19.28:869][  0]t.MaxFPS = "62"
[2017.05.01-21.19.28:871][  0]LogLoad: Took 1.681415 seconds to LoadMap(/Temp/Autosaves/Game/ZTD_Blueprint/Maps/UEDPCMenu_Main)
[2017.05.01-21.19.29:356][  0]LogLoad: (Engine Initialization) Total time: 16.94 seconds
[2017.05.01-21.19.29:356][  0]LogLoad: (Engine Initialization) Total Blueprint compile time: 0.78 seconds
[2017.05.01-21.19.29:356][  0]LogExternalProfiler: Found external profiler: VSPerf
[2017.05.01-21.19.29:356][  0]LogExternalProfiler: Using external profiler: VSPerf
[2017.05.01-21.19.29:374][  0]LogOcInput: OculusInput pre-init called
[2017.05.01-21.19.29:544][  2]LogRenderer: Reallocating scene render targets to support 1280x720 NumSamples 1 (Frame:2).
[2017.05.01-21.19.32:442][127]LogPackageName: SearchForPackageOnDisk took   0.189s to resolve MapB.umap.
[2017.05.01-21.19.32:601][127]LogPackageName: SearchForPackageOnDisk took   0.158s to resolve MapB.umap.
[2017.05.01-21.19.32:601][127]LogNet: Browse: /Game/ZTD_Blueprint/Maps/MapB
[2017.05.01-21.19.32:601][127]LogLoad: LoadMap: /Game/ZTD_Blueprint/Maps/MapB
[2017.05.01-21.19.32:712][127]LogMemory: Platform Memory Stats for Windows
[2017.05.01-21.19.32:712][127]LogMemory: Process Physical Memory: 723.82 MB used, 738.23 MB peak
[2017.05.01-21.19.32:712][127]LogMemory: Process Virtual Memory: 1033.07 MB used, 1036.88 MB peak
[2017.05.01-21.19.32:712][127]LogMemory: Physical Memory: 4815.19 MB used,  5325.67 MB free, 10140.86 MB total
[2017.05.01-21.19.32:712][127]LogMemory: Virtual Memory: 1688.26 MB used,  5325.67 MB free, 134217728.00 MB total
[2017.05.01-21.19.32:712][127]LogMemory: 
[2017.05.01-21.19.32:712][127]Allocator Stats for TBB: (not implemented)
[2017.05.01-21.19.34:491][127]LogAIModule: Creating AISystem for world MapB
[2017.05.01-21.19.34:492][127]LogLoad: Game class is 'ZTD_GameMode_C'
[2017.05.01-21.19.34:557][127]LogWorld: Bringing World /Game/ZTD_Blueprint/Maps/MapB.MapB up for play (max tick rate 62) at 2017.05.01-16.19.34
[2017.05.01-21.19.34:558][127]LogWorld: Bringing up level for play took: 0.064904
[2017.05.01-21.19.34:568][127]LogLoad: Took 1.966941 seconds to LoadMap(/Game/ZTD_Blueprint/Maps/MapB)
[2017.05.01-21.19.34:726][128]LogCharacterMovement:Warning: GetSimulationTimeStep() - Max iterations 8 hit while remaining time 0.089333 > MaxSimulationTimeStep (0.050) for 'Player_Character_C_0', movement 'Walking'
[2017.05.01-21.19.36:225][221]LogBlueprintUserMessages: [Player_Controller_C_0] Pistol Selected!
[2017.05.01-21.19.41:339][538]LogBlueprintUserMessages: [ZTD_GameMode_C_0] SpawningZombie
[2017.05.01-21.19.42:339][600]LogBlueprintUserMessages: [ZTD_GameMode_C_0] SpawningZombie
[2017.05.01-21.19.43:064][645]LogBlueprintUserMessages: [Player_Controller_C_0] Sniper Rifle Selected!
[2017.05.01-21.19.43:340][662]LogBlueprintUserMessages: [ZTD_GameMode_C_0] SpawningZombie
[2017.05.01-21.19.44:339][724]LogBlueprintUserMessages: [ZTD_GameMode_C_0] SpawningZombie
[2017.05.01-21.19.45:339][786]LogBlueprintUserMessages: [ZTD_GameMode_C_0] SpawningZombie
[2017.05.01-21.19.46:339][848]LogBlueprintUserMessages: [ZTD_GameMode_C_0] SpawningZombie
[2017.05.01-21.19.47:016][890]LogBlueprintUserMessages: [Ingame_UI_C_0] Tower Placement Enabled
[2017.05.01-21.19.47:340][910]LogBlueprintUserMessages: [ZTD_GameMode_C_0] SpawningZombie
[2017.05.01-21.19.47:629][928]LogBlueprintUserMessages: [Player_Controller_C_0] Machine Gun Tower Selected!
[2017.05.01-21.19.48:350][965]LogBlueprintUserMessages: [ZTD_GameMode_C_0] SpawningZombie
[2017.05.01-21.19.49:351][ 27]LogBlueprintUserMessages: [ZTD_GameMode_C_0] SpawningZombie
[2017.05.01-21.19.50:351][ 89]LogBlueprintUserMessages: [ZTD_GameMode_C_0] SpawningZombie
[2017.05.01-21.19.51:351][151]LogBlueprintUserMessages: [ZTD_GameMode_C_0] SpawningZombie
[2017.05.01-21.19.52:352][213]LogBlueprintUserMessages: [ZTD_GameMode_C_0] SpawningZombie
[2017.05.01-21.19.53:351][275]LogBlueprintUserMessages: [ZTD_GameMode_C_0] SpawningZombie
[2017.05.01-21.19.54:351][337]LogBlueprintUserMessages: [ZTD_GameMode_C_0] SpawningZombie
[2017.05.01-21.19.55:351][399]LogBlueprintUserMessages: [ZTD_GameMode_C_0] SpawningZombie
[2017.05.01-21.19.56:352][461]LogBlueprintUserMessages: [ZTD_GameMode_C_0] SpawningZombie
[2017.05.01-21.19.57:352][523]LogBlueprintUserMessages: [ZTD_GameMode_C_0] SpawningZombie
[2017.05.01-21.19.57:965][561]LogCharacterMovement: Zombie_Character_C_7 is stuck and failed to move! Velocity: X=-11.67 Y=-174.61 Z=0.00 Location: X=1488.04 Y=5676.35 Z=151.43 Normal: X=0.83 Y=0.56 Z=-0.00 PenetrationDepth:4.685 Actor:Zombie_Character_C_6 Component:CharacterMesh0 BoneName:calf_l (0 other events since notify)
[2017.05.01-21.19.58:352][585]LogBlueprintUserMessages: [ZTD_GameMode_C_0] SpawningZombie
[2017.05.01-21.19.59:352][647]LogBlueprintUserMessages: [ZTD_GameMode_C_0] SpawningZombie
[2017.05.01-21.20.00:353][709]LogBlueprintUserMessages: [ZTD_GameMode_C_0] SpawningZombie
[2017.05.01-21.20.00:500][718]LogProjectileMovement:Warning: TowerProjectile_C_0 is outside the world bounds!
[2017.05.01-21.20.00:739][733]LogCharacterMovement: Zombie_Character_C_8 is stuck and failed to move! Velocity: X=25.77 Y=-22.52 Z=0.00 Location: X=1554.57 Y=5509.73 Z=213.43 Normal: X=-0.93 Y=0.37 Z=0.00 PenetrationDepth:2.541 Actor:Zombie_Character_C_7 Component:CharacterMesh0 BoneName:calf_l (0 other events since notify)
[2017.05.01-21.20.01:353][771]LogBlueprintUserMessages: [ZTD_GameMode_C_0] SpawningZombie
[2017.05.01-21.20.01:533][782]LogProjectileMovement:Warning: TowerProjectile_C_1 is outside the world bounds!
[2017.05.01-21.20.01:673][791]LogCharacterMovement: Zombie_Character_C_4 is stuck and failed to move! Velocity: X=102.54 Y=1.97 Z=0.00 Location: X=1641.33 Y=5388.76 Z=236.28 Normal: X=-0.24 Y=-0.58 Z=-0.78 PenetrationDepth:6.547 Actor:Zombie_Character_C_7 Component:CharacterMesh0 BoneName:hand_l (0 other events since notify)
[2017.05.01-21.20.01:756][796]LogCharacterMovement: Zombie_Character_C_8 is stuck and failed to move! Velocity: X=53.42 Y=-38.87 Z=0.00 Location: X=1562.73 Y=5499.48 Z=214.95 Normal: X=0.53 Y=0.85 Z=0.00 PenetrationDepth:8.331 Actor:Zombie_Character_C_6 Component:CharacterMesh0 BoneName:spine_02 (8 other events since notify)
[2017.05.01-21.20.02:147][820]LogProjectileMovement:Warning: TowerProjectile_C_2 is outside the world bounds!
[2017.05.01-21.20.02:353][833]LogBlueprintUserMessages: [ZTD_GameMode_C_0] SpawningZombie
[2017.05.01-21.20.02:755][858]LogCharacterMovement: Zombie_Character_C_10 is stuck and failed to move! Velocity: X=-84.06 Y=-153.49 Z=0.00 Location: X=1492.88 Y=5604.95 Z=172.55 Normal: X=0.82 Y=0.57 Z=0.00 PenetrationDepth:0.223 Actor:Zombie_Character_C_11 Component:CharacterMesh0 BoneName:calf_l (0 other events since notify)
[2017.05.01-21.20.03:353][895]LogBlueprintUserMessages: [ZTD_GameMode_C_0] SpawningZombie
[2017.05.01-21.20.03:533][906]LogProjectileMovement:Warning: TowerProjectile_C_3 is outside the world bounds!
[2017.05.01-21.20.04:354][957]LogBlueprintUserMessages: [ZTD_GameMode_C_0] SpawningZombie
[2017.05.01-21.20.04:534][968]LogProjectileMovement:Warning: TowerProjectile_C_4 is outside the world bounds!
[2017.05.01-21.20.07:433][148]LogLongPackageNames:Warning: URL: Main menu: Name may not contain the following characters:  
[2017.05.01-21.20.07:447][149]LogLongPackageNames:Warning: URL: Main menu: Name may not contain the following characters:  
[2017.05.01-21.20.07:447][149]LogNet: Browse: /Game/ZTD_Blueprint/Maps/Menu_Main
[2017.05.01-21.20.07:447][149]LogNet:Warning: Travel Failure: [InvalidURL]: Invalid URL: /Game/ZTD_Blueprint/Maps/Menu_Main
[2017.05.01-21.20.07:447][149]LogNet: TravelFailure: InvalidURL, Reason for Failure: 'Invalid URL: /Game/ZTD_Blueprint/Maps/Menu_Main'
[2017.05.01-21.20.07:447][149]LogNet:Warning: Travel Failure: [ClientTravelFailure]: Invalid URL: /Game/ZTD_Blueprint/Maps/Menu_Main
[2017.05.01-21.20.07:447][149]LogNet: TravelFailure: ClientTravelFailure, Reason for Failure: 'Invalid URL: /Game/ZTD_Blueprint/Maps/Menu_Main'
[2017.05.01-21.20.07:463][150]LogNet: Browse: /Game/ZTD_Blueprint/Maps/Menu_Main?closed
[2017.05.01-21.20.07:463][150]LogNet: Failed; returning to Entry
[2017.05.01-21.20.07:540][150]LogLoad: LoadMap: /Game/ZTD_Blueprint/Maps/Menu_Main?closed
[2017.05.01-21.20.07:673][150]LogMemory: Platform Memory Stats for Windows
[2017.05.01-21.20.07:673][150]LogMemory: Process Physical Memory: 822.59 MB used, 862.86 MB peak
[2017.05.01-21.20.07:673][150]LogMemory: Process Virtual Memory: 1365.69 MB used, 1415.43 MB peak
[2017.05.01-21.20.07:673][150]LogMemory: Physical Memory: 4909.18 MB used,  5231.68 MB free, 10140.86 MB total
[2017.05.01-21.20.07:673][150]LogMemory: Virtual Memory: 2043.53 MB used,  5231.68 MB free, 134217728.00 MB total
[2017.05.01-21.20.07:673][150]LogMemory: 
[2017.05.01-21.20.07:673][150]Allocator Stats for TBB: (not implemented)
[2017.05.01-21.20.08:937][150]LogAIModule: Creating AISystem for world Menu_Main
[2017.05.01-21.20.08:937][150]LogLoad: Game class is 'ZTD_MainMenu_Mode_C'
[2017.05.01-21.20.08:942][150]LogWorld: Bringing World /Game/ZTD_Blueprint/Maps/Menu_Main.Menu_Main up for play (max tick rate 62) at 2017.05.01-16.20.08
[2017.05.01-21.20.08:942][150]LogWorld: Bringing up level for play took: 0.001206
[2017.05.01-21.20.08:942][150]LogGameMode: Warning - PATHS NOT DEFINED or NO PLAYERSTART with positive rating
[2017.05.01-21.20.08:943][150]t.MaxFPS = "62"
[2017.05.01-21.20.08:946][150]LogLoad: Took 1.405741 seconds to LoadMap(/Game/ZTD_Blueprint/Maps/Menu_Main)
[2017.05.01-21.20.10:313][224]LogWindowsTextInputMethodSystem:Display: IME system now deactivated.
[2017.05.01-21.20.10:316][224]LogEngine: All Windows Closed
[2017.05.01-21.20.10:316][224]LogWindows: FPlatformMisc::RequestExit(0)
[2017.05.01-21.20.10:318][225]LogMoviePlayer: Shutting down movie player
[2017.05.01-21.20.10:978][225]LogExit: Preparing to exit.
[2017.05.01-21.20.12:163][225]LogExit: Game engine shut down
[2017.05.01-21.20.12:244][225]LogObj: Freed 0b from 0 cluster array pools.
[2017.05.01-21.20.12:244][225]LogExit: Object subsystem successfully closed.
[2017.05.01-21.20.12:266][225]LogD3D11RHI: Shutdown
[2017.05.01-21.20.12:266][225]LogD3D11RHI: CleanupD3DDevice
[2017.05.01-21.20.12:399][225]LogD3D11RHI: ~FD3D11DynamicRHI
[2017.05.01-21.20.12:437][225]LogModuleManager: Shutting down and abandoning module SequenceRecorderSections (125)
[2017.05.01-21.20.12:437][225]LogModuleManager: Shutting down and abandoning module SequenceRecorder (124)
[2017.05.01-21.20.12:437][225]LogModuleManager: Shutting down and abandoning module AutomationController (123)
[2017.05.01-21.20.12:437][225]LogModuleManager: Shutting down and abandoning module AutomationWorker (122)
[2017.05.01-21.20.12:437][225]LogModuleManager: Shutting down and abandoning module GameplayDebugger (121)
[2017.05.01-21.20.12:437][225]LogModuleManager: Shutting down and abandoning module AITestSuite (120)
[2017.05.01-21.20.12:437][225]LogModuleManager: Shutting down and abandoning module AIModule (119)
[2017.05.01-21.20.12:437][225]LogModuleManager: Shutting down and abandoning module WmfMediaFactory (118)
[2017.05.01-21.20.12:437][225]LogModuleManager: Shutting down and abandoning module AvfMediaFactory (117)
[2017.05.01-21.20.12:437][225]LogModuleManager: Shutting down and abandoning module Media (116)
[2017.05.01-21.20.12:437][225]LogModuleManager: Shutting down and abandoning module AndroidMediaFactory (115)
[2017.05.01-21.20.12:437][225]LogModuleManager: Shutting down and abandoning module CharacterAI (114)
[2017.05.01-21.20.12:437][225]LogModuleManager: Shutting down and abandoning module SessionServices (113)
[2017.05.01-21.20.12:437][225]LogModuleManager: Shutting down and abandoning module MovieSceneCapture (112)
[2017.05.01-21.20.12:437][225]LogModuleManager: Shutting down and abandoning module GeometryCacheEd (111)
[2017.05.01-21.20.12:437][225]LogModuleManager: Shutting down and abandoning module GeometryCache (110)
[2017.05.01-21.20.12:437][225]LogModuleManager: Shutting down and abandoning module Niagara (109)
[2017.05.01-21.20.12:437][225]LogModuleManager: Shutting down and abandoning module StreamingPauseRendering (108)
[2017.05.01-21.20.12:437][225]LogModuleManager: Shutting down and abandoning module PortalServices (107)
[2017.05.01-21.20.12:437][225]LogModuleManager: Shutting down and abandoning module PortalRpc (106)
[2017.05.01-21.20.12:437][225]LogModuleManager: Shutting down and abandoning module MessagingRpc (105)
[2017.05.01-21.20.12:437][225]LogModuleManager: Shutting down and abandoning module ProfilerService (104)
[2017.05.01-21.20.12:443][225]LogModuleManager: Shutting down and abandoning module TaskGraph (103)
[2017.05.01-21.20.12:443][225]LogModuleManager: Shutting down and abandoning module SlateRemote (102)
[2017.05.01-21.20.12:443][225]LogModuleManager: Shutting down and abandoning module SteamVRController (101)
[2017.05.01-21.20.12:443][225]LogModuleManager: Shutting down and abandoning module SteamVR (100)
[2017.05.01-21.20.12:443][225]LogModuleManager: Shutting down and abandoning module ProceduralMeshComponent (99)
[2017.05.01-21.20.12:443][225]LogModuleManager: Shutting down and abandoning module OculusLibrary (98)
[2017.05.01-21.20.12:443][225]LogModuleManager: Shutting down and abandoning module OculusInput (97)
[2017.05.01-21.20.12:443][225]LogModuleManager: Shutting down and abandoning module MobilePatchingUtils (96)
[2017.05.01-21.20.12:443][225]LogModuleManager: Shutting down and abandoning module CustomMeshComponent (95)
[2017.05.01-21.20.12:443][225]LogModuleManager: Shutting down and abandoning module CableComponent (94)
[2017.05.01-21.20.12:443][225]LogModuleManager: Shutting down and abandoning module ArchVisCharacter (93)
[2017.05.01-21.20.12:443][225]LogModuleManager: Shutting down and abandoning module HTML5Networking (91)
[2017.05.01-21.20.12:443][225]LogModuleManager: Shutting down and abandoning module DesktopPlatform (90)
[2017.05.01-21.20.12:443][225]LogModuleManager: Shutting down and abandoning module DirectoryWatcher (89)
[2017.05.01-21.20.12:443][225]LogModuleManager: Shutting down and abandoning module HotReload (88)
[2017.05.01-21.20.12:443][225]LogModuleManager: Shutting down and abandoning module VisualStudioSourceCodeAccess (87)
[2017.05.01-21.20.12:443][225]LogModuleManager: Shutting down and abandoning module UObjectPlugin (86)
[2017.05.01-21.20.12:443][225]LogModuleManager: Shutting down and abandoning module SubversionSourceControl (85)
[2017.05.01-21.20.12:443][225]LogModuleManager: Shutting down and abandoning module SourceControl (84)
[2017.05.01-21.20.12:443][225]LogModuleManager: Shutting down and abandoning module PerforceSourceControl (83)
[2017.05.01-21.20.12:443][225]LogModuleManager: Shutting down and abandoning module UdpMessaging (82)
[2017.05.01-21.20.12:544][225]LogModuleManager: Shutting down and abandoning module TcpMessaging (81)
[2017.05.01-21.20.12:930][225]LogModuleManager: Shutting down and abandoning module LightPropagationVolumeRuntime (80)
[2017.05.01-21.20.12:930][225]LogModuleManager: Shutting down and abandoning module Paper2D (79)
[2017.05.01-21.20.12:930][225]LogModuleManager: Shutting down and abandoning module WindowsMoviePlayer (78)
[2017.05.01-21.20.12:930][225]LogModuleManager: Shutting down and abandoning module WmfMedia (77)
[2017.05.01-21.20.12:930][225]LogModuleManager: Shutting down and abandoning module MediaAssets (76)
[2017.05.01-21.20.12:930][225]LogModuleManager: Shutting down and abandoning module GameLiveStreaming (75)
[2017.05.01-21.20.12:930][225]LogModuleManager: Shutting down and abandoning module GameplayTagsEditor (74)
[2017.05.01-21.20.12:930][225]LogModuleManager: Shutting down and abandoning module VREditor (73)
[2017.05.01-21.20.12:930][225]LogModuleManager: Shutting down and abandoning module GameplayTasksEditor (72)
[2017.05.01-21.20.12:930][225]LogModuleManager: Shutting down and abandoning module BehaviorTreeEditor (71)
[2017.05.01-21.20.12:930][225]LogModuleManager: Shutting down and abandoning module FunctionalTesting (70)
[2017.05.01-21.20.12:930][225]LogModuleManager: Shutting down and abandoning module CollisionAnalyzer (69)
[2017.05.01-21.20.12:930][225]LogModuleManager: Shutting down and abandoning module Sequencer (68)
[2017.05.01-21.20.12:930][225]LogModuleManager: Shutting down and abandoning module WorkspaceMenuStructure (67)
[2017.05.01-21.20.12:930][225]LogModuleManager: Shutting down and abandoning module MessageLog (66)
[2017.05.01-21.20.12:930][225]LogModuleManager: Shutting down and abandoning module AssetTools (65)
[2017.05.01-21.20.12:930][225]LogModuleManager: Shutting down and abandoning module UMGEditor (64)
[2017.05.01-21.20.12:930][225]LogModuleManager: Shutting down and abandoning module UMG (63)
[2017.05.01-21.20.12:930][225]LogModuleManager: Shutting down and abandoning module SlateReflector (62)
[2017.05.01-21.20.12:930][225]LogModuleManager: Shutting down and abandoning module Slate (61)
[2017.05.01-21.20.12:930][225]LogModuleManager: Shutting down and abandoning module EditorStyle (60)
[2017.05.01-21.20.12:933][225]LogModuleManager: Shutting down and abandoning module Messaging (59)
[2017.05.01-21.20.12:933][225]LogModuleManager: Shutting down and abandoning module SourceCodeAccess (58)
[2017.05.01-21.20.12:933][225]LogModuleManager: Shutting down and abandoning module HeadMountedDisplay (57)
[2017.05.01-21.20.12:933][225]LogModuleManager: Shutting down and abandoning module XAudio2 (56)
[2017.05.01-21.20.12:933][225]LogModuleManager: Shutting down and abandoning module Networking (54)
[2017.05.01-21.20.12:933][225]LogModuleManager: Shutting down and abandoning module Core (53)
[2017.05.01-21.20.12:933][225]LogModuleManager: Shutting down and abandoning module KismetCompiler (52)
[2017.05.01-21.20.12:933][225]LogModuleManager: Shutting down and abandoning module PhysXFormats (51)
[2017.05.01-21.20.12:933][225]LogModuleManager: Shutting down and abandoning module SimplygonSwarm (50)
[2017.05.01-21.20.12:933][225]LogModuleManager: Shutting down and abandoning module SimplygonMeshReduction (49)
[2017.05.01-21.20.12:933][225]LogModuleManager: Shutting down and abandoning module QuadricMeshReduction (48)
[2017.05.01-21.20.12:933][225]LogModuleManager: Shutting down and abandoning module PropertyEditor (47)
[2017.05.01-21.20.12:933][225]LogModuleManager: Shutting down and abandoning module MeshUtilities (46)
[2017.05.01-21.20.12:933][225]LogModuleManager: Shutting down and abandoning module AssetRegistry (45)
[2017.05.01-21.20.12:933][225]LogModuleManager: Shutting down and abandoning module DerivedDataCache (44)
[2017.05.01-21.20.13:426][225]LogDerivedDataCache: Shutdown
[2017.05.01-21.20.13:426][225]LogModuleManager: Shutting down and abandoning module VulkanShaderFormat (43)
[2017.05.01-21.20.13:426][225]LogModuleManager: Shutting down and abandoning module ShaderFormatOpenGL (42)
[2017.05.01-21.20.13:426][225]LogModuleManager: Shutting down and abandoning module ShaderFormatD3D (41)
[2017.05.01-21.20.13:426][225]LogModuleManager: Shutting down and abandoning module MetalShaderFormat (40)
[2017.05.01-21.20.13:426][225]LogModuleManager: Shutting down and abandoning module TextureFormatUncompressed (39)
[2017.05.01-21.20.13:426][225]LogModuleManager: Shutting down and abandoning module TextureFormatPVR (38)
[2017.05.01-21.20.13:426][225]LogModuleManager: Shutting down and abandoning module TextureFormatDXT (37)
[2017.05.01-21.20.13:426][225]LogModuleManager: Shutting down and abandoning module TextureFormatIntelISPCTexComp (36)
[2017.05.01-21.20.13:426][225]LogModuleManager: Shutting down and abandoning module ImageWrapper (35)
[2017.05.01-21.20.13:426][225]LogModuleManager: Shutting down and abandoning module TextureFormatASTC (34)
[2017.05.01-21.20.13:426][225]LogModuleManager: Shutting down and abandoning module TextureFormatAndroid (33)
[2017.05.01-21.20.13:426][225]LogModuleManager: Shutting down and abandoning module AudioFormatOpus (32)
[2017.05.01-21.20.13:426][225]LogModuleManager: Shutting down and abandoning module AudioFormatOgg (31)
[2017.05.01-21.20.13:426][225]LogModuleManager: Shutting down and abandoning module AudioFormatADPCM (30)
[2017.05.01-21.20.13:426][225]LogModuleManager: Shutting down and abandoning module WindowsTargetPlatform (29)
[2017.05.01-21.20.13:426][225]LogModuleManager: Shutting down and abandoning module WindowsServerTargetPlatform (28)
[2017.05.01-21.20.13:426][225]LogModuleManager: Shutting down and abandoning module WindowsNoEditorTargetPlatform (27)
[2017.05.01-21.20.13:426][225]LogModuleManager: Shutting down and abandoning module WindowsClientTargetPlatform (26)
[2017.05.01-21.20.13:426][225]LogModuleManager: Shutting down and abandoning module TargetPlatform (25)
[2017.05.01-21.20.13:426][225]LogModuleManager: Shutting down and abandoning module InputCore (24)
[2017.05.01-21.20.13:426][225]LogModuleManager: Shutting down and abandoning module Settings (23)
[2017.05.01-21.20.13:426][225]LogModuleManager: Shutting down and abandoning module OculusRift (22)
[2017.05.01-21.20.13:426][225]LogModuleManager: Shutting down and abandoning module ExampleDeviceProfileSelector (21)
[2017.05.01-21.20.13:426][225]LogModuleManager: Shutting down and abandoning module OnlineBlueprintSupport (20)
[2017.05.01-21.20.13:426][225]LogModuleManager: Shutting down and abandoning module OnlineSubsystem (18)
[2017.05.01-21.20.13:426][225]LogOnline:Display: Unloading online subsystem: NULL
[2017.05.01-21.20.13:426][225]LogModuleManager: Shutting down and abandoning module SSL (17)
[2017.05.01-21.20.13:428][225]LogModuleManager: Shutting down and abandoning module HTTP (16)
[2017.05.01-21.20.13:428][225]LogModuleManager: Shutting down and abandoning module XMPP (15)
[2017.05.01-21.20.13:429][225]LogModuleManager: Shutting down and abandoning module TextureCompressor (14)
[2017.05.01-21.20.13:429][225]LogModuleManager: Shutting down and abandoning module ShaderCore (13)
[2017.05.01-21.20.13:429][225]LogModuleManager: Shutting down and abandoning module Landscape (12)
[2017.05.01-21.20.13:429][225]LogModuleManager: Shutting down and abandoning module SlateRHIRenderer (11)
[2017.05.01-21.20.13:430][225]LogModuleManager: Shutting down and abandoning module OpenGLDrv (10)
[2017.05.01-21.20.13:430][225]LogModuleManager: Shutting down and abandoning module D3D11RHI (9)
[2017.05.01-21.20.13:430][225]LogModuleManager: Shutting down and abandoning module AnimGraphRuntime (8)
[2017.05.01-21.20.13:430][225]LogModuleManager: Shutting down and abandoning module Renderer (7)
[2017.05.01-21.20.13:430][225]LogModuleManager: Shutting down and abandoning module Engine (6)
[2017.05.01-21.20.13:430][225]LogModuleManager: Shutting down and abandoning module CoreUObject (5)
[2017.05.01-21.20.13:430][225]LogModuleManager: Shutting down and abandoning module NetworkFile (4)
[2017.05.01-21.20.13:430][225]LogModuleManager: Shutting down and abandoning module StreamingFile (3)
[2017.05.01-21.20.13:430][225]LogModuleManager: Shutting down and abandoning module SandboxFile (2)
[2017.05.01-21.20.13:430][225]LogModuleManager: Shutting down and abandoning module PakFile (1)
[2017.05.01-21.20.13:431][225]LogExit: Exiting.
[2017.05.01-21.20.13:433][225]Log file closed, 05/01/17 16:20:13
