Log file open, 04/30/17 00:04:13
LogInit:Display: Running engine for game: Zombie_Tower_Defense
LogPlatformFile: Not using cached read wrapper
LogInit:Display: RandInit(1873453199) SRandInit(1873453199).
LogTaskGraph: Started task graph with 5 named threads and 6 total threads with 1 sets of task threads.
LogStats: Stats thread started at 0.080308
LogPluginManager: Loaded Plugin Paper2D, From E:/2016 Install/UE_4.14/Engine/Plugins/2D/Paper2D/Paper2D.uplugin
LogPluginManager: Loaded Plugin LightPropagationVolume, From E:/2016 Install/UE_4.14/Engine/Plugins/Blendables/LightPropagationVolume/LightPropagationVolume.uplugin
LogPluginManager: Loaded Plugin BlankPlugin, From E:/2016 Install/UE_4.14/Engine/Plugins/Developer/BlankPlugin/BlankPlugin.uplugin
LogPluginManager: Loaded Plugin CodeLiteSourceCodeAccess, From E:/2016 Install/UE_4.14/Engine/Plugins/Developer/CodeLiteSourceCodeAccess/CodeLiteSourceCodeAccess.uplugin
LogPluginManager: Loaded Plugin GitSourceControl, From E:/2016 Install/UE_4.14/Engine/Plugins/Developer/GitSourceControl/GitSourceControl.uplugin
LogPluginManager: Loaded Plugin KDevelopSourceCodeAccess, From E:/2016 Install/UE_4.14/Engine/Plugins/Developer/KDevelopSourceCodeAccess/KDevelopSourceCodeAccess.uplugin
LogPluginManager: Loaded Plugin NullSourceCodeAccess, From E:/2016 Install/UE_4.14/Engine/Plugins/Developer/NullSourceCodeAccess/NullSourceCodeAccess.uplugin
LogPluginManager: Loaded Plugin OneSkyLocalizationService, From E:/2016 Install/UE_4.14/Engine/Plugins/Developer/OneSkyLocalizationService/OneSkyLocalizationService.uplugin
LogPluginManager: Loaded Plugin PerforceSourceControl, From E:/2016 Install/UE_4.14/Engine/Plugins/Developer/PerforceSourceControl/PerforceSourceControl.uplugin
LogPluginManager: Loaded Plugin SubversionSourceControl, From E:/2016 Install/UE_4.14/Engine/Plugins/Developer/SubversionSourceControl/SubversionSourceControl.uplugin
LogPluginManager: Loaded Plugin UObjectPlugin, From E:/2016 Install/UE_4.14/Engine/Plugins/Developer/UObjectPlugin/UObjectPlugin.uplugin
LogPluginManager: Loaded Plugin VisualStudioSourceCodeAccess, From E:/2016 Install/UE_4.14/Engine/Plugins/Developer/VisualStudioSourceCodeAccess/VisualStudioSourceCodeAccess.uplugin
LogPluginManager: Loaded Plugin XCodeSourceCodeAccess, From E:/2016 Install/UE_4.14/Engine/Plugins/Developer/XCodeSourceCodeAccess/XCodeSourceCodeAccess.uplugin
LogPluginManager: Loaded Plugin AudioCapture, From E:/2016 Install/UE_4.14/Engine/Plugins/Editor/AudioCapture/AudioCapture.uplugin
LogPluginManager: Loaded Plugin EpicSurvey, From E:/2016 Install/UE_4.14/Engine/Plugins/Editor/EpicSurvey/EpicSurvey.uplugin
LogPluginManager: Loaded Plugin MacGraphicsSwitching, From E:/2016 Install/UE_4.14/Engine/Plugins/Editor/MacGraphicsSwitching/MacGraphicsSwitching.uplugin
LogPluginManager: Loaded Plugin MobileLauncherProfileWizard, From E:/2016 Install/UE_4.14/Engine/Plugins/Editor/MobileLauncherProfileWizard/MobileLauncherProfileWizard.uplugin
LogPluginManager: Loaded Plugin PluginBrowser, From E:/2016 Install/UE_4.14/Engine/Plugins/Editor/PluginBrowser/PluginBrowser.uplugin
LogPluginManager: Loaded Plugin SpeedTreeImporter, From E:/2016 Install/UE_4.14/Engine/Plugins/Editor/SpeedTreeImporter/SpeedTreeImporter.uplugin
LogPluginManager: Loaded Plugin SuperSearchEditor, From E:/2016 Install/UE_4.14/Engine/Plugins/Editor/SuperSearchEditor/SuperSearchEditor.uplugin
LogPluginManager: Loaded Plugin AlembicImporter, From E:/2016 Install/UE_4.14/Engine/Plugins/Experimental/AlembicImporter/AlembicImporter.uplugin
LogPluginManager: Loaded Plugin BlueprintStats, From E:/2016 Install/UE_4.14/Engine/Plugins/Experimental/BlueprintStats/BlueprintStats.uplugin
LogPluginManager: Loaded Plugin CharacterAI, From E:/2016 Install/UE_4.14/Engine/Plugins/Experimental/CharacterAI/CharacterAI.uplugin
LogPluginManager: Loaded Plugin CodeEditor, From E:/2016 Install/UE_4.14/Engine/Plugins/Experimental/CodeEditor/CodeEditor.uplugin
LogPluginManager: Loaded Plugin CodeView, From E:/2016 Install/UE_4.14/Engine/Plugins/Experimental/CodeView/CodeView.uplugin
LogPluginManager: Loaded Plugin HTML5Networking, From E:/2016 Install/UE_4.14/Engine/Plugins/Experimental/HTML5Networking/HTML5Networking.uplugin
LogPluginManager: Loaded Plugin OSVR, From E:/2016 Install/UE_4.14/Engine/Plugins/Experimental/OSVR/OSVR.uplugin
LogPluginManager: Loaded Plugin Phya, From E:/2016 Install/UE_4.14/Engine/Plugins/Experimental/Phya/Phya.uplugin
LogPluginManager: Loaded Plugin SignificanceManager, From E:/2016 Install/UE_4.14/Engine/Plugins/Experimental/SignificanceManager/SignificanceManager.uplugin
LogPluginManager: Loaded Plugin SimpleHMD, From E:/2016 Install/UE_4.14/Engine/Plugins/Experimental/SimpleHMD/SimpleHMD.uplugin
LogPluginManager: Loaded Plugin StereoPanorama, From E:/2016 Install/UE_4.14/Engine/Plugins/Experimental/StereoPanorama/StereoPanorama.uplugin
LogPluginManager: Loaded Plugin StructBox, From E:/2016 Install/UE_4.14/Engine/Plugins/Experimental/StructBox/StructBox.uplugin
LogPluginManager: Loaded Plugin AndroidMedia, From E:/2016 Install/UE_4.14/Engine/Plugins/Media/AndroidMedia/AndroidMedia.uplugin
LogPluginManager: Loaded Plugin AvfMedia, From E:/2016 Install/UE_4.14/Engine/Plugins/Media/AvfMedia/AvfMedia.uplugin
LogPluginManager: Loaded Plugin MediaPlayerEditor, From E:/2016 Install/UE_4.14/Engine/Plugins/Media/MediaPlayerEditor/MediaPlayerEditor.uplugin
LogPluginManager: Loaded Plugin WmfMedia, From E:/2016 Install/UE_4.14/Engine/Plugins/Media/WmfMedia/WmfMedia.uplugin
LogPluginManager: Loaded Plugin MessagingDebugger, From E:/2016 Install/UE_4.14/Engine/Plugins/Messaging/MessagingDebugger/MessagingDebugger.uplugin
LogPluginManager: Loaded Plugin TcpMessaging, From E:/2016 Install/UE_4.14/Engine/Plugins/Messaging/TcpMessaging/TcpMessaging.uplugin
LogPluginManager: Loaded Plugin UdpMessaging, From E:/2016 Install/UE_4.14/Engine/Plugins/Messaging/UdpMessaging/UdpMessaging.uplugin
LogPluginManager: Loaded Plugin LevelSequenceEditor, From E:/2016 Install/UE_4.14/Engine/Plugins/MovieScene/LevelSequenceEditor/LevelSequenceEditor.uplugin
LogPluginManager: Loaded Plugin MatineeToLevelSequence, From E:/2016 Install/UE_4.14/Engine/Plugins/MovieScene/MatineeToLevelSequence/MatineeToLevelSequence.uplugin
LogPluginManager: Loaded Plugin NetcodeUnitTest, From E:/2016 Install/UE_4.14/Engine/Plugins/NetcodeUnitTest/NetcodeUnitTest/NetcodeUnitTest.uplugin
LogPluginManager: Loaded Plugin NUTUnrealEngine4, From E:/2016 Install/UE_4.14/Engine/Plugins/NetcodeUnitTest/NUTUnrealEngine4/NUTUnrealEngine4.uplugin
LogPluginManager: Loaded Plugin OnlineSubsystemGameCircle, From E:/2016 Install/UE_4.14/Engine/Plugins/Online/Android/OnlineSubsystemGameCircle/OnlineSubsystemGameCircle.uplugin
LogPluginManager: Loaded Plugin OnlineSubsystemGooglePlay, From E:/2016 Install/UE_4.14/Engine/Plugins/Online/Android/OnlineSubsystemGooglePlay/OnlineSubsystemGooglePlay.uplugin
LogPluginManager: Loaded Plugin OnlineSubsystemIOS, From E:/2016 Install/UE_4.14/Engine/Plugins/Online/IOS/OnlineSubsystemIOS/OnlineSubsystemIOS.uplugin
LogPluginManager: Loaded Plugin OnlineFramework, From E:/2016 Install/UE_4.14/Engine/Plugins/Online/OnlineFramework/OnlineFramework.uplugin
LogPluginManager: Loaded Plugin OnlineSubsystem, From E:/2016 Install/UE_4.14/Engine/Plugins/Online/OnlineSubsystem/OnlineSubsystem.uplugin
LogPluginManager: Loaded Plugin OnlineSubsystemAmazon, From E:/2016 Install/UE_4.14/Engine/Plugins/Online/OnlineSubsystemAmazon/OnlineSubsystemAmazon.uplugin
LogPluginManager: Loaded Plugin OnlineSubsystemFacebook, From E:/2016 Install/UE_4.14/Engine/Plugins/Online/OnlineSubsystemFacebook/OnlineSubsystemFacebook.uplugin
LogPluginManager: Loaded Plugin OnlineSubsystemNull, From E:/2016 Install/UE_4.14/Engine/Plugins/Online/OnlineSubsystemNull/OnlineSubsystemNull.uplugin
LogPluginManager: Loaded Plugin OnlineSubsystemOculus, From E:/2016 Install/UE_4.14/Engine/Plugins/Online/OnlineSubsystemOculus/OnlineSubsystemOculus.uplugin
LogPluginManager: Loaded Plugin OnlineSubsystemSteam, From E:/2016 Install/UE_4.14/Engine/Plugins/Online/OnlineSubsystemSteam/OnlineSubsystemSteam.uplugin
LogPluginManager: Loaded Plugin OnlineSubsystemUtils, From E:/2016 Install/UE_4.14/Engine/Plugins/Online/OnlineSubsystemUtils/OnlineSubsystemUtils.uplugin
LogPluginManager: Loaded Plugin IOSTapJoy, From E:/2016 Install/UE_4.14/Engine/Plugins/Runtime/Advertising/IOSTapJoy/IOSTapJoy.uplugin
LogPluginManager: Loaded Plugin AnalyticsBlueprintLibrary, From E:/2016 Install/UE_4.14/Engine/Plugins/Runtime/Analytics/AnalyticsBlueprintLibrary/AnalyticsBlueprintLibrary.uplugin
LogPluginManager: Loaded Plugin AnalyticsMulticast, From E:/2016 Install/UE_4.14/Engine/Plugins/Runtime/Analytics/AnalyticsMulticast/AnalyticsMulticast.uplugin
LogPluginManager: Loaded Plugin Apsalar, From E:/2016 Install/UE_4.14/Engine/Plugins/Runtime/Analytics/Apsalar/Apsalar.uplugin
LogPluginManager: Loaded Plugin FileLogging, From E:/2016 Install/UE_4.14/Engine/Plugins/Runtime/Analytics/FileLogging/FileLogging.uplugin
LogPluginManager: Loaded Plugin Flurry, From E:/2016 Install/UE_4.14/Engine/Plugins/Runtime/Analytics/Flurry/Flurry.uplugin
LogPluginManager: Loaded Plugin AndroidDeviceProfileSelector, From E:/2016 Install/UE_4.14/Engine/Plugins/Runtime/AndroidDeviceProfileSelector/AndroidDeviceProfileSelector.uplugin
LogPluginManager: Loaded Plugin AndroidMoviePlayer, From E:/2016 Install/UE_4.14/Engine/Plugins/Runtime/AndroidMoviePlayer/AndroidMoviePlayer.uplugin
LogPluginManager: Loaded Plugin AppleMoviePlayer, From E:/2016 Install/UE_4.14/Engine/Plugins/Runtime/AppleMoviePlayer/AppleMoviePlayer.uplugin
LogPluginManager: Loaded Plugin ArchVisCharacter, From E:/2016 Install/UE_4.14/Engine/Plugins/Runtime/ArchVisCharacter/ArchVisCharacter.uplugin
LogPluginManager: Loaded Plugin CableComponent, From E:/2016 Install/UE_4.14/Engine/Plugins/Runtime/CableComponent/CableComponent.uplugin
LogPluginManager: Loaded Plugin CustomMeshComponent, From E:/2016 Install/UE_4.14/Engine/Plugins/Runtime/CustomMeshComponent/CustomMeshComponent.uplugin
LogPluginManager: Loaded Plugin ExampleDeviceProfileSelector, From E:/2016 Install/UE_4.14/Engine/Plugins/Runtime/ExampleDeviceProfileSelector/ExampleDeviceProfileSelector.uplugin
LogPluginManager: Loaded Plugin GearVR, From E:/2016 Install/UE_4.14/Engine/Plugins/Runtime/GearVR/GearVR.uplugin
LogPluginManager: Loaded Plugin GoogleVRController, From E:/2016 Install/UE_4.14/Engine/Plugins/Runtime/GoogleVR/GoogleVRController/GoogleVRController.uplugin
LogPluginManager: Loaded Plugin GoogleVRHMD, From E:/2016 Install/UE_4.14/Engine/Plugins/Runtime/GoogleVR/GoogleVRHMD/GoogleVRHMD.uplugin
LogPluginManager: Loaded Plugin IOSDeviceProfileSelector, From E:/2016 Install/UE_4.14/Engine/Plugins/Runtime/IOSDeviceProfileSelector/IOSDeviceProfileSelector.uplugin
LogPluginManager: Loaded Plugin LeapMotion, From E:/2016 Install/UE_4.14/Engine/Plugins/Runtime/LeapMotion/LeapMotion.uplugin
LogPluginManager: Loaded Plugin LinuxDeviceProfileSelector, From E:/2016 Install/UE_4.14/Engine/Plugins/Runtime/LinuxDeviceProfileSelector/LinuxDeviceProfileSelector.uplugin
LogPluginManager: Loaded Plugin MIDIDevice, From E:/2016 Install/UE_4.14/Engine/Plugins/Runtime/MIDIDevice/MIDIDevice.uplugin
LogPluginManager: Loaded Plugin MobilePatchingUtils, From E:/2016 Install/UE_4.14/Engine/Plugins/Runtime/MobilePatchingUtils/MobilePatchingUtils.uplugin
LogPluginManager: Loaded Plugin Ansel, From E:/2016 Install/UE_4.14/Engine/Plugins/Runtime/Nvidia/Ansel/Ansel.uplugin
LogPluginManager: Loaded Plugin OculusAudio, From E:/2016 Install/UE_4.14/Engine/Plugins/Runtime/OculusAudio/OculusAudio.uplugin
LogPluginManager: Loaded Plugin OculusInput, From E:/2016 Install/UE_4.14/Engine/Plugins/Runtime/OculusInput/OculusInput.uplugin
LogPluginManager: Loaded Plugin OculusLibrary, From E:/2016 Install/UE_4.14/Engine/Plugins/Runtime/OculusLibrary/OculusLibrary.uplugin
LogPluginManager: Loaded Plugin OculusRift, From E:/2016 Install/UE_4.14/Engine/Plugins/Runtime/OculusRift/OculusRift.uplugin
LogPluginManager: Loaded Plugin Oodle, From E:/2016 Install/UE_4.14/Engine/Plugins/Runtime/PacketHandlers/CompressionComponents/Oodle/Oodle.uplugin
LogPluginManager: Loaded Plugin ProceduralMeshComponent, From E:/2016 Install/UE_4.14/Engine/Plugins/Runtime/ProceduralMeshComponent/ProceduralMeshComponent.uplugin
LogPluginManager: Loaded Plugin SoundMod, From E:/2016 Install/UE_4.14/Engine/Plugins/Runtime/SoundMod/SoundMod.uplugin
LogPluginManager: Loaded Plugin SoundVisualizations, From E:/2016 Install/UE_4.14/Engine/Plugins/Runtime/SoundVisualizations/SoundVisualizations.uplugin
LogPluginManager: Loaded Plugin SteamController, From E:/2016 Install/UE_4.14/Engine/Plugins/Runtime/Steam/SteamController/SteamController.uplugin
LogPluginManager: Loaded Plugin SteamVR, From E:/2016 Install/UE_4.14/Engine/Plugins/Runtime/Steam/SteamVR/SteamVR.uplugin
LogPluginManager: Loaded Plugin WebBrowserWidget, From E:/2016 Install/UE_4.14/Engine/Plugins/Runtime/WebBrowserWidget/WebBrowserWidget.uplugin
LogPluginManager: Loaded Plugin WindowsDeviceProfileSelector, From E:/2016 Install/UE_4.14/Engine/Plugins/Runtime/WindowsDeviceProfileSelector/WindowsDeviceProfileSelector.uplugin
LogPluginManager: Loaded Plugin WindowsMoviePlayer, From E:/2016 Install/UE_4.14/Engine/Plugins/Runtime/WindowsMoviePlayer/WindowsMoviePlayer.uplugin
LogPluginManager: Loaded Plugin ScriptPlugin, From E:/2016 Install/UE_4.14/Engine/Plugins/ScriptPlugin/ScriptPlugin.uplugin
LogPluginManager: Loaded Plugin SlateRemote, From E:/2016 Install/UE_4.14/Engine/Plugins/Slate/SlateRemote/SlateRemote.uplugin
LogPluginManager: Loaded Plugin EditorTests, From E:/2016 Install/UE_4.14/Engine/Plugins/Tests/EditorTests/EditorTests.uplugin
LogPluginManager: Loaded Plugin FbxAutomationTestBuilder, From E:/2016 Install/UE_4.14/Engine/Plugins/Tests/FbxAutomationTestBuilder/FbxAutomationTestBuilder.uplugin
LogPluginManager: Loaded Plugin FunctionalTestingEditor, From E:/2016 Install/UE_4.14/Engine/Plugins/Tests/FunctionalTestingEditor/FunctionalTestingEditor.uplugin
LogPluginManager: Loaded Plugin RuntimeTests, From E:/2016 Install/UE_4.14/Engine/Plugins/Tests/RuntimeTests/RuntimeTests.uplugin
LogPluginManager: Loaded Plugin ScreenshotTools, From E:/2016 Install/UE_4.14/Engine/Plugins/Tests/ScreenshotTools/ScreenshotTools.uplugin
LogInit: Using libcurl 7.47.1
LogInit:  - built for x86_64-pc-win32
LogInit:  - supports SSL with OpenSSL/1.0.2g
LogInit:  - supports HTTP deflate (compression) using libz 1.2.8
LogInit:  - other features:
LogInit:      CURL_VERSION_SSL
LogInit:      CURL_VERSION_LIBZ
LogInit:      CURL_VERSION_IPV6
LogInit:      CURL_VERSION_ASYNCHDNS
LogInit:      CURL_VERSION_LARGEFILE
LogInit:      CURL_VERSION_IDN
LogInit:  CurlRequestOptions (configurable via config and command line):
LogInit:  - bVerifyPeer = false  - Libcurl will NOT verify peer certificate
LogInit:  - bUseHttpProxy = false  - Libcurl will NOT use HTTP proxy
LogInit:  - bDontReuseConnections = false  - Libcurl will reuse connections
LogInit:  - CertBundlePath = nullptr  - Libcurl will use whatever was configured at build time.
LogInit: Build: ++UE4+Release-4.14-CL-3249277
LogInit: Engine Version: 4.14.3-3249277+++UE4+Release-4.14
LogInit: Compatible Engine Version: 4.14.0-3195953+++UE4+Release-4.14
LogInit: Net CL: 3195953
LogDevObjectVersion: Number of dev versions registered: 13
LogDevObjectVersion:   Dev-Blueprints (B0D832E4-1F89-4F0D-ACCF-7EB736FD4AA2): 7
LogDevObjectVersion:   Dev-Build (E1C64328-A22C-4D53-A36C-8E866417BD8C): 0
LogDevObjectVersion:   Dev-Core (375EC13C-06E4-48FB-B500-84F0262A717E): 1
LogDevObjectVersion:   Dev-Editor (E4B068ED-F494-42E9-A231-DA0B2E46BB41): 8
LogDevObjectVersion:   Dev-Framework (CFFC743F-43B0-4480-9391-14DF171D2073): 17
LogDevObjectVersion:   Dev-Mobile (B02B49B5-BB20-44E9-A304-32B752E40360): 0
LogDevObjectVersion:   Dev-Networking (A4E4105C-59A1-49B5-A7C5-40C4547EDFEE): 0
LogDevObjectVersion:   Dev-Online (39C831C9-5AE6-47DC-9A44-9C173E1C8E7C): 0
LogDevObjectVersion:   Dev-Physics (78F01B33-EBEA-4F98-B9B4-84EACCB95AA2): 0
LogDevObjectVersion:   Dev-Platform (6631380F-2D4D-43E0-8009-CF276956A95A): 0
LogDevObjectVersion:   Dev-Rendering (12F88B9F-8875-4AFC-A67C-D90C383ABD29): 12
LogDevObjectVersion:   Dev-Sequencer (7B5AE74C-D270-4C10-A958-57980B212A5A): 1
LogDevObjectVersion:   Dev-VR (D7296918-1DD6-4BDD-9DE2-64A83CC13884): 0
LogInit: Compiled (64-bit): Jan  6 2017 10:49:43
LogInit: Compiled with Visual C++: 19.00.23026.00
LogInit: Build Configuration: Development
LogInit: Branch Name: ++UE4+Release-4.14
LogInit: Command line:  /Temp/Autosaves/Game/ZTD_Blueprint/Maps/UEDPCMenu_Main -game -PIEVIACONSOLE -ResX=1280 -ResY=720  -Multiprocess -messaging -SessionName="Play in Standalone Game" -windowed 
LogInit: Base directory: E:/2016 Install/UE_4.14/Engine/Binaries/Win64/
LogInit: Installed Engine Build: 1
LogInit: Presizing for max 8388607 objects, including 0 objects not considered by GC, pre-allocating 0 bytes for permanent pool.
LogInit: Object subsystem initialized
[2017.04.30-05.04.13:695][  0]LogInit: Selected Device Profile: [Windows]
[2017.04.30-05.04.13:695][  0]LogInit: Applying CVar settings loaded from the selected device profile: [Windows]
[2017.04.30-05.04.13:710][  0]LogInit: Computer: NIARAII
[2017.04.30-05.04.13:710][  0]LogInit: User: Jonathan
[2017.04.30-05.04.13:710][  0]LogInit: CPU Page size=65536, Cores=2
[2017.04.30-05.04.13:710][  0]LogInit: High frequency timer resolution =3.025615 MHz
[2017.04.30-05.04.13:710][  0]LogMemory: Memory total: Physical=7.9GB (8GB approx)
[2017.04.30-05.04.13:710][  0]LogMemory: Platform Memory Stats for Windows
[2017.04.30-05.04.13:710][  0]LogMemory: Process Physical Memory: 265.00 MB used, 265.00 MB peak
[2017.04.30-05.04.13:710][  0]LogMemory: Process Virtual Memory: 264.94 MB used, 264.94 MB peak
[2017.04.30-05.04.13:710][  0]LogMemory: Physical Memory: 7247.34 MB used,  879.81 MB free, 8127.16 MB total
[2017.04.30-05.04.13:710][  0]LogMemory: Virtual Memory: 675.91 MB used,  879.81 MB free, 8388608.00 MB total
[2017.04.30-05.04.13:754][  0]LogTextLocalizationManager: No specific translations for ('en-US') exist, so ('en') translations will be used.
[2017.04.30-05.04.14:318][  0]LogD3D11RHI: D3D11 adapters:
[2017.04.30-05.04.14:327][  0]LogD3D11RHI:    0. 'AMD Radeon R7 200 Series' (Feature Level 11_0)
[2017.04.30-05.04.14:327][  0]LogD3D11RHI:       2026/0/3807 MB DedicatedVideo/DedicatedSystem/SharedSystem, Outputs:2, VendorId:0x1002
[2017.04.30-05.04.14:327][  0]LogD3D11RHI: Chosen D3D11 Adapter: 0
[2017.04.30-05.04.14:332][  0]LogD3D11RHI: Creating new Direct3DDevice
[2017.04.30-05.04.14:332][  0]LogD3D11RHI:     GPU DeviceId: 0x683d (for the marketing name, search the web for "GPU Device Id")
[2017.04.30-05.04.14:332][  0]LogWindows: EnumDisplayDevices:
[2017.04.30-05.04.14:332][  0]LogWindows:    0. 'AMD Radeon R7 200 Series' (P:0 D:1)
[2017.04.30-05.04.14:332][  0]LogWindows:    1. 'AMD Radeon R7 200 Series' (P:1 D:1)
[2017.04.30-05.04.14:332][  0]LogWindows:    2. 'AMD Radeon R7 200 Series' (P:0 D:0)
[2017.04.30-05.04.14:333][  0]LogWindows:    3. 'AMD Radeon R7 200 Series' (P:0 D:0)
[2017.04.30-05.04.14:333][  0]LogWindows:    4. 'AMD Radeon R7 200 Series' (P:0 D:0)
[2017.04.30-05.04.14:333][  0]LogWindows:    5. 'AMD Radeon R7 200 Series' (P:0 D:0)
[2017.04.30-05.04.14:333][  0]LogWindows:    6. 'RDPDD Chained DD' (P:0 D:0)
[2017.04.30-05.04.14:333][  0]LogWindows:    7. 'RDP Encoder Mirror Driver' (P:0 D:0)
[2017.04.30-05.04.14:333][  0]LogWindows:    8. 'RDP Reflector Display Driver' (P:0 D:0)
[2017.04.30-05.04.14:333][  0]LogWindows: DebugString: GetVideoDriverDetailsInvalid PrimaryIsNotTheChoosenAdapter GetVideoDriverDetailsInvalid PrimaryIsNotTheChoosenAdapter GetVideoDriverDetailsInvalid PrimaryIsNotTheChoosenAdapter FoundDriverCount:6 
[2017.04.30-05.04.14:333][  0]LogD3D11RHI:     Adapter Name: AMD Radeon R7 200 Series
[2017.04.30-05.04.14:333][  0]LogD3D11RHI:   Driver Version: Crimson ReLive 17.2.1 (internal:21.19.519.2, unified:21.19.519.2)
[2017.04.30-05.04.14:333][  0]LogD3D11RHI:      Driver Date: 2-10-2017
[2017.04.30-05.04.14:333][  0]LogRHI: Texture pool is 1361 MB (70% of 1945 MB)
[2017.04.30-05.04.14:341][  0]LogD3D11RHI: Async texture creation enabled
[2017.04.30-05.04.14:350][  0]LogD3D11RHI: GPU Timing Frequency: 27.000000 (Debug: 2 1)
[2017.04.30-05.04.14:350][  0]LogShaderCompilers: Guid format shader working directory is 15 characters bigger than the processId version (../../../../../Zombie_TowerDefense/Intermediate/Shaders/WorkingDirectory/3488/).
[2017.04.30-05.04.14:350][  0]LogShaderCompilers: Cleaned the shader compiler working directory 'C:/Users/Jonathan/AppData/Local/Temp/UnrealShaderWorkingDir/322C39AE47B266FC1BFFD3B2D9EC4C43/'.
[2017.04.30-05.04.14:350][  0]LogShaderCompilers:Display: Using Local Shader Compiler.
[2017.04.30-05.04.15:653][  0]LogTemp:Display: Loaded TP WindowsClientTargetPlatform
[2017.04.30-05.04.15:694][  0]LogTemp:Display: Loaded TP WindowsNoEditorTargetPlatform
[2017.04.30-05.04.15:736][  0]LogTemp:Display: Loaded TP WindowsServerTargetPlatform
[2017.04.30-05.04.15:768][  0]LogTemp:Display: Loaded TP WindowsTargetPlatform
[2017.04.30-05.04.15:768][  0]LogTargetPlatformManager:Display: Building Assets For Windows
[2017.04.30-05.04.16:009][  0]LogDerivedDataCache:Display: Max Cache Size: 512 MB
[2017.04.30-05.04.16:060][  0]LogDerivedDataCache: Loaded boot cache 0.05s 50MB C:/Users/Jonathan/AppData/Local/UnrealEngine/4.14/DerivedDataCache/Boot.ddc.
[2017.04.30-05.04.16:060][  0]LogDerivedDataCache:Display: Loaded Boot cache: C:/Users/Jonathan/AppData/Local/UnrealEngine/4.14/DerivedDataCache/Boot.ddc
[2017.04.30-05.04.16:060][  0]LogDerivedDataCache: FDerivedDataBackendGraph:  Pak pak cache file ../../../../../Zombie_TowerDefense/DerivedDataCache/DDC.ddp not found, will not use a pak cache.
[2017.04.30-05.04.16:060][  0]LogDerivedDataCache: Unable to find inner node Pak for hierarchical cache Hierarchy.
[2017.04.30-05.04.16:060][  0]LogDerivedDataCache: FDerivedDataBackendGraph:  CompressedPak pak cache file ../../../../../Zombie_TowerDefense/DerivedDataCache/Compressed.ddp not found, will not use a pak cache.
[2017.04.30-05.04.16:060][  0]LogDerivedDataCache: Unable to find inner node CompressedPak for hierarchical cache Hierarchy.
[2017.04.30-05.04.16:078][  0]LogDerivedDataCache:Display: Pak cache opened for reading ../../../Engine/DerivedDataCache/Compressed.ddp.
[2017.04.30-05.04.16:089][  0]LogDerivedDataCache: Using Local data cache path C:/Users/Jonathan/AppData/Local/UnrealEngine/Common/DerivedDataCache: Writable
[2017.04.30-05.04.16:269][  0]LogAssetRegistry: FAssetRegistry took 0.0001 seconds to start up
[2017.04.30-05.04.16:275][  0]LogPackageLocalizationCache: Processed 3 localized package path(s) for 2 prioritized culture(s) in 0.005780 seconds
[2017.04.30-05.04.16:292][  0]LogInit: Selected Device Profile: [Windows]
[2017.04.30-05.04.16:296][  0]LogContentStreaming: Texture pool size is 1000.00 MB
[2017.04.30-05.04.16:470][  0]LogMeshUtilities: Using QuadricMeshReduction for automatic static mesh reduction
[2017.04.30-05.04.16:499][  0]LogSimplygon: Simplygon DLL not present - disabling.
[2017.04.30-05.04.16:530][  0]LogMeshUtilities: Using SimplygonSwarm for distributed automatic mesh merging
[2017.04.30-05.04.16:530][  0]LogMeshUtilities: No automatic skeletal mesh reduction module available
[2017.04.30-05.04.16:530][  0]LogMeshUtilities: No automatic mesh merging module available
[2017.04.30-05.04.16:962][  0]LogNetVersion: GetLocalNetworkVersion: CL: 3195953, ProjectName: zombie_tower_defense, ProjectVersion: , EngineNetworkVersion: 2, GameNetworkVersion: 0, NetworkChecksum: 2528811943
[2017.04.30-05.04.17:009][  0]LogInit: WinSock: version 1.1 (2.2), MaxSocks=32767, MaxUdp=65467
[2017.04.30-05.04.17:494][  0]LogSlate: Using Freetype 2.6.0
[2017.04.30-05.04.17:495][  0]LogSlate: SlateFontCache - WITH_FREETYPE: 1, WITH_HARFBUZZ: 1
[2017.04.30-05.04.17:495][  0]LogSlate: SlateFontCache - WITH_FREETYPE: 1, WITH_HARFBUZZ: 1
[2017.04.30-05.04.17:586][  0]LogMoviePlayer: Initializing movie player
[2017.04.30-05.04.17:692][  0]LogWindowsMoviePlayer: Unable to load movie: ../../../../../Zombie_TowerDefense/Content/Movies/Default_Startup.mp4
[2017.04.30-05.04.17:816][  0]LogTcpMessaging: Initializing TcpMessaging bridge
[2017.04.30-05.04.17:843][  0]LogUdpMessaging: Initializing bridge on interface 0.0.0.0:0 to multicast group 230.0.0.1:6666.
[2017.04.30-05.04.17:950][  0]SourceControl: Info Source control is disabled
[2017.04.30-05.04.17:950][  0]SourceControl: Info Source control is disabled
[2017.04.30-05.04.17:988][  0]SourceControl: Info Source control is disabled
[2017.04.30-05.04.18:454][  0]LogUObjectArray: 33496 objects as part of root set at end of initial load.
[2017.04.30-05.04.18:454][  0]LogUObjectAllocator: 7417784 out of 0 bytes used by permanent object pool.
[2017.04.30-05.04.18:454][  0]LogUObjectArray: CloseDisregardForGC: 0/0 objects in disregard for GC pool
[2017.04.30-05.04.18:537][  0]LogEngine: Initializing Engine...
[2017.04.30-05.04.18:538][  0]LogHMD: Failed to initialize OpenVR with code 110
[2017.04.30-05.04.18:680][  0]LogInit: XAudio2 using 'Speakers (Realtek High Definition Audio)' : 2 channels at 48 kHz using 32 bits per sample (channel mask 0x3)
[2017.04.30-05.04.18:689][  0]LogInit: FAudioDevice initialized.
[2017.04.30-05.04.18:704][  0]LogInit: Texture streaming: Enabled
[2017.04.30-05.04.18:718][  0]LogMaterial: Uniform references updated for custom material expression Custom.
[2017.04.30-05.04.18:973][  0]LogInit:Display: Game Engine Initialized.
[2017.04.30-05.04.19:070][  0]LogInit:Display: Starting Game.
[2017.04.30-05.04.19:070][  0]LogNet: Browse: /Temp/Autosaves/Game/ZTD_Blueprint/Maps/UEDPCMenu_Main?Name=Player
[2017.04.30-05.04.19:070][  0]LogLoad: LoadMap: /Temp/Autosaves/Game/ZTD_Blueprint/Maps/UEDPCMenu_Main?Name=Player
[2017.04.30-05.04.19:098][  0]LogMemory: Platform Memory Stats for Windows
[2017.04.30-05.04.19:098][  0]LogMemory: Process Physical Memory: 624.97 MB used, 649.38 MB peak
[2017.04.30-05.04.19:098][  0]LogMemory: Process Virtual Memory: 599.59 MB used, 633.49 MB peak
[2017.04.30-05.04.19:098][  0]LogMemory: Physical Memory: 7536.36 MB used,  590.80 MB free, 8127.16 MB total
[2017.04.30-05.04.19:098][  0]LogMemory: Virtual Memory: 1215.74 MB used,  590.80 MB free, 8388608.00 MB total
[2017.04.30-05.04.19:098][  0]LogMemory: 
[2017.04.30-05.04.19:098][  0]Allocator Stats for TBB: (not implemented)
[2017.04.30-05.04.20:043][  0]LogAIModule: Creating AISystem for world Menu_Main
[2017.04.30-05.04.20:044][  0]LogLoad: Game class is 'ZTD_MainMenu_Mode_C'
[2017.04.30-05.04.20:045][  0]LogWorld: Bringing World /Temp/Autosaves/Game/ZTD_Blueprint/Maps/UEDPCMenu_Main.Menu_Main up for play (max tick rate 0) at 2017.04.30-00.04.20
[2017.04.30-05.04.20:045][  0]LogWorld: Bringing up level for play took: 0.000679
[2017.04.30-05.04.20:046][  0]t.MaxFPS = "62"
[2017.04.30-05.04.20:048][  0]LogLoad: Took 0.977886 seconds to LoadMap(/Temp/Autosaves/Game/ZTD_Blueprint/Maps/UEDPCMenu_Main)
[2017.04.30-05.04.20:352][  0]LogLoad: (Engine Initialization) Total time: 8.63 seconds
[2017.04.30-05.04.20:352][  0]LogLoad: (Engine Initialization) Total Blueprint compile time: 0.47 seconds
[2017.04.30-05.04.20:352][  0]LogExternalProfiler: No external profilers were discovered.  External profiling features will not be available.
[2017.04.30-05.04.20:370][  0]LogOcInput: OculusInput pre-init called
[2017.04.30-05.04.20:490][  2]LogRenderer: Reallocating scene render targets to support 1280x720 NumSamples 1 (Frame:2).
[2017.04.30-05.04.22:728][113]LogPackageName: SearchForPackageOnDisk took   0.078s to resolve MapB.umap.
[2017.04.30-05.04.22:788][113]LogPackageName: SearchForPackageOnDisk took   0.060s to resolve MapB.umap.
[2017.04.30-05.04.22:788][113]LogNet: Browse: /Game/ZTD_Blueprint/Maps/MapB
[2017.04.30-05.04.22:788][113]LogLoad: LoadMap: /Game/ZTD_Blueprint/Maps/MapB
[2017.04.30-05.04.22:843][113]LogMemory: Platform Memory Stats for Windows
[2017.04.30-05.04.22:843][113]LogMemory: Process Physical Memory: 726.43 MB used, 727.95 MB peak
[2017.04.30-05.04.22:843][113]LogMemory: Process Virtual Memory: 681.52 MB used, 689.34 MB peak
[2017.04.30-05.04.22:843][113]LogMemory: Physical Memory: 7631.81 MB used,  495.34 MB free, 8127.16 MB total
[2017.04.30-05.04.22:843][113]LogMemory: Virtual Memory: 1300.82 MB used,  495.34 MB free, 8388608.00 MB total
[2017.04.30-05.04.22:843][113]LogMemory: 
[2017.04.30-05.04.22:843][113]Allocator Stats for TBB: (not implemented)
[2017.04.30-05.04.24:070][113]LogAIModule: Creating AISystem for world MapB
[2017.04.30-05.04.24:070][113]LogLoad: Game class is 'ZTD_GameMode_C'
[2017.04.30-05.04.24:138][113]LogWorld: Bringing World /Game/ZTD_Blueprint/Maps/MapB.MapB up for play (max tick rate 62) at 2017.04.30-00.04.24
[2017.04.30-05.04.24:139][113]LogWorld: Bringing up level for play took: 0.068190
[2017.04.30-05.04.24:146][113]LogLoad: Took 1.358374 seconds to LoadMap(/Game/ZTD_Blueprint/Maps/MapB)
[2017.04.30-05.04.24:200][114]LogCharacterMovement:Warning: GetSimulationTimeStep() - Max iterations 8 hit while remaining time 0.089333 > MaxSimulationTimeStep (0.050) for 'Player_Character_C_0', movement 'Walking'
[2017.04.30-05.04.31:188][205]LogBlueprintUserMessages: [ZTD_GameMode_C_0] SpawningZombie
[2017.04.30-05.04.34:198][239]LogConsoleManager:Warning: Setting the console variable 't.MaxFPS' with 'SetByGameSetting' was ignored as it is lower priority than the previous 'SetByConsole'
[2017.04.30-05.04.34:697][239]LogConsoleResponse:Display: 
[2017.04.30-05.04.34:697][239]LogScript:Warning: Accessed None trying to read property CallFunc_GetGameUserSettings_ReturnValue2
	OptionsMenu_C /Engine/Transient.GameEngine_0:ZTD_Instance_C_0.OptionsMenu_C_0
	Function /Game/ZTD_Blueprint/Blueprints/Menu/OptionsMenu.OptionsMenu_C:ExecuteUbergraph_OptionsMenu:0039
[2017.04.30-05.04.34:697][239]LogScript:Warning: Script call stack:
	Function /Game/ZTD_Blueprint/Blueprints/Menu/OptionsMenu.OptionsMenu_C:BndEvt__Button_542_K2Node_ComponentBoundEvent_597_OnButtonClickedEvent__DelegateSignature
	Function /Game/ZTD_Blueprint/Blueprints/Menu/OptionsMenu.OptionsMenu_C:ExecuteUbergraph_OptionsMenu

[2017.04.30-05.04.34:697][239]LogScript:Warning: Accessed None trying to read property CallFunc_GetGameUserSettings_ReturnValue
	OptionsMenu_C /Engine/Transient.GameEngine_0:ZTD_Instance_C_0.OptionsMenu_C_0
	Function /Game/ZTD_Blueprint/Blueprints/Menu/OptionsMenu.OptionsMenu_C:ExecuteUbergraph_OptionsMenu:005E
[2017.04.30-05.04.34:697][239]LogScript:Warning: Script call stack:
	Function /Game/ZTD_Blueprint/Blueprints/Menu/OptionsMenu.OptionsMenu_C:BndEvt__Button_542_K2Node_ComponentBoundEvent_597_OnButtonClickedEvent__DelegateSignature
	Function /Game/ZTD_Blueprint/Blueprints/Menu/OptionsMenu.OptionsMenu_C:ExecuteUbergraph_OptionsMenu

[2017.04.30-05.04.34:698][239]LogContentStreaming: Texture pool size now 400 MB
[2017.04.30-05.04.34:706][241]LogRenderer: Reallocating scene render targets to support 640x360 NumSamples 1 (Frame:243).
[2017.04.30-05.04.36:357][341]LogBlueprintUserMessages: [ZTD_GameMode_C_0] SpawningZombie
[2017.04.30-05.04.36:793][368]LogBlueprintUserMessages: [Player_Controller_C_0] Assault Rifle Selected!
[2017.04.30-05.04.37:358][403]LogBlueprintUserMessages: [ZTD_GameMode_C_0] SpawningZombie
[2017.04.30-05.04.38:358][465]LogBlueprintUserMessages: [ZTD_GameMode_C_0] SpawningZombie
[2017.04.30-05.04.38:731][488]LogBlueprintUserMessages: [Ingame_UI_C_0] Shooting Enabled
[2017.04.30-05.04.39:365][527]LogBlueprintUserMessages: [ZTD_GameMode_C_0] SpawningZombie
[2017.04.30-05.04.39:703][548]LogBlueprintUserMessages: [Player_Controller_C_0] Assault Rifle Selected!
[2017.04.30-05.04.40:372][589]LogBlueprintUserMessages: [ZTD_GameMode_C_0] SpawningZombie
[2017.04.30-05.04.41:382][651]LogBlueprintUserMessages: [ZTD_GameMode_C_0] SpawningZombie
[2017.04.30-05.04.42:383][713]LogBlueprintUserMessages: [ZTD_GameMode_C_0] SpawningZombie
[2017.04.30-05.04.43:384][775]LogBlueprintUserMessages: [ZTD_GameMode_C_0] SpawningZombie
[2017.04.30-05.04.44:392][837]LogBlueprintUserMessages: [ZTD_GameMode_C_0] SpawningZombie
[2017.04.30-05.04.45:402][899]LogBlueprintUserMessages: [ZTD_GameMode_C_0] SpawningZombie
[2017.04.30-05.04.46:405][961]LogBlueprintUserMessages: [ZTD_GameMode_C_0] SpawningZombie
[2017.04.30-05.04.47:410][ 23]LogBlueprintUserMessages: [ZTD_GameMode_C_0] SpawningZombie
[2017.04.30-05.04.48:411][ 85]LogBlueprintUserMessages: [ZTD_GameMode_C_0] SpawningZombie
[2017.04.30-05.04.49:412][147]LogBlueprintUserMessages: [ZTD_GameMode_C_0] SpawningZombie
[2017.04.30-05.04.50:416][209]LogBlueprintUserMessages: [ZTD_GameMode_C_0] SpawningZombie
[2017.04.30-05.04.51:419][271]LogBlueprintUserMessages: [ZTD_GameMode_C_0] SpawningZombie
[2017.04.30-05.04.52:424][333]LogBlueprintUserMessages: [ZTD_GameMode_C_0] SpawningZombie
[2017.04.30-05.04.53:430][395]LogBlueprintUserMessages: [ZTD_GameMode_C_0] SpawningZombie
[2017.04.30-05.04.54:435][457]LogBlueprintUserMessages: [ZTD_GameMode_C_0] SpawningZombie
[2017.04.30-05.04.55:445][519]LogBlueprintUserMessages: [ZTD_GameMode_C_0] SpawningZombie
[2017.04.30-05.04.56:446][581]LogBlueprintUserMessages: [ZTD_GameMode_C_0] SpawningZombie
[2017.04.30-05.04.57:447][643]LogBlueprintUserMessages: [ZTD_GameMode_C_0] SpawningZombie
[2017.04.30-05.04.58:454][705]LogBlueprintUserMessages: [ZTD_GameMode_C_0] SpawningZombie
[2017.04.30-05.04.59:458][767]LogBlueprintUserMessages: [ZTD_GameMode_C_0] SpawningZombie
[2017.04.30-05.05.00:466][829]LogBlueprintUserMessages: [ZTD_GameMode_C_0] SpawningZombie
[2017.04.30-05.05.01:472][891]LogBlueprintUserMessages: [ZTD_GameMode_C_0] SpawningZombie
[2017.04.30-05.05.02:476][953]LogBlueprintUserMessages: [ZTD_GameMode_C_0] SpawningZombie
[2017.04.30-05.05.03:483][ 15]LogBlueprintUserMessages: [ZTD_GameMode_C_0] SpawningZombie
[2017.04.30-05.05.04:485][ 77]LogBlueprintUserMessages: [ZTD_GameMode_C_0] SpawningZombie
[2017.04.30-05.06.02:089][633]LogLongPackageNames:Warning: URL: Main menu: Name may not contain the following characters:  
[2017.04.30-05.06.02:104][634]LogLongPackageNames:Warning: URL: Main menu: Name may not contain the following characters:  
[2017.04.30-05.06.02:104][634]LogNet: Browse: /Game/ZTD_Blueprint/Maps/Menu_Main
[2017.04.30-05.06.02:105][634]LogNet:Warning: Travel Failure: [InvalidURL]: Invalid URL: /Game/ZTD_Blueprint/Maps/Menu_Main
[2017.04.30-05.06.02:105][634]LogNet: TravelFailure: InvalidURL, Reason for Failure: 'Invalid URL: /Game/ZTD_Blueprint/Maps/Menu_Main'
[2017.04.30-05.06.02:105][634]LogNet:Warning: Travel Failure: [ClientTravelFailure]: Invalid URL: /Game/ZTD_Blueprint/Maps/Menu_Main
[2017.04.30-05.06.02:105][634]LogNet: TravelFailure: ClientTravelFailure, Reason for Failure: 'Invalid URL: /Game/ZTD_Blueprint/Maps/Menu_Main'
[2017.04.30-05.06.02:121][635]LogNet: Browse: /Game/ZTD_Blueprint/Maps/Menu_Main?closed
[2017.04.30-05.06.02:121][635]LogNet: Failed; returning to Entry
[2017.04.30-05.06.02:173][635]LogLoad: LoadMap: /Game/ZTD_Blueprint/Maps/Menu_Main?closed
[2017.04.30-05.06.02:229][635]LogMemory: Platform Memory Stats for Windows
[2017.04.30-05.06.02:229][635]LogMemory: Process Physical Memory: 827.54 MB used, 857.27 MB peak
[2017.04.30-05.06.02:229][635]LogMemory: Process Virtual Memory: 780.75 MB used, 819.57 MB peak
[2017.04.30-05.06.02:229][635]LogMemory: Physical Memory: 7762.93 MB used,  364.23 MB free, 8127.16 MB total
[2017.04.30-05.06.02:229][635]LogMemory: Virtual Memory: 1401.64 MB used,  364.23 MB free, 8388608.00 MB total
[2017.04.30-05.06.02:229][635]LogMemory: 
[2017.04.30-05.06.02:229][635]Allocator Stats for TBB: (not implemented)
[2017.04.30-05.06.03:101][635]LogAIModule: Creating AISystem for world Menu_Main
[2017.04.30-05.06.03:101][635]LogLoad: Game class is 'ZTD_MainMenu_Mode_C'
[2017.04.30-05.06.03:102][635]LogWorld: Bringing World /Game/ZTD_Blueprint/Maps/Menu_Main.Menu_Main up for play (max tick rate 62) at 2017.04.30-00.06.03
[2017.04.30-05.06.03:102][635]LogWorld: Bringing up level for play took: 0.000493
[2017.04.30-05.06.03:103][635]LogGameMode: Warning - PATHS NOT DEFINED or NO PLAYERSTART with positive rating
[2017.04.30-05.06.03:103][635]t.MaxFPS = "62"
[2017.04.30-05.06.03:104][635]LogLoad: Took 0.930266 seconds to LoadMap(/Game/ZTD_Blueprint/Maps/Menu_Main)
[2017.04.30-05.06.04:011][690]Closing by request
[2017.04.30-05.06.04:011][690]LogWindows: FPlatformMisc::RequestExit(0)
[2017.04.30-05.06.04:012][691]LogMoviePlayer: Shutting down movie player
[2017.04.30-05.06.04:590][691]LogWindowsTextInputMethodSystem:Display: IME system now deactivated.
[2017.04.30-05.06.04:590][691]LogWindowsTextInputMethodSystem:Display: IME system now deactivated.
[2017.04.30-05.06.04:591][691]LogExit: Preparing to exit.
[2017.04.30-05.06.04:881][691]LogExit: Game engine shut down
[2017.04.30-05.06.04:940][691]LogObj: Freed 0b from 0 cluster array pools.
[2017.04.30-05.06.04:940][691]LogExit: Object subsystem successfully closed.
[2017.04.30-05.06.04:954][691]LogD3D11RHI: Shutdown
[2017.04.30-05.06.04:954][691]LogD3D11RHI: CleanupD3DDevice
[2017.04.30-05.06.04:975][691]LogD3D11RHI: ~FD3D11DynamicRHI
[2017.04.30-05.06.05:010][691]LogModuleManager: Shutting down and abandoning module SequenceRecorderSections (125)
[2017.04.30-05.06.05:010][691]LogModuleManager: Shutting down and abandoning module SequenceRecorder (124)
[2017.04.30-05.06.05:010][691]LogModuleManager: Shutting down and abandoning module AutomationController (123)
[2017.04.30-05.06.05:010][691]LogModuleManager: Shutting down and abandoning module AutomationWorker (122)
[2017.04.30-05.06.05:010][691]LogModuleManager: Shutting down and abandoning module GameplayDebugger (121)
[2017.04.30-05.06.05:010][691]LogModuleManager: Shutting down and abandoning module AITestSuite (120)
[2017.04.30-05.06.05:010][691]LogModuleManager: Shutting down and abandoning module AIModule (119)
[2017.04.30-05.06.05:010][691]LogModuleManager: Shutting down and abandoning module WmfMediaFactory (118)
[2017.04.30-05.06.05:010][691]LogModuleManager: Shutting down and abandoning module AvfMediaFactory (117)
[2017.04.30-05.06.05:010][691]LogModuleManager: Shutting down and abandoning module Media (116)
[2017.04.30-05.06.05:010][691]LogModuleManager: Shutting down and abandoning module AndroidMediaFactory (115)
[2017.04.30-05.06.05:010][691]LogModuleManager: Shutting down and abandoning module CharacterAI (114)
[2017.04.30-05.06.05:010][691]LogModuleManager: Shutting down and abandoning module SessionServices (113)
[2017.04.30-05.06.05:010][691]LogModuleManager: Shutting down and abandoning module MovieSceneCapture (112)
[2017.04.30-05.06.05:010][691]LogModuleManager: Shutting down and abandoning module GeometryCacheEd (111)
[2017.04.30-05.06.05:010][691]LogModuleManager: Shutting down and abandoning module GeometryCache (110)
[2017.04.30-05.06.05:010][691]LogModuleManager: Shutting down and abandoning module Niagara (109)
[2017.04.30-05.06.05:010][691]LogModuleManager: Shutting down and abandoning module StreamingPauseRendering (108)
[2017.04.30-05.06.05:010][691]LogModuleManager: Shutting down and abandoning module PortalServices (107)
[2017.04.30-05.06.05:010][691]LogModuleManager: Shutting down and abandoning module PortalRpc (106)
[2017.04.30-05.06.05:010][691]LogModuleManager: Shutting down and abandoning module MessagingRpc (105)
[2017.04.30-05.06.05:010][691]LogModuleManager: Shutting down and abandoning module ProfilerService (104)
[2017.04.30-05.06.05:076][691]LogModuleManager: Shutting down and abandoning module TaskGraph (103)
[2017.04.30-05.06.05:076][691]LogModuleManager: Shutting down and abandoning module SlateRemote (102)
[2017.04.30-05.06.05:076][691]LogModuleManager: Shutting down and abandoning module SteamVRController (101)
[2017.04.30-05.06.05:076][691]LogModuleManager: Shutting down and abandoning module SteamVR (100)
[2017.04.30-05.06.05:076][691]LogModuleManager: Shutting down and abandoning module ProceduralMeshComponent (99)
[2017.04.30-05.06.05:076][691]LogModuleManager: Shutting down and abandoning module OculusLibrary (98)
[2017.04.30-05.06.05:076][691]LogModuleManager: Shutting down and abandoning module OculusInput (97)
[2017.04.30-05.06.05:076][691]LogModuleManager: Shutting down and abandoning module MobilePatchingUtils (96)
[2017.04.30-05.06.05:076][691]LogModuleManager: Shutting down and abandoning module CustomMeshComponent (95)
[2017.04.30-05.06.05:076][691]LogModuleManager: Shutting down and abandoning module CableComponent (94)
[2017.04.30-05.06.05:076][691]LogModuleManager: Shutting down and abandoning module ArchVisCharacter (93)
[2017.04.30-05.06.05:076][691]LogModuleManager: Shutting down and abandoning module HTML5Networking (91)
[2017.04.30-05.06.05:076][691]LogModuleManager: Shutting down and abandoning module DesktopPlatform (90)
[2017.04.30-05.06.05:076][691]LogModuleManager: Shutting down and abandoning module DirectoryWatcher (89)
[2017.04.30-05.06.05:076][691]LogModuleManager: Shutting down and abandoning module HotReload (88)
[2017.04.30-05.06.05:076][691]LogModuleManager: Shutting down and abandoning module VisualStudioSourceCodeAccess (87)
[2017.04.30-05.06.05:076][691]LogModuleManager: Shutting down and abandoning module UObjectPlugin (86)
[2017.04.30-05.06.05:076][691]LogModuleManager: Shutting down and abandoning module SubversionSourceControl (85)
[2017.04.30-05.06.05:076][691]LogModuleManager: Shutting down and abandoning module SourceControl (84)
[2017.04.30-05.06.05:076][691]LogModuleManager: Shutting down and abandoning module PerforceSourceControl (83)
[2017.04.30-05.06.05:076][691]LogModuleManager: Shutting down and abandoning module UdpMessaging (82)
[2017.04.30-05.06.05:176][691]LogModuleManager: Shutting down and abandoning module TcpMessaging (81)
[2017.04.30-05.06.05:840][691]LogModuleManager: Shutting down and abandoning module LightPropagationVolumeRuntime (80)
[2017.04.30-05.06.05:840][691]LogModuleManager: Shutting down and abandoning module Paper2D (79)
[2017.04.30-05.06.05:840][691]LogModuleManager: Shutting down and abandoning module WindowsMoviePlayer (78)
[2017.04.30-05.06.05:840][691]LogModuleManager: Shutting down and abandoning module WmfMedia (77)
[2017.04.30-05.06.05:840][691]LogModuleManager: Shutting down and abandoning module MediaAssets (76)
[2017.04.30-05.06.05:840][691]LogModuleManager: Shutting down and abandoning module GameLiveStreaming (75)
[2017.04.30-05.06.05:840][691]LogModuleManager: Shutting down and abandoning module GameplayTagsEditor (74)
[2017.04.30-05.06.05:840][691]LogModuleManager: Shutting down and abandoning module VREditor (73)
[2017.04.30-05.06.05:840][691]LogModuleManager: Shutting down and abandoning module GameplayTasksEditor (72)
[2017.04.30-05.06.05:840][691]LogModuleManager: Shutting down and abandoning module BehaviorTreeEditor (71)
[2017.04.30-05.06.05:840][691]LogModuleManager: Shutting down and abandoning module FunctionalTesting (70)
[2017.04.30-05.06.05:841][691]LogModuleManager: Shutting down and abandoning module CollisionAnalyzer (69)
[2017.04.30-05.06.05:841][691]LogModuleManager: Shutting down and abandoning module Sequencer (68)
[2017.04.30-05.06.05:841][691]LogModuleManager: Shutting down and abandoning module WorkspaceMenuStructure (67)
[2017.04.30-05.06.05:841][691]LogModuleManager: Shutting down and abandoning module MessageLog (66)
[2017.04.30-05.06.05:841][691]LogModuleManager: Shutting down and abandoning module AssetTools (65)
[2017.04.30-05.06.05:841][691]LogModuleManager: Shutting down and abandoning module UMGEditor (64)
[2017.04.30-05.06.05:841][691]LogModuleManager: Shutting down and abandoning module UMG (63)
[2017.04.30-05.06.05:841][691]LogModuleManager: Shutting down and abandoning module SlateReflector (62)
[2017.04.30-05.06.05:841][691]LogModuleManager: Shutting down and abandoning module Slate (61)
[2017.04.30-05.06.05:841][691]LogModuleManager: Shutting down and abandoning module EditorStyle (60)
[2017.04.30-05.06.05:842][691]LogModuleManager: Shutting down and abandoning module Messaging (59)
[2017.04.30-05.06.05:842][691]LogModuleManager: Shutting down and abandoning module SourceCodeAccess (58)
[2017.04.30-05.06.05:842][691]LogModuleManager: Shutting down and abandoning module HeadMountedDisplay (57)
[2017.04.30-05.06.05:842][691]LogModuleManager: Shutting down and abandoning module XAudio2 (56)
[2017.04.30-05.06.05:842][691]LogModuleManager: Shutting down and abandoning module Networking (54)
[2017.04.30-05.06.05:842][691]LogModuleManager: Shutting down and abandoning module Core (53)
[2017.04.30-05.06.05:842][691]LogModuleManager: Shutting down and abandoning module KismetCompiler (52)
[2017.04.30-05.06.05:842][691]LogModuleManager: Shutting down and abandoning module PhysXFormats (51)
[2017.04.30-05.06.05:842][691]LogModuleManager: Shutting down and abandoning module SimplygonSwarm (50)
[2017.04.30-05.06.05:842][691]LogModuleManager: Shutting down and abandoning module SimplygonMeshReduction (49)
[2017.04.30-05.06.05:842][691]LogModuleManager: Shutting down and abandoning module QuadricMeshReduction (48)
[2017.04.30-05.06.05:842][691]LogModuleManager: Shutting down and abandoning module PropertyEditor (47)
[2017.04.30-05.06.05:842][691]LogModuleManager: Shutting down and abandoning module MeshUtilities (46)
[2017.04.30-05.06.05:842][691]LogModuleManager: Shutting down and abandoning module AssetRegistry (45)
[2017.04.30-05.06.05:842][691]LogModuleManager: Shutting down and abandoning module DerivedDataCache (44)
[2017.04.30-05.06.06:105][691]LogDerivedDataCache: Shutdown
[2017.04.30-05.06.06:105][691]LogModuleManager: Shutting down and abandoning module VulkanShaderFormat (43)
[2017.04.30-05.06.06:105][691]LogModuleManager: Shutting down and abandoning module ShaderFormatOpenGL (42)
[2017.04.30-05.06.06:105][691]LogModuleManager: Shutting down and abandoning module ShaderFormatD3D (41)
[2017.04.30-05.06.06:105][691]LogModuleManager: Shutting down and abandoning module MetalShaderFormat (40)
[2017.04.30-05.06.06:105][691]LogModuleManager: Shutting down and abandoning module TextureFormatUncompressed (39)
[2017.04.30-05.06.06:105][691]LogModuleManager: Shutting down and abandoning module TextureFormatPVR (38)
[2017.04.30-05.06.06:105][691]LogModuleManager: Shutting down and abandoning module TextureFormatDXT (37)
[2017.04.30-05.06.06:105][691]LogModuleManager: Shutting down and abandoning module TextureFormatIntelISPCTexComp (36)
[2017.04.30-05.06.06:106][691]LogModuleManager: Shutting down and abandoning module ImageWrapper (35)
[2017.04.30-05.06.06:106][691]LogModuleManager: Shutting down and abandoning module TextureFormatASTC (34)
[2017.04.30-05.06.06:106][691]LogModuleManager: Shutting down and abandoning module TextureFormatAndroid (33)
[2017.04.30-05.06.06:106][691]LogModuleManager: Shutting down and abandoning module AudioFormatOpus (32)
[2017.04.30-05.06.06:106][691]LogModuleManager: Shutting down and abandoning module AudioFormatOgg (31)
[2017.04.30-05.06.06:106][691]LogModuleManager: Shutting down and abandoning module AudioFormatADPCM (30)
[2017.04.30-05.06.06:106][691]LogModuleManager: Shutting down and abandoning module WindowsTargetPlatform (29)
[2017.04.30-05.06.06:106][691]LogModuleManager: Shutting down and abandoning module WindowsServerTargetPlatform (28)
[2017.04.30-05.06.06:106][691]LogModuleManager: Shutting down and abandoning module WindowsNoEditorTargetPlatform (27)
[2017.04.30-05.06.06:106][691]LogModuleManager: Shutting down and abandoning module WindowsClientTargetPlatform (26)
[2017.04.30-05.06.06:106][691]LogModuleManager: Shutting down and abandoning module TargetPlatform (25)
[2017.04.30-05.06.06:106][691]LogModuleManager: Shutting down and abandoning module InputCore (24)
[2017.04.30-05.06.06:106][691]LogModuleManager: Shutting down and abandoning module Settings (23)
[2017.04.30-05.06.06:106][691]LogModuleManager: Shutting down and abandoning module OculusRift (22)
[2017.04.30-05.06.06:106][691]LogModuleManager: Shutting down and abandoning module ExampleDeviceProfileSelector (21)
[2017.04.30-05.06.06:106][691]LogModuleManager: Shutting down and abandoning module OnlineBlueprintSupport (20)
[2017.04.30-05.06.06:106][691]LogModuleManager: Shutting down and abandoning module OnlineSubsystem (18)
[2017.04.30-05.06.06:106][691]LogOnline:Display: Unloading online subsystem: NULL
[2017.04.30-05.06.06:106][691]LogModuleManager: Shutting down and abandoning module SSL (17)
[2017.04.30-05.06.06:107][691]LogModuleManager: Shutting down and abandoning module HTTP (16)
[2017.04.30-05.06.06:107][691]LogModuleManager: Shutting down and abandoning module XMPP (15)
[2017.04.30-05.06.06:107][691]LogModuleManager: Shutting down and abandoning module TextureCompressor (14)
[2017.04.30-05.06.06:107][691]LogModuleManager: Shutting down and abandoning module ShaderCore (13)
[2017.04.30-05.06.06:107][691]LogModuleManager: Shutting down and abandoning module Landscape (12)
[2017.04.30-05.06.06:107][691]LogModuleManager: Shutting down and abandoning module SlateRHIRenderer (11)
[2017.04.30-05.06.06:107][691]LogModuleManager: Shutting down and abandoning module OpenGLDrv (10)
[2017.04.30-05.06.06:107][691]LogModuleManager: Shutting down and abandoning module D3D11RHI (9)
[2017.04.30-05.06.06:107][691]LogModuleManager: Shutting down and abandoning module AnimGraphRuntime (8)
[2017.04.30-05.06.06:107][691]LogModuleManager: Shutting down and abandoning module Renderer (7)
[2017.04.30-05.06.06:107][691]LogModuleManager: Shutting down and abandoning module Engine (6)
[2017.04.30-05.06.06:107][691]LogModuleManager: Shutting down and abandoning module CoreUObject (5)
[2017.04.30-05.06.06:107][691]LogModuleManager: Shutting down and abandoning module NetworkFile (4)
[2017.04.30-05.06.06:107][691]LogModuleManager: Shutting down and abandoning module StreamingFile (3)
[2017.04.30-05.06.06:107][691]LogModuleManager: Shutting down and abandoning module SandboxFile (2)
[2017.04.30-05.06.06:107][691]LogModuleManager: Shutting down and abandoning module PakFile (1)
[2017.04.30-05.06.06:108][691]LogExit: Exiting.
[2017.04.30-05.06.06:109][691]Log file closed, 04/30/17 00:06:06
