Log file open, 04/13/17 13:53:12
LogInit:Display: Running engine for game: Zombie_Tower_Defense
LogPlatformFile: Not using cached read wrapper
LogInit:Display: RandInit(-1669168639) SRandInit(-1669168639).
LogTaskGraph: Started task graph with 5 named threads and 9 total threads with 1 sets of task threads.
LogStats: Stats thread started at 0.183462
LogPluginManager: Loaded Plugin Paper2D, From C:/Program Files/Epic Games/4.14/Engine/Plugins/2D/Paper2D/Paper2D.uplugin
LogPluginManager: Loaded Plugin LightPropagationVolume, From C:/Program Files/Epic Games/4.14/Engine/Plugins/Blendables/LightPropagationVolume/LightPropagationVolume.uplugin
LogPluginManager: Loaded Plugin BlankPlugin, From C:/Program Files/Epic Games/4.14/Engine/Plugins/Developer/BlankPlugin/BlankPlugin.uplugin
LogPluginManager: Loaded Plugin CodeLiteSourceCodeAccess, From C:/Program Files/Epic Games/4.14/Engine/Plugins/Developer/CodeLiteSourceCodeAccess/CodeLiteSourceCodeAccess.uplugin
LogPluginManager: Loaded Plugin GitSourceControl, From C:/Program Files/Epic Games/4.14/Engine/Plugins/Developer/GitSourceControl/GitSourceControl.uplugin
LogPluginManager: Loaded Plugin KDevelopSourceCodeAccess, From C:/Program Files/Epic Games/4.14/Engine/Plugins/Developer/KDevelopSourceCodeAccess/KDevelopSourceCodeAccess.uplugin
LogPluginManager: Loaded Plugin NullSourceCodeAccess, From C:/Program Files/Epic Games/4.14/Engine/Plugins/Developer/NullSourceCodeAccess/NullSourceCodeAccess.uplugin
LogPluginManager: Loaded Plugin OneSkyLocalizationService, From C:/Program Files/Epic Games/4.14/Engine/Plugins/Developer/OneSkyLocalizationService/OneSkyLocalizationService.uplugin
LogPluginManager: Loaded Plugin PerforceSourceControl, From C:/Program Files/Epic Games/4.14/Engine/Plugins/Developer/PerforceSourceControl/PerforceSourceControl.uplugin
LogPluginManager: Loaded Plugin SubversionSourceControl, From C:/Program Files/Epic Games/4.14/Engine/Plugins/Developer/SubversionSourceControl/SubversionSourceControl.uplugin
LogPluginManager: Loaded Plugin UObjectPlugin, From C:/Program Files/Epic Games/4.14/Engine/Plugins/Developer/UObjectPlugin/UObjectPlugin.uplugin
LogPluginManager: Loaded Plugin VisualStudioSourceCodeAccess, From C:/Program Files/Epic Games/4.14/Engine/Plugins/Developer/VisualStudioSourceCodeAccess/VisualStudioSourceCodeAccess.uplugin
LogPluginManager: Loaded Plugin XCodeSourceCodeAccess, From C:/Program Files/Epic Games/4.14/Engine/Plugins/Developer/XCodeSourceCodeAccess/XCodeSourceCodeAccess.uplugin
LogPluginManager: Loaded Plugin AudioCapture, From C:/Program Files/Epic Games/4.14/Engine/Plugins/Editor/AudioCapture/AudioCapture.uplugin
LogPluginManager: Loaded Plugin EpicSurvey, From C:/Program Files/Epic Games/4.14/Engine/Plugins/Editor/EpicSurvey/EpicSurvey.uplugin
LogPluginManager: Loaded Plugin MacGraphicsSwitching, From C:/Program Files/Epic Games/4.14/Engine/Plugins/Editor/MacGraphicsSwitching/MacGraphicsSwitching.uplugin
LogPluginManager: Loaded Plugin MobileLauncherProfileWizard, From C:/Program Files/Epic Games/4.14/Engine/Plugins/Editor/MobileLauncherProfileWizard/MobileLauncherProfileWizard.uplugin
LogPluginManager: Loaded Plugin PluginBrowser, From C:/Program Files/Epic Games/4.14/Engine/Plugins/Editor/PluginBrowser/PluginBrowser.uplugin
LogPluginManager: Loaded Plugin SpeedTreeImporter, From C:/Program Files/Epic Games/4.14/Engine/Plugins/Editor/SpeedTreeImporter/SpeedTreeImporter.uplugin
LogPluginManager: Loaded Plugin SuperSearchEditor, From C:/Program Files/Epic Games/4.14/Engine/Plugins/Editor/SuperSearchEditor/SuperSearchEditor.uplugin
LogPluginManager: Loaded Plugin AlembicImporter, From C:/Program Files/Epic Games/4.14/Engine/Plugins/Experimental/AlembicImporter/AlembicImporter.uplugin
LogPluginManager: Loaded Plugin BlueprintStats, From C:/Program Files/Epic Games/4.14/Engine/Plugins/Experimental/BlueprintStats/BlueprintStats.uplugin
LogPluginManager: Loaded Plugin CharacterAI, From C:/Program Files/Epic Games/4.14/Engine/Plugins/Experimental/CharacterAI/CharacterAI.uplugin
LogPluginManager: Loaded Plugin CodeEditor, From C:/Program Files/Epic Games/4.14/Engine/Plugins/Experimental/CodeEditor/CodeEditor.uplugin
LogPluginManager: Loaded Plugin CodeView, From C:/Program Files/Epic Games/4.14/Engine/Plugins/Experimental/CodeView/CodeView.uplugin
LogPluginManager: Loaded Plugin HTML5Networking, From C:/Program Files/Epic Games/4.14/Engine/Plugins/Experimental/HTML5Networking/HTML5Networking.uplugin
LogPluginManager: Loaded Plugin OSVR, From C:/Program Files/Epic Games/4.14/Engine/Plugins/Experimental/OSVR/OSVR.uplugin
LogPluginManager: Loaded Plugin Phya, From C:/Program Files/Epic Games/4.14/Engine/Plugins/Experimental/Phya/Phya.uplugin
LogPluginManager: Loaded Plugin SignificanceManager, From C:/Program Files/Epic Games/4.14/Engine/Plugins/Experimental/SignificanceManager/SignificanceManager.uplugin
LogPluginManager: Loaded Plugin SimpleHMD, From C:/Program Files/Epic Games/4.14/Engine/Plugins/Experimental/SimpleHMD/SimpleHMD.uplugin
LogPluginManager: Loaded Plugin StereoPanorama, From C:/Program Files/Epic Games/4.14/Engine/Plugins/Experimental/StereoPanorama/StereoPanorama.uplugin
LogPluginManager: Loaded Plugin StructBox, From C:/Program Files/Epic Games/4.14/Engine/Plugins/Experimental/StructBox/StructBox.uplugin
LogPluginManager: Loaded Plugin AndroidMedia, From C:/Program Files/Epic Games/4.14/Engine/Plugins/Media/AndroidMedia/AndroidMedia.uplugin
LogPluginManager: Loaded Plugin AvfMedia, From C:/Program Files/Epic Games/4.14/Engine/Plugins/Media/AvfMedia/AvfMedia.uplugin
LogPluginManager: Loaded Plugin MediaPlayerEditor, From C:/Program Files/Epic Games/4.14/Engine/Plugins/Media/MediaPlayerEditor/MediaPlayerEditor.uplugin
LogPluginManager: Loaded Plugin WmfMedia, From C:/Program Files/Epic Games/4.14/Engine/Plugins/Media/WmfMedia/WmfMedia.uplugin
LogPluginManager: Loaded Plugin MessagingDebugger, From C:/Program Files/Epic Games/4.14/Engine/Plugins/Messaging/MessagingDebugger/MessagingDebugger.uplugin
LogPluginManager: Loaded Plugin TcpMessaging, From C:/Program Files/Epic Games/4.14/Engine/Plugins/Messaging/TcpMessaging/TcpMessaging.uplugin
LogPluginManager: Loaded Plugin UdpMessaging, From C:/Program Files/Epic Games/4.14/Engine/Plugins/Messaging/UdpMessaging/UdpMessaging.uplugin
LogPluginManager: Loaded Plugin LevelSequenceEditor, From C:/Program Files/Epic Games/4.14/Engine/Plugins/MovieScene/LevelSequenceEditor/LevelSequenceEditor.uplugin
LogPluginManager: Loaded Plugin MatineeToLevelSequence, From C:/Program Files/Epic Games/4.14/Engine/Plugins/MovieScene/MatineeToLevelSequence/MatineeToLevelSequence.uplugin
LogPluginManager: Loaded Plugin NetcodeUnitTest, From C:/Program Files/Epic Games/4.14/Engine/Plugins/NetcodeUnitTest/NetcodeUnitTest/NetcodeUnitTest.uplugin
LogPluginManager: Loaded Plugin NUTUnrealEngine4, From C:/Program Files/Epic Games/4.14/Engine/Plugins/NetcodeUnitTest/NUTUnrealEngine4/NUTUnrealEngine4.uplugin
LogPluginManager: Loaded Plugin OnlineSubsystemGameCircle, From C:/Program Files/Epic Games/4.14/Engine/Plugins/Online/Android/OnlineSubsystemGameCircle/OnlineSubsystemGameCircle.uplugin
LogPluginManager: Loaded Plugin OnlineSubsystemGooglePlay, From C:/Program Files/Epic Games/4.14/Engine/Plugins/Online/Android/OnlineSubsystemGooglePlay/OnlineSubsystemGooglePlay.uplugin
LogPluginManager: Loaded Plugin OnlineSubsystemIOS, From C:/Program Files/Epic Games/4.14/Engine/Plugins/Online/IOS/OnlineSubsystemIOS/OnlineSubsystemIOS.uplugin
LogPluginManager: Loaded Plugin OnlineFramework, From C:/Program Files/Epic Games/4.14/Engine/Plugins/Online/OnlineFramework/OnlineFramework.uplugin
LogPluginManager: Loaded Plugin OnlineSubsystem, From C:/Program Files/Epic Games/4.14/Engine/Plugins/Online/OnlineSubsystem/OnlineSubsystem.uplugin
LogPluginManager: Loaded Plugin OnlineSubsystemAmazon, From C:/Program Files/Epic Games/4.14/Engine/Plugins/Online/OnlineSubsystemAmazon/OnlineSubsystemAmazon.uplugin
LogPluginManager: Loaded Plugin OnlineSubsystemFacebook, From C:/Program Files/Epic Games/4.14/Engine/Plugins/Online/OnlineSubsystemFacebook/OnlineSubsystemFacebook.uplugin
LogPluginManager: Loaded Plugin OnlineSubsystemNull, From C:/Program Files/Epic Games/4.14/Engine/Plugins/Online/OnlineSubsystemNull/OnlineSubsystemNull.uplugin
LogPluginManager: Loaded Plugin OnlineSubsystemOculus, From C:/Program Files/Epic Games/4.14/Engine/Plugins/Online/OnlineSubsystemOculus/OnlineSubsystemOculus.uplugin
LogPluginManager: Loaded Plugin OnlineSubsystemSteam, From C:/Program Files/Epic Games/4.14/Engine/Plugins/Online/OnlineSubsystemSteam/OnlineSubsystemSteam.uplugin
LogPluginManager: Loaded Plugin OnlineSubsystemUtils, From C:/Program Files/Epic Games/4.14/Engine/Plugins/Online/OnlineSubsystemUtils/OnlineSubsystemUtils.uplugin
LogPluginManager: Loaded Plugin IOSTapJoy, From C:/Program Files/Epic Games/4.14/Engine/Plugins/Runtime/Advertising/IOSTapJoy/IOSTapJoy.uplugin
LogPluginManager: Loaded Plugin AnalyticsBlueprintLibrary, From C:/Program Files/Epic Games/4.14/Engine/Plugins/Runtime/Analytics/AnalyticsBlueprintLibrary/AnalyticsBlueprintLibrary.uplugin
LogPluginManager: Loaded Plugin AnalyticsMulticast, From C:/Program Files/Epic Games/4.14/Engine/Plugins/Runtime/Analytics/AnalyticsMulticast/AnalyticsMulticast.uplugin
LogPluginManager: Loaded Plugin Apsalar, From C:/Program Files/Epic Games/4.14/Engine/Plugins/Runtime/Analytics/Apsalar/Apsalar.uplugin
LogPluginManager: Loaded Plugin FileLogging, From C:/Program Files/Epic Games/4.14/Engine/Plugins/Runtime/Analytics/FileLogging/FileLogging.uplugin
LogPluginManager: Loaded Plugin Flurry, From C:/Program Files/Epic Games/4.14/Engine/Plugins/Runtime/Analytics/Flurry/Flurry.uplugin
LogPluginManager: Loaded Plugin AndroidDeviceProfileSelector, From C:/Program Files/Epic Games/4.14/Engine/Plugins/Runtime/AndroidDeviceProfileSelector/AndroidDeviceProfileSelector.uplugin
LogPluginManager: Loaded Plugin AndroidMoviePlayer, From C:/Program Files/Epic Games/4.14/Engine/Plugins/Runtime/AndroidMoviePlayer/AndroidMoviePlayer.uplugin
LogPluginManager: Loaded Plugin AppleMoviePlayer, From C:/Program Files/Epic Games/4.14/Engine/Plugins/Runtime/AppleMoviePlayer/AppleMoviePlayer.uplugin
LogPluginManager: Loaded Plugin ArchVisCharacter, From C:/Program Files/Epic Games/4.14/Engine/Plugins/Runtime/ArchVisCharacter/ArchVisCharacter.uplugin
LogPluginManager: Loaded Plugin CableComponent, From C:/Program Files/Epic Games/4.14/Engine/Plugins/Runtime/CableComponent/CableComponent.uplugin
LogPluginManager: Loaded Plugin CustomMeshComponent, From C:/Program Files/Epic Games/4.14/Engine/Plugins/Runtime/CustomMeshComponent/CustomMeshComponent.uplugin
LogPluginManager: Loaded Plugin ExampleDeviceProfileSelector, From C:/Program Files/Epic Games/4.14/Engine/Plugins/Runtime/ExampleDeviceProfileSelector/ExampleDeviceProfileSelector.uplugin
LogPluginManager: Loaded Plugin GearVR, From C:/Program Files/Epic Games/4.14/Engine/Plugins/Runtime/GearVR/GearVR.uplugin
LogPluginManager: Loaded Plugin GoogleVRController, From C:/Program Files/Epic Games/4.14/Engine/Plugins/Runtime/GoogleVR/GoogleVRController/GoogleVRController.uplugin
LogPluginManager: Loaded Plugin GoogleVRHMD, From C:/Program Files/Epic Games/4.14/Engine/Plugins/Runtime/GoogleVR/GoogleVRHMD/GoogleVRHMD.uplugin
LogPluginManager: Loaded Plugin IOSDeviceProfileSelector, From C:/Program Files/Epic Games/4.14/Engine/Plugins/Runtime/IOSDeviceProfileSelector/IOSDeviceProfileSelector.uplugin
LogPluginManager: Loaded Plugin LeapMotion, From C:/Program Files/Epic Games/4.14/Engine/Plugins/Runtime/LeapMotion/LeapMotion.uplugin
LogPluginManager: Loaded Plugin LinuxDeviceProfileSelector, From C:/Program Files/Epic Games/4.14/Engine/Plugins/Runtime/LinuxDeviceProfileSelector/LinuxDeviceProfileSelector.uplugin
LogPluginManager: Loaded Plugin MIDIDevice, From C:/Program Files/Epic Games/4.14/Engine/Plugins/Runtime/MIDIDevice/MIDIDevice.uplugin
LogPluginManager: Loaded Plugin MobilePatchingUtils, From C:/Program Files/Epic Games/4.14/Engine/Plugins/Runtime/MobilePatchingUtils/MobilePatchingUtils.uplugin
LogPluginManager: Loaded Plugin Ansel, From C:/Program Files/Epic Games/4.14/Engine/Plugins/Runtime/Nvidia/Ansel/Ansel.uplugin
LogPluginManager: Loaded Plugin OculusAudio, From C:/Program Files/Epic Games/4.14/Engine/Plugins/Runtime/OculusAudio/OculusAudio.uplugin
LogPluginManager: Loaded Plugin OculusInput, From C:/Program Files/Epic Games/4.14/Engine/Plugins/Runtime/OculusInput/OculusInput.uplugin
LogPluginManager: Loaded Plugin OculusLibrary, From C:/Program Files/Epic Games/4.14/Engine/Plugins/Runtime/OculusLibrary/OculusLibrary.uplugin
LogPluginManager: Loaded Plugin OculusRift, From C:/Program Files/Epic Games/4.14/Engine/Plugins/Runtime/OculusRift/OculusRift.uplugin
LogPluginManager: Loaded Plugin Oodle, From C:/Program Files/Epic Games/4.14/Engine/Plugins/Runtime/PacketHandlers/CompressionComponents/Oodle/Oodle.uplugin
LogPluginManager: Loaded Plugin ProceduralMeshComponent, From C:/Program Files/Epic Games/4.14/Engine/Plugins/Runtime/ProceduralMeshComponent/ProceduralMeshComponent.uplugin
LogPluginManager: Loaded Plugin SoundMod, From C:/Program Files/Epic Games/4.14/Engine/Plugins/Runtime/SoundMod/SoundMod.uplugin
LogPluginManager: Loaded Plugin SoundVisualizations, From C:/Program Files/Epic Games/4.14/Engine/Plugins/Runtime/SoundVisualizations/SoundVisualizations.uplugin
LogPluginManager: Loaded Plugin SteamController, From C:/Program Files/Epic Games/4.14/Engine/Plugins/Runtime/Steam/SteamController/SteamController.uplugin
LogPluginManager: Loaded Plugin SteamVR, From C:/Program Files/Epic Games/4.14/Engine/Plugins/Runtime/Steam/SteamVR/SteamVR.uplugin
LogPluginManager: Loaded Plugin WebBrowserWidget, From C:/Program Files/Epic Games/4.14/Engine/Plugins/Runtime/WebBrowserWidget/WebBrowserWidget.uplugin
LogPluginManager: Loaded Plugin WindowsDeviceProfileSelector, From C:/Program Files/Epic Games/4.14/Engine/Plugins/Runtime/WindowsDeviceProfileSelector/WindowsDeviceProfileSelector.uplugin
LogPluginManager: Loaded Plugin WindowsMoviePlayer, From C:/Program Files/Epic Games/4.14/Engine/Plugins/Runtime/WindowsMoviePlayer/WindowsMoviePlayer.uplugin
LogPluginManager: Loaded Plugin ScriptPlugin, From C:/Program Files/Epic Games/4.14/Engine/Plugins/ScriptPlugin/ScriptPlugin.uplugin
LogPluginManager: Loaded Plugin SlateRemote, From C:/Program Files/Epic Games/4.14/Engine/Plugins/Slate/SlateRemote/SlateRemote.uplugin
LogPluginManager: Loaded Plugin EditorTests, From C:/Program Files/Epic Games/4.14/Engine/Plugins/Tests/EditorTests/EditorTests.uplugin
LogPluginManager: Loaded Plugin FbxAutomationTestBuilder, From C:/Program Files/Epic Games/4.14/Engine/Plugins/Tests/FbxAutomationTestBuilder/FbxAutomationTestBuilder.uplugin
LogPluginManager: Loaded Plugin FunctionalTestingEditor, From C:/Program Files/Epic Games/4.14/Engine/Plugins/Tests/FunctionalTestingEditor/FunctionalTestingEditor.uplugin
LogPluginManager: Loaded Plugin RuntimeTests, From C:/Program Files/Epic Games/4.14/Engine/Plugins/Tests/RuntimeTests/RuntimeTests.uplugin
LogPluginManager: Loaded Plugin ScreenshotTools, From C:/Program Files/Epic Games/4.14/Engine/Plugins/Tests/ScreenshotTools/ScreenshotTools.uplugin
LogInit: Using libcurl 7.47.1
LogInit:  - built for x86_64-pc-win32
LogInit:  - supports SSL with OpenSSL/1.0.2g
LogInit:  - supports HTTP deflate (compression) using libz 1.2.8
LogInit:  - other features:
LogInit:      CURL_VERSION_SSL
LogInit:      CURL_VERSION_LIBZ
LogInit:      CURL_VERSION_IPV6
LogInit:      CURL_VERSION_ASYNCHDNS
LogInit:      CURL_VERSION_LARGEFILE
LogInit:      CURL_VERSION_IDN
LogInit:  CurlRequestOptions (configurable via config and command line):
LogInit:  - bVerifyPeer = false  - Libcurl will NOT verify peer certificate
LogInit:  - bUseHttpProxy = false  - Libcurl will NOT use HTTP proxy
LogInit:  - bDontReuseConnections = false  - Libcurl will reuse connections
LogInit:  - CertBundlePath = nullptr  - Libcurl will use whatever was configured at build time.
LogInit: Build: ++UE4+Release-4.14-CL-3249277
LogInit: Engine Version: 4.14.3-3249277+++UE4+Release-4.14
LogInit: Compatible Engine Version: 4.14.0-3195953+++UE4+Release-4.14
LogInit: Net CL: 3195953
LogDevObjectVersion: Number of dev versions registered: 13
LogDevObjectVersion:   Dev-Blueprints (B0D832E4-1F89-4F0D-ACCF-7EB736FD4AA2): 7
LogDevObjectVersion:   Dev-Build (E1C64328-A22C-4D53-A36C-8E866417BD8C): 0
LogDevObjectVersion:   Dev-Core (375EC13C-06E4-48FB-B500-84F0262A717E): 1
LogDevObjectVersion:   Dev-Editor (E4B068ED-F494-42E9-A231-DA0B2E46BB41): 8
LogDevObjectVersion:   Dev-Framework (CFFC743F-43B0-4480-9391-14DF171D2073): 17
LogDevObjectVersion:   Dev-Mobile (B02B49B5-BB20-44E9-A304-32B752E40360): 0
LogDevObjectVersion:   Dev-Networking (A4E4105C-59A1-49B5-A7C5-40C4547EDFEE): 0
LogDevObjectVersion:   Dev-Online (39C831C9-5AE6-47DC-9A44-9C173E1C8E7C): 0
LogDevObjectVersion:   Dev-Physics (78F01B33-EBEA-4F98-B9B4-84EACCB95AA2): 0
LogDevObjectVersion:   Dev-Platform (6631380F-2D4D-43E0-8009-CF276956A95A): 0
LogDevObjectVersion:   Dev-Rendering (12F88B9F-8875-4AFC-A67C-D90C383ABD29): 12
LogDevObjectVersion:   Dev-Sequencer (7B5AE74C-D270-4C10-A958-57980B212A5A): 1
LogDevObjectVersion:   Dev-VR (D7296918-1DD6-4BDD-9DE2-64A83CC13884): 0
LogInit: Compiled (64-bit): Jan  6 2017 10:49:43
LogInit: Compiled with Visual C++: 19.00.23026.00
LogInit: Build Configuration: Development
LogInit: Branch Name: ++UE4+Release-4.14
LogInit: Command line:  /Temp/Autosaves/Game/ZTD_Blueprint/Maps/UEDPCMenu_Main -game -PIEVIACONSOLE -ResX=1280 -ResY=720  -Multiprocess -messaging -SessionName="Play in Standalone Game" -windowed 
LogInit: Base directory: C:/Program Files/Epic Games/4.14/Engine/Binaries/Win64/
LogInit: Installed Engine Build: 1
LogInit: Presizing for max 8388607 objects, including 0 objects not considered by GC, pre-allocating 0 bytes for permanent pool.
LogInit: Object subsystem initialized
[2017.04.13-18.53.13:083][  0]LogInit: Selected Device Profile: [Windows]
[2017.04.13-18.53.13:083][  0]LogInit: Applying CVar settings loaded from the selected device profile: [Windows]
[2017.04.13-18.53.13:087][  0]LogInit: Computer: ADVENTURE
[2017.04.13-18.53.13:087][  0]LogInit: User: bmc0149
[2017.04.13-18.53.13:087][  0]LogInit: CPU Page size=65536, Cores=6
[2017.04.13-18.53.13:087][  0]LogInit: High frequency timer resolution =3.126781 MHz
[2017.04.13-18.53.13:088][  0]LogMemory: Memory total: Physical=31.9GB (32GB approx)
[2017.04.13-18.53.13:088][  0]LogMemory: Platform Memory Stats for Windows
[2017.04.13-18.53.13:088][  0]LogMemory: Process Physical Memory: 262.74 MB used, 262.74 MB peak
[2017.04.13-18.53.13:088][  0]LogMemory: Process Virtual Memory: 265.68 MB used, 265.68 MB peak
[2017.04.13-18.53.13:088][  0]LogMemory: Physical Memory: 7411.01 MB used,  25291.99 MB free, 32703.00 MB total
[2017.04.13-18.53.13:088][  0]LogMemory: Virtual Memory: 663.80 MB used,  25291.99 MB free, 134217728.00 MB total
[2017.04.13-18.53.13:120][  0]LogTextLocalizationManager: No specific translations for ('en-US') exist, so ('en') translations will be used.
[2017.04.13-18.53.13:560][  0]LogD3D11RHI: D3D11 adapters:
[2017.04.13-18.53.13:589][  0]LogD3D11RHI:    0. 'NVIDIA GeForce GTX 660 Ti' (Feature Level 11_0)
[2017.04.13-18.53.13:589][  0]LogD3D11RHI:       1924/0/16351 MB DedicatedVideo/DedicatedSystem/SharedSystem, Outputs:2, VendorId:0x10de
[2017.04.13-18.53.13:590][  0]LogD3D11RHI:    1. 'Microsoft Basic Render Driver' (Feature Level 11_0)
[2017.04.13-18.53.13:590][  0]LogD3D11RHI:       0/0/256 MB DedicatedVideo/DedicatedSystem/SharedSystem, Outputs:0, VendorId:0x1414
[2017.04.13-18.53.13:590][  0]LogD3D11RHI: Chosen D3D11 Adapter: 0
[2017.04.13-18.53.13:594][  0]LogD3D11RHI: Creating new Direct3DDevice
[2017.04.13-18.53.13:594][  0]LogD3D11RHI:     GPU DeviceId: 0x1183 (for the marketing name, search the web for "GPU Device Id")
[2017.04.13-18.53.13:594][  0]LogWindows: EnumDisplayDevices:
[2017.04.13-18.53.13:594][  0]LogWindows:    0. 'NVIDIA GeForce GTX 660 Ti' (P:1 D:1)
[2017.04.13-18.53.13:594][  0]LogWindows:    1. 'NVIDIA GeForce GTX 660 Ti' (P:0 D:1)
[2017.04.13-18.53.13:594][  0]LogWindows:    2. 'NVIDIA GeForce GTX 660 Ti' (P:0 D:0)
[2017.04.13-18.53.13:595][  0]LogWindows:    3. 'NVIDIA GeForce GTX 660 Ti' (P:0 D:0)
[2017.04.13-18.53.13:595][  0]LogWindows: DebugString: FoundDriverCount:4 
[2017.04.13-18.53.13:595][  0]LogD3D11RHI:     Adapter Name: NVIDIA GeForce GTX 660 Ti
[2017.04.13-18.53.13:595][  0]LogD3D11RHI:   Driver Version: 378.66 (internal:21.21.13.7866, unified:378.66)
[2017.04.13-18.53.13:595][  0]LogD3D11RHI:      Driver Date: 2-9-2017
[2017.04.13-18.53.13:595][  0]LogRHI: Texture pool is 1347 MB (70% of 1924 MB)
[2017.04.13-18.53.13:605][  0]LogD3D11RHI:Warning: Timestamp queries are currently disabled on this hardware due to instability. Realtime GPU stats will not be available. You can override this behaviour by setting r.NVIDIATimestampWorkaround to 0
[2017.04.13-18.53.13:605][  0]LogD3D11RHI: Async texture creation enabled
[2017.04.13-18.53.13:623][  0]LogD3D11RHI: GPU Timing Frequency: 1000.000000 (Debug: 2 2)
[2017.04.13-18.53.13:623][  0]LogShaderCompilers: Guid format shader working directory is -32 characters bigger than the processId version (../../../../../../Users/bmc0149/Desktop/Zombie_Tower_Defense/Zombie_TowerDefense/Intermediate/Shaders/WorkingDirectory/4172/).
[2017.04.13-18.53.13:624][  0]LogShaderCompilers: Cleaned the shader compiler working directory 'C:/Users/bmc0149/AppData/Local/Temp/UnrealShaderWorkingDir/9067B1CD4C3553714913669A402BDB4B/'.
[2017.04.13-18.53.13:624][  0]LogShaderCompilers:Display: Using Local Shader Compiler.
[2017.04.13-18.53.14:775][  0]LogTemp:Display: Loaded TP WindowsClientTargetPlatform
[2017.04.13-18.53.14:839][  0]LogTemp:Display: Loaded TP WindowsNoEditorTargetPlatform
[2017.04.13-18.53.14:903][  0]LogTemp:Display: Loaded TP WindowsServerTargetPlatform
[2017.04.13-18.53.14:957][  0]LogTemp:Display: Loaded TP WindowsTargetPlatform
[2017.04.13-18.53.14:957][  0]LogTargetPlatformManager:Display: Building Assets For Windows
[2017.04.13-18.53.15:427][  0]LogDerivedDataCache:Display: Max Cache Size: 512 MB
[2017.04.13-18.53.15:482][  0]LogDerivedDataCache: Loaded boot cache 0.06s 50MB C:/Users/bmc0149/AppData/Local/UnrealEngine/4.14/DerivedDataCache/Boot.ddc.
[2017.04.13-18.53.15:482][  0]LogDerivedDataCache:Display: Loaded Boot cache: C:/Users/bmc0149/AppData/Local/UnrealEngine/4.14/DerivedDataCache/Boot.ddc
[2017.04.13-18.53.15:482][  0]LogDerivedDataCache: FDerivedDataBackendGraph:  Pak pak cache file ../../../../../../Users/bmc0149/Desktop/Zombie_Tower_Defense/Zombie_TowerDefense/DerivedDataCache/DDC.ddp not found, will not use a pak cache.
[2017.04.13-18.53.15:482][  0]LogDerivedDataCache: Unable to find inner node Pak for hierarchical cache Hierarchy.
[2017.04.13-18.53.15:482][  0]LogDerivedDataCache: FDerivedDataBackendGraph:  CompressedPak pak cache file ../../../../../../Users/bmc0149/Desktop/Zombie_Tower_Defense/Zombie_TowerDefense/DerivedDataCache/Compressed.ddp not found, will not use a pak cache.
[2017.04.13-18.53.15:482][  0]LogDerivedDataCache: Unable to find inner node CompressedPak for hierarchical cache Hierarchy.
[2017.04.13-18.53.15:501][  0]LogDerivedDataCache:Display: Pak cache opened for reading ../../../Engine/DerivedDataCache/Compressed.ddp.
[2017.04.13-18.53.15:513][  0]LogDerivedDataCache: Using Local data cache path C:/Users/bmc0149/AppData/Local/UnrealEngine/Common/DerivedDataCache: Writable
[2017.04.13-18.53.15:769][  0]LogAssetRegistry: FAssetRegistry took 0.0001 seconds to start up
[2017.04.13-18.53.15:773][  0]LogPackageLocalizationCache: Processed 3 localized package path(s) for 2 prioritized culture(s) in 0.004518 seconds
[2017.04.13-18.53.15:795][  0]LogInit: Selected Device Profile: [Windows]
[2017.04.13-18.53.15:797][  0]LogContentStreaming: Texture pool size is 1000.00 MB
[2017.04.13-18.53.16:031][  0]LogMeshUtilities: Using QuadricMeshReduction for automatic static mesh reduction
[2017.04.13-18.53.16:081][  0]LogSimplygon: Simplygon DLL not present - disabling.
[2017.04.13-18.53.16:138][  0]LogMeshUtilities: Using SimplygonSwarm for distributed automatic mesh merging
[2017.04.13-18.53.16:138][  0]LogMeshUtilities: No automatic skeletal mesh reduction module available
[2017.04.13-18.53.16:138][  0]LogMeshUtilities: No automatic mesh merging module available
[2017.04.13-18.53.16:634][  0]LogNetVersion: GetLocalNetworkVersion: CL: 3195953, ProjectName: zombie_tower_defense, ProjectVersion: , EngineNetworkVersion: 2, GameNetworkVersion: 0, NetworkChecksum: 2528811943
[2017.04.13-18.53.16:713][  0]LogInit: WinSock: version 1.1 (2.2), MaxSocks=32767, MaxUdp=65467
[2017.04.13-18.53.17:543][  0]LogSlate: Using Freetype 2.6.0
[2017.04.13-18.53.17:544][  0]LogSlate: SlateFontCache - WITH_FREETYPE: 1, WITH_HARFBUZZ: 1
[2017.04.13-18.53.17:544][  0]LogSlate: SlateFontCache - WITH_FREETYPE: 1, WITH_HARFBUZZ: 1
[2017.04.13-18.53.17:692][  0]LogMoviePlayer: Initializing movie player
[2017.04.13-18.53.17:780][  0]LogWindowsMoviePlayer: Unable to load movie: ../../../../../../Users/bmc0149/Desktop/Zombie_Tower_Defense/Zombie_TowerDefense/Content/Movies/Default_Startup.mp4
[2017.04.13-18.53.17:979][  0]LogTcpMessaging: Initializing TcpMessaging bridge
[2017.04.13-18.53.18:024][  0]LogUdpMessaging: Initializing bridge on interface 0.0.0.0:0 to multicast group 230.0.0.1:6666.
[2017.04.13-18.53.18:186][  0]SourceControl: Info Source control is disabled
[2017.04.13-18.53.18:186][  0]SourceControl: Info Source control is disabled
[2017.04.13-18.53.18:243][  0]SourceControl: Info Source control is disabled
[2017.04.13-18.53.19:072][  0]LogUObjectArray: 33497 objects as part of root set at end of initial load.
[2017.04.13-18.53.19:072][  0]LogUObjectAllocator: 7418008 out of 0 bytes used by permanent object pool.
[2017.04.13-18.53.19:072][  0]LogUObjectArray: CloseDisregardForGC: 0/0 objects in disregard for GC pool
[2017.04.13-18.53.19:189][  0]LogEngine: Initializing Engine...
[2017.04.13-18.53.19:190][  0]LogHMD: Failed to initialize OpenVR with code 110
[2017.04.13-18.53.19:327][  0]LogInit: XAudio2 using 'Speakers (High Definition Audio Device)' : 2 channels at 44.1 kHz using 16 bits per sample (channel mask 0x3)
[2017.04.13-18.53.19:335][  0]LogInit: FAudioDevice initialized.
[2017.04.13-18.53.19:352][  0]LogInit: Texture streaming: Enabled
[2017.04.13-18.53.19:370][  0]LogMaterial: Uniform references updated for custom material expression Custom.
[2017.04.13-18.53.19:750][  0]LogInit:Display: Game Engine Initialized.
[2017.04.13-18.53.19:928][  0]LogInit:Display: Starting Game.
[2017.04.13-18.53.19:928][  0]LogNet: Browse: /Temp/Autosaves/Game/ZTD_Blueprint/Maps/UEDPCMenu_Main?Name=Player
[2017.04.13-18.53.19:928][  0]LogLoad: LoadMap: /Temp/Autosaves/Game/ZTD_Blueprint/Maps/UEDPCMenu_Main?Name=Player
[2017.04.13-18.53.19:946][  0]LogMemory: Platform Memory Stats for Windows
[2017.04.13-18.53.19:946][  0]LogMemory: Process Physical Memory: 616.69 MB used, 663.61 MB peak
[2017.04.13-18.53.19:946][  0]LogMemory: Process Virtual Memory: 691.44 MB used, 695.80 MB peak
[2017.04.13-18.53.19:946][  0]LogMemory: Physical Memory: 7727.95 MB used,  24975.04 MB free, 32703.00 MB total
[2017.04.13-18.53.19:946][  0]LogMemory: Virtual Memory: 1303.62 MB used,  24975.04 MB free, 134217728.00 MB total
[2017.04.13-18.53.19:946][  0]LogMemory: 
[2017.04.13-18.53.19:946][  0]Allocator Stats for TBB: (not implemented)
[2017.04.13-18.53.20:523][  0]LogAIModule: Creating AISystem for world Menu_Main
[2017.04.13-18.53.20:523][  0]LogLoad: Game class is 'ZTD_MainMenu_Mode_C'
[2017.04.13-18.53.20:525][  0]LogWorld: Bringing World /Temp/Autosaves/Game/ZTD_Blueprint/Maps/UEDPCMenu_Main.Menu_Main up for play (max tick rate 0) at 2017.04.13-13.53.20
[2017.04.13-18.53.20:525][  0]LogWorld: Bringing up level for play took: 0.000766
[2017.04.13-18.53.20:527][  0]t.MaxFPS = "62"
[2017.04.13-18.53.20:528][  0]LogLoad: Took 0.600351 seconds to LoadMap(/Temp/Autosaves/Game/ZTD_Blueprint/Maps/UEDPCMenu_Main)
[2017.04.13-18.53.20:902][  0]LogLoad: (Engine Initialization) Total time: 10.05 seconds
[2017.04.13-18.53.20:902][  0]LogLoad: (Engine Initialization) Total Blueprint compile time: 0.26 seconds
[2017.04.13-18.53.20:902][  0]LogExternalProfiler: Found external profiler: VSPerf
[2017.04.13-18.53.20:902][  0]LogExternalProfiler: Using external profiler: VSPerf
[2017.04.13-18.53.20:918][  0]LogOcInput: OculusInput pre-init called
[2017.04.13-18.53.21:034][  2]LogRenderer: Reallocating scene render targets to support 1280x720 NumSamples 1 (Frame:2).
[2017.04.13-18.53.24:374][189]LogPackageName: SearchForPackageOnDisk took   0.104s to resolve Protomap.umap.
[2017.04.13-18.53.24:475][189]LogPackageName: SearchForPackageOnDisk took   0.100s to resolve Protomap.umap.
[2017.04.13-18.53.24:475][189]LogNet: Browse: /Game/ZTD_Blueprint/Maps/Protomap
[2017.04.13-18.53.24:475][189]LogLoad: LoadMap: /Game/ZTD_Blueprint/Maps/Protomap
[2017.04.13-18.53.24:505][189]LogMemory: Platform Memory Stats for Windows
[2017.04.13-18.53.24:505][189]LogMemory: Process Physical Memory: 682.17 MB used, 684.96 MB peak
[2017.04.13-18.53.24:505][189]LogMemory: Process Virtual Memory: 871.59 MB used, 882.07 MB peak
[2017.04.13-18.53.24:505][189]LogMemory: Physical Memory: 7786.59 MB used,  24916.41 MB free, 32703.00 MB total
[2017.04.13-18.53.24:505][189]LogMemory: Virtual Memory: 1497.45 MB used,  24916.41 MB free, 134217728.00 MB total
[2017.04.13-18.53.24:505][189]LogMemory: 
[2017.04.13-18.53.24:505][189]Allocator Stats for TBB: (not implemented)
[2017.04.13-18.53.25:417][189]LogAIModule: Creating AISystem for world Protomap
[2017.04.13-18.53.25:417][189]LogLoad: Game class is 'ZTD_GameMode_C'
[2017.04.13-18.53.25:478][189]LogWorld: Bringing World /Game/ZTD_Blueprint/Maps/Protomap.Protomap up for play (max tick rate 62) at 2017.04.13-13.53.25
[2017.04.13-18.53.25:478][189]LogWorld: Bringing up level for play took: 0.060186
[2017.04.13-18.53.25:512][189]LogLoad: Took 1.037169 seconds to LoadMap(/Game/ZTD_Blueprint/Maps/Protomap)
[2017.04.13-18.53.25:519][190]LogCharacterMovement:Warning: GetSimulationTimeStep() - Max iterations 8 hit while remaining time 0.089333 > MaxSimulationTimeStep (0.050) for 'Player_Character_C_0', movement 'Walking'
[2017.04.13-18.53.26:660][244]LogBlueprintUserMessages: [Player_Controller_C_0] Pistol Selected!
[2017.04.13-18.53.27:122][271]LogBlueprintUserMessages: [Player_Controller_C_0] Assault Rifle Selected!
[2017.04.13-18.53.27:541][292]LogBlueprintUserMessages: [Player_Controller_C_0] Sniper Rifle Selected!
[2017.04.13-18.53.27:898][310]LogBlueprintUserMessages: [Player_Controller_C_0] Sniper Rifle Selected!
[2017.04.13-18.53.28:175][324]LogBlueprintUserMessages: [Player_Controller_C_0] Sniper Rifle Selected!
[2017.04.13-18.53.28:354][333]LogBlueprintUserMessages: [Player_Controller_C_0] Sniper Rifle Selected!
[2017.04.13-18.53.28:612][346]LogBlueprintUserMessages: [Player_Controller_C_0] Assault Rifle Selected!
[2017.04.13-18.53.28:789][355]LogBlueprintUserMessages: [Player_Controller_C_0] Assault Rifle Selected!
[2017.04.13-18.53.28:968][364]LogBlueprintUserMessages: [Player_Controller_C_0] Assault Rifle Selected!
[2017.04.13-18.53.29:126][372]LogBlueprintUserMessages: [Player_Controller_C_0] Assault Rifle Selected!
[2017.04.13-18.53.29:404][386]LogBlueprintUserMessages: [Player_Controller_C_0] Pistol Selected!
[2017.04.13-18.53.29:603][396]LogBlueprintUserMessages: [Player_Controller_C_0] Pistol Selected!
[2017.04.13-18.53.29:841][408]LogBlueprintUserMessages: [Player_Controller_C_0] Pistol Selected!
[2017.04.13-18.53.29:881][410]LogBlueprintUserMessages: [Player_Controller_C_0] Assault Rifle Selected!
[2017.04.13-18.53.30:099][421]LogBlueprintUserMessages: [Player_Controller_C_0] Sniper Rifle Selected!
[2017.04.13-18.53.30:337][433]LogBlueprintUserMessages: [Player_Controller_C_0] Assault Rifle Selected!
[2017.04.13-18.53.30:455][439]LogBlueprintUserMessages: [Player_Controller_C_0] Pistol Selected!
[2017.04.13-18.53.30:654][449]LogBlueprintUserMessages: [Player_Controller_C_0] Assault Rifle Selected!
[2017.04.13-18.53.30:733][453]LogBlueprintUserMessages: [Player_Controller_C_0] Sniper Rifle Selected!
[2017.04.13-18.53.30:833][458]LogBlueprintUserMessages: [Player_Controller_C_0] Pistol Selected!
[2017.04.13-18.53.30:934][463]LogBlueprintUserMessages: [Player_Controller_C_0] Assault Rifle Selected!
[2017.04.13-18.53.30:993][466]LogBlueprintUserMessages: [Player_Controller_C_0] Sniper Rifle Selected!
[2017.04.13-18.53.31:113][472]LogBlueprintUserMessages: [Player_Controller_C_0] Pistol Selected!
[2017.04.13-18.53.31:194][476]LogBlueprintUserMessages: [Player_Controller_C_0] Assault Rifle Selected!
[2017.04.13-18.53.31:254][479]LogBlueprintUserMessages: [Player_Controller_C_0] Sniper Rifle Selected!
[2017.04.13-18.53.31:372][485]LogBlueprintUserMessages: [Player_Controller_C_0] Pistol Selected!
[2017.04.13-18.53.31:431][488]LogBlueprintUserMessages: [Player_Controller_C_0] Assault Rifle Selected!
[2017.04.13-18.53.31:512][492]LogBlueprintUserMessages: [Player_Controller_C_0] Sniper Rifle Selected!
[2017.04.13-18.53.31:631][498]LogBlueprintUserMessages: [Player_Controller_C_0] Pistol Selected!
[2017.04.13-18.53.31:690][501]LogBlueprintUserMessages: [Player_Controller_C_0] Assault Rifle Selected!
[2017.04.13-18.53.31:789][506]LogBlueprintUserMessages: [Player_Controller_C_0] Sniper Rifle Selected!
[2017.04.13-18.53.31:889][511]LogBlueprintUserMessages: [Player_Controller_C_0] Pistol Selected!
[2017.04.13-18.53.31:968][515]LogBlueprintUserMessages: [Player_Controller_C_0] Assault Rifle Selected!
[2017.04.13-18.53.32:028][518]LogBlueprintUserMessages: [Player_Controller_C_0] Sniper Rifle Selected!
[2017.04.13-18.53.32:207][527]LogBlueprintUserMessages: [ZTD_GameMode_C_0] SpawningZombie
[2017.04.13-18.53.32:906][562]LogBlueprintUserMessages: [Player_Controller_C_0] Pistol Selected!
[2017.04.13-18.53.33:144][574]LogBlueprintUserMessages: [Player_Controller_C_0] Pistol Selected!
[2017.04.13-18.53.33:226][578]LogBlueprintUserMessages: [ZTD_GameMode_C_0] SpawningZombie
[2017.04.13-18.53.33:325][583]LogBlueprintUserMessages: [Player_Controller_C_0] Pistol Selected!
[2017.04.13-18.53.33:908][612]LogBlueprintUserMessages: [Player_Controller_C_0] Pistol Selected!
[2017.04.13-18.53.34:230][628]LogBlueprintUserMessages: [ZTD_GameMode_C_0] SpawningZombie
[2017.04.13-18.53.38:427][851]LogBlueprintUserMessages: [Player_Controller_C_0] Tower Placement Mode Enabled!
[2017.04.13-18.53.39:588][923]LogBlueprintUserMessages: [Test_Tower_C_43] Insufficient Funds!
[2017.04.13-18.53.40:394][973]LogBlueprintUserMessages: [Test_Tower_C_43] Insufficient Funds!
[2017.04.13-18.53.40:636][988]LogBlueprintUserMessages: [Test_Tower_C_43] Insufficient Funds!
[2017.04.13-18.53.40:814][999]LogBlueprintUserMessages: [Test_Tower_C_43] Insufficient Funds!
[2017.04.13-18.53.40:975][  9]LogBlueprintUserMessages: [Test_Tower_C_43] Insufficient Funds!
[2017.04.13-18.53.50:496][595]LogBlueprintUserMessages: [Test_Tower_C_54] Insufficient Funds!
[2017.04.13-18.53.50:803][614]LogBlueprintUserMessages: [Test_Tower_C_55] Insufficient Funds!
[2017.04.13-18.53.51:028][628]LogBlueprintUserMessages: [Test_Tower_C_55] Insufficient Funds!
[2017.04.13-18.53.54:480][842]LogBlueprintUserMessages: [Player_Controller_C_0] Shooting Mode Enabled!
[2017.04.13-18.53.56:969][976]LogBlueprintUserMessages: [Player_Controller_C_0] Tower Placement Mode Enabled!
[2017.04.13-18.53.59:677][135]LogBlueprintUserMessages: [Test_Tower_C_53] Insufficient Funds!
[2017.04.13-18.53.59:924][150]LogBlueprintUserMessages: [Test_Tower_C_53] Insufficient Funds!
[2017.04.13-18.54.03:755][382]LogLongPackageNames:Warning: URL: Main menu: Name may not contain the following characters:  
[2017.04.13-18.54.03:756][382]LogLongPackageNames:Warning: URL: Main menu: Name may not contain the following characters:  
[2017.04.13-18.54.03:756][382]LogNet: Browse: /Game/ZTD_Blueprint/Maps/Menu_Main
[2017.04.13-18.54.03:756][382]LogNet:Warning: Travel Failure: [InvalidURL]: Invalid URL: /Game/ZTD_Blueprint/Maps/Menu_Main
[2017.04.13-18.54.03:756][382]LogNet: TravelFailure: InvalidURL, Reason for Failure: 'Invalid URL: /Game/ZTD_Blueprint/Maps/Menu_Main'
[2017.04.13-18.54.03:756][382]LogNet:Warning: Travel Failure: [ClientTravelFailure]: Invalid URL: /Game/ZTD_Blueprint/Maps/Menu_Main
[2017.04.13-18.54.03:756][382]LogNet: TravelFailure: ClientTravelFailure, Reason for Failure: 'Invalid URL: /Game/ZTD_Blueprint/Maps/Menu_Main'
[2017.04.13-18.54.03:772][383]LogNet: Browse: /Game/ZTD_Blueprint/Maps/Menu_Main?closed
[2017.04.13-18.54.03:772][383]LogNet: Failed; returning to Entry
[2017.04.13-18.54.03:841][383]LogLoad: LoadMap: /Game/ZTD_Blueprint/Maps/Menu_Main?closed
[2017.04.13-18.54.03:898][383]LogMemory: Platform Memory Stats for Windows
[2017.04.13-18.54.03:898][383]LogMemory: Process Physical Memory: 829.35 MB used, 833.59 MB peak
[2017.04.13-18.54.03:898][383]LogMemory: Process Virtual Memory: 1088.23 MB used, 1122.57 MB peak
[2017.04.13-18.54.03:898][383]LogMemory: Physical Memory: 7754.79 MB used,  24948.20 MB free, 32703.00 MB total
[2017.04.13-18.54.03:898][383]LogMemory: Virtual Memory: 1711.77 MB used,  24948.20 MB free, 134217728.00 MB total
[2017.04.13-18.54.03:898][383]LogMemory: 
[2017.04.13-18.54.03:898][383]Allocator Stats for TBB: (not implemented)
[2017.04.13-18.54.04:321][383]LogAIModule: Creating AISystem for world Menu_Main
[2017.04.13-18.54.04:321][383]LogLoad: Game class is 'ZTD_MainMenu_Mode_C'
[2017.04.13-18.54.04:323][383]LogWorld: Bringing World /Game/ZTD_Blueprint/Maps/Menu_Main.Menu_Main up for play (max tick rate 62) at 2017.04.13-13.54.04
[2017.04.13-18.54.04:323][383]LogWorld: Bringing up level for play took: 0.000636
[2017.04.13-18.54.04:323][383]LogGameMode: Warning - PATHS NOT DEFINED or NO PLAYERSTART with positive rating
[2017.04.13-18.54.04:324][383]t.MaxFPS = "62"
[2017.04.13-18.54.04:325][383]LogLoad: Took 0.484204 seconds to LoadMap(/Game/ZTD_Blueprint/Maps/Menu_Main)
[2017.04.13-18.54.05:086][424]Closing by request
[2017.04.13-18.54.05:086][424]LogWindows: FPlatformMisc::RequestExit(0)
[2017.04.13-18.54.05:087][425]LogMoviePlayer: Shutting down movie player
[2017.04.13-18.54.05:225][425]LogWindowsTextInputMethodSystem:Display: IME system now deactivated.
[2017.04.13-18.54.05:226][425]LogWindowsTextInputMethodSystem:Display: IME system now deactivated.
[2017.04.13-18.54.05:227][425]LogExit: Preparing to exit.
[2017.04.13-18.54.06:163][425]LogExit: Game engine shut down
[2017.04.13-18.54.06:208][425]LogObj: Freed 0b from 0 cluster array pools.
[2017.04.13-18.54.06:209][425]LogExit: Object subsystem successfully closed.
[2017.04.13-18.54.06:225][425]LogD3D11RHI: Shutdown
[2017.04.13-18.54.06:225][425]LogD3D11RHI: CleanupD3DDevice
[2017.04.13-18.54.06:291][425]LogD3D11RHI: ~FD3D11DynamicRHI
[2017.04.13-18.54.06:317][425]LogModuleManager: Shutting down and abandoning module SequenceRecorderSections (125)
[2017.04.13-18.54.06:317][425]LogModuleManager: Shutting down and abandoning module SequenceRecorder (124)
[2017.04.13-18.54.06:317][425]LogModuleManager: Shutting down and abandoning module AutomationController (123)
[2017.04.13-18.54.06:317][425]LogModuleManager: Shutting down and abandoning module AutomationWorker (122)
[2017.04.13-18.54.06:317][425]LogModuleManager: Shutting down and abandoning module GameplayDebugger (121)
[2017.04.13-18.54.06:317][425]LogModuleManager: Shutting down and abandoning module AITestSuite (120)
[2017.04.13-18.54.06:317][425]LogModuleManager: Shutting down and abandoning module AIModule (119)
[2017.04.13-18.54.06:317][425]LogModuleManager: Shutting down and abandoning module WmfMediaFactory (118)
[2017.04.13-18.54.06:317][425]LogModuleManager: Shutting down and abandoning module AvfMediaFactory (117)
[2017.04.13-18.54.06:317][425]LogModuleManager: Shutting down and abandoning module Media (116)
[2017.04.13-18.54.06:317][425]LogModuleManager: Shutting down and abandoning module AndroidMediaFactory (115)
[2017.04.13-18.54.06:317][425]LogModuleManager: Shutting down and abandoning module CharacterAI (114)
[2017.04.13-18.54.06:317][425]LogModuleManager: Shutting down and abandoning module SessionServices (113)
[2017.04.13-18.54.06:317][425]LogModuleManager: Shutting down and abandoning module MovieSceneCapture (112)
[2017.04.13-18.54.06:317][425]LogModuleManager: Shutting down and abandoning module GeometryCacheEd (111)
[2017.04.13-18.54.06:317][425]LogModuleManager: Shutting down and abandoning module GeometryCache (110)
[2017.04.13-18.54.06:317][425]LogModuleManager: Shutting down and abandoning module Niagara (109)
[2017.04.13-18.54.06:317][425]LogModuleManager: Shutting down and abandoning module StreamingPauseRendering (108)
[2017.04.13-18.54.06:317][425]LogModuleManager: Shutting down and abandoning module PortalServices (107)
[2017.04.13-18.54.06:317][425]LogModuleManager: Shutting down and abandoning module PortalRpc (106)
[2017.04.13-18.54.06:317][425]LogModuleManager: Shutting down and abandoning module MessagingRpc (105)
[2017.04.13-18.54.06:317][425]LogModuleManager: Shutting down and abandoning module ProfilerService (104)
[2017.04.13-18.54.06:416][425]LogModuleManager: Shutting down and abandoning module TaskGraph (103)
[2017.04.13-18.54.06:416][425]LogModuleManager: Shutting down and abandoning module SlateRemote (102)
[2017.04.13-18.54.06:416][425]LogModuleManager: Shutting down and abandoning module SteamVRController (101)
[2017.04.13-18.54.06:416][425]LogModuleManager: Shutting down and abandoning module SteamVR (100)
[2017.04.13-18.54.06:416][425]LogModuleManager: Shutting down and abandoning module ProceduralMeshComponent (99)
[2017.04.13-18.54.06:416][425]LogModuleManager: Shutting down and abandoning module OculusLibrary (98)
[2017.04.13-18.54.06:416][425]LogModuleManager: Shutting down and abandoning module OculusInput (97)
[2017.04.13-18.54.06:416][425]LogModuleManager: Shutting down and abandoning module MobilePatchingUtils (96)
[2017.04.13-18.54.06:416][425]LogModuleManager: Shutting down and abandoning module CustomMeshComponent (95)
[2017.04.13-18.54.06:416][425]LogModuleManager: Shutting down and abandoning module CableComponent (94)
[2017.04.13-18.54.06:416][425]LogModuleManager: Shutting down and abandoning module ArchVisCharacter (93)
[2017.04.13-18.54.06:416][425]LogModuleManager: Shutting down and abandoning module HTML5Networking (91)
[2017.04.13-18.54.06:416][425]LogModuleManager: Shutting down and abandoning module DesktopPlatform (90)
[2017.04.13-18.54.06:416][425]LogModuleManager: Shutting down and abandoning module DirectoryWatcher (89)
[2017.04.13-18.54.06:416][425]LogModuleManager: Shutting down and abandoning module HotReload (88)
[2017.04.13-18.54.06:416][425]LogModuleManager: Shutting down and abandoning module VisualStudioSourceCodeAccess (87)
[2017.04.13-18.54.06:416][425]LogModuleManager: Shutting down and abandoning module UObjectPlugin (86)
[2017.04.13-18.54.06:416][425]LogModuleManager: Shutting down and abandoning module SubversionSourceControl (85)
[2017.04.13-18.54.06:416][425]LogModuleManager: Shutting down and abandoning module SourceControl (84)
[2017.04.13-18.54.06:416][425]LogModuleManager: Shutting down and abandoning module PerforceSourceControl (83)
[2017.04.13-18.54.06:416][425]LogModuleManager: Shutting down and abandoning module UdpMessaging (82)
[2017.04.13-18.54.06:517][425]LogModuleManager: Shutting down and abandoning module TcpMessaging (81)
[2017.04.13-18.54.06:993][425]LogModuleManager: Shutting down and abandoning module LightPropagationVolumeRuntime (80)
[2017.04.13-18.54.06:993][425]LogModuleManager: Shutting down and abandoning module Paper2D (79)
[2017.04.13-18.54.06:993][425]LogModuleManager: Shutting down and abandoning module WindowsMoviePlayer (78)
[2017.04.13-18.54.06:993][425]LogModuleManager: Shutting down and abandoning module WmfMedia (77)
[2017.04.13-18.54.06:993][425]LogModuleManager: Shutting down and abandoning module MediaAssets (76)
[2017.04.13-18.54.06:993][425]LogModuleManager: Shutting down and abandoning module GameLiveStreaming (75)
[2017.04.13-18.54.06:993][425]LogModuleManager: Shutting down and abandoning module GameplayTagsEditor (74)
[2017.04.13-18.54.06:993][425]LogModuleManager: Shutting down and abandoning module VREditor (73)
[2017.04.13-18.54.06:993][425]LogModuleManager: Shutting down and abandoning module GameplayTasksEditor (72)
[2017.04.13-18.54.06:993][425]LogModuleManager: Shutting down and abandoning module BehaviorTreeEditor (71)
[2017.04.13-18.54.06:993][425]LogModuleManager: Shutting down and abandoning module FunctionalTesting (70)
[2017.04.13-18.54.06:993][425]LogModuleManager: Shutting down and abandoning module CollisionAnalyzer (69)
[2017.04.13-18.54.06:993][425]LogModuleManager: Shutting down and abandoning module Sequencer (68)
[2017.04.13-18.54.06:993][425]LogModuleManager: Shutting down and abandoning module WorkspaceMenuStructure (67)
[2017.04.13-18.54.06:993][425]LogModuleManager: Shutting down and abandoning module MessageLog (66)
[2017.04.13-18.54.06:993][425]LogModuleManager: Shutting down and abandoning module AssetTools (65)
[2017.04.13-18.54.06:993][425]LogModuleManager: Shutting down and abandoning module UMGEditor (64)
[2017.04.13-18.54.06:993][425]LogModuleManager: Shutting down and abandoning module UMG (63)
[2017.04.13-18.54.06:993][425]LogModuleManager: Shutting down and abandoning module SlateReflector (62)
[2017.04.13-18.54.06:993][425]LogModuleManager: Shutting down and abandoning module Slate (61)
[2017.04.13-18.54.06:994][425]LogModuleManager: Shutting down and abandoning module EditorStyle (60)
[2017.04.13-18.54.06:996][425]LogModuleManager: Shutting down and abandoning module Messaging (59)
[2017.04.13-18.54.06:996][425]LogModuleManager: Shutting down and abandoning module SourceCodeAccess (58)
[2017.04.13-18.54.06:996][425]LogModuleManager: Shutting down and abandoning module HeadMountedDisplay (57)
[2017.04.13-18.54.06:996][425]LogModuleManager: Shutting down and abandoning module XAudio2 (56)
[2017.04.13-18.54.06:996][425]LogModuleManager: Shutting down and abandoning module Networking (54)
[2017.04.13-18.54.06:996][425]LogModuleManager: Shutting down and abandoning module Core (53)
[2017.04.13-18.54.06:996][425]LogModuleManager: Shutting down and abandoning module KismetCompiler (52)
[2017.04.13-18.54.06:996][425]LogModuleManager: Shutting down and abandoning module PhysXFormats (51)
[2017.04.13-18.54.06:996][425]LogModuleManager: Shutting down and abandoning module SimplygonSwarm (50)
[2017.04.13-18.54.06:996][425]LogModuleManager: Shutting down and abandoning module SimplygonMeshReduction (49)
[2017.04.13-18.54.06:996][425]LogModuleManager: Shutting down and abandoning module QuadricMeshReduction (48)
[2017.04.13-18.54.06:996][425]LogModuleManager: Shutting down and abandoning module PropertyEditor (47)
[2017.04.13-18.54.06:996][425]LogModuleManager: Shutting down and abandoning module MeshUtilities (46)
[2017.04.13-18.54.06:996][425]LogModuleManager: Shutting down and abandoning module AssetRegistry (45)
[2017.04.13-18.54.06:996][425]LogModuleManager: Shutting down and abandoning module DerivedDataCache (44)
[2017.04.13-18.54.07:036][425]LogDerivedDataCache: Shutdown
[2017.04.13-18.54.07:036][425]LogModuleManager: Shutting down and abandoning module VulkanShaderFormat (43)
[2017.04.13-18.54.07:036][425]LogModuleManager: Shutting down and abandoning module ShaderFormatOpenGL (42)
[2017.04.13-18.54.07:036][425]LogModuleManager: Shutting down and abandoning module ShaderFormatD3D (41)
[2017.04.13-18.54.07:036][425]LogModuleManager: Shutting down and abandoning module MetalShaderFormat (40)
[2017.04.13-18.54.07:036][425]LogModuleManager: Shutting down and abandoning module TextureFormatUncompressed (39)
[2017.04.13-18.54.07:036][425]LogModuleManager: Shutting down and abandoning module TextureFormatPVR (38)
[2017.04.13-18.54.07:036][425]LogModuleManager: Shutting down and abandoning module TextureFormatDXT (37)
[2017.04.13-18.54.07:036][425]LogModuleManager: Shutting down and abandoning module TextureFormatIntelISPCTexComp (36)
[2017.04.13-18.54.07:036][425]LogModuleManager: Shutting down and abandoning module ImageWrapper (35)
[2017.04.13-18.54.07:036][425]LogModuleManager: Shutting down and abandoning module TextureFormatASTC (34)
[2017.04.13-18.54.07:036][425]LogModuleManager: Shutting down and abandoning module TextureFormatAndroid (33)
[2017.04.13-18.54.07:036][425]LogModuleManager: Shutting down and abandoning module AudioFormatOpus (32)
[2017.04.13-18.54.07:036][425]LogModuleManager: Shutting down and abandoning module AudioFormatOgg (31)
[2017.04.13-18.54.07:037][425]LogModuleManager: Shutting down and abandoning module AudioFormatADPCM (30)
[2017.04.13-18.54.07:037][425]LogModuleManager: Shutting down and abandoning module WindowsTargetPlatform (29)
[2017.04.13-18.54.07:037][425]LogModuleManager: Shutting down and abandoning module WindowsServerTargetPlatform (28)
[2017.04.13-18.54.07:037][425]LogModuleManager: Shutting down and abandoning module WindowsNoEditorTargetPlatform (27)
[2017.04.13-18.54.07:037][425]LogModuleManager: Shutting down and abandoning module WindowsClientTargetPlatform (26)
[2017.04.13-18.54.07:037][425]LogModuleManager: Shutting down and abandoning module TargetPlatform (25)
[2017.04.13-18.54.07:037][425]LogModuleManager: Shutting down and abandoning module InputCore (24)
[2017.04.13-18.54.07:037][425]LogModuleManager: Shutting down and abandoning module Settings (23)
[2017.04.13-18.54.07:037][425]LogModuleManager: Shutting down and abandoning module OculusRift (22)
[2017.04.13-18.54.07:037][425]LogModuleManager: Shutting down and abandoning module ExampleDeviceProfileSelector (21)
[2017.04.13-18.54.07:037][425]LogModuleManager: Shutting down and abandoning module OnlineBlueprintSupport (20)
[2017.04.13-18.54.07:037][425]LogModuleManager: Shutting down and abandoning module OnlineSubsystem (18)
[2017.04.13-18.54.07:037][425]LogOnline:Display: Unloading online subsystem: NULL
[2017.04.13-18.54.07:037][425]LogModuleManager: Shutting down and abandoning module SSL (17)
[2017.04.13-18.54.07:038][425]LogModuleManager: Shutting down and abandoning module HTTP (16)
[2017.04.13-18.54.07:038][425]LogModuleManager: Shutting down and abandoning module XMPP (15)
[2017.04.13-18.54.07:038][425]LogModuleManager: Shutting down and abandoning module TextureCompressor (14)
[2017.04.13-18.54.07:038][425]LogModuleManager: Shutting down and abandoning module ShaderCore (13)
[2017.04.13-18.54.07:038][425]LogModuleManager: Shutting down and abandoning module Landscape (12)
[2017.04.13-18.54.07:038][425]LogModuleManager: Shutting down and abandoning module SlateRHIRenderer (11)
[2017.04.13-18.54.07:039][425]LogModuleManager: Shutting down and abandoning module OpenGLDrv (10)
[2017.04.13-18.54.07:039][425]LogModuleManager: Shutting down and abandoning module D3D11RHI (9)
[2017.04.13-18.54.07:039][425]LogModuleManager: Shutting down and abandoning module AnimGraphRuntime (8)
[2017.04.13-18.54.07:039][425]LogModuleManager: Shutting down and abandoning module Renderer (7)
[2017.04.13-18.54.07:039][425]LogModuleManager: Shutting down and abandoning module Engine (6)
[2017.04.13-18.54.07:039][425]LogModuleManager: Shutting down and abandoning module CoreUObject (5)
[2017.04.13-18.54.07:039][425]LogModuleManager: Shutting down and abandoning module NetworkFile (4)
[2017.04.13-18.54.07:039][425]LogModuleManager: Shutting down and abandoning module StreamingFile (3)
[2017.04.13-18.54.07:039][425]LogModuleManager: Shutting down and abandoning module SandboxFile (2)
[2017.04.13-18.54.07:039][425]LogModuleManager: Shutting down and abandoning module PakFile (1)
[2017.04.13-18.54.07:040][425]LogExit: Exiting.
[2017.04.13-18.54.07:041][425]Log file closed, 04/13/17 13:54:07
