Log file open, 04/26/17 06:18:11
LogInit:Display: Running engine for game: Zombie_Tower_Defense
LogPlatformFile: Not using cached read wrapper
LogInit:Display: RandInit(-840300161) SRandInit(-840300161).
LogTaskGraph: Started task graph with 5 named threads and 8 total threads with 1 sets of task threads.
LogStats: Stats thread started at 0.069196
LogPluginManager: Loaded Plugin Paper2D, From B:/Unreal Engine 4.14.3/UE_4.14/Engine/Plugins/2D/Paper2D/Paper2D.uplugin
LogPluginManager: Loaded Plugin LightPropagationVolume, From B:/Unreal Engine 4.14.3/UE_4.14/Engine/Plugins/Blendables/LightPropagationVolume/LightPropagationVolume.uplugin
LogPluginManager: Loaded Plugin BlankPlugin, From B:/Unreal Engine 4.14.3/UE_4.14/Engine/Plugins/Developer/BlankPlugin/BlankPlugin.uplugin
LogPluginManager: Loaded Plugin CodeLiteSourceCodeAccess, From B:/Unreal Engine 4.14.3/UE_4.14/Engine/Plugins/Developer/CodeLiteSourceCodeAccess/CodeLiteSourceCodeAccess.uplugin
LogPluginManager: Loaded Plugin GitSourceControl, From B:/Unreal Engine 4.14.3/UE_4.14/Engine/Plugins/Developer/GitSourceControl/GitSourceControl.uplugin
LogPluginManager: Loaded Plugin KDevelopSourceCodeAccess, From B:/Unreal Engine 4.14.3/UE_4.14/Engine/Plugins/Developer/KDevelopSourceCodeAccess/KDevelopSourceCodeAccess.uplugin
LogPluginManager: Loaded Plugin NullSourceCodeAccess, From B:/Unreal Engine 4.14.3/UE_4.14/Engine/Plugins/Developer/NullSourceCodeAccess/NullSourceCodeAccess.uplugin
LogPluginManager: Loaded Plugin OneSkyLocalizationService, From B:/Unreal Engine 4.14.3/UE_4.14/Engine/Plugins/Developer/OneSkyLocalizationService/OneSkyLocalizationService.uplugin
LogPluginManager: Loaded Plugin PerforceSourceControl, From B:/Unreal Engine 4.14.3/UE_4.14/Engine/Plugins/Developer/PerforceSourceControl/PerforceSourceControl.uplugin
LogPluginManager: Loaded Plugin SubversionSourceControl, From B:/Unreal Engine 4.14.3/UE_4.14/Engine/Plugins/Developer/SubversionSourceControl/SubversionSourceControl.uplugin
LogPluginManager: Loaded Plugin UObjectPlugin, From B:/Unreal Engine 4.14.3/UE_4.14/Engine/Plugins/Developer/UObjectPlugin/UObjectPlugin.uplugin
LogPluginManager: Loaded Plugin VisualStudioSourceCodeAccess, From B:/Unreal Engine 4.14.3/UE_4.14/Engine/Plugins/Developer/VisualStudioSourceCodeAccess/VisualStudioSourceCodeAccess.uplugin
LogPluginManager: Loaded Plugin XCodeSourceCodeAccess, From B:/Unreal Engine 4.14.3/UE_4.14/Engine/Plugins/Developer/XCodeSourceCodeAccess/XCodeSourceCodeAccess.uplugin
LogPluginManager: Loaded Plugin AudioCapture, From B:/Unreal Engine 4.14.3/UE_4.14/Engine/Plugins/Editor/AudioCapture/AudioCapture.uplugin
LogPluginManager: Loaded Plugin EpicSurvey, From B:/Unreal Engine 4.14.3/UE_4.14/Engine/Plugins/Editor/EpicSurvey/EpicSurvey.uplugin
LogPluginManager: Loaded Plugin MacGraphicsSwitching, From B:/Unreal Engine 4.14.3/UE_4.14/Engine/Plugins/Editor/MacGraphicsSwitching/MacGraphicsSwitching.uplugin
LogPluginManager: Loaded Plugin MobileLauncherProfileWizard, From B:/Unreal Engine 4.14.3/UE_4.14/Engine/Plugins/Editor/MobileLauncherProfileWizard/MobileLauncherProfileWizard.uplugin
LogPluginManager: Loaded Plugin PluginBrowser, From B:/Unreal Engine 4.14.3/UE_4.14/Engine/Plugins/Editor/PluginBrowser/PluginBrowser.uplugin
LogPluginManager: Loaded Plugin SpeedTreeImporter, From B:/Unreal Engine 4.14.3/UE_4.14/Engine/Plugins/Editor/SpeedTreeImporter/SpeedTreeImporter.uplugin
LogPluginManager: Loaded Plugin SuperSearchEditor, From B:/Unreal Engine 4.14.3/UE_4.14/Engine/Plugins/Editor/SuperSearchEditor/SuperSearchEditor.uplugin
LogPluginManager: Loaded Plugin AlembicImporter, From B:/Unreal Engine 4.14.3/UE_4.14/Engine/Plugins/Experimental/AlembicImporter/AlembicImporter.uplugin
LogPluginManager: Loaded Plugin BlueprintStats, From B:/Unreal Engine 4.14.3/UE_4.14/Engine/Plugins/Experimental/BlueprintStats/BlueprintStats.uplugin
LogPluginManager: Loaded Plugin CharacterAI, From B:/Unreal Engine 4.14.3/UE_4.14/Engine/Plugins/Experimental/CharacterAI/CharacterAI.uplugin
LogPluginManager: Loaded Plugin CodeEditor, From B:/Unreal Engine 4.14.3/UE_4.14/Engine/Plugins/Experimental/CodeEditor/CodeEditor.uplugin
LogPluginManager: Loaded Plugin CodeView, From B:/Unreal Engine 4.14.3/UE_4.14/Engine/Plugins/Experimental/CodeView/CodeView.uplugin
LogPluginManager: Loaded Plugin HTML5Networking, From B:/Unreal Engine 4.14.3/UE_4.14/Engine/Plugins/Experimental/HTML5Networking/HTML5Networking.uplugin
LogPluginManager: Loaded Plugin OSVR, From B:/Unreal Engine 4.14.3/UE_4.14/Engine/Plugins/Experimental/OSVR/OSVR.uplugin
LogPluginManager: Loaded Plugin Phya, From B:/Unreal Engine 4.14.3/UE_4.14/Engine/Plugins/Experimental/Phya/Phya.uplugin
LogPluginManager: Loaded Plugin SignificanceManager, From B:/Unreal Engine 4.14.3/UE_4.14/Engine/Plugins/Experimental/SignificanceManager/SignificanceManager.uplugin
LogPluginManager: Loaded Plugin SimpleHMD, From B:/Unreal Engine 4.14.3/UE_4.14/Engine/Plugins/Experimental/SimpleHMD/SimpleHMD.uplugin
LogPluginManager: Loaded Plugin StereoPanorama, From B:/Unreal Engine 4.14.3/UE_4.14/Engine/Plugins/Experimental/StereoPanorama/StereoPanorama.uplugin
LogPluginManager: Loaded Plugin StructBox, From B:/Unreal Engine 4.14.3/UE_4.14/Engine/Plugins/Experimental/StructBox/StructBox.uplugin
LogPluginManager: Loaded Plugin AndroidMedia, From B:/Unreal Engine 4.14.3/UE_4.14/Engine/Plugins/Media/AndroidMedia/AndroidMedia.uplugin
LogPluginManager: Loaded Plugin AvfMedia, From B:/Unreal Engine 4.14.3/UE_4.14/Engine/Plugins/Media/AvfMedia/AvfMedia.uplugin
LogPluginManager: Loaded Plugin MediaPlayerEditor, From B:/Unreal Engine 4.14.3/UE_4.14/Engine/Plugins/Media/MediaPlayerEditor/MediaPlayerEditor.uplugin
LogPluginManager: Loaded Plugin WmfMedia, From B:/Unreal Engine 4.14.3/UE_4.14/Engine/Plugins/Media/WmfMedia/WmfMedia.uplugin
LogPluginManager: Loaded Plugin MessagingDebugger, From B:/Unreal Engine 4.14.3/UE_4.14/Engine/Plugins/Messaging/MessagingDebugger/MessagingDebugger.uplugin
LogPluginManager: Loaded Plugin TcpMessaging, From B:/Unreal Engine 4.14.3/UE_4.14/Engine/Plugins/Messaging/TcpMessaging/TcpMessaging.uplugin
LogPluginManager: Loaded Plugin UdpMessaging, From B:/Unreal Engine 4.14.3/UE_4.14/Engine/Plugins/Messaging/UdpMessaging/UdpMessaging.uplugin
LogPluginManager: Loaded Plugin LevelSequenceEditor, From B:/Unreal Engine 4.14.3/UE_4.14/Engine/Plugins/MovieScene/LevelSequenceEditor/LevelSequenceEditor.uplugin
LogPluginManager: Loaded Plugin MatineeToLevelSequence, From B:/Unreal Engine 4.14.3/UE_4.14/Engine/Plugins/MovieScene/MatineeToLevelSequence/MatineeToLevelSequence.uplugin
LogPluginManager: Loaded Plugin NetcodeUnitTest, From B:/Unreal Engine 4.14.3/UE_4.14/Engine/Plugins/NetcodeUnitTest/NetcodeUnitTest/NetcodeUnitTest.uplugin
LogPluginManager: Loaded Plugin NUTUnrealEngine4, From B:/Unreal Engine 4.14.3/UE_4.14/Engine/Plugins/NetcodeUnitTest/NUTUnrealEngine4/NUTUnrealEngine4.uplugin
LogPluginManager: Loaded Plugin OnlineSubsystemGameCircle, From B:/Unreal Engine 4.14.3/UE_4.14/Engine/Plugins/Online/Android/OnlineSubsystemGameCircle/OnlineSubsystemGameCircle.uplugin
LogPluginManager: Loaded Plugin OnlineSubsystemGooglePlay, From B:/Unreal Engine 4.14.3/UE_4.14/Engine/Plugins/Online/Android/OnlineSubsystemGooglePlay/OnlineSubsystemGooglePlay.uplugin
LogPluginManager: Loaded Plugin OnlineSubsystemIOS, From B:/Unreal Engine 4.14.3/UE_4.14/Engine/Plugins/Online/IOS/OnlineSubsystemIOS/OnlineSubsystemIOS.uplugin
LogPluginManager: Loaded Plugin OnlineFramework, From B:/Unreal Engine 4.14.3/UE_4.14/Engine/Plugins/Online/OnlineFramework/OnlineFramework.uplugin
LogPluginManager: Loaded Plugin OnlineSubsystem, From B:/Unreal Engine 4.14.3/UE_4.14/Engine/Plugins/Online/OnlineSubsystem/OnlineSubsystem.uplugin
LogPluginManager: Loaded Plugin OnlineSubsystemAmazon, From B:/Unreal Engine 4.14.3/UE_4.14/Engine/Plugins/Online/OnlineSubsystemAmazon/OnlineSubsystemAmazon.uplugin
LogPluginManager: Loaded Plugin OnlineSubsystemFacebook, From B:/Unreal Engine 4.14.3/UE_4.14/Engine/Plugins/Online/OnlineSubsystemFacebook/OnlineSubsystemFacebook.uplugin
LogPluginManager: Loaded Plugin OnlineSubsystemNull, From B:/Unreal Engine 4.14.3/UE_4.14/Engine/Plugins/Online/OnlineSubsystemNull/OnlineSubsystemNull.uplugin
LogPluginManager: Loaded Plugin OnlineSubsystemOculus, From B:/Unreal Engine 4.14.3/UE_4.14/Engine/Plugins/Online/OnlineSubsystemOculus/OnlineSubsystemOculus.uplugin
LogPluginManager: Loaded Plugin OnlineSubsystemSteam, From B:/Unreal Engine 4.14.3/UE_4.14/Engine/Plugins/Online/OnlineSubsystemSteam/OnlineSubsystemSteam.uplugin
LogPluginManager: Loaded Plugin OnlineSubsystemUtils, From B:/Unreal Engine 4.14.3/UE_4.14/Engine/Plugins/Online/OnlineSubsystemUtils/OnlineSubsystemUtils.uplugin
LogPluginManager: Loaded Plugin IOSTapJoy, From B:/Unreal Engine 4.14.3/UE_4.14/Engine/Plugins/Runtime/Advertising/IOSTapJoy/IOSTapJoy.uplugin
LogPluginManager: Loaded Plugin AnalyticsBlueprintLibrary, From B:/Unreal Engine 4.14.3/UE_4.14/Engine/Plugins/Runtime/Analytics/AnalyticsBlueprintLibrary/AnalyticsBlueprintLibrary.uplugin
LogPluginManager: Loaded Plugin AnalyticsMulticast, From B:/Unreal Engine 4.14.3/UE_4.14/Engine/Plugins/Runtime/Analytics/AnalyticsMulticast/AnalyticsMulticast.uplugin
LogPluginManager: Loaded Plugin Apsalar, From B:/Unreal Engine 4.14.3/UE_4.14/Engine/Plugins/Runtime/Analytics/Apsalar/Apsalar.uplugin
LogPluginManager: Loaded Plugin FileLogging, From B:/Unreal Engine 4.14.3/UE_4.14/Engine/Plugins/Runtime/Analytics/FileLogging/FileLogging.uplugin
LogPluginManager: Loaded Plugin Flurry, From B:/Unreal Engine 4.14.3/UE_4.14/Engine/Plugins/Runtime/Analytics/Flurry/Flurry.uplugin
LogPluginManager: Loaded Plugin AndroidDeviceProfileSelector, From B:/Unreal Engine 4.14.3/UE_4.14/Engine/Plugins/Runtime/AndroidDeviceProfileSelector/AndroidDeviceProfileSelector.uplugin
LogPluginManager: Loaded Plugin AndroidMoviePlayer, From B:/Unreal Engine 4.14.3/UE_4.14/Engine/Plugins/Runtime/AndroidMoviePlayer/AndroidMoviePlayer.uplugin
LogPluginManager: Loaded Plugin AppleMoviePlayer, From B:/Unreal Engine 4.14.3/UE_4.14/Engine/Plugins/Runtime/AppleMoviePlayer/AppleMoviePlayer.uplugin
LogPluginManager: Loaded Plugin ArchVisCharacter, From B:/Unreal Engine 4.14.3/UE_4.14/Engine/Plugins/Runtime/ArchVisCharacter/ArchVisCharacter.uplugin
LogPluginManager: Loaded Plugin CableComponent, From B:/Unreal Engine 4.14.3/UE_4.14/Engine/Plugins/Runtime/CableComponent/CableComponent.uplugin
LogPluginManager: Loaded Plugin CustomMeshComponent, From B:/Unreal Engine 4.14.3/UE_4.14/Engine/Plugins/Runtime/CustomMeshComponent/CustomMeshComponent.uplugin
LogPluginManager: Loaded Plugin ExampleDeviceProfileSelector, From B:/Unreal Engine 4.14.3/UE_4.14/Engine/Plugins/Runtime/ExampleDeviceProfileSelector/ExampleDeviceProfileSelector.uplugin
LogPluginManager: Loaded Plugin GearVR, From B:/Unreal Engine 4.14.3/UE_4.14/Engine/Plugins/Runtime/GearVR/GearVR.uplugin
LogPluginManager: Loaded Plugin GoogleVRController, From B:/Unreal Engine 4.14.3/UE_4.14/Engine/Plugins/Runtime/GoogleVR/GoogleVRController/GoogleVRController.uplugin
LogPluginManager: Loaded Plugin GoogleVRHMD, From B:/Unreal Engine 4.14.3/UE_4.14/Engine/Plugins/Runtime/GoogleVR/GoogleVRHMD/GoogleVRHMD.uplugin
LogPluginManager: Loaded Plugin IOSDeviceProfileSelector, From B:/Unreal Engine 4.14.3/UE_4.14/Engine/Plugins/Runtime/IOSDeviceProfileSelector/IOSDeviceProfileSelector.uplugin
LogPluginManager: Loaded Plugin LeapMotion, From B:/Unreal Engine 4.14.3/UE_4.14/Engine/Plugins/Runtime/LeapMotion/LeapMotion.uplugin
LogPluginManager: Loaded Plugin LinuxDeviceProfileSelector, From B:/Unreal Engine 4.14.3/UE_4.14/Engine/Plugins/Runtime/LinuxDeviceProfileSelector/LinuxDeviceProfileSelector.uplugin
LogPluginManager: Loaded Plugin MIDIDevice, From B:/Unreal Engine 4.14.3/UE_4.14/Engine/Plugins/Runtime/MIDIDevice/MIDIDevice.uplugin
LogPluginManager: Loaded Plugin MobilePatchingUtils, From B:/Unreal Engine 4.14.3/UE_4.14/Engine/Plugins/Runtime/MobilePatchingUtils/MobilePatchingUtils.uplugin
LogPluginManager: Loaded Plugin Ansel, From B:/Unreal Engine 4.14.3/UE_4.14/Engine/Plugins/Runtime/Nvidia/Ansel/Ansel.uplugin
LogPluginManager: Loaded Plugin OculusAudio, From B:/Unreal Engine 4.14.3/UE_4.14/Engine/Plugins/Runtime/OculusAudio/OculusAudio.uplugin
LogPluginManager: Loaded Plugin OculusInput, From B:/Unreal Engine 4.14.3/UE_4.14/Engine/Plugins/Runtime/OculusInput/OculusInput.uplugin
LogPluginManager: Loaded Plugin OculusLibrary, From B:/Unreal Engine 4.14.3/UE_4.14/Engine/Plugins/Runtime/OculusLibrary/OculusLibrary.uplugin
LogPluginManager: Loaded Plugin OculusRift, From B:/Unreal Engine 4.14.3/UE_4.14/Engine/Plugins/Runtime/OculusRift/OculusRift.uplugin
LogPluginManager: Loaded Plugin Oodle, From B:/Unreal Engine 4.14.3/UE_4.14/Engine/Plugins/Runtime/PacketHandlers/CompressionComponents/Oodle/Oodle.uplugin
LogPluginManager: Loaded Plugin ProceduralMeshComponent, From B:/Unreal Engine 4.14.3/UE_4.14/Engine/Plugins/Runtime/ProceduralMeshComponent/ProceduralMeshComponent.uplugin
LogPluginManager: Loaded Plugin SoundMod, From B:/Unreal Engine 4.14.3/UE_4.14/Engine/Plugins/Runtime/SoundMod/SoundMod.uplugin
LogPluginManager: Loaded Plugin SoundVisualizations, From B:/Unreal Engine 4.14.3/UE_4.14/Engine/Plugins/Runtime/SoundVisualizations/SoundVisualizations.uplugin
LogPluginManager: Loaded Plugin SteamController, From B:/Unreal Engine 4.14.3/UE_4.14/Engine/Plugins/Runtime/Steam/SteamController/SteamController.uplugin
LogPluginManager: Loaded Plugin SteamVR, From B:/Unreal Engine 4.14.3/UE_4.14/Engine/Plugins/Runtime/Steam/SteamVR/SteamVR.uplugin
LogPluginManager: Loaded Plugin WebBrowserWidget, From B:/Unreal Engine 4.14.3/UE_4.14/Engine/Plugins/Runtime/WebBrowserWidget/WebBrowserWidget.uplugin
LogPluginManager: Loaded Plugin WindowsDeviceProfileSelector, From B:/Unreal Engine 4.14.3/UE_4.14/Engine/Plugins/Runtime/WindowsDeviceProfileSelector/WindowsDeviceProfileSelector.uplugin
LogPluginManager: Loaded Plugin WindowsMoviePlayer, From B:/Unreal Engine 4.14.3/UE_4.14/Engine/Plugins/Runtime/WindowsMoviePlayer/WindowsMoviePlayer.uplugin
LogPluginManager: Loaded Plugin ScriptPlugin, From B:/Unreal Engine 4.14.3/UE_4.14/Engine/Plugins/ScriptPlugin/ScriptPlugin.uplugin
LogPluginManager: Loaded Plugin SlateRemote, From B:/Unreal Engine 4.14.3/UE_4.14/Engine/Plugins/Slate/SlateRemote/SlateRemote.uplugin
LogPluginManager: Loaded Plugin EditorTests, From B:/Unreal Engine 4.14.3/UE_4.14/Engine/Plugins/Tests/EditorTests/EditorTests.uplugin
LogPluginManager: Loaded Plugin FbxAutomationTestBuilder, From B:/Unreal Engine 4.14.3/UE_4.14/Engine/Plugins/Tests/FbxAutomationTestBuilder/FbxAutomationTestBuilder.uplugin
LogPluginManager: Loaded Plugin FunctionalTestingEditor, From B:/Unreal Engine 4.14.3/UE_4.14/Engine/Plugins/Tests/FunctionalTestingEditor/FunctionalTestingEditor.uplugin
LogPluginManager: Loaded Plugin RuntimeTests, From B:/Unreal Engine 4.14.3/UE_4.14/Engine/Plugins/Tests/RuntimeTests/RuntimeTests.uplugin
LogPluginManager: Loaded Plugin ScreenshotTools, From B:/Unreal Engine 4.14.3/UE_4.14/Engine/Plugins/Tests/ScreenshotTools/ScreenshotTools.uplugin
LogInit: Using libcurl 7.47.1
LogInit:  - built for x86_64-pc-win32
LogInit:  - supports SSL with OpenSSL/1.0.2g
LogInit:  - supports HTTP deflate (compression) using libz 1.2.8
LogInit:  - other features:
LogInit:      CURL_VERSION_SSL
LogInit:      CURL_VERSION_LIBZ
LogInit:      CURL_VERSION_IPV6
LogInit:      CURL_VERSION_ASYNCHDNS
LogInit:      CURL_VERSION_LARGEFILE
LogInit:      CURL_VERSION_IDN
LogInit:  CurlRequestOptions (configurable via config and command line):
LogInit:  - bVerifyPeer = false  - Libcurl will NOT verify peer certificate
LogInit:  - bUseHttpProxy = false  - Libcurl will NOT use HTTP proxy
LogInit:  - bDontReuseConnections = false  - Libcurl will reuse connections
LogInit:  - CertBundlePath = nullptr  - Libcurl will use whatever was configured at build time.
LogInit: Build: ++UE4+Release-4.14-CL-3249277
LogInit: Engine Version: 4.14.3-3249277+++UE4+Release-4.14
LogInit: Compatible Engine Version: 4.14.0-3195953+++UE4+Release-4.14
LogInit: Net CL: 3195953
LogDevObjectVersion: Number of dev versions registered: 13
LogDevObjectVersion:   Dev-Blueprints (B0D832E4-1F89-4F0D-ACCF-7EB736FD4AA2): 7
LogDevObjectVersion:   Dev-Build (E1C64328-A22C-4D53-A36C-8E866417BD8C): 0
LogDevObjectVersion:   Dev-Core (375EC13C-06E4-48FB-B500-84F0262A717E): 1
LogDevObjectVersion:   Dev-Editor (E4B068ED-F494-42E9-A231-DA0B2E46BB41): 8
LogDevObjectVersion:   Dev-Framework (CFFC743F-43B0-4480-9391-14DF171D2073): 17
LogDevObjectVersion:   Dev-Mobile (B02B49B5-BB20-44E9-A304-32B752E40360): 0
LogDevObjectVersion:   Dev-Networking (A4E4105C-59A1-49B5-A7C5-40C4547EDFEE): 0
LogDevObjectVersion:   Dev-Online (39C831C9-5AE6-47DC-9A44-9C173E1C8E7C): 0
LogDevObjectVersion:   Dev-Physics (78F01B33-EBEA-4F98-B9B4-84EACCB95AA2): 0
LogDevObjectVersion:   Dev-Platform (6631380F-2D4D-43E0-8009-CF276956A95A): 0
LogDevObjectVersion:   Dev-Rendering (12F88B9F-8875-4AFC-A67C-D90C383ABD29): 12
LogDevObjectVersion:   Dev-Sequencer (7B5AE74C-D270-4C10-A958-57980B212A5A): 1
LogDevObjectVersion:   Dev-VR (D7296918-1DD6-4BDD-9DE2-64A83CC13884): 0
LogInit: Compiled (64-bit): Jan  6 2017 10:49:43
LogInit: Compiled with Visual C++: 19.00.23026.00
LogInit: Build Configuration: Development
LogInit: Branch Name: ++UE4+Release-4.14
LogInit: Command line: -EpicPortal 
LogInit: Base directory: B:/Unreal Engine 4.14.3/UE_4.14/Engine/Binaries/Win64/
LogInit: Installed Engine Build: 1
LogInit: Presizing for max 8388607 objects, including 0 objects not considered by GC, pre-allocating 0 bytes for permanent pool.
LogInit: Object subsystem initialized
[2017.04.26-11.18.11:234][  0]LogInit: Selected Device Profile: [Windows]
[2017.04.26-11.18.11:234][  0]LogInit: Applying CVar settings loaded from the selected device profile: [Windows]
[2017.04.26-11.18.11:242][  0]LogInit: Computer: MASTACHIEF-PC
[2017.04.26-11.18.11:242][  0]LogInit: User: MASTACHIEF
[2017.04.26-11.18.11:242][  0]LogInit: CPU Page size=65536, Cores=4
[2017.04.26-11.18.11:242][  0]LogInit: High frequency timer resolution =3.330146 MHz
[2017.04.26-11.18.11:242][  0]LogMemory: Memory total: Physical=16.0GB (16GB approx)
[2017.04.26-11.18.11:242][  0]LogMemory: Platform Memory Stats for Windows
[2017.04.26-11.18.11:242][  0]LogMemory: Process Physical Memory: 264.27 MB used, 264.27 MB peak
[2017.04.26-11.18.11:242][  0]LogMemory: Process Virtual Memory: 264.22 MB used, 264.22 MB peak
[2017.04.26-11.18.11:242][  0]LogMemory: Physical Memory: 7329.54 MB used,  9010.03 MB free, 16339.57 MB total
[2017.04.26-11.18.11:242][  0]LogMemory: Virtual Memory: 659.89 MB used,  9010.03 MB free, 8388608.00 MB total
[2017.04.26-11.18.11:270][  0]LogTextLocalizationManager: No specific translations for ('en-US') exist, so ('en') translations will be used.
[2017.04.26-11.18.11:791][  0]LogD3D11RHI: D3D11 adapters:
[2017.04.26-11.18.11:997][  0]LogD3D11RHI:    0. 'NVIDIA GeForce GTX 970' (Feature Level 11_0)
[2017.04.26-11.18.11:997][  0]LogD3D11RHI:       4007/0/7913 MB DedicatedVideo/DedicatedSystem/SharedSystem, Outputs:1, VendorId:0x10de
[2017.04.26-11.18.11:997][  0]LogD3D11RHI: Chosen D3D11 Adapter: 0
[2017.04.26-11.18.12:001][  0]LogD3D11RHI: Creating new Direct3DDevice
[2017.04.26-11.18.12:001][  0]LogD3D11RHI:     GPU DeviceId: 0x13c2 (for the marketing name, search the web for "GPU Device Id")
[2017.04.26-11.18.12:001][  0]LogWindows: EnumDisplayDevices:
[2017.04.26-11.18.12:002][  0]LogWindows:    0. 'NVIDIA GeForce GTX 970' (P:1 D:1)
[2017.04.26-11.18.12:002][  0]LogWindows:    1. 'NVIDIA GeForce GTX 970' (P:0 D:0)
[2017.04.26-11.18.12:002][  0]LogWindows:    2. 'NVIDIA GeForce GTX 970' (P:0 D:0)
[2017.04.26-11.18.12:002][  0]LogWindows:    3. 'NVIDIA GeForce GTX 970' (P:0 D:0)
[2017.04.26-11.18.12:002][  0]LogWindows:    4. 'RDPDD Chained DD' (P:0 D:0)
[2017.04.26-11.18.12:002][  0]LogWindows:    5. 'RDP Encoder Mirror Driver' (P:0 D:0)
[2017.04.26-11.18.12:002][  0]LogWindows:    6. 'RDP Reflector Display Driver' (P:0 D:0)
[2017.04.26-11.18.12:002][  0]LogWindows: DebugString: GetVideoDriverDetailsInvalid PrimaryIsNotTheChoosenAdapter GetVideoDriverDetailsInvalid PrimaryIsNotTheChoosenAdapter GetVideoDriverDetailsInvalid PrimaryIsNotTheChoosenAdapter FoundDriverCount:4 
[2017.04.26-11.18.12:002][  0]LogD3D11RHI:     Adapter Name: NVIDIA GeForce GTX 970
[2017.04.26-11.18.12:002][  0]LogD3D11RHI:   Driver Version: 376.33 (internal:21.21.13.7633, unified:376.33)
[2017.04.26-11.18.12:002][  0]LogD3D11RHI:      Driver Date: 12-11-2016
[2017.04.26-11.18.12:002][  0]LogRHI: Texture pool is 1361 MB (70% of 1945 MB)
[2017.04.26-11.18.12:191][  0]LogD3D11RHI: Async texture creation enabled
[2017.04.26-11.18.12:217][  0]LogD3D11RHI: GPU Timing Frequency: 1000.000000 (Debug: 2 2)
[2017.04.26-11.18.12:217][  0]LogShaderCompilers: Guid format shader working directory is -7 characters bigger than the processId version (../../../../../UE4 Projects/ZombieStuff/Zombie_TowerDefense/Intermediate/Shaders/WorkingDirectory/7524/).
[2017.04.26-11.18.12:217][  0]LogShaderCompilers: Cleaned the shader compiler working directory 'C:/Users/MASTA CHIEF/AppData/Local/Temp/UnrealShaderWorkingDir/4B9097834750F6615941E68622FA6784/'.
[2017.04.26-11.18.12:217][  0]LogShaderCompilers:Display: Using Local Shader Compiler.
[2017.04.26-11.18.13:151][  0]LogTemp:Display: Loaded TP AllDesktopTargetPlatform
[2017.04.26-11.18.13:194][  0]LogTemp:Display: Loaded TP MacClientTargetPlatform
[2017.04.26-11.18.13:236][  0]LogTemp:Display: Loaded TP MacNoEditorTargetPlatform
[2017.04.26-11.18.13:279][  0]LogTemp:Display: Loaded TP MacServerTargetPlatform
[2017.04.26-11.18.13:322][  0]LogTemp:Display: Loaded TP MacTargetPlatform
[2017.04.26-11.18.13:365][  0]LogTemp:Display: Loaded TP WindowsClientTargetPlatform
[2017.04.26-11.18.13:407][  0]LogTemp:Display: Loaded TP WindowsNoEditorTargetPlatform
[2017.04.26-11.18.13:451][  0]LogTemp:Display: Loaded TP WindowsServerTargetPlatform
[2017.04.26-11.18.13:482][  0]LogTemp:Display: Loaded TP WindowsTargetPlatform
[2017.04.26-11.18.13:532][  0]LogTemp:Display: Loaded TP AndroidTargetPlatform
[2017.04.26-11.18.13:576][  0]LogTemp:Display: Loaded TP Android_ASTCTargetPlatform
[2017.04.26-11.18.13:618][  0]LogTemp:Display: Loaded TP Android_ATCTargetPlatform
[2017.04.26-11.18.13:660][  0]LogTemp:Display: Loaded TP Android_DXTTargetPlatform
[2017.04.26-11.18.13:702][  0]LogTemp:Display: Loaded TP Android_ETC1TargetPlatform
[2017.04.26-11.18.13:743][  0]LogTemp:Display: Loaded TP Android_ETC2TargetPlatform
[2017.04.26-11.18.13:827][  0]LogTemp:Display: Loaded TP Android_MultiTargetPlatform
[2017.04.26-11.18.13:827][  0]LogTemp:Display: Loaded TP Android_PVRTCTargetPlatform
[2017.04.26-11.18.13:851][  0]LogTemp:Display: Loaded TP HTML5TargetPlatform
[2017.04.26-11.18.13:915][  0]LogTemp:Display: Loaded TP IOSTargetPlatform
[2017.04.26-11.18.13:943][  0]LogTemp:Display: Loaded TP TVOSTargetPlatform
[2017.04.26-11.18.13:985][  0]LogTemp:Display: Loaded TP LinuxClientTargetPlatform
[2017.04.26-11.18.14:027][  0]LogTemp:Display: Loaded TP LinuxNoEditorTargetPlatform
[2017.04.26-11.18.14:068][  0]LogTemp:Display: Loaded TP LinuxServerTargetPlatform
[2017.04.26-11.18.14:110][  0]LogTemp:Display: Loaded TP LinuxTargetPlatform
[2017.04.26-11.18.14:110][  0]LogTargetPlatformManager:Display: Building Assets For Windows
[2017.04.26-11.18.14:356][  0]LogDerivedDataCache:Display: Max Cache Size: 512 MB
[2017.04.26-11.18.14:398][  0]LogDerivedDataCache: Loaded boot cache 0.04s 50MB C:/Users/MASTA CHIEF/AppData/Local/UnrealEngine/4.14/DerivedDataCache/Boot.ddc.
[2017.04.26-11.18.14:398][  0]LogDerivedDataCache:Display: Loaded Boot cache: C:/Users/MASTA CHIEF/AppData/Local/UnrealEngine/4.14/DerivedDataCache/Boot.ddc
[2017.04.26-11.18.14:398][  0]LogDerivedDataCache: FDerivedDataBackendGraph:  Pak pak cache file ../../../../../UE4 Projects/ZombieStuff/Zombie_TowerDefense/DerivedDataCache/DDC.ddp not found, will not use a pak cache.
[2017.04.26-11.18.14:398][  0]LogDerivedDataCache: Unable to find inner node Pak for hierarchical cache Hierarchy.
[2017.04.26-11.18.14:399][  0]LogDerivedDataCache: FDerivedDataBackendGraph:  CompressedPak pak cache file ../../../../../UE4 Projects/ZombieStuff/Zombie_TowerDefense/DerivedDataCache/Compressed.ddp not found, will not use a pak cache.
[2017.04.26-11.18.14:399][  0]LogDerivedDataCache: Unable to find inner node CompressedPak for hierarchical cache Hierarchy.
[2017.04.26-11.18.14:415][  0]LogDerivedDataCache:Display: Pak cache opened for reading ../../../Engine/DerivedDataCache/Compressed.ddp.
[2017.04.26-11.18.14:426][  0]LogDerivedDataCache: Using Local data cache path C:/Users/MASTA CHIEF/AppData/Local/UnrealEngine/Common/DerivedDataCache: Writable
[2017.04.26-11.18.14:636][  0]LogInit: Selected Device Profile: [Windows]
[2017.04.26-11.18.14:640][  0]LogContentStreaming: Texture pool size is 0.00 MB
[2017.04.26-11.18.14:809][  0]LogMeshUtilities: Using QuadricMeshReduction for automatic static mesh reduction
[2017.04.26-11.18.14:836][  0]LogSimplygon: Simplygon DLL not present - disabling.
[2017.04.26-11.18.14:864][  0]LogMeshUtilities: Using SimplygonSwarm for distributed automatic mesh merging
[2017.04.26-11.18.14:864][  0]LogMeshUtilities: No automatic skeletal mesh reduction module available
[2017.04.26-11.18.14:864][  0]LogMeshUtilities: No automatic mesh merging module available
[2017.04.26-11.18.15:290][  0]LogNetVersion: GetLocalNetworkVersion: CL: 3195953, ProjectName: zombie_tower_defense, ProjectVersion: , EngineNetworkVersion: 2, GameNetworkVersion: 0, NetworkChecksum: 2528811943
[2017.04.26-11.18.15:337][  0]LogAssetRegistry: FAssetRegistry took 0.0202 seconds to start up
[2017.04.26-11.18.15:363][  0]LogPackageLocalizationCache: Processed 3 localized package path(s) for 2 prioritized culture(s) in 0.014207 seconds
[2017.04.26-11.18.15:368][  0]LogUObjectArray: 31946 objects as part of root set at end of initial load.
[2017.04.26-11.18.15:368][  0]LogUObjectAllocator: 6935848 out of 0 bytes used by permanent object pool.
[2017.04.26-11.18.15:368][  0]LogUObjectArray: CloseDisregardForGC: 0/0 objects in disregard for GC pool
[2017.04.26-11.18.15:404][  0]LogInit: WinSock: version 1.1 (2.2), MaxSocks=32767, MaxUdp=65467
[2017.04.26-11.18.15:865][  0]LogSlate: Using Freetype 2.6.0
[2017.04.26-11.18.15:865][  0]LogSlate: SlateFontCache - WITH_FREETYPE: 1, WITH_HARFBUZZ: 1
[2017.04.26-11.18.15:865][  0]LogSlate: SlateFontCache - WITH_FREETYPE: 1, WITH_HARFBUZZ: 1
[2017.04.26-11.18.16:480][  0]LogTcpMessaging: Initializing TcpMessaging bridge
[2017.04.26-11.18.16:507][  0]LogUdpMessaging: Initializing bridge on interface 0.0.0.0:0 to multicast group 230.0.0.1:6666.
[2017.04.26-11.18.16:728][  0]LogMaterial: Uniform references updated for custom material expression Custom.
[2017.04.26-11.18.16:990][  0]SourceControl: Info Source control is disabled
[2017.04.26-11.18.16:991][  0]SourceControl: Info Source control is disabled
[2017.04.26-11.18.17:020][  0]SourceControl: Info Source control is disabled
[2017.04.26-11.18.17:049][  0]SourceControl: Info Source control is disabled
[2017.04.26-11.18.17:874][  0]LogEngine: Initializing Engine...
[2017.04.26-11.18.17:874][  0]LogHMD: Failed to initialize OpenVR with code 110
[2017.04.26-11.18.18:090][  0]LogAIModule: Creating AISystem for world Untitled
[2017.04.26-11.18.18:100][  0]LogInit: XAudio2 using 'Speakers (Realtek High Definition Audio)' : 8 channels at 48 kHz using 32 bits per sample (channel mask 0x63f)
[2017.04.26-11.18.18:118][  0]LogInit: FAudioDevice initialized.
[2017.04.26-11.18.18:141][  0]LogDerivedDataCache: Saved boot cache 0.02s 50MB C:/Users/MASTA CHIEF/AppData/Local/UnrealEngine/4.14/DerivedDataCache/Boot.ddc.
[2017.04.26-11.18.18:145][  0]LogInit: Texture streaming: Enabled
[2017.04.26-11.18.18:266][  0]LogInit: Transaction tracking system initialized
[2017.04.26-11.18.18:494][  0]BlueprintLog: New page: Editor Load
[2017.04.26-11.18.19:075][  0]LocalizationService: Info Localization service is disabled
[2017.04.26-11.18.19:509][  0]LogConsoleResponse:Display: 
[2017.04.26-11.18.19:629][  0]LogCook:Display: Max memory allowance for cook 16384mb min free memory 0mb
[2017.04.26-11.18.19:629][  0]LogCook:Display: Mobile HDR setting 1
[2017.04.26-11.18.19:662][  0]LogFileCache: Scanning file cache for directory 'B:/UE4 Projects/ZombieStuff/Zombie_TowerDefense/Content/' took 0.02s
[2017.04.26-11.18.20:258][  0]SourceControl: Info Source control is disabled
[2017.04.26-11.18.20:258][  0]Cmd: MAP LOAD FILE="../../../../../UE4 Projects/ZombieStuff/Zombie_TowerDefense/Content/ZTD_Blueprint/Maps/Menu_Main.umap" TEMPLATE=0 SHOWPROGRESS=1 FEATURELEVEL=3
[2017.04.26-11.18.20:258][  0]LightingResults: New page: Lighting Build
[2017.04.26-11.18.20:285][  0]MapCheck: New page: Map Check
[2017.04.26-11.18.20:285][  0]LightingResults: New page: Lighting Build
[2017.04.26-11.18.21:501][  0]LogAIModule: Creating AISystem for world Menu_Main
[2017.04.26-11.18.21:502][  0]LogEditorServer: Finished looking for orphan Actors (0.000 secs)
[2017.04.26-11.18.21:502][  0]Cmd: MAP CHECKDEP NOCLEARLOG
[2017.04.26-11.18.21:534][  0]MapCheck: Info Map check complete: 0 Error(s), 0 Warning(s), took 31.771ms to complete.
[2017.04.26-11.18.21:534][  0]LogFileHelpers: Loading map 'Menu_Main' took 1.276
[2017.04.26-11.18.21:641][  0]LogCollectionManager: Loaded 0 collections in 0.001302 seconds
[2017.04.26-11.18.21:700][  0]LogFileCache: Scanning file cache for directory 'B:/UE4 Projects/ZombieStuff/Zombie_TowerDefense/Saved/Collections/' took 0.01s
[2017.04.26-11.18.21:700][  0]LogFileCache: Scanning file cache for directory 'B:/UE4 Projects/ZombieStuff/Zombie_TowerDefense/Content/Developers/MASTACHIEF/Collections/' took 0.01s
[2017.04.26-11.18.21:700][  0]LogFileCache: Scanning file cache for directory 'B:/UE4 Projects/ZombieStuff/Zombie_TowerDefense/Content/Collections/' took 0.01s
[2017.04.26-11.18.21:700][  0]LogCollectionManager: Rebuilt the GUID cache for 0 collections in 0.000002 seconds
[2017.04.26-11.18.21:709][  0]LogContentBrowser: Native class hierarchy populated in 0.0088 seconds. Added 2190 classes and 428 folders.
[2017.04.26-11.18.21:735][  0]LogStats: UGameplayTagsManager::ConstructGameplayTagTree: Construct from data asset -  0.000 s
[2017.04.26-11.18.21:735][  0]LogStats: UGameplayTagsManager::ConstructGameplayTagTree: GameplayTagTreeChangedEvent.Broadcast -  0.000 s
[2017.04.26-11.18.21:736][  0]LogContentBrowser: Native class hierarchy updated for 'GameplayTags' in 0.0005 seconds. Added 13 classes and 0 folders.
[2017.04.26-11.18.21:774][  0]LogContentBrowser: Native class hierarchy updated for 'WidgetCarousel' in 0.0004 seconds. Added 0 classes and 0 folders.
[2017.04.26-11.18.21:805][  0]LogContentBrowser: Native class hierarchy updated for 'AddContentDialog' in 0.0005 seconds. Added 0 classes and 0 folders.
[2017.04.26-11.18.21:832][  0]LogContentBrowser: Native class hierarchy updated for 'SceneOutliner' in 0.0005 seconds. Added 1 classes and 2 folders.
[2017.04.26-11.18.21:909][  0]LogCrashTracker: Crashtracker disabled due to settings.
[2017.04.26-11.18.21:912][  0]LogUObjectGlobals:Warning: Failed to find object 'Class None.'
[2017.04.26-11.18.21:959][  0]LogContentBrowser: Native class hierarchy updated for 'HierarchicalLODOutliner' in 0.0005 seconds. Added 1 classes and 2 folders.
[2017.04.26-11.18.21:960][  0]LogLoad: (Engine Initialization) Total time: 11.90 seconds
[2017.04.26-11.18.21:960][  0]LogLoad: (Engine Initialization) Total Blueprint compile time: 0.48 seconds
[2017.04.26-11.18.21:960][  0]LogExternalProfiler: No external profilers were discovered.  External profiling features will not be available.
[2017.04.26-11.18.21:969][  0]LogOcInput: OculusInput pre-init called
[2017.04.26-11.18.21:987][  0]LogContentStreaming: Texture pool size now 1000 MB
[2017.04.26-11.18.22:134][  0]LogRenderer: Reallocating scene render targets to support 1000x592 NumSamples 1 (Frame:2).
[2017.04.26-11.18.22:199][  1]LogAssetRegistry: Asset discovery search completed in 6.8818 seconds
[2017.04.26-11.18.22:199][  1]LogCollectionManager: Rebuilt the object cache for 0 collections in 0.000002 seconds (found 0 objects)
[2017.04.26-11.18.22:199][  1]LogCollectionManager: Fixed up redirectors for 0 collections in 0.000019 seconds (updated 0 objects)
[2017.04.26-11.18.44:773][658]Cmd: OBJ SAVEPACKAGE PACKAGE="/Game/Assets/RoadAssets/2Lanes" FILE="../../../../../UE4 Projects/ZombieStuff/Zombie_TowerDefense/Content/Assets/RoadAssets/2Lanes.uasset" SILENT=true
[2017.04.26-11.18.44:793][658]LogSavePackage: Save=18.64ms
[2017.04.26-11.18.44:793][658]LogSavePackage: Moving '../../../../../UE4 Projects/ZombieStuff/Zombie_TowerDefense/Saved/2LanesC6540F5D4EE92F57819C9496B3ECE511.tmp' to '../../../../../UE4 Projects/ZombieStuff/Zombie_TowerDefense/Content/Assets/RoadAssets/2Lanes.uasset'
[2017.04.26-11.18.44:793][658]LogSavePackage:Display: Finished SavePackage ../../../../../UE4 Projects/ZombieStuff/Zombie_TowerDefense/Content/Assets/RoadAssets/2Lanes.uasset
[2017.04.26-11.18.44:807][658]Cmd: OBJ SAVEPACKAGE PACKAGE="/Game/Assets/RoadAssets/ConcreteTexture" FILE="../../../../../UE4 Projects/ZombieStuff/Zombie_TowerDefense/Content/Assets/RoadAssets/ConcreteTexture.uasset" SILENT=true
[2017.04.26-11.18.44:903][658]LogSavePackage: Save=96.22ms
[2017.04.26-11.18.44:903][658]LogSavePackage: Moving '../../../../../UE4 Projects/ZombieStuff/Zombie_TowerDefense/Saved/ConcreteTexture8A5156414BC0A2CE8ADF2597EA98A26D.tmp' to '../../../../../UE4 Projects/ZombieStuff/Zombie_TowerDefense/Content/Assets/RoadAssets/ConcreteTexture.uasset'
[2017.04.26-11.18.44:904][658]LogSavePackage:Display: Finished SavePackage ../../../../../UE4 Projects/ZombieStuff/Zombie_TowerDefense/Content/Assets/RoadAssets/ConcreteTexture.uasset
[2017.04.26-11.18.44:917][658]Cmd: OBJ SAVEPACKAGE PACKAGE="/Game/Assets/RoadAssets/Curb" FILE="../../../../../UE4 Projects/ZombieStuff/Zombie_TowerDefense/Content/Assets/RoadAssets/Curb.uasset" SILENT=true
[2017.04.26-11.18.44:921][658]LogSavePackage: Save=3.75ms
[2017.04.26-11.18.44:922][658]LogSavePackage: Moving '../../../../../UE4 Projects/ZombieStuff/Zombie_TowerDefense/Saved/CurbDE28A02A4A13844B17D5EEB3F8D4D302.tmp' to '../../../../../UE4 Projects/ZombieStuff/Zombie_TowerDefense/Content/Assets/RoadAssets/Curb.uasset'
[2017.04.26-11.18.44:922][658]LogSavePackage:Display: Finished SavePackage ../../../../../UE4 Projects/ZombieStuff/Zombie_TowerDefense/Content/Assets/RoadAssets/Curb.uasset
[2017.04.26-11.18.44:937][658]Cmd: OBJ SAVEPACKAGE PACKAGE="/Game/Assets/RoadAssets/EmptyTexture" FILE="../../../../../UE4 Projects/ZombieStuff/Zombie_TowerDefense/Content/Assets/RoadAssets/EmptyTexture.uasset" SILENT=true
[2017.04.26-11.18.44:954][658]LogSavePackage: Save=16.47ms
[2017.04.26-11.18.44:954][658]LogSavePackage: Moving '../../../../../UE4 Projects/ZombieStuff/Zombie_TowerDefense/Saved/EmptyTexture91B63E6B451410231F94C89D36F0A473.tmp' to '../../../../../UE4 Projects/ZombieStuff/Zombie_TowerDefense/Content/Assets/RoadAssets/EmptyTexture.uasset'
[2017.04.26-11.18.44:955][658]LogSavePackage:Display: Finished SavePackage ../../../../../UE4 Projects/ZombieStuff/Zombie_TowerDefense/Content/Assets/RoadAssets/EmptyTexture.uasset
[2017.04.26-11.18.44:987][658]Cmd: OBJ SAVEPACKAGE PACKAGE="/Game/Assets/RoadAssets/FreeRoadSet_2Lanes" FILE="../../../../../UE4 Projects/ZombieStuff/Zombie_TowerDefense/Content/Assets/RoadAssets/FreeRoadSet_2Lanes.uasset" SILENT=true
[2017.04.26-11.18.44:997][658]LogSavePackage: Save=9.27ms
[2017.04.26-11.18.44:997][658]LogSavePackage: Moving '../../../../../UE4 Projects/ZombieStuff/Zombie_TowerDefense/Saved/FreeRoadSet_2LanesB61CB68B4D51FB0AA73DF3AAA0A92EC8.tmp' to '../../../../../UE4 Projects/ZombieStuff/Zombie_TowerDefense/Content/Assets/RoadAssets/FreeRoadSet_2Lanes.uasset'
[2017.04.26-11.18.44:998][658]LogSavePackage:Display: Finished SavePackage ../../../../../UE4 Projects/ZombieStuff/Zombie_TowerDefense/Content/Assets/RoadAssets/FreeRoadSet_2Lanes.uasset
[2017.04.26-11.18.45:000][658]Cmd: OBJ SAVEPACKAGE PACKAGE="/Game/RoadAssets/FreeRoadSet_2Lanes" FILE="../../../../../UE4 Projects/ZombieStuff/Zombie_TowerDefense/Content/RoadAssets/FreeRoadSet_2Lanes.uasset" SILENT=true
[2017.04.26-11.18.45:009][658]LogSavePackage: Save=0.73ms
[2017.04.26-11.18.45:009][658]LogSavePackage: Moving '../../../../../UE4 Projects/ZombieStuff/Zombie_TowerDefense/Saved/FreeRoadSet_2Lanes495E5FF745EBF4D25A24DCA334FAA9BB.tmp' to '../../../../../UE4 Projects/ZombieStuff/Zombie_TowerDefense/Content/RoadAssets/FreeRoadSet_2Lanes.uasset'
[2017.04.26-11.18.45:010][658]LogSavePackage:Display: Finished SavePackage ../../../../../UE4 Projects/ZombieStuff/Zombie_TowerDefense/Content/RoadAssets/FreeRoadSet_2Lanes.uasset
[2017.04.26-11.18.45:038][658]LogSavePackage: Save=9.52ms
[2017.04.26-11.18.45:038][658]LogSavePackage: Moving '../../../../../UE4 Projects/ZombieStuff/Zombie_TowerDefense/Saved/FreeRoadSet_2LanesTIntersectionB4C01E664A4DC564713C3D9F14F0F331.tmp' to '../../../../../UE4 Projects/ZombieStuff/Zombie_TowerDefense/Content/Assets/RoadAssets/FreeRoadSet_2LanesTIntersection.uasset'
[2017.04.26-11.18.45:039][658]LogSavePackage:Display: Finished SavePackage ../../../../../UE4 Projects/ZombieStuff/Zombie_TowerDefense/Content/Assets/RoadAssets/FreeRoadSet_2LanesTIntersection.uasset
[2017.04.26-11.18.45:051][658]LogSavePackage: Save=0.71ms
[2017.04.26-11.18.45:051][658]LogSavePackage: Moving '../../../../../UE4 Projects/ZombieStuff/Zombie_TowerDefense/Saved/FreeRoadSet_2LanesTIntersectionF10A7F15437C47C9FCFCF6B7631743B3.tmp' to '../../../../../UE4 Projects/ZombieStuff/Zombie_TowerDefense/Content/RoadAssets/FreeRoadSet_2LanesTIntersection.uasset'
[2017.04.26-11.18.45:052][658]LogSavePackage:Display: Finished SavePackage ../../../../../UE4 Projects/ZombieStuff/Zombie_TowerDefense/Content/RoadAssets/FreeRoadSet_2LanesTIntersection.uasset
[2017.04.26-11.18.45:079][658]LogSavePackage: Save=9.20ms
[2017.04.26-11.18.45:079][658]LogSavePackage: Moving '../../../../../UE4 Projects/ZombieStuff/Zombie_TowerDefense/Saved/FreeRoadSet_2LanesTurnEB1CAB5D4A013C57623D3B9C4B24ABFD.tmp' to '../../../../../UE4 Projects/ZombieStuff/Zombie_TowerDefense/Content/Assets/RoadAssets/FreeRoadSet_2LanesTurn.uasset'
[2017.04.26-11.18.45:080][658]LogSavePackage:Display: Finished SavePackage ../../../../../UE4 Projects/ZombieStuff/Zombie_TowerDefense/Content/Assets/RoadAssets/FreeRoadSet_2LanesTurn.uasset
[2017.04.26-11.18.45:107][658]LogSavePackage: Save=9.39ms
[2017.04.26-11.18.45:107][658]LogSavePackage: Moving '../../../../../UE4 Projects/ZombieStuff/Zombie_TowerDefense/Saved/FreeRoadSet_2LanesXIntersection8022D99C4A9649006406A3BA87B2AD25.tmp' to '../../../../../UE4 Projects/ZombieStuff/Zombie_TowerDefense/Content/Assets/RoadAssets/FreeRoadSet_2LanesXIntersection.uasset'
[2017.04.26-11.18.45:108][658]LogSavePackage:Display: Finished SavePackage ../../../../../UE4 Projects/ZombieStuff/Zombie_TowerDefense/Content/Assets/RoadAssets/FreeRoadSet_2LanesXIntersection.uasset
[2017.04.26-11.18.45:119][658]LogSavePackage: Save=0.73ms
[2017.04.26-11.18.45:119][658]LogSavePackage: Moving '../../../../../UE4 Projects/ZombieStuff/Zombie_TowerDefense/Saved/FreeRoadSet_2LanesXIntersectionDFCF650E48ADCDEDE2F84B9A816A762A.tmp' to '../../../../../UE4 Projects/ZombieStuff/Zombie_TowerDefense/Content/RoadAssets/FreeRoadSet_2LanesXIntersection.uasset'
[2017.04.26-11.18.45:119][658]LogSavePackage:Display: Finished SavePackage ../../../../../UE4 Projects/ZombieStuff/Zombie_TowerDefense/Content/RoadAssets/FreeRoadSet_2LanesXIntersection.uasset
[2017.04.26-11.18.45:144][658]Cmd: OBJ SAVEPACKAGE PACKAGE="/Game/Assets/RoadAssets/Material__111" FILE="../../../../../UE4 Projects/ZombieStuff/Zombie_TowerDefense/Content/Assets/RoadAssets/Material__111.uasset" SILENT=true
[2017.04.26-11.18.45:155][658]LogSavePackage: Save=10.15ms
[2017.04.26-11.18.45:155][658]LogSavePackage: Moving '../../../../../UE4 Projects/ZombieStuff/Zombie_TowerDefense/Saved/Material__111A96E48CC421D5ABBC6282F804B9238B3.tmp' to '../../../../../UE4 Projects/ZombieStuff/Zombie_TowerDefense/Content/Assets/RoadAssets/Material__111.uasset'
[2017.04.26-11.18.45:155][658]LogSavePackage:Display: Finished SavePackage ../../../../../UE4 Projects/ZombieStuff/Zombie_TowerDefense/Content/Assets/RoadAssets/Material__111.uasset
[2017.04.26-11.18.45:172][658]Cmd: OBJ SAVEPACKAGE PACKAGE="/Game/Assets/RoadAssets/Material__124" FILE="../../../../../UE4 Projects/ZombieStuff/Zombie_TowerDefense/Content/Assets/RoadAssets/Material__124.uasset" SILENT=true
[2017.04.26-11.18.45:183][658]LogSavePackage: Save=10.25ms
[2017.04.26-11.18.45:183][658]LogSavePackage: Moving '../../../../../UE4 Projects/ZombieStuff/Zombie_TowerDefense/Saved/Material__12417898E344AA92C3FD11A6FBCD08922D6.tmp' to '../../../../../UE4 Projects/ZombieStuff/Zombie_TowerDefense/Content/Assets/RoadAssets/Material__124.uasset'
[2017.04.26-11.18.45:183][658]LogSavePackage:Display: Finished SavePackage ../../../../../UE4 Projects/ZombieStuff/Zombie_TowerDefense/Content/Assets/RoadAssets/Material__124.uasset
[2017.04.26-11.18.45:200][658]Cmd: OBJ SAVEPACKAGE PACKAGE="/Game/Assets/RoadAssets/Material__137" FILE="../../../../../UE4 Projects/ZombieStuff/Zombie_TowerDefense/Content/Assets/RoadAssets/Material__137.uasset" SILENT=true
[2017.04.26-11.18.45:211][658]LogSavePackage: Save=10.60ms
[2017.04.26-11.18.45:211][658]LogSavePackage: Moving '../../../../../UE4 Projects/ZombieStuff/Zombie_TowerDefense/Saved/Material__137C2666BCF48BFE388DB3B52A4128598BA.tmp' to '../../../../../UE4 Projects/ZombieStuff/Zombie_TowerDefense/Content/Assets/RoadAssets/Material__137.uasset'
[2017.04.26-11.18.45:212][658]LogSavePackage:Display: Finished SavePackage ../../../../../UE4 Projects/ZombieStuff/Zombie_TowerDefense/Content/Assets/RoadAssets/Material__137.uasset
[2017.04.26-11.18.45:229][658]Cmd: OBJ SAVEPACKAGE PACKAGE="/Game/Assets/RoadAssets/Material__150" FILE="../../../../../UE4 Projects/ZombieStuff/Zombie_TowerDefense/Content/Assets/RoadAssets/Material__150.uasset" SILENT=true
[2017.04.26-11.18.45:240][658]LogSavePackage: Save=10.69ms
[2017.04.26-11.18.45:240][658]LogSavePackage: Moving '../../../../../UE4 Projects/ZombieStuff/Zombie_TowerDefense/Saved/Material__150B7AD5D4B4DF1676DD6196B87224514BF.tmp' to '../../../../../UE4 Projects/ZombieStuff/Zombie_TowerDefense/Content/Assets/RoadAssets/Material__150.uasset'
[2017.04.26-11.18.45:240][658]LogSavePackage:Display: Finished SavePackage ../../../../../UE4 Projects/ZombieStuff/Zombie_TowerDefense/Content/Assets/RoadAssets/Material__150.uasset
[2017.04.26-11.18.45:257][658]Cmd: OBJ SAVEPACKAGE PACKAGE="/Game/Assets/RoadAssets/Material__271" FILE="../../../../../UE4 Projects/ZombieStuff/Zombie_TowerDefense/Content/Assets/RoadAssets/Material__271.uasset" SILENT=true
[2017.04.26-11.18.45:269][658]LogSavePackage: Save=10.62ms
[2017.04.26-11.18.45:269][658]LogSavePackage: Moving '../../../../../UE4 Projects/ZombieStuff/Zombie_TowerDefense/Saved/Material__271BF06F9954FB97E7E8AEE34B96FB015D7.tmp' to '../../../../../UE4 Projects/ZombieStuff/Zombie_TowerDefense/Content/Assets/RoadAssets/Material__271.uasset'
[2017.04.26-11.18.45:269][658]LogSavePackage:Display: Finished SavePackage ../../../../../UE4 Projects/ZombieStuff/Zombie_TowerDefense/Content/Assets/RoadAssets/Material__271.uasset
[2017.04.26-11.18.45:286][658]Cmd: OBJ SAVEPACKAGE PACKAGE="/Game/Assets/RoadAssets/Material__283" FILE="../../../../../UE4 Projects/ZombieStuff/Zombie_TowerDefense/Content/Assets/RoadAssets/Material__283.uasset" SILENT=true
[2017.04.26-11.18.45:297][658]LogSavePackage: Save=10.74ms
[2017.04.26-11.18.45:297][658]LogSavePackage: Moving '../../../../../UE4 Projects/ZombieStuff/Zombie_TowerDefense/Saved/Material__2831438B5F1473EA536BF07809480CF28B7.tmp' to '../../../../../UE4 Projects/ZombieStuff/Zombie_TowerDefense/Content/Assets/RoadAssets/Material__283.uasset'
[2017.04.26-11.18.45:298][658]LogSavePackage:Display: Finished SavePackage ../../../../../UE4 Projects/ZombieStuff/Zombie_TowerDefense/Content/Assets/RoadAssets/Material__283.uasset
[2017.04.26-11.18.45:314][658]Cmd: OBJ SAVEPACKAGE PACKAGE="/Game/Assets/RoadAssets/Material__295" FILE="../../../../../UE4 Projects/ZombieStuff/Zombie_TowerDefense/Content/Assets/RoadAssets/Material__295.uasset" SILENT=true
[2017.04.26-11.18.45:325][658]LogSavePackage: Save=10.49ms
[2017.04.26-11.18.45:325][658]LogSavePackage: Moving '../../../../../UE4 Projects/ZombieStuff/Zombie_TowerDefense/Saved/Material__29512B8E548420DEB50327F5AAE4BE358C3.tmp' to '../../../../../UE4 Projects/ZombieStuff/Zombie_TowerDefense/Content/Assets/RoadAssets/Material__295.uasset'
[2017.04.26-11.18.45:326][658]LogSavePackage:Display: Finished SavePackage ../../../../../UE4 Projects/ZombieStuff/Zombie_TowerDefense/Content/Assets/RoadAssets/Material__295.uasset
[2017.04.26-11.18.45:342][658]Cmd: OBJ SAVEPACKAGE PACKAGE="/Game/Assets/RoadAssets/Material__307" FILE="../../../../../UE4 Projects/ZombieStuff/Zombie_TowerDefense/Content/Assets/RoadAssets/Material__307.uasset" SILENT=true
[2017.04.26-11.18.45:354][658]LogSavePackage: Save=10.95ms
[2017.04.26-11.18.45:354][658]LogSavePackage: Moving '../../../../../UE4 Projects/ZombieStuff/Zombie_TowerDefense/Saved/Material__307733EE0DC4168357B83CB029BCD2D274A.tmp' to '../../../../../UE4 Projects/ZombieStuff/Zombie_TowerDefense/Content/Assets/RoadAssets/Material__307.uasset'
[2017.04.26-11.18.45:355][658]LogSavePackage:Display: Finished SavePackage ../../../../../UE4 Projects/ZombieStuff/Zombie_TowerDefense/Content/Assets/RoadAssets/Material__307.uasset
[2017.04.26-11.18.45:371][658]Cmd: OBJ SAVEPACKAGE PACKAGE="/Game/Assets/RoadAssets/Material__333" FILE="../../../../../UE4 Projects/ZombieStuff/Zombie_TowerDefense/Content/Assets/RoadAssets/Material__333.uasset" SILENT=true
[2017.04.26-11.18.45:382][658]LogSavePackage: Save=10.30ms
[2017.04.26-11.18.45:382][658]LogSavePackage: Moving '../../../../../UE4 Projects/ZombieStuff/Zombie_TowerDefense/Saved/Material__333157BD27245809B69990BA08BF3B5AF90.tmp' to '../../../../../UE4 Projects/ZombieStuff/Zombie_TowerDefense/Content/Assets/RoadAssets/Material__333.uasset'
[2017.04.26-11.18.45:383][658]LogSavePackage:Display: Finished SavePackage ../../../../../UE4 Projects/ZombieStuff/Zombie_TowerDefense/Content/Assets/RoadAssets/Material__333.uasset
[2017.04.26-11.18.45:399][658]Cmd: OBJ SAVEPACKAGE PACKAGE="/Game/Assets/RoadAssets/Material__359" FILE="../../../../../UE4 Projects/ZombieStuff/Zombie_TowerDefense/Content/Assets/RoadAssets/Material__359.uasset" SILENT=true
[2017.04.26-11.18.45:411][658]LogSavePackage: Save=10.66ms
[2017.04.26-11.18.45:411][658]LogSavePackage: Moving '../../../../../UE4 Projects/ZombieStuff/Zombie_TowerDefense/Saved/Material__359134A6CBB4DD7B775ED6FEAA3F2A9FEDB.tmp' to '../../../../../UE4 Projects/ZombieStuff/Zombie_TowerDefense/Content/Assets/RoadAssets/Material__359.uasset'
[2017.04.26-11.18.45:411][658]LogSavePackage:Display: Finished SavePackage ../../../../../UE4 Projects/ZombieStuff/Zombie_TowerDefense/Content/Assets/RoadAssets/Material__359.uasset
[2017.04.26-11.18.45:428][658]Cmd: OBJ SAVEPACKAGE PACKAGE="/Game/Assets/RoadAssets/Material__372" FILE="../../../../../UE4 Projects/ZombieStuff/Zombie_TowerDefense/Content/Assets/RoadAssets/Material__372.uasset" SILENT=true
[2017.04.26-11.18.45:439][658]LogSavePackage: Save=10.78ms
[2017.04.26-11.18.45:439][658]LogSavePackage: Moving '../../../../../UE4 Projects/ZombieStuff/Zombie_TowerDefense/Saved/Material__3727293F03444ACA969F89D36B2ED5F10B5.tmp' to '../../../../../UE4 Projects/ZombieStuff/Zombie_TowerDefense/Content/Assets/RoadAssets/Material__372.uasset'
[2017.04.26-11.18.45:440][658]LogSavePackage:Display: Finished SavePackage ../../../../../UE4 Projects/ZombieStuff/Zombie_TowerDefense/Content/Assets/RoadAssets/Material__372.uasset
[2017.04.26-11.18.45:456][658]Cmd: OBJ SAVEPACKAGE PACKAGE="/Game/Assets/RoadAssets/Material__385" FILE="../../../../../UE4 Projects/ZombieStuff/Zombie_TowerDefense/Content/Assets/RoadAssets/Material__385.uasset" SILENT=true
[2017.04.26-11.18.45:468][658]LogSavePackage: Save=10.82ms
[2017.04.26-11.18.45:468][658]LogSavePackage: Moving '../../../../../UE4 Projects/ZombieStuff/Zombie_TowerDefense/Saved/Material__3854C2B9FF8427C6B03DE9CB9B0AB902817.tmp' to '../../../../../UE4 Projects/ZombieStuff/Zombie_TowerDefense/Content/Assets/RoadAssets/Material__385.uasset'
[2017.04.26-11.18.45:468][658]LogSavePackage:Display: Finished SavePackage ../../../../../UE4 Projects/ZombieStuff/Zombie_TowerDefense/Content/Assets/RoadAssets/Material__385.uasset
[2017.04.26-11.18.45:485][658]Cmd: OBJ SAVEPACKAGE PACKAGE="/Game/Assets/RoadAssets/Material__399" FILE="../../../../../UE4 Projects/ZombieStuff/Zombie_TowerDefense/Content/Assets/RoadAssets/Material__399.uasset" SILENT=true
[2017.04.26-11.18.45:496][658]LogSavePackage: Save=10.80ms
[2017.04.26-11.18.45:496][658]LogSavePackage: Moving '../../../../../UE4 Projects/ZombieStuff/Zombie_TowerDefense/Saved/Material__3991BAA964044499CF5C71F8AAE25B620DB.tmp' to '../../../../../UE4 Projects/ZombieStuff/Zombie_TowerDefense/Content/Assets/RoadAssets/Material__399.uasset'
[2017.04.26-11.18.45:497][658]LogSavePackage:Display: Finished SavePackage ../../../../../UE4 Projects/ZombieStuff/Zombie_TowerDefense/Content/Assets/RoadAssets/Material__399.uasset
[2017.04.26-11.18.45:513][658]Cmd: OBJ SAVEPACKAGE PACKAGE="/Game/Assets/RoadAssets/Material__414" FILE="../../../../../UE4 Projects/ZombieStuff/Zombie_TowerDefense/Content/Assets/RoadAssets/Material__414.uasset" SILENT=true
[2017.04.26-11.18.45:525][658]LogSavePackage: Save=10.76ms
[2017.04.26-11.18.45:525][658]LogSavePackage: Moving '../../../../../UE4 Projects/ZombieStuff/Zombie_TowerDefense/Saved/Material__4143ACB2D77424535EB35A4339C937DC8A1.tmp' to '../../../../../UE4 Projects/ZombieStuff/Zombie_TowerDefense/Content/Assets/RoadAssets/Material__414.uasset'
[2017.04.26-11.18.45:525][658]LogSavePackage:Display: Finished SavePackage ../../../../../UE4 Projects/ZombieStuff/Zombie_TowerDefense/Content/Assets/RoadAssets/Material__414.uasset
[2017.04.26-11.18.45:542][658]Cmd: OBJ SAVEPACKAGE PACKAGE="/Game/Assets/RoadAssets/Material__429" FILE="../../../../../UE4 Projects/ZombieStuff/Zombie_TowerDefense/Content/Assets/RoadAssets/Material__429.uasset" SILENT=true
[2017.04.26-11.18.45:553][658]LogSavePackage: Save=10.26ms
[2017.04.26-11.18.45:553][658]LogSavePackage: Moving '../../../../../UE4 Projects/ZombieStuff/Zombie_TowerDefense/Saved/Material__429ED6E812B498C31E669DAB296EBDBCEDC.tmp' to '../../../../../UE4 Projects/ZombieStuff/Zombie_TowerDefense/Content/Assets/RoadAssets/Material__429.uasset'
[2017.04.26-11.18.45:554][658]LogSavePackage:Display: Finished SavePackage ../../../../../UE4 Projects/ZombieStuff/Zombie_TowerDefense/Content/Assets/RoadAssets/Material__429.uasset
[2017.04.26-11.18.45:570][658]Cmd: OBJ SAVEPACKAGE PACKAGE="/Game/Assets/RoadAssets/Material__442" FILE="../../../../../UE4 Projects/ZombieStuff/Zombie_TowerDefense/Content/Assets/RoadAssets/Material__442.uasset" SILENT=true
[2017.04.26-11.18.45:581][658]LogSavePackage: Save=10.19ms
[2017.04.26-11.18.45:581][658]LogSavePackage: Moving '../../../../../UE4 Projects/ZombieStuff/Zombie_TowerDefense/Saved/Material__442ACFB2A9E41B744C707A2068CEAA0C713.tmp' to '../../../../../UE4 Projects/ZombieStuff/Zombie_TowerDefense/Content/Assets/RoadAssets/Material__442.uasset'
[2017.04.26-11.18.45:582][658]LogSavePackage:Display: Finished SavePackage ../../../../../UE4 Projects/ZombieStuff/Zombie_TowerDefense/Content/Assets/RoadAssets/Material__442.uasset
[2017.04.26-11.18.45:598][658]Cmd: OBJ SAVEPACKAGE PACKAGE="/Game/Assets/RoadAssets/Material__454" FILE="../../../../../UE4 Projects/ZombieStuff/Zombie_TowerDefense/Content/Assets/RoadAssets/Material__454.uasset" SILENT=true
[2017.04.26-11.18.45:610][658]LogSavePackage: Save=10.53ms
[2017.04.26-11.18.45:610][658]LogSavePackage: Moving '../../../../../UE4 Projects/ZombieStuff/Zombie_TowerDefense/Saved/Material__454E51E42664404AAB9976A9F9834ED755C.tmp' to '../../../../../UE4 Projects/ZombieStuff/Zombie_TowerDefense/Content/Assets/RoadAssets/Material__454.uasset'
[2017.04.26-11.18.45:610][658]LogSavePackage:Display: Finished SavePackage ../../../../../UE4 Projects/ZombieStuff/Zombie_TowerDefense/Content/Assets/RoadAssets/Material__454.uasset
[2017.04.26-11.18.45:627][658]Cmd: OBJ SAVEPACKAGE PACKAGE="/Game/Assets/RoadAssets/Material__466" FILE="../../../../../UE4 Projects/ZombieStuff/Zombie_TowerDefense/Content/Assets/RoadAssets/Material__466.uasset" SILENT=true
[2017.04.26-11.18.45:638][658]LogSavePackage: Save=10.67ms
[2017.04.26-11.18.45:638][658]LogSavePackage: Moving '../../../../../UE4 Projects/ZombieStuff/Zombie_TowerDefense/Saved/Material__466362A80A9498D35F3C5163EA1C27E0995.tmp' to '../../../../../UE4 Projects/ZombieStuff/Zombie_TowerDefense/Content/Assets/RoadAssets/Material__466.uasset'
[2017.04.26-11.18.45:639][658]LogSavePackage:Display: Finished SavePackage ../../../../../UE4 Projects/ZombieStuff/Zombie_TowerDefense/Content/Assets/RoadAssets/Material__466.uasset
[2017.04.26-11.18.45:655][658]Cmd: OBJ SAVEPACKAGE PACKAGE="/Game/Assets/RoadAssets/Material__47" FILE="../../../../../UE4 Projects/ZombieStuff/Zombie_TowerDefense/Content/Assets/RoadAssets/Material__47.uasset" SILENT=true
[2017.04.26-11.18.45:667][658]LogSavePackage: Save=10.88ms
[2017.04.26-11.18.45:667][658]LogSavePackage: Moving '../../../../../UE4 Projects/ZombieStuff/Zombie_TowerDefense/Saved/Material__47D8E2616C4B7133608B50F68DEB294D38.tmp' to '../../../../../UE4 Projects/ZombieStuff/Zombie_TowerDefense/Content/Assets/RoadAssets/Material__47.uasset'
[2017.04.26-11.18.45:668][658]LogSavePackage:Display: Finished SavePackage ../../../../../UE4 Projects/ZombieStuff/Zombie_TowerDefense/Content/Assets/RoadAssets/Material__47.uasset
[2017.04.26-11.18.45:684][658]Cmd: OBJ SAVEPACKAGE PACKAGE="/Game/Assets/RoadAssets/Material__478" FILE="../../../../../UE4 Projects/ZombieStuff/Zombie_TowerDefense/Content/Assets/RoadAssets/Material__478.uasset" SILENT=true
[2017.04.26-11.18.45:695][658]LogSavePackage: Save=10.78ms
[2017.04.26-11.18.45:695][658]LogSavePackage: Moving '../../../../../UE4 Projects/ZombieStuff/Zombie_TowerDefense/Saved/Material__4784BFEE99A497D8A97DA8E65A13A63E89B.tmp' to '../../../../../UE4 Projects/ZombieStuff/Zombie_TowerDefense/Content/Assets/RoadAssets/Material__478.uasset'
[2017.04.26-11.18.45:696][658]LogSavePackage:Display: Finished SavePackage ../../../../../UE4 Projects/ZombieStuff/Zombie_TowerDefense/Content/Assets/RoadAssets/Material__478.uasset
[2017.04.26-11.18.45:713][658]Cmd: OBJ SAVEPACKAGE PACKAGE="/Game/Assets/RoadAssets/Material__48" FILE="../../../../../UE4 Projects/ZombieStuff/Zombie_TowerDefense/Content/Assets/RoadAssets/Material__48.uasset" SILENT=true
[2017.04.26-11.18.45:723][658]LogSavePackage: Save=9.49ms
[2017.04.26-11.18.45:723][658]LogSavePackage: Moving '../../../../../UE4 Projects/ZombieStuff/Zombie_TowerDefense/Saved/Material__48BACA5DB54426E488E606C791D56D0452.tmp' to '../../../../../UE4 Projects/ZombieStuff/Zombie_TowerDefense/Content/Assets/RoadAssets/Material__48.uasset'
[2017.04.26-11.18.45:724][658]LogSavePackage:Display: Finished SavePackage ../../../../../UE4 Projects/ZombieStuff/Zombie_TowerDefense/Content/Assets/RoadAssets/Material__48.uasset
[2017.04.26-11.18.45:740][658]Cmd: OBJ SAVEPACKAGE PACKAGE="/Game/Assets/RoadAssets/Material__490" FILE="../../../../../UE4 Projects/ZombieStuff/Zombie_TowerDefense/Content/Assets/RoadAssets/Material__490.uasset" SILENT=true
[2017.04.26-11.18.45:751][658]LogSavePackage: Save=10.65ms
[2017.04.26-11.18.45:752][658]LogSavePackage: Moving '../../../../../UE4 Projects/ZombieStuff/Zombie_TowerDefense/Saved/Material__4905BE77AC346CC43BEF4C69CAADCD9BBEF.tmp' to '../../../../../UE4 Projects/ZombieStuff/Zombie_TowerDefense/Content/Assets/RoadAssets/Material__490.uasset'
[2017.04.26-11.18.45:752][658]LogSavePackage:Display: Finished SavePackage ../../../../../UE4 Projects/ZombieStuff/Zombie_TowerDefense/Content/Assets/RoadAssets/Material__490.uasset
[2017.04.26-11.18.45:770][658]Cmd: OBJ SAVEPACKAGE PACKAGE="/Game/Assets/RoadAssets/Material__59" FILE="../../../../../UE4 Projects/ZombieStuff/Zombie_TowerDefense/Content/Assets/RoadAssets/Material__59.uasset" SILENT=true
[2017.04.26-11.18.45:781][658]LogSavePackage: Save=11.06ms
[2017.04.26-11.18.45:781][658]LogSavePackage: Moving '../../../../../UE4 Projects/ZombieStuff/Zombie_TowerDefense/Saved/Material__59CE10AEA84E7ED90E553DFDB36636FD7C.tmp' to '../../../../../UE4 Projects/ZombieStuff/Zombie_TowerDefense/Content/Assets/RoadAssets/Material__59.uasset'
[2017.04.26-11.18.45:782][658]LogSavePackage:Display: Finished SavePackage ../../../../../UE4 Projects/ZombieStuff/Zombie_TowerDefense/Content/Assets/RoadAssets/Material__59.uasset
[2017.04.26-11.18.45:799][658]Cmd: OBJ SAVEPACKAGE PACKAGE="/Game/Assets/RoadAssets/Material__72" FILE="../../../../../UE4 Projects/ZombieStuff/Zombie_TowerDefense/Content/Assets/RoadAssets/Material__72.uasset" SILENT=true
[2017.04.26-11.18.45:810][658]LogSavePackage: Save=11.04ms
[2017.04.26-11.18.45:810][658]LogSavePackage: Moving '../../../../../UE4 Projects/ZombieStuff/Zombie_TowerDefense/Saved/Material__72869E09864F34AC164ABA06A4C9D819E5.tmp' to '../../../../../UE4 Projects/ZombieStuff/Zombie_TowerDefense/Content/Assets/RoadAssets/Material__72.uasset'
[2017.04.26-11.18.45:811][658]LogSavePackage:Display: Finished SavePackage ../../../../../UE4 Projects/ZombieStuff/Zombie_TowerDefense/Content/Assets/RoadAssets/Material__72.uasset
[2017.04.26-11.18.45:828][658]Cmd: OBJ SAVEPACKAGE PACKAGE="/Game/Assets/RoadAssets/Material__85" FILE="../../../../../UE4 Projects/ZombieStuff/Zombie_TowerDefense/Content/Assets/RoadAssets/Material__85.uasset" SILENT=true
[2017.04.26-11.18.45:839][658]LogSavePackage: Save=10.55ms
[2017.04.26-11.18.45:839][658]LogSavePackage: Moving '../../../../../UE4 Projects/ZombieStuff/Zombie_TowerDefense/Saved/Material__854B1325C141D1778ADA236BAC190B6DCE.tmp' to '../../../../../UE4 Projects/ZombieStuff/Zombie_TowerDefense/Content/Assets/RoadAssets/Material__85.uasset'
[2017.04.26-11.18.45:840][658]LogSavePackage:Display: Finished SavePackage ../../../../../UE4 Projects/ZombieStuff/Zombie_TowerDefense/Content/Assets/RoadAssets/Material__85.uasset
[2017.04.26-11.18.45:857][658]Cmd: OBJ SAVEPACKAGE PACKAGE="/Game/Assets/RoadAssets/Material__98" FILE="../../../../../UE4 Projects/ZombieStuff/Zombie_TowerDefense/Content/Assets/RoadAssets/Material__98.uasset" SILENT=true
[2017.04.26-11.18.45:868][658]LogSavePackage: Save=10.72ms
[2017.04.26-11.18.45:868][658]LogSavePackage: Moving '../../../../../UE4 Projects/ZombieStuff/Zombie_TowerDefense/Saved/Material__98B424845C49B23FFF1406CB938A0E2287.tmp' to '../../../../../UE4 Projects/ZombieStuff/Zombie_TowerDefense/Content/Assets/RoadAssets/Material__98.uasset'
[2017.04.26-11.18.45:869][658]LogSavePackage:Display: Finished SavePackage ../../../../../UE4 Projects/ZombieStuff/Zombie_TowerDefense/Content/Assets/RoadAssets/Material__98.uasset
[2017.04.26-11.18.45:880][658]Cmd: OBJ SAVEPACKAGE PACKAGE="/Game/Assets/RoadAssets/StopLine" FILE="../../../../../UE4 Projects/ZombieStuff/Zombie_TowerDefense/Content/Assets/RoadAssets/StopLine.uasset" SILENT=true
[2017.04.26-11.18.45:896][658]LogSavePackage: Save=15.15ms
[2017.04.26-11.18.45:896][658]LogSavePackage: Moving '../../../../../UE4 Projects/ZombieStuff/Zombie_TowerDefense/Saved/StopLine8D15683D4CD885A3B9D7D5825DAF4781.tmp' to '../../../../../UE4 Projects/ZombieStuff/Zombie_TowerDefense/Content/Assets/RoadAssets/StopLine.uasset'
[2017.04.26-11.18.45:897][658]LogSavePackage:Display: Finished SavePackage ../../../../../UE4 Projects/ZombieStuff/Zombie_TowerDefense/Content/Assets/RoadAssets/StopLine.uasset
[2017.04.26-11.20.34:757][635]LogAIModule: Creating AISystem for world MapB
[2017.04.26-11.20.34:812][635]Cmd: MAP LOAD FILE="../../../../../UE4 Projects/ZombieStuff/Zombie_TowerDefense/Content/ZTD_Blueprint/Maps/MapB.umap" TEMPLATE=0 SHOWPROGRESS=1 FEATURELEVEL=3
[2017.04.26-11.20.34:812][635]LightingResults: New page: Lighting Build
[2017.04.26-11.20.34:813][635]LoadErrors: New page: Loading map: MapB.umap
[2017.04.26-11.20.34:813][635]MapCheck: New page: Map Check
[2017.04.26-11.20.34:813][635]LightingResults: New page: Lighting Build
[2017.04.26-11.20.34:974][635]LogEditorServer: Finished looking for orphan Actors (0.000 secs)
[2017.04.26-11.20.35:021][635]Cmd: MAP CHECKDEP NOCLEARLOG
[2017.04.26-11.20.35:061][635]MapCheck: Info Map check complete: 0 Error(s), 0 Warning(s), took 39.965ms to complete.
[2017.04.26-11.20.35:061][635]LogFileHelpers: Loading map 'MapB' took 0.249
[2017.04.26-11.20.46:149][827]LogAIModule: Creating AISystem for world MapC
[2017.04.26-11.20.46:203][827]Cmd: MAP LOAD FILE="../../../../../UE4 Projects/ZombieStuff/Zombie_TowerDefense/Content/ZTD_Blueprint/Maps/MapC.umap" TEMPLATE=0 SHOWPROGRESS=1 FEATURELEVEL=3
[2017.04.26-11.20.46:203][827]LightingResults: New page: Lighting Build
[2017.04.26-11.20.46:204][827]LoadErrors: New page: Loading map: MapC.umap
[2017.04.26-11.20.46:208][827]MapCheck: New page: Map Check
[2017.04.26-11.20.46:208][827]LightingResults: New page: Lighting Build
[2017.04.26-11.20.46:328][827]LogEditorServer: Finished looking for orphan Actors (0.000 secs)
[2017.04.26-11.20.46:355][827]Cmd: MAP CHECKDEP NOCLEARLOG
[2017.04.26-11.20.46:395][827]MapCheck: Info Map check complete: 0 Error(s), 0 Warning(s), took 40.002ms to complete.
[2017.04.26-11.20.46:396][827]LogFileHelpers: Loading map 'MapC' took 0.194
[2017.04.26-11.21.03:580][954]LogActorFactory: Actor Factory created Street_environment_V01_City_building_007
[2017.04.26-11.21.04:937][ 29]LogActorFactory: Actor Factory created Street_environment_V01_City_building_007
[2017.04.26-11.21.06:718][135]Cmd: TRANSACTION UNDO
[2017.04.26-11.21.06:718][135]LogEditorTransaction: Undo Create Actors
[2017.04.26-11.21.10:191][389]LogActorFactory: Actor Factory created Street_environment_V01_City_building_011
[2017.04.26-11.21.11:946][583]LogActorFactory: Actor Factory created Street_environment_V01_City_building_011
[2017.04.26-11.21.12:399][634]LogActorFactory: Actor Factory created Street_environment_V01_City_building_011
[2017.04.26-11.21.26:730][121]LogEditorViewport: Clicking on Actor (context menu): StaticMeshActor (Street_environment_V01_City_building_011)
[2017.04.26-11.21.32:254][648]Cmd: ACTOR BAKEPREPIVOT
[2017.04.26-11.21.42:627][715]LogTemp: Repeting last play command: Selected Viewport
[2017.04.26-11.21.42:642][715]LogPlayLevel: PlayLevel: No blueprints needed recompiling
[2017.04.26-11.21.42:643][715]PIE: New page: PIE session: MapC (Apr 26, 2017, 1:21:42 AM)
[2017.04.26-11.21.42:643][715]LogPlayLevel: Creating play world package: /Game/ZTD_Blueprint/Maps/UEDPIE_0_MapC
[2017.04.26-11.21.42:677][715]LogPlayLevel: PIE: StaticDuplicateObject took: (0.033755s)
[2017.04.26-11.21.42:677][715]LogAIModule: Creating AISystem for world MapC
[2017.04.26-11.21.42:677][715]LogPlayLevel: PIE: World Init took: (0.000590s)
[2017.04.26-11.21.42:678][715]LogPlayLevel: PIE: Created PIE world by copying editor world from /Game/ZTD_Blueprint/Maps/MapC.MapC to /Game/ZTD_Blueprint/Maps/UEDPIE_0_MapC.MapC (0.034594s)
[2017.04.26-11.21.42:691][715]LogInit: XAudio2 using 'Speakers (Realtek High Definition Audio)' : 8 channels at 48 kHz using 32 bits per sample (channel mask 0x63f)
[2017.04.26-11.21.42:696][715]LogInit: FAudioDevice initialized.
[2017.04.26-11.21.42:737][715]LogLoad: Game class is 'ZTD_GameMode_C'
[2017.04.26-11.21.42:749][715]LogWorld: Bringing World /Game/ZTD_Blueprint/Maps/UEDPIE_0_MapC.MapC up for play (max tick rate 0) at 2017.04.26-06.21.42
[2017.04.26-11.21.42:749][715]LogWorld: Bringing up level for play took: 0.011228
[2017.04.26-11.21.42:777][715]LogContentBrowser: Native class hierarchy updated for 'MovieSceneCapture' in 0.0006 seconds. Added 11 classes and 0 folders.
[2017.04.26-11.21.42:783][715]PIE: Info Play in editor start time for /Game/ZTD_Blueprint/Maps/UEDPIE_0_MapC -0.682
[2017.04.26-11.22.20:559][  8]LogTemp: Repeting last play command: Selected Viewport
[2017.04.26-11.22.20:575][  8]LogPlayLevel: PlayLevel: No blueprints needed recompiling
[2017.04.26-11.22.20:576][  8]PIE: New page: PIE session: MapC (Apr 26, 2017, 1:22:20 AM)
[2017.04.26-11.22.20:576][  8]LogPlayLevel: Creating play world package: /Game/ZTD_Blueprint/Maps/UEDPIE_0_MapC
[2017.04.26-11.22.20:609][  8]LogPlayLevel: PIE: StaticDuplicateObject took: (0.033451s)
[2017.04.26-11.22.20:610][  8]LogAIModule: Creating AISystem for world MapC
[2017.04.26-11.22.20:610][  8]LogPlayLevel: PIE: World Init took: (0.000653s)
[2017.04.26-11.22.20:610][  8]LogPlayLevel: PIE: Created PIE world by copying editor world from /Game/ZTD_Blueprint/Maps/MapC.MapC to /Game/ZTD_Blueprint/Maps/UEDPIE_0_MapC.MapC (0.034328s)
[2017.04.26-11.22.20:623][  8]LogInit: XAudio2 using 'Speakers (Realtek High Definition Audio)' : 8 channels at 48 kHz using 32 bits per sample (channel mask 0x63f)
[2017.04.26-11.22.20:628][  8]LogInit: FAudioDevice initialized.
[2017.04.26-11.22.20:653][  8]LogLoad: Game class is 'ZTD_GameMode_C'
[2017.04.26-11.22.20:665][  8]LogWorld: Bringing World /Game/ZTD_Blueprint/Maps/UEDPIE_0_MapC.MapC up for play (max tick rate 0) at 2017.04.26-06.22.20
[2017.04.26-11.22.20:665][  8]LogWorld: Bringing up level for play took: 0.010464
[2017.04.26-11.22.20:669][  8]PIE: Info Play in editor start time for /Game/ZTD_Blueprint/Maps/UEDPIE_0_MapC -0.796
[2017.04.26-11.22.47:442][128]LogEditorViewport: Clicking on Actor (LMB): StaticMeshActor (Street_environment_V01_City_building_011)
[2017.04.26-11.23.20:431][236]LogSavePackage: Save=294.82ms
[2017.04.26-11.23.20:431][236]LogSavePackage: Moving '../../../../../UE4 Projects/ZombieStuff/Zombie_TowerDefense/Saved/MapCFEC69CCF48F855A7CFCABF86BC207E17.tmp' to '../../../../../UE4 Projects/ZombieStuff/Zombie_TowerDefense/Content/ZTD_Blueprint/Maps/MapC.umap'
[2017.04.26-11.23.20:433][236]LogSavePackage:Display: Finished SavePackage ../../../../../UE4 Projects/ZombieStuff/Zombie_TowerDefense/Content/ZTD_Blueprint/Maps/MapC.umap
[2017.04.26-11.23.20:459][236]LogFileHelpers: Saving map 'MapC' took 0.386
[2017.04.26-11.23.23:215][414]LogTemp: Repeting last play command: Selected Viewport
[2017.04.26-11.23.23:230][414]LogPlayLevel: PlayLevel: No blueprints needed recompiling
[2017.04.26-11.23.23:230][414]PIE: New page: PIE session: MapC (Apr 26, 2017, 1:23:23 AM)
[2017.04.26-11.23.23:231][414]LogPlayLevel: Creating play world package: /Game/ZTD_Blueprint/Maps/UEDPIE_0_MapC
[2017.04.26-11.23.23:264][414]LogPlayLevel: PIE: StaticDuplicateObject took: (0.033433s)
[2017.04.26-11.23.23:265][414]LogAIModule: Creating AISystem for world MapC
[2017.04.26-11.23.23:265][414]LogPlayLevel: PIE: World Init took: (0.000683s)
[2017.04.26-11.23.23:265][414]LogPlayLevel: PIE: Created PIE world by copying editor world from /Game/ZTD_Blueprint/Maps/MapC.MapC to /Game/ZTD_Blueprint/Maps/UEDPIE_0_MapC.MapC (0.034340s)
[2017.04.26-11.23.23:278][414]LogInit: XAudio2 using 'Speakers (Realtek High Definition Audio)' : 8 channels at 48 kHz using 32 bits per sample (channel mask 0x63f)
[2017.04.26-11.23.23:283][414]LogInit: FAudioDevice initialized.
[2017.04.26-11.23.23:313][414]LogLoad: Game class is 'ZTD_GameMode_C'
[2017.04.26-11.23.23:324][414]LogWorld: Bringing World /Game/ZTD_Blueprint/Maps/UEDPIE_0_MapC.MapC up for play (max tick rate 0) at 2017.04.26-06.23.23
[2017.04.26-11.23.23:325][414]LogWorld: Bringing up level for play took: 0.010617
[2017.04.26-11.23.23:329][414]PIE: Info Play in editor start time for /Game/ZTD_Blueprint/Maps/UEDPIE_0_MapC -0.137
[2017.04.26-11.23.29:119][104]LogBlueprintUserMessages: [Player_Controller_C_0] Assault Rifle Selected!
[2017.04.26-11.23.51:717][747]LogSavePackage: Save=295.70ms
[2017.04.26-11.23.51:717][747]LogSavePackage: Moving '../../../../../UE4 Projects/ZombieStuff/Zombie_TowerDefense/Saved/UEDPCMapCEF432FBB439123FFF056029146E674EB.tmp' to '../../../../../UE4 Projects/ZombieStuff/Zombie_TowerDefense/Saved/Autosaves/Game/ZTD_Blueprint/Maps/UEDPCMapC.umap'
[2017.04.26-11.23.51:718][747]LogSavePackage:Display: Finished SavePackage ../../../../../UE4 Projects/ZombieStuff/Zombie_TowerDefense/Saved/Autosaves/Game/ZTD_Blueprint/Maps/UEDPCMapC.umap
[2017.04.26-11.23.51:720][747]LogEditorTransaction: Undo Spawn Play From Here Start
[2017.04.26-11.23.54:318][ 17]LogTemp: Repeting last play command: Mobile Preview (PIE)
[2017.04.26-11.23.54:719][ 17]LogSavePackage: Save=295.00ms
[2017.04.26-11.23.54:719][ 17]LogSavePackage: Moving '../../../../../UE4 Projects/ZombieStuff/Zombie_TowerDefense/Saved/UEDPCMapC1C85CC2D455E67365635D9B467FE3EB7.tmp' to '../../../../../UE4 Projects/ZombieStuff/Zombie_TowerDefense/Saved/Autosaves/Game/ZTD_Blueprint/Maps/UEDPCMapC.umap'
[2017.04.26-11.23.54:720][ 17]LogSavePackage:Display: Finished SavePackage ../../../../../UE4 Projects/ZombieStuff/Zombie_TowerDefense/Saved/Autosaves/Game/ZTD_Blueprint/Maps/UEDPCMapC.umap
[2017.04.26-11.23.54:723][ 17]LogEditorTransaction: Undo Spawn Play From Here Start
[2017.04.26-11.24.07:569][225]LogEditorViewport: Clicking on Actor (LMB): StaticMeshActor (FreeRoadSet_2Lanes82)
[2017.04.26-11.24.23:143][376]LogPlayLevel: PlayLevel: No blueprints needed recompiling
[2017.04.26-11.24.23:144][376]PIE: New page: PIE session: MapC (Apr 26, 2017, 1:24:23 AM)
[2017.04.26-11.24.23:144][376]LogPlayLevel: Creating play world package: /Game/ZTD_Blueprint/Maps/UEDPIE_0_MapC
[2017.04.26-11.24.23:179][376]LogPlayLevel: PIE: StaticDuplicateObject took: (0.034674s)
[2017.04.26-11.24.23:179][376]LogAIModule: Creating AISystem for world MapC
[2017.04.26-11.24.23:179][376]LogPlayLevel: PIE: World Init took: (0.000616s)
[2017.04.26-11.24.23:179][376]LogPlayLevel: PIE: Created PIE world by copying editor world from /Game/ZTD_Blueprint/Maps/MapC.MapC to /Game/ZTD_Blueprint/Maps/UEDPIE_0_MapC.MapC (0.035513s)
[2017.04.26-11.24.23:202][376]LogInit: XAudio2 using 'Speakers (Realtek High Definition Audio)' : 8 channels at 48 kHz using 32 bits per sample (channel mask 0x63f)
[2017.04.26-11.24.23:296][376]LogInit: FAudioDevice initialized.
[2017.04.26-11.24.23:336][376]LogLoad: Game class is 'ZTD_GameMode_C'
[2017.04.26-11.24.23:348][376]LogWorld: Bringing World /Game/ZTD_Blueprint/Maps/UEDPIE_0_MapC.MapC up for play (max tick rate 0) at 2017.04.26-06.24.23
[2017.04.26-11.24.23:348][376]LogWorld: Bringing up level for play took: 0.011263
[2017.04.26-11.24.23:353][376]PIE: Info Play in editor start time for /Game/ZTD_Blueprint/Maps/UEDPIE_0_MapC -0.114
[2017.04.26-11.25.54:281][ 55]LogEditorViewport: Clicking on Actor (LMB): Landscape (Landscape)
[2017.04.26-11.26.35:648][166]Cmd: QUIT_EDITOR
[2017.04.26-11.26.35:715][166]LogExit: Preparing to exit.
[2017.04.26-11.26.36:681][166]LogDirectoryWatcher: A directory notification for 'B:/UE4 Projects/ZombieStuff/Zombie_TowerDefense/Content/' was aborted.
[2017.04.26-11.26.36:703][166]LogExit: Editor shut down
[2017.04.26-11.26.36:704][166]LogExit: Transaction tracking system shut down
[2017.04.26-11.26.36:765][166]LogObj: Freed 0b from 0 cluster array pools.
[2017.04.26-11.26.36:765][166]LogExit: Object subsystem successfully closed.
[2017.04.26-11.26.36:780][166]LogD3D11RHI: Shutdown
[2017.04.26-11.26.36:780][166]LogD3D11RHI: CleanupD3DDevice
[2017.04.26-11.26.36:847][166]LogD3D11RHI: ~FD3D11DynamicRHI
[2017.04.26-11.26.36:854][166]LogHttp:Display: Http module shutting down, but needs to wait on 1 outstanding Http requests:
[2017.04.26-11.26.36:854][166]LogHttp:Display: 	verb=[POST] url=[https://datarouter.ol.epicgames.com/datarouter/api/v1/public/data?SessionID=%7B03AB1B63-4A67-59AF-929F-92A0BD5E6A65%7D&AppID=UEEditor.Rocket.Release&AppVersion=4.14.3-3249277%2B%2B%2BUE4%2BRelease-4.14&UserID=bed8f3cd48c5be55f5890f9061d1894c%7C852277445ad84a15ade079261bc4428e%7C29ef773b-eab5-4163-a621-c753475aef0a&AppEnvironment=datacollector-binary&UploadType=eteventstream] status=Processing
[2017.04.26-11.26.36:872][166]LogModuleManager: Shutting down and abandoning module MovieSceneCapture (242)
[2017.04.26-11.26.36:873][166]LogModuleManager: Shutting down and abandoning module HierarchicalLODOutliner (241)
[2017.04.26-11.26.36:873][166]LogModuleManager: Shutting down and abandoning module CrashTracker (240)
[2017.04.26-11.26.36:873][166]LogModuleManager: Shutting down and abandoning module SceneOutliner (239)
[2017.04.26-11.26.36:873][166]LogModuleManager: Shutting down and abandoning module WidgetCarousel (238)
[2017.04.26-11.26.36:873][166]LogModuleManager: Shutting down and abandoning module AddContentDialog (237)
[2017.04.26-11.26.36:873][166]LogDirectoryWatcher: A directory notification for 'B:/Unreal Engine 4.14.3/UE_4.14/FeaturePacks/' was aborted.
[2017.04.26-11.26.36:873][166]LogModuleManager: Shutting down and abandoning module GameplayTags (236)
[2017.04.26-11.26.36:873][166]LogModuleManager: Shutting down and abandoning module EditorWidgets (235)
[2017.04.26-11.26.36:873][166]LogModuleManager: Shutting down and abandoning module CollectionManager (234)
[2017.04.26-11.26.36:873][166]LogDirectoryWatcher: A directory notification for 'B:/UE4 Projects/ZombieStuff/Zombie_TowerDefense/Content/Collections/' was aborted.
[2017.04.26-11.26.36:873][166]LogDirectoryWatcher: A directory notification for 'B:/UE4 Projects/ZombieStuff/Zombie_TowerDefense/Content/Developers/MASTACHIEF/Collections/' was aborted.
[2017.04.26-11.26.36:873][166]LogDirectoryWatcher: A directory notification for 'B:/UE4 Projects/ZombieStuff/Zombie_TowerDefense/Saved/Collections/' was aborted.
[2017.04.26-11.26.36:873][166]LogModuleManager: Shutting down and abandoning module StatsViewer (233)
[2017.04.26-11.26.36:873][166]LogModuleManager: Shutting down and abandoning module FoliageEdit (232)
[2017.04.26-11.26.36:873][166]LogModuleManager: Shutting down and abandoning module LandscapeEditor (231)
[2017.04.26-11.26.36:874][166]LogModuleManager: Shutting down and abandoning module SceneDepthPickerMode (230)
[2017.04.26-11.26.36:874][166]LogModuleManager: Shutting down and abandoning module ActorPickerMode (229)
[2017.04.26-11.26.36:874][166]LogModuleManager: Shutting down and abandoning module GeometryMode (228)
[2017.04.26-11.26.36:874][166]LogModuleManager: Shutting down and abandoning module TextureAlignMode (227)
[2017.04.26-11.26.36:874][166]LogModuleManager: Shutting down and abandoning module BspMode (226)
[2017.04.26-11.26.36:874][166]LogModuleManager: Shutting down and abandoning module HardwareSurvey (225)
[2017.04.26-11.26.36:874][166]LogModuleManager: Shutting down and abandoning module SequenceRecorderSections (224)
[2017.04.26-11.26.36:874][166]LogModuleManager: Shutting down and abandoning module AutomationWorker (223)
[2017.04.26-11.26.36:874][166]LogModuleManager: Shutting down and abandoning module MatineeToLevelSequence (222)
[2017.04.26-11.26.36:874][166]LogModuleManager: Shutting down and abandoning module PlacementMode (221)
[2017.04.26-11.26.36:874][166]LogModuleManager: Shutting down and abandoning module LevelSequenceEditor (220)
[2017.04.26-11.26.36:874][166]LogModuleManager: Shutting down and abandoning module WmfMediaFactory (219)
[2017.04.26-11.26.36:874][166]LogModuleManager: Shutting down and abandoning module WmfMediaEditor (218)
[2017.04.26-11.26.36:874][166]LogModuleManager: Shutting down and abandoning module AvfMediaFactory (217)
[2017.04.26-11.26.36:874][166]LogModuleManager: Shutting down and abandoning module AvfMediaEditor (216)
[2017.04.26-11.26.36:874][166]LogModuleManager: Shutting down and abandoning module Media (215)
[2017.04.26-11.26.36:874][166]LogModuleManager: Shutting down and abandoning module AndroidMediaFactory (214)
[2017.04.26-11.26.36:874][166]LogModuleManager: Shutting down and abandoning module AndroidMediaEditor (213)
[2017.04.26-11.26.36:874][166]LogModuleManager: Shutting down and abandoning module CharacterAI (212)
[2017.04.26-11.26.36:874][166]LogModuleManager: Shutting down and abandoning module SequenceRecorder (211)
[2017.04.26-11.26.36:874][166]LogModuleManager: Shutting down and abandoning module AudioCapture (210)
[2017.04.26-11.26.36:874][166]LogModuleManager: Shutting down and abandoning module SmartSnapping (209)
[2017.04.26-11.26.36:874][166]LogModuleManager: Shutting down and abandoning module SessionServices (208)
[2017.04.26-11.26.36:874][166]LogModuleManager: Shutting down and abandoning module ViewportSnapping (207)
[2017.04.26-11.26.36:874][166]LogModuleManager: Shutting down and abandoning module ViewportInteraction (206)
[2017.04.26-11.26.36:874][166]LogModuleManager: Shutting down and abandoning module LogVisualizer (205)
[2017.04.26-11.26.36:874][166]LogModuleManager: Shutting down and abandoning module GameProjectGeneration (204)
[2017.04.26-11.26.36:874][166]LogModuleManager: Shutting down and abandoning module IntroTutorials (203)
[2017.04.26-11.26.36:874][166]LogModuleManager: Shutting down and abandoning module EditorLiveStreaming (202)
[2017.04.26-11.26.36:874][166]LogModuleManager: Shutting down and abandoning module IOSPlatformEditor (201)
[2017.04.26-11.26.36:874][166]LogModuleManager: Shutting down and abandoning module HTML5PlatformEditor (200)
[2017.04.26-11.26.36:874][166]LogModuleManager: Shutting down and abandoning module AndroidDeviceDetection (199)
[2017.04.26-11.26.37:398][166]LogModuleManager: Shutting down and abandoning module AndroidPlatformEditor (198)
[2017.04.26-11.26.37:398][166]LogModuleManager: Shutting down and abandoning module IOSRuntimeSettings (197)
[2017.04.26-11.26.37:398][166]LogModuleManager: Shutting down and abandoning module AndroidRuntimeSettings (196)
[2017.04.26-11.26.37:398][166]LogModuleManager: Shutting down and abandoning module InputBindingEditor (195)
[2017.04.26-11.26.37:398][166]LogModuleManager: Shutting down and abandoning module NiagaraEditor (194)
[2017.04.26-11.26.37:398][166]LogModuleManager: Shutting down and abandoning module MergeActors (193)
[2017.04.26-11.26.37:398][166]LogModuleManager: Shutting down and abandoning module SizeMap (192)
[2017.04.26-11.26.37:398][166]LogModuleManager: Shutting down and abandoning module TreeMap (191)
[2017.04.26-11.26.37:398][166]LogModuleManager: Shutting down and abandoning module ReferenceViewer (190)
[2017.04.26-11.26.37:398][166]LogModuleManager: Shutting down and abandoning module LocalizationService (189)
[2017.04.26-11.26.37:398][166]LogModuleManager: Shutting down and abandoning module LocalizationDashboard (188)
[2017.04.26-11.26.37:398][166]LogModuleManager: Shutting down and abandoning module HardwareTargeting (187)
[2017.04.26-11.26.37:398][166]LogModuleManager: Shutting down and abandoning module DeviceProfileEditor (186)
[2017.04.26-11.26.37:398][166]LogModuleManager: Shutting down and abandoning module UndoHistory (185)
[2017.04.26-11.26.37:398][166]LogModuleManager: Shutting down and abandoning module UserFeedback (184)
[2017.04.26-11.26.37:398][166]LogModuleManager: Shutting down and abandoning module XmlParser (183)
[2017.04.26-11.26.37:398][166]LogModuleManager: Shutting down and abandoning module Blutility (182)
[2017.04.26-11.26.37:398][166]LogModuleManager: Shutting down and abandoning module ProjectTargetPlatformEditor (181)
[2017.04.26-11.26.37:398][166]LogModuleManager: Shutting down and abandoning module ProjectSettingsViewer (180)
[2017.04.26-11.26.37:398][166]LogModuleManager: Shutting down and abandoning module EditorSettingsViewer (179)
[2017.04.26-11.26.37:398][166]LogModuleManager: Shutting down and abandoning module SettingsEditor (178)
[2017.04.26-11.26.37:398][166]LogModuleManager: Shutting down and abandoning module ProjectLauncher (177)
[2017.04.26-11.26.37:398][166]LogModuleManager: Shutting down and abandoning module SessionFrontend (176)
[2017.04.26-11.26.37:398][166]LogModuleManager: Shutting down and abandoning module ProfilerClient (175)
[2017.04.26-11.26.37:398][166]LogModuleManager: Shutting down and abandoning module TargetDeviceServices (174)
[2017.04.26-11.26.37:398][166]LogModuleManager: Shutting down and abandoning module DeviceManager (173)
[2017.04.26-11.26.37:468][166]LogModuleManager: Shutting down and abandoning module AutomationController (172)
[2017.04.26-11.26.37:468][166]LogModuleManager: Shutting down and abandoning module AutomationWindow (171)
[2017.04.26-11.26.37:468][166]LogModuleManager: Shutting down and abandoning module Layers (170)
[2017.04.26-11.26.37:468][166]LogModuleManager: Shutting down and abandoning module ComponentVisualizers (169)
[2017.04.26-11.26.37:468][166]LogModuleManager: Shutting down and abandoning module DetailCustomizations (168)
[2017.04.26-11.26.37:468][166]LogModuleManager: Shutting down and abandoning module PackagesDialog (167)
[2017.04.26-11.26.37:468][166]LogModuleManager: Shutting down and abandoning module AnimGraph (166)
[2017.04.26-11.26.37:468][166]LogModuleManager: Shutting down and abandoning module Persona (165)
[2017.04.26-11.26.37:468][166]LogModuleManager: Shutting down and abandoning module Kismet (164)
[2017.04.26-11.26.37:469][166]LogModuleManager: Shutting down and abandoning module GraphEditor (163)
[2017.04.26-11.26.37:470][166]LogModuleManager: Shutting down and abandoning module ClassViewer (162)
[2017.04.26-11.26.37:470][166]LogModuleManager: Shutting down and abandoning module Toolbox (161)
[2017.04.26-11.26.37:470][166]LogModuleManager: Shutting down and abandoning module ModuleUI (160)
[2017.04.26-11.26.37:470][166]LogModuleManager: Shutting down and abandoning module MovieSceneTools (159)
[2017.04.26-11.26.37:470][166]LogModuleManager: Shutting down and abandoning module OutputLog (158)
[2017.04.26-11.26.37:470][166]LogModuleManager: Shutting down and abandoning module GammaUI (157)
[2017.04.26-11.26.37:470][166]LogModuleManager: Shutting down and abandoning module Documentation (156)
[2017.04.26-11.26.37:470][166]LogModuleManager: Shutting down and abandoning module Niagara (155)
[2017.04.26-11.26.37:470][166]LogModuleManager: Shutting down and abandoning module StreamingPauseRendering (154)
[2017.04.26-11.26.37:470][166]LogModuleManager: Shutting down and abandoning module AnalyticsET (153)
[2017.04.26-11.26.37:470][166]LogModuleManager: Shutting down and abandoning module PortalServices (152)
[2017.04.26-11.26.37:470][166]LogModuleManager: Shutting down and abandoning module PortalRpc (151)
[2017.04.26-11.26.37:470][166]LogModuleManager: Shutting down and abandoning module MessagingRpc (150)
[2017.04.26-11.26.37:470][166]LogModuleManager: Shutting down and abandoning module GameplayDebugger (149)
[2017.04.26-11.26.37:470][166]LogModuleManager: Shutting down and abandoning module AITestSuite (148)
[2017.04.26-11.26.37:470][166]LogModuleManager: Shutting down and abandoning module AIModule (147)
[2017.04.26-11.26.37:470][166]LogModuleManager: Shutting down and abandoning module ProfilerService (146)
[2017.04.26-11.26.37:621][166]LogModuleManager: Shutting down and abandoning module TaskGraph (145)
[2017.04.26-11.26.37:621][166]LogModuleManager: Shutting down and abandoning module SlateRemote (144)
[2017.04.26-11.26.37:621][166]LogModuleManager: Shutting down and abandoning module SteamVRController (143)
[2017.04.26-11.26.37:621][166]LogModuleManager: Shutting down and abandoning module SteamVR (142)
[2017.04.26-11.26.37:621][166]LogModuleManager: Shutting down and abandoning module ProceduralMeshComponentEditor (141)
[2017.04.26-11.26.37:621][166]LogModuleManager: Shutting down and abandoning module ProceduralMeshComponent (140)
[2017.04.26-11.26.37:621][166]LogModuleManager: Shutting down and abandoning module OculusLibrary (139)
[2017.04.26-11.26.37:621][166]LogModuleManager: Shutting down and abandoning module OculusInput (138)
[2017.04.26-11.26.37:621][166]LogModuleManager: Shutting down and abandoning module MobilePatchingUtils (137)
[2017.04.26-11.26.37:621][166]LogModuleManager: Shutting down and abandoning module CustomMeshComponent (136)
[2017.04.26-11.26.37:621][166]LogModuleManager: Shutting down and abandoning module CableComponent (135)
[2017.04.26-11.26.37:621][166]LogModuleManager: Shutting down and abandoning module ArchVisCharacter (134)
[2017.04.26-11.26.37:621][166]LogModuleManager: Shutting down and abandoning module MediaPlayerEditor (132)
[2017.04.26-11.26.37:621][166]LogModuleManager: Shutting down and abandoning module HTML5Networking (131)
[2017.04.26-11.26.37:621][166]LogModuleManager: Shutting down and abandoning module GeometryCacheEd (130)
[2017.04.26-11.26.37:621][166]LogModuleManager: Shutting down and abandoning module GeometryCache (129)
[2017.04.26-11.26.37:621][166]LogModuleManager: Shutting down and abandoning module AlembicLibrary (128)
[2017.04.26-11.26.37:621][166]LogModuleManager: Shutting down and abandoning module AlembicImporter (127)
[2017.04.26-11.26.37:621][166]LogModuleManager: Shutting down and abandoning module SuperSearch (126)
[2017.04.26-11.26.37:621][166]LogModuleManager: Shutting down and abandoning module SuperSearchEditor (125)
[2017.04.26-11.26.37:621][166]LogModuleManager: Shutting down and abandoning module SpeedTreeImporter (124)
[2017.04.26-11.26.37:621][166]LogModuleManager: Shutting down and abandoning module PluginBrowser (123)
[2017.04.26-11.26.37:621][166]LogModuleManager: Shutting down and abandoning module MobileLauncherProfileWizard (122)
[2017.04.26-11.26.37:621][166]LogModuleManager: Shutting down and abandoning module EpicSurvey (121)
[2017.04.26-11.26.37:621][166]LogModuleManager: Shutting down and abandoning module DesktopPlatform (120)
[2017.04.26-11.26.37:621][166]LogModuleManager: Shutting down and abandoning module VisualStudioSourceCodeAccess (119)
[2017.04.26-11.26.37:621][166]LogModuleManager: Shutting down and abandoning module UObjectPlugin (118)
[2017.04.26-11.26.37:621][166]LogModuleManager: Shutting down and abandoning module SubversionSourceControl (117)
[2017.04.26-11.26.37:621][166]LogModuleManager: Shutting down and abandoning module PerforceSourceControl (116)
[2017.04.26-11.26.37:621][166]LogModuleManager: Shutting down and abandoning module SourceControl (115)
[2017.04.26-11.26.37:622][166]LogModuleManager: Shutting down and abandoning module GitSourceControl (114)
[2017.04.26-11.26.37:622][166]LogModuleManager: Shutting down and abandoning module LightPropagationVolumeEditor (113)
[2017.04.26-11.26.37:622][166]LogModuleManager: Shutting down and abandoning module PaperTiledImporter (112)
[2017.04.26-11.26.37:622][166]LogModuleManager: Shutting down and abandoning module PaperSpriteSheetImporter (111)
[2017.04.26-11.26.37:622][166]LogModuleManager: Shutting down and abandoning module MeshPaint (110)
[2017.04.26-11.26.37:622][166]LogModuleManager: Shutting down and abandoning module PixelInspectorModule (109)
[2017.04.26-11.26.37:622][166]LogModuleManager: Shutting down and abandoning module HotReload (108)
[2017.04.26-11.26.37:622][166]LogModuleManager: Shutting down and abandoning module MainFrame (107)
[2017.04.26-11.26.37:622][166]LogModuleManager: Shutting down and abandoning module LevelEditor (106)
[2017.04.26-11.26.37:624][166]LogModuleManager: Shutting down and abandoning module ContentBrowser (105)
[2017.04.26-11.26.37:624][166]LogModuleManager: Shutting down and abandoning module Paper2DEditor (104)
[2017.04.26-11.26.37:624][166]LogModuleManager: Shutting down and abandoning module UdpMessaging (103)
[2017.04.26-11.26.37:724][166]LogModuleManager: Shutting down and abandoning module TcpMessaging (102)
[2017.04.26-11.26.37:824][166]LogModuleManager: Shutting down and abandoning module LightPropagationVolumeRuntime (101)
[2017.04.26-11.26.37:824][166]LogModuleManager: Shutting down and abandoning module Paper2D (100)
[2017.04.26-11.26.37:824][166]LogModuleManager: Shutting down and abandoning module WindowsMoviePlayer (99)
[2017.04.26-11.26.37:824][166]LogModuleManager: Shutting down and abandoning module WmfMedia (98)
[2017.04.26-11.26.37:824][166]LogModuleManager: Shutting down and abandoning module MediaAssets (97)
[2017.04.26-11.26.37:824][166]LogModuleManager: Shutting down and abandoning module GameLiveStreaming (96)
[2017.04.26-11.26.37:824][166]LogModuleManager: Shutting down and abandoning module GameplayTagsEditor (95)
[2017.04.26-11.26.37:824][166]LogModuleManager: Shutting down and abandoning module VREditor (94)
[2017.04.26-11.26.37:824][166]LogModuleManager: Shutting down and abandoning module GameplayTasksEditor (93)
[2017.04.26-11.26.37:824][166]LogModuleManager: Shutting down and abandoning module BehaviorTreeEditor (92)
[2017.04.26-11.26.37:824][166]LogModuleManager: Shutting down and abandoning module FunctionalTesting (91)
[2017.04.26-11.26.37:825][166]LogModuleManager: Shutting down and abandoning module CollisionAnalyzer (90)
[2017.04.26-11.26.37:825][166]LogModuleManager: Shutting down and abandoning module Sequencer (89)
[2017.04.26-11.26.37:825][166]LogModuleManager: Shutting down and abandoning module WorkspaceMenuStructure (88)
[2017.04.26-11.26.37:825][166]LogModuleManager: Shutting down and abandoning module MessageLog (87)
[2017.04.26-11.26.37:825][166]LogModuleManager: Shutting down and abandoning module AssetTools (86)
[2017.04.26-11.26.37:825][166]LogModuleManager: Shutting down and abandoning module UMGEditor (85)
[2017.04.26-11.26.37:825][166]LogModuleManager: Shutting down and abandoning module UMG (84)
[2017.04.26-11.26.37:825][166]LogModuleManager: Shutting down and abandoning module SlateReflector (83)
[2017.04.26-11.26.37:825][166]LogModuleManager: Shutting down and abandoning module Slate (82)
[2017.04.26-11.26.37:825][166]LogModuleManager: Shutting down and abandoning module EditorStyle (81)
[2017.04.26-11.26.37:826][166]LogModuleManager: Shutting down and abandoning module SourceCodeAccess (80)
[2017.04.26-11.26.37:826][166]LogModuleManager: Shutting down and abandoning module HeadMountedDisplay (79)
[2017.04.26-11.26.37:826][166]LogModuleManager: Shutting down and abandoning module XAudio2 (78)
[2017.04.26-11.26.37:826][166]LogModuleManager: Shutting down and abandoning module Networking (76)
[2017.04.26-11.26.37:826][166]LogModuleManager: Shutting down and abandoning module Core (75)
[2017.04.26-11.26.37:826][166]LogModuleManager: Shutting down and abandoning module DirectoryWatcher (74)
[2017.04.26-11.26.37:826][166]LogDirectoryWatcher: A directory notification for '../../../Engine/Content/' was aborted.
[2017.04.26-11.26.37:827][166]LogDirectoryWatcher: A directory notification for '../../../../../UE4 Projects/ZombieStuff/Zombie_TowerDefense/Content/' was aborted.
[2017.04.26-11.26.37:827][166]LogDirectoryWatcher: A directory notification for '../../../Engine/Plugins/2D/Paper2D/Content/' was aborted.
[2017.04.26-11.26.37:827][166]LogModuleManager: Shutting down and abandoning module AssetRegistry (73)
[2017.04.26-11.26.37:876][166]LogModuleManager: Shutting down and abandoning module KismetCompiler (72)
[2017.04.26-11.26.37:876][166]LogModuleManager: Shutting down and abandoning module PhysXFormats (71)
[2017.04.26-11.26.37:876][166]LogModuleManager: Shutting down and abandoning module SimplygonSwarm (70)
[2017.04.26-11.26.37:876][166]LogModuleManager: Shutting down and abandoning module SimplygonMeshReduction (69)
[2017.04.26-11.26.37:876][166]LogModuleManager: Shutting down and abandoning module QuadricMeshReduction (68)
[2017.04.26-11.26.37:876][166]LogModuleManager: Shutting down and abandoning module PropertyEditor (67)
[2017.04.26-11.26.37:876][166]LogModuleManager: Shutting down and abandoning module MeshUtilities (66)
[2017.04.26-11.26.37:876][166]LogModuleManager: Shutting down and abandoning module DerivedDataCache (65)
[2017.04.26-11.26.37:913][166]LogDerivedDataCache: Shutdown
[2017.04.26-11.26.37:913][166]LogModuleManager: Shutting down and abandoning module VulkanShaderFormat (64)
[2017.04.26-11.26.37:913][166]LogModuleManager: Shutting down and abandoning module ShaderFormatOpenGL (63)
[2017.04.26-11.26.37:913][166]LogModuleManager: Shutting down and abandoning module ShaderFormatD3D (62)
[2017.04.26-11.26.37:913][166]LogModuleManager: Shutting down and abandoning module MetalShaderFormat (61)
[2017.04.26-11.26.37:913][166]LogModuleManager: Shutting down and abandoning module TextureFormatUncompressed (60)
[2017.04.26-11.26.37:913][166]LogModuleManager: Shutting down and abandoning module TextureFormatPVR (59)
[2017.04.26-11.26.37:913][166]LogModuleManager: Shutting down and abandoning module TextureFormatDXT (58)
[2017.04.26-11.26.37:913][166]LogModuleManager: Shutting down and abandoning module TextureFormatIntelISPCTexComp (57)
[2017.04.26-11.26.37:913][166]LogModuleManager: Shutting down and abandoning module ImageWrapper (56)
[2017.04.26-11.26.37:913][166]LogModuleManager: Shutting down and abandoning module TextureFormatASTC (55)
[2017.04.26-11.26.37:913][166]LogModuleManager: Shutting down and abandoning module TextureFormatAndroid (54)
[2017.04.26-11.26.37:913][166]LogModuleManager: Shutting down and abandoning module AudioFormatOpus (53)
[2017.04.26-11.26.37:913][166]LogModuleManager: Shutting down and abandoning module AudioFormatOgg (52)
[2017.04.26-11.26.37:913][166]LogModuleManager: Shutting down and abandoning module AudioFormatADPCM (51)
[2017.04.26-11.26.37:913][166]LogModuleManager: Shutting down and abandoning module LinuxTargetPlatform (50)
[2017.04.26-11.26.37:913][166]LogModuleManager: Shutting down and abandoning module LinuxServerTargetPlatform (49)
[2017.04.26-11.26.37:913][166]LogModuleManager: Shutting down and abandoning module LinuxNoEditorTargetPlatform (48)
[2017.04.26-11.26.37:913][166]LogModuleManager: Shutting down and abandoning module LinuxClientTargetPlatform (47)
[2017.04.26-11.26.37:913][166]LogModuleManager: Shutting down and abandoning module TVOSTargetPlatform (46)
[2017.04.26-11.26.37:913][166]LogModuleManager: Shutting down and abandoning module Messaging (45)
[2017.04.26-11.26.37:913][166]LogModuleManager: Shutting down and abandoning module IOSTargetPlatform (44)
[2017.04.26-11.26.37:913][166]LogModuleManager: Shutting down and abandoning module HTML5TargetPlatform (43)
[2017.04.26-11.26.37:913][166]LogModuleManager: Shutting down and abandoning module Android_PVRTCTargetPlatform (42)
[2017.04.26-11.26.37:913][166]LogModuleManager: Shutting down and abandoning module Android_MultiTargetPlatform (41)
[2017.04.26-11.26.37:913][166]LogModuleManager: Shutting down and abandoning module Android_ETC2TargetPlatform (40)
[2017.04.26-11.26.37:913][166]LogModuleManager: Shutting down and abandoning module Android_ETC1TargetPlatform (39)
[2017.04.26-11.26.37:913][166]LogModuleManager: Shutting down and abandoning module Android_DXTTargetPlatform (38)
[2017.04.26-11.26.37:913][166]LogModuleManager: Shutting down and abandoning module Android_ATCTargetPlatform (37)
[2017.04.26-11.26.37:913][166]LogModuleManager: Shutting down and abandoning module Android_ASTCTargetPlatform (36)
[2017.04.26-11.26.37:913][166]LogModuleManager: Shutting down and abandoning module AndroidTargetPlatform (35)
[2017.04.26-11.26.37:913][166]LogModuleManager: Shutting down and abandoning module WindowsTargetPlatform (34)
[2017.04.26-11.26.37:913][166]LogModuleManager: Shutting down and abandoning module WindowsServerTargetPlatform (33)
[2017.04.26-11.26.37:913][166]LogModuleManager: Shutting down and abandoning module WindowsNoEditorTargetPlatform (32)
[2017.04.26-11.26.37:913][166]LogModuleManager: Shutting down and abandoning module WindowsClientTargetPlatform (31)
[2017.04.26-11.26.37:913][166]LogModuleManager: Shutting down and abandoning module MacTargetPlatform (30)
[2017.04.26-11.26.37:913][166]LogModuleManager: Shutting down and abandoning module MacServerTargetPlatform (29)
[2017.04.26-11.26.37:914][166]LogModuleManager: Shutting down and abandoning module MacNoEditorTargetPlatform (28)
[2017.04.26-11.26.37:914][166]LogModuleManager: Shutting down and abandoning module MacClientTargetPlatform (27)
[2017.04.26-11.26.37:914][166]LogModuleManager: Shutting down and abandoning module AllDesktopTargetPlatform (26)
[2017.04.26-11.26.37:914][166]LogModuleManager: Shutting down and abandoning module TargetPlatform (25)
[2017.04.26-11.26.37:914][166]LogModuleManager: Shutting down and abandoning module InputCore (24)
[2017.04.26-11.26.37:914][166]LogModuleManager: Shutting down and abandoning module Settings (23)
[2017.04.26-11.26.37:914][166]LogModuleManager: Shutting down and abandoning module OculusRift (22)
[2017.04.26-11.26.37:914][166]LogModuleManager: Shutting down and abandoning module ExampleDeviceProfileSelector (21)
[2017.04.26-11.26.37:914][166]LogModuleManager: Shutting down and abandoning module OnlineBlueprintSupport (20)
[2017.04.26-11.26.37:914][166]LogModuleManager: Shutting down and abandoning module OnlineSubsystem (18)
[2017.04.26-11.26.37:914][166]LogOnline:Display: Unloading online subsystem: NULL
[2017.04.26-11.26.37:914][166]LogModuleManager: Shutting down and abandoning module SSL (17)
[2017.04.26-11.26.37:915][166]LogModuleManager: Shutting down and abandoning module HTTP (16)
[2017.04.26-11.26.37:915][166]LogModuleManager: Shutting down and abandoning module XMPP (15)
[2017.04.26-11.26.37:915][166]LogModuleManager: Shutting down and abandoning module TextureCompressor (14)
[2017.04.26-11.26.37:915][166]LogModuleManager: Shutting down and abandoning module ShaderCore (13)
[2017.04.26-11.26.37:915][166]LogModuleManager: Shutting down and abandoning module Landscape (12)
[2017.04.26-11.26.37:915][166]LogModuleManager: Shutting down and abandoning module SlateRHIRenderer (11)
[2017.04.26-11.26.37:916][166]LogModuleManager: Shutting down and abandoning module OpenGLDrv (10)
[2017.04.26-11.26.37:916][166]LogModuleManager: Shutting down and abandoning module D3D11RHI (9)
[2017.04.26-11.26.37:916][166]LogModuleManager: Shutting down and abandoning module AnimGraphRuntime (8)
[2017.04.26-11.26.37:916][166]LogModuleManager: Shutting down and abandoning module Renderer (7)
[2017.04.26-11.26.37:916][166]LogModuleManager: Shutting down and abandoning module Engine (6)
[2017.04.26-11.26.37:916][166]LogModuleManager: Shutting down and abandoning module CoreUObject (5)
[2017.04.26-11.26.37:916][166]LogModuleManager: Shutting down and abandoning module NetworkFile (4)
[2017.04.26-11.26.37:916][166]LogModuleManager: Shutting down and abandoning module StreamingFile (3)
[2017.04.26-11.26.37:916][166]LogModuleManager: Shutting down and abandoning module SandboxFile (2)
[2017.04.26-11.26.37:916][166]LogModuleManager: Shutting down and abandoning module PakFile (1)
[2017.04.26-11.26.37:917][166]LogExit: Exiting.
[2017.04.26-11.26.37:919][166]Log file closed, 04/26/17 06:26:37
