Log file open, 04/02/17 08:35:48
LogInit:Display: Running engine for game: Zombie_Tower_Defense
LogPlatformFile: Not using cached read wrapper
LogInit:Display: RandInit(-799347027) SRandInit(-799347027).
LogTaskGraph: Started task graph with 5 named threads and 6 total threads with 1 sets of task threads.
LogStats: Stats thread started at 0.069366
LogPluginManager: Loaded Plugin Paper2D, From E:/2016 Install/UE_4.14/Engine/Plugins/2D/Paper2D/Paper2D.uplugin
LogPluginManager: Loaded Plugin LightPropagationVolume, From E:/2016 Install/UE_4.14/Engine/Plugins/Blendables/LightPropagationVolume/LightPropagationVolume.uplugin
LogPluginManager: Loaded Plugin BlankPlugin, From E:/2016 Install/UE_4.14/Engine/Plugins/Developer/BlankPlugin/BlankPlugin.uplugin
LogPluginManager: Loaded Plugin CodeLiteSourceCodeAccess, From E:/2016 Install/UE_4.14/Engine/Plugins/Developer/CodeLiteSourceCodeAccess/CodeLiteSourceCodeAccess.uplugin
LogPluginManager: Loaded Plugin GitSourceControl, From E:/2016 Install/UE_4.14/Engine/Plugins/Developer/GitSourceControl/GitSourceControl.uplugin
LogPluginManager: Loaded Plugin KDevelopSourceCodeAccess, From E:/2016 Install/UE_4.14/Engine/Plugins/Developer/KDevelopSourceCodeAccess/KDevelopSourceCodeAccess.uplugin
LogPluginManager: Loaded Plugin NullSourceCodeAccess, From E:/2016 Install/UE_4.14/Engine/Plugins/Developer/NullSourceCodeAccess/NullSourceCodeAccess.uplugin
LogPluginManager: Loaded Plugin OneSkyLocalizationService, From E:/2016 Install/UE_4.14/Engine/Plugins/Developer/OneSkyLocalizationService/OneSkyLocalizationService.uplugin
LogPluginManager: Loaded Plugin PerforceSourceControl, From E:/2016 Install/UE_4.14/Engine/Plugins/Developer/PerforceSourceControl/PerforceSourceControl.uplugin
LogPluginManager: Loaded Plugin SubversionSourceControl, From E:/2016 Install/UE_4.14/Engine/Plugins/Developer/SubversionSourceControl/SubversionSourceControl.uplugin
LogPluginManager: Loaded Plugin UObjectPlugin, From E:/2016 Install/UE_4.14/Engine/Plugins/Developer/UObjectPlugin/UObjectPlugin.uplugin
LogPluginManager: Loaded Plugin VisualStudioSourceCodeAccess, From E:/2016 Install/UE_4.14/Engine/Plugins/Developer/VisualStudioSourceCodeAccess/VisualStudioSourceCodeAccess.uplugin
LogPluginManager: Loaded Plugin XCodeSourceCodeAccess, From E:/2016 Install/UE_4.14/Engine/Plugins/Developer/XCodeSourceCodeAccess/XCodeSourceCodeAccess.uplugin
LogPluginManager: Loaded Plugin AudioCapture, From E:/2016 Install/UE_4.14/Engine/Plugins/Editor/AudioCapture/AudioCapture.uplugin
LogPluginManager: Loaded Plugin EpicSurvey, From E:/2016 Install/UE_4.14/Engine/Plugins/Editor/EpicSurvey/EpicSurvey.uplugin
LogPluginManager: Loaded Plugin MacGraphicsSwitching, From E:/2016 Install/UE_4.14/Engine/Plugins/Editor/MacGraphicsSwitching/MacGraphicsSwitching.uplugin
LogPluginManager: Loaded Plugin MobileLauncherProfileWizard, From E:/2016 Install/UE_4.14/Engine/Plugins/Editor/MobileLauncherProfileWizard/MobileLauncherProfileWizard.uplugin
LogPluginManager: Loaded Plugin PluginBrowser, From E:/2016 Install/UE_4.14/Engine/Plugins/Editor/PluginBrowser/PluginBrowser.uplugin
LogPluginManager: Loaded Plugin SpeedTreeImporter, From E:/2016 Install/UE_4.14/Engine/Plugins/Editor/SpeedTreeImporter/SpeedTreeImporter.uplugin
LogPluginManager: Loaded Plugin SuperSearchEditor, From E:/2016 Install/UE_4.14/Engine/Plugins/Editor/SuperSearchEditor/SuperSearchEditor.uplugin
LogPluginManager: Loaded Plugin AlembicImporter, From E:/2016 Install/UE_4.14/Engine/Plugins/Experimental/AlembicImporter/AlembicImporter.uplugin
LogPluginManager: Loaded Plugin BlueprintStats, From E:/2016 Install/UE_4.14/Engine/Plugins/Experimental/BlueprintStats/BlueprintStats.uplugin
LogPluginManager: Loaded Plugin CharacterAI, From E:/2016 Install/UE_4.14/Engine/Plugins/Experimental/CharacterAI/CharacterAI.uplugin
LogPluginManager: Loaded Plugin CodeEditor, From E:/2016 Install/UE_4.14/Engine/Plugins/Experimental/CodeEditor/CodeEditor.uplugin
LogPluginManager: Loaded Plugin CodeView, From E:/2016 Install/UE_4.14/Engine/Plugins/Experimental/CodeView/CodeView.uplugin
LogPluginManager: Loaded Plugin HTML5Networking, From E:/2016 Install/UE_4.14/Engine/Plugins/Experimental/HTML5Networking/HTML5Networking.uplugin
LogPluginManager: Loaded Plugin OSVR, From E:/2016 Install/UE_4.14/Engine/Plugins/Experimental/OSVR/OSVR.uplugin
LogPluginManager: Loaded Plugin Phya, From E:/2016 Install/UE_4.14/Engine/Plugins/Experimental/Phya/Phya.uplugin
LogPluginManager: Loaded Plugin SignificanceManager, From E:/2016 Install/UE_4.14/Engine/Plugins/Experimental/SignificanceManager/SignificanceManager.uplugin
LogPluginManager: Loaded Plugin SimpleHMD, From E:/2016 Install/UE_4.14/Engine/Plugins/Experimental/SimpleHMD/SimpleHMD.uplugin
LogPluginManager: Loaded Plugin StereoPanorama, From E:/2016 Install/UE_4.14/Engine/Plugins/Experimental/StereoPanorama/StereoPanorama.uplugin
LogPluginManager: Loaded Plugin StructBox, From E:/2016 Install/UE_4.14/Engine/Plugins/Experimental/StructBox/StructBox.uplugin
LogPluginManager: Loaded Plugin AndroidMedia, From E:/2016 Install/UE_4.14/Engine/Plugins/Media/AndroidMedia/AndroidMedia.uplugin
LogPluginManager: Loaded Plugin AvfMedia, From E:/2016 Install/UE_4.14/Engine/Plugins/Media/AvfMedia/AvfMedia.uplugin
LogPluginManager: Loaded Plugin MediaPlayerEditor, From E:/2016 Install/UE_4.14/Engine/Plugins/Media/MediaPlayerEditor/MediaPlayerEditor.uplugin
LogPluginManager: Loaded Plugin WmfMedia, From E:/2016 Install/UE_4.14/Engine/Plugins/Media/WmfMedia/WmfMedia.uplugin
LogPluginManager: Loaded Plugin MessagingDebugger, From E:/2016 Install/UE_4.14/Engine/Plugins/Messaging/MessagingDebugger/MessagingDebugger.uplugin
LogPluginManager: Loaded Plugin TcpMessaging, From E:/2016 Install/UE_4.14/Engine/Plugins/Messaging/TcpMessaging/TcpMessaging.uplugin
LogPluginManager: Loaded Plugin UdpMessaging, From E:/2016 Install/UE_4.14/Engine/Plugins/Messaging/UdpMessaging/UdpMessaging.uplugin
LogPluginManager: Loaded Plugin LevelSequenceEditor, From E:/2016 Install/UE_4.14/Engine/Plugins/MovieScene/LevelSequenceEditor/LevelSequenceEditor.uplugin
LogPluginManager: Loaded Plugin MatineeToLevelSequence, From E:/2016 Install/UE_4.14/Engine/Plugins/MovieScene/MatineeToLevelSequence/MatineeToLevelSequence.uplugin
LogPluginManager: Loaded Plugin NetcodeUnitTest, From E:/2016 Install/UE_4.14/Engine/Plugins/NetcodeUnitTest/NetcodeUnitTest/NetcodeUnitTest.uplugin
LogPluginManager: Loaded Plugin NUTUnrealEngine4, From E:/2016 Install/UE_4.14/Engine/Plugins/NetcodeUnitTest/NUTUnrealEngine4/NUTUnrealEngine4.uplugin
LogPluginManager: Loaded Plugin OnlineSubsystemGameCircle, From E:/2016 Install/UE_4.14/Engine/Plugins/Online/Android/OnlineSubsystemGameCircle/OnlineSubsystemGameCircle.uplugin
LogPluginManager: Loaded Plugin OnlineSubsystemGooglePlay, From E:/2016 Install/UE_4.14/Engine/Plugins/Online/Android/OnlineSubsystemGooglePlay/OnlineSubsystemGooglePlay.uplugin
LogPluginManager: Loaded Plugin OnlineSubsystemIOS, From E:/2016 Install/UE_4.14/Engine/Plugins/Online/IOS/OnlineSubsystemIOS/OnlineSubsystemIOS.uplugin
LogPluginManager: Loaded Plugin OnlineFramework, From E:/2016 Install/UE_4.14/Engine/Plugins/Online/OnlineFramework/OnlineFramework.uplugin
LogPluginManager: Loaded Plugin OnlineSubsystem, From E:/2016 Install/UE_4.14/Engine/Plugins/Online/OnlineSubsystem/OnlineSubsystem.uplugin
LogPluginManager: Loaded Plugin OnlineSubsystemAmazon, From E:/2016 Install/UE_4.14/Engine/Plugins/Online/OnlineSubsystemAmazon/OnlineSubsystemAmazon.uplugin
LogPluginManager: Loaded Plugin OnlineSubsystemFacebook, From E:/2016 Install/UE_4.14/Engine/Plugins/Online/OnlineSubsystemFacebook/OnlineSubsystemFacebook.uplugin
LogPluginManager: Loaded Plugin OnlineSubsystemNull, From E:/2016 Install/UE_4.14/Engine/Plugins/Online/OnlineSubsystemNull/OnlineSubsystemNull.uplugin
LogPluginManager: Loaded Plugin OnlineSubsystemOculus, From E:/2016 Install/UE_4.14/Engine/Plugins/Online/OnlineSubsystemOculus/OnlineSubsystemOculus.uplugin
LogPluginManager: Loaded Plugin OnlineSubsystemSteam, From E:/2016 Install/UE_4.14/Engine/Plugins/Online/OnlineSubsystemSteam/OnlineSubsystemSteam.uplugin
LogPluginManager: Loaded Plugin OnlineSubsystemUtils, From E:/2016 Install/UE_4.14/Engine/Plugins/Online/OnlineSubsystemUtils/OnlineSubsystemUtils.uplugin
LogPluginManager: Loaded Plugin IOSTapJoy, From E:/2016 Install/UE_4.14/Engine/Plugins/Runtime/Advertising/IOSTapJoy/IOSTapJoy.uplugin
LogPluginManager: Loaded Plugin AnalyticsBlueprintLibrary, From E:/2016 Install/UE_4.14/Engine/Plugins/Runtime/Analytics/AnalyticsBlueprintLibrary/AnalyticsBlueprintLibrary.uplugin
LogPluginManager: Loaded Plugin AnalyticsMulticast, From E:/2016 Install/UE_4.14/Engine/Plugins/Runtime/Analytics/AnalyticsMulticast/AnalyticsMulticast.uplugin
LogPluginManager: Loaded Plugin Apsalar, From E:/2016 Install/UE_4.14/Engine/Plugins/Runtime/Analytics/Apsalar/Apsalar.uplugin
LogPluginManager: Loaded Plugin FileLogging, From E:/2016 Install/UE_4.14/Engine/Plugins/Runtime/Analytics/FileLogging/FileLogging.uplugin
LogPluginManager: Loaded Plugin Flurry, From E:/2016 Install/UE_4.14/Engine/Plugins/Runtime/Analytics/Flurry/Flurry.uplugin
LogPluginManager: Loaded Plugin AndroidDeviceProfileSelector, From E:/2016 Install/UE_4.14/Engine/Plugins/Runtime/AndroidDeviceProfileSelector/AndroidDeviceProfileSelector.uplugin
LogPluginManager: Loaded Plugin AndroidMoviePlayer, From E:/2016 Install/UE_4.14/Engine/Plugins/Runtime/AndroidMoviePlayer/AndroidMoviePlayer.uplugin
LogPluginManager: Loaded Plugin AppleMoviePlayer, From E:/2016 Install/UE_4.14/Engine/Plugins/Runtime/AppleMoviePlayer/AppleMoviePlayer.uplugin
LogPluginManager: Loaded Plugin ArchVisCharacter, From E:/2016 Install/UE_4.14/Engine/Plugins/Runtime/ArchVisCharacter/ArchVisCharacter.uplugin
LogPluginManager: Loaded Plugin CableComponent, From E:/2016 Install/UE_4.14/Engine/Plugins/Runtime/CableComponent/CableComponent.uplugin
LogPluginManager: Loaded Plugin CustomMeshComponent, From E:/2016 Install/UE_4.14/Engine/Plugins/Runtime/CustomMeshComponent/CustomMeshComponent.uplugin
LogPluginManager: Loaded Plugin ExampleDeviceProfileSelector, From E:/2016 Install/UE_4.14/Engine/Plugins/Runtime/ExampleDeviceProfileSelector/ExampleDeviceProfileSelector.uplugin
LogPluginManager: Loaded Plugin GearVR, From E:/2016 Install/UE_4.14/Engine/Plugins/Runtime/GearVR/GearVR.uplugin
LogPluginManager: Loaded Plugin GoogleVRController, From E:/2016 Install/UE_4.14/Engine/Plugins/Runtime/GoogleVR/GoogleVRController/GoogleVRController.uplugin
LogPluginManager: Loaded Plugin GoogleVRHMD, From E:/2016 Install/UE_4.14/Engine/Plugins/Runtime/GoogleVR/GoogleVRHMD/GoogleVRHMD.uplugin
LogPluginManager: Loaded Plugin IOSDeviceProfileSelector, From E:/2016 Install/UE_4.14/Engine/Plugins/Runtime/IOSDeviceProfileSelector/IOSDeviceProfileSelector.uplugin
LogPluginManager: Loaded Plugin LeapMotion, From E:/2016 Install/UE_4.14/Engine/Plugins/Runtime/LeapMotion/LeapMotion.uplugin
LogPluginManager: Loaded Plugin LinuxDeviceProfileSelector, From E:/2016 Install/UE_4.14/Engine/Plugins/Runtime/LinuxDeviceProfileSelector/LinuxDeviceProfileSelector.uplugin
LogPluginManager: Loaded Plugin MIDIDevice, From E:/2016 Install/UE_4.14/Engine/Plugins/Runtime/MIDIDevice/MIDIDevice.uplugin
LogPluginManager: Loaded Plugin MobilePatchingUtils, From E:/2016 Install/UE_4.14/Engine/Plugins/Runtime/MobilePatchingUtils/MobilePatchingUtils.uplugin
LogPluginManager: Loaded Plugin Ansel, From E:/2016 Install/UE_4.14/Engine/Plugins/Runtime/Nvidia/Ansel/Ansel.uplugin
LogPluginManager: Loaded Plugin OculusAudio, From E:/2016 Install/UE_4.14/Engine/Plugins/Runtime/OculusAudio/OculusAudio.uplugin
LogPluginManager: Loaded Plugin OculusInput, From E:/2016 Install/UE_4.14/Engine/Plugins/Runtime/OculusInput/OculusInput.uplugin
LogPluginManager: Loaded Plugin OculusLibrary, From E:/2016 Install/UE_4.14/Engine/Plugins/Runtime/OculusLibrary/OculusLibrary.uplugin
LogPluginManager: Loaded Plugin OculusRift, From E:/2016 Install/UE_4.14/Engine/Plugins/Runtime/OculusRift/OculusRift.uplugin
LogPluginManager: Loaded Plugin Oodle, From E:/2016 Install/UE_4.14/Engine/Plugins/Runtime/PacketHandlers/CompressionComponents/Oodle/Oodle.uplugin
LogPluginManager: Loaded Plugin ProceduralMeshComponent, From E:/2016 Install/UE_4.14/Engine/Plugins/Runtime/ProceduralMeshComponent/ProceduralMeshComponent.uplugin
LogPluginManager: Loaded Plugin SoundMod, From E:/2016 Install/UE_4.14/Engine/Plugins/Runtime/SoundMod/SoundMod.uplugin
LogPluginManager: Loaded Plugin SoundVisualizations, From E:/2016 Install/UE_4.14/Engine/Plugins/Runtime/SoundVisualizations/SoundVisualizations.uplugin
LogPluginManager: Loaded Plugin SteamController, From E:/2016 Install/UE_4.14/Engine/Plugins/Runtime/Steam/SteamController/SteamController.uplugin
LogPluginManager: Loaded Plugin SteamVR, From E:/2016 Install/UE_4.14/Engine/Plugins/Runtime/Steam/SteamVR/SteamVR.uplugin
LogPluginManager: Loaded Plugin WebBrowserWidget, From E:/2016 Install/UE_4.14/Engine/Plugins/Runtime/WebBrowserWidget/WebBrowserWidget.uplugin
LogPluginManager: Loaded Plugin WindowsDeviceProfileSelector, From E:/2016 Install/UE_4.14/Engine/Plugins/Runtime/WindowsDeviceProfileSelector/WindowsDeviceProfileSelector.uplugin
LogPluginManager: Loaded Plugin WindowsMoviePlayer, From E:/2016 Install/UE_4.14/Engine/Plugins/Runtime/WindowsMoviePlayer/WindowsMoviePlayer.uplugin
LogPluginManager: Loaded Plugin ScriptPlugin, From E:/2016 Install/UE_4.14/Engine/Plugins/ScriptPlugin/ScriptPlugin.uplugin
LogPluginManager: Loaded Plugin SlateRemote, From E:/2016 Install/UE_4.14/Engine/Plugins/Slate/SlateRemote/SlateRemote.uplugin
LogPluginManager: Loaded Plugin EditorTests, From E:/2016 Install/UE_4.14/Engine/Plugins/Tests/EditorTests/EditorTests.uplugin
LogPluginManager: Loaded Plugin FbxAutomationTestBuilder, From E:/2016 Install/UE_4.14/Engine/Plugins/Tests/FbxAutomationTestBuilder/FbxAutomationTestBuilder.uplugin
LogPluginManager: Loaded Plugin FunctionalTestingEditor, From E:/2016 Install/UE_4.14/Engine/Plugins/Tests/FunctionalTestingEditor/FunctionalTestingEditor.uplugin
LogPluginManager: Loaded Plugin RuntimeTests, From E:/2016 Install/UE_4.14/Engine/Plugins/Tests/RuntimeTests/RuntimeTests.uplugin
LogPluginManager: Loaded Plugin ScreenshotTools, From E:/2016 Install/UE_4.14/Engine/Plugins/Tests/ScreenshotTools/ScreenshotTools.uplugin
LogInit: Using libcurl 7.47.1
LogInit:  - built for x86_64-pc-win32
LogInit:  - supports SSL with OpenSSL/1.0.2g
LogInit:  - supports HTTP deflate (compression) using libz 1.2.8
LogInit:  - other features:
LogInit:      CURL_VERSION_SSL
LogInit:      CURL_VERSION_LIBZ
LogInit:      CURL_VERSION_IPV6
LogInit:      CURL_VERSION_ASYNCHDNS
LogInit:      CURL_VERSION_LARGEFILE
LogInit:      CURL_VERSION_IDN
LogInit:  CurlRequestOptions (configurable via config and command line):
LogInit:  - bVerifyPeer = false  - Libcurl will NOT verify peer certificate
LogInit:  - bUseHttpProxy = false  - Libcurl will NOT use HTTP proxy
LogInit:  - bDontReuseConnections = false  - Libcurl will reuse connections
LogInit:  - CertBundlePath = nullptr  - Libcurl will use whatever was configured at build time.
LogInit: Build: ++UE4+Release-4.14-CL-3249277
LogInit: Engine Version: 4.14.3-3249277+++UE4+Release-4.14
LogInit: Compatible Engine Version: 4.14.0-3195953+++UE4+Release-4.14
LogInit: Net CL: 3195953
LogDevObjectVersion: Number of dev versions registered: 13
LogDevObjectVersion:   Dev-Blueprints (B0D832E4-1F89-4F0D-ACCF-7EB736FD4AA2): 7
LogDevObjectVersion:   Dev-Build (E1C64328-A22C-4D53-A36C-8E866417BD8C): 0
LogDevObjectVersion:   Dev-Core (375EC13C-06E4-48FB-B500-84F0262A717E): 1
LogDevObjectVersion:   Dev-Editor (E4B068ED-F494-42E9-A231-DA0B2E46BB41): 8
LogDevObjectVersion:   Dev-Framework (CFFC743F-43B0-4480-9391-14DF171D2073): 17
LogDevObjectVersion:   Dev-Mobile (B02B49B5-BB20-44E9-A304-32B752E40360): 0
LogDevObjectVersion:   Dev-Networking (A4E4105C-59A1-49B5-A7C5-40C4547EDFEE): 0
LogDevObjectVersion:   Dev-Online (39C831C9-5AE6-47DC-9A44-9C173E1C8E7C): 0
LogDevObjectVersion:   Dev-Physics (78F01B33-EBEA-4F98-B9B4-84EACCB95AA2): 0
LogDevObjectVersion:   Dev-Platform (6631380F-2D4D-43E0-8009-CF276956A95A): 0
LogDevObjectVersion:   Dev-Rendering (12F88B9F-8875-4AFC-A67C-D90C383ABD29): 12
LogDevObjectVersion:   Dev-Sequencer (7B5AE74C-D270-4C10-A958-57980B212A5A): 1
LogDevObjectVersion:   Dev-VR (D7296918-1DD6-4BDD-9DE2-64A83CC13884): 0
LogInit: Compiled (64-bit): Jan  6 2017 10:49:43
LogInit: Compiled with Visual C++: 19.00.23026.00
LogInit: Build Configuration: Development
LogInit: Branch Name: ++UE4+Release-4.14
LogInit: Command line:  /Temp/Autosaves/Game/ZTD_Blueprint/Maps/UEDPCMenu_Main -game -PIEVIACONSOLE -ResX=1280 -ResY=720  -Multiprocess -messaging -SessionName="Play in Standalone Game" -windowed 
LogInit: Base directory: E:/2016 Install/UE_4.14/Engine/Binaries/Win64/
LogInit: Installed Engine Build: 1
LogInit: Presizing for max 8388607 objects, including 0 objects not considered by GC, pre-allocating 0 bytes for permanent pool.
LogInit: Object subsystem initialized
[2017.04.02-13.35.49:244][  0]LogInit: Selected Device Profile: [Windows]
[2017.04.02-13.35.49:244][  0]LogInit: Applying CVar settings loaded from the selected device profile: [Windows]
[2017.04.02-13.35.49:250][  0]LogInit: Computer: NIARAII
[2017.04.02-13.35.49:250][  0]LogInit: User: Jonathan
[2017.04.02-13.35.49:250][  0]LogInit: CPU Page size=65536, Cores=2
[2017.04.02-13.35.49:250][  0]LogInit: High frequency timer resolution =3.025615 MHz
[2017.04.02-13.35.49:250][  0]LogMemory: Memory total: Physical=7.9GB (8GB approx)
[2017.04.02-13.35.49:250][  0]LogMemory: Platform Memory Stats for Windows
[2017.04.02-13.35.49:250][  0]LogMemory: Process Physical Memory: 263.59 MB used, 263.59 MB peak
[2017.04.02-13.35.49:250][  0]LogMemory: Process Virtual Memory: 264.83 MB used, 264.83 MB peak
[2017.04.02-13.35.49:250][  0]LogMemory: Physical Memory: 4341.66 MB used,  3785.49 MB free, 8127.16 MB total
[2017.04.02-13.35.49:250][  0]LogMemory: Virtual Memory: 676.51 MB used,  3785.49 MB free, 8388608.00 MB total
[2017.04.02-13.35.49:283][  0]LogTextLocalizationManager: No specific translations for ('en-US') exist, so ('en') translations will be used.
[2017.04.02-13.35.49:723][  0]LogD3D11RHI: D3D11 adapters:
[2017.04.02-13.35.49:731][  0]LogD3D11RHI:    0. 'AMD Radeon R7 200 Series' (Feature Level 11_0)
[2017.04.02-13.35.49:731][  0]LogD3D11RHI:       2026/0/3807 MB DedicatedVideo/DedicatedSystem/SharedSystem, Outputs:2, VendorId:0x1002
[2017.04.02-13.35.49:731][  0]LogD3D11RHI: Chosen D3D11 Adapter: 0
[2017.04.02-13.35.49:736][  0]LogD3D11RHI: Creating new Direct3DDevice
[2017.04.02-13.35.49:736][  0]LogD3D11RHI:     GPU DeviceId: 0x683d (for the marketing name, search the web for "GPU Device Id")
[2017.04.02-13.35.49:736][  0]LogWindows: EnumDisplayDevices:
[2017.04.02-13.35.49:736][  0]LogWindows:    0. 'AMD Radeon R7 200 Series' (P:0 D:1)
[2017.04.02-13.35.49:736][  0]LogWindows:    1. 'AMD Radeon R7 200 Series' (P:1 D:1)
[2017.04.02-13.35.49:736][  0]LogWindows:    2. 'AMD Radeon R7 200 Series' (P:0 D:0)
[2017.04.02-13.35.49:736][  0]LogWindows:    3. 'AMD Radeon R7 200 Series' (P:0 D:0)
[2017.04.02-13.35.49:737][  0]LogWindows:    4. 'AMD Radeon R7 200 Series' (P:0 D:0)
[2017.04.02-13.35.49:737][  0]LogWindows:    5. 'AMD Radeon R7 200 Series' (P:0 D:0)
[2017.04.02-13.35.49:737][  0]LogWindows:    6. 'RDPDD Chained DD' (P:0 D:0)
[2017.04.02-13.35.49:737][  0]LogWindows:    7. 'RDP Encoder Mirror Driver' (P:0 D:0)
[2017.04.02-13.35.49:737][  0]LogWindows:    8. 'RDP Reflector Display Driver' (P:0 D:0)
[2017.04.02-13.35.49:738][  0]LogWindows: DebugString: GetVideoDriverDetailsInvalid PrimaryIsNotTheChoosenAdapter GetVideoDriverDetailsInvalid PrimaryIsNotTheChoosenAdapter GetVideoDriverDetailsInvalid PrimaryIsNotTheChoosenAdapter FoundDriverCount:6 
[2017.04.02-13.35.49:738][  0]LogD3D11RHI:     Adapter Name: AMD Radeon R7 200 Series
[2017.04.02-13.35.49:738][  0]LogD3D11RHI:   Driver Version: Crimson ReLive 17.2.1 (internal:21.19.519.2, unified:21.19.519.2)
[2017.04.02-13.35.49:738][  0]LogD3D11RHI:      Driver Date: 2-10-2017
[2017.04.02-13.35.49:738][  0]LogRHI: Texture pool is 1361 MB (70% of 1945 MB)
[2017.04.02-13.35.49:744][  0]LogD3D11RHI: Async texture creation enabled
[2017.04.02-13.35.49:753][  0]LogD3D11RHI: GPU Timing Frequency: 27.000000 (Debug: 2 1)
[2017.04.02-13.35.49:753][  0]LogShaderCompilers: Guid format shader working directory is 15 characters bigger than the processId version (../../../../../Zombie_TowerDefense/Intermediate/Shaders/WorkingDirectory/4140/).
[2017.04.02-13.35.49:753][  0]LogShaderCompilers: Cleaned the shader compiler working directory 'C:/Users/Jonathan/AppData/Local/Temp/UnrealShaderWorkingDir/E1E52A0F4EF0C8696B801196383079CA/'.
[2017.04.02-13.35.49:753][  0]LogShaderCompilers:Display: Using Local Shader Compiler.
[2017.04.02-13.35.50:772][  0]LogTemp:Display: Loaded TP WindowsClientTargetPlatform
[2017.04.02-13.35.50:814][  0]LogTemp:Display: Loaded TP WindowsNoEditorTargetPlatform
[2017.04.02-13.35.50:857][  0]LogTemp:Display: Loaded TP WindowsServerTargetPlatform
[2017.04.02-13.35.50:889][  0]LogTemp:Display: Loaded TP WindowsTargetPlatform
[2017.04.02-13.35.50:889][  0]LogTargetPlatformManager:Display: Building Assets For Windows
[2017.04.02-13.35.51:139][  0]LogDerivedDataCache:Display: Max Cache Size: 512 MB
[2017.04.02-13.35.51:185][  0]LogDerivedDataCache: Loaded boot cache 0.05s 50MB C:/Users/Jonathan/AppData/Local/UnrealEngine/4.14/DerivedDataCache/Boot.ddc.
[2017.04.02-13.35.51:185][  0]LogDerivedDataCache:Display: Loaded Boot cache: C:/Users/Jonathan/AppData/Local/UnrealEngine/4.14/DerivedDataCache/Boot.ddc
[2017.04.02-13.35.51:186][  0]LogDerivedDataCache: FDerivedDataBackendGraph:  Pak pak cache file ../../../../../Zombie_TowerDefense/DerivedDataCache/DDC.ddp not found, will not use a pak cache.
[2017.04.02-13.35.51:186][  0]LogDerivedDataCache: Unable to find inner node Pak for hierarchical cache Hierarchy.
[2017.04.02-13.35.51:186][  0]LogDerivedDataCache: FDerivedDataBackendGraph:  CompressedPak pak cache file ../../../../../Zombie_TowerDefense/DerivedDataCache/Compressed.ddp not found, will not use a pak cache.
[2017.04.02-13.35.51:186][  0]LogDerivedDataCache: Unable to find inner node CompressedPak for hierarchical cache Hierarchy.
[2017.04.02-13.35.51:204][  0]LogDerivedDataCache:Display: Pak cache opened for reading ../../../Engine/DerivedDataCache/Compressed.ddp.
[2017.04.02-13.35.51:214][  0]LogDerivedDataCache: Using Local data cache path C:/Users/Jonathan/AppData/Local/UnrealEngine/Common/DerivedDataCache: Writable
[2017.04.02-13.35.51:396][  0]LogAssetRegistry: FAssetRegistry took 0.0001 seconds to start up
[2017.04.02-13.35.51:402][  0]LogPackageLocalizationCache: Processed 3 localized package path(s) for 2 prioritized culture(s) in 0.006164 seconds
[2017.04.02-13.35.51:419][  0]LogInit: Selected Device Profile: [Windows]
[2017.04.02-13.35.51:421][  0]LogContentStreaming: Texture pool size is 1000.00 MB
[2017.04.02-13.35.51:593][  0]LogMeshUtilities: Using QuadricMeshReduction for automatic static mesh reduction
[2017.04.02-13.35.51:622][  0]LogSimplygon: Simplygon DLL not present - disabling.
[2017.04.02-13.35.51:653][  0]LogMeshUtilities: Using SimplygonSwarm for distributed automatic mesh merging
[2017.04.02-13.35.51:653][  0]LogMeshUtilities: No automatic skeletal mesh reduction module available
[2017.04.02-13.35.51:653][  0]LogMeshUtilities: No automatic mesh merging module available
[2017.04.02-13.35.52:077][  0]LogNetVersion: GetLocalNetworkVersion: CL: 3195953, ProjectName: zombie_tower_defense, ProjectVersion: , EngineNetworkVersion: 2, GameNetworkVersion: 0, NetworkChecksum: 2528811943
[2017.04.02-13.35.52:123][  0]LogInit: WinSock: version 1.1 (2.2), MaxSocks=32767, MaxUdp=65467
[2017.04.02-13.35.52:601][  0]LogSlate: Using Freetype 2.6.0
[2017.04.02-13.35.52:601][  0]LogSlate: SlateFontCache - WITH_FREETYPE: 1, WITH_HARFBUZZ: 1
[2017.04.02-13.35.52:602][  0]LogSlate: SlateFontCache - WITH_FREETYPE: 1, WITH_HARFBUZZ: 1
[2017.04.02-13.35.52:692][  0]LogMoviePlayer: Initializing movie player
[2017.04.02-13.35.52:900][  0]LogWindowsMoviePlayer: Unable to load movie: ../../../../../Zombie_TowerDefense/Content/Movies/Default_Startup.mp4
[2017.04.02-13.35.53:038][  0]LogTcpMessaging: Initializing TcpMessaging bridge
[2017.04.02-13.35.53:064][  0]LogUdpMessaging: Initializing bridge on interface 0.0.0.0:0 to multicast group 230.0.0.1:6666.
[2017.04.02-13.35.53:196][  0]SourceControl: Info Source control is disabled
[2017.04.02-13.35.53:196][  0]SourceControl: Info Source control is disabled
[2017.04.02-13.35.53:227][  0]SourceControl: Info Source control is disabled
[2017.04.02-13.35.53:684][  0]LogUObjectArray: 33496 objects as part of root set at end of initial load.
[2017.04.02-13.35.53:684][  0]LogUObjectAllocator: 7417784 out of 0 bytes used by permanent object pool.
[2017.04.02-13.35.53:684][  0]LogUObjectArray: CloseDisregardForGC: 0/0 objects in disregard for GC pool
[2017.04.02-13.35.53:766][  0]LogEngine: Initializing Engine...
[2017.04.02-13.35.53:766][  0]LogHMD: Failed to initialize OpenVR with code 110
[2017.04.02-13.35.53:890][  0]LogInit: XAudio2 using 'Speakers (Realtek High Definition Audio)' : 2 channels at 48 kHz using 32 bits per sample (channel mask 0x3)
[2017.04.02-13.35.53:899][  0]LogInit: FAudioDevice initialized.
[2017.04.02-13.35.53:914][  0]LogInit: Texture streaming: Enabled
[2017.04.02-13.35.53:927][  0]LogMaterial: Uniform references updated for custom material expression Custom.
[2017.04.02-13.35.54:180][  0]LogInit:Display: Game Engine Initialized.
[2017.04.02-13.35.54:271][  0]LogInit:Display: Starting Game.
[2017.04.02-13.35.54:271][  0]LogNet: Browse: /Temp/Autosaves/Game/ZTD_Blueprint/Maps/UEDPCMenu_Main?Name=Player
[2017.04.02-13.35.54:271][  0]LogLoad: LoadMap: /Temp/Autosaves/Game/ZTD_Blueprint/Maps/UEDPCMenu_Main?Name=Player
[2017.04.02-13.35.54:298][  0]LogMemory: Platform Memory Stats for Windows
[2017.04.02-13.35.54:298][  0]LogMemory: Process Physical Memory: 616.00 MB used, 646.16 MB peak
[2017.04.02-13.35.54:298][  0]LogMemory: Process Virtual Memory: 581.92 MB used, 616.94 MB peak
[2017.04.02-13.35.54:298][  0]LogMemory: Physical Memory: 4632.70 MB used,  3494.45 MB free, 8127.16 MB total
[2017.04.02-13.35.54:298][  0]LogMemory: Virtual Memory: 1197.27 MB used,  3494.45 MB free, 8388608.00 MB total
[2017.04.02-13.35.54:298][  0]LogMemory: 
[2017.04.02-13.35.54:298][  0]Allocator Stats for TBB: (not implemented)
[2017.04.02-13.35.54:418][  0]LogAIModule: Creating AISystem for world Menu_Main
[2017.04.02-13.35.54:418][  0]LogLinker:Warning: Can't find file '/Game/TopDownBP/Blueprints/TopDownGameMode'
[2017.04.02-13.35.54:418][  0]LogUObjectGlobals:Warning: Failed to load '/Game/TopDownBP/Blueprints/TopDownGameMode': Can't find file '/Game/TopDownBP/Blueprints/TopDownGameMode'
[2017.04.02-13.35.54:418][  0]LogLinker:Warning: Can't find file '/Game/TopDownBP/Blueprints/TopDownGameMode'
[2017.04.02-13.35.54:418][  0]LogUObjectGlobals:Warning: Failed to load '/Game/TopDownBP/Blueprints/TopDownGameMode': Can't find file '/Game/TopDownBP/Blueprints/TopDownGameMode'
[2017.04.02-13.35.54:418][  0]LogUObjectGlobals:Warning: Failed to find object 'Class /Game/TopDownBP/Blueprints/TopDownGameMode.TopDownGameMode_C'
[2017.04.02-13.35.54:418][  0]LogLoad: Game class is 'GameModeBase'
[2017.04.02-13.35.54:419][  0]LogWorld: Bringing World /Temp/Autosaves/Game/ZTD_Blueprint/Maps/UEDPCMenu_Main.Menu_Main up for play (max tick rate 0) at 2017.04.02-08.35.54
[2017.04.02-13.35.54:419][  0]LogWorld: Bringing up level for play took: 0.000454
[2017.04.02-13.35.54:421][  0]t.MaxFPS = "62"
[2017.04.02-13.35.54:422][  0]LogLoad: Took 0.151100 seconds to LoadMap(/Temp/Autosaves/Game/ZTD_Blueprint/Maps/UEDPCMenu_Main)
[2017.04.02-13.35.54:766][  0]LogLoad: (Engine Initialization) Total time: 7.21 seconds
[2017.04.02-13.35.54:766][  0]LogLoad: (Engine Initialization) Total Blueprint compile time: 0.05 seconds
[2017.04.02-13.35.54:766][  0]LogExternalProfiler: No external profilers were discovered.  External profiling features will not be available.
[2017.04.02-13.35.54:787][  0]LogOcInput: OculusInput pre-init called
[2017.04.02-13.35.54:903][  2]LogRenderer: Reallocating scene render targets to support 1280x720 NumSamples 1 (Frame:2).
[2017.04.02-13.35.56:716][108]LogPackageName:Warning: Found ambiguous long package name for 'Protomap.umap'. Returning '/Game/ZTD_Blueprint/Blueprints/Protomap', but could also be '/Game/ZTD_Blueprint/Maps/Protomap'.
[2017.04.02-13.35.56:716][108]LogPackageName: SearchForPackageOnDisk took   0.062s to resolve Protomap.umap.
[2017.04.02-13.35.56:773][108]LogPackageName:Warning: Found ambiguous long package name for 'Protomap.umap'. Returning '/Game/ZTD_Blueprint/Blueprints/Protomap', but could also be '/Game/ZTD_Blueprint/Maps/Protomap'.
[2017.04.02-13.35.56:773][108]LogPackageName: SearchForPackageOnDisk took   0.057s to resolve Protomap.umap.
[2017.04.02-13.35.56:773][108]LogNet: Browse: /Game/ZTD_Blueprint/Blueprints/Protomap
[2017.04.02-13.35.56:773][108]LogLoad: LoadMap: /Game/ZTD_Blueprint/Blueprints/Protomap
[2017.04.02-13.35.56:800][108]LogMemory: Platform Memory Stats for Windows
[2017.04.02-13.35.56:800][108]LogMemory: Process Physical Memory: 642.69 MB used, 646.16 MB peak
[2017.04.02-13.35.56:800][108]LogMemory: Process Virtual Memory: 599.89 MB used, 616.94 MB peak
[2017.04.02-13.35.56:800][108]LogMemory: Physical Memory: 4652.73 MB used,  3474.42 MB free, 8127.16 MB total
[2017.04.02-13.35.56:800][108]LogMemory: Virtual Memory: 1219.29 MB used,  3474.42 MB free, 8388608.00 MB total
[2017.04.02-13.35.56:800][108]LogMemory: 
[2017.04.02-13.35.56:800][108]Allocator Stats for TBB: (not implemented)
[2017.04.02-13.35.57:227][108]LogBlueprint:Warning: [Pause_menu] 'IsPauseMenuShown' variable not found. Base class was probably changed.
[2017.04.02-13.35.57:227][108]LogBlueprint:Warning: [Pause_menu] 'IsPauseMenuShown' variable not found. Base class was probably changed.
[2017.04.02-13.35.57:228][108]LogBlueprint:Warning: [Compiler Pause_menu] Warning Could not find a variable named "IsPauseMenuShown" in 'Player_Controller_C'.
Make sure 'Player_Controller_C' has been compiled for  K2Node_VariableSet_11
[2017.04.02-13.35.57:229][108]LogBlueprint:Error: [Compiler Pause_menu] Error The property associated with  IsPauseMenuShown  could not be found
[2017.04.02-13.35.57:232][108]LogBlueprint:Warning: [Compiler Pause_menu] Warning [0009.68] Compile of Pause_menu failed. 1 Fatal Issue(s) 1 Warning(s) [in 4 ms] (/Game/ZTD_Blueprint/Blueprints/Game_UI/Pause_menu.Pause_menu)
[2017.04.02-13.35.57:232][108]LogBlueprint:Warning: [Compiler Pause_menu] Warning [0009.68] Compile of Pause_menu failed. 1 Fatal Issue(s) 2 Warning(s) [in 0 ms] (/Game/ZTD_Blueprint/Blueprints/Game_UI/Pause_menu.Pause_menu)
[2017.04.02-13.35.57:232][108]LogBlueprint:Warning: [Compiler Pause_menu] Warning [0009.68] Compile of Pause_menu failed. 1 Fatal Issue(s) 3 Warning(s) [in 0 ms] (/Game/ZTD_Blueprint/Blueprints/Game_UI/Pause_menu.Pause_menu)
[2017.04.02-13.35.57:494][108]LogAIModule: Creating AISystem for world Protomap
[2017.04.02-13.35.57:494][108]LogLoad: Game class is 'ZTD_GameMode_C'
[2017.04.02-13.35.57:503][108]LogMaterial:Warning: Material /Game/Forest_Stuff/Material/Master_Material/M_tree_basic.M_tree_basic missing bUsedWithInstancedStaticMeshes=True! Default Material will be used in game.
[2017.04.02-13.35.57:503][108]LogMaterial:Warning:      The material will recompile every editor launch until resaved.
[2017.04.02-13.35.57:548][108]LogWorld: Bringing World /Game/ZTD_Blueprint/Blueprints/Protomap.Protomap up for play (max tick rate 62) at 2017.04.02-08.35.57
[2017.04.02-13.35.57:548][108]LogWorld: Bringing up level for play took: 0.053694
[2017.04.02-13.35.57:553][108]LogLoad: Took 0.779525 seconds to LoadMap(/Game/ZTD_Blueprint/Blueprints/Protomap)
[2017.04.02-13.35.57:564][109]LogCharacterMovement:Warning: GetSimulationTimeStep() - Max iterations 8 hit while remaining time 0.089333 > MaxSimulationTimeStep (0.050) for 'Player_Character_C_0', movement 'Walking'
[2017.04.02-13.36.04:579][325]LogEngine: All Windows Closed
[2017.04.02-13.36.04:579][325]LogWindows: FPlatformMisc::RequestExit(0)
[2017.04.02-13.36.04:579][326]LogMoviePlayer: Shutting down movie player
[2017.04.02-13.36.04:777][326]LogExit: Preparing to exit.
[2017.04.02-13.36.05:204][326]LogExit: Game engine shut down
[2017.04.02-13.36.05:281][326]LogObj: Freed 0b from 0 cluster array pools.
[2017.04.02-13.36.05:281][326]LogExit: Object subsystem successfully closed.
[2017.04.02-13.36.05:300][326]LogD3D11RHI: Shutdown
[2017.04.02-13.36.05:300][326]LogD3D11RHI: CleanupD3DDevice
[2017.04.02-13.36.05:387][326]LogD3D11RHI: ~FD3D11DynamicRHI
[2017.04.02-13.36.05:422][326]LogModuleManager: Shutting down and abandoning module SequenceRecorderSections (125)
[2017.04.02-13.36.05:422][326]LogModuleManager: Shutting down and abandoning module SequenceRecorder (124)
[2017.04.02-13.36.05:422][326]LogModuleManager: Shutting down and abandoning module AutomationController (123)
[2017.04.02-13.36.05:422][326]LogModuleManager: Shutting down and abandoning module AutomationWorker (122)
[2017.04.02-13.36.05:422][326]LogModuleManager: Shutting down and abandoning module GameplayDebugger (121)
[2017.04.02-13.36.05:422][326]LogModuleManager: Shutting down and abandoning module AITestSuite (120)
[2017.04.02-13.36.05:422][326]LogModuleManager: Shutting down and abandoning module AIModule (119)
[2017.04.02-13.36.05:422][326]LogModuleManager: Shutting down and abandoning module WmfMediaFactory (118)
[2017.04.02-13.36.05:422][326]LogModuleManager: Shutting down and abandoning module AvfMediaFactory (117)
[2017.04.02-13.36.05:422][326]LogModuleManager: Shutting down and abandoning module Media (116)
[2017.04.02-13.36.05:422][326]LogModuleManager: Shutting down and abandoning module AndroidMediaFactory (115)
[2017.04.02-13.36.05:422][326]LogModuleManager: Shutting down and abandoning module CharacterAI (114)
[2017.04.02-13.36.05:422][326]LogModuleManager: Shutting down and abandoning module SessionServices (113)
[2017.04.02-13.36.05:422][326]LogModuleManager: Shutting down and abandoning module MovieSceneCapture (112)
[2017.04.02-13.36.05:422][326]LogModuleManager: Shutting down and abandoning module GeometryCacheEd (111)
[2017.04.02-13.36.05:422][326]LogModuleManager: Shutting down and abandoning module GeometryCache (110)
[2017.04.02-13.36.05:422][326]LogModuleManager: Shutting down and abandoning module Niagara (109)
[2017.04.02-13.36.05:422][326]LogModuleManager: Shutting down and abandoning module StreamingPauseRendering (108)
[2017.04.02-13.36.05:422][326]LogModuleManager: Shutting down and abandoning module PortalServices (107)
[2017.04.02-13.36.05:422][326]LogModuleManager: Shutting down and abandoning module PortalRpc (106)
[2017.04.02-13.36.05:422][326]LogModuleManager: Shutting down and abandoning module MessagingRpc (105)
[2017.04.02-13.36.05:422][326]LogModuleManager: Shutting down and abandoning module ProfilerService (104)
[2017.04.02-13.36.05:486][326]LogModuleManager: Shutting down and abandoning module TaskGraph (103)
[2017.04.02-13.36.05:486][326]LogModuleManager: Shutting down and abandoning module SlateRemote (102)
[2017.04.02-13.36.05:486][326]LogModuleManager: Shutting down and abandoning module SteamVRController (101)
[2017.04.02-13.36.05:486][326]LogModuleManager: Shutting down and abandoning module SteamVR (100)
[2017.04.02-13.36.05:486][326]LogModuleManager: Shutting down and abandoning module ProceduralMeshComponent (99)
[2017.04.02-13.36.05:486][326]LogModuleManager: Shutting down and abandoning module OculusLibrary (98)
[2017.04.02-13.36.05:486][326]LogModuleManager: Shutting down and abandoning module OculusInput (97)
[2017.04.02-13.36.05:486][326]LogModuleManager: Shutting down and abandoning module MobilePatchingUtils (96)
[2017.04.02-13.36.05:486][326]LogModuleManager: Shutting down and abandoning module CustomMeshComponent (95)
[2017.04.02-13.36.05:486][326]LogModuleManager: Shutting down and abandoning module CableComponent (94)
[2017.04.02-13.36.05:486][326]LogModuleManager: Shutting down and abandoning module ArchVisCharacter (93)
[2017.04.02-13.36.05:486][326]LogModuleManager: Shutting down and abandoning module HTML5Networking (91)
[2017.04.02-13.36.05:486][326]LogModuleManager: Shutting down and abandoning module DesktopPlatform (90)
[2017.04.02-13.36.05:486][326]LogModuleManager: Shutting down and abandoning module DirectoryWatcher (89)
[2017.04.02-13.36.05:486][326]LogModuleManager: Shutting down and abandoning module HotReload (88)
[2017.04.02-13.36.05:486][326]LogModuleManager: Shutting down and abandoning module VisualStudioSourceCodeAccess (87)
[2017.04.02-13.36.05:486][326]LogModuleManager: Shutting down and abandoning module UObjectPlugin (86)
[2017.04.02-13.36.05:486][326]LogModuleManager: Shutting down and abandoning module SubversionSourceControl (85)
[2017.04.02-13.36.05:486][326]LogModuleManager: Shutting down and abandoning module SourceControl (84)
[2017.04.02-13.36.05:486][326]LogModuleManager: Shutting down and abandoning module PerforceSourceControl (83)
[2017.04.02-13.36.05:486][326]LogModuleManager: Shutting down and abandoning module UdpMessaging (82)
[2017.04.02-13.36.05:586][326]LogModuleManager: Shutting down and abandoning module TcpMessaging (81)
[2017.04.02-13.36.06:043][326]LogModuleManager: Shutting down and abandoning module LightPropagationVolumeRuntime (80)
[2017.04.02-13.36.06:043][326]LogModuleManager: Shutting down and abandoning module Paper2D (79)
[2017.04.02-13.36.06:043][326]LogModuleManager: Shutting down and abandoning module WindowsMoviePlayer (78)
[2017.04.02-13.36.06:043][326]LogModuleManager: Shutting down and abandoning module WmfMedia (77)
[2017.04.02-13.36.06:048][326]LogModuleManager: Shutting down and abandoning module MediaAssets (76)
[2017.04.02-13.36.06:048][326]LogModuleManager: Shutting down and abandoning module GameLiveStreaming (75)
[2017.04.02-13.36.06:048][326]LogModuleManager: Shutting down and abandoning module GameplayTagsEditor (74)
[2017.04.02-13.36.06:048][326]LogModuleManager: Shutting down and abandoning module VREditor (73)
[2017.04.02-13.36.06:048][326]LogModuleManager: Shutting down and abandoning module GameplayTasksEditor (72)
[2017.04.02-13.36.06:048][326]LogModuleManager: Shutting down and abandoning module BehaviorTreeEditor (71)
[2017.04.02-13.36.06:048][326]LogModuleManager: Shutting down and abandoning module FunctionalTesting (70)
[2017.04.02-13.36.06:048][326]LogModuleManager: Shutting down and abandoning module CollisionAnalyzer (69)
[2017.04.02-13.36.06:048][326]LogModuleManager: Shutting down and abandoning module Sequencer (68)
[2017.04.02-13.36.06:048][326]LogModuleManager: Shutting down and abandoning module WorkspaceMenuStructure (67)
[2017.04.02-13.36.06:048][326]LogModuleManager: Shutting down and abandoning module MessageLog (66)
[2017.04.02-13.36.06:048][326]LogModuleManager: Shutting down and abandoning module AssetTools (65)
[2017.04.02-13.36.06:048][326]LogModuleManager: Shutting down and abandoning module UMGEditor (64)
[2017.04.02-13.36.06:048][326]LogModuleManager: Shutting down and abandoning module UMG (63)
[2017.04.02-13.36.06:048][326]LogModuleManager: Shutting down and abandoning module SlateReflector (62)
[2017.04.02-13.36.06:048][326]LogModuleManager: Shutting down and abandoning module Slate (61)
[2017.04.02-13.36.06:048][326]LogModuleManager: Shutting down and abandoning module EditorStyle (60)
[2017.04.02-13.36.06:049][326]LogModuleManager: Shutting down and abandoning module Messaging (59)
[2017.04.02-13.36.06:049][326]LogModuleManager: Shutting down and abandoning module SourceCodeAccess (58)
[2017.04.02-13.36.06:049][326]LogModuleManager: Shutting down and abandoning module HeadMountedDisplay (57)
[2017.04.02-13.36.06:049][326]LogModuleManager: Shutting down and abandoning module XAudio2 (56)
[2017.04.02-13.36.06:049][326]LogModuleManager: Shutting down and abandoning module Networking (54)
[2017.04.02-13.36.06:049][326]LogModuleManager: Shutting down and abandoning module Core (53)
[2017.04.02-13.36.06:049][326]LogModuleManager: Shutting down and abandoning module KismetCompiler (52)
[2017.04.02-13.36.06:049][326]LogModuleManager: Shutting down and abandoning module PhysXFormats (51)
[2017.04.02-13.36.06:049][326]LogModuleManager: Shutting down and abandoning module SimplygonSwarm (50)
[2017.04.02-13.36.06:049][326]LogModuleManager: Shutting down and abandoning module SimplygonMeshReduction (49)
[2017.04.02-13.36.06:049][326]LogModuleManager: Shutting down and abandoning module QuadricMeshReduction (48)
[2017.04.02-13.36.06:049][326]LogModuleManager: Shutting down and abandoning module PropertyEditor (47)
[2017.04.02-13.36.06:049][326]LogModuleManager: Shutting down and abandoning module MeshUtilities (46)
[2017.04.02-13.36.06:050][326]LogModuleManager: Shutting down and abandoning module AssetRegistry (45)
[2017.04.02-13.36.06:050][326]LogModuleManager: Shutting down and abandoning module DerivedDataCache (44)
[2017.04.02-13.36.06:208][326]LogDerivedDataCache: Shutdown
[2017.04.02-13.36.06:208][326]LogModuleManager: Shutting down and abandoning module VulkanShaderFormat (43)
[2017.04.02-13.36.06:208][326]LogModuleManager: Shutting down and abandoning module ShaderFormatOpenGL (42)
[2017.04.02-13.36.06:208][326]LogModuleManager: Shutting down and abandoning module ShaderFormatD3D (41)
[2017.04.02-13.36.06:208][326]LogModuleManager: Shutting down and abandoning module MetalShaderFormat (40)
[2017.04.02-13.36.06:208][326]LogModuleManager: Shutting down and abandoning module TextureFormatUncompressed (39)
[2017.04.02-13.36.06:208][326]LogModuleManager: Shutting down and abandoning module TextureFormatPVR (38)
[2017.04.02-13.36.06:208][326]LogModuleManager: Shutting down and abandoning module TextureFormatDXT (37)
[2017.04.02-13.36.06:208][326]LogModuleManager: Shutting down and abandoning module TextureFormatIntelISPCTexComp (36)
[2017.04.02-13.36.06:208][326]LogModuleManager: Shutting down and abandoning module ImageWrapper (35)
[2017.04.02-13.36.06:208][326]LogModuleManager: Shutting down and abandoning module TextureFormatASTC (34)
[2017.04.02-13.36.06:208][326]LogModuleManager: Shutting down and abandoning module TextureFormatAndroid (33)
[2017.04.02-13.36.06:208][326]LogModuleManager: Shutting down and abandoning module AudioFormatOpus (32)
[2017.04.02-13.36.06:208][326]LogModuleManager: Shutting down and abandoning module AudioFormatOgg (31)
[2017.04.02-13.36.06:208][326]LogModuleManager: Shutting down and abandoning module AudioFormatADPCM (30)
[2017.04.02-13.36.06:208][326]LogModuleManager: Shutting down and abandoning module WindowsTargetPlatform (29)
[2017.04.02-13.36.06:208][326]LogModuleManager: Shutting down and abandoning module WindowsServerTargetPlatform (28)
[2017.04.02-13.36.06:208][326]LogModuleManager: Shutting down and abandoning module WindowsNoEditorTargetPlatform (27)
[2017.04.02-13.36.06:208][326]LogModuleManager: Shutting down and abandoning module WindowsClientTargetPlatform (26)
[2017.04.02-13.36.06:208][326]LogModuleManager: Shutting down and abandoning module TargetPlatform (25)
[2017.04.02-13.36.06:208][326]LogModuleManager: Shutting down and abandoning module InputCore (24)
[2017.04.02-13.36.06:208][326]LogModuleManager: Shutting down and abandoning module Settings (23)
[2017.04.02-13.36.06:208][326]LogModuleManager: Shutting down and abandoning module OculusRift (22)
[2017.04.02-13.36.06:208][326]LogModuleManager: Shutting down and abandoning module ExampleDeviceProfileSelector (21)
[2017.04.02-13.36.06:208][326]LogModuleManager: Shutting down and abandoning module OnlineBlueprintSupport (20)
[2017.04.02-13.36.06:208][326]LogModuleManager: Shutting down and abandoning module OnlineSubsystem (18)
[2017.04.02-13.36.06:208][326]LogOnline:Display: Unloading online subsystem: NULL
[2017.04.02-13.36.06:208][326]LogModuleManager: Shutting down and abandoning module SSL (17)
[2017.04.02-13.36.06:209][326]LogModuleManager: Shutting down and abandoning module HTTP (16)
[2017.04.02-13.36.06:209][326]LogModuleManager: Shutting down and abandoning module XMPP (15)
[2017.04.02-13.36.06:209][326]LogModuleManager: Shutting down and abandoning module TextureCompressor (14)
[2017.04.02-13.36.06:209][326]LogModuleManager: Shutting down and abandoning module ShaderCore (13)
[2017.04.02-13.36.06:209][326]LogModuleManager: Shutting down and abandoning module Landscape (12)
[2017.04.02-13.36.06:209][326]LogModuleManager: Shutting down and abandoning module SlateRHIRenderer (11)
[2017.04.02-13.36.06:210][326]LogModuleManager: Shutting down and abandoning module OpenGLDrv (10)
[2017.04.02-13.36.06:210][326]LogModuleManager: Shutting down and abandoning module D3D11RHI (9)
[2017.04.02-13.36.06:210][326]LogModuleManager: Shutting down and abandoning module AnimGraphRuntime (8)
[2017.04.02-13.36.06:210][326]LogModuleManager: Shutting down and abandoning module Renderer (7)
[2017.04.02-13.36.06:210][326]LogModuleManager: Shutting down and abandoning module Engine (6)
[2017.04.02-13.36.06:210][326]LogModuleManager: Shutting down and abandoning module CoreUObject (5)
[2017.04.02-13.36.06:210][326]LogModuleManager: Shutting down and abandoning module NetworkFile (4)
[2017.04.02-13.36.06:210][326]LogModuleManager: Shutting down and abandoning module StreamingFile (3)
[2017.04.02-13.36.06:210][326]LogModuleManager: Shutting down and abandoning module SandboxFile (2)
[2017.04.02-13.36.06:210][326]LogModuleManager: Shutting down and abandoning module PakFile (1)
[2017.04.02-13.36.06:211][326]LogExit: Exiting.
[2017.04.02-13.36.06:212][326]Log file closed, 04/02/17 08:36:06
