Log file open, 05/01/17 16:55:32
LogInit:Display: Running engine for game: Zombie_Tower_Defense
LogPlatformFile: Not using cached read wrapper
LogInit:Display: RandInit(1885661308) SRandInit(1885661308).
LogTaskGraph: Started task graph with 5 named threads and 8 total threads with 1 sets of task threads.
LogStats: Stats thread started at 0.074668
LogPluginManager: Loaded Plugin Paper2D, From C:/Program Files (x86)/Epic Games/4.14/Engine/Plugins/2D/Paper2D/Paper2D.uplugin
LogPluginManager: Loaded Plugin LightPropagationVolume, From C:/Program Files (x86)/Epic Games/4.14/Engine/Plugins/Blendables/LightPropagationVolume/LightPropagationVolume.uplugin
LogPluginManager: Loaded Plugin BlankPlugin, From C:/Program Files (x86)/Epic Games/4.14/Engine/Plugins/Developer/BlankPlugin/BlankPlugin.uplugin
LogPluginManager: Loaded Plugin CodeLiteSourceCodeAccess, From C:/Program Files (x86)/Epic Games/4.14/Engine/Plugins/Developer/CodeLiteSourceCodeAccess/CodeLiteSourceCodeAccess.uplugin
LogPluginManager: Loaded Plugin GitSourceControl, From C:/Program Files (x86)/Epic Games/4.14/Engine/Plugins/Developer/GitSourceControl/GitSourceControl.uplugin
LogPluginManager: Loaded Plugin KDevelopSourceCodeAccess, From C:/Program Files (x86)/Epic Games/4.14/Engine/Plugins/Developer/KDevelopSourceCodeAccess/KDevelopSourceCodeAccess.uplugin
LogPluginManager: Loaded Plugin NullSourceCodeAccess, From C:/Program Files (x86)/Epic Games/4.14/Engine/Plugins/Developer/NullSourceCodeAccess/NullSourceCodeAccess.uplugin
LogPluginManager: Loaded Plugin OneSkyLocalizationService, From C:/Program Files (x86)/Epic Games/4.14/Engine/Plugins/Developer/OneSkyLocalizationService/OneSkyLocalizationService.uplugin
LogPluginManager: Loaded Plugin PerforceSourceControl, From C:/Program Files (x86)/Epic Games/4.14/Engine/Plugins/Developer/PerforceSourceControl/PerforceSourceControl.uplugin
LogPluginManager: Loaded Plugin SubversionSourceControl, From C:/Program Files (x86)/Epic Games/4.14/Engine/Plugins/Developer/SubversionSourceControl/SubversionSourceControl.uplugin
LogPluginManager: Loaded Plugin UObjectPlugin, From C:/Program Files (x86)/Epic Games/4.14/Engine/Plugins/Developer/UObjectPlugin/UObjectPlugin.uplugin
LogPluginManager: Loaded Plugin VisualStudioSourceCodeAccess, From C:/Program Files (x86)/Epic Games/4.14/Engine/Plugins/Developer/VisualStudioSourceCodeAccess/VisualStudioSourceCodeAccess.uplugin
LogPluginManager: Loaded Plugin XCodeSourceCodeAccess, From C:/Program Files (x86)/Epic Games/4.14/Engine/Plugins/Developer/XCodeSourceCodeAccess/XCodeSourceCodeAccess.uplugin
LogPluginManager: Loaded Plugin AudioCapture, From C:/Program Files (x86)/Epic Games/4.14/Engine/Plugins/Editor/AudioCapture/AudioCapture.uplugin
LogPluginManager: Loaded Plugin EpicSurvey, From C:/Program Files (x86)/Epic Games/4.14/Engine/Plugins/Editor/EpicSurvey/EpicSurvey.uplugin
LogPluginManager: Loaded Plugin MacGraphicsSwitching, From C:/Program Files (x86)/Epic Games/4.14/Engine/Plugins/Editor/MacGraphicsSwitching/MacGraphicsSwitching.uplugin
LogPluginManager: Loaded Plugin MobileLauncherProfileWizard, From C:/Program Files (x86)/Epic Games/4.14/Engine/Plugins/Editor/MobileLauncherProfileWizard/MobileLauncherProfileWizard.uplugin
LogPluginManager: Loaded Plugin PluginBrowser, From C:/Program Files (x86)/Epic Games/4.14/Engine/Plugins/Editor/PluginBrowser/PluginBrowser.uplugin
LogPluginManager: Loaded Plugin SpeedTreeImporter, From C:/Program Files (x86)/Epic Games/4.14/Engine/Plugins/Editor/SpeedTreeImporter/SpeedTreeImporter.uplugin
LogPluginManager: Loaded Plugin SuperSearchEditor, From C:/Program Files (x86)/Epic Games/4.14/Engine/Plugins/Editor/SuperSearchEditor/SuperSearchEditor.uplugin
LogPluginManager: Loaded Plugin AlembicImporter, From C:/Program Files (x86)/Epic Games/4.14/Engine/Plugins/Experimental/AlembicImporter/AlembicImporter.uplugin
LogPluginManager: Loaded Plugin BlueprintStats, From C:/Program Files (x86)/Epic Games/4.14/Engine/Plugins/Experimental/BlueprintStats/BlueprintStats.uplugin
LogPluginManager: Loaded Plugin CharacterAI, From C:/Program Files (x86)/Epic Games/4.14/Engine/Plugins/Experimental/CharacterAI/CharacterAI.uplugin
LogPluginManager: Loaded Plugin CodeEditor, From C:/Program Files (x86)/Epic Games/4.14/Engine/Plugins/Experimental/CodeEditor/CodeEditor.uplugin
LogPluginManager: Loaded Plugin CodeView, From C:/Program Files (x86)/Epic Games/4.14/Engine/Plugins/Experimental/CodeView/CodeView.uplugin
LogPluginManager: Loaded Plugin HTML5Networking, From C:/Program Files (x86)/Epic Games/4.14/Engine/Plugins/Experimental/HTML5Networking/HTML5Networking.uplugin
LogPluginManager: Loaded Plugin OSVR, From C:/Program Files (x86)/Epic Games/4.14/Engine/Plugins/Experimental/OSVR/OSVR.uplugin
LogPluginManager: Loaded Plugin Phya, From C:/Program Files (x86)/Epic Games/4.14/Engine/Plugins/Experimental/Phya/Phya.uplugin
LogPluginManager: Loaded Plugin SignificanceManager, From C:/Program Files (x86)/Epic Games/4.14/Engine/Plugins/Experimental/SignificanceManager/SignificanceManager.uplugin
LogPluginManager: Loaded Plugin SimpleHMD, From C:/Program Files (x86)/Epic Games/4.14/Engine/Plugins/Experimental/SimpleHMD/SimpleHMD.uplugin
LogPluginManager: Loaded Plugin StereoPanorama, From C:/Program Files (x86)/Epic Games/4.14/Engine/Plugins/Experimental/StereoPanorama/StereoPanorama.uplugin
LogPluginManager: Loaded Plugin StructBox, From C:/Program Files (x86)/Epic Games/4.14/Engine/Plugins/Experimental/StructBox/StructBox.uplugin
LogPluginManager: Loaded Plugin AndroidMedia, From C:/Program Files (x86)/Epic Games/4.14/Engine/Plugins/Media/AndroidMedia/AndroidMedia.uplugin
LogPluginManager: Loaded Plugin AvfMedia, From C:/Program Files (x86)/Epic Games/4.14/Engine/Plugins/Media/AvfMedia/AvfMedia.uplugin
LogPluginManager: Loaded Plugin MediaPlayerEditor, From C:/Program Files (x86)/Epic Games/4.14/Engine/Plugins/Media/MediaPlayerEditor/MediaPlayerEditor.uplugin
LogPluginManager: Loaded Plugin WmfMedia, From C:/Program Files (x86)/Epic Games/4.14/Engine/Plugins/Media/WmfMedia/WmfMedia.uplugin
LogPluginManager: Loaded Plugin MessagingDebugger, From C:/Program Files (x86)/Epic Games/4.14/Engine/Plugins/Messaging/MessagingDebugger/MessagingDebugger.uplugin
LogPluginManager: Loaded Plugin TcpMessaging, From C:/Program Files (x86)/Epic Games/4.14/Engine/Plugins/Messaging/TcpMessaging/TcpMessaging.uplugin
LogPluginManager: Loaded Plugin UdpMessaging, From C:/Program Files (x86)/Epic Games/4.14/Engine/Plugins/Messaging/UdpMessaging/UdpMessaging.uplugin
LogPluginManager: Loaded Plugin LevelSequenceEditor, From C:/Program Files (x86)/Epic Games/4.14/Engine/Plugins/MovieScene/LevelSequenceEditor/LevelSequenceEditor.uplugin
LogPluginManager: Loaded Plugin MatineeToLevelSequence, From C:/Program Files (x86)/Epic Games/4.14/Engine/Plugins/MovieScene/MatineeToLevelSequence/MatineeToLevelSequence.uplugin
LogPluginManager: Loaded Plugin NetcodeUnitTest, From C:/Program Files (x86)/Epic Games/4.14/Engine/Plugins/NetcodeUnitTest/NetcodeUnitTest/NetcodeUnitTest.uplugin
LogPluginManager: Loaded Plugin NUTUnrealEngine4, From C:/Program Files (x86)/Epic Games/4.14/Engine/Plugins/NetcodeUnitTest/NUTUnrealEngine4/NUTUnrealEngine4.uplugin
LogPluginManager: Loaded Plugin OnlineSubsystemGameCircle, From C:/Program Files (x86)/Epic Games/4.14/Engine/Plugins/Online/Android/OnlineSubsystemGameCircle/OnlineSubsystemGameCircle.uplugin
LogPluginManager: Loaded Plugin OnlineSubsystemGooglePlay, From C:/Program Files (x86)/Epic Games/4.14/Engine/Plugins/Online/Android/OnlineSubsystemGooglePlay/OnlineSubsystemGooglePlay.uplugin
LogPluginManager: Loaded Plugin OnlineSubsystemIOS, From C:/Program Files (x86)/Epic Games/4.14/Engine/Plugins/Online/IOS/OnlineSubsystemIOS/OnlineSubsystemIOS.uplugin
LogPluginManager: Loaded Plugin OnlineFramework, From C:/Program Files (x86)/Epic Games/4.14/Engine/Plugins/Online/OnlineFramework/OnlineFramework.uplugin
LogPluginManager: Loaded Plugin OnlineSubsystem, From C:/Program Files (x86)/Epic Games/4.14/Engine/Plugins/Online/OnlineSubsystem/OnlineSubsystem.uplugin
LogPluginManager: Loaded Plugin OnlineSubsystemAmazon, From C:/Program Files (x86)/Epic Games/4.14/Engine/Plugins/Online/OnlineSubsystemAmazon/OnlineSubsystemAmazon.uplugin
LogPluginManager: Loaded Plugin OnlineSubsystemFacebook, From C:/Program Files (x86)/Epic Games/4.14/Engine/Plugins/Online/OnlineSubsystemFacebook/OnlineSubsystemFacebook.uplugin
LogPluginManager: Loaded Plugin OnlineSubsystemNull, From C:/Program Files (x86)/Epic Games/4.14/Engine/Plugins/Online/OnlineSubsystemNull/OnlineSubsystemNull.uplugin
LogPluginManager: Loaded Plugin OnlineSubsystemOculus, From C:/Program Files (x86)/Epic Games/4.14/Engine/Plugins/Online/OnlineSubsystemOculus/OnlineSubsystemOculus.uplugin
LogPluginManager: Loaded Plugin OnlineSubsystemSteam, From C:/Program Files (x86)/Epic Games/4.14/Engine/Plugins/Online/OnlineSubsystemSteam/OnlineSubsystemSteam.uplugin
LogPluginManager: Loaded Plugin OnlineSubsystemUtils, From C:/Program Files (x86)/Epic Games/4.14/Engine/Plugins/Online/OnlineSubsystemUtils/OnlineSubsystemUtils.uplugin
LogPluginManager: Loaded Plugin IOSTapJoy, From C:/Program Files (x86)/Epic Games/4.14/Engine/Plugins/Runtime/Advertising/IOSTapJoy/IOSTapJoy.uplugin
LogPluginManager: Loaded Plugin AnalyticsBlueprintLibrary, From C:/Program Files (x86)/Epic Games/4.14/Engine/Plugins/Runtime/Analytics/AnalyticsBlueprintLibrary/AnalyticsBlueprintLibrary.uplugin
LogPluginManager: Loaded Plugin AnalyticsMulticast, From C:/Program Files (x86)/Epic Games/4.14/Engine/Plugins/Runtime/Analytics/AnalyticsMulticast/AnalyticsMulticast.uplugin
LogPluginManager: Loaded Plugin Apsalar, From C:/Program Files (x86)/Epic Games/4.14/Engine/Plugins/Runtime/Analytics/Apsalar/Apsalar.uplugin
LogPluginManager: Loaded Plugin FileLogging, From C:/Program Files (x86)/Epic Games/4.14/Engine/Plugins/Runtime/Analytics/FileLogging/FileLogging.uplugin
LogPluginManager: Loaded Plugin Flurry, From C:/Program Files (x86)/Epic Games/4.14/Engine/Plugins/Runtime/Analytics/Flurry/Flurry.uplugin
LogPluginManager: Loaded Plugin AndroidDeviceProfileSelector, From C:/Program Files (x86)/Epic Games/4.14/Engine/Plugins/Runtime/AndroidDeviceProfileSelector/AndroidDeviceProfileSelector.uplugin
LogPluginManager: Loaded Plugin AndroidMoviePlayer, From C:/Program Files (x86)/Epic Games/4.14/Engine/Plugins/Runtime/AndroidMoviePlayer/AndroidMoviePlayer.uplugin
LogPluginManager: Loaded Plugin AppleMoviePlayer, From C:/Program Files (x86)/Epic Games/4.14/Engine/Plugins/Runtime/AppleMoviePlayer/AppleMoviePlayer.uplugin
LogPluginManager: Loaded Plugin ArchVisCharacter, From C:/Program Files (x86)/Epic Games/4.14/Engine/Plugins/Runtime/ArchVisCharacter/ArchVisCharacter.uplugin
LogPluginManager: Loaded Plugin CableComponent, From C:/Program Files (x86)/Epic Games/4.14/Engine/Plugins/Runtime/CableComponent/CableComponent.uplugin
LogPluginManager: Loaded Plugin CustomMeshComponent, From C:/Program Files (x86)/Epic Games/4.14/Engine/Plugins/Runtime/CustomMeshComponent/CustomMeshComponent.uplugin
LogPluginManager: Loaded Plugin ExampleDeviceProfileSelector, From C:/Program Files (x86)/Epic Games/4.14/Engine/Plugins/Runtime/ExampleDeviceProfileSelector/ExampleDeviceProfileSelector.uplugin
LogPluginManager: Loaded Plugin GearVR, From C:/Program Files (x86)/Epic Games/4.14/Engine/Plugins/Runtime/GearVR/GearVR.uplugin
LogPluginManager: Loaded Plugin GoogleVRController, From C:/Program Files (x86)/Epic Games/4.14/Engine/Plugins/Runtime/GoogleVR/GoogleVRController/GoogleVRController.uplugin
LogPluginManager: Loaded Plugin GoogleVRHMD, From C:/Program Files (x86)/Epic Games/4.14/Engine/Plugins/Runtime/GoogleVR/GoogleVRHMD/GoogleVRHMD.uplugin
LogPluginManager: Loaded Plugin IOSDeviceProfileSelector, From C:/Program Files (x86)/Epic Games/4.14/Engine/Plugins/Runtime/IOSDeviceProfileSelector/IOSDeviceProfileSelector.uplugin
LogPluginManager: Loaded Plugin LeapMotion, From C:/Program Files (x86)/Epic Games/4.14/Engine/Plugins/Runtime/LeapMotion/LeapMotion.uplugin
LogPluginManager: Loaded Plugin LinuxDeviceProfileSelector, From C:/Program Files (x86)/Epic Games/4.14/Engine/Plugins/Runtime/LinuxDeviceProfileSelector/LinuxDeviceProfileSelector.uplugin
LogPluginManager: Loaded Plugin MIDIDevice, From C:/Program Files (x86)/Epic Games/4.14/Engine/Plugins/Runtime/MIDIDevice/MIDIDevice.uplugin
LogPluginManager: Loaded Plugin MobilePatchingUtils, From C:/Program Files (x86)/Epic Games/4.14/Engine/Plugins/Runtime/MobilePatchingUtils/MobilePatchingUtils.uplugin
LogPluginManager: Loaded Plugin Ansel, From C:/Program Files (x86)/Epic Games/4.14/Engine/Plugins/Runtime/Nvidia/Ansel/Ansel.uplugin
LogPluginManager: Loaded Plugin OculusAudio, From C:/Program Files (x86)/Epic Games/4.14/Engine/Plugins/Runtime/OculusAudio/OculusAudio.uplugin
LogPluginManager: Loaded Plugin OculusInput, From C:/Program Files (x86)/Epic Games/4.14/Engine/Plugins/Runtime/OculusInput/OculusInput.uplugin
LogPluginManager: Loaded Plugin OculusLibrary, From C:/Program Files (x86)/Epic Games/4.14/Engine/Plugins/Runtime/OculusLibrary/OculusLibrary.uplugin
LogPluginManager: Loaded Plugin OculusRift, From C:/Program Files (x86)/Epic Games/4.14/Engine/Plugins/Runtime/OculusRift/OculusRift.uplugin
LogPluginManager: Loaded Plugin Oodle, From C:/Program Files (x86)/Epic Games/4.14/Engine/Plugins/Runtime/PacketHandlers/CompressionComponents/Oodle/Oodle.uplugin
LogPluginManager: Loaded Plugin ProceduralMeshComponent, From C:/Program Files (x86)/Epic Games/4.14/Engine/Plugins/Runtime/ProceduralMeshComponent/ProceduralMeshComponent.uplugin
LogPluginManager: Loaded Plugin SoundMod, From C:/Program Files (x86)/Epic Games/4.14/Engine/Plugins/Runtime/SoundMod/SoundMod.uplugin
LogPluginManager: Loaded Plugin SoundVisualizations, From C:/Program Files (x86)/Epic Games/4.14/Engine/Plugins/Runtime/SoundVisualizations/SoundVisualizations.uplugin
LogPluginManager: Loaded Plugin SteamController, From C:/Program Files (x86)/Epic Games/4.14/Engine/Plugins/Runtime/Steam/SteamController/SteamController.uplugin
LogPluginManager: Loaded Plugin SteamVR, From C:/Program Files (x86)/Epic Games/4.14/Engine/Plugins/Runtime/Steam/SteamVR/SteamVR.uplugin
LogPluginManager: Loaded Plugin WebBrowserWidget, From C:/Program Files (x86)/Epic Games/4.14/Engine/Plugins/Runtime/WebBrowserWidget/WebBrowserWidget.uplugin
LogPluginManager: Loaded Plugin WindowsDeviceProfileSelector, From C:/Program Files (x86)/Epic Games/4.14/Engine/Plugins/Runtime/WindowsDeviceProfileSelector/WindowsDeviceProfileSelector.uplugin
LogPluginManager: Loaded Plugin WindowsMoviePlayer, From C:/Program Files (x86)/Epic Games/4.14/Engine/Plugins/Runtime/WindowsMoviePlayer/WindowsMoviePlayer.uplugin
LogPluginManager: Loaded Plugin ScriptPlugin, From C:/Program Files (x86)/Epic Games/4.14/Engine/Plugins/ScriptPlugin/ScriptPlugin.uplugin
LogPluginManager: Loaded Plugin SlateRemote, From C:/Program Files (x86)/Epic Games/4.14/Engine/Plugins/Slate/SlateRemote/SlateRemote.uplugin
LogPluginManager: Loaded Plugin EditorTests, From C:/Program Files (x86)/Epic Games/4.14/Engine/Plugins/Tests/EditorTests/EditorTests.uplugin
LogPluginManager: Loaded Plugin FbxAutomationTestBuilder, From C:/Program Files (x86)/Epic Games/4.14/Engine/Plugins/Tests/FbxAutomationTestBuilder/FbxAutomationTestBuilder.uplugin
LogPluginManager: Loaded Plugin FunctionalTestingEditor, From C:/Program Files (x86)/Epic Games/4.14/Engine/Plugins/Tests/FunctionalTestingEditor/FunctionalTestingEditor.uplugin
LogPluginManager: Loaded Plugin RuntimeTests, From C:/Program Files (x86)/Epic Games/4.14/Engine/Plugins/Tests/RuntimeTests/RuntimeTests.uplugin
LogPluginManager: Loaded Plugin ScreenshotTools, From C:/Program Files (x86)/Epic Games/4.14/Engine/Plugins/Tests/ScreenshotTools/ScreenshotTools.uplugin
LogInit: Using libcurl 7.47.1
LogInit:  - built for x86_64-pc-win32
LogInit:  - supports SSL with OpenSSL/1.0.2g
LogInit:  - supports HTTP deflate (compression) using libz 1.2.8
LogInit:  - other features:
LogInit:      CURL_VERSION_SSL
LogInit:      CURL_VERSION_LIBZ
LogInit:      CURL_VERSION_IPV6
LogInit:      CURL_VERSION_ASYNCHDNS
LogInit:      CURL_VERSION_LARGEFILE
LogInit:      CURL_VERSION_IDN
LogInit:  CurlRequestOptions (configurable via config and command line):
LogInit:  - bVerifyPeer = false  - Libcurl will NOT verify peer certificate
LogInit:  - bUseHttpProxy = false  - Libcurl will NOT use HTTP proxy
LogInit:  - bDontReuseConnections = false  - Libcurl will reuse connections
LogInit:  - CertBundlePath = nullptr  - Libcurl will use whatever was configured at build time.
LogInit: Build: ++UE4+Release-4.14-CL-3249277
LogInit: Engine Version: 4.14.3-3249277+++UE4+Release-4.14
LogInit: Compatible Engine Version: 4.14.0-3195953+++UE4+Release-4.14
LogInit: Net CL: 3195953
LogDevObjectVersion: Number of dev versions registered: 13
LogDevObjectVersion:   Dev-Blueprints (B0D832E4-1F89-4F0D-ACCF-7EB736FD4AA2): 7
LogDevObjectVersion:   Dev-Build (E1C64328-A22C-4D53-A36C-8E866417BD8C): 0
LogDevObjectVersion:   Dev-Core (375EC13C-06E4-48FB-B500-84F0262A717E): 1
LogDevObjectVersion:   Dev-Editor (E4B068ED-F494-42E9-A231-DA0B2E46BB41): 8
LogDevObjectVersion:   Dev-Framework (CFFC743F-43B0-4480-9391-14DF171D2073): 17
LogDevObjectVersion:   Dev-Mobile (B02B49B5-BB20-44E9-A304-32B752E40360): 0
LogDevObjectVersion:   Dev-Networking (A4E4105C-59A1-49B5-A7C5-40C4547EDFEE): 0
LogDevObjectVersion:   Dev-Online (39C831C9-5AE6-47DC-9A44-9C173E1C8E7C): 0
LogDevObjectVersion:   Dev-Physics (78F01B33-EBEA-4F98-B9B4-84EACCB95AA2): 0
LogDevObjectVersion:   Dev-Platform (6631380F-2D4D-43E0-8009-CF276956A95A): 0
LogDevObjectVersion:   Dev-Rendering (12F88B9F-8875-4AFC-A67C-D90C383ABD29): 12
LogDevObjectVersion:   Dev-Sequencer (7B5AE74C-D270-4C10-A958-57980B212A5A): 1
LogDevObjectVersion:   Dev-VR (D7296918-1DD6-4BDD-9DE2-64A83CC13884): 0
LogInit: Compiled (64-bit): Jan  6 2017 10:49:43
LogInit: Compiled with Visual C++: 19.00.23026.00
LogInit: Build Configuration: Development
LogInit: Branch Name: ++UE4+Release-4.14
LogInit: Command line:  /Temp/Autosaves/Game/ZTD_Blueprint/Maps/UEDPCMapC_U_F -game -PIEVIACONSOLE -ResX=1280 -ResY=720  -Multiprocess -messaging -SessionName="Play in Standalone Game" -windowed 
LogInit: Base directory: C:/Program Files (x86)/Epic Games/4.14/Engine/Binaries/Win64/
LogInit: Installed Engine Build: 1
LogInit: Presizing for max 8388607 objects, including 0 objects not considered by GC, pre-allocating 0 bytes for permanent pool.
LogInit: Object subsystem initialized
[2017.05.01-21.55.32:978][  0]LogInit: Selected Device Profile: [Windows]
[2017.05.01-21.55.32:978][  0]LogInit: Applying CVar settings loaded from the selected device profile: [Windows]
[2017.05.01-21.55.32:982][  0]LogInit: Computer: DESKTOP-C7CL5QU
[2017.05.01-21.55.32:982][  0]LogInit: User: Bryan
[2017.05.01-21.55.32:982][  0]LogInit: CPU Page size=65536, Cores=4
[2017.05.01-21.55.32:982][  0]LogInit: High frequency timer resolution =3.421872 MHz
[2017.05.01-21.55.32:982][  0]LogMemory: Memory total: Physical=7.9GB (8GB approx)
[2017.05.01-21.55.32:982][  0]LogMemory: Platform Memory Stats for Windows
[2017.05.01-21.55.32:982][  0]LogMemory: Process Physical Memory: 265.56 MB used, 265.56 MB peak
[2017.05.01-21.55.32:982][  0]LogMemory: Process Virtual Memory: 262.75 MB used, 262.75 MB peak
[2017.05.01-21.55.32:982][  0]LogMemory: Physical Memory: 6498.82 MB used,  1619.25 MB free, 8118.07 MB total
[2017.05.01-21.55.32:982][  0]LogMemory: Virtual Memory: 675.76 MB used,  1619.25 MB free, 134217728.00 MB total
[2017.05.01-21.55.33:005][  0]LogTextLocalizationManager: No specific translations for ('en-US') exist, so ('en') translations will be used.
[2017.05.01-21.55.33:414][  0]LogD3D11RHI: D3D11 adapters:
[2017.05.01-21.55.33:432][  0]LogD3D11RHI:    0. 'AMD Radeon (TM) R9 390 Series' (Feature Level 11_0)
[2017.05.01-21.55.33:432][  0]LogD3D11RHI:       8169/0/4059 MB DedicatedVideo/DedicatedSystem/SharedSystem, Outputs:2, VendorId:0x1002
[2017.05.01-21.55.33:433][  0]LogD3D11RHI:    1. 'Microsoft Basic Render Driver' (Feature Level 11_0)
[2017.05.01-21.55.33:433][  0]LogD3D11RHI:       0/0/4059 MB DedicatedVideo/DedicatedSystem/SharedSystem, Outputs:0, VendorId:0x1414
[2017.05.01-21.55.33:433][  0]LogD3D11RHI: Chosen D3D11 Adapter: 0
[2017.05.01-21.55.33:437][  0]LogD3D11RHI: Creating new Direct3DDevice
[2017.05.01-21.55.33:437][  0]LogD3D11RHI:     GPU DeviceId: 0x67b1 (for the marketing name, search the web for "GPU Device Id")
[2017.05.01-21.55.33:437][  0]LogWindows: EnumDisplayDevices:
[2017.05.01-21.55.33:437][  0]LogWindows:    0. 'AMD Radeon (TM) R9 390 Series' (P:1 D:1)
[2017.05.01-21.55.33:437][  0]LogWindows:    1. 'AMD Radeon (TM) R9 390 Series' (P:0 D:1)
[2017.05.01-21.55.33:438][  0]LogWindows:    2. 'AMD Radeon (TM) R9 390 Series' (P:0 D:0)
[2017.05.01-21.55.33:438][  0]LogWindows:    3. 'AMD Radeon (TM) R9 390 Series' (P:0 D:0)
[2017.05.01-21.55.33:438][  0]LogWindows:    4. 'AMD Radeon (TM) R9 390 Series' (P:0 D:0)
[2017.05.01-21.55.33:438][  0]LogWindows:    5. 'AMD Radeon (TM) R9 390 Series' (P:0 D:0)
[2017.05.01-21.55.33:438][  0]LogWindows: DebugString: FoundDriverCount:6 
[2017.05.01-21.55.33:438][  0]LogD3D11RHI:     Adapter Name: AMD Radeon (TM) R9 390 Series
[2017.05.01-21.55.33:438][  0]LogD3D11RHI:   Driver Version: Crimson 16.9.2 (internal:21.19.137.1, unified:21.19.137.1)
[2017.05.01-21.55.33:438][  0]LogD3D11RHI:      Driver Date: 9-16-2016
[2017.05.01-21.55.33:438][  0]LogRHI: Texture pool is 1361 MB (70% of 1945 MB)
[2017.05.01-21.55.33:446][  0]LogD3D11RHI: Async texture creation enabled
[2017.05.01-21.55.33:458][  0]LogD3D11RHI: GPU Timing Frequency: 27.000000 (Debug: 2 1)
[2017.05.01-21.55.33:460][  0]LogShaderCompilers: Guid format shader working directory is -22 characters bigger than the processId version (D:/Users/Bryan/Desktop/ZTD/Zombie_Tower_Defense/Zombie_TowerDefense/Intermediate/Shaders/WorkingDirectory/11044/).
[2017.05.01-21.55.33:460][  0]LogShaderCompilers: Cleaned the shader compiler working directory 'C:/Users/Bryan/AppData/Local/Temp/UnrealShaderWorkingDir/D24F688942BD63F91F733991D63724CE/'.
[2017.05.01-21.55.33:460][  0]LogShaderCompilers:Display: Using Local Shader Compiler.
[2017.05.01-21.55.34:343][  0]LogTemp:Display: Loaded TP WindowsClientTargetPlatform
[2017.05.01-21.55.34:392][  0]LogTemp:Display: Loaded TP WindowsNoEditorTargetPlatform
[2017.05.01-21.55.34:437][  0]LogTemp:Display: Loaded TP WindowsServerTargetPlatform
[2017.05.01-21.55.34:476][  0]LogTemp:Display: Loaded TP WindowsTargetPlatform
[2017.05.01-21.55.34:476][  0]LogTargetPlatformManager:Display: Building Assets For Windows
[2017.05.01-21.55.34:807][  0]LogDerivedDataCache:Display: Max Cache Size: 512 MB
[2017.05.01-21.55.34:855][  0]LogDerivedDataCache: Loaded boot cache 0.05s 50MB C:/Users/Bryan/AppData/Local/UnrealEngine/4.14/DerivedDataCache/Boot.ddc.
[2017.05.01-21.55.34:855][  0]LogDerivedDataCache:Display: Loaded Boot cache: C:/Users/Bryan/AppData/Local/UnrealEngine/4.14/DerivedDataCache/Boot.ddc
[2017.05.01-21.55.34:855][  0]LogDerivedDataCache: FDerivedDataBackendGraph:  Pak pak cache file D:/Users/Bryan/Desktop/ZTD/Zombie_Tower_Defense/Zombie_TowerDefense/DerivedDataCache/DDC.ddp not found, will not use a pak cache.
[2017.05.01-21.55.34:855][  0]LogDerivedDataCache: Unable to find inner node Pak for hierarchical cache Hierarchy.
[2017.05.01-21.55.34:855][  0]LogDerivedDataCache: FDerivedDataBackendGraph:  CompressedPak pak cache file D:/Users/Bryan/Desktop/ZTD/Zombie_Tower_Defense/Zombie_TowerDefense/DerivedDataCache/Compressed.ddp not found, will not use a pak cache.
[2017.05.01-21.55.34:855][  0]LogDerivedDataCache: Unable to find inner node CompressedPak for hierarchical cache Hierarchy.
[2017.05.01-21.55.34:870][  0]LogDerivedDataCache:Display: Pak cache opened for reading ../../../Engine/DerivedDataCache/Compressed.ddp.
[2017.05.01-21.55.34:882][  0]LogDerivedDataCache: Using Local data cache path C:/Users/Bryan/AppData/Local/UnrealEngine/Common/DerivedDataCache: Writable
[2017.05.01-21.55.35:051][  0]LogAssetRegistry: FAssetRegistry took 0.0001 seconds to start up
[2017.05.01-21.55.35:060][  0]LogPackageLocalizationCache: Processed 3 localized package path(s) for 2 prioritized culture(s) in 0.009538 seconds
[2017.05.01-21.55.35:078][  0]LogInit: Selected Device Profile: [Windows]
[2017.05.01-21.55.35:080][  0]LogContentStreaming: Texture pool size is 1000.00 MB
[2017.05.01-21.55.35:249][  0]LogMeshUtilities: Using QuadricMeshReduction for automatic static mesh reduction
[2017.05.01-21.55.35:286][  0]LogSimplygon: Simplygon DLL not present - disabling.
[2017.05.01-21.55.35:325][  0]LogMeshUtilities: Using SimplygonSwarm for distributed automatic mesh merging
[2017.05.01-21.55.35:325][  0]LogMeshUtilities: No automatic skeletal mesh reduction module available
[2017.05.01-21.55.35:325][  0]LogMeshUtilities: No automatic mesh merging module available
[2017.05.01-21.55.35:736][  0]LogNetVersion: GetLocalNetworkVersion: CL: 3195953, ProjectName: zombie_tower_defense, ProjectVersion: , EngineNetworkVersion: 2, GameNetworkVersion: 0, NetworkChecksum: 2528811943
[2017.05.01-21.55.35:799][  0]LogInit: WinSock: version 1.1 (2.2), MaxSocks=32767, MaxUdp=65467
[2017.05.01-21.55.36:422][  0]LogSlate: Using Freetype 2.6.0
[2017.05.01-21.55.36:422][  0]LogSlate: SlateFontCache - WITH_FREETYPE: 1, WITH_HARFBUZZ: 1
[2017.05.01-21.55.36:422][  0]LogSlate: SlateFontCache - WITH_FREETYPE: 1, WITH_HARFBUZZ: 1
[2017.05.01-21.55.36:516][  0]LogMoviePlayer: Initializing movie player
[2017.05.01-21.55.36:575][  0]LogWindowsTextInputMethodSystem:Display: IME system now deactivated.
[2017.05.01-21.55.36:591][  0]LogWindowsMoviePlayer: Unable to load movie: D:/Users/Bryan/Desktop/ZTD/Zombie_Tower_Defense/Zombie_TowerDefense/Content/Movies/Default_Startup.mp4
[2017.05.01-21.55.36:735][  0]LogTcpMessaging: Initializing TcpMessaging bridge
[2017.05.01-21.55.36:769][  0]LogUdpMessaging: Initializing bridge on interface 0.0.0.0:0 to multicast group 230.0.0.1:6666.
[2017.05.01-21.55.36:896][  0]SourceControl: Info Source control is disabled
[2017.05.01-21.55.36:896][  0]SourceControl: Info Source control is disabled
[2017.05.01-21.55.36:933][  0]SourceControl: Info Source control is disabled
[2017.05.01-21.55.37:511][  0]LogUObjectArray: 33496 objects as part of root set at end of initial load.
[2017.05.01-21.55.37:511][  0]LogUObjectAllocator: 7417784 out of 0 bytes used by permanent object pool.
[2017.05.01-21.55.37:511][  0]LogUObjectArray: CloseDisregardForGC: 0/0 objects in disregard for GC pool
[2017.05.01-21.55.37:602][  0]LogEngine: Initializing Engine...
[2017.05.01-21.55.37:602][  0]LogHMD: Failed to initialize OpenVR with code 110
[2017.05.01-21.55.37:725][  0]LogInit: XAudio2 using 'Speakers (Realtek High Definition Audio)' : 2 channels at 48 kHz using 32 bits per sample (channel mask 0x3)
[2017.05.01-21.55.37:753][  0]LogInit: FAudioDevice initialized.
[2017.05.01-21.55.37:770][  0]LogInit: Texture streaming: Enabled
[2017.05.01-21.55.37:782][  0]LogMaterial: Uniform references updated for custom material expression Custom.
[2017.05.01-21.55.38:066][  0]LogInit:Display: Game Engine Initialized.
[2017.05.01-21.55.38:206][  0]LogInit:Display: Starting Game.
[2017.05.01-21.55.38:206][  0]LogNet: Browse: /Temp/Autosaves/Game/ZTD_Blueprint/Maps/UEDPCMapC_U_F?Name=Player
[2017.05.01-21.55.38:206][  0]LogLoad: LoadMap: /Temp/Autosaves/Game/ZTD_Blueprint/Maps/UEDPCMapC_U_F?Name=Player
[2017.05.01-21.55.38:222][  0]LogMemory: Platform Memory Stats for Windows
[2017.05.01-21.55.38:222][  0]LogMemory: Process Physical Memory: 625.18 MB used, 650.29 MB peak
[2017.05.01-21.55.38:222][  0]LogMemory: Process Virtual Memory: 712.83 MB used, 712.84 MB peak
[2017.05.01-21.55.38:222][  0]LogMemory: Physical Memory: 6806.33 MB used,  1311.74 MB free, 8118.07 MB total
[2017.05.01-21.55.38:222][  0]LogMemory: Virtual Memory: 1347.48 MB used,  1311.74 MB free, 134217728.00 MB total
[2017.05.01-21.55.38:222][  0]LogMemory: 
[2017.05.01-21.55.38:222][  0]Allocator Stats for TBB: (not implemented)
[2017.05.01-21.55.39:971][  0]LogAIModule: Creating AISystem for world MapC_U_F
[2017.05.01-21.55.39:971][  0]LogLoad: Game class is 'ZTD_GameMode_C'
[2017.05.01-21.55.39:973][  0]LogMaterial:Warning: Material /Game/Assets/Forest_Stuff/Material/Master_Material/M_tree_basic.M_tree_basic missing bUsedWithInstancedStaticMeshes=True! Default Material will be used in game.
[2017.05.01-21.55.39:973][  0]LogMaterial:Warning:      The material will recompile every editor launch until resaved.
[2017.05.01-21.55.40:011][  0]LogWorld: Bringing World /Temp/Autosaves/Game/ZTD_Blueprint/Maps/UEDPCMapC_U_F.MapC_U_F up for play (max tick rate 0) at 2017.05.01-16.55.40
[2017.05.01-21.55.40:012][  0]LogWorld: Bringing up level for play took: 0.039710
[2017.05.01-21.55.40:019][  0]LogLoad: Took 1.813121 seconds to LoadMap(/Temp/Autosaves/Game/ZTD_Blueprint/Maps/UEDPCMapC_U_F)
[2017.05.01-21.55.40:345][  0]LogLoad: (Engine Initialization) Total time: 8.80 seconds
[2017.05.01-21.55.40:345][  0]LogLoad: (Engine Initialization) Total Blueprint compile time: 0.46 seconds
[2017.05.01-21.55.40:345][  0]LogExternalProfiler: Found external profiler: VSPerf
[2017.05.01-21.55.40:345][  0]LogExternalProfiler: Using external profiler: VSPerf
[2017.05.01-21.55.40:362][  0]LogOcInput: OculusInput pre-init called
[2017.05.01-21.55.40:747][  1]LogRenderer: Reallocating scene render targets to support 1280x720 NumSamples 1 (Frame:2).
[2017.05.01-21.57.07:117][945]LogLongPackageNames:Warning: URL: Main menu: Name may not contain the following characters:  
[2017.05.01-21.57.07:133][946]LogLongPackageNames:Warning: URL: Main menu: Name may not contain the following characters:  
[2017.05.01-21.57.07:133][946]LogNet: Browse: /Game/ZTD_Blueprint/Maps/Menu_Main
[2017.05.01-21.57.07:133][946]LogNet:Warning: Travel Failure: [InvalidURL]: Invalid URL: /Game/ZTD_Blueprint/Maps/Menu_Main
[2017.05.01-21.57.07:133][946]LogNet: TravelFailure: InvalidURL, Reason for Failure: 'Invalid URL: /Game/ZTD_Blueprint/Maps/Menu_Main'
[2017.05.01-21.57.07:133][946]LogNet:Warning: Travel Failure: [ClientTravelFailure]: Invalid URL: /Game/ZTD_Blueprint/Maps/Menu_Main
[2017.05.01-21.57.07:133][946]LogNet: TravelFailure: ClientTravelFailure, Reason for Failure: 'Invalid URL: /Game/ZTD_Blueprint/Maps/Menu_Main'
[2017.05.01-21.57.07:149][947]LogNet: Browse: /Game/ZTD_Blueprint/Maps/Menu_Main?closed
[2017.05.01-21.57.07:149][947]LogNet: Failed; returning to Entry
[2017.05.01-21.57.07:180][947]LogLoad: LoadMap: /Game/ZTD_Blueprint/Maps/Menu_Main?closed
[2017.05.01-21.57.07:260][947]LogMemory: Platform Memory Stats for Windows
[2017.05.01-21.57.07:260][947]LogMemory: Process Physical Memory: 896.44 MB used, 1038.73 MB peak
[2017.05.01-21.57.07:260][947]LogMemory: Process Virtual Memory: 1338.96 MB used, 1478.08 MB peak
[2017.05.01-21.57.07:260][947]LogMemory: Physical Memory: 6739.11 MB used,  1378.96 MB free, 8118.07 MB total
[2017.05.01-21.57.07:260][947]LogMemory: Virtual Memory: 1965.23 MB used,  1378.96 MB free, 134217728.00 MB total
[2017.05.01-21.57.07:260][947]LogMemory: 
[2017.05.01-21.57.07:260][947]Allocator Stats for TBB: (not implemented)
[2017.05.01-21.57.07:989][947]LogAIModule: Creating AISystem for world Menu_Main
[2017.05.01-21.57.07:990][947]LogLoad: Game class is 'ZTD_MainMenu_Mode_C'
[2017.05.01-21.57.07:993][947]LogWorld: Bringing World /Game/ZTD_Blueprint/Maps/Menu_Main.Menu_Main up for play (max tick rate 0) at 2017.05.01-16.57.07
[2017.05.01-21.57.07:993][947]LogWorld: Bringing up level for play took: 0.000554
[2017.05.01-21.57.07:993][947]LogGameMode: Warning - PATHS NOT DEFINED or NO PLAYERSTART with positive rating
[2017.05.01-21.57.07:993][947]t.MaxFPS = "62"
[2017.05.01-21.57.07:994][947]LogLoad: Took 0.813543 seconds to LoadMap(/Game/ZTD_Blueprint/Maps/Menu_Main)
