Log file open, 04/02/17 03:40:19
LogInit:Display: Running engine for game: Zombie_Tower_Defense
LogPlatformFile: Not using cached read wrapper
LogInit:Display: RandInit(-455379969) SRandInit(-455379969).
LogTaskGraph: Started task graph with 5 named threads and 8 total threads with 1 sets of task threads.
LogStats: Stats thread started at 0.067894
LogPluginManager: Loaded Plugin Paper2D, From B:/Unreal Engine 4.14.3/UE_4.14/Engine/Plugins/2D/Paper2D/Paper2D.uplugin
LogPluginManager: Loaded Plugin LightPropagationVolume, From B:/Unreal Engine 4.14.3/UE_4.14/Engine/Plugins/Blendables/LightPropagationVolume/LightPropagationVolume.uplugin
LogPluginManager: Loaded Plugin BlankPlugin, From B:/Unreal Engine 4.14.3/UE_4.14/Engine/Plugins/Developer/BlankPlugin/BlankPlugin.uplugin
LogPluginManager: Loaded Plugin CodeLiteSourceCodeAccess, From B:/Unreal Engine 4.14.3/UE_4.14/Engine/Plugins/Developer/CodeLiteSourceCodeAccess/CodeLiteSourceCodeAccess.uplugin
LogPluginManager: Loaded Plugin GitSourceControl, From B:/Unreal Engine 4.14.3/UE_4.14/Engine/Plugins/Developer/GitSourceControl/GitSourceControl.uplugin
LogPluginManager: Loaded Plugin KDevelopSourceCodeAccess, From B:/Unreal Engine 4.14.3/UE_4.14/Engine/Plugins/Developer/KDevelopSourceCodeAccess/KDevelopSourceCodeAccess.uplugin
LogPluginManager: Loaded Plugin NullSourceCodeAccess, From B:/Unreal Engine 4.14.3/UE_4.14/Engine/Plugins/Developer/NullSourceCodeAccess/NullSourceCodeAccess.uplugin
LogPluginManager: Loaded Plugin OneSkyLocalizationService, From B:/Unreal Engine 4.14.3/UE_4.14/Engine/Plugins/Developer/OneSkyLocalizationService/OneSkyLocalizationService.uplugin
LogPluginManager: Loaded Plugin PerforceSourceControl, From B:/Unreal Engine 4.14.3/UE_4.14/Engine/Plugins/Developer/PerforceSourceControl/PerforceSourceControl.uplugin
LogPluginManager: Loaded Plugin SubversionSourceControl, From B:/Unreal Engine 4.14.3/UE_4.14/Engine/Plugins/Developer/SubversionSourceControl/SubversionSourceControl.uplugin
LogPluginManager: Loaded Plugin UObjectPlugin, From B:/Unreal Engine 4.14.3/UE_4.14/Engine/Plugins/Developer/UObjectPlugin/UObjectPlugin.uplugin
LogPluginManager: Loaded Plugin VisualStudioSourceCodeAccess, From B:/Unreal Engine 4.14.3/UE_4.14/Engine/Plugins/Developer/VisualStudioSourceCodeAccess/VisualStudioSourceCodeAccess.uplugin
LogPluginManager: Loaded Plugin XCodeSourceCodeAccess, From B:/Unreal Engine 4.14.3/UE_4.14/Engine/Plugins/Developer/XCodeSourceCodeAccess/XCodeSourceCodeAccess.uplugin
LogPluginManager: Loaded Plugin AudioCapture, From B:/Unreal Engine 4.14.3/UE_4.14/Engine/Plugins/Editor/AudioCapture/AudioCapture.uplugin
LogPluginManager: Loaded Plugin EpicSurvey, From B:/Unreal Engine 4.14.3/UE_4.14/Engine/Plugins/Editor/EpicSurvey/EpicSurvey.uplugin
LogPluginManager: Loaded Plugin MacGraphicsSwitching, From B:/Unreal Engine 4.14.3/UE_4.14/Engine/Plugins/Editor/MacGraphicsSwitching/MacGraphicsSwitching.uplugin
LogPluginManager: Loaded Plugin MobileLauncherProfileWizard, From B:/Unreal Engine 4.14.3/UE_4.14/Engine/Plugins/Editor/MobileLauncherProfileWizard/MobileLauncherProfileWizard.uplugin
LogPluginManager: Loaded Plugin PluginBrowser, From B:/Unreal Engine 4.14.3/UE_4.14/Engine/Plugins/Editor/PluginBrowser/PluginBrowser.uplugin
LogPluginManager: Loaded Plugin SpeedTreeImporter, From B:/Unreal Engine 4.14.3/UE_4.14/Engine/Plugins/Editor/SpeedTreeImporter/SpeedTreeImporter.uplugin
LogPluginManager: Loaded Plugin SuperSearchEditor, From B:/Unreal Engine 4.14.3/UE_4.14/Engine/Plugins/Editor/SuperSearchEditor/SuperSearchEditor.uplugin
LogPluginManager: Loaded Plugin AlembicImporter, From B:/Unreal Engine 4.14.3/UE_4.14/Engine/Plugins/Experimental/AlembicImporter/AlembicImporter.uplugin
LogPluginManager: Loaded Plugin BlueprintStats, From B:/Unreal Engine 4.14.3/UE_4.14/Engine/Plugins/Experimental/BlueprintStats/BlueprintStats.uplugin
LogPluginManager: Loaded Plugin CharacterAI, From B:/Unreal Engine 4.14.3/UE_4.14/Engine/Plugins/Experimental/CharacterAI/CharacterAI.uplugin
LogPluginManager: Loaded Plugin CodeEditor, From B:/Unreal Engine 4.14.3/UE_4.14/Engine/Plugins/Experimental/CodeEditor/CodeEditor.uplugin
LogPluginManager: Loaded Plugin CodeView, From B:/Unreal Engine 4.14.3/UE_4.14/Engine/Plugins/Experimental/CodeView/CodeView.uplugin
LogPluginManager: Loaded Plugin HTML5Networking, From B:/Unreal Engine 4.14.3/UE_4.14/Engine/Plugins/Experimental/HTML5Networking/HTML5Networking.uplugin
LogPluginManager: Loaded Plugin OSVR, From B:/Unreal Engine 4.14.3/UE_4.14/Engine/Plugins/Experimental/OSVR/OSVR.uplugin
LogPluginManager: Loaded Plugin Phya, From B:/Unreal Engine 4.14.3/UE_4.14/Engine/Plugins/Experimental/Phya/Phya.uplugin
LogPluginManager: Loaded Plugin SignificanceManager, From B:/Unreal Engine 4.14.3/UE_4.14/Engine/Plugins/Experimental/SignificanceManager/SignificanceManager.uplugin
LogPluginManager: Loaded Plugin SimpleHMD, From B:/Unreal Engine 4.14.3/UE_4.14/Engine/Plugins/Experimental/SimpleHMD/SimpleHMD.uplugin
LogPluginManager: Loaded Plugin StereoPanorama, From B:/Unreal Engine 4.14.3/UE_4.14/Engine/Plugins/Experimental/StereoPanorama/StereoPanorama.uplugin
LogPluginManager: Loaded Plugin StructBox, From B:/Unreal Engine 4.14.3/UE_4.14/Engine/Plugins/Experimental/StructBox/StructBox.uplugin
LogPluginManager: Loaded Plugin AndroidMedia, From B:/Unreal Engine 4.14.3/UE_4.14/Engine/Plugins/Media/AndroidMedia/AndroidMedia.uplugin
LogPluginManager: Loaded Plugin AvfMedia, From B:/Unreal Engine 4.14.3/UE_4.14/Engine/Plugins/Media/AvfMedia/AvfMedia.uplugin
LogPluginManager: Loaded Plugin MediaPlayerEditor, From B:/Unreal Engine 4.14.3/UE_4.14/Engine/Plugins/Media/MediaPlayerEditor/MediaPlayerEditor.uplugin
LogPluginManager: Loaded Plugin WmfMedia, From B:/Unreal Engine 4.14.3/UE_4.14/Engine/Plugins/Media/WmfMedia/WmfMedia.uplugin
LogPluginManager: Loaded Plugin MessagingDebugger, From B:/Unreal Engine 4.14.3/UE_4.14/Engine/Plugins/Messaging/MessagingDebugger/MessagingDebugger.uplugin
LogPluginManager: Loaded Plugin TcpMessaging, From B:/Unreal Engine 4.14.3/UE_4.14/Engine/Plugins/Messaging/TcpMessaging/TcpMessaging.uplugin
LogPluginManager: Loaded Plugin UdpMessaging, From B:/Unreal Engine 4.14.3/UE_4.14/Engine/Plugins/Messaging/UdpMessaging/UdpMessaging.uplugin
LogPluginManager: Loaded Plugin LevelSequenceEditor, From B:/Unreal Engine 4.14.3/UE_4.14/Engine/Plugins/MovieScene/LevelSequenceEditor/LevelSequenceEditor.uplugin
LogPluginManager: Loaded Plugin MatineeToLevelSequence, From B:/Unreal Engine 4.14.3/UE_4.14/Engine/Plugins/MovieScene/MatineeToLevelSequence/MatineeToLevelSequence.uplugin
LogPluginManager: Loaded Plugin NetcodeUnitTest, From B:/Unreal Engine 4.14.3/UE_4.14/Engine/Plugins/NetcodeUnitTest/NetcodeUnitTest/NetcodeUnitTest.uplugin
LogPluginManager: Loaded Plugin NUTUnrealEngine4, From B:/Unreal Engine 4.14.3/UE_4.14/Engine/Plugins/NetcodeUnitTest/NUTUnrealEngine4/NUTUnrealEngine4.uplugin
LogPluginManager: Loaded Plugin OnlineSubsystemGameCircle, From B:/Unreal Engine 4.14.3/UE_4.14/Engine/Plugins/Online/Android/OnlineSubsystemGameCircle/OnlineSubsystemGameCircle.uplugin
LogPluginManager: Loaded Plugin OnlineSubsystemGooglePlay, From B:/Unreal Engine 4.14.3/UE_4.14/Engine/Plugins/Online/Android/OnlineSubsystemGooglePlay/OnlineSubsystemGooglePlay.uplugin
LogPluginManager: Loaded Plugin OnlineSubsystemIOS, From B:/Unreal Engine 4.14.3/UE_4.14/Engine/Plugins/Online/IOS/OnlineSubsystemIOS/OnlineSubsystemIOS.uplugin
LogPluginManager: Loaded Plugin OnlineFramework, From B:/Unreal Engine 4.14.3/UE_4.14/Engine/Plugins/Online/OnlineFramework/OnlineFramework.uplugin
LogPluginManager: Loaded Plugin OnlineSubsystem, From B:/Unreal Engine 4.14.3/UE_4.14/Engine/Plugins/Online/OnlineSubsystem/OnlineSubsystem.uplugin
LogPluginManager: Loaded Plugin OnlineSubsystemAmazon, From B:/Unreal Engine 4.14.3/UE_4.14/Engine/Plugins/Online/OnlineSubsystemAmazon/OnlineSubsystemAmazon.uplugin
LogPluginManager: Loaded Plugin OnlineSubsystemFacebook, From B:/Unreal Engine 4.14.3/UE_4.14/Engine/Plugins/Online/OnlineSubsystemFacebook/OnlineSubsystemFacebook.uplugin
LogPluginManager: Loaded Plugin OnlineSubsystemNull, From B:/Unreal Engine 4.14.3/UE_4.14/Engine/Plugins/Online/OnlineSubsystemNull/OnlineSubsystemNull.uplugin
LogPluginManager: Loaded Plugin OnlineSubsystemOculus, From B:/Unreal Engine 4.14.3/UE_4.14/Engine/Plugins/Online/OnlineSubsystemOculus/OnlineSubsystemOculus.uplugin
LogPluginManager: Loaded Plugin OnlineSubsystemSteam, From B:/Unreal Engine 4.14.3/UE_4.14/Engine/Plugins/Online/OnlineSubsystemSteam/OnlineSubsystemSteam.uplugin
LogPluginManager: Loaded Plugin OnlineSubsystemUtils, From B:/Unreal Engine 4.14.3/UE_4.14/Engine/Plugins/Online/OnlineSubsystemUtils/OnlineSubsystemUtils.uplugin
LogPluginManager: Loaded Plugin IOSTapJoy, From B:/Unreal Engine 4.14.3/UE_4.14/Engine/Plugins/Runtime/Advertising/IOSTapJoy/IOSTapJoy.uplugin
LogPluginManager: Loaded Plugin AnalyticsBlueprintLibrary, From B:/Unreal Engine 4.14.3/UE_4.14/Engine/Plugins/Runtime/Analytics/AnalyticsBlueprintLibrary/AnalyticsBlueprintLibrary.uplugin
LogPluginManager: Loaded Plugin AnalyticsMulticast, From B:/Unreal Engine 4.14.3/UE_4.14/Engine/Plugins/Runtime/Analytics/AnalyticsMulticast/AnalyticsMulticast.uplugin
LogPluginManager: Loaded Plugin Apsalar, From B:/Unreal Engine 4.14.3/UE_4.14/Engine/Plugins/Runtime/Analytics/Apsalar/Apsalar.uplugin
LogPluginManager: Loaded Plugin FileLogging, From B:/Unreal Engine 4.14.3/UE_4.14/Engine/Plugins/Runtime/Analytics/FileLogging/FileLogging.uplugin
LogPluginManager: Loaded Plugin Flurry, From B:/Unreal Engine 4.14.3/UE_4.14/Engine/Plugins/Runtime/Analytics/Flurry/Flurry.uplugin
LogPluginManager: Loaded Plugin AndroidDeviceProfileSelector, From B:/Unreal Engine 4.14.3/UE_4.14/Engine/Plugins/Runtime/AndroidDeviceProfileSelector/AndroidDeviceProfileSelector.uplugin
LogPluginManager: Loaded Plugin AndroidMoviePlayer, From B:/Unreal Engine 4.14.3/UE_4.14/Engine/Plugins/Runtime/AndroidMoviePlayer/AndroidMoviePlayer.uplugin
LogPluginManager: Loaded Plugin AppleMoviePlayer, From B:/Unreal Engine 4.14.3/UE_4.14/Engine/Plugins/Runtime/AppleMoviePlayer/AppleMoviePlayer.uplugin
LogPluginManager: Loaded Plugin ArchVisCharacter, From B:/Unreal Engine 4.14.3/UE_4.14/Engine/Plugins/Runtime/ArchVisCharacter/ArchVisCharacter.uplugin
LogPluginManager: Loaded Plugin CableComponent, From B:/Unreal Engine 4.14.3/UE_4.14/Engine/Plugins/Runtime/CableComponent/CableComponent.uplugin
LogPluginManager: Loaded Plugin CustomMeshComponent, From B:/Unreal Engine 4.14.3/UE_4.14/Engine/Plugins/Runtime/CustomMeshComponent/CustomMeshComponent.uplugin
LogPluginManager: Loaded Plugin ExampleDeviceProfileSelector, From B:/Unreal Engine 4.14.3/UE_4.14/Engine/Plugins/Runtime/ExampleDeviceProfileSelector/ExampleDeviceProfileSelector.uplugin
LogPluginManager: Loaded Plugin GearVR, From B:/Unreal Engine 4.14.3/UE_4.14/Engine/Plugins/Runtime/GearVR/GearVR.uplugin
LogPluginManager: Loaded Plugin GoogleVRController, From B:/Unreal Engine 4.14.3/UE_4.14/Engine/Plugins/Runtime/GoogleVR/GoogleVRController/GoogleVRController.uplugin
LogPluginManager: Loaded Plugin GoogleVRHMD, From B:/Unreal Engine 4.14.3/UE_4.14/Engine/Plugins/Runtime/GoogleVR/GoogleVRHMD/GoogleVRHMD.uplugin
LogPluginManager: Loaded Plugin IOSDeviceProfileSelector, From B:/Unreal Engine 4.14.3/UE_4.14/Engine/Plugins/Runtime/IOSDeviceProfileSelector/IOSDeviceProfileSelector.uplugin
LogPluginManager: Loaded Plugin LeapMotion, From B:/Unreal Engine 4.14.3/UE_4.14/Engine/Plugins/Runtime/LeapMotion/LeapMotion.uplugin
LogPluginManager: Loaded Plugin LinuxDeviceProfileSelector, From B:/Unreal Engine 4.14.3/UE_4.14/Engine/Plugins/Runtime/LinuxDeviceProfileSelector/LinuxDeviceProfileSelector.uplugin
LogPluginManager: Loaded Plugin MIDIDevice, From B:/Unreal Engine 4.14.3/UE_4.14/Engine/Plugins/Runtime/MIDIDevice/MIDIDevice.uplugin
LogPluginManager: Loaded Plugin MobilePatchingUtils, From B:/Unreal Engine 4.14.3/UE_4.14/Engine/Plugins/Runtime/MobilePatchingUtils/MobilePatchingUtils.uplugin
LogPluginManager: Loaded Plugin Ansel, From B:/Unreal Engine 4.14.3/UE_4.14/Engine/Plugins/Runtime/Nvidia/Ansel/Ansel.uplugin
LogPluginManager: Loaded Plugin OculusAudio, From B:/Unreal Engine 4.14.3/UE_4.14/Engine/Plugins/Runtime/OculusAudio/OculusAudio.uplugin
LogPluginManager: Loaded Plugin OculusInput, From B:/Unreal Engine 4.14.3/UE_4.14/Engine/Plugins/Runtime/OculusInput/OculusInput.uplugin
LogPluginManager: Loaded Plugin OculusLibrary, From B:/Unreal Engine 4.14.3/UE_4.14/Engine/Plugins/Runtime/OculusLibrary/OculusLibrary.uplugin
LogPluginManager: Loaded Plugin OculusRift, From B:/Unreal Engine 4.14.3/UE_4.14/Engine/Plugins/Runtime/OculusRift/OculusRift.uplugin
LogPluginManager: Loaded Plugin Oodle, From B:/Unreal Engine 4.14.3/UE_4.14/Engine/Plugins/Runtime/PacketHandlers/CompressionComponents/Oodle/Oodle.uplugin
LogPluginManager: Loaded Plugin ProceduralMeshComponent, From B:/Unreal Engine 4.14.3/UE_4.14/Engine/Plugins/Runtime/ProceduralMeshComponent/ProceduralMeshComponent.uplugin
LogPluginManager: Loaded Plugin SoundMod, From B:/Unreal Engine 4.14.3/UE_4.14/Engine/Plugins/Runtime/SoundMod/SoundMod.uplugin
LogPluginManager: Loaded Plugin SoundVisualizations, From B:/Unreal Engine 4.14.3/UE_4.14/Engine/Plugins/Runtime/SoundVisualizations/SoundVisualizations.uplugin
LogPluginManager: Loaded Plugin SteamController, From B:/Unreal Engine 4.14.3/UE_4.14/Engine/Plugins/Runtime/Steam/SteamController/SteamController.uplugin
LogPluginManager: Loaded Plugin SteamVR, From B:/Unreal Engine 4.14.3/UE_4.14/Engine/Plugins/Runtime/Steam/SteamVR/SteamVR.uplugin
LogPluginManager: Loaded Plugin WebBrowserWidget, From B:/Unreal Engine 4.14.3/UE_4.14/Engine/Plugins/Runtime/WebBrowserWidget/WebBrowserWidget.uplugin
LogPluginManager: Loaded Plugin WindowsDeviceProfileSelector, From B:/Unreal Engine 4.14.3/UE_4.14/Engine/Plugins/Runtime/WindowsDeviceProfileSelector/WindowsDeviceProfileSelector.uplugin
LogPluginManager: Loaded Plugin WindowsMoviePlayer, From B:/Unreal Engine 4.14.3/UE_4.14/Engine/Plugins/Runtime/WindowsMoviePlayer/WindowsMoviePlayer.uplugin
LogPluginManager: Loaded Plugin ScriptPlugin, From B:/Unreal Engine 4.14.3/UE_4.14/Engine/Plugins/ScriptPlugin/ScriptPlugin.uplugin
LogPluginManager: Loaded Plugin SlateRemote, From B:/Unreal Engine 4.14.3/UE_4.14/Engine/Plugins/Slate/SlateRemote/SlateRemote.uplugin
LogPluginManager: Loaded Plugin EditorTests, From B:/Unreal Engine 4.14.3/UE_4.14/Engine/Plugins/Tests/EditorTests/EditorTests.uplugin
LogPluginManager: Loaded Plugin FbxAutomationTestBuilder, From B:/Unreal Engine 4.14.3/UE_4.14/Engine/Plugins/Tests/FbxAutomationTestBuilder/FbxAutomationTestBuilder.uplugin
LogPluginManager: Loaded Plugin FunctionalTestingEditor, From B:/Unreal Engine 4.14.3/UE_4.14/Engine/Plugins/Tests/FunctionalTestingEditor/FunctionalTestingEditor.uplugin
LogPluginManager: Loaded Plugin RuntimeTests, From B:/Unreal Engine 4.14.3/UE_4.14/Engine/Plugins/Tests/RuntimeTests/RuntimeTests.uplugin
LogPluginManager: Loaded Plugin ScreenshotTools, From B:/Unreal Engine 4.14.3/UE_4.14/Engine/Plugins/Tests/ScreenshotTools/ScreenshotTools.uplugin
LogInit: Using libcurl 7.47.1
LogInit:  - built for x86_64-pc-win32
LogInit:  - supports SSL with OpenSSL/1.0.2g
LogInit:  - supports HTTP deflate (compression) using libz 1.2.8
LogInit:  - other features:
LogInit:      CURL_VERSION_SSL
LogInit:      CURL_VERSION_LIBZ
LogInit:      CURL_VERSION_IPV6
LogInit:      CURL_VERSION_ASYNCHDNS
LogInit:      CURL_VERSION_LARGEFILE
LogInit:      CURL_VERSION_IDN
LogInit:  CurlRequestOptions (configurable via config and command line):
LogInit:  - bVerifyPeer = false  - Libcurl will NOT verify peer certificate
LogInit:  - bUseHttpProxy = false  - Libcurl will NOT use HTTP proxy
LogInit:  - bDontReuseConnections = false  - Libcurl will reuse connections
LogInit:  - CertBundlePath = nullptr  - Libcurl will use whatever was configured at build time.
LogInit: Build: ++UE4+Release-4.14-CL-3249277
LogInit: Engine Version: 4.14.3-3249277+++UE4+Release-4.14
LogInit: Compatible Engine Version: 4.14.0-3195953+++UE4+Release-4.14
LogInit: Net CL: 3195953
LogDevObjectVersion: Number of dev versions registered: 13
LogDevObjectVersion:   Dev-Blueprints (B0D832E4-1F89-4F0D-ACCF-7EB736FD4AA2): 7
LogDevObjectVersion:   Dev-Build (E1C64328-A22C-4D53-A36C-8E866417BD8C): 0
LogDevObjectVersion:   Dev-Core (375EC13C-06E4-48FB-B500-84F0262A717E): 1
LogDevObjectVersion:   Dev-Editor (E4B068ED-F494-42E9-A231-DA0B2E46BB41): 8
LogDevObjectVersion:   Dev-Framework (CFFC743F-43B0-4480-9391-14DF171D2073): 17
LogDevObjectVersion:   Dev-Mobile (B02B49B5-BB20-44E9-A304-32B752E40360): 0
LogDevObjectVersion:   Dev-Networking (A4E4105C-59A1-49B5-A7C5-40C4547EDFEE): 0
LogDevObjectVersion:   Dev-Online (39C831C9-5AE6-47DC-9A44-9C173E1C8E7C): 0
LogDevObjectVersion:   Dev-Physics (78F01B33-EBEA-4F98-B9B4-84EACCB95AA2): 0
LogDevObjectVersion:   Dev-Platform (6631380F-2D4D-43E0-8009-CF276956A95A): 0
LogDevObjectVersion:   Dev-Rendering (12F88B9F-8875-4AFC-A67C-D90C383ABD29): 12
LogDevObjectVersion:   Dev-Sequencer (7B5AE74C-D270-4C10-A958-57980B212A5A): 1
LogDevObjectVersion:   Dev-VR (D7296918-1DD6-4BDD-9DE2-64A83CC13884): 0
LogInit: Compiled (64-bit): Jan  6 2017 10:49:43
LogInit: Compiled with Visual C++: 19.00.23026.00
LogInit: Build Configuration: Development
LogInit: Branch Name: ++UE4+Release-4.14
LogInit: Command line: 
LogInit: Base directory: B:/Unreal Engine 4.14.3/UE_4.14/Engine/Binaries/Win64/
LogInit: Installed Engine Build: 1
LogInit: Presizing for max 8388607 objects, including 0 objects not considered by GC, pre-allocating 0 bytes for permanent pool.
LogInit: Object subsystem initialized
[2017.04.02-08.40.20:190][  0]LogInit: Selected Device Profile: [Windows]
[2017.04.02-08.40.20:190][  0]LogInit: Applying CVar settings loaded from the selected device profile: [Windows]
[2017.04.02-08.40.20:197][  0]LogInit: Computer: MASTACHIEF-PC
[2017.04.02-08.40.20:198][  0]LogInit: User: MASTACHIEF
[2017.04.02-08.40.20:198][  0]LogInit: CPU Page size=65536, Cores=4
[2017.04.02-08.40.20:198][  0]LogInit: High frequency timer resolution =3.330156 MHz
[2017.04.02-08.40.20:198][  0]LogMemory: Memory total: Physical=16.0GB (16GB approx)
[2017.04.02-08.40.20:198][  0]LogMemory: Platform Memory Stats for Windows
[2017.04.02-08.40.20:198][  0]LogMemory: Process Physical Memory: 263.41 MB used, 263.41 MB peak
[2017.04.02-08.40.20:198][  0]LogMemory: Process Virtual Memory: 264.35 MB used, 264.35 MB peak
[2017.04.02-08.40.20:198][  0]LogMemory: Physical Memory: 7096.95 MB used,  9242.62 MB free, 16339.57 MB total
[2017.04.02-08.40.20:198][  0]LogMemory: Virtual Memory: 659.89 MB used,  9242.62 MB free, 8388608.00 MB total
[2017.04.02-08.40.20:228][  0]LogTextLocalizationManager: No specific translations for ('en-US') exist, so ('en') translations will be used.
[2017.04.02-08.40.20:756][  0]LogD3D11RHI: D3D11 adapters:
[2017.04.02-08.40.20:966][  0]LogD3D11RHI:    0. 'NVIDIA GeForce GTX 970' (Feature Level 11_0)
[2017.04.02-08.40.20:966][  0]LogD3D11RHI:       4007/0/7913 MB DedicatedVideo/DedicatedSystem/SharedSystem, Outputs:1, VendorId:0x10de
[2017.04.02-08.40.20:966][  0]LogD3D11RHI: Chosen D3D11 Adapter: 0
[2017.04.02-08.40.20:969][  0]LogD3D11RHI: Creating new Direct3DDevice
[2017.04.02-08.40.20:969][  0]LogD3D11RHI:     GPU DeviceId: 0x13c2 (for the marketing name, search the web for "GPU Device Id")
[2017.04.02-08.40.20:969][  0]LogWindows: EnumDisplayDevices:
[2017.04.02-08.40.20:970][  0]LogWindows:    0. 'NVIDIA GeForce GTX 970' (P:1 D:1)
[2017.04.02-08.40.20:970][  0]LogWindows:    1. 'NVIDIA GeForce GTX 970' (P:0 D:0)
[2017.04.02-08.40.20:970][  0]LogWindows:    2. 'NVIDIA GeForce GTX 970' (P:0 D:0)
[2017.04.02-08.40.20:970][  0]LogWindows:    3. 'NVIDIA GeForce GTX 970' (P:0 D:0)
[2017.04.02-08.40.20:970][  0]LogWindows:    4. 'RDPDD Chained DD' (P:0 D:0)
[2017.04.02-08.40.20:970][  0]LogWindows:    5. 'RDP Encoder Mirror Driver' (P:0 D:0)
[2017.04.02-08.40.20:970][  0]LogWindows:    6. 'RDP Reflector Display Driver' (P:0 D:0)
[2017.04.02-08.40.20:970][  0]LogWindows: DebugString: GetVideoDriverDetailsInvalid PrimaryIsNotTheChoosenAdapter GetVideoDriverDetailsInvalid PrimaryIsNotTheChoosenAdapter GetVideoDriverDetailsInvalid PrimaryIsNotTheChoosenAdapter FoundDriverCount:4 
[2017.04.02-08.40.20:970][  0]LogD3D11RHI:     Adapter Name: NVIDIA GeForce GTX 970
[2017.04.02-08.40.20:970][  0]LogD3D11RHI:   Driver Version: 376.33 (internal:21.21.13.7633, unified:376.33)
[2017.04.02-08.40.20:970][  0]LogD3D11RHI:      Driver Date: 12-11-2016
[2017.04.02-08.40.20:970][  0]LogRHI: Texture pool is 1361 MB (70% of 1945 MB)
[2017.04.02-08.40.21:161][  0]LogD3D11RHI: Async texture creation enabled
[2017.04.02-08.40.21:187][  0]LogD3D11RHI: GPU Timing Frequency: 1000.000000 (Debug: 2 2)
[2017.04.02-08.40.21:187][  0]LogShaderCompilers: Guid format shader working directory is -7 characters bigger than the processId version (../../../../../UE4 Projects/ZombieStuff/Zombie_TowerDefense/Intermediate/Shaders/WorkingDirectory/8928/).
[2017.04.02-08.40.21:187][  0]LogShaderCompilers: Cleaned the shader compiler working directory 'C:/Users/MASTA CHIEF/AppData/Local/Temp/UnrealShaderWorkingDir/564855524DE6CF10E3287CA23EEB949C/'.
[2017.04.02-08.40.21:187][  0]LogShaderCompilers:Display: Using Local Shader Compiler.
[2017.04.02-08.40.22:124][  0]LogTemp:Display: Loaded TP AllDesktopTargetPlatform
[2017.04.02-08.40.22:167][  0]LogTemp:Display: Loaded TP MacClientTargetPlatform
[2017.04.02-08.40.22:209][  0]LogTemp:Display: Loaded TP MacNoEditorTargetPlatform
[2017.04.02-08.40.22:250][  0]LogTemp:Display: Loaded TP MacServerTargetPlatform
[2017.04.02-08.40.22:292][  0]LogTemp:Display: Loaded TP MacTargetPlatform
[2017.04.02-08.40.22:334][  0]LogTemp:Display: Loaded TP WindowsClientTargetPlatform
[2017.04.02-08.40.22:376][  0]LogTemp:Display: Loaded TP WindowsNoEditorTargetPlatform
[2017.04.02-08.40.22:418][  0]LogTemp:Display: Loaded TP WindowsServerTargetPlatform
[2017.04.02-08.40.22:449][  0]LogTemp:Display: Loaded TP WindowsTargetPlatform
[2017.04.02-08.40.22:490][  0]LogTemp:Display: Loaded TP AndroidTargetPlatform
[2017.04.02-08.40.22:532][  0]LogTemp:Display: Loaded TP Android_ASTCTargetPlatform
[2017.04.02-08.40.22:572][  0]LogTemp:Display: Loaded TP Android_ATCTargetPlatform
[2017.04.02-08.40.22:614][  0]LogTemp:Display: Loaded TP Android_DXTTargetPlatform
[2017.04.02-08.40.22:655][  0]LogTemp:Display: Loaded TP Android_ETC1TargetPlatform
[2017.04.02-08.40.22:696][  0]LogTemp:Display: Loaded TP Android_ETC2TargetPlatform
[2017.04.02-08.40.22:779][  0]LogTemp:Display: Loaded TP Android_MultiTargetPlatform
[2017.04.02-08.40.22:779][  0]LogTemp:Display: Loaded TP Android_PVRTCTargetPlatform
[2017.04.02-08.40.22:803][  0]LogTemp:Display: Loaded TP HTML5TargetPlatform
[2017.04.02-08.40.22:868][  0]LogTemp:Display: Loaded TP IOSTargetPlatform
[2017.04.02-08.40.22:896][  0]LogTemp:Display: Loaded TP TVOSTargetPlatform
[2017.04.02-08.40.22:937][  0]LogTemp:Display: Loaded TP LinuxClientTargetPlatform
[2017.04.02-08.40.22:979][  0]LogTemp:Display: Loaded TP LinuxNoEditorTargetPlatform
[2017.04.02-08.40.23:020][  0]LogTemp:Display: Loaded TP LinuxServerTargetPlatform
[2017.04.02-08.40.23:061][  0]LogTemp:Display: Loaded TP LinuxTargetPlatform
[2017.04.02-08.40.23:061][  0]LogTargetPlatformManager:Display: Building Assets For Windows
[2017.04.02-08.40.23:307][  0]LogDerivedDataCache:Display: Max Cache Size: 512 MB
[2017.04.02-08.40.23:353][  0]LogDerivedDataCache: Loaded boot cache 0.05s 50MB C:/Users/MASTA CHIEF/AppData/Local/UnrealEngine/4.14/DerivedDataCache/Boot.ddc.
[2017.04.02-08.40.23:353][  0]LogDerivedDataCache:Display: Loaded Boot cache: C:/Users/MASTA CHIEF/AppData/Local/UnrealEngine/4.14/DerivedDataCache/Boot.ddc
[2017.04.02-08.40.23:353][  0]LogDerivedDataCache: FDerivedDataBackendGraph:  Pak pak cache file ../../../../../UE4 Projects/ZombieStuff/Zombie_TowerDefense/DerivedDataCache/DDC.ddp not found, will not use a pak cache.
[2017.04.02-08.40.23:353][  0]LogDerivedDataCache: Unable to find inner node Pak for hierarchical cache Hierarchy.
[2017.04.02-08.40.23:353][  0]LogDerivedDataCache: FDerivedDataBackendGraph:  CompressedPak pak cache file ../../../../../UE4 Projects/ZombieStuff/Zombie_TowerDefense/DerivedDataCache/Compressed.ddp not found, will not use a pak cache.
[2017.04.02-08.40.23:353][  0]LogDerivedDataCache: Unable to find inner node CompressedPak for hierarchical cache Hierarchy.
[2017.04.02-08.40.23:370][  0]LogDerivedDataCache:Display: Pak cache opened for reading ../../../Engine/DerivedDataCache/Compressed.ddp.
[2017.04.02-08.40.23:381][  0]LogDerivedDataCache: Using Local data cache path C:/Users/MASTA CHIEF/AppData/Local/UnrealEngine/Common/DerivedDataCache: Writable
[2017.04.02-08.40.23:593][  0]LogInit: Selected Device Profile: [Windows]
[2017.04.02-08.40.23:597][  0]LogContentStreaming: Texture pool size is 0.00 MB
[2017.04.02-08.40.23:767][  0]LogMeshUtilities: Using QuadricMeshReduction for automatic static mesh reduction
[2017.04.02-08.40.23:794][  0]LogSimplygon: Simplygon DLL not present - disabling.
[2017.04.02-08.40.23:824][  0]LogMeshUtilities: Using SimplygonSwarm for distributed automatic mesh merging
[2017.04.02-08.40.23:824][  0]LogMeshUtilities: No automatic skeletal mesh reduction module available
[2017.04.02-08.40.23:824][  0]LogMeshUtilities: No automatic mesh merging module available
[2017.04.02-08.40.24:249][  0]LogNetVersion: GetLocalNetworkVersion: CL: 3195953, ProjectName: zombie_tower_defense, ProjectVersion: , EngineNetworkVersion: 2, GameNetworkVersion: 0, NetworkChecksum: 2528811943
[2017.04.02-08.40.24:295][  0]LogAssetRegistry: FAssetRegistry took 0.0201 seconds to start up
[2017.04.02-08.40.24:321][  0]LogPackageLocalizationCache: Processed 3 localized package path(s) for 2 prioritized culture(s) in 0.013665 seconds
[2017.04.02-08.40.24:326][  0]LogUObjectArray: 31946 objects as part of root set at end of initial load.
[2017.04.02-08.40.24:326][  0]LogUObjectAllocator: 6935848 out of 0 bytes used by permanent object pool.
[2017.04.02-08.40.24:326][  0]LogUObjectArray: CloseDisregardForGC: 0/0 objects in disregard for GC pool
[2017.04.02-08.40.24:363][  0]LogInit: WinSock: version 1.1 (2.2), MaxSocks=32767, MaxUdp=65467
[2017.04.02-08.40.24:825][  0]LogSlate: Using Freetype 2.6.0
[2017.04.02-08.40.24:826][  0]LogSlate: SlateFontCache - WITH_FREETYPE: 1, WITH_HARFBUZZ: 1
[2017.04.02-08.40.24:826][  0]LogSlate: SlateFontCache - WITH_FREETYPE: 1, WITH_HARFBUZZ: 1
[2017.04.02-08.40.25:438][  0]LogTcpMessaging: Initializing TcpMessaging bridge
[2017.04.02-08.40.25:466][  0]LogUdpMessaging: Initializing bridge on interface 0.0.0.0:0 to multicast group 230.0.0.1:6666.
[2017.04.02-08.40.25:685][  0]LogMaterial: Uniform references updated for custom material expression Custom.
[2017.04.02-08.40.25:951][  0]SourceControl: Info Source control is disabled
[2017.04.02-08.40.25:951][  0]SourceControl: Info Source control is disabled
[2017.04.02-08.40.25:980][  0]SourceControl: Info Source control is disabled
[2017.04.02-08.40.26:008][  0]SourceControl: Info Source control is disabled
[2017.04.02-08.40.26:824][  0]LogEngine: Initializing Engine...
[2017.04.02-08.40.26:824][  0]LogHMD: Failed to initialize OpenVR with code 110
[2017.04.02-08.40.27:018][  0]LogAIModule: Creating AISystem for world Untitled
[2017.04.02-08.40.27:031][  0]LogInit: XAudio2 using 'Speakers (Realtek High Definition Audio)' : 8 channels at 48 kHz using 32 bits per sample (channel mask 0x63f)
[2017.04.02-08.40.27:050][  0]LogInit: FAudioDevice initialized.
[2017.04.02-08.40.27:075][  0]LogDerivedDataCache: Saved boot cache 0.02s 50MB C:/Users/MASTA CHIEF/AppData/Local/UnrealEngine/4.14/DerivedDataCache/Boot.ddc.
[2017.04.02-08.40.27:080][  0]LogInit: Texture streaming: Enabled
[2017.04.02-08.40.27:197][  0]LogInit: Transaction tracking system initialized
[2017.04.02-08.40.27:412][  0]BlueprintLog: New page: Editor Load
[2017.04.02-08.40.27:968][  0]LocalizationService: Info Localization service is disabled
[2017.04.02-08.40.28:381][  0]LogConsoleResponse:Display: 
[2017.04.02-08.40.28:518][  0]LogCook:Display: Max memory allowance for cook 16384mb min free memory 0mb
[2017.04.02-08.40.28:518][  0]LogCook:Display: Mobile HDR setting 1
[2017.04.02-08.40.28:532][  0]LogFileCache: Scanning file cache for directory 'B:/UE4 Projects/ZombieStuff/Zombie_TowerDefense/Content/' took 0.01s
[2017.04.02-08.40.29:114][  0]SourceControl: Info Source control is disabled
[2017.04.02-08.40.47:192][  0]Cmd: MAP LOAD FILE="../../../../../UE4 Projects/ZombieStuff/Zombie_TowerDefense/Content/ZTD_Blueprint/Maps/Menu_Main.umap" TEMPLATE=0 SHOWPROGRESS=1 FEATURELEVEL=3
[2017.04.02-08.40.47:193][  0]LightingResults: New page: Lighting Build
[2017.04.02-08.40.47:220][  0]MapCheck: New page: Map Check
[2017.04.02-08.40.47:220][  0]LightingResults: New page: Lighting Build
[2017.04.02-08.40.47:280][  0]LogAIModule: Creating AISystem for world Menu_Main
[2017.04.02-08.40.47:281][  0]LogEditorServer: Finished looking for orphan Actors (0.000 secs)
[2017.04.02-08.40.47:282][  0]Cmd: MAP CHECKDEP NOCLEARLOG
[2017.04.02-08.40.47:306][  0]MapCheck: Info Map check complete: 0 Error(s), 0 Warning(s), took 23.786ms to complete.
[2017.04.02-08.40.47:306][  0]LogFileHelpers: Loading map 'Menu_Main' took 0.114
[2017.04.02-08.40.47:377][  0]LogStats:Warning: MetaData mismatch. Did you assign a stat to two groups? New //STATGROUP_Threads//SplashScreenThread///Thread_1404_0///####STATCAT_Advanced#### old //STATGROUP_Threads//SplashScreenThread///Thread_16fc_0///####STATCAT_Advanced####
[2017.04.02-08.40.47:377][  0]LogCollectionManager: Loaded 0 collections in 0.001166 seconds
[2017.04.02-08.40.47:436][  0]LogFileCache: Scanning file cache for directory 'B:/UE4 Projects/ZombieStuff/Zombie_TowerDefense/Saved/Collections/' took 0.01s
[2017.04.02-08.40.47:436][  0]LogFileCache: Scanning file cache for directory 'B:/UE4 Projects/ZombieStuff/Zombie_TowerDefense/Content/Developers/MASTACHIEF/Collections/' took 0.01s
[2017.04.02-08.40.47:436][  0]LogFileCache: Scanning file cache for directory 'B:/UE4 Projects/ZombieStuff/Zombie_TowerDefense/Content/Collections/' took 0.01s
[2017.04.02-08.40.47:436][  0]LogCollectionManager: Rebuilt the GUID cache for 0 collections in 0.000002 seconds
[2017.04.02-08.40.47:444][  0]LogContentBrowser: Native class hierarchy populated in 0.0084 seconds. Added 2190 classes and 428 folders.
[2017.04.02-08.40.47:471][  0]LogStats: UGameplayTagsManager::ConstructGameplayTagTree: Construct from data asset -  0.000 s
[2017.04.02-08.40.47:471][  0]LogStats: UGameplayTagsManager::ConstructGameplayTagTree: GameplayTagTreeChangedEvent.Broadcast -  0.000 s
[2017.04.02-08.40.47:471][  0]LogContentBrowser: Native class hierarchy updated for 'GameplayTags' in 0.0005 seconds. Added 13 classes and 0 folders.
[2017.04.02-08.40.47:509][  0]LogContentBrowser: Native class hierarchy updated for 'WidgetCarousel' in 0.0004 seconds. Added 0 classes and 0 folders.
[2017.04.02-08.40.47:538][  0]LogContentBrowser: Native class hierarchy updated for 'AddContentDialog' in 0.0005 seconds. Added 0 classes and 0 folders.
[2017.04.02-08.40.47:565][  0]LogContentBrowser: Native class hierarchy updated for 'SceneOutliner' in 0.0005 seconds. Added 1 classes and 2 folders.
[2017.04.02-08.40.47:595][  0]LogCrashTracker: Crashtracker disabled due to settings.
[2017.04.02-08.40.47:598][  0]LogUObjectGlobals:Warning: Failed to find object 'Class None.'
[2017.04.02-08.40.47:646][  0]LogContentBrowser: Native class hierarchy updated for 'HierarchicalLODOutliner' in 0.0005 seconds. Added 1 classes and 2 folders.
[2017.04.02-08.40.47:646][  0]LogLoad: (Engine Initialization) Total time: 28.55 seconds
[2017.04.02-08.40.47:646][  0]LogLoad: (Engine Initialization) Total Blueprint compile time: 0.05 seconds
[2017.04.02-08.40.47:646][  0]LogExternalProfiler: No external profilers were discovered.  External profiling features will not be available.
[2017.04.02-08.40.47:655][  0]LogOcInput: OculusInput pre-init called
[2017.04.02-08.40.47:673][  0]LogContentStreaming: Texture pool size now 1000 MB
[2017.04.02-08.40.47:821][  0]LogRenderer: Reallocating scene render targets to support 980x620 NumSamples 1 (Frame:2).
[2017.04.02-08.40.47:887][  1]LogAssetRegistry: Asset discovery search completed in 23.6112 seconds
[2017.04.02-08.40.47:887][  1]LogCollectionManager: Rebuilt the object cache for 0 collections in 0.000001 seconds (found 0 objects)
[2017.04.02-08.40.47:887][  1]LogCollectionManager: Fixed up redirectors for 0 collections in 0.000016 seconds (updated 0 objects)
[2017.04.02-08.40.51:882][437]LogMaterial: Missing cached shader map for material Terr_Mat, compiling. 
[2017.04.02-08.40.51:970][437]LogMaterial: Missing cached shader map for material Terr_Mat, compiling. 
[2017.04.02-08.40.51:982][437]LogMaterial: 0.00 seconds spent updating 1 materials, 1 interfaces, 0 instances, 0 with static permutations.
[2017.04.02-08.40.52:007][437]LogMaterial: Missing cached shader map for material FMatExpressionPreview MaterialExpressionLandscapeLayerCoords_2, compiling. 
[2017.04.02-08.40.52:011][437]LogMaterial: Missing cached shader map for material FMatExpressionPreview MaterialExpressionLandscapeLayerCoords_3, compiling. 
[2017.04.02-08.40.52:015][437]LogMaterial: Missing cached shader map for material FMatExpressionPreview MaterialExpressionTextureSample_1, compiling. 
[2017.04.02-08.40.52:020][437]LogMaterial: Missing cached shader map for material FMatExpressionPreview MaterialExpressionTextureSample_2, compiling. 
[2017.04.02-08.40.52:024][437]LogMaterial: Missing cached shader map for material FMatExpressionPreview MaterialExpressionTextureSample_3, compiling. 
[2017.04.02-08.40.52:028][437]LogMaterial: Missing cached shader map for material FMatExpressionPreview MaterialExpressionTextureSample_4, compiling. 
[2017.04.02-08.40.52:032][437]LogMaterial: Missing cached shader map for material FMatExpressionPreview MaterialExpressionTextureSample_5, compiling. 
[2017.04.02-08.40.52:036][437]LogMaterial: Missing cached shader map for material FMatExpressionPreview MaterialExpressionTextureSample_7, compiling. 
[2017.04.02-08.40.52:040][437]LogMaterial: Missing cached shader map for material FMatExpressionPreview MaterialExpressionTextureSample_8, compiling. 
[2017.04.02-08.40.52:044][437]LogMaterial: Missing cached shader map for material FMatExpressionPreview MaterialExpressionTextureSample_9, compiling. 
[2017.04.02-08.40.52:048][437]LogMaterial: Missing cached shader map for material FMatExpressionPreview MaterialExpressionTextureSample_10, compiling. 
[2017.04.02-08.40.52:053][437]LogMaterial: Missing cached shader map for material FMatExpressionPreview MaterialExpressionTextureSample_11, compiling. 
[2017.04.02-08.40.52:057][437]LogMaterial: Missing cached shader map for material FMatExpressionPreview MaterialExpressionTextureSample_12, compiling. 
[2017.04.02-08.40.52:061][437]LogMaterial: Missing cached shader map for material FMatExpressionPreview MaterialExpressionTextureSample_13, compiling. 
[2017.04.02-08.40.52:065][437]LogMaterial: Missing cached shader map for material FMatExpressionPreview MaterialExpressionTextureSample_14, compiling. 
[2017.04.02-08.40.56:826][722]LogAIModule: Creating AISystem for world Protomap
[2017.04.02-08.40.56:888][722]Cmd: MAP LOAD FILE="../../../../../UE4 Projects/ZombieStuff/Zombie_TowerDefense/Content/ZTD_Blueprint/Blueprints/Protomap.umap" TEMPLATE=0 SHOWPROGRESS=1 FEATURELEVEL=3
[2017.04.02-08.40.56:888][722]LightingResults: New page: Lighting Build
[2017.04.02-08.40.56:889][722]LoadErrors: New page: Loading map: Protomap.umap
[2017.04.02-08.40.56:889][722]MapCheck: New page: Map Check
[2017.04.02-08.40.56:889][722]LightingResults: New page: Lighting Build
[2017.04.02-08.40.57:288][722]LogEditorServer: Finished looking for orphan Actors (0.000 secs)
[2017.04.02-08.40.57:306][722]Cmd: MAP CHECKDEP NOCLEARLOG
[2017.04.02-08.40.57:337][722]MapCheck: Info Map check complete: 0 Error(s), 0 Warning(s), took 30.419ms to complete.
[2017.04.02-08.40.57:337][722]LogFileHelpers: Loading map 'Protomap' took 0.449
[2017.04.02-08.41.06:051][636]LogEditorViewport: Clicking on Actor (context menu): Landscape (Landscape3)
[2017.04.02-08.41.54:367][966]LogMaterial: Missing cached shader map for material Terr_Mat, compiling. 
[2017.04.02-08.41.54:434][966]LogMaterial: Missing cached shader map for material Terr_Mat, compiling. 
[2017.04.02-08.41.54:446][966]LogMaterial: 0.00 seconds spent updating 1 materials, 1 interfaces, 0 instances, 0 with static permutations.
[2017.04.02-08.41.54:471][966]LogMaterial: Missing cached shader map for material FMatExpressionPreview MaterialExpressionLandscapeLayerCoords_2, compiling. 
[2017.04.02-08.41.54:475][966]LogMaterial: Missing cached shader map for material FMatExpressionPreview MaterialExpressionLandscapeLayerCoords_3, compiling. 
[2017.04.02-08.41.54:479][966]LogMaterial: Missing cached shader map for material FMatExpressionPreview MaterialExpressionTextureSample_1, compiling. 
[2017.04.02-08.41.54:483][966]LogMaterial: Missing cached shader map for material FMatExpressionPreview MaterialExpressionTextureSample_2, compiling. 
[2017.04.02-08.41.54:487][966]LogMaterial: Missing cached shader map for material FMatExpressionPreview MaterialExpressionTextureSample_3, compiling. 
[2017.04.02-08.41.54:491][966]LogMaterial: Missing cached shader map for material FMatExpressionPreview MaterialExpressionTextureSample_4, compiling. 
[2017.04.02-08.41.54:495][966]LogMaterial: Missing cached shader map for material FMatExpressionPreview MaterialExpressionTextureSample_5, compiling. 
[2017.04.02-08.41.54:499][966]LogMaterial: Missing cached shader map for material FMatExpressionPreview MaterialExpressionTextureSample_7, compiling. 
[2017.04.02-08.41.54:503][966]LogMaterial: Missing cached shader map for material FMatExpressionPreview MaterialExpressionTextureSample_8, compiling. 
[2017.04.02-08.41.54:507][966]LogMaterial: Missing cached shader map for material FMatExpressionPreview MaterialExpressionTextureSample_9, compiling. 
[2017.04.02-08.41.54:511][966]LogMaterial: Missing cached shader map for material FMatExpressionPreview MaterialExpressionTextureSample_10, compiling. 
[2017.04.02-08.41.54:516][966]LogMaterial: Missing cached shader map for material FMatExpressionPreview MaterialExpressionTextureSample_11, compiling. 
[2017.04.02-08.41.54:520][966]LogMaterial: Missing cached shader map for material FMatExpressionPreview MaterialExpressionTextureSample_12, compiling. 
[2017.04.02-08.41.54:524][966]LogMaterial: Missing cached shader map for material FMatExpressionPreview MaterialExpressionTextureSample_13, compiling. 
[2017.04.02-08.41.54:528][966]LogMaterial: Missing cached shader map for material FMatExpressionPreview MaterialExpressionTextureSample_14, compiling. 
[2017.04.02-08.41.57:917][118]MaterialEditorStats: Info Base pass shader with only dynamic lighting: 112 instructions
[2017.04.02-08.41.57:917][118]MaterialEditorStats: Info Vertex shader: 31 instructions
[2017.04.02-08.41.57:917][118]MaterialEditorStats: Info Texture samplers: 12/16
[2017.04.02-08.42.17:828][493]LogActorComponent: UnregisterComponent: (/Engine/Transient.SphereBrushComponent) Not registered. Aborting.
[2017.04.02-08.42.17:843][493]LogMaterial: 0.01 seconds spent updating 1 materials, 1 interfaces, 0 instances, 1 with static permutations.
[2017.04.02-08.42.17:864][493]LogMaterial: 0.01 seconds spent updating 1 materials, 1 interfaces, 0 instances, 1 with static permutations.
[2017.04.02-08.42.17:887][493]LogMaterial: 0.00 seconds spent updating 1 materials, 1 interfaces, 0 instances, 1 with static permutations.
[2017.04.02-08.42.17:911][493]LogMaterial: 0.01 seconds spent updating 1 materials, 1 interfaces, 0 instances, 1 with static permutations.
[2017.04.02-08.42.17:935][493]LogMaterial: 0.00 seconds spent updating 1 materials, 1 interfaces, 0 instances, 1 with static permutations.
[2017.04.02-08.42.17:958][493]LogMaterial: 0.00 seconds spent updating 1 materials, 1 interfaces, 0 instances, 1 with static permutations.
[2017.04.02-08.42.17:982][493]LogMaterial: 0.00 seconds spent updating 1 materials, 1 interfaces, 0 instances, 1 with static permutations.
[2017.04.02-08.42.17:998][493]LogTexture:Display: Building textures: Texture2D_2 (G8)
[2017.04.02-08.42.46:583][813]LogMaterial: Missing cached shader map for material Terr_Mat, compiling. 
[2017.04.02-08.42.46:617][813]LogMaterial: 0.00 seconds spent updating 1 materials, 1 interfaces, 0 instances, 1 with static permutations.
[2017.04.02-08.42.46:627][813]LogMaterial: 0.01 seconds spent updating 1 materials, 1 interfaces, 0 instances, 0 with static permutations.
[2017.04.02-08.42.47:794][919]Cmd: TRANSACTION UNDO
[2017.04.02-08.42.47:794][919]LogEditorTransaction: Undo Landscape Editing: Paint
[2017.04.02-08.42.47:942][919]LogTexture:Display: Building textures: Texture2D_122 (BGRA8)
[2017.04.02-08.42.47:942][919]LogMaterial: 0.00 seconds spent updating 1 materials, 1 interfaces, 0 instances, 0 with static permutations.
[2017.04.02-08.42.47:959][919]LogMaterial: 0.00 seconds spent updating 1 materials, 1 interfaces, 0 instances, 0 with static permutations.
[2017.04.02-08.42.47:973][919]LogTexture:Display: Building textures: Texture2D_140 (BGRA8)
[2017.04.02-08.42.47:980][919]LogMaterial: 0.00 seconds spent updating 1 materials, 1 interfaces, 0 instances, 0 with static permutations.
[2017.04.02-08.42.48:024][919]LogMaterial: 0.00 seconds spent updating 1 materials, 1 interfaces, 0 instances, 1 with static permutations.
[2017.04.02-08.42.48:048][919]LogMaterial: 0.01 seconds spent updating 1 materials, 1 interfaces, 0 instances, 1 with static permutations.
[2017.04.02-08.42.48:072][919]LogMaterial: 0.01 seconds spent updating 1 materials, 1 interfaces, 0 instances, 1 with static permutations.
[2017.04.02-08.42.48:102][919]LogMaterial: 0.00 seconds spent updating 1 materials, 1 interfaces, 0 instances, 1 with static permutations.
[2017.04.02-08.42.48:126][919]LogMaterial: 0.01 seconds spent updating 1 materials, 1 interfaces, 0 instances, 1 with static permutations.
[2017.04.02-08.42.48:151][919]LogMaterial: 0.01 seconds spent updating 1 materials, 1 interfaces, 0 instances, 1 with static permutations.
[2017.04.02-08.42.48:180][919]LogMaterial: 0.01 seconds spent updating 1 materials, 1 interfaces, 0 instances, 1 with static permutations.
[2017.04.02-08.42.49:793][ 26]LogEditorViewport: Clicking on Actor (double click): Landscape (Landscape3)
[2017.04.02-08.42.55:048][ 78]LogShaderCompilers:Warning: Failed to compile Material /Game/StarterContent/Materials/Terr_Mat.Terr_Mat for platform PCD3D_SM5, Default Material will be used in game.
[2017.04.02-08.42.55:048][ 78]LogShaderCompilers:Warning: 	Material.usf(36,14-41):  err0r X4510: maximum ps_5_0 sampler register index (16) exceeded
[2017.04.02-08.44.00:720][736]LogTexture:Display: Building textures: Texture2D_4 (BGRA8)
[2017.04.02-08.44.00:730][736]LogMaterial: 0.00 seconds spent updating 1 materials, 1 interfaces, 0 instances, 0 with static permutations.
[2017.04.02-08.44.00:731][736]LogMaterial: 0.00 seconds spent updating 1 materials, 1 interfaces, 0 instances, 0 with static permutations.
[2017.04.02-08.44.00:776][737]LogTexture:Display: Building textures: Texture2D_8 (BGRA8)
[2017.04.02-08.44.00:786][737]LogMaterial: 0.00 seconds spent updating 1 materials, 1 interfaces, 0 instances, 0 with static permutations.
[2017.04.02-08.44.24:087][ 64]Cmd: TRANSACTION UNDO
[2017.04.02-08.44.24:087][ 64]LogEditorTransaction: Undo Landscape Editing: Paint
[2017.04.02-08.44.24:092][ 64]LogMaterial: 0.00 seconds spent updating 1 materials, 1 interfaces, 0 instances, 0 with static permutations.
[2017.04.02-08.44.24:109][ 64]LogTexture:Display: Building textures: Texture2D_146 (BGRA8)
[2017.04.02-08.44.24:125][ 64]LogTexture:Display: Building textures: Texture2D_17 (BGRA8)
[2017.04.02-08.44.24:126][ 64]LogMaterial: 0.00 seconds spent updating 1 materials, 1 interfaces, 0 instances, 0 with static permutations.
[2017.04.02-08.44.24:142][ 64]LogTexture:Display: Building textures: Texture2D_108 (BGRA8)
[2017.04.02-08.44.24:157][ 64]LogTexture:Display: Building textures: Texture2D_189 (BGRA8)
[2017.04.02-08.44.24:173][ 64]LogTexture:Display: Building textures: Texture2D_150 (BGRA8)
[2017.04.02-08.44.24:190][ 64]LogTexture:Display: Building textures: Texture2D_131 (BGRA8)
[2017.04.02-08.44.24:206][ 64]LogTexture:Display: Building textures: Texture2D_149 (BGRA8)
[2017.04.02-08.44.24:206][ 64]LogMaterial: 0.00 seconds spent updating 1 materials, 1 interfaces, 0 instances, 0 with static permutations.
[2017.04.02-08.44.24:207][ 64]LogMaterial: 0.00 seconds spent updating 1 materials, 1 interfaces, 0 instances, 0 with static permutations.
[2017.04.02-08.44.24:223][ 64]LogTexture:Display: Building textures: Texture2D_11 (BGRA8)
[2017.04.02-08.44.24:239][ 64]LogTexture:Display: Building textures: Texture2D_107 (BGRA8)
[2017.04.02-08.44.24:240][ 64]LogMaterial: 0.00 seconds spent updating 1 materials, 1 interfaces, 0 instances, 0 with static permutations.
[2017.04.02-08.44.26:433][276]Cmd: CAMERA ALIGN ACTIVEVIEWPORTONLY
[2017.04.02-08.45.07:097][253]Cmd: TRANSACTION UNDO
[2017.04.02-08.45.07:097][253]LogEditorTransaction: Undo Landscape Editing: Paint
[2017.04.02-08.45.07:099][253]LogMaterial: 0.00 seconds spent updating 1 materials, 1 interfaces, 0 instances, 0 with static permutations.
[2017.04.02-08.45.07:115][253]LogTexture:Display: Building textures: Texture2D_168 (BGRA8)
[2017.04.02-08.45.07:132][253]LogTexture:Display: Building textures: Texture2D_104 (BGRA8)
[2017.04.02-08.45.07:132][253]LogMaterial: 0.00 seconds spent updating 1 materials, 1 interfaces, 0 instances, 0 with static permutations.
[2017.04.02-08.45.07:148][253]LogTexture:Display: Building textures: Texture2D_30 (BGRA8)
[2017.04.02-08.45.07:172][253]LogTexture:Display: Building textures: Texture2D_56 (BGRA8)
[2017.04.02-08.45.07:189][253]LogTexture:Display: Building textures: Texture2D_229 (BGRA8)
[2017.04.02-08.45.07:189][253]LogMaterial: 0.00 seconds spent updating 1 materials, 1 interfaces, 0 instances, 0 with static permutations.
[2017.04.02-08.45.56:495][345]LogTexture:Display: Building textures: Texture2D_14 (BGRA8)
[2017.04.02-08.45.56:506][345]LogMaterial: 0.00 seconds spent updating 1 materials, 1 interfaces, 0 instances, 0 with static permutations.
[2017.04.02-08.45.56:506][345]LogMaterial: 0.00 seconds spent updating 1 materials, 1 interfaces, 0 instances, 0 with static permutations.
[2017.04.02-08.45.56:538][346]LogMaterial: 0.00 seconds spent updating 1 materials, 1 interfaces, 0 instances, 0 with static permutations.
[2017.04.02-08.46.03:407][ 43]LogMaterial: 0.00 seconds spent updating 1 materials, 1 interfaces, 0 instances, 0 with static permutations.
[2017.04.02-08.46.03:416][ 43]LogMaterial: Missing cached shader map for material Terr_Mat, compiling. 
[2017.04.02-08.46.03:445][ 43]LogMaterial: 0.00 seconds spent updating 1 materials, 1 interfaces, 0 instances, 1 with static permutations.
[2017.04.02-08.46.03:456][ 43]LogMaterial: 0.01 seconds spent updating 1 materials, 1 interfaces, 0 instances, 0 with static permutations.
[2017.04.02-08.46.11:797][517]LogShaderCompilers:Warning: Failed to compile Material /Game/StarterContent/Materials/Terr_Mat.Terr_Mat for platform PCD3D_SM5, Default Material will be used in game.
[2017.04.02-08.46.11:797][517]LogShaderCompilers:Warning: 	Material.usf(36,14-41):  err0r X4510: maximum ps_5_0 sampler register index (16) exceeded
[2017.04.02-08.46.12:812][599]Cmd: TRANSACTION UNDO
[2017.04.02-08.46.12:812][599]LogEditorTransaction: Undo Landscape Editing: Paint
[2017.04.02-08.46.12:828][599]LogTexture:Display: Building textures: Texture2D_122 (BGRA8)
[2017.04.02-08.46.12:828][599]LogMaterial: 0.00 seconds spent updating 1 materials, 1 interfaces, 0 instances, 0 with static permutations.
[2017.04.02-08.46.12:836][599]LogTexture:Display: Building textures: Texture2D_11 (BGRA8)
[2017.04.02-08.46.12:849][599]LogMaterial: 0.00 seconds spent updating 1 materials, 1 interfaces, 0 instances, 0 with static permutations.
[2017.04.02-08.46.12:861][599]LogTexture:Display: Building textures: Texture2D_143 (BGRA8)
[2017.04.02-08.46.12:868][599]LogMaterial: 0.00 seconds spent updating 1 materials, 1 interfaces, 0 instances, 0 with static permutations.
[2017.04.02-08.46.12:868][599]LogMaterial: 0.00 seconds spent updating 1 materials, 1 interfaces, 0 instances, 0 with static permutations.
[2017.04.02-08.46.12:914][599]LogTexture:Display: Building textures: Texture2D_55 (BGRA8)
[2017.04.02-08.46.12:937][599]LogMaterial: 0.00 seconds spent updating 1 materials, 1 interfaces, 0 instances, 1 with static permutations.
[2017.04.02-08.46.12:961][599]LogMaterial: 0.01 seconds spent updating 1 materials, 1 interfaces, 0 instances, 1 with static permutations.
[2017.04.02-08.46.12:985][599]LogMaterial: 0.00 seconds spent updating 1 materials, 1 interfaces, 0 instances, 1 with static permutations.
[2017.04.02-08.46.13:009][599]LogMaterial: 0.00 seconds spent updating 1 materials, 1 interfaces, 0 instances, 1 with static permutations.
[2017.04.02-08.46.13:033][599]LogMaterial: 0.00 seconds spent updating 1 materials, 1 interfaces, 0 instances, 1 with static permutations.
[2017.04.02-08.46.13:058][599]LogMaterial: 0.00 seconds spent updating 1 materials, 1 interfaces, 0 instances, 1 with static permutations.
[2017.04.02-08.46.13:082][599]LogMaterial: 0.01 seconds spent updating 1 materials, 1 interfaces, 0 instances, 1 with static permutations.
[2017.04.02-08.46.43:638][777]LogMaterial: 0.00 seconds spent updating 1 materials, 1 interfaces, 0 instances, 0 with static permutations.
[2017.04.02-08.46.45:950][ 43]Cmd: TRANSACTION UNDO
[2017.04.02-08.46.45:950][ 43]LogEditorTransaction: Undo Landscape Editing: Paint
[2017.04.02-08.46.45:961][ 43]LogTexture:Display: Building textures: Texture2D_11 (BGRA8)
[2017.04.02-08.46.45:968][ 43]LogMaterial: 0.00 seconds spent updating 1 materials, 1 interfaces, 0 instances, 0 with static permutations.
[2017.04.02-08.46.45:993][ 43]LogActorComponent: ~FComponentReregisterContext: (/Game/ZTD_Blueprint/Blueprints/Protomap.Protomap:PersistentLevel.Landscape3.LandscapeMeshCollisionComponent_12) Component already registered.
[2017.04.02-08.46.45:999][ 43]LogMaterial: 0.00 seconds spent updating 1 materials, 1 interfaces, 0 instances, 0 with static permutations.
[2017.04.02-08.46.45:999][ 43]LogActorComponent: ~FComponentReregisterContext: (/Game/ZTD_Blueprint/Blueprints/Protomap.Protomap:PersistentLevel.Landscape3.LandscapeComponent_501) Component already registered.
[2017.04.02-08.46.46:014][ 43]LogActorComponent: ~FComponentReregisterContext: (/Game/ZTD_Blueprint/Blueprints/Protomap.Protomap:PersistentLevel.Landscape3.LandscapeMeshCollisionComponent_13) Component already registered.
[2017.04.02-08.46.46:043][ 43]LogMaterial: 0.00 seconds spent updating 1 materials, 1 interfaces, 0 instances, 1 with static permutations.
[2017.04.02-08.46.46:067][ 43]LogMaterial: 0.00 seconds spent updating 1 materials, 1 interfaces, 0 instances, 1 with static permutations.
[2017.04.02-08.46.46:090][ 43]LogMaterial: 0.00 seconds spent updating 1 materials, 1 interfaces, 0 instances, 1 with static permutations.
[2017.04.02-08.46.46:114][ 43]LogMaterial: 0.00 seconds spent updating 1 materials, 1 interfaces, 0 instances, 1 with static permutations.
[2017.04.02-08.46.46:138][ 43]LogMaterial: 0.01 seconds spent updating 1 materials, 1 interfaces, 0 instances, 1 with static permutations.
[2017.04.02-08.46.46:162][ 43]LogMaterial: 0.00 seconds spent updating 1 materials, 1 interfaces, 0 instances, 1 with static permutations.
[2017.04.02-08.46.46:185][ 43]LogMaterial: 0.00 seconds spent updating 1 materials, 1 interfaces, 0 instances, 1 with static permutations.
[2017.04.02-08.46.46:829][101]LogMaterial: 0.00 seconds spent updating 1 materials, 1 interfaces, 0 instances, 0 with static permutations.
[2017.04.02-08.46.46:830][101]LogMaterial: 0.00 seconds spent updating 1 materials, 1 interfaces, 0 instances, 0 with static permutations.
[2017.04.02-08.46.46:832][101]LogMaterial: 0.00 seconds spent updating 1 materials, 1 interfaces, 0 instances, 0 with static permutations.
[2017.04.02-08.46.46:832][101]LogMaterial: 0.00 seconds spent updating 1 materials, 1 interfaces, 0 instances, 0 with static permutations.
[2017.04.02-08.46.46:841][102]LogMaterial: 0.00 seconds spent updating 1 materials, 1 interfaces, 0 instances, 0 with static permutations.
[2017.04.02-08.46.46:841][102]LogMaterial: 0.00 seconds spent updating 1 materials, 1 interfaces, 0 instances, 0 with static permutations.
[2017.04.02-08.46.46:850][103]LogMaterial: 0.00 seconds spent updating 1 materials, 1 interfaces, 0 instances, 0 with static permutations.
[2017.04.02-08.46.46:850][103]LogMaterial: 0.00 seconds spent updating 1 materials, 1 interfaces, 0 instances, 0 with static permutations.
[2017.04.02-08.46.46:859][104]LogMaterial: 0.00 seconds spent updating 1 materials, 1 interfaces, 0 instances, 0 with static permutations.
[2017.04.02-08.46.47:627][194]Cmd: TRANSACTION UNDO
[2017.04.02-08.46.47:627][194]LogEditorTransaction: Undo Landscape Editing: Paint
[2017.04.02-08.46.47:641][194]LogMaterial: 0.00 seconds spent updating 1 materials, 1 interfaces, 0 instances, 0 with static permutations.
[2017.04.02-08.46.47:656][194]LogActorComponent: ~FComponentReregisterContext: (/Game/ZTD_Blueprint/Blueprints/Protomap.Protomap:PersistentLevel.Landscape3.LandscapeMeshCollisionComponent_12) Component already registered.
[2017.04.02-08.46.47:662][194]LogMaterial: 0.00 seconds spent updating 1 materials, 1 interfaces, 0 instances, 0 with static permutations.
[2017.04.02-08.46.47:662][194]LogActorComponent: ~FComponentReregisterContext: (/Game/ZTD_Blueprint/Blueprints/Protomap.Protomap:PersistentLevel.Landscape3.LandscapeComponent_501) Component already registered.
[2017.04.02-08.46.47:673][194]LogActorComponent: ~FComponentReregisterContext: (/Game/ZTD_Blueprint/Blueprints/Protomap.Protomap:PersistentLevel.Landscape3.LandscapeMeshCollisionComponent_13) Component already registered.
[2017.04.02-08.46.47:701][194]LogMaterial: 0.01 seconds spent updating 1 materials, 1 interfaces, 0 instances, 1 with static permutations.
[2017.04.02-08.46.47:720][194]LogMaterial: 0.00 seconds spent updating 1 materials, 1 interfaces, 0 instances, 1 with static permutations.
[2017.04.02-08.46.47:738][194]LogMaterial: 0.00 seconds spent updating 1 materials, 1 interfaces, 0 instances, 1 with static permutations.
[2017.04.02-08.46.47:758][194]LogMaterial: 0.00 seconds spent updating 1 materials, 1 interfaces, 0 instances, 1 with static permutations.
[2017.04.02-08.46.47:780][194]LogMaterial: 0.01 seconds spent updating 1 materials, 1 interfaces, 0 instances, 1 with static permutations.
[2017.04.02-08.46.47:802][194]LogMaterial: 0.01 seconds spent updating 1 materials, 1 interfaces, 0 instances, 1 with static permutations.
[2017.04.02-08.46.47:823][194]LogMaterial: 0.01 seconds spent updating 1 materials, 1 interfaces, 0 instances, 1 with static permutations.
[2017.04.02-08.46.49:677][362]LogMaterial: 0.00 seconds spent updating 1 materials, 1 interfaces, 0 instances, 0 with static permutations.
[2017.04.02-08.46.49:678][362]LogMaterial: 0.00 seconds spent updating 1 materials, 1 interfaces, 0 instances, 0 with static permutations.
[2017.04.02-08.46.51:564][576]Cmd: TRANSACTION UNDO
[2017.04.02-08.46.51:564][576]LogEditorTransaction: Undo Landscape Editing: Paint
[2017.04.02-08.46.51:575][576]LogMaterial: 0.00 seconds spent updating 1 materials, 1 interfaces, 0 instances, 0 with static permutations.
[2017.04.02-08.46.51:587][576]LogTexture:Display: Building textures: Texture2D_140 (BGRA8)
[2017.04.02-08.46.51:587][576]LogMaterial: 0.00 seconds spent updating 1 materials, 1 interfaces, 0 instances, 0 with static permutations.
[2017.04.02-08.46.51:604][576]LogMaterial: 0.00 seconds spent updating 1 materials, 1 interfaces, 0 instances, 0 with static permutations.
[2017.04.02-08.46.51:626][576]LogTexture:Display: Building textures: Texture2D_122 (BGRA8)
[2017.04.02-08.46.51:640][576]LogMaterial: 0.00 seconds spent updating 1 materials, 1 interfaces, 0 instances, 0 with static permutations.
[2017.04.02-08.46.51:640][576]LogActorComponent: ~FComponentReregisterContext: (/Game/ZTD_Blueprint/Blueprints/Protomap.Protomap:PersistentLevel.Landscape3.LandscapeComponent_502) Component already registered.
[2017.04.02-08.46.51:654][576]LogTexture:Display: Building textures: Texture2D_145 (BGRA8)
[2017.04.02-08.46.51:654][576]LogMaterial: 0.00 seconds spent updating 1 materials, 1 interfaces, 0 instances, 0 with static permutations.
[2017.04.02-08.46.51:654][576]LogActorComponent: ~FComponentReregisterContext: (/Game/ZTD_Blueprint/Blueprints/Protomap.Protomap:PersistentLevel.Landscape3.LandscapeComponent_515) Component already registered.
[2017.04.02-08.46.51:654][576]LogActorComponent: ~FComponentReregisterContext: (/Game/ZTD_Blueprint/Blueprints/Protomap.Protomap:PersistentLevel.Landscape3.LandscapeMeshCollisionComponent_14) Component already registered.
[2017.04.02-08.46.51:673][576]LogActorComponent: ~FComponentReregisterContext: (/Game/ZTD_Blueprint/Blueprints/Protomap.Protomap:PersistentLevel.Landscape3.LandscapeMeshCollisionComponent_20) Component already registered.
[2017.04.02-08.46.51:679][576]LogActorComponent: ~FComponentReregisterContext: (/Game/ZTD_Blueprint/Blueprints/Protomap.Protomap:PersistentLevel.Landscape3.LandscapeMeshCollisionComponent_19) Component already registered.
[2017.04.02-08.46.51:699][576]LogTexture:Display: Building textures: Texture2D_143 (BGRA8)
[2017.04.02-08.46.51:699][576]LogMaterial: 0.00 seconds spent updating 1 materials, 1 interfaces, 0 instances, 0 with static permutations.
[2017.04.02-08.46.51:699][576]LogActorComponent: ~FComponentReregisterContext: (/Game/ZTD_Blueprint/Blueprints/Protomap.Protomap:PersistentLevel.Landscape3.LandscapeComponent_514) Component already registered.
[2017.04.02-08.46.51:699][576]LogActorComponent: ~FComponentReregisterContext: (/Game/ZTD_Blueprint/Blueprints/Protomap.Protomap:PersistentLevel.Landscape3.LandscapeMeshCollisionComponent_18) Component already registered.
[2017.04.02-08.46.51:727][576]LogMaterial: 0.01 seconds spent updating 1 materials, 1 interfaces, 0 instances, 1 with static permutations.
[2017.04.02-08.46.51:751][576]LogMaterial: 0.00 seconds spent updating 1 materials, 1 interfaces, 0 instances, 1 with static permutations.
[2017.04.02-08.46.51:774][576]LogMaterial: 0.00 seconds spent updating 1 materials, 1 interfaces, 0 instances, 1 with static permutations.
[2017.04.02-08.46.51:798][576]LogMaterial: 0.00 seconds spent updating 1 materials, 1 interfaces, 0 instances, 1 with static permutations.
[2017.04.02-08.46.51:822][576]LogMaterial: 0.01 seconds spent updating 1 materials, 1 interfaces, 0 instances, 1 with static permutations.
[2017.04.02-08.46.51:846][576]LogMaterial: 0.00 seconds spent updating 1 materials, 1 interfaces, 0 instances, 1 with static permutations.
[2017.04.02-08.46.51:870][576]LogMaterial: 0.00 seconds spent updating 1 materials, 1 interfaces, 0 instances, 1 with static permutations.
[2017.04.02-08.47.04:890][970]LogTexture:Display: Building textures: Texture2D_23 (BGRA8)
[2017.04.02-08.47.04:901][970]LogMaterial: 0.00 seconds spent updating 1 materials, 1 interfaces, 0 instances, 0 with static permutations.
[2017.04.02-08.47.04:902][970]LogMaterial: 0.00 seconds spent updating 1 materials, 1 interfaces, 0 instances, 0 with static permutations.
[2017.04.02-08.47.04:903][970]LogMaterial: 0.00 seconds spent updating 1 materials, 1 interfaces, 0 instances, 0 with static permutations.
[2017.04.02-08.47.04:903][970]LogMaterial: 0.00 seconds spent updating 1 materials, 1 interfaces, 0 instances, 0 with static permutations.
[2017.04.02-08.47.04:948][971]LogTexture:Display: Building textures: Texture2D_24 (BGRA8)
[2017.04.02-08.47.04:959][971]LogMaterial: 0.00 seconds spent updating 1 materials, 1 interfaces, 0 instances, 0 with static permutations.
[2017.04.02-08.47.04:960][971]LogMaterial: 0.00 seconds spent updating 1 materials, 1 interfaces, 0 instances, 0 with static permutations.
[2017.04.02-08.47.04:960][971]LogMaterial: 0.00 seconds spent updating 1 materials, 1 interfaces, 0 instances, 0 with static permutations.
[2017.04.02-08.47.05:892][ 77]Cmd: TRANSACTION UNDO
[2017.04.02-08.47.05:892][ 77]LogEditorTransaction: Undo Landscape Editing: Paint
[2017.04.02-08.47.05:901][ 77]LogMaterial: 0.00 seconds spent updating 1 materials, 1 interfaces, 0 instances, 0 with static permutations.
[2017.04.02-08.47.05:917][ 77]LogTexture:Display: Building textures: Texture2D_299 (BGRA8)
[2017.04.02-08.47.05:918][ 77]LogMaterial: 0.00 seconds spent updating 1 materials, 1 interfaces, 0 instances, 0 with static permutations.
[2017.04.02-08.47.05:925][ 77]LogTexture:Display: Building textures: Texture2D_122 (BGRA8)
[2017.04.02-08.47.05:932][ 77]LogTexture:Display: Building textures: Texture2D_1 (BGRA8)
[2017.04.02-08.47.05:949][ 77]LogActorComponent: ~FComponentReregisterContext: (/Game/ZTD_Blueprint/Blueprints/Protomap.Protomap:PersistentLevel.Landscape3.LandscapeMeshCollisionComponent_13) Component already registered.
[2017.04.02-08.47.05:970][ 77]LogTexture:Display: Building textures: Texture2D_140 (BGRA8)
[2017.04.02-08.47.05:971][ 77]LogMaterial: 0.00 seconds spent updating 1 materials, 1 interfaces, 0 instances, 0 with static permutations.
[2017.04.02-08.47.05:971][ 77]LogActorComponent: ~FComponentReregisterContext: (/Game/ZTD_Blueprint/Blueprints/Protomap.Protomap:PersistentLevel.Landscape3.LandscapeComponent_500) Component already registered.
[2017.04.02-08.47.05:971][ 77]LogMaterial: 0.00 seconds spent updating 1 materials, 1 interfaces, 0 instances, 0 with static permutations.
[2017.04.02-08.47.05:971][ 77]LogActorComponent: ~FComponentReregisterContext: (/Game/ZTD_Blueprint/Blueprints/Protomap.Protomap:PersistentLevel.Landscape3.LandscapeComponent_501) Component already registered.
[2017.04.02-08.47.05:972][ 77]LogActorComponent: ~FComponentReregisterContext: (/Game/ZTD_Blueprint/Blueprints/Protomap.Protomap:PersistentLevel.Landscape3.LandscapeMeshCollisionComponent_12) Component already registered.
[2017.04.02-08.47.06:032][ 77]LogMaterial: 0.01 seconds spent updating 1 materials, 1 interfaces, 0 instances, 1 with static permutations.
[2017.04.02-08.47.06:056][ 77]LogMaterial: 0.00 seconds spent updating 1 materials, 1 interfaces, 0 instances, 1 with static permutations.
[2017.04.02-08.47.06:080][ 77]LogMaterial: 0.00 seconds spent updating 1 materials, 1 interfaces, 0 instances, 1 with static permutations.
[2017.04.02-08.47.06:104][ 77]LogMaterial: 0.00 seconds spent updating 1 materials, 1 interfaces, 0 instances, 1 with static permutations.
[2017.04.02-08.47.06:129][ 77]LogMaterial: 0.01 seconds spent updating 1 materials, 1 interfaces, 0 instances, 1 with static permutations.
[2017.04.02-08.47.06:152][ 77]LogMaterial: 0.00 seconds spent updating 1 materials, 1 interfaces, 0 instances, 1 with static permutations.
[2017.04.02-08.47.06:177][ 77]LogMaterial: 0.01 seconds spent updating 1 materials, 1 interfaces, 0 instances, 1 with static permutations.
[2017.04.02-08.47.41:276][198]LogTexture:Display: Building textures: Texture2D_102 (BGRA8)
[2017.04.02-08.47.41:276][198]LogTexture:Display: Building textures: Texture2D_104 (BGRA8)
[2017.04.02-08.47.41:276][198]LogTexture:Display: Building textures: Texture2D_107 (BGRA8)
[2017.04.02-08.47.41:277][198]LogTexture:Display: Building textures: Texture2D_108 (BGRA8)
[2017.04.02-08.47.41:277][198]LogTexture:Display: Building textures: Texture2D_109 (BGRA8)
[2017.04.02-08.47.41:278][198]LogTexture:Display: Building textures: Texture2D_113 (BGRA8)
[2017.04.02-08.47.41:278][198]LogTexture:Display: Building textures: Texture2D_114 (BGRA8)
[2017.04.02-08.47.41:278][198]LogTexture:Display: Building textures: Texture2D_115 (BGRA8)
[2017.04.02-08.47.41:279][198]LogTexture:Display: Building textures: Texture2D_119 (BGRA8)
[2017.04.02-08.47.41:279][198]LogTexture:Display: Building textures: Texture2D_124 (BGRA8)
[2017.04.02-08.47.41:280][198]LogTexture:Display: Building textures: Texture2D_125 (BGRA8)
[2017.04.02-08.47.41:280][198]LogTexture:Display: Building textures: Texture2D_126 (BGRA8)
[2017.04.02-08.47.41:280][198]LogTexture:Display: Building textures: Texture2D_127 (BGRA8)
[2017.04.02-08.47.41:281][198]LogTexture:Display: Building textures: Texture2D_131 (BGRA8)
[2017.04.02-08.47.41:282][198]LogTexture:Display: Building textures: Texture2D_143 (BGRA8)
[2017.04.02-08.47.41:283][198]LogTexture:Display: Building textures: Texture2D_146 (BGRA8)
[2017.04.02-08.47.41:283][198]LogTexture:Display: Building textures: Texture2D_147 (BGRA8)
[2017.04.02-08.47.41:283][198]LogTexture:Display: Building textures: Texture2D_149 (BGRA8)
[2017.04.02-08.47.41:284][198]LogTexture:Display: Building textures: Texture2D_150 (BGRA8)
[2017.04.02-08.47.41:284][198]LogTexture:Display: Building textures: Texture2D_152 (BGRA8)
[2017.04.02-08.47.41:284][198]LogTexture:Display: Building textures: Texture2D_153 (BGRA8)
[2017.04.02-08.47.41:285][198]LogTexture:Display: Building textures: Texture2D_154 (BGRA8)
[2017.04.02-08.47.41:286][198]LogTexture:Display: Building textures: Texture2D_157 (BGRA8)
[2017.04.02-08.47.41:286][198]LogTexture:Display: Building textures: Texture2D_158 (BGRA8)
[2017.04.02-08.47.41:286][198]LogTexture:Display: Building textures: Texture2D_160 (BGRA8)
[2017.04.02-08.47.41:287][198]LogTexture:Display: Building textures: Texture2D_161 (BGRA8)
[2017.04.02-08.47.41:287][198]LogTexture:Display: Building textures: Texture2D_162 (BGRA8)
[2017.04.02-08.47.41:287][198]LogTexture:Display: Building textures: Texture2D_163 (BGRA8)
[2017.04.02-08.47.41:287][198]LogTexture:Display: Building textures: Texture2D_168 (BGRA8)
[2017.04.02-08.47.41:288][198]LogTexture:Display: Building textures: Texture2D_17 (BGRA8)
[2017.04.02-08.47.41:288][198]LogTexture:Display: Building textures: Texture2D_172 (BGRA8)
[2017.04.02-08.47.41:288][198]LogTexture:Display: Building textures: Texture2D_173 (BGRA8)
[2017.04.02-08.47.41:289][198]LogTexture:Display: Building textures: Texture2D_18 (BGRA8)
[2017.04.02-08.47.41:290][198]LogTexture:Display: Building textures: Texture2D_186 (BGRA8)
[2017.04.02-08.47.41:290][198]LogTexture:Display: Building textures: Texture2D_187 (BGRA8)
[2017.04.02-08.47.41:290][198]LogTexture:Display: Building textures: Texture2D_188 (BGRA8)
[2017.04.02-08.47.41:291][198]LogTexture:Display: Building textures: Texture2D_189 (BGRA8)
[2017.04.02-08.47.41:292][198]LogTexture:Display: Building textures: Texture2D_19 (BGRA8)
[2017.04.02-08.47.41:292][198]LogTexture:Display: Building textures: Texture2D_190 (BGRA8)
[2017.04.02-08.47.41:293][198]LogTexture:Display: Building textures: Texture2D_191 (BGRA8)
[2017.04.02-08.47.41:293][198]LogTexture:Display: Building textures: Texture2D_192 (BGRA8)
[2017.04.02-08.47.41:293][198]LogTexture:Display: Building textures: Texture2D_195 (BGRA8)
[2017.04.02-08.47.41:294][198]LogTexture:Display: Building textures: Texture2D_197 (BGRA8)
[2017.04.02-08.47.41:294][198]LogTexture:Display: Building textures: Texture2D_20 (BGRA8)
[2017.04.02-08.47.41:294][198]LogTexture:Display: Building textures: Texture2D_21 (BGRA8)
[2017.04.02-08.47.41:295][198]LogTexture:Display: Building textures: Texture2D_218 (BGRA8)
[2017.04.02-08.47.41:295][198]LogTexture:Display: Building textures: Texture2D_221 (BGRA8)
[2017.04.02-08.47.41:295][198]LogTexture:Display: Building textures: Texture2D_223 (BGRA8)
[2017.04.02-08.47.41:295][198]LogTexture:Display: Building textures: Texture2D_226 (BGRA8)
[2017.04.02-08.47.41:296][198]LogTexture:Display: Building textures: Texture2D_227 (BGRA8)
[2017.04.02-08.47.41:298][198]LogTexture:Display: Building textures: Texture2D_25 (BGRA8)
[2017.04.02-08.47.41:301][198]LogTexture:Display: Building textures: Texture2D_28 (BGRA8)
[2017.04.02-08.47.41:302][198]LogTexture:Display: Building textures: Texture2D_29 (BGRA8)
[2017.04.02-08.47.41:302][198]LogTexture:Display: Building textures: Texture2D_294 (BGRA8)
[2017.04.02-08.47.41:302][198]LogTexture:Display: Building textures: Texture2D_295 (BGRA8)
[2017.04.02-08.47.41:303][198]LogTexture:Display: Building textures: Texture2D_296 (BGRA8)
[2017.04.02-08.47.41:303][198]LogTexture:Display: Building textures: Texture2D_297 (BGRA8)
[2017.04.02-08.47.41:303][198]LogTexture:Display: Building textures: Texture2D_298 (BGRA8)
[2017.04.02-08.47.41:304][198]LogTexture:Display: Building textures: Texture2D_30 (BGRA8)
[2017.04.02-08.47.41:304][198]LogTexture:Display: Building textures: Texture2D_31 (BGRA8)
[2017.04.02-08.47.41:304][198]LogTexture:Display: Building textures: Texture2D_32 (BGRA8)
[2017.04.02-08.47.41:305][198]LogTexture:Display: Building textures: Texture2D_36 (BGRA8)
[2017.04.02-08.47.41:306][198]LogTexture:Display: Building textures: Texture2D_39 (BGRA8)
[2017.04.02-08.47.41:306][198]LogTexture:Display: Building textures: Texture2D_41 (BGRA8)
[2017.04.02-08.47.41:307][198]LogTexture:Display: Building textures: Texture2D_49 (BGRA8)
[2017.04.02-08.47.41:307][198]LogTexture:Display: Building textures: Texture2D_50 (BGRA8)
[2017.04.02-08.47.41:307][198]LogTexture:Display: Building textures: Texture2D_51 (BGRA8)
[2017.04.02-08.47.41:308][198]LogTexture:Display: Building textures: Texture2D_52 (BGRA8)
[2017.04.02-08.47.41:308][198]LogTexture:Display: Building textures: Texture2D_53 (BGRA8)
[2017.04.02-08.47.41:309][198]LogTexture:Display: Building textures: Texture2D_56 (BGRA8)
[2017.04.02-08.47.41:309][198]LogTexture:Display: Building textures: Texture2D_64 (BGRA8)
[2017.04.02-08.47.41:310][198]LogTexture:Display: Building textures: Texture2D_65 (BGRA8)
[2017.04.02-08.47.41:310][198]LogTexture:Display: Building textures: Texture2D_66 (BGRA8)
[2017.04.02-08.47.41:311][198]LogTexture:Display: Building textures: Texture2D_68 (BGRA8)
[2017.04.02-08.47.41:311][198]LogTexture:Display: Building textures: Texture2D_69 (BGRA8)
[2017.04.02-08.47.41:311][198]LogTexture:Display: Building textures: Texture2D_70 (BGRA8)
[2017.04.02-08.47.41:312][198]LogTexture:Display: Building textures: Texture2D_71 (BGRA8)
[2017.04.02-08.47.41:312][198]LogTexture:Display: Building textures: Texture2D_72 (BGRA8)
[2017.04.02-08.47.41:312][198]LogTexture:Display: Building textures: Texture2D_73 (BGRA8)
[2017.04.02-08.47.41:312][198]LogTexture:Display: Building textures: Texture2D_74 (BGRA8)
[2017.04.02-08.47.41:313][198]LogTexture:Display: Building textures: Texture2D_75 (BGRA8)
[2017.04.02-08.47.41:313][198]LogTexture:Display: Building textures: Texture2D_76 (BGRA8)
[2017.04.02-08.47.41:313][198]LogTexture:Display: Building textures: Texture2D_77 (BGRA8)
[2017.04.02-08.47.41:313][198]LogTexture:Display: Building textures: Texture2D_79 (BGRA8)
[2017.04.02-08.47.41:314][198]LogTexture:Display: Building textures: Texture2D_80 (BGRA8)
[2017.04.02-08.47.41:315][198]LogTexture:Display: Building textures: Texture2D_84 (BGRA8)
[2017.04.02-08.47.41:315][198]LogTexture:Display: Building textures: Texture2D_86 (BGRA8)
[2017.04.02-08.47.41:315][198]LogTexture:Display: Building textures: Texture2D_87 (BGRA8)
[2017.04.02-08.47.41:316][198]LogTexture:Display: Building textures: Texture2D_88 (BGRA8)
[2017.04.02-08.47.41:316][198]LogTexture:Display: Building textures: Texture2D_89 (BGRA8)
[2017.04.02-08.47.41:316][198]LogTexture:Display: Building textures: Texture2D_90 (BGRA8)
[2017.04.02-08.47.41:317][198]LogTexture:Display: Building textures: Texture2D_96 (BGRA8)
[2017.04.02-08.47.41:318][198]LogTexture:Display: Building textures: Texture2D_98 (BGRA8)
[2017.04.02-08.47.41:335][198]LogTexture:Display: Building textures: Texture2D_8 (BGRA8)
[2017.04.02-08.47.41:343][198]LogTexture:Display: Building textures: Texture2D_14 (BGRA8)
[2017.04.02-08.47.41:704][198]LogSavePackage: Save=443.93ms
[2017.04.02-08.47.41:704][198]LogSavePackage: Moving '../../../../../UE4 Projects/ZombieStuff/Zombie_TowerDefense/Saved/Protomap2CB70BA84A0D6B70EA0C3FA35883B3A3.tmp' to '../../../../../UE4 Projects/ZombieStuff/Zombie_TowerDefense/Content/ZTD_Blueprint/Blueprints/Protomap.umap'
[2017.04.02-08.47.41:705][198]LogSavePackage:Display: Finished SavePackage ../../../../../UE4 Projects/ZombieStuff/Zombie_TowerDefense/Content/ZTD_Blueprint/Blueprints/Protomap.umap
[2017.04.02-08.47.41:729][198]LogFileHelpers: Saving map 'Protomap' took 0.518
[2017.04.02-08.47.59:538][262]LogTemp: Repeting last play command: Selected Viewport
[2017.04.02-08.47.59:548][262]LogPlayLevel: PlayLevel: No blueprints needed recompiling
[2017.04.02-08.47.59:549][262]PIE: New page: PIE session: Protomap (Apr 1, 2017, 10:47:59 PM)
[2017.04.02-08.47.59:549][262]LogPlayLevel: Creating play world package: /Game/ZTD_Blueprint/Blueprints/UEDPIE_0_Protomap
[2017.04.02-08.47.59:576][262]LogPlayLevel: PIE: StaticDuplicateObject took: (0.027628s)
[2017.04.02-08.47.59:577][262]LogAIModule: Creating AISystem for world Protomap
[2017.04.02-08.47.59:577][262]LogPlayLevel: PIE: World Init took: (0.000615s)
[2017.04.02-08.47.59:577][262]LogPlayLevel: PIE: Created PIE world by copying editor world from /Game/ZTD_Blueprint/Blueprints/Protomap.Protomap to /Game/ZTD_Blueprint/Blueprints/UEDPIE_0_Protomap.Protomap (0.028452s)
[2017.04.02-08.47.59:600][262]LogInit: XAudio2 using 'Speakers (Realtek High Definition Audio)' : 8 channels at 48 kHz using 32 bits per sample (channel mask 0x63f)
[2017.04.02-08.47.59:608][262]LogInit: FAudioDevice initialized.
[2017.04.02-08.47.59:651][262]LogLoad: Game class is 'ZTD_GameMode_C'
[2017.04.02-08.47.59:660][262]LogWorld: Bringing World /Game/ZTD_Blueprint/Blueprints/UEDPIE_0_Protomap.Protomap up for play (max tick rate 0) at 2017.04.02-03.47.59
[2017.04.02-08.47.59:661][262]LogWorld: Bringing up level for play took: 0.009403
[2017.04.02-08.47.59:689][262]LogContentBrowser: Native class hierarchy updated for 'MovieSceneCapture' in 0.0005 seconds. Added 11 classes and 0 folders.
[2017.04.02-08.47.59:690][262]PIE: Info Play in editor start time for /Game/ZTD_Blueprint/Blueprints/UEDPIE_0_Protomap -0.071
[2017.04.02-08.48.36:289][335]LogMaterial: Missing cached shader map for material Terr_Mat, compiling. 
[2017.04.02-08.48.36:318][335]LogMaterial: 0.00 seconds spent updating 1 materials, 1 interfaces, 0 instances, 1 with static permutations.
[2017.04.02-08.48.36:329][335]LogMaterial: 0.01 seconds spent updating 1 materials, 1 interfaces, 0 instances, 0 with static permutations.
[2017.04.02-08.48.37:231][431]Cmd: TRANSACTION UNDO
[2017.04.02-08.48.37:231][431]LogEditorTransaction: Undo Landscape Editing: Paint
[2017.04.02-08.48.37:342][431]LogMaterial: 0.00 seconds spent updating 1 materials, 1 interfaces, 0 instances, 0 with static permutations.
[2017.04.02-08.48.37:365][431]LogMaterial: 0.01 seconds spent updating 1 materials, 1 interfaces, 0 instances, 1 with static permutations.
[2017.04.02-08.48.37:390][431]LogMaterial: 0.01 seconds spent updating 1 materials, 1 interfaces, 0 instances, 1 with static permutations.
[2017.04.02-08.48.37:415][431]LogMaterial: 0.01 seconds spent updating 1 materials, 1 interfaces, 0 instances, 1 with static permutations.
[2017.04.02-08.48.37:441][431]LogMaterial: 0.01 seconds spent updating 1 materials, 1 interfaces, 0 instances, 1 with static permutations.
[2017.04.02-08.48.37:467][431]LogMaterial: 0.01 seconds spent updating 1 materials, 1 interfaces, 0 instances, 1 with static permutations.
[2017.04.02-08.48.37:493][431]LogMaterial: 0.01 seconds spent updating 1 materials, 1 interfaces, 0 instances, 1 with static permutations.
[2017.04.02-08.48.37:527][431]LogMaterial: 0.01 seconds spent updating 1 materials, 1 interfaces, 0 instances, 1 with static permutations.
[2017.04.02-08.48.39:996][552]LogTexture:Display: Building textures: Texture2D_27 (BGRA8)
[2017.04.02-08.48.40:093][552]LogMaterial: 0.00 seconds spent updating 1 materials, 1 interfaces, 0 instances, 0 with static permutations.
[2017.04.02-08.48.43:492][827]LogShaderCompilers:Warning: Failed to compile Material /Game/StarterContent/Materials/Terr_Mat.Terr_Mat for platform PCD3D_SM5, Default Material will be used in game.
[2017.04.02-08.48.43:492][827]LogShaderCompilers:Warning: 	Material.usf(36,14-41):  err0r X4510: maximum ps_5_0 sampler register index (16) exceeded
[2017.04.02-08.48.43:782][861]Cmd: TRANSACTION UNDO
[2017.04.02-08.48.43:782][861]LogEditorTransaction: Undo Landscape Editing: Paint
[2017.04.02-08.48.43:805][861]LogMaterial: 0.00 seconds spent updating 1 materials, 1 interfaces, 0 instances, 0 with static permutations.
[2017.04.02-08.48.43:825][861]LogMaterial: 0.00 seconds spent updating 1 materials, 1 interfaces, 0 instances, 1 with static permutations.
[2017.04.02-08.48.43:848][861]LogMaterial: 0.00 seconds spent updating 1 materials, 1 interfaces, 0 instances, 1 with static permutations.
[2017.04.02-08.48.43:872][861]LogMaterial: 0.00 seconds spent updating 1 materials, 1 interfaces, 0 instances, 1 with static permutations.
[2017.04.02-08.48.43:896][861]LogMaterial: 0.01 seconds spent updating 1 materials, 1 interfaces, 0 instances, 1 with static permutations.
[2017.04.02-08.48.43:920][861]LogMaterial: 0.01 seconds spent updating 1 materials, 1 interfaces, 0 instances, 1 with static permutations.
[2017.04.02-08.48.43:945][861]LogMaterial: 0.01 seconds spent updating 1 materials, 1 interfaces, 0 instances, 1 with static permutations.
[2017.04.02-08.48.43:969][861]LogMaterial: 0.01 seconds spent updating 1 materials, 1 interfaces, 0 instances, 1 with static permutations.
[2017.04.02-08.48.48:204][313]LogTexture:Display: Building textures: Texture2D_63 (BGRA8)
[2017.04.02-08.48.48:204][313]LogTexture:Display: Building textures: Texture2D_151 (BGRA8)
[2017.04.02-08.48.48:205][313]LogTexture:Display: Building textures: Texture2D_5 (BGRA8)
[2017.04.02-08.48.48:205][313]LogTexture:Display: Building textures: Texture2D_110 (BGRA8)
[2017.04.02-08.48.48:205][313]LogTexture:Display: Building textures: Texture2D_62 (BGRA8)
[2017.04.02-08.48.48:559][313]LogSavePackage: Save=369.61ms
[2017.04.02-08.48.48:559][313]LogSavePackage: Moving '../../../../../UE4 Projects/ZombieStuff/Zombie_TowerDefense/Saved/Protomap0962B2CB400309AD0FA697A178215A70.tmp' to '../../../../../UE4 Projects/ZombieStuff/Zombie_TowerDefense/Content/ZTD_Blueprint/Blueprints/Protomap.umap'
[2017.04.02-08.48.48:561][313]LogSavePackage:Display: Finished SavePackage ../../../../../UE4 Projects/ZombieStuff/Zombie_TowerDefense/Content/ZTD_Blueprint/Blueprints/Protomap.umap
[2017.04.02-08.48.48:579][313]LogFileHelpers: Saving map 'Protomap' took 0.432
[2017.04.02-08.49.06:939][483]LogAIModule: Creating AISystem for world Menu_Main
[2017.04.02-08.49.06:952][483]Cmd: MAP LOAD FILE="../../../../../UE4 Projects/ZombieStuff/Zombie_TowerDefense/Content/ZTD_Blueprint/Maps/Menu_Main.umap" TEMPLATE=0 SHOWPROGRESS=1 FEATURELEVEL=3
[2017.04.02-08.49.06:952][483]LightingResults: New page: Lighting Build
[2017.04.02-08.49.06:953][483]LoadErrors: New page: Loading map: Menu_Main.umap
[2017.04.02-08.49.06:955][483]MapCheck: New page: Map Check
[2017.04.02-08.49.06:955][483]LightingResults: New page: Lighting Build
[2017.04.02-08.49.06:973][483]LogEditorServer: Finished looking for orphan Actors (0.000 secs)
[2017.04.02-08.49.06:991][483]Cmd: MAP CHECKDEP NOCLEARLOG
[2017.04.02-08.49.07:024][483]MapCheck: Info Map check complete: 0 Error(s), 0 Warning(s), took 33.011ms to complete.
[2017.04.02-08.49.07:024][483]LogFileHelpers: Loading map 'Menu_Main' took 0.075
[2017.04.02-08.49.17:282][695]LogMaterial: Missing cached shader map for material Terr_Mat, compiling. 
[2017.04.02-08.49.17:349][695]LogMaterial: Missing cached shader map for material Terr_Mat, compiling. 
[2017.04.02-08.49.17:360][695]LogMaterial: 0.00 seconds spent updating 1 materials, 1 interfaces, 0 instances, 0 with static permutations.
[2017.04.02-08.49.17:392][695]LogMaterial: Missing cached shader map for material FMatExpressionPreview MaterialExpressionLandscapeLayerCoords_2, compiling. 
[2017.04.02-08.49.17:396][695]LogMaterial: Missing cached shader map for material FMatExpressionPreview MaterialExpressionLandscapeLayerCoords_3, compiling. 
[2017.04.02-08.49.17:400][695]LogMaterial: Missing cached shader map for material FMatExpressionPreview MaterialExpressionTextureSample_1, compiling. 
[2017.04.02-08.49.17:404][695]LogMaterial: Missing cached shader map for material FMatExpressionPreview MaterialExpressionTextureSample_2, compiling. 
[2017.04.02-08.49.17:408][695]LogMaterial: Missing cached shader map for material FMatExpressionPreview MaterialExpressionTextureSample_3, compiling. 
[2017.04.02-08.49.17:412][695]LogMaterial: Missing cached shader map for material FMatExpressionPreview MaterialExpressionTextureSample_4, compiling. 
[2017.04.02-08.49.17:416][695]LogMaterial: Missing cached shader map for material FMatExpressionPreview MaterialExpressionTextureSample_5, compiling. 
[2017.04.02-08.49.17:420][695]LogMaterial: Missing cached shader map for material FMatExpressionPreview MaterialExpressionTextureSample_7, compiling. 
[2017.04.02-08.49.17:424][695]LogMaterial: Missing cached shader map for material FMatExpressionPreview MaterialExpressionTextureSample_8, compiling. 
[2017.04.02-08.49.17:428][695]LogMaterial: Missing cached shader map for material FMatExpressionPreview MaterialExpressionTextureSample_9, compiling. 
[2017.04.02-08.49.17:432][695]LogMaterial: Missing cached shader map for material FMatExpressionPreview MaterialExpressionTextureSample_10, compiling. 
[2017.04.02-08.49.17:436][695]LogMaterial: Missing cached shader map for material FMatExpressionPreview MaterialExpressionTextureSample_11, compiling. 
[2017.04.02-08.49.17:440][695]LogMaterial: Missing cached shader map for material FMatExpressionPreview MaterialExpressionTextureSample_12, compiling. 
[2017.04.02-08.49.17:444][695]LogMaterial: Missing cached shader map for material FMatExpressionPreview MaterialExpressionTextureSample_13, compiling. 
[2017.04.02-08.49.17:448][695]LogMaterial: Missing cached shader map for material FMatExpressionPreview MaterialExpressionTextureSample_14, compiling. 
[2017.04.02-08.49.21:096][934]MaterialEditorStats: Info Base pass shader with only dynamic lighting: 112 instructions
[2017.04.02-08.49.21:097][934]MaterialEditorStats: Info Vertex shader: 31 instructions
[2017.04.02-08.49.21:097][934]MaterialEditorStats: Info Texture samplers: 12/16
[2017.04.02-08.49.30:444][697]LogMaterial: Missing cached shader map for material Terr_Mat, compiling. 
[2017.04.02-08.49.30:455][697]LogMaterial: 0.00 seconds spent updating 1 materials, 1 interfaces, 0 instances, 0 with static permutations.
[2017.04.02-08.49.30:520][697]LogMaterial: Missing cached shader map for material FMatExpressionPreview MaterialExpressionLandscapeLayerCoords_3, compiling. 
[2017.04.02-08.49.30:524][697]LogMaterial: Missing cached shader map for material FMatExpressionPreview MaterialExpressionTextureSample_12, compiling. 
[2017.04.02-08.49.32:841][829]MaterialEditorStats: Info Base pass shader with only dynamic lighting: 112 instructions
[2017.04.02-08.49.32:841][829]MaterialEditorStats: Info Vertex shader: 31 instructions
[2017.04.02-08.49.32:841][829]MaterialEditorStats: Info Texture samplers: 12/16
[2017.04.02-08.49.35:647][117]LogMaterialEditor: Applying material Terr_Mat
[2017.04.02-08.49.36:062][117]LogMaterial: Missing cached shader map for material Terr_Mat, compiling. 
[2017.04.02-08.49.36:085][117]LogMaterial: 0.00 seconds spent updating 1 materials, 1 interfaces, 0 instances, 0 with static permutations.
[2017.04.02-08.49.36:110][117]LogMaterial: Missing cached shader map for material Terr_Mat, compiling. 
[2017.04.02-08.49.36:133][117]LogMaterial: Missing cached shader map for material Terr_Mat, compiling. 
[2017.04.02-08.49.36:150][117]LogMaterial: 0.00 seconds spent updating 1 materials, 1 interfaces, 0 instances, 0 with static permutations.
[2017.04.02-08.49.39:804][317]MaterialEditorStats: Info Base pass shader with only dynamic lighting: 142 instructions
[2017.04.02-08.49.39:804][317]MaterialEditorStats: Info Vertex shader: 31 instructions
[2017.04.02-08.49.39:804][317]MaterialEditorStats: Info Texture samplers: 15/16
[2017.04.02-08.49.56:755][291]LogMaterial: Missing cached shader map for material Terr_Mat, compiling. 
[2017.04.02-08.49.56:786][291]LogMaterial: Missing cached shader map for material Terr_Mat, compiling. 
[2017.04.02-08.49.56:815][291]LogMaterial: Missing cached shader map for material Terr_Mat, compiling. 
[2017.04.02-08.49.56:844][291]LogMaterial: Missing cached shader map for material Terr_Mat, compiling. 
[2017.04.02-08.49.56:873][291]LogMaterial: Missing cached shader map for material Terr_Mat, compiling. 
[2017.04.02-08.49.56:906][291]LogMaterial: Missing cached shader map for material Terr_Mat, compiling. 
[2017.04.02-08.49.56:963][291]LogMaterial: Missing cached shader map for material Terr_Mat, compiling. 
[2017.04.02-08.49.56:992][291]LogMaterial: Missing cached shader map for material Terr_Mat, compiling. 
[2017.04.02-08.49.57:021][291]LogMaterial: Missing cached shader map for material Terr_Mat, compiling. 
[2017.04.02-08.49.57:084][291]LogMaterial: Missing cached shader map for material Terr_Mat, compiling. 
[2017.04.02-08.49.57:113][291]LogMaterial: Missing cached shader map for material Terr_Mat, compiling. 
[2017.04.02-08.49.57:144][291]LogMaterial: Missing cached shader map for material Terr_Mat, compiling. 
[2017.04.02-08.49.57:207][291]LogMaterial: Missing cached shader map for material Terr_Mat, compiling. 
[2017.04.02-08.49.57:236][291]LogMaterial: Missing cached shader map for material Terr_Mat, compiling. 
[2017.04.02-08.49.57:265][291]LogMaterial: Missing cached shader map for material Terr_Mat, compiling. 
[2017.04.02-08.49.57:331][291]LogMaterial: Missing cached shader map for material Terr_Mat, compiling. 
[2017.04.02-08.49.57:376][291]LogAIModule: Creating AISystem for world Protomap
[2017.04.02-08.50.03:394][291]Cmd: OBJ SAVEPACKAGE PACKAGE="/Game/StarterContent/Materials/Terr_Mat" FILE="../../../../../UE4 Projects/ZombieStuff/Zombie_TowerDefense/Content/StarterContent/Materials/Terr_Mat.uasset" SILENT=true
[2017.04.02-08.50.03:430][291]LogSavePackage: Save=33.18ms
[2017.04.02-08.50.03:430][291]LogSavePackage: Moving '../../../../../UE4 Projects/ZombieStuff/Zombie_TowerDefense/Saved/Terr_Mat21DB2381471C9EC8DEC43AB4E7C1C344.tmp' to '../../../../../UE4 Projects/ZombieStuff/Zombie_TowerDefense/Content/StarterContent/Materials/Terr_Mat.uasset'
[2017.04.02-08.50.03:431][291]LogSavePackage:Display: Finished SavePackage ../../../../../UE4 Projects/ZombieStuff/Zombie_TowerDefense/Content/StarterContent/Materials/Terr_Mat.uasset
[2017.04.02-08.50.03:432][291]Cmd: MAP LOAD FILE="../../../../../UE4 Projects/ZombieStuff/Zombie_TowerDefense/Content/ZTD_Blueprint/Blueprints/Protomap.umap" TEMPLATE=0 SHOWPROGRESS=1 FEATURELEVEL=3
[2017.04.02-08.50.03:432][291]LightingResults: New page: Lighting Build
[2017.04.02-08.50.03:433][291]LoadErrors: New page: Loading map: Protomap.umap
[2017.04.02-08.50.03:433][291]MapCheck: New page: Map Check
[2017.04.02-08.50.03:433][291]LightingResults: New page: Lighting Build
[2017.04.02-08.50.04:186][291]LogEditorServer: Finished looking for orphan Actors (0.000 secs)
[2017.04.02-08.50.04:204][291]Cmd: MAP CHECKDEP NOCLEARLOG
[2017.04.02-08.50.04:271][291]MapCheck: Info Map check complete: 0 Error(s), 0 Warning(s), took 67.158ms to complete.
[2017.04.02-08.50.04:271][291]LogFileHelpers: Loading map 'Protomap' took 0.840
[2017.04.02-08.50.16:770][652]LogEditorViewport: Clicking on Actor (context menu): Tower_Tile_C (Tower_Tile12)
[2017.04.02-08.50.20:835][660]LogEditorViewport: Clicking on Actor (context menu): Tower_Tile_C (Tower_Tile13)
[2017.04.02-08.50.24:091][704]LogEditorViewport: Clicking on Actor (LMB): Landscape (Landscape3)
[2017.04.02-08.50.42:198][860]LogEditorViewport: Clicking on Actor (context menu): Landscape (Landscape3)
[2017.04.02-08.50.47:567][899]LogEditorViewport: Clicking on Actor (LMB): Landscape (Landscape3)
[2017.04.02-08.51.00:315][823]LogActorComponent: UnregisterComponent: (/Engine/Transient.SphereBrushComponent) Not registered. Aborting.
[2017.04.02-08.51.00:933][896]LogMaterial: Missing cached shader map for material Terr_Mat, compiling. 
[2017.04.02-08.51.00:942][896]LogMaterial: Missing cached shader map for material Terr_Mat, compiling. 
[2017.04.02-08.51.00:952][896]LogMaterial: 0.00 seconds spent updating 1 materials, 1 interfaces, 0 instances, 1 with static permutations.
[2017.04.02-08.51.00:968][896]LogMaterial: Missing cached shader map for material Terr_Mat, compiling. 
[2017.04.02-08.51.00:994][896]LogMaterial: 0.02 seconds spent updating 1 materials, 1 interfaces, 0 instances, 1 with static permutations.
[2017.04.02-08.51.01:001][896]LogMaterial: Missing cached shader map for material Terr_Mat, compiling. 
[2017.04.02-08.51.01:027][896]LogMaterial: 0.02 seconds spent updating 1 materials, 1 interfaces, 0 instances, 1 with static permutations.
[2017.04.02-08.51.01:034][896]LogMaterial: Missing cached shader map for material Terr_Mat, compiling. 
[2017.04.02-08.51.01:061][896]LogMaterial: 0.02 seconds spent updating 1 materials, 1 interfaces, 0 instances, 1 with static permutations.
[2017.04.02-08.51.01:068][896]LogMaterial: Missing cached shader map for material Terr_Mat, compiling. 
[2017.04.02-08.51.01:094][896]LogMaterial: 0.02 seconds spent updating 1 materials, 1 interfaces, 0 instances, 1 with static permutations.
[2017.04.02-08.51.01:100][896]LogMaterial: Missing cached shader map for material Terr_Mat, compiling. 
[2017.04.02-08.51.01:126][896]LogMaterial: 0.02 seconds spent updating 1 materials, 1 interfaces, 0 instances, 1 with static permutations.
[2017.04.02-08.51.01:132][896]LogMaterial: Missing cached shader map for material Terr_Mat, compiling. 
[2017.04.02-08.51.01:159][896]LogMaterial: 0.02 seconds spent updating 1 materials, 1 interfaces, 0 instances, 1 with static permutations.
[2017.04.02-08.51.01:184][896]LogTexture:Display: Building textures: Texture2D_3 (G8)
[2017.04.02-08.51.11:393][675]Cmd: TRANSACTION UNDO
[2017.04.02-08.51.11:393][675]LogEditorTransaction: Undo Landscape Editing: Paint
[2017.04.02-08.51.11:415][675]LogTexture:Display: Building textures: Texture2D_55 (BGRA8)
[2017.04.02-08.51.11:416][675]LogMaterial: 0.00 seconds spent updating 1 materials, 1 interfaces, 0 instances, 0 with static permutations.
[2017.04.02-08.51.11:433][675]LogTexture:Display: Building textures: Texture2D_134 (BGRA8)
[2017.04.02-08.51.16:161][149]LogMaterial: Missing cached shader map for material Terr_Mat, compiling. 
[2017.04.02-08.51.16:190][149]LogMaterial: Missing cached shader map for material Terr_Mat, compiling. 
[2017.04.02-08.51.16:237][149]LogMaterial: 0.02 seconds spent updating 1 materials, 1 interfaces, 0 instances, 1 with static permutations.
[2017.04.02-08.51.16:237][149]LogMaterial: 0.00 seconds spent updating 1 materials, 1 interfaces, 0 instances, 0 with static permutations.
[2017.04.02-08.51.17:036][203]LogMaterial: Missing cached shader map for material Terr_Mat, compiling. 
[2017.04.02-08.51.17:079][203]LogMaterial: 0.02 seconds spent updating 1 materials, 1 interfaces, 0 instances, 1 with static permutations.
[2017.04.02-08.51.17:080][203]LogMaterial: 0.00 seconds spent updating 1 materials, 1 interfaces, 0 instances, 0 with static permutations.
[2017.04.02-08.51.22:609][232]LogShaderCompilers:Warning: Failed to compile Material /Game/StarterContent/Materials/Terr_Mat.Terr_Mat for platform PCD3D_SM5, Default Material will be used in game.
[2017.04.02-08.51.22:609][232]LogShaderCompilers:Warning: 	Material.usf(36,14-41):  err0r X4510: maximum ps_5_0 sampler register index (16) exceeded
[2017.04.02-08.51.22:670][233]LogEditorViewport: Clicking on Actor (context menu): Landscape (Landscape3)
[2017.04.02-08.51.24:022][293]LogShaderCompilers:Warning: Failed to compile Material /Game/StarterContent/Materials/Terr_Mat.Terr_Mat for platform PCD3D_SM5, Default Material will be used in game.
[2017.04.02-08.51.24:022][293]LogShaderCompilers:Warning: 	Material.usf(36,14-41):  err0r X4510: maximum ps_5_0 sampler register index (16) exceeded
[2017.04.02-08.51.24:044][294]LogWindows: Windows GetLastError: The operation completed successfully. (0)
[2017.04.02-08.51.24:302][294]LogCrashTracker: 


[2017.04.02-08.51.24:310][294]LogWindows: Windows GetLastError: The operation completed successfully. (0)
[2017.04.02-08.51.24:398][294]LogCrashTracker: 


[2017.04.02-08.51.24:398][294]LogWindows:Error: === Critical error: ===
[2017.04.02-08.51.24:398][294]LogWindows:Error: 
[2017.04.02-08.51.24:398][294]LogWindows:Error: Fatal error: [File:D:\Build\++UE4+Release-4.14+Compile\Sync\Engine\Source\Runtime\RenderCore\Private\RenderingThread.cpp] [Line: 791] 
[2017.04.02-08.51.24:398][294]LogWindows:Error: Rendering thread exception:
[2017.04.02-08.51.24:398][294]LogWindows:Error: Assertion failed: OrderedMeshShaderMaps.Num() > 0 && bCompilationFinalized [File:D:\Build\++UE4+Release-4.14+Compile\Sync\Engine\Source\Runtime\Engine\Private\Materials\MaterialShader.cpp] [Line: 2226] 
[2017.04.02-08.51.24:399][294]LogWindows:Error: OrderedMeshShaderMaps.Num() is -572662307. bCompilationFinalized is 0. This may relate to bug UE-35937
[2017.04.02-08.51.24:399][294]LogWindows:Error: 
[2017.04.02-08.51.24:399][294]LogWindows:Error: 
[2017.04.02-08.51.24:399][294]LogWindows:Error: KERNELBASE.dll
[2017.04.02-08.51.24:399][294]LogWindows:Error: UE4Editor-Core.dll
[2017.04.02-08.51.24:399][294]LogWindows:Error: UE4Editor-Core.dll
[2017.04.02-08.51.24:399][294]LogWindows:Error: UE4Editor-Core.dll
[2017.04.02-08.51.24:399][294]LogWindows:Error: UE4Editor-Engine.dll
[2017.04.02-08.51.24:399][294]LogWindows:Error: UE4Editor-Engine.dll
[2017.04.02-08.51.24:399][294]LogWindows:Error: UE4Editor-Renderer.dll
[2017.04.02-08.51.24:399][294]LogWindows:Error: UE4Editor-Renderer.dll
[2017.04.02-08.51.24:399][294]LogWindows:Error: UE4Editor-Renderer.dll
[2017.04.02-08.51.24:399][294]LogWindows:Error: UE4Editor-Renderer.dll
[2017.04.02-08.51.24:399][294]LogWindows:Error: UE4Editor-Renderer.dll
[2017.04.02-08.51.24:399][294]LogWindows:Error: UE4Editor-Renderer.dll
[2017.04.02-08.51.24:399][294]LogWindows:Error: UE4Editor-Renderer.dll
[2017.04.02-08.51.24:399][294]LogWindows:Error: UE4Editor-Renderer.dll
[2017.04.02-08.51.24:399][294]LogWindows:Error: UE4Editor-Core.dll
[2017.04.02-08.51.24:399][294]LogWindows:Error: UE4Editor-Core.dll
[2017.04.02-08.51.24:399][294]LogWindows:Error: UE4Editor-RenderCore.dll
[2017.04.02-08.51.24:399][294]LogWindows:Error: UE4Editor-RenderCore.dll
[2017.04.02-08.51.24:399][294]LogWindows:Error: UE4Editor-Core.dll
[2017.04.02-08.51.24:399][294]LogWindows:Error: UE4Editor-Core.dll
[2017.04.02-08.51.24:399][294]LogWindows:Error: kernel32.dll
[2017.04.02-08.51.24:399][294]LogWindows:Error: ntdll.dll
[2017.04.02-08.51.24:399][294]LogWindows:Error: ntdll.dll
[2017.04.02-08.51.24:399][294]LogWindows:Error: 
[2017.04.02-08.51.24:399][294]LogWindows:Error: 
[2017.04.02-08.51.24:399][294]LogWindows:Error: 
[2017.04.02-08.51.24:399][294]LogWindows:Error: 
[2017.04.02-08.51.24:420][294]LogExit: Executing StaticShutdownAfterError
[2017.04.02-08.51.24:428][294]LogWindows: FPlatformMisc::RequestExit(1)
[2017.04.02-08.51.24:428][294]Log file closed, 04/02/17 03:51:24
