Log file open, 04/18/17 11:24:57
LogInit:Display: Running engine for game: Zombie_Tower_Defense
LogPlatformFile: Not using cached read wrapper
LogInit:Display: RandInit(-383599502) SRandInit(-383599502).
LogTaskGraph: Started task graph with 5 named threads and 9 total threads with 1 sets of task threads.
LogStats: Stats thread started at 0.101298
LogPluginManager: Loaded Plugin Paper2D, From C:/Program Files/Epic Games/4.14/Engine/Plugins/2D/Paper2D/Paper2D.uplugin
LogPluginManager: Loaded Plugin LightPropagationVolume, From C:/Program Files/Epic Games/4.14/Engine/Plugins/Blendables/LightPropagationVolume/LightPropagationVolume.uplugin
LogPluginManager: Loaded Plugin BlankPlugin, From C:/Program Files/Epic Games/4.14/Engine/Plugins/Developer/BlankPlugin/BlankPlugin.uplugin
LogPluginManager: Loaded Plugin CodeLiteSourceCodeAccess, From C:/Program Files/Epic Games/4.14/Engine/Plugins/Developer/CodeLiteSourceCodeAccess/CodeLiteSourceCodeAccess.uplugin
LogPluginManager: Loaded Plugin GitSourceControl, From C:/Program Files/Epic Games/4.14/Engine/Plugins/Developer/GitSourceControl/GitSourceControl.uplugin
LogPluginManager: Loaded Plugin KDevelopSourceCodeAccess, From C:/Program Files/Epic Games/4.14/Engine/Plugins/Developer/KDevelopSourceCodeAccess/KDevelopSourceCodeAccess.uplugin
LogPluginManager: Loaded Plugin NullSourceCodeAccess, From C:/Program Files/Epic Games/4.14/Engine/Plugins/Developer/NullSourceCodeAccess/NullSourceCodeAccess.uplugin
LogPluginManager: Loaded Plugin OneSkyLocalizationService, From C:/Program Files/Epic Games/4.14/Engine/Plugins/Developer/OneSkyLocalizationService/OneSkyLocalizationService.uplugin
LogPluginManager: Loaded Plugin PerforceSourceControl, From C:/Program Files/Epic Games/4.14/Engine/Plugins/Developer/PerforceSourceControl/PerforceSourceControl.uplugin
LogPluginManager: Loaded Plugin SubversionSourceControl, From C:/Program Files/Epic Games/4.14/Engine/Plugins/Developer/SubversionSourceControl/SubversionSourceControl.uplugin
LogPluginManager: Loaded Plugin UObjectPlugin, From C:/Program Files/Epic Games/4.14/Engine/Plugins/Developer/UObjectPlugin/UObjectPlugin.uplugin
LogPluginManager: Loaded Plugin VisualStudioSourceCodeAccess, From C:/Program Files/Epic Games/4.14/Engine/Plugins/Developer/VisualStudioSourceCodeAccess/VisualStudioSourceCodeAccess.uplugin
LogPluginManager: Loaded Plugin XCodeSourceCodeAccess, From C:/Program Files/Epic Games/4.14/Engine/Plugins/Developer/XCodeSourceCodeAccess/XCodeSourceCodeAccess.uplugin
LogPluginManager: Loaded Plugin AudioCapture, From C:/Program Files/Epic Games/4.14/Engine/Plugins/Editor/AudioCapture/AudioCapture.uplugin
LogPluginManager: Loaded Plugin EpicSurvey, From C:/Program Files/Epic Games/4.14/Engine/Plugins/Editor/EpicSurvey/EpicSurvey.uplugin
LogPluginManager: Loaded Plugin MacGraphicsSwitching, From C:/Program Files/Epic Games/4.14/Engine/Plugins/Editor/MacGraphicsSwitching/MacGraphicsSwitching.uplugin
LogPluginManager: Loaded Plugin MobileLauncherProfileWizard, From C:/Program Files/Epic Games/4.14/Engine/Plugins/Editor/MobileLauncherProfileWizard/MobileLauncherProfileWizard.uplugin
LogPluginManager: Loaded Plugin PluginBrowser, From C:/Program Files/Epic Games/4.14/Engine/Plugins/Editor/PluginBrowser/PluginBrowser.uplugin
LogPluginManager: Loaded Plugin SpeedTreeImporter, From C:/Program Files/Epic Games/4.14/Engine/Plugins/Editor/SpeedTreeImporter/SpeedTreeImporter.uplugin
LogPluginManager: Loaded Plugin SuperSearchEditor, From C:/Program Files/Epic Games/4.14/Engine/Plugins/Editor/SuperSearchEditor/SuperSearchEditor.uplugin
LogPluginManager: Loaded Plugin AlembicImporter, From C:/Program Files/Epic Games/4.14/Engine/Plugins/Experimental/AlembicImporter/AlembicImporter.uplugin
LogPluginManager: Loaded Plugin BlueprintStats, From C:/Program Files/Epic Games/4.14/Engine/Plugins/Experimental/BlueprintStats/BlueprintStats.uplugin
LogPluginManager: Loaded Plugin CharacterAI, From C:/Program Files/Epic Games/4.14/Engine/Plugins/Experimental/CharacterAI/CharacterAI.uplugin
LogPluginManager: Loaded Plugin CodeEditor, From C:/Program Files/Epic Games/4.14/Engine/Plugins/Experimental/CodeEditor/CodeEditor.uplugin
LogPluginManager: Loaded Plugin CodeView, From C:/Program Files/Epic Games/4.14/Engine/Plugins/Experimental/CodeView/CodeView.uplugin
LogPluginManager: Loaded Plugin HTML5Networking, From C:/Program Files/Epic Games/4.14/Engine/Plugins/Experimental/HTML5Networking/HTML5Networking.uplugin
LogPluginManager: Loaded Plugin OSVR, From C:/Program Files/Epic Games/4.14/Engine/Plugins/Experimental/OSVR/OSVR.uplugin
LogPluginManager: Loaded Plugin Phya, From C:/Program Files/Epic Games/4.14/Engine/Plugins/Experimental/Phya/Phya.uplugin
LogPluginManager: Loaded Plugin SignificanceManager, From C:/Program Files/Epic Games/4.14/Engine/Plugins/Experimental/SignificanceManager/SignificanceManager.uplugin
LogPluginManager: Loaded Plugin SimpleHMD, From C:/Program Files/Epic Games/4.14/Engine/Plugins/Experimental/SimpleHMD/SimpleHMD.uplugin
LogPluginManager: Loaded Plugin StereoPanorama, From C:/Program Files/Epic Games/4.14/Engine/Plugins/Experimental/StereoPanorama/StereoPanorama.uplugin
LogPluginManager: Loaded Plugin StructBox, From C:/Program Files/Epic Games/4.14/Engine/Plugins/Experimental/StructBox/StructBox.uplugin
LogPluginManager: Loaded Plugin AndroidMedia, From C:/Program Files/Epic Games/4.14/Engine/Plugins/Media/AndroidMedia/AndroidMedia.uplugin
LogPluginManager: Loaded Plugin AvfMedia, From C:/Program Files/Epic Games/4.14/Engine/Plugins/Media/AvfMedia/AvfMedia.uplugin
LogPluginManager: Loaded Plugin MediaPlayerEditor, From C:/Program Files/Epic Games/4.14/Engine/Plugins/Media/MediaPlayerEditor/MediaPlayerEditor.uplugin
LogPluginManager: Loaded Plugin WmfMedia, From C:/Program Files/Epic Games/4.14/Engine/Plugins/Media/WmfMedia/WmfMedia.uplugin
LogPluginManager: Loaded Plugin MessagingDebugger, From C:/Program Files/Epic Games/4.14/Engine/Plugins/Messaging/MessagingDebugger/MessagingDebugger.uplugin
LogPluginManager: Loaded Plugin TcpMessaging, From C:/Program Files/Epic Games/4.14/Engine/Plugins/Messaging/TcpMessaging/TcpMessaging.uplugin
LogPluginManager: Loaded Plugin UdpMessaging, From C:/Program Files/Epic Games/4.14/Engine/Plugins/Messaging/UdpMessaging/UdpMessaging.uplugin
LogPluginManager: Loaded Plugin LevelSequenceEditor, From C:/Program Files/Epic Games/4.14/Engine/Plugins/MovieScene/LevelSequenceEditor/LevelSequenceEditor.uplugin
LogPluginManager: Loaded Plugin MatineeToLevelSequence, From C:/Program Files/Epic Games/4.14/Engine/Plugins/MovieScene/MatineeToLevelSequence/MatineeToLevelSequence.uplugin
LogPluginManager: Loaded Plugin NetcodeUnitTest, From C:/Program Files/Epic Games/4.14/Engine/Plugins/NetcodeUnitTest/NetcodeUnitTest/NetcodeUnitTest.uplugin
LogPluginManager: Loaded Plugin NUTUnrealEngine4, From C:/Program Files/Epic Games/4.14/Engine/Plugins/NetcodeUnitTest/NUTUnrealEngine4/NUTUnrealEngine4.uplugin
LogPluginManager: Loaded Plugin OnlineSubsystemGameCircle, From C:/Program Files/Epic Games/4.14/Engine/Plugins/Online/Android/OnlineSubsystemGameCircle/OnlineSubsystemGameCircle.uplugin
LogPluginManager: Loaded Plugin OnlineSubsystemGooglePlay, From C:/Program Files/Epic Games/4.14/Engine/Plugins/Online/Android/OnlineSubsystemGooglePlay/OnlineSubsystemGooglePlay.uplugin
LogPluginManager: Loaded Plugin OnlineSubsystemIOS, From C:/Program Files/Epic Games/4.14/Engine/Plugins/Online/IOS/OnlineSubsystemIOS/OnlineSubsystemIOS.uplugin
LogPluginManager: Loaded Plugin OnlineFramework, From C:/Program Files/Epic Games/4.14/Engine/Plugins/Online/OnlineFramework/OnlineFramework.uplugin
LogPluginManager: Loaded Plugin OnlineSubsystem, From C:/Program Files/Epic Games/4.14/Engine/Plugins/Online/OnlineSubsystem/OnlineSubsystem.uplugin
LogPluginManager: Loaded Plugin OnlineSubsystemAmazon, From C:/Program Files/Epic Games/4.14/Engine/Plugins/Online/OnlineSubsystemAmazon/OnlineSubsystemAmazon.uplugin
LogPluginManager: Loaded Plugin OnlineSubsystemFacebook, From C:/Program Files/Epic Games/4.14/Engine/Plugins/Online/OnlineSubsystemFacebook/OnlineSubsystemFacebook.uplugin
LogPluginManager: Loaded Plugin OnlineSubsystemNull, From C:/Program Files/Epic Games/4.14/Engine/Plugins/Online/OnlineSubsystemNull/OnlineSubsystemNull.uplugin
LogPluginManager: Loaded Plugin OnlineSubsystemOculus, From C:/Program Files/Epic Games/4.14/Engine/Plugins/Online/OnlineSubsystemOculus/OnlineSubsystemOculus.uplugin
LogPluginManager: Loaded Plugin OnlineSubsystemSteam, From C:/Program Files/Epic Games/4.14/Engine/Plugins/Online/OnlineSubsystemSteam/OnlineSubsystemSteam.uplugin
LogPluginManager: Loaded Plugin OnlineSubsystemUtils, From C:/Program Files/Epic Games/4.14/Engine/Plugins/Online/OnlineSubsystemUtils/OnlineSubsystemUtils.uplugin
LogPluginManager: Loaded Plugin IOSTapJoy, From C:/Program Files/Epic Games/4.14/Engine/Plugins/Runtime/Advertising/IOSTapJoy/IOSTapJoy.uplugin
LogPluginManager: Loaded Plugin AnalyticsBlueprintLibrary, From C:/Program Files/Epic Games/4.14/Engine/Plugins/Runtime/Analytics/AnalyticsBlueprintLibrary/AnalyticsBlueprintLibrary.uplugin
LogPluginManager: Loaded Plugin AnalyticsMulticast, From C:/Program Files/Epic Games/4.14/Engine/Plugins/Runtime/Analytics/AnalyticsMulticast/AnalyticsMulticast.uplugin
LogPluginManager: Loaded Plugin Apsalar, From C:/Program Files/Epic Games/4.14/Engine/Plugins/Runtime/Analytics/Apsalar/Apsalar.uplugin
LogPluginManager: Loaded Plugin FileLogging, From C:/Program Files/Epic Games/4.14/Engine/Plugins/Runtime/Analytics/FileLogging/FileLogging.uplugin
LogPluginManager: Loaded Plugin Flurry, From C:/Program Files/Epic Games/4.14/Engine/Plugins/Runtime/Analytics/Flurry/Flurry.uplugin
LogPluginManager: Loaded Plugin AndroidDeviceProfileSelector, From C:/Program Files/Epic Games/4.14/Engine/Plugins/Runtime/AndroidDeviceProfileSelector/AndroidDeviceProfileSelector.uplugin
LogPluginManager: Loaded Plugin AndroidMoviePlayer, From C:/Program Files/Epic Games/4.14/Engine/Plugins/Runtime/AndroidMoviePlayer/AndroidMoviePlayer.uplugin
LogPluginManager: Loaded Plugin AppleMoviePlayer, From C:/Program Files/Epic Games/4.14/Engine/Plugins/Runtime/AppleMoviePlayer/AppleMoviePlayer.uplugin
LogPluginManager: Loaded Plugin ArchVisCharacter, From C:/Program Files/Epic Games/4.14/Engine/Plugins/Runtime/ArchVisCharacter/ArchVisCharacter.uplugin
LogPluginManager: Loaded Plugin CableComponent, From C:/Program Files/Epic Games/4.14/Engine/Plugins/Runtime/CableComponent/CableComponent.uplugin
LogPluginManager: Loaded Plugin CustomMeshComponent, From C:/Program Files/Epic Games/4.14/Engine/Plugins/Runtime/CustomMeshComponent/CustomMeshComponent.uplugin
LogPluginManager: Loaded Plugin ExampleDeviceProfileSelector, From C:/Program Files/Epic Games/4.14/Engine/Plugins/Runtime/ExampleDeviceProfileSelector/ExampleDeviceProfileSelector.uplugin
LogPluginManager: Loaded Plugin GearVR, From C:/Program Files/Epic Games/4.14/Engine/Plugins/Runtime/GearVR/GearVR.uplugin
LogPluginManager: Loaded Plugin GoogleVRController, From C:/Program Files/Epic Games/4.14/Engine/Plugins/Runtime/GoogleVR/GoogleVRController/GoogleVRController.uplugin
LogPluginManager: Loaded Plugin GoogleVRHMD, From C:/Program Files/Epic Games/4.14/Engine/Plugins/Runtime/GoogleVR/GoogleVRHMD/GoogleVRHMD.uplugin
LogPluginManager: Loaded Plugin IOSDeviceProfileSelector, From C:/Program Files/Epic Games/4.14/Engine/Plugins/Runtime/IOSDeviceProfileSelector/IOSDeviceProfileSelector.uplugin
LogPluginManager: Loaded Plugin LeapMotion, From C:/Program Files/Epic Games/4.14/Engine/Plugins/Runtime/LeapMotion/LeapMotion.uplugin
LogPluginManager: Loaded Plugin LinuxDeviceProfileSelector, From C:/Program Files/Epic Games/4.14/Engine/Plugins/Runtime/LinuxDeviceProfileSelector/LinuxDeviceProfileSelector.uplugin
LogPluginManager: Loaded Plugin MIDIDevice, From C:/Program Files/Epic Games/4.14/Engine/Plugins/Runtime/MIDIDevice/MIDIDevice.uplugin
LogPluginManager: Loaded Plugin MobilePatchingUtils, From C:/Program Files/Epic Games/4.14/Engine/Plugins/Runtime/MobilePatchingUtils/MobilePatchingUtils.uplugin
LogPluginManager: Loaded Plugin Ansel, From C:/Program Files/Epic Games/4.14/Engine/Plugins/Runtime/Nvidia/Ansel/Ansel.uplugin
LogPluginManager: Loaded Plugin OculusAudio, From C:/Program Files/Epic Games/4.14/Engine/Plugins/Runtime/OculusAudio/OculusAudio.uplugin
LogPluginManager: Loaded Plugin OculusInput, From C:/Program Files/Epic Games/4.14/Engine/Plugins/Runtime/OculusInput/OculusInput.uplugin
LogPluginManager: Loaded Plugin OculusLibrary, From C:/Program Files/Epic Games/4.14/Engine/Plugins/Runtime/OculusLibrary/OculusLibrary.uplugin
LogPluginManager: Loaded Plugin OculusRift, From C:/Program Files/Epic Games/4.14/Engine/Plugins/Runtime/OculusRift/OculusRift.uplugin
LogPluginManager: Loaded Plugin Oodle, From C:/Program Files/Epic Games/4.14/Engine/Plugins/Runtime/PacketHandlers/CompressionComponents/Oodle/Oodle.uplugin
LogPluginManager: Loaded Plugin ProceduralMeshComponent, From C:/Program Files/Epic Games/4.14/Engine/Plugins/Runtime/ProceduralMeshComponent/ProceduralMeshComponent.uplugin
LogPluginManager: Loaded Plugin SoundMod, From C:/Program Files/Epic Games/4.14/Engine/Plugins/Runtime/SoundMod/SoundMod.uplugin
LogPluginManager: Loaded Plugin SoundVisualizations, From C:/Program Files/Epic Games/4.14/Engine/Plugins/Runtime/SoundVisualizations/SoundVisualizations.uplugin
LogPluginManager: Loaded Plugin SteamController, From C:/Program Files/Epic Games/4.14/Engine/Plugins/Runtime/Steam/SteamController/SteamController.uplugin
LogPluginManager: Loaded Plugin SteamVR, From C:/Program Files/Epic Games/4.14/Engine/Plugins/Runtime/Steam/SteamVR/SteamVR.uplugin
LogPluginManager: Loaded Plugin WebBrowserWidget, From C:/Program Files/Epic Games/4.14/Engine/Plugins/Runtime/WebBrowserWidget/WebBrowserWidget.uplugin
LogPluginManager: Loaded Plugin WindowsDeviceProfileSelector, From C:/Program Files/Epic Games/4.14/Engine/Plugins/Runtime/WindowsDeviceProfileSelector/WindowsDeviceProfileSelector.uplugin
LogPluginManager: Loaded Plugin WindowsMoviePlayer, From C:/Program Files/Epic Games/4.14/Engine/Plugins/Runtime/WindowsMoviePlayer/WindowsMoviePlayer.uplugin
LogPluginManager: Loaded Plugin ScriptPlugin, From C:/Program Files/Epic Games/4.14/Engine/Plugins/ScriptPlugin/ScriptPlugin.uplugin
LogPluginManager: Loaded Plugin SlateRemote, From C:/Program Files/Epic Games/4.14/Engine/Plugins/Slate/SlateRemote/SlateRemote.uplugin
LogPluginManager: Loaded Plugin EditorTests, From C:/Program Files/Epic Games/4.14/Engine/Plugins/Tests/EditorTests/EditorTests.uplugin
LogPluginManager: Loaded Plugin FbxAutomationTestBuilder, From C:/Program Files/Epic Games/4.14/Engine/Plugins/Tests/FbxAutomationTestBuilder/FbxAutomationTestBuilder.uplugin
LogPluginManager: Loaded Plugin FunctionalTestingEditor, From C:/Program Files/Epic Games/4.14/Engine/Plugins/Tests/FunctionalTestingEditor/FunctionalTestingEditor.uplugin
LogPluginManager: Loaded Plugin RuntimeTests, From C:/Program Files/Epic Games/4.14/Engine/Plugins/Tests/RuntimeTests/RuntimeTests.uplugin
LogPluginManager: Loaded Plugin ScreenshotTools, From C:/Program Files/Epic Games/4.14/Engine/Plugins/Tests/ScreenshotTools/ScreenshotTools.uplugin
LogInit: Using libcurl 7.47.1
LogInit:  - built for x86_64-pc-win32
LogInit:  - supports SSL with OpenSSL/1.0.2g
LogInit:  - supports HTTP deflate (compression) using libz 1.2.8
LogInit:  - other features:
LogInit:      CURL_VERSION_SSL
LogInit:      CURL_VERSION_LIBZ
LogInit:      CURL_VERSION_IPV6
LogInit:      CURL_VERSION_ASYNCHDNS
LogInit:      CURL_VERSION_LARGEFILE
LogInit:      CURL_VERSION_IDN
LogInit:  CurlRequestOptions (configurable via config and command line):
LogInit:  - bVerifyPeer = false  - Libcurl will NOT verify peer certificate
LogInit:  - bUseHttpProxy = false  - Libcurl will NOT use HTTP proxy
LogInit:  - bDontReuseConnections = false  - Libcurl will reuse connections
LogInit:  - CertBundlePath = nullptr  - Libcurl will use whatever was configured at build time.
LogInit: Build: ++UE4+Release-4.14-CL-3249277
LogInit: Engine Version: 4.14.3-3249277+++UE4+Release-4.14
LogInit: Compatible Engine Version: 4.14.0-3195953+++UE4+Release-4.14
LogInit: Net CL: 3195953
LogDevObjectVersion: Number of dev versions registered: 13
LogDevObjectVersion:   Dev-Blueprints (B0D832E4-1F89-4F0D-ACCF-7EB736FD4AA2): 7
LogDevObjectVersion:   Dev-Build (E1C64328-A22C-4D53-A36C-8E866417BD8C): 0
LogDevObjectVersion:   Dev-Core (375EC13C-06E4-48FB-B500-84F0262A717E): 1
LogDevObjectVersion:   Dev-Editor (E4B068ED-F494-42E9-A231-DA0B2E46BB41): 8
LogDevObjectVersion:   Dev-Framework (CFFC743F-43B0-4480-9391-14DF171D2073): 17
LogDevObjectVersion:   Dev-Mobile (B02B49B5-BB20-44E9-A304-32B752E40360): 0
LogDevObjectVersion:   Dev-Networking (A4E4105C-59A1-49B5-A7C5-40C4547EDFEE): 0
LogDevObjectVersion:   Dev-Online (39C831C9-5AE6-47DC-9A44-9C173E1C8E7C): 0
LogDevObjectVersion:   Dev-Physics (78F01B33-EBEA-4F98-B9B4-84EACCB95AA2): 0
LogDevObjectVersion:   Dev-Platform (6631380F-2D4D-43E0-8009-CF276956A95A): 0
LogDevObjectVersion:   Dev-Rendering (12F88B9F-8875-4AFC-A67C-D90C383ABD29): 12
LogDevObjectVersion:   Dev-Sequencer (7B5AE74C-D270-4C10-A958-57980B212A5A): 1
LogDevObjectVersion:   Dev-VR (D7296918-1DD6-4BDD-9DE2-64A83CC13884): 0
LogInit: Compiled (64-bit): Jan  6 2017 10:49:43
LogInit: Compiled with Visual C++: 19.00.23026.00
LogInit: Build Configuration: Development
LogInit: Branch Name: ++UE4+Release-4.14
LogInit: Command line:  /Temp/Autosaves/Game/ZTD_Blueprint/Maps/UEDPCMenu_Main -game -PIEVIACONSOLE -ResX=1280 -ResY=720  -Multiprocess -messaging -SessionName="Play in Standalone Game" -windowed 
LogInit: Base directory: C:/Program Files/Epic Games/4.14/Engine/Binaries/Win64/
LogInit: Installed Engine Build: 1
LogInit: Presizing for max 8388607 objects, including 0 objects not considered by GC, pre-allocating 0 bytes for permanent pool.
LogInit: Object subsystem initialized
[2017.04.18-16.24.57:399][  0]LogInit: Selected Device Profile: [Windows]
[2017.04.18-16.24.57:399][  0]LogInit: Applying CVar settings loaded from the selected device profile: [Windows]
[2017.04.18-16.24.57:404][  0]LogInit: Computer: ADVENTURE
[2017.04.18-16.24.57:404][  0]LogInit: User: bmc0149
[2017.04.18-16.24.57:404][  0]LogInit: CPU Page size=65536, Cores=6
[2017.04.18-16.24.57:404][  0]LogInit: High frequency timer resolution =3.126780 MHz
[2017.04.18-16.24.57:404][  0]LogMemory: Memory total: Physical=31.9GB (32GB approx)
[2017.04.18-16.24.57:404][  0]LogMemory: Platform Memory Stats for Windows
[2017.04.18-16.24.57:404][  0]LogMemory: Process Physical Memory: 263.11 MB used, 263.11 MB peak
[2017.04.18-16.24.57:404][  0]LogMemory: Process Virtual Memory: 265.63 MB used, 265.63 MB peak
[2017.04.18-16.24.57:404][  0]LogMemory: Physical Memory: 4915.25 MB used,  27787.75 MB free, 32703.00 MB total
[2017.04.18-16.24.57:404][  0]LogMemory: Virtual Memory: 663.80 MB used,  27787.75 MB free, 134217728.00 MB total
[2017.04.18-16.24.57:436][  0]LogTextLocalizationManager: No specific translations for ('en-US') exist, so ('en') translations will be used.
[2017.04.18-16.24.57:881][  0]LogD3D11RHI: D3D11 adapters:
[2017.04.18-16.24.57:905][  0]LogD3D11RHI:    0. 'NVIDIA GeForce GTX 660 Ti' (Feature Level 11_0)
[2017.04.18-16.24.57:905][  0]LogD3D11RHI:       1924/0/16351 MB DedicatedVideo/DedicatedSystem/SharedSystem, Outputs:2, VendorId:0x10de
[2017.04.18-16.24.57:906][  0]LogD3D11RHI:    1. 'Microsoft Basic Render Driver' (Feature Level 11_0)
[2017.04.18-16.24.57:906][  0]LogD3D11RHI:       0/0/256 MB DedicatedVideo/DedicatedSystem/SharedSystem, Outputs:0, VendorId:0x1414
[2017.04.18-16.24.57:906][  0]LogD3D11RHI: Chosen D3D11 Adapter: 0
[2017.04.18-16.24.57:909][  0]LogD3D11RHI: Creating new Direct3DDevice
[2017.04.18-16.24.57:909][  0]LogD3D11RHI:     GPU DeviceId: 0x1183 (for the marketing name, search the web for "GPU Device Id")
[2017.04.18-16.24.57:909][  0]LogWindows: EnumDisplayDevices:
[2017.04.18-16.24.57:909][  0]LogWindows:    0. 'NVIDIA GeForce GTX 660 Ti' (P:1 D:1)
[2017.04.18-16.24.57:910][  0]LogWindows:    1. 'NVIDIA GeForce GTX 660 Ti' (P:0 D:1)
[2017.04.18-16.24.57:910][  0]LogWindows:    2. 'NVIDIA GeForce GTX 660 Ti' (P:0 D:0)
[2017.04.18-16.24.57:910][  0]LogWindows:    3. 'NVIDIA GeForce GTX 660 Ti' (P:0 D:0)
[2017.04.18-16.24.57:910][  0]LogWindows: DebugString: FoundDriverCount:4 
[2017.04.18-16.24.57:910][  0]LogD3D11RHI:     Adapter Name: NVIDIA GeForce GTX 660 Ti
[2017.04.18-16.24.57:910][  0]LogD3D11RHI:   Driver Version: 381.65 (internal:22.21.13.8165, unified:381.65)
[2017.04.18-16.24.57:910][  0]LogD3D11RHI:      Driver Date: 3-31-2017
[2017.04.18-16.24.57:910][  0]LogRHI: Texture pool is 1347 MB (70% of 1924 MB)
[2017.04.18-16.24.57:922][  0]LogD3D11RHI:Warning: Timestamp queries are currently disabled on this hardware due to instability. Realtime GPU stats will not be available. You can override this behaviour by setting r.NVIDIATimestampWorkaround to 0
[2017.04.18-16.24.57:922][  0]LogD3D11RHI: Async texture creation enabled
[2017.04.18-16.24.57:939][  0]LogD3D11RHI: GPU Timing Frequency: 1000.000000 (Debug: 2 2)
[2017.04.18-16.24.57:940][  0]LogShaderCompilers: Guid format shader working directory is -32 characters bigger than the processId version (../../../../../../Users/bmc0149/Desktop/Zombie_Tower_Defense/Zombie_TowerDefense/Intermediate/Shaders/WorkingDirectory/2264/).
[2017.04.18-16.24.57:940][  0]LogShaderCompilers: Cleaned the shader compiler working directory 'C:/Users/bmc0149/AppData/Local/Temp/UnrealShaderWorkingDir/C7F4D5EF4FD53EA778C215A1A3E2DD4B/'.
[2017.04.18-16.24.57:940][  0]LogShaderCompilers:Display: Using Local Shader Compiler.
[2017.04.18-16.24.59:119][  0]LogTemp:Display: Loaded TP WindowsClientTargetPlatform
[2017.04.18-16.24.59:186][  0]LogTemp:Display: Loaded TP WindowsNoEditorTargetPlatform
[2017.04.18-16.24.59:254][  0]LogTemp:Display: Loaded TP WindowsServerTargetPlatform
[2017.04.18-16.24.59:310][  0]LogTemp:Display: Loaded TP WindowsTargetPlatform
[2017.04.18-16.24.59:310][  0]LogTargetPlatformManager:Display: Building Assets For Windows
[2017.04.18-16.24.59:788][  0]LogDerivedDataCache:Display: Max Cache Size: 512 MB
[2017.04.18-16.24.59:842][  0]LogDerivedDataCache: Loaded boot cache 0.05s 50MB C:/Users/bmc0149/AppData/Local/UnrealEngine/4.14/DerivedDataCache/Boot.ddc.
[2017.04.18-16.24.59:842][  0]LogDerivedDataCache:Display: Loaded Boot cache: C:/Users/bmc0149/AppData/Local/UnrealEngine/4.14/DerivedDataCache/Boot.ddc
[2017.04.18-16.24.59:842][  0]LogDerivedDataCache: FDerivedDataBackendGraph:  Pak pak cache file ../../../../../../Users/bmc0149/Desktop/Zombie_Tower_Defense/Zombie_TowerDefense/DerivedDataCache/DDC.ddp not found, will not use a pak cache.
[2017.04.18-16.24.59:842][  0]LogDerivedDataCache: Unable to find inner node Pak for hierarchical cache Hierarchy.
[2017.04.18-16.24.59:842][  0]LogDerivedDataCache: FDerivedDataBackendGraph:  CompressedPak pak cache file ../../../../../../Users/bmc0149/Desktop/Zombie_Tower_Defense/Zombie_TowerDefense/DerivedDataCache/Compressed.ddp not found, will not use a pak cache.
[2017.04.18-16.24.59:842][  0]LogDerivedDataCache: Unable to find inner node CompressedPak for hierarchical cache Hierarchy.
[2017.04.18-16.24.59:861][  0]LogDerivedDataCache:Display: Pak cache opened for reading ../../../Engine/DerivedDataCache/Compressed.ddp.
[2017.04.18-16.24.59:873][  0]LogDerivedDataCache: Using Local data cache path C:/Users/bmc0149/AppData/Local/UnrealEngine/Common/DerivedDataCache: Writable
[2017.04.18-16.25.00:147][  0]LogAssetRegistry: FAssetRegistry took 0.0001 seconds to start up
[2017.04.18-16.25.00:152][  0]LogPackageLocalizationCache: Processed 3 localized package path(s) for 2 prioritized culture(s) in 0.005533 seconds
[2017.04.18-16.25.00:175][  0]LogInit: Selected Device Profile: [Windows]
[2017.04.18-16.25.00:177][  0]LogContentStreaming: Texture pool size is 1000.00 MB
[2017.04.18-16.25.00:416][  0]LogMeshUtilities: Using QuadricMeshReduction for automatic static mesh reduction
[2017.04.18-16.25.00:468][  0]LogSimplygon: Simplygon DLL not present - disabling.
[2017.04.18-16.25.00:527][  0]LogMeshUtilities: Using SimplygonSwarm for distributed automatic mesh merging
[2017.04.18-16.25.00:527][  0]LogMeshUtilities: No automatic skeletal mesh reduction module available
[2017.04.18-16.25.00:527][  0]LogMeshUtilities: No automatic mesh merging module available
[2017.04.18-16.25.01:015][  0]LogNetVersion: GetLocalNetworkVersion: CL: 3195953, ProjectName: zombie_tower_defense, ProjectVersion: , EngineNetworkVersion: 2, GameNetworkVersion: 0, NetworkChecksum: 2528811943
[2017.04.18-16.25.01:097][  0]LogInit: WinSock: version 1.1 (2.2), MaxSocks=32767, MaxUdp=65467
[2017.04.18-16.25.01:989][  0]LogSlate: Using Freetype 2.6.0
[2017.04.18-16.25.01:989][  0]LogSlate: SlateFontCache - WITH_FREETYPE: 1, WITH_HARFBUZZ: 1
[2017.04.18-16.25.01:989][  0]LogSlate: SlateFontCache - WITH_FREETYPE: 1, WITH_HARFBUZZ: 1
[2017.04.18-16.25.02:141][  0]LogMoviePlayer: Initializing movie player
[2017.04.18-16.25.02:259][  0]LogWindowsMoviePlayer: Unable to load movie: ../../../../../../Users/bmc0149/Desktop/Zombie_Tower_Defense/Zombie_TowerDefense/Content/Movies/Default_Startup.mp4
[2017.04.18-16.25.02:463][  0]LogTcpMessaging: Initializing TcpMessaging bridge
[2017.04.18-16.25.02:509][  0]LogUdpMessaging: Initializing bridge on interface 0.0.0.0:0 to multicast group 230.0.0.1:6666.
[2017.04.18-16.25.02:672][  0]SourceControl: Info Source control is disabled
[2017.04.18-16.25.02:672][  0]SourceControl: Info Source control is disabled
[2017.04.18-16.25.02:733][  0]SourceControl: Info Source control is disabled
[2017.04.18-16.25.03:597][  0]LogUObjectArray: 33497 objects as part of root set at end of initial load.
[2017.04.18-16.25.03:597][  0]LogUObjectAllocator: 7418008 out of 0 bytes used by permanent object pool.
[2017.04.18-16.25.03:597][  0]LogUObjectArray: CloseDisregardForGC: 0/0 objects in disregard for GC pool
[2017.04.18-16.25.03:716][  0]LogEngine: Initializing Engine...
[2017.04.18-16.25.03:716][  0]LogHMD: Failed to initialize OpenVR with code 110
[2017.04.18-16.25.03:853][  0]LogInit: XAudio2 using 'Speakers (High Definition Audio Device)' : 2 channels at 44.1 kHz using 16 bits per sample (channel mask 0x3)
[2017.04.18-16.25.03:878][  0]LogInit: FAudioDevice initialized.
[2017.04.18-16.25.03:917][  0]LogInit: Texture streaming: Enabled
[2017.04.18-16.25.03:942][  0]LogMaterial: Uniform references updated for custom material expression Custom.
[2017.04.18-16.25.04:407][  0]LogInit:Display: Game Engine Initialized.
[2017.04.18-16.25.04:604][  0]LogInit:Display: Starting Game.
[2017.04.18-16.25.04:604][  0]LogNet: Browse: /Temp/Autosaves/Game/ZTD_Blueprint/Maps/UEDPCMenu_Main?Name=Player
[2017.04.18-16.25.04:604][  0]LogLoad: LoadMap: /Temp/Autosaves/Game/ZTD_Blueprint/Maps/UEDPCMenu_Main?Name=Player
[2017.04.18-16.25.04:619][  0]LogMemory: Platform Memory Stats for Windows
[2017.04.18-16.25.04:619][  0]LogMemory: Process Physical Memory: 615.86 MB used, 662.83 MB peak
[2017.04.18-16.25.04:619][  0]LogMemory: Process Virtual Memory: 686.05 MB used, 691.37 MB peak
[2017.04.18-16.25.04:619][  0]LogMemory: Physical Memory: 5237.66 MB used,  27465.34 MB free, 32703.00 MB total
[2017.04.18-16.25.04:619][  0]LogMemory: Virtual Memory: 1298.30 MB used,  27465.34 MB free, 134217728.00 MB total
[2017.04.18-16.25.04:619][  0]LogMemory: 
[2017.04.18-16.25.04:619][  0]Allocator Stats for TBB: (not implemented)
[2017.04.18-16.25.05:261][  0]LogAIModule: Creating AISystem for world Menu_Main
[2017.04.18-16.25.05:261][  0]LogLoad: Game class is 'ZTD_MainMenu_Mode_C'
[2017.04.18-16.25.05:263][  0]LogWorld: Bringing World /Temp/Autosaves/Game/ZTD_Blueprint/Maps/UEDPCMenu_Main.Menu_Main up for play (max tick rate 0) at 2017.04.18-11.25.05
[2017.04.18-16.25.05:263][  0]LogWorld: Bringing up level for play took: 0.000777
[2017.04.18-16.25.05:265][  0]t.MaxFPS = "62"
[2017.04.18-16.25.05:266][  0]LogLoad: Took 0.662300 seconds to LoadMap(/Temp/Autosaves/Game/ZTD_Blueprint/Maps/UEDPCMenu_Main)
[2017.04.18-16.25.05:644][  0]LogLoad: (Engine Initialization) Total time: 10.10 seconds
[2017.04.18-16.25.05:644][  0]LogLoad: (Engine Initialization) Total Blueprint compile time: 0.29 seconds
[2017.04.18-16.25.05:644][  0]LogExternalProfiler: Found external profiler: VSPerf
[2017.04.18-16.25.05:644][  0]LogExternalProfiler: Using external profiler: VSPerf
[2017.04.18-16.25.05:661][  0]LogOcInput: OculusInput pre-init called
[2017.04.18-16.25.05:773][  2]LogRenderer: Reallocating scene render targets to support 1280x720 NumSamples 1 (Frame:2).
[2017.04.18-16.25.08:437][144]LogPackageName: SearchForPackageOnDisk took   0.103s to resolve Protomap.umap.
[2017.04.18-16.25.08:540][144]LogPackageName: SearchForPackageOnDisk took   0.102s to resolve Protomap.umap.
[2017.04.18-16.25.08:540][144]LogNet: Browse: /Game/ZTD_Blueprint/Maps/Protomap
[2017.04.18-16.25.08:540][144]LogLoad: LoadMap: /Game/ZTD_Blueprint/Maps/Protomap
[2017.04.18-16.25.08:584][144]LogMemory: Platform Memory Stats for Windows
[2017.04.18-16.25.08:584][144]LogMemory: Process Physical Memory: 694.05 MB used, 699.44 MB peak
[2017.04.18-16.25.08:584][144]LogMemory: Process Virtual Memory: 877.51 MB used, 891.48 MB peak
[2017.04.18-16.25.08:584][144]LogMemory: Physical Memory: 5305.47 MB used,  27397.52 MB free, 32703.00 MB total
[2017.04.18-16.25.08:584][144]LogMemory: Virtual Memory: 1489.80 MB used,  27397.52 MB free, 134217728.00 MB total
[2017.04.18-16.25.08:584][144]LogMemory: 
[2017.04.18-16.25.08:584][144]Allocator Stats for TBB: (not implemented)
[2017.04.18-16.25.09:571][144]LogAIModule: Creating AISystem for world Protomap
[2017.04.18-16.25.09:571][144]LogLoad: Game class is 'ZTD_GameMode_C'
[2017.04.18-16.25.09:640][144]LogWorld: Bringing World /Game/ZTD_Blueprint/Maps/Protomap.Protomap up for play (max tick rate 62) at 2017.04.18-11.25.09
[2017.04.18-16.25.09:641][144]LogWorld: Bringing up level for play took: 0.067891
[2017.04.18-16.25.09:676][144]LogLoad: Took 1.136255 seconds to LoadMap(/Game/ZTD_Blueprint/Maps/Protomap)
[2017.04.18-16.25.09:687][145]LogCharacterMovement:Warning: GetSimulationTimeStep() - Max iterations 8 hit while remaining time 0.089333 > MaxSimulationTimeStep (0.050) for 'Player_Character_C_0', movement 'Walking'
[2017.04.18-16.25.23:122][723]LogBlueprintUserMessages: [ZTD_GameMode_C_0] SpawningZombie
[2017.04.18-16.25.24:147][759]LogBlueprintUserMessages: [ZTD_GameMode_C_0] SpawningZombie
[2017.04.18-16.25.25:166][795]LogBlueprintUserMessages: [ZTD_GameMode_C_0] SpawningZombie
[2017.04.18-16.25.51:333][855]LogBlueprintUserMessages: [Player_Controller_C_0] Assault Rifle Selected!
[2017.04.18-16.26.01:220][206]LogBlueprintUserMessages: [Player_Controller_C_0] Sniper Rifle Selected!
[2017.04.18-16.26.05:671][364]LogBlueprintUserMessages: [ZTD_GameMode_C_0] SpawningZombie
[2017.04.18-16.26.06:688][400]LogBlueprintUserMessages: [ZTD_GameMode_C_0] SpawningZombie
[2017.04.18-16.26.07:701][436]LogBlueprintUserMessages: [ZTD_GameMode_C_0] SpawningZombie
[2017.04.18-16.26.17:951][824]LogLongPackageNames:Warning: URL: Main menu: Name may not contain the following characters:  
[2017.04.18-16.26.17:952][824]LogLongPackageNames:Warning: URL: Main menu: Name may not contain the following characters:  
[2017.04.18-16.26.17:952][824]LogNet: Browse: /Game/ZTD_Blueprint/Maps/Menu_Main
[2017.04.18-16.26.17:952][824]LogNet:Warning: Travel Failure: [InvalidURL]: Invalid URL: /Game/ZTD_Blueprint/Maps/Menu_Main
[2017.04.18-16.26.17:952][824]LogNet: TravelFailure: InvalidURL, Reason for Failure: 'Invalid URL: /Game/ZTD_Blueprint/Maps/Menu_Main'
[2017.04.18-16.26.17:965][824]LogNet:Warning: Travel Failure: [ClientTravelFailure]: Invalid URL: /Game/ZTD_Blueprint/Maps/Menu_Main
[2017.04.18-16.26.17:965][824]LogNet: TravelFailure: ClientTravelFailure, Reason for Failure: 'Invalid URL: /Game/ZTD_Blueprint/Maps/Menu_Main'
[2017.04.18-16.26.17:980][825]LogNet: Browse: /Game/ZTD_Blueprint/Maps/Menu_Main?closed
[2017.04.18-16.26.17:980][825]LogNet: Failed; returning to Entry
[2017.04.18-16.26.18:051][825]LogLoad: LoadMap: /Game/ZTD_Blueprint/Maps/Menu_Main?closed
[2017.04.18-16.26.18:103][825]LogMemory: Platform Memory Stats for Windows
[2017.04.18-16.26.18:103][825]LogMemory: Process Physical Memory: 228.39 MB used, 818.28 MB peak
[2017.04.18-16.26.18:103][825]LogMemory: Process Virtual Memory: 1088.55 MB used, 1133.32 MB peak
[2017.04.18-16.26.18:103][825]LogMemory: Physical Memory: 5168.36 MB used,  27534.63 MB free, 32703.00 MB total
[2017.04.18-16.26.18:103][825]LogMemory: Virtual Memory: 1680.08 MB used,  27534.63 MB free, 134217728.00 MB total
[2017.04.18-16.26.18:103][825]LogMemory: 
[2017.04.18-16.26.18:103][825]Allocator Stats for TBB: (not implemented)
[2017.04.18-16.26.18:603][825]LogAIModule: Creating AISystem for world Menu_Main
[2017.04.18-16.26.18:603][825]LogLoad: Game class is 'ZTD_MainMenu_Mode_C'
[2017.04.18-16.26.18:605][825]LogWorld: Bringing World /Game/ZTD_Blueprint/Maps/Menu_Main.Menu_Main up for play (max tick rate 62) at 2017.04.18-11.26.18
[2017.04.18-16.26.18:605][825]LogWorld: Bringing up level for play took: 0.000694
[2017.04.18-16.26.18:606][825]LogGameMode: Warning - PATHS NOT DEFINED or NO PLAYERSTART with positive rating
[2017.04.18-16.26.18:607][825]t.MaxFPS = "62"
[2017.04.18-16.26.18:608][825]LogLoad: Took 0.557114 seconds to LoadMap(/Game/ZTD_Blueprint/Maps/Menu_Main)
[2017.04.18-16.26.19:688][892]Closing by request
[2017.04.18-16.26.19:688][892]LogWindows: FPlatformMisc::RequestExit(0)
[2017.04.18-16.26.19:689][893]LogMoviePlayer: Shutting down movie player
[2017.04.18-16.26.19:752][893]LogWindowsTextInputMethodSystem:Display: IME system now deactivated.
[2017.04.18-16.26.19:753][893]LogWindowsTextInputMethodSystem:Display: IME system now deactivated.
[2017.04.18-16.26.19:754][893]LogExit: Preparing to exit.
[2017.04.18-16.26.20:670][893]LogExit: Game engine shut down
[2017.04.18-16.26.20:844][893]LogObj: Freed 0b from 0 cluster array pools.
[2017.04.18-16.26.20:844][893]LogExit: Object subsystem successfully closed.
[2017.04.18-16.26.20:877][893]LogD3D11RHI: Shutdown
[2017.04.18-16.26.20:877][893]LogD3D11RHI: CleanupD3DDevice
[2017.04.18-16.26.20:933][893]LogD3D11RHI: ~FD3D11DynamicRHI
[2017.04.18-16.26.20:988][893]LogModuleManager: Shutting down and abandoning module SequenceRecorderSections (125)
[2017.04.18-16.26.21:001][893]LogModuleManager: Shutting down and abandoning module SequenceRecorder (124)
[2017.04.18-16.26.21:001][893]LogModuleManager: Shutting down and abandoning module AutomationController (123)
[2017.04.18-16.26.21:001][893]LogModuleManager: Shutting down and abandoning module AutomationWorker (122)
[2017.04.18-16.26.21:001][893]LogModuleManager: Shutting down and abandoning module GameplayDebugger (121)
[2017.04.18-16.26.21:001][893]LogModuleManager: Shutting down and abandoning module AITestSuite (120)
[2017.04.18-16.26.21:001][893]LogModuleManager: Shutting down and abandoning module AIModule (119)
[2017.04.18-16.26.21:001][893]LogModuleManager: Shutting down and abandoning module WmfMediaFactory (118)
[2017.04.18-16.26.21:001][893]LogModuleManager: Shutting down and abandoning module AvfMediaFactory (117)
[2017.04.18-16.26.21:001][893]LogModuleManager: Shutting down and abandoning module Media (116)
[2017.04.18-16.26.21:001][893]LogModuleManager: Shutting down and abandoning module AndroidMediaFactory (115)
[2017.04.18-16.26.21:001][893]LogModuleManager: Shutting down and abandoning module CharacterAI (114)
[2017.04.18-16.26.21:001][893]LogModuleManager: Shutting down and abandoning module SessionServices (113)
[2017.04.18-16.26.21:001][893]LogModuleManager: Shutting down and abandoning module MovieSceneCapture (112)
[2017.04.18-16.26.21:001][893]LogModuleManager: Shutting down and abandoning module GeometryCacheEd (111)
[2017.04.18-16.26.21:001][893]LogModuleManager: Shutting down and abandoning module GeometryCache (110)
[2017.04.18-16.26.21:001][893]LogModuleManager: Shutting down and abandoning module Niagara (109)
[2017.04.18-16.26.21:001][893]LogModuleManager: Shutting down and abandoning module StreamingPauseRendering (108)
[2017.04.18-16.26.21:001][893]LogModuleManager: Shutting down and abandoning module PortalServices (107)
[2017.04.18-16.26.21:001][893]LogModuleManager: Shutting down and abandoning module PortalRpc (106)
[2017.04.18-16.26.21:001][893]LogModuleManager: Shutting down and abandoning module MessagingRpc (105)
[2017.04.18-16.26.21:001][893]LogModuleManager: Shutting down and abandoning module ProfilerService (104)
[2017.04.18-16.26.21:032][893]LogModuleManager: Shutting down and abandoning module TaskGraph (103)
[2017.04.18-16.26.21:032][893]LogModuleManager: Shutting down and abandoning module SlateRemote (102)
[2017.04.18-16.26.21:032][893]LogModuleManager: Shutting down and abandoning module SteamVRController (101)
[2017.04.18-16.26.21:032][893]LogModuleManager: Shutting down and abandoning module SteamVR (100)
[2017.04.18-16.26.21:032][893]LogModuleManager: Shutting down and abandoning module ProceduralMeshComponent (99)
[2017.04.18-16.26.21:032][893]LogModuleManager: Shutting down and abandoning module OculusLibrary (98)
[2017.04.18-16.26.21:032][893]LogModuleManager: Shutting down and abandoning module OculusInput (97)
[2017.04.18-16.26.21:032][893]LogModuleManager: Shutting down and abandoning module MobilePatchingUtils (96)
[2017.04.18-16.26.21:032][893]LogModuleManager: Shutting down and abandoning module CustomMeshComponent (95)
[2017.04.18-16.26.21:032][893]LogModuleManager: Shutting down and abandoning module CableComponent (94)
[2017.04.18-16.26.21:032][893]LogModuleManager: Shutting down and abandoning module ArchVisCharacter (93)
[2017.04.18-16.26.21:032][893]LogModuleManager: Shutting down and abandoning module HTML5Networking (91)
[2017.04.18-16.26.21:032][893]LogModuleManager: Shutting down and abandoning module DesktopPlatform (90)
[2017.04.18-16.26.21:032][893]LogModuleManager: Shutting down and abandoning module DirectoryWatcher (89)
[2017.04.18-16.26.21:032][893]LogModuleManager: Shutting down and abandoning module HotReload (88)
[2017.04.18-16.26.21:032][893]LogModuleManager: Shutting down and abandoning module VisualStudioSourceCodeAccess (87)
[2017.04.18-16.26.21:032][893]LogModuleManager: Shutting down and abandoning module UObjectPlugin (86)
[2017.04.18-16.26.21:032][893]LogModuleManager: Shutting down and abandoning module SubversionSourceControl (85)
[2017.04.18-16.26.21:032][893]LogModuleManager: Shutting down and abandoning module SourceControl (84)
[2017.04.18-16.26.21:032][893]LogModuleManager: Shutting down and abandoning module PerforceSourceControl (83)
[2017.04.18-16.26.21:032][893]LogModuleManager: Shutting down and abandoning module UdpMessaging (82)
[2017.04.18-16.26.21:133][893]LogModuleManager: Shutting down and abandoning module TcpMessaging (81)
[2017.04.18-16.26.21:234][893]LogModuleManager: Shutting down and abandoning module LightPropagationVolumeRuntime (80)
[2017.04.18-16.26.21:234][893]LogModuleManager: Shutting down and abandoning module Paper2D (79)
[2017.04.18-16.26.21:234][893]LogModuleManager: Shutting down and abandoning module WindowsMoviePlayer (78)
[2017.04.18-16.26.21:234][893]LogModuleManager: Shutting down and abandoning module WmfMedia (77)
[2017.04.18-16.26.21:234][893]LogModuleManager: Shutting down and abandoning module MediaAssets (76)
[2017.04.18-16.26.21:234][893]LogModuleManager: Shutting down and abandoning module GameLiveStreaming (75)
[2017.04.18-16.26.21:234][893]LogModuleManager: Shutting down and abandoning module GameplayTagsEditor (74)
[2017.04.18-16.26.21:234][893]LogModuleManager: Shutting down and abandoning module VREditor (73)
[2017.04.18-16.26.21:234][893]LogModuleManager: Shutting down and abandoning module GameplayTasksEditor (72)
[2017.04.18-16.26.21:234][893]LogModuleManager: Shutting down and abandoning module BehaviorTreeEditor (71)
[2017.04.18-16.26.21:234][893]LogModuleManager: Shutting down and abandoning module FunctionalTesting (70)
[2017.04.18-16.26.21:234][893]LogModuleManager: Shutting down and abandoning module CollisionAnalyzer (69)
[2017.04.18-16.26.21:234][893]LogModuleManager: Shutting down and abandoning module Sequencer (68)
[2017.04.18-16.26.21:249][893]LogModuleManager: Shutting down and abandoning module WorkspaceMenuStructure (67)
[2017.04.18-16.26.21:249][893]LogModuleManager: Shutting down and abandoning module MessageLog (66)
[2017.04.18-16.26.21:249][893]LogModuleManager: Shutting down and abandoning module AssetTools (65)
[2017.04.18-16.26.21:269][893]LogModuleManager: Shutting down and abandoning module UMGEditor (64)
[2017.04.18-16.26.21:269][893]LogModuleManager: Shutting down and abandoning module UMG (63)
[2017.04.18-16.26.21:269][893]LogModuleManager: Shutting down and abandoning module SlateReflector (62)
[2017.04.18-16.26.21:280][893]LogModuleManager: Shutting down and abandoning module Slate (61)
[2017.04.18-16.26.21:280][893]LogModuleManager: Shutting down and abandoning module EditorStyle (60)
[2017.04.18-16.26.21:282][893]LogModuleManager: Shutting down and abandoning module Messaging (59)
[2017.04.18-16.26.21:282][893]LogModuleManager: Shutting down and abandoning module SourceCodeAccess (58)
[2017.04.18-16.26.21:282][893]LogModuleManager: Shutting down and abandoning module HeadMountedDisplay (57)
[2017.04.18-16.26.21:282][893]LogModuleManager: Shutting down and abandoning module XAudio2 (56)
[2017.04.18-16.26.21:282][893]LogModuleManager: Shutting down and abandoning module Networking (54)
[2017.04.18-16.26.21:282][893]LogModuleManager: Shutting down and abandoning module Core (53)
[2017.04.18-16.26.21:282][893]LogModuleManager: Shutting down and abandoning module KismetCompiler (52)
[2017.04.18-16.26.21:282][893]LogModuleManager: Shutting down and abandoning module PhysXFormats (51)
[2017.04.18-16.26.21:282][893]LogModuleManager: Shutting down and abandoning module SimplygonSwarm (50)
[2017.04.18-16.26.21:282][893]LogModuleManager: Shutting down and abandoning module SimplygonMeshReduction (49)
[2017.04.18-16.26.21:282][893]LogModuleManager: Shutting down and abandoning module QuadricMeshReduction (48)
[2017.04.18-16.26.21:282][893]LogModuleManager: Shutting down and abandoning module PropertyEditor (47)
[2017.04.18-16.26.21:282][893]LogModuleManager: Shutting down and abandoning module MeshUtilities (46)
[2017.04.18-16.26.21:282][893]LogModuleManager: Shutting down and abandoning module AssetRegistry (45)
[2017.04.18-16.26.21:283][893]LogModuleManager: Shutting down and abandoning module DerivedDataCache (44)
[2017.04.18-16.26.21:417][893]LogDerivedDataCache: Shutdown
[2017.04.18-16.26.21:417][893]LogModuleManager: Shutting down and abandoning module VulkanShaderFormat (43)
[2017.04.18-16.26.21:417][893]LogModuleManager: Shutting down and abandoning module ShaderFormatOpenGL (42)
[2017.04.18-16.26.21:417][893]LogModuleManager: Shutting down and abandoning module ShaderFormatD3D (41)
[2017.04.18-16.26.21:417][893]LogModuleManager: Shutting down and abandoning module MetalShaderFormat (40)
[2017.04.18-16.26.21:417][893]LogModuleManager: Shutting down and abandoning module TextureFormatUncompressed (39)
[2017.04.18-16.26.21:417][893]LogModuleManager: Shutting down and abandoning module TextureFormatPVR (38)
[2017.04.18-16.26.21:417][893]LogModuleManager: Shutting down and abandoning module TextureFormatDXT (37)
[2017.04.18-16.26.21:417][893]LogModuleManager: Shutting down and abandoning module TextureFormatIntelISPCTexComp (36)
[2017.04.18-16.26.21:418][893]LogModuleManager: Shutting down and abandoning module ImageWrapper (35)
[2017.04.18-16.26.21:418][893]LogModuleManager: Shutting down and abandoning module TextureFormatASTC (34)
[2017.04.18-16.26.21:418][893]LogModuleManager: Shutting down and abandoning module TextureFormatAndroid (33)
[2017.04.18-16.26.21:418][893]LogModuleManager: Shutting down and abandoning module AudioFormatOpus (32)
[2017.04.18-16.26.21:418][893]LogModuleManager: Shutting down and abandoning module AudioFormatOgg (31)
[2017.04.18-16.26.21:418][893]LogModuleManager: Shutting down and abandoning module AudioFormatADPCM (30)
[2017.04.18-16.26.21:418][893]LogModuleManager: Shutting down and abandoning module WindowsTargetPlatform (29)
[2017.04.18-16.26.21:418][893]LogModuleManager: Shutting down and abandoning module WindowsServerTargetPlatform (28)
[2017.04.18-16.26.21:418][893]LogModuleManager: Shutting down and abandoning module WindowsNoEditorTargetPlatform (27)
[2017.04.18-16.26.21:418][893]LogModuleManager: Shutting down and abandoning module WindowsClientTargetPlatform (26)
[2017.04.18-16.26.21:418][893]LogModuleManager: Shutting down and abandoning module TargetPlatform (25)
[2017.04.18-16.26.21:418][893]LogModuleManager: Shutting down and abandoning module InputCore (24)
[2017.04.18-16.26.21:418][893]LogModuleManager: Shutting down and abandoning module Settings (23)
[2017.04.18-16.26.21:418][893]LogModuleManager: Shutting down and abandoning module OculusRift (22)
[2017.04.18-16.26.21:418][893]LogModuleManager: Shutting down and abandoning module ExampleDeviceProfileSelector (21)
[2017.04.18-16.26.21:418][893]LogModuleManager: Shutting down and abandoning module OnlineBlueprintSupport (20)
[2017.04.18-16.26.21:418][893]LogModuleManager: Shutting down and abandoning module OnlineSubsystem (18)
[2017.04.18-16.26.21:418][893]LogOnline:Display: Unloading online subsystem: NULL
[2017.04.18-16.26.21:418][893]LogModuleManager: Shutting down and abandoning module SSL (17)
[2017.04.18-16.26.21:419][893]LogModuleManager: Shutting down and abandoning module HTTP (16)
[2017.04.18-16.26.21:419][893]LogModuleManager: Shutting down and abandoning module XMPP (15)
[2017.04.18-16.26.21:419][893]LogModuleManager: Shutting down and abandoning module TextureCompressor (14)
[2017.04.18-16.26.21:419][893]LogModuleManager: Shutting down and abandoning module ShaderCore (13)
[2017.04.18-16.26.21:419][893]LogModuleManager: Shutting down and abandoning module Landscape (12)
[2017.04.18-16.26.21:419][893]LogModuleManager: Shutting down and abandoning module SlateRHIRenderer (11)
[2017.04.18-16.26.21:433][893]LogModuleManager: Shutting down and abandoning module OpenGLDrv (10)
[2017.04.18-16.26.21:433][893]LogModuleManager: Shutting down and abandoning module D3D11RHI (9)
[2017.04.18-16.26.21:433][893]LogModuleManager: Shutting down and abandoning module AnimGraphRuntime (8)
[2017.04.18-16.26.21:433][893]LogModuleManager: Shutting down and abandoning module Renderer (7)
[2017.04.18-16.26.21:433][893]LogModuleManager: Shutting down and abandoning module Engine (6)
[2017.04.18-16.26.21:433][893]LogModuleManager: Shutting down and abandoning module CoreUObject (5)
[2017.04.18-16.26.21:433][893]LogModuleManager: Shutting down and abandoning module NetworkFile (4)
[2017.04.18-16.26.21:433][893]LogModuleManager: Shutting down and abandoning module StreamingFile (3)
[2017.04.18-16.26.21:433][893]LogModuleManager: Shutting down and abandoning module SandboxFile (2)
[2017.04.18-16.26.21:433][893]LogModuleManager: Shutting down and abandoning module PakFile (1)
[2017.04.18-16.26.21:434][893]LogExit: Exiting.
[2017.04.18-16.26.21:436][893]Log file closed, 04/18/17 11:26:21
