Log file open, 04/19/17 01:36:16
LogInit:Display: Running engine for game: Zombie_Tower_Defense
LogPlatformFile: Not using cached read wrapper
LogInit:Display: RandInit(-132139275) SRandInit(-132139275).
LogTaskGraph: Started task graph with 5 named threads and 8 total threads with 1 sets of task threads.
LogStats: Stats thread started at 0.067936
LogPluginManager: Loaded Plugin Paper2D, From B:/Unreal Engine 4.14.3/UE_4.14/Engine/Plugins/2D/Paper2D/Paper2D.uplugin
LogPluginManager: Loaded Plugin LightPropagationVolume, From B:/Unreal Engine 4.14.3/UE_4.14/Engine/Plugins/Blendables/LightPropagationVolume/LightPropagationVolume.uplugin
LogPluginManager: Loaded Plugin BlankPlugin, From B:/Unreal Engine 4.14.3/UE_4.14/Engine/Plugins/Developer/BlankPlugin/BlankPlugin.uplugin
LogPluginManager: Loaded Plugin CodeLiteSourceCodeAccess, From B:/Unreal Engine 4.14.3/UE_4.14/Engine/Plugins/Developer/CodeLiteSourceCodeAccess/CodeLiteSourceCodeAccess.uplugin
LogPluginManager: Loaded Plugin GitSourceControl, From B:/Unreal Engine 4.14.3/UE_4.14/Engine/Plugins/Developer/GitSourceControl/GitSourceControl.uplugin
LogPluginManager: Loaded Plugin KDevelopSourceCodeAccess, From B:/Unreal Engine 4.14.3/UE_4.14/Engine/Plugins/Developer/KDevelopSourceCodeAccess/KDevelopSourceCodeAccess.uplugin
LogPluginManager: Loaded Plugin NullSourceCodeAccess, From B:/Unreal Engine 4.14.3/UE_4.14/Engine/Plugins/Developer/NullSourceCodeAccess/NullSourceCodeAccess.uplugin
LogPluginManager: Loaded Plugin OneSkyLocalizationService, From B:/Unreal Engine 4.14.3/UE_4.14/Engine/Plugins/Developer/OneSkyLocalizationService/OneSkyLocalizationService.uplugin
LogPluginManager: Loaded Plugin PerforceSourceControl, From B:/Unreal Engine 4.14.3/UE_4.14/Engine/Plugins/Developer/PerforceSourceControl/PerforceSourceControl.uplugin
LogPluginManager: Loaded Plugin SubversionSourceControl, From B:/Unreal Engine 4.14.3/UE_4.14/Engine/Plugins/Developer/SubversionSourceControl/SubversionSourceControl.uplugin
LogPluginManager: Loaded Plugin UObjectPlugin, From B:/Unreal Engine 4.14.3/UE_4.14/Engine/Plugins/Developer/UObjectPlugin/UObjectPlugin.uplugin
LogPluginManager: Loaded Plugin VisualStudioSourceCodeAccess, From B:/Unreal Engine 4.14.3/UE_4.14/Engine/Plugins/Developer/VisualStudioSourceCodeAccess/VisualStudioSourceCodeAccess.uplugin
LogPluginManager: Loaded Plugin XCodeSourceCodeAccess, From B:/Unreal Engine 4.14.3/UE_4.14/Engine/Plugins/Developer/XCodeSourceCodeAccess/XCodeSourceCodeAccess.uplugin
LogPluginManager: Loaded Plugin AudioCapture, From B:/Unreal Engine 4.14.3/UE_4.14/Engine/Plugins/Editor/AudioCapture/AudioCapture.uplugin
LogPluginManager: Loaded Plugin EpicSurvey, From B:/Unreal Engine 4.14.3/UE_4.14/Engine/Plugins/Editor/EpicSurvey/EpicSurvey.uplugin
LogPluginManager: Loaded Plugin MacGraphicsSwitching, From B:/Unreal Engine 4.14.3/UE_4.14/Engine/Plugins/Editor/MacGraphicsSwitching/MacGraphicsSwitching.uplugin
LogPluginManager: Loaded Plugin MobileLauncherProfileWizard, From B:/Unreal Engine 4.14.3/UE_4.14/Engine/Plugins/Editor/MobileLauncherProfileWizard/MobileLauncherProfileWizard.uplugin
LogPluginManager: Loaded Plugin PluginBrowser, From B:/Unreal Engine 4.14.3/UE_4.14/Engine/Plugins/Editor/PluginBrowser/PluginBrowser.uplugin
LogPluginManager: Loaded Plugin SpeedTreeImporter, From B:/Unreal Engine 4.14.3/UE_4.14/Engine/Plugins/Editor/SpeedTreeImporter/SpeedTreeImporter.uplugin
LogPluginManager: Loaded Plugin SuperSearchEditor, From B:/Unreal Engine 4.14.3/UE_4.14/Engine/Plugins/Editor/SuperSearchEditor/SuperSearchEditor.uplugin
LogPluginManager: Loaded Plugin AlembicImporter, From B:/Unreal Engine 4.14.3/UE_4.14/Engine/Plugins/Experimental/AlembicImporter/AlembicImporter.uplugin
LogPluginManager: Loaded Plugin BlueprintStats, From B:/Unreal Engine 4.14.3/UE_4.14/Engine/Plugins/Experimental/BlueprintStats/BlueprintStats.uplugin
LogPluginManager: Loaded Plugin CharacterAI, From B:/Unreal Engine 4.14.3/UE_4.14/Engine/Plugins/Experimental/CharacterAI/CharacterAI.uplugin
LogPluginManager: Loaded Plugin CodeEditor, From B:/Unreal Engine 4.14.3/UE_4.14/Engine/Plugins/Experimental/CodeEditor/CodeEditor.uplugin
LogPluginManager: Loaded Plugin CodeView, From B:/Unreal Engine 4.14.3/UE_4.14/Engine/Plugins/Experimental/CodeView/CodeView.uplugin
LogPluginManager: Loaded Plugin HTML5Networking, From B:/Unreal Engine 4.14.3/UE_4.14/Engine/Plugins/Experimental/HTML5Networking/HTML5Networking.uplugin
LogPluginManager: Loaded Plugin OSVR, From B:/Unreal Engine 4.14.3/UE_4.14/Engine/Plugins/Experimental/OSVR/OSVR.uplugin
LogPluginManager: Loaded Plugin Phya, From B:/Unreal Engine 4.14.3/UE_4.14/Engine/Plugins/Experimental/Phya/Phya.uplugin
LogPluginManager: Loaded Plugin SignificanceManager, From B:/Unreal Engine 4.14.3/UE_4.14/Engine/Plugins/Experimental/SignificanceManager/SignificanceManager.uplugin
LogPluginManager: Loaded Plugin SimpleHMD, From B:/Unreal Engine 4.14.3/UE_4.14/Engine/Plugins/Experimental/SimpleHMD/SimpleHMD.uplugin
LogPluginManager: Loaded Plugin StereoPanorama, From B:/Unreal Engine 4.14.3/UE_4.14/Engine/Plugins/Experimental/StereoPanorama/StereoPanorama.uplugin
LogPluginManager: Loaded Plugin StructBox, From B:/Unreal Engine 4.14.3/UE_4.14/Engine/Plugins/Experimental/StructBox/StructBox.uplugin
LogPluginManager: Loaded Plugin AndroidMedia, From B:/Unreal Engine 4.14.3/UE_4.14/Engine/Plugins/Media/AndroidMedia/AndroidMedia.uplugin
LogPluginManager: Loaded Plugin AvfMedia, From B:/Unreal Engine 4.14.3/UE_4.14/Engine/Plugins/Media/AvfMedia/AvfMedia.uplugin
LogPluginManager: Loaded Plugin MediaPlayerEditor, From B:/Unreal Engine 4.14.3/UE_4.14/Engine/Plugins/Media/MediaPlayerEditor/MediaPlayerEditor.uplugin
LogPluginManager: Loaded Plugin WmfMedia, From B:/Unreal Engine 4.14.3/UE_4.14/Engine/Plugins/Media/WmfMedia/WmfMedia.uplugin
LogPluginManager: Loaded Plugin MessagingDebugger, From B:/Unreal Engine 4.14.3/UE_4.14/Engine/Plugins/Messaging/MessagingDebugger/MessagingDebugger.uplugin
LogPluginManager: Loaded Plugin TcpMessaging, From B:/Unreal Engine 4.14.3/UE_4.14/Engine/Plugins/Messaging/TcpMessaging/TcpMessaging.uplugin
LogPluginManager: Loaded Plugin UdpMessaging, From B:/Unreal Engine 4.14.3/UE_4.14/Engine/Plugins/Messaging/UdpMessaging/UdpMessaging.uplugin
LogPluginManager: Loaded Plugin LevelSequenceEditor, From B:/Unreal Engine 4.14.3/UE_4.14/Engine/Plugins/MovieScene/LevelSequenceEditor/LevelSequenceEditor.uplugin
LogPluginManager: Loaded Plugin MatineeToLevelSequence, From B:/Unreal Engine 4.14.3/UE_4.14/Engine/Plugins/MovieScene/MatineeToLevelSequence/MatineeToLevelSequence.uplugin
LogPluginManager: Loaded Plugin NetcodeUnitTest, From B:/Unreal Engine 4.14.3/UE_4.14/Engine/Plugins/NetcodeUnitTest/NetcodeUnitTest/NetcodeUnitTest.uplugin
LogPluginManager: Loaded Plugin NUTUnrealEngine4, From B:/Unreal Engine 4.14.3/UE_4.14/Engine/Plugins/NetcodeUnitTest/NUTUnrealEngine4/NUTUnrealEngine4.uplugin
LogPluginManager: Loaded Plugin OnlineSubsystemGameCircle, From B:/Unreal Engine 4.14.3/UE_4.14/Engine/Plugins/Online/Android/OnlineSubsystemGameCircle/OnlineSubsystemGameCircle.uplugin
LogPluginManager: Loaded Plugin OnlineSubsystemGooglePlay, From B:/Unreal Engine 4.14.3/UE_4.14/Engine/Plugins/Online/Android/OnlineSubsystemGooglePlay/OnlineSubsystemGooglePlay.uplugin
LogPluginManager: Loaded Plugin OnlineSubsystemIOS, From B:/Unreal Engine 4.14.3/UE_4.14/Engine/Plugins/Online/IOS/OnlineSubsystemIOS/OnlineSubsystemIOS.uplugin
LogPluginManager: Loaded Plugin OnlineFramework, From B:/Unreal Engine 4.14.3/UE_4.14/Engine/Plugins/Online/OnlineFramework/OnlineFramework.uplugin
LogPluginManager: Loaded Plugin OnlineSubsystem, From B:/Unreal Engine 4.14.3/UE_4.14/Engine/Plugins/Online/OnlineSubsystem/OnlineSubsystem.uplugin
LogPluginManager: Loaded Plugin OnlineSubsystemAmazon, From B:/Unreal Engine 4.14.3/UE_4.14/Engine/Plugins/Online/OnlineSubsystemAmazon/OnlineSubsystemAmazon.uplugin
LogPluginManager: Loaded Plugin OnlineSubsystemFacebook, From B:/Unreal Engine 4.14.3/UE_4.14/Engine/Plugins/Online/OnlineSubsystemFacebook/OnlineSubsystemFacebook.uplugin
LogPluginManager: Loaded Plugin OnlineSubsystemNull, From B:/Unreal Engine 4.14.3/UE_4.14/Engine/Plugins/Online/OnlineSubsystemNull/OnlineSubsystemNull.uplugin
LogPluginManager: Loaded Plugin OnlineSubsystemOculus, From B:/Unreal Engine 4.14.3/UE_4.14/Engine/Plugins/Online/OnlineSubsystemOculus/OnlineSubsystemOculus.uplugin
LogPluginManager: Loaded Plugin OnlineSubsystemSteam, From B:/Unreal Engine 4.14.3/UE_4.14/Engine/Plugins/Online/OnlineSubsystemSteam/OnlineSubsystemSteam.uplugin
LogPluginManager: Loaded Plugin OnlineSubsystemUtils, From B:/Unreal Engine 4.14.3/UE_4.14/Engine/Plugins/Online/OnlineSubsystemUtils/OnlineSubsystemUtils.uplugin
LogPluginManager: Loaded Plugin IOSTapJoy, From B:/Unreal Engine 4.14.3/UE_4.14/Engine/Plugins/Runtime/Advertising/IOSTapJoy/IOSTapJoy.uplugin
LogPluginManager: Loaded Plugin AnalyticsBlueprintLibrary, From B:/Unreal Engine 4.14.3/UE_4.14/Engine/Plugins/Runtime/Analytics/AnalyticsBlueprintLibrary/AnalyticsBlueprintLibrary.uplugin
LogPluginManager: Loaded Plugin AnalyticsMulticast, From B:/Unreal Engine 4.14.3/UE_4.14/Engine/Plugins/Runtime/Analytics/AnalyticsMulticast/AnalyticsMulticast.uplugin
LogPluginManager: Loaded Plugin Apsalar, From B:/Unreal Engine 4.14.3/UE_4.14/Engine/Plugins/Runtime/Analytics/Apsalar/Apsalar.uplugin
LogPluginManager: Loaded Plugin FileLogging, From B:/Unreal Engine 4.14.3/UE_4.14/Engine/Plugins/Runtime/Analytics/FileLogging/FileLogging.uplugin
LogPluginManager: Loaded Plugin Flurry, From B:/Unreal Engine 4.14.3/UE_4.14/Engine/Plugins/Runtime/Analytics/Flurry/Flurry.uplugin
LogPluginManager: Loaded Plugin AndroidDeviceProfileSelector, From B:/Unreal Engine 4.14.3/UE_4.14/Engine/Plugins/Runtime/AndroidDeviceProfileSelector/AndroidDeviceProfileSelector.uplugin
LogPluginManager: Loaded Plugin AndroidMoviePlayer, From B:/Unreal Engine 4.14.3/UE_4.14/Engine/Plugins/Runtime/AndroidMoviePlayer/AndroidMoviePlayer.uplugin
LogPluginManager: Loaded Plugin AppleMoviePlayer, From B:/Unreal Engine 4.14.3/UE_4.14/Engine/Plugins/Runtime/AppleMoviePlayer/AppleMoviePlayer.uplugin
LogPluginManager: Loaded Plugin ArchVisCharacter, From B:/Unreal Engine 4.14.3/UE_4.14/Engine/Plugins/Runtime/ArchVisCharacter/ArchVisCharacter.uplugin
LogPluginManager: Loaded Plugin CableComponent, From B:/Unreal Engine 4.14.3/UE_4.14/Engine/Plugins/Runtime/CableComponent/CableComponent.uplugin
LogPluginManager: Loaded Plugin CustomMeshComponent, From B:/Unreal Engine 4.14.3/UE_4.14/Engine/Plugins/Runtime/CustomMeshComponent/CustomMeshComponent.uplugin
LogPluginManager: Loaded Plugin ExampleDeviceProfileSelector, From B:/Unreal Engine 4.14.3/UE_4.14/Engine/Plugins/Runtime/ExampleDeviceProfileSelector/ExampleDeviceProfileSelector.uplugin
LogPluginManager: Loaded Plugin GearVR, From B:/Unreal Engine 4.14.3/UE_4.14/Engine/Plugins/Runtime/GearVR/GearVR.uplugin
LogPluginManager: Loaded Plugin GoogleVRController, From B:/Unreal Engine 4.14.3/UE_4.14/Engine/Plugins/Runtime/GoogleVR/GoogleVRController/GoogleVRController.uplugin
LogPluginManager: Loaded Plugin GoogleVRHMD, From B:/Unreal Engine 4.14.3/UE_4.14/Engine/Plugins/Runtime/GoogleVR/GoogleVRHMD/GoogleVRHMD.uplugin
LogPluginManager: Loaded Plugin IOSDeviceProfileSelector, From B:/Unreal Engine 4.14.3/UE_4.14/Engine/Plugins/Runtime/IOSDeviceProfileSelector/IOSDeviceProfileSelector.uplugin
LogPluginManager: Loaded Plugin LeapMotion, From B:/Unreal Engine 4.14.3/UE_4.14/Engine/Plugins/Runtime/LeapMotion/LeapMotion.uplugin
LogPluginManager: Loaded Plugin LinuxDeviceProfileSelector, From B:/Unreal Engine 4.14.3/UE_4.14/Engine/Plugins/Runtime/LinuxDeviceProfileSelector/LinuxDeviceProfileSelector.uplugin
LogPluginManager: Loaded Plugin MIDIDevice, From B:/Unreal Engine 4.14.3/UE_4.14/Engine/Plugins/Runtime/MIDIDevice/MIDIDevice.uplugin
LogPluginManager: Loaded Plugin MobilePatchingUtils, From B:/Unreal Engine 4.14.3/UE_4.14/Engine/Plugins/Runtime/MobilePatchingUtils/MobilePatchingUtils.uplugin
LogPluginManager: Loaded Plugin Ansel, From B:/Unreal Engine 4.14.3/UE_4.14/Engine/Plugins/Runtime/Nvidia/Ansel/Ansel.uplugin
LogPluginManager: Loaded Plugin OculusAudio, From B:/Unreal Engine 4.14.3/UE_4.14/Engine/Plugins/Runtime/OculusAudio/OculusAudio.uplugin
LogPluginManager: Loaded Plugin OculusInput, From B:/Unreal Engine 4.14.3/UE_4.14/Engine/Plugins/Runtime/OculusInput/OculusInput.uplugin
LogPluginManager: Loaded Plugin OculusLibrary, From B:/Unreal Engine 4.14.3/UE_4.14/Engine/Plugins/Runtime/OculusLibrary/OculusLibrary.uplugin
LogPluginManager: Loaded Plugin OculusRift, From B:/Unreal Engine 4.14.3/UE_4.14/Engine/Plugins/Runtime/OculusRift/OculusRift.uplugin
LogPluginManager: Loaded Plugin Oodle, From B:/Unreal Engine 4.14.3/UE_4.14/Engine/Plugins/Runtime/PacketHandlers/CompressionComponents/Oodle/Oodle.uplugin
LogPluginManager: Loaded Plugin ProceduralMeshComponent, From B:/Unreal Engine 4.14.3/UE_4.14/Engine/Plugins/Runtime/ProceduralMeshComponent/ProceduralMeshComponent.uplugin
LogPluginManager: Loaded Plugin SoundMod, From B:/Unreal Engine 4.14.3/UE_4.14/Engine/Plugins/Runtime/SoundMod/SoundMod.uplugin
LogPluginManager: Loaded Plugin SoundVisualizations, From B:/Unreal Engine 4.14.3/UE_4.14/Engine/Plugins/Runtime/SoundVisualizations/SoundVisualizations.uplugin
LogPluginManager: Loaded Plugin SteamController, From B:/Unreal Engine 4.14.3/UE_4.14/Engine/Plugins/Runtime/Steam/SteamController/SteamController.uplugin
LogPluginManager: Loaded Plugin SteamVR, From B:/Unreal Engine 4.14.3/UE_4.14/Engine/Plugins/Runtime/Steam/SteamVR/SteamVR.uplugin
LogPluginManager: Loaded Plugin WebBrowserWidget, From B:/Unreal Engine 4.14.3/UE_4.14/Engine/Plugins/Runtime/WebBrowserWidget/WebBrowserWidget.uplugin
LogPluginManager: Loaded Plugin WindowsDeviceProfileSelector, From B:/Unreal Engine 4.14.3/UE_4.14/Engine/Plugins/Runtime/WindowsDeviceProfileSelector/WindowsDeviceProfileSelector.uplugin
LogPluginManager: Loaded Plugin WindowsMoviePlayer, From B:/Unreal Engine 4.14.3/UE_4.14/Engine/Plugins/Runtime/WindowsMoviePlayer/WindowsMoviePlayer.uplugin
LogPluginManager: Loaded Plugin ScriptPlugin, From B:/Unreal Engine 4.14.3/UE_4.14/Engine/Plugins/ScriptPlugin/ScriptPlugin.uplugin
LogPluginManager: Loaded Plugin SlateRemote, From B:/Unreal Engine 4.14.3/UE_4.14/Engine/Plugins/Slate/SlateRemote/SlateRemote.uplugin
LogPluginManager: Loaded Plugin EditorTests, From B:/Unreal Engine 4.14.3/UE_4.14/Engine/Plugins/Tests/EditorTests/EditorTests.uplugin
LogPluginManager: Loaded Plugin FbxAutomationTestBuilder, From B:/Unreal Engine 4.14.3/UE_4.14/Engine/Plugins/Tests/FbxAutomationTestBuilder/FbxAutomationTestBuilder.uplugin
LogPluginManager: Loaded Plugin FunctionalTestingEditor, From B:/Unreal Engine 4.14.3/UE_4.14/Engine/Plugins/Tests/FunctionalTestingEditor/FunctionalTestingEditor.uplugin
LogPluginManager: Loaded Plugin RuntimeTests, From B:/Unreal Engine 4.14.3/UE_4.14/Engine/Plugins/Tests/RuntimeTests/RuntimeTests.uplugin
LogPluginManager: Loaded Plugin ScreenshotTools, From B:/Unreal Engine 4.14.3/UE_4.14/Engine/Plugins/Tests/ScreenshotTools/ScreenshotTools.uplugin
LogInit: Using libcurl 7.47.1
LogInit:  - built for x86_64-pc-win32
LogInit:  - supports SSL with OpenSSL/1.0.2g
LogInit:  - supports HTTP deflate (compression) using libz 1.2.8
LogInit:  - other features:
LogInit:      CURL_VERSION_SSL
LogInit:      CURL_VERSION_LIBZ
LogInit:      CURL_VERSION_IPV6
LogInit:      CURL_VERSION_ASYNCHDNS
LogInit:      CURL_VERSION_LARGEFILE
LogInit:      CURL_VERSION_IDN
LogInit:  CurlRequestOptions (configurable via config and command line):
LogInit:  - bVerifyPeer = false  - Libcurl will NOT verify peer certificate
LogInit:  - bUseHttpProxy = false  - Libcurl will NOT use HTTP proxy
LogInit:  - bDontReuseConnections = false  - Libcurl will reuse connections
LogInit:  - CertBundlePath = nullptr  - Libcurl will use whatever was configured at build time.
LogInit: Build: ++UE4+Release-4.14-CL-3249277
LogInit: Engine Version: 4.14.3-3249277+++UE4+Release-4.14
LogInit: Compatible Engine Version: 4.14.0-3195953+++UE4+Release-4.14
LogInit: Net CL: 3195953
LogDevObjectVersion: Number of dev versions registered: 13
LogDevObjectVersion:   Dev-Blueprints (B0D832E4-1F89-4F0D-ACCF-7EB736FD4AA2): 7
LogDevObjectVersion:   Dev-Build (E1C64328-A22C-4D53-A36C-8E866417BD8C): 0
LogDevObjectVersion:   Dev-Core (375EC13C-06E4-48FB-B500-84F0262A717E): 1
LogDevObjectVersion:   Dev-Editor (E4B068ED-F494-42E9-A231-DA0B2E46BB41): 8
LogDevObjectVersion:   Dev-Framework (CFFC743F-43B0-4480-9391-14DF171D2073): 17
LogDevObjectVersion:   Dev-Mobile (B02B49B5-BB20-44E9-A304-32B752E40360): 0
LogDevObjectVersion:   Dev-Networking (A4E4105C-59A1-49B5-A7C5-40C4547EDFEE): 0
LogDevObjectVersion:   Dev-Online (39C831C9-5AE6-47DC-9A44-9C173E1C8E7C): 0
LogDevObjectVersion:   Dev-Physics (78F01B33-EBEA-4F98-B9B4-84EACCB95AA2): 0
LogDevObjectVersion:   Dev-Platform (6631380F-2D4D-43E0-8009-CF276956A95A): 0
LogDevObjectVersion:   Dev-Rendering (12F88B9F-8875-4AFC-A67C-D90C383ABD29): 12
LogDevObjectVersion:   Dev-Sequencer (7B5AE74C-D270-4C10-A958-57980B212A5A): 1
LogDevObjectVersion:   Dev-VR (D7296918-1DD6-4BDD-9DE2-64A83CC13884): 0
LogInit: Compiled (64-bit): Jan  6 2017 10:49:43
LogInit: Compiled with Visual C++: 19.00.23026.00
LogInit: Build Configuration: Development
LogInit: Branch Name: ++UE4+Release-4.14
LogInit: Command line: -EpicPortal 
LogInit: Base directory: B:/Unreal Engine 4.14.3/UE_4.14/Engine/Binaries/Win64/
LogInit: Installed Engine Build: 1
LogInit: Presizing for max 8388607 objects, including 0 objects not considered by GC, pre-allocating 0 bytes for permanent pool.
LogInit: Object subsystem initialized
[2017.04.19-06.36.16:602][  0]LogInit: Selected Device Profile: [Windows]
[2017.04.19-06.36.16:602][  0]LogInit: Applying CVar settings loaded from the selected device profile: [Windows]
[2017.04.19-06.36.16:645][  0]LogInit: Computer: MASTACHIEF-PC
[2017.04.19-06.36.16:645][  0]LogInit: User: MASTACHIEF
[2017.04.19-06.36.16:645][  0]LogInit: CPU Page size=65536, Cores=4
[2017.04.19-06.36.16:645][  0]LogInit: High frequency timer resolution =3.330136 MHz
[2017.04.19-06.36.16:645][  0]LogMemory: Memory total: Physical=16.0GB (16GB approx)
[2017.04.19-06.36.16:645][  0]LogMemory: Platform Memory Stats for Windows
[2017.04.19-06.36.16:645][  0]LogMemory: Process Physical Memory: 263.30 MB used, 263.30 MB peak
[2017.04.19-06.36.16:645][  0]LogMemory: Process Virtual Memory: 264.25 MB used, 264.25 MB peak
[2017.04.19-06.36.16:645][  0]LogMemory: Physical Memory: 6676.02 MB used,  9663.55 MB free, 16339.57 MB total
[2017.04.19-06.36.16:645][  0]LogMemory: Virtual Memory: 659.89 MB used,  9663.55 MB free, 8388608.00 MB total
[2017.04.19-06.36.16:699][  0]LogTextLocalizationManager: No specific translations for ('en-US') exist, so ('en') translations will be used.
[2017.04.19-06.36.17:250][  0]LogD3D11RHI: D3D11 adapters:
[2017.04.19-06.36.17:451][  0]LogD3D11RHI:    0. 'NVIDIA GeForce GTX 970' (Feature Level 11_0)
[2017.04.19-06.36.17:451][  0]LogD3D11RHI:       4007/0/7913 MB DedicatedVideo/DedicatedSystem/SharedSystem, Outputs:1, VendorId:0x10de
[2017.04.19-06.36.17:451][  0]LogD3D11RHI: Chosen D3D11 Adapter: 0
[2017.04.19-06.36.17:455][  0]LogD3D11RHI: Creating new Direct3DDevice
[2017.04.19-06.36.17:455][  0]LogD3D11RHI:     GPU DeviceId: 0x13c2 (for the marketing name, search the web for "GPU Device Id")
[2017.04.19-06.36.17:455][  0]LogWindows: EnumDisplayDevices:
[2017.04.19-06.36.17:455][  0]LogWindows:    0. 'NVIDIA GeForce GTX 970' (P:1 D:1)
[2017.04.19-06.36.17:455][  0]LogWindows:    1. 'NVIDIA GeForce GTX 970' (P:0 D:0)
[2017.04.19-06.36.17:455][  0]LogWindows:    2. 'NVIDIA GeForce GTX 970' (P:0 D:0)
[2017.04.19-06.36.17:455][  0]LogWindows:    3. 'NVIDIA GeForce GTX 970' (P:0 D:0)
[2017.04.19-06.36.17:455][  0]LogWindows:    4. 'RDPDD Chained DD' (P:0 D:0)
[2017.04.19-06.36.17:456][  0]LogWindows:    5. 'RDP Encoder Mirror Driver' (P:0 D:0)
[2017.04.19-06.36.17:456][  0]LogWindows:    6. 'RDP Reflector Display Driver' (P:0 D:0)
[2017.04.19-06.36.17:456][  0]LogWindows: DebugString: GetVideoDriverDetailsInvalid PrimaryIsNotTheChoosenAdapter GetVideoDriverDetailsInvalid PrimaryIsNotTheChoosenAdapter GetVideoDriverDetailsInvalid PrimaryIsNotTheChoosenAdapter FoundDriverCount:4 
[2017.04.19-06.36.17:456][  0]LogD3D11RHI:     Adapter Name: NVIDIA GeForce GTX 970
[2017.04.19-06.36.17:456][  0]LogD3D11RHI:   Driver Version: 376.33 (internal:21.21.13.7633, unified:376.33)
[2017.04.19-06.36.17:456][  0]LogD3D11RHI:      Driver Date: 12-11-2016
[2017.04.19-06.36.17:456][  0]LogRHI: Texture pool is 1361 MB (70% of 1945 MB)
[2017.04.19-06.36.17:644][  0]LogD3D11RHI: Async texture creation enabled
[2017.04.19-06.36.17:671][  0]LogD3D11RHI: GPU Timing Frequency: 1000.000000 (Debug: 2 2)
[2017.04.19-06.36.17:671][  0]LogShaderCompilers: Guid format shader working directory is -7 characters bigger than the processId version (../../../../../UE4 Projects/ZombieStuff/Zombie_TowerDefense/Intermediate/Shaders/WorkingDirectory/3500/).
[2017.04.19-06.36.17:671][  0]LogShaderCompilers: Cleaned the shader compiler working directory 'C:/Users/MASTA CHIEF/AppData/Local/Temp/UnrealShaderWorkingDir/B1F505FF4C6134EB4B431186A1940167/'.
[2017.04.19-06.36.17:671][  0]LogShaderCompilers:Display: Using Local Shader Compiler.
[2017.04.19-06.36.18:604][  0]LogTemp:Display: Loaded TP AllDesktopTargetPlatform
[2017.04.19-06.36.18:645][  0]LogTemp:Display: Loaded TP MacClientTargetPlatform
[2017.04.19-06.36.18:686][  0]LogTemp:Display: Loaded TP MacNoEditorTargetPlatform
[2017.04.19-06.36.18:728][  0]LogTemp:Display: Loaded TP MacServerTargetPlatform
[2017.04.19-06.36.18:770][  0]LogTemp:Display: Loaded TP MacTargetPlatform
[2017.04.19-06.36.18:812][  0]LogTemp:Display: Loaded TP WindowsClientTargetPlatform
[2017.04.19-06.36.18:854][  0]LogTemp:Display: Loaded TP WindowsNoEditorTargetPlatform
[2017.04.19-06.36.18:896][  0]LogTemp:Display: Loaded TP WindowsServerTargetPlatform
[2017.04.19-06.36.18:926][  0]LogTemp:Display: Loaded TP WindowsTargetPlatform
[2017.04.19-06.36.18:966][  0]LogTemp:Display: Loaded TP AndroidTargetPlatform
[2017.04.19-06.36.19:007][  0]LogTemp:Display: Loaded TP Android_ASTCTargetPlatform
[2017.04.19-06.36.19:047][  0]LogTemp:Display: Loaded TP Android_ATCTargetPlatform
[2017.04.19-06.36.19:088][  0]LogTemp:Display: Loaded TP Android_DXTTargetPlatform
[2017.04.19-06.36.19:135][  0]LogTemp:Display: Loaded TP Android_ETC1TargetPlatform
[2017.04.19-06.36.19:175][  0]LogTemp:Display: Loaded TP Android_ETC2TargetPlatform
[2017.04.19-06.36.19:257][  0]LogTemp:Display: Loaded TP Android_MultiTargetPlatform
[2017.04.19-06.36.19:257][  0]LogTemp:Display: Loaded TP Android_PVRTCTargetPlatform
[2017.04.19-06.36.19:280][  0]LogTemp:Display: Loaded TP HTML5TargetPlatform
[2017.04.19-06.36.19:344][  0]LogTemp:Display: Loaded TP IOSTargetPlatform
[2017.04.19-06.36.19:372][  0]LogTemp:Display: Loaded TP TVOSTargetPlatform
[2017.04.19-06.36.19:412][  0]LogTemp:Display: Loaded TP LinuxClientTargetPlatform
[2017.04.19-06.36.19:453][  0]LogTemp:Display: Loaded TP LinuxNoEditorTargetPlatform
[2017.04.19-06.36.19:494][  0]LogTemp:Display: Loaded TP LinuxServerTargetPlatform
[2017.04.19-06.36.19:534][  0]LogTemp:Display: Loaded TP LinuxTargetPlatform
[2017.04.19-06.36.19:534][  0]LogTargetPlatformManager:Display: Building Assets For Windows
[2017.04.19-06.36.19:777][  0]LogDerivedDataCache:Display: Max Cache Size: 512 MB
[2017.04.19-06.36.19:820][  0]LogDerivedDataCache: Loaded boot cache 0.04s 50MB C:/Users/MASTA CHIEF/AppData/Local/UnrealEngine/4.14/DerivedDataCache/Boot.ddc.
[2017.04.19-06.36.19:821][  0]LogDerivedDataCache:Display: Loaded Boot cache: C:/Users/MASTA CHIEF/AppData/Local/UnrealEngine/4.14/DerivedDataCache/Boot.ddc
[2017.04.19-06.36.19:821][  0]LogDerivedDataCache: FDerivedDataBackendGraph:  Pak pak cache file ../../../../../UE4 Projects/ZombieStuff/Zombie_TowerDefense/DerivedDataCache/DDC.ddp not found, will not use a pak cache.
[2017.04.19-06.36.19:821][  0]LogDerivedDataCache: Unable to find inner node Pak for hierarchical cache Hierarchy.
[2017.04.19-06.36.19:821][  0]LogDerivedDataCache: FDerivedDataBackendGraph:  CompressedPak pak cache file ../../../../../UE4 Projects/ZombieStuff/Zombie_TowerDefense/DerivedDataCache/Compressed.ddp not found, will not use a pak cache.
[2017.04.19-06.36.19:821][  0]LogDerivedDataCache: Unable to find inner node CompressedPak for hierarchical cache Hierarchy.
[2017.04.19-06.36.19:837][  0]LogDerivedDataCache:Display: Pak cache opened for reading ../../../Engine/DerivedDataCache/Compressed.ddp.
[2017.04.19-06.36.19:848][  0]LogDerivedDataCache: Using Local data cache path C:/Users/MASTA CHIEF/AppData/Local/UnrealEngine/Common/DerivedDataCache: Writable
[2017.04.19-06.36.20:056][  0]LogInit: Selected Device Profile: [Windows]
[2017.04.19-06.36.20:061][  0]LogContentStreaming: Texture pool size is 0.00 MB
[2017.04.19-06.36.20:240][  0]LogMeshUtilities: Using QuadricMeshReduction for automatic static mesh reduction
[2017.04.19-06.36.20:267][  0]LogSimplygon: Simplygon DLL not present - disabling.
[2017.04.19-06.36.20:295][  0]LogMeshUtilities: Using SimplygonSwarm for distributed automatic mesh merging
[2017.04.19-06.36.20:295][  0]LogMeshUtilities: No automatic skeletal mesh reduction module available
[2017.04.19-06.36.20:295][  0]LogMeshUtilities: No automatic mesh merging module available
[2017.04.19-06.36.20:719][  0]LogNetVersion: GetLocalNetworkVersion: CL: 3195953, ProjectName: zombie_tower_defense, ProjectVersion: , EngineNetworkVersion: 2, GameNetworkVersion: 0, NetworkChecksum: 2528811943
[2017.04.19-06.36.20:765][  0]LogAssetRegistry: FAssetRegistry took 0.0200 seconds to start up
[2017.04.19-06.36.20:792][  0]LogPackageLocalizationCache: Processed 3 localized package path(s) for 2 prioritized culture(s) in 0.014491 seconds
[2017.04.19-06.36.20:797][  0]LogUObjectArray: 31946 objects as part of root set at end of initial load.
[2017.04.19-06.36.20:798][  0]LogUObjectAllocator: 6935848 out of 0 bytes used by permanent object pool.
[2017.04.19-06.36.20:798][  0]LogUObjectArray: CloseDisregardForGC: 0/0 objects in disregard for GC pool
[2017.04.19-06.36.20:835][  0]LogInit: WinSock: version 1.1 (2.2), MaxSocks=32767, MaxUdp=65467
[2017.04.19-06.36.21:296][  0]LogSlate: Using Freetype 2.6.0
[2017.04.19-06.36.21:296][  0]LogSlate: SlateFontCache - WITH_FREETYPE: 1, WITH_HARFBUZZ: 1
[2017.04.19-06.36.21:296][  0]LogSlate: SlateFontCache - WITH_FREETYPE: 1, WITH_HARFBUZZ: 1
[2017.04.19-06.36.21:920][  0]LogTcpMessaging: Initializing TcpMessaging bridge
[2017.04.19-06.36.21:948][  0]LogUdpMessaging: Initializing bridge on interface 0.0.0.0:0 to multicast group 230.0.0.1:6666.
[2017.04.19-06.36.22:167][  0]LogMaterial: Uniform references updated for custom material expression Custom.
[2017.04.19-06.36.22:432][  0]SourceControl: Info Source control is disabled
[2017.04.19-06.36.22:433][  0]SourceControl: Info Source control is disabled
[2017.04.19-06.36.22:462][  0]SourceControl: Info Source control is disabled
[2017.04.19-06.36.22:490][  0]SourceControl: Info Source control is disabled
[2017.04.19-06.36.23:315][  0]LogEngine: Initializing Engine...
[2017.04.19-06.36.23:316][  0]LogHMD: Failed to initialize OpenVR with code 110
[2017.04.19-06.36.23:681][  0]LogAIModule: Creating AISystem for world Untitled
[2017.04.19-06.36.23:692][  0]LogInit: XAudio2 using 'Speakers (Realtek High Definition Audio)' : 8 channels at 48 kHz using 32 bits per sample (channel mask 0x63f)
[2017.04.19-06.36.23:711][  0]LogInit: FAudioDevice initialized.
[2017.04.19-06.36.23:734][  0]LogDerivedDataCache: Saved boot cache 0.02s 50MB C:/Users/MASTA CHIEF/AppData/Local/UnrealEngine/4.14/DerivedDataCache/Boot.ddc.
[2017.04.19-06.36.23:738][  0]LogInit: Texture streaming: Enabled
[2017.04.19-06.36.23:900][  0]LogInit: Transaction tracking system initialized
[2017.04.19-06.36.24:114][  0]BlueprintLog: New page: Editor Load
[2017.04.19-06.36.24:661][  0]LocalizationService: Info Localization service is disabled
[2017.04.19-06.36.25:070][  0]LogConsoleResponse:Display: 
[2017.04.19-06.36.25:221][  0]LogCook:Display: Max memory allowance for cook 16384mb min free memory 0mb
[2017.04.19-06.36.25:221][  0]LogCook:Display: Mobile HDR setting 1
[2017.04.19-06.36.25:815][  0]LogFileCache: Scanning file cache for directory 'B:/UE4 Projects/ZombieStuff/Zombie_TowerDefense/Content/' took 0.01s
[2017.04.19-06.36.25:815][  0]SourceControl: Info Source control is disabled
[2017.04.19-06.36.25:815][  0]Cmd: MAP LOAD FILE="../../../../../UE4 Projects/ZombieStuff/Zombie_TowerDefense/Content/ZTD_Blueprint/Maps/Menu_Main.umap" TEMPLATE=0 SHOWPROGRESS=1 FEATURELEVEL=3
[2017.04.19-06.36.25:816][  0]LightingResults: New page: Lighting Build
[2017.04.19-06.36.25:841][  0]MapCheck: New page: Map Check
[2017.04.19-06.36.25:841][  0]LightingResults: New page: Lighting Build
[2017.04.19-06.36.30:266][  0]LogAIModule: Creating AISystem for world Menu_Main
[2017.04.19-06.36.30:267][  0]LogEditorServer: Finished looking for orphan Actors (0.000 secs)
[2017.04.19-06.36.30:267][  0]Cmd: MAP CHECKDEP NOCLEARLOG
[2017.04.19-06.36.30:297][  0]MapCheck: Info Map check complete: 0 Error(s), 0 Warning(s), took 29.232ms to complete.
[2017.04.19-06.36.30:297][  0]LogFileHelpers: Loading map 'Menu_Main' took 4.481
[2017.04.19-06.36.30:924][  0]LogCollectionManager: Loaded 0 collections in 0.001299 seconds
[2017.04.19-06.36.31:067][  0]LogFileCache: Scanning file cache for directory 'B:/UE4 Projects/ZombieStuff/Zombie_TowerDefense/Saved/Collections/' took 0.01s
[2017.04.19-06.36.31:067][  0]LogFileCache: Scanning file cache for directory 'B:/UE4 Projects/ZombieStuff/Zombie_TowerDefense/Content/Developers/MASTACHIEF/Collections/' took 0.01s
[2017.04.19-06.36.31:067][  0]LogFileCache: Scanning file cache for directory 'B:/UE4 Projects/ZombieStuff/Zombie_TowerDefense/Content/Collections/' took 0.01s
[2017.04.19-06.36.31:067][  0]LogCollectionManager: Rebuilt the GUID cache for 0 collections in 0.000002 seconds
[2017.04.19-06.36.31:083][  0]LogContentBrowser: Native class hierarchy populated in 0.0137 seconds. Added 2190 classes and 428 folders.
[2017.04.19-06.36.31:152][  0]LogStats: UGameplayTagsManager::ConstructGameplayTagTree: Construct from data asset -  0.000 s
[2017.04.19-06.36.31:152][  0]LogStats: UGameplayTagsManager::ConstructGameplayTagTree: GameplayTagTreeChangedEvent.Broadcast -  0.000 s
[2017.04.19-06.36.31:157][  0]LogContentBrowser: Native class hierarchy updated for 'GameplayTags' in 0.0005 seconds. Added 13 classes and 0 folders.
[2017.04.19-06.36.31:207][  0]LogContentBrowser: Native class hierarchy updated for 'WidgetCarousel' in 0.0004 seconds. Added 0 classes and 0 folders.
[2017.04.19-06.36.31:642][  0]LogContentBrowser: Native class hierarchy updated for 'AddContentDialog' in 0.0005 seconds. Added 0 classes and 0 folders.
[2017.04.19-06.36.31:760][  0]LogContentBrowser: Native class hierarchy updated for 'SceneOutliner' in 0.0005 seconds. Added 1 classes and 2 folders.
[2017.04.19-06.36.32:493][  0]LogCrashTracker: Crashtracker disabled due to settings.
[2017.04.19-06.36.32:584][  0]LogUObjectGlobals:Warning: Failed to find object 'Class None.'
[2017.04.19-06.36.32:647][  0]LogContentBrowser: Native class hierarchy updated for 'HierarchicalLODOutliner' in 0.0005 seconds. Added 1 classes and 2 folders.
[2017.04.19-06.36.32:647][  0]LogLoad: (Engine Initialization) Total time: 17.37 seconds
[2017.04.19-06.36.32:647][  0]LogLoad: (Engine Initialization) Total Blueprint compile time: 1.02 seconds
[2017.04.19-06.36.32:647][  0]LogExternalProfiler: No external profilers were discovered.  External profiling features will not be available.
[2017.04.19-06.36.32:656][  0]LogOcInput: OculusInput pre-init called
[2017.04.19-06.36.33:097][  0]LogContentStreaming: Texture pool size now 1000 MB
[2017.04.19-06.36.33:899][  0]LogRenderer: Reallocating scene render targets to support 976x620 NumSamples 1 (Frame:2).
[2017.04.19-06.36.34:470][  3]LogAssetRegistry: Asset discovery search completed in 13.7250 seconds
[2017.04.19-06.36.34:470][  3]LogCollectionManager: Rebuilt the object cache for 0 collections in 0.000002 seconds (found 0 objects)
[2017.04.19-06.36.34:470][  3]LogCollectionManager: Fixed up redirectors for 0 collections in 0.000020 seconds (updated 0 objects)
[2017.04.19-06.36.44:698][170]LogTemp: Repeting last play command: Selected Viewport
[2017.04.19-06.36.44:749][170]LogBlueprintUserMessages: Early PlayInEditor Detection: Level '/Game/ZTD_Blueprint/Maps/Menu_Main.Menu_Main:PersistentLevel' has LevelScriptBlueprint '/Game/ZTD_Blueprint/Maps/Menu_Main.Menu_Main:PersistentLevel.Menu_Main' with GeneratedClass '/Game/ZTD_Blueprint/Maps/Menu_Main.Menu_Main_C' with ClassGeneratedBy '/Game/ZTD_Blueprint/Maps/Menu_Main.Menu_Main:PersistentLevel.Menu_Main'
[2017.04.19-06.36.44:755][170]LogPlayLevel: PlayLevel: No blueprints needed recompiling
[2017.04.19-06.36.44:781][170]PIE: New page: PIE session: Menu_Main (Apr 18, 2017, 8:36:44 PM)
[2017.04.19-06.36.44:805][170]LogPlayLevel: Creating play world package: /Game/ZTD_Blueprint/Maps/UEDPIE_0_Menu_Main
[2017.04.19-06.36.44:806][170]LogPlayLevel: PIE: StaticDuplicateObject took: (0.001019s)
[2017.04.19-06.36.44:807][170]LogAIModule: Creating AISystem for world Menu_Main
[2017.04.19-06.36.44:807][170]LogPlayLevel: PIE: World Init took: (0.000519s)
[2017.04.19-06.36.44:807][170]LogPlayLevel: PIE: Created PIE world by copying editor world from /Game/ZTD_Blueprint/Maps/Menu_Main.Menu_Main to /Game/ZTD_Blueprint/Maps/UEDPIE_0_Menu_Main.Menu_Main (0.026132s)
[2017.04.19-06.36.44:839][170]LogInit: XAudio2 using 'Speakers (Realtek High Definition Audio)' : 8 channels at 48 kHz using 32 bits per sample (channel mask 0x63f)
[2017.04.19-06.36.44:844][170]LogInit: FAudioDevice initialized.
[2017.04.19-06.36.44:940][170]LogLoad: Game class is 'ZTD_MainMenu_Mode_C'
[2017.04.19-06.36.44:982][170]LogWorld: Bringing World /Game/ZTD_Blueprint/Maps/UEDPIE_0_Menu_Main.Menu_Main up for play (max tick rate 0) at 2017.04.19-01.36.44
[2017.04.19-06.36.44:982][170]LogWorld: Bringing up level for play took: 0.000803
[2017.04.19-06.36.45:074][170]LogContentBrowser: Native class hierarchy updated for 'MovieSceneCapture' in 0.0005 seconds. Added 11 classes and 0 folders.
[2017.04.19-06.36.45:101][170]Cmd: t.MaxFPS 62.0
[2017.04.19-06.36.45:112][170]t.MaxFPS = "62"
[2017.04.19-06.36.45:121][170]PIE: Info Play in editor start time for /Game/ZTD_Blueprint/Maps/UEDPIE_0_Menu_Main -0.132
[2017.04.19-06.36.45:121][170]LogBlueprintUserMessages: Late PlayInEditor Detection: Level '/Game/ZTD_Blueprint/Maps/Menu_Main.Menu_Main:PersistentLevel' has LevelScriptBlueprint '/Game/ZTD_Blueprint/Maps/Menu_Main.Menu_Main:PersistentLevel.Menu_Main' with GeneratedClass '/Game/ZTD_Blueprint/Maps/Menu_Main.Menu_Main_C' with ClassGeneratedBy '/Game/ZTD_Blueprint/Maps/Menu_Main.Menu_Main:PersistentLevel.Menu_Main'
[2017.04.19-06.36.48:017][345]LogNet: Browse: /Game/ZTD_Blueprint/Maps/Protomap
[2017.04.19-06.36.48:017][345]LogLoad: LoadMap: /Game/ZTD_Blueprint/Maps/Protomap
[2017.04.19-06.36.48:027][345]Cmd: MEM
[2017.04.19-06.36.48:038][345]LogMemory: Platform Memory Stats for Windows
[2017.04.19-06.36.48:038][345]LogMemory: Process Physical Memory: 1004.56 MB used, 1009.85 MB peak
[2017.04.19-06.36.48:038][345]LogMemory: Process Virtual Memory: 1680.97 MB used, 1685.04 MB peak
[2017.04.19-06.36.48:038][345]LogMemory: Physical Memory: 6684.25 MB used,  9655.32 MB free, 16339.57 MB total
[2017.04.19-06.36.48:038][345]LogMemory: Virtual Memory: 2453.40 MB used,  9655.32 MB free, 8388608.00 MB total
[2017.04.19-06.36.48:038][345]LogMemory: 
[2017.04.19-06.36.48:038][345]Allocator Stats for TBB: (not implemented)
[2017.04.19-06.36.50:833][345]LogAIModule: Creating AISystem for world Protomap
[2017.04.19-06.36.50:833][345]LogLoad: Game class is 'ZTD_GameMode_C'
[2017.04.19-06.36.50:997][345]LogWorld: Bringing World /Game/ZTD_Blueprint/Maps/UEDPIE_0_Protomap.Protomap up for play (max tick rate 62) at 2017.04.19-01.36.50
[2017.04.19-06.36.51:009][345]LogWorld: Bringing up level for play took: 0.174666
[2017.04.19-06.36.51:071][345]LogLoad: Took 3.053855 seconds to LoadMap(/Game/ZTD_Blueprint/Maps/Protomap)
[2017.04.19-06.36.51:152][346]LogCharacterMovement:Warning: GetSimulationTimeStep() - Max iterations 8 hit while remaining time 0.089333 > MaxSimulationTimeStep (0.050) for 'Player_Character_C_0', movement 'Walking'
[2017.04.19-06.36.54:235][536]LogRenderer: Reallocating scene render targets to support 980x620 NumSamples 1 (Frame:2644).
[2017.04.19-06.36.54:274][537]LogRenderer: Reallocating scene render targets to support 1000x620 NumSamples 1 (Frame:2645).
[2017.04.19-06.36.54:324][538]LogRenderer: Reallocating scene render targets to support 1028x620 NumSamples 1 (Frame:2646).
[2017.04.19-06.36.54:391][539]LogRenderer: Reallocating scene render targets to support 1036x620 NumSamples 1 (Frame:2647).
[2017.04.19-06.36.54:488][541]LogRenderer: Reallocating scene render targets to support 1040x620 NumSamples 1 (Frame:2649).
[2017.04.19-06.36.54:526][542]LogRenderer: Reallocating scene render targets to support 1048x620 NumSamples 1 (Frame:2650).
[2017.04.19-06.36.54:585][543]LogRenderer: Reallocating scene render targets to support 1052x620 NumSamples 1 (Frame:2651).
[2017.04.19-06.36.55:878][620]LogBlueprintUserMessages: [Ingame_UI_C_0] Tower Placement Enabled
[2017.04.19-06.36.58:583][788]LogBlueprintUserMessages: [ZTD_GameMode_C_0] SpawningZombie
[2017.04.19-06.36.59:493][843]LogBlueprintUserMessages: [Player_Controller_C_0] Machine Gun Tower Selected!
[2017.04.19-06.36.59:584][845]LogBlueprintUserMessages: [ZTD_GameMode_C_0] SpawningZombie
[2017.04.19-06.37.00:590][907]LogBlueprintUserMessages: [ZTD_GameMode_C_0] SpawningZombie
[2017.04.19-06.37.03:977][117]LogBlueprintUserMessages: [Ingame_UI_C_0] Shooting Enabled
[2017.04.19-06.37.10:849][541]LogBlueprintUserMessages: [Ingame_UI_C_0] Tower Placement Enabled
[2017.04.19-06.37.12:418][637]LogBlueprintUserMessages: [Player_Controller_C_0] Machine Gun Tower Selected!
[2017.04.19-06.37.14:918][790]LogBlueprintUserMessages: [Player_Controller_C_0] Sniper Tower Selected!
[2017.04.19-06.37.27:160][547]LogBlueprintUserMessages: [Player_Controller_C_0] Flame Thrower Tower Selected!
[2017.04.19-06.37.29:546][693]LogBlueprintUserMessages: [Test_Tower3_C_10] Insufficient Funds!
[2017.04.19-06.37.36:274][ 67]LogBlueprintUserMessages: [Player_Controller_C_0] Grenade Launcher Tower Selected!
[2017.04.19-06.37.40:548][330]LogBlueprintUserMessages: [Ingame_UI_C_0] Shooting Enabled
[2017.04.19-06.37.42:515][452]LogBlueprintUserMessages: [Player_Controller_C_0] Pistol Selected!
[2017.04.19-06.37.43:419][508]LogBlueprintUserMessages: [Player_Controller_C_0] Assault Rifle Selected!
[2017.04.19-06.37.45:112][613]LogBlueprintUserMessages: [Player_Controller_C_0] Sniper Rifle Selected!
[2017.04.19-06.38.11:754][262]LogBlueprintUserMessages: Early EndPlayMap Detection: Level '/Game/ZTD_Blueprint/Maps/Menu_Main.Menu_Main:PersistentLevel' has LevelScriptBlueprint '/Game/ZTD_Blueprint/Maps/Menu_Main.Menu_Main:PersistentLevel.Menu_Main' with GeneratedClass '/Game/ZTD_Blueprint/Maps/Menu_Main.Menu_Main_C' with ClassGeneratedBy '/Game/ZTD_Blueprint/Maps/Menu_Main.Menu_Main:PersistentLevel.Menu_Main'
[2017.04.19-06.38.11:874][262]LogBlueprintUserMessages: Late EndPlayMap Detection: Level '/Game/ZTD_Blueprint/Maps/Menu_Main.Menu_Main:PersistentLevel' has LevelScriptBlueprint '/Game/ZTD_Blueprint/Maps/Menu_Main.Menu_Main:PersistentLevel.Menu_Main' with GeneratedClass '/Game/ZTD_Blueprint/Maps/Menu_Main.Menu_Main_C' with ClassGeneratedBy '/Game/ZTD_Blueprint/Maps/Menu_Main.Menu_Main:PersistentLevel.Menu_Main'
[2017.04.19-06.38.17:982][587]LogContentBrowser: Native class hierarchy updated for 'BlueprintGraph' in 0.0009 seconds. Added 111 classes and 0 folders.
[2017.04.19-06.41.29:069][813]LogTemp: Repeting last play command: Selected Viewport
[2017.04.19-06.41.29:088][813]LogBlueprintUserMessages: Early PlayInEditor Detection: Level '/Game/ZTD_Blueprint/Maps/Menu_Main.Menu_Main:PersistentLevel' has LevelScriptBlueprint '/Game/ZTD_Blueprint/Maps/Menu_Main.Menu_Main:PersistentLevel.Menu_Main' with GeneratedClass '/Game/ZTD_Blueprint/Maps/Menu_Main.Menu_Main_C' with ClassGeneratedBy '/Game/ZTD_Blueprint/Maps/Menu_Main.Menu_Main:PersistentLevel.Menu_Main'
[2017.04.19-06.41.29:088][813]LogPlayLevel: PlayLevel: No blueprints needed recompiling
[2017.04.19-06.41.29:088][813]PIE: New page: PIE session: Menu_Main (Apr 18, 2017, 8:41:29 PM)
[2017.04.19-06.41.29:089][813]LogPlayLevel: Creating play world package: /Game/ZTD_Blueprint/Maps/UEDPIE_0_Menu_Main
[2017.04.19-06.41.29:090][813]LogPlayLevel: PIE: StaticDuplicateObject took: (0.000957s)
[2017.04.19-06.41.29:091][813]LogAIModule: Creating AISystem for world Menu_Main
[2017.04.19-06.41.29:091][813]LogPlayLevel: PIE: World Init took: (0.000549s)
[2017.04.19-06.41.29:091][813]LogPlayLevel: PIE: Created PIE world by copying editor world from /Game/ZTD_Blueprint/Maps/Menu_Main.Menu_Main to /Game/ZTD_Blueprint/Maps/UEDPIE_0_Menu_Main.Menu_Main (0.001695s)
[2017.04.19-06.41.29:117][813]LogInit: XAudio2 using 'Speakers (Realtek High Definition Audio)' : 8 channels at 48 kHz using 32 bits per sample (channel mask 0x63f)
[2017.04.19-06.41.29:122][813]LogInit: FAudioDevice initialized.
[2017.04.19-06.41.29:161][813]LogLoad: Game class is 'ZTD_MainMenu_Mode_C'
[2017.04.19-06.41.29:163][813]LogWorld: Bringing World /Game/ZTD_Blueprint/Maps/UEDPIE_0_Menu_Main.Menu_Main up for play (max tick rate 62) at 2017.04.19-01.41.29
[2017.04.19-06.41.29:163][813]LogWorld: Bringing up level for play took: 0.000675
[2017.04.19-06.41.29:163][813]LogGameMode: Warning - PATHS NOT DEFINED or NO PLAYERSTART with positive rating
[2017.04.19-06.41.29:164][813]Cmd: t.MaxFPS 62.0
[2017.04.19-06.41.29:164][813]t.MaxFPS = "62"
[2017.04.19-06.41.29:198][813]LogRenderer: Reallocating scene render targets to support 1292x756 NumSamples 1 (Frame:11074).
[2017.04.19-06.41.29:198][813]PIE: Info Play in editor start time for /Game/ZTD_Blueprint/Maps/UEDPIE_0_Menu_Main -0.058
[2017.04.19-06.41.29:198][813]LogBlueprintUserMessages: Late PlayInEditor Detection: Level '/Game/ZTD_Blueprint/Maps/Menu_Main.Menu_Main:PersistentLevel' has LevelScriptBlueprint '/Game/ZTD_Blueprint/Maps/Menu_Main.Menu_Main:PersistentLevel.Menu_Main' with GeneratedClass '/Game/ZTD_Blueprint/Maps/Menu_Main.Menu_Main_C' with ClassGeneratedBy '/Game/ZTD_Blueprint/Maps/Menu_Main.Menu_Main:PersistentLevel.Menu_Main'
[2017.04.19-06.41.30:608][895]LogNet: Browse: /Game/ZTD_Blueprint/Maps/Protomap
[2017.04.19-06.41.30:608][895]LogLoad: LoadMap: /Game/ZTD_Blueprint/Maps/Protomap
[2017.04.19-06.41.30:622][895]Cmd: MEM
[2017.04.19-06.41.30:636][895]LogMemory: Platform Memory Stats for Windows
[2017.04.19-06.41.30:636][895]LogMemory: Process Physical Memory: 1411.55 MB used, 1418.15 MB peak
[2017.04.19-06.41.30:636][895]LogMemory: Process Virtual Memory: 2168.86 MB used, 2485.27 MB peak
[2017.04.19-06.41.30:636][895]LogMemory: Physical Memory: 7056.56 MB used,  9283.01 MB free, 16339.57 MB total
[2017.04.19-06.41.30:636][895]LogMemory: Virtual Memory: 2934.55 MB used,  9283.01 MB free, 8388608.00 MB total
[2017.04.19-06.41.30:636][895]LogMemory: 
[2017.04.19-06.41.30:636][895]Allocator Stats for TBB: (not implemented)
[2017.04.19-06.41.31:128][895]LogAIModule: Creating AISystem for world Protomap
[2017.04.19-06.41.31:129][895]LogLoad: Game class is 'ZTD_GameMode_C'
[2017.04.19-06.41.31:174][895]LogWorld: Bringing World /Game/ZTD_Blueprint/Maps/UEDPIE_0_Protomap.Protomap up for play (max tick rate 62) at 2017.04.19-01.41.31
[2017.04.19-06.41.31:175][895]LogWorld: Bringing up level for play took: 0.045011
[2017.04.19-06.41.31:179][895]LogLoad: Took 0.571419 seconds to LoadMap(/Game/ZTD_Blueprint/Maps/Protomap)
[2017.04.19-06.41.31:227][896]LogCharacterMovement:Warning: GetSimulationTimeStep() - Max iterations 8 hit while remaining time 0.089333 > MaxSimulationTimeStep (0.050) for 'Player_Character_C_0', movement 'Walking'
[2017.04.19-06.41.33:374][ 29]LogBlueprintUserMessages: [Ingame_UI_C_1] Tower Placement Enabled
[2017.04.19-06.41.36:721][236]LogBlueprintUserMessages: [Ingame_UI_C_1] Shooting Enabled
[2017.04.19-06.41.37:851][306]LogBlueprintUserMessages: [ZTD_GameMode_C_0] SpawningZombie
[2017.04.19-06.41.38:141][324]LogBlueprintUserMessages: [Ingame_UI_C_1] Tower Placement Enabled
[2017.04.19-06.41.38:399][340]LogBlueprintUserMessages: [Ingame_UI_C_1] Shooting Enabled
[2017.04.19-06.41.38:851][368]LogBlueprintUserMessages: [ZTD_GameMode_C_0] SpawningZombie
[2017.04.19-06.41.39:856][430]LogBlueprintUserMessages: [ZTD_GameMode_C_0] SpawningZombie
[2017.04.19-06.41.45:994][810]LogBlueprintUserMessages: [Ingame_UI_C_1] Tower Placement Enabled
[2017.04.19-06.41.54:319][326]LogBlueprintUserMessages: Early EndPlayMap Detection: Level '/Game/ZTD_Blueprint/Maps/Menu_Main.Menu_Main:PersistentLevel' has LevelScriptBlueprint '/Game/ZTD_Blueprint/Maps/Menu_Main.Menu_Main:PersistentLevel.Menu_Main' with GeneratedClass '/Game/ZTD_Blueprint/Maps/Menu_Main.Menu_Main_C' with ClassGeneratedBy '/Game/ZTD_Blueprint/Maps/Menu_Main.Menu_Main:PersistentLevel.Menu_Main'
[2017.04.19-06.41.54:369][326]LogBlueprintUserMessages: Late EndPlayMap Detection: Level '/Game/ZTD_Blueprint/Maps/Menu_Main.Menu_Main:PersistentLevel' has LevelScriptBlueprint '/Game/ZTD_Blueprint/Maps/Menu_Main.Menu_Main:PersistentLevel.Menu_Main' with GeneratedClass '/Game/ZTD_Blueprint/Maps/Menu_Main.Menu_Main_C' with ClassGeneratedBy '/Game/ZTD_Blueprint/Maps/Menu_Main.Menu_Main:PersistentLevel.Menu_Main'
[2017.04.19-06.42.10:322][313]LogActorComponent: UnregisterComponent: (/Engine/Transient.EditorFloorComp) Not registered. Aborting.
[2017.04.19-06.42.21:609][975]LogConsoleManager:Warning: Setting the console variable 't.MaxFPS' with 'SetByCode' was ignored as it is lower priority than the previous 'SetByConsole'
[2017.04.19-06.42.21:689][975]LogConsoleManager:Warning: Setting the console variable 't.MaxFPS' with 'SetByCode' was ignored as it is lower priority than the previous 'SetByConsole'
[2017.04.19-06.44.49:172][ 84]LogTemp: Repeting last play command: Selected Viewport
[2017.04.19-06.44.49:192][ 84]LogBlueprintUserMessages: Early PlayInEditor Detection: Level '/Game/ZTD_Blueprint/Maps/Menu_Main.Menu_Main:PersistentLevel' has LevelScriptBlueprint '/Game/ZTD_Blueprint/Maps/Menu_Main.Menu_Main:PersistentLevel.Menu_Main' with GeneratedClass '/Game/ZTD_Blueprint/Maps/Menu_Main.Menu_Main_C' with ClassGeneratedBy '/Game/ZTD_Blueprint/Maps/Menu_Main.Menu_Main:PersistentLevel.Menu_Main'
[2017.04.19-06.44.49:193][ 84]LogPlayLevel: PlayLevel: No blueprints needed recompiling
[2017.04.19-06.44.49:193][ 84]PIE: New page: PIE session: Menu_Main (Apr 18, 2017, 8:44:49 PM)
[2017.04.19-06.44.49:194][ 84]LogPlayLevel: Creating play world package: /Game/ZTD_Blueprint/Maps/UEDPIE_0_Menu_Main
[2017.04.19-06.44.49:195][ 84]LogPlayLevel: PIE: StaticDuplicateObject took: (0.001092s)
[2017.04.19-06.44.49:195][ 84]LogAIModule: Creating AISystem for world Menu_Main
[2017.04.19-06.44.49:196][ 84]LogPlayLevel: PIE: World Init took: (0.000550s)
[2017.04.19-06.44.49:196][ 84]LogPlayLevel: PIE: Created PIE world by copying editor world from /Game/ZTD_Blueprint/Maps/Menu_Main.Menu_Main to /Game/ZTD_Blueprint/Maps/UEDPIE_0_Menu_Main.Menu_Main (0.001833s)
[2017.04.19-06.44.49:215][ 84]LogInit: XAudio2 using 'Speakers (Realtek High Definition Audio)' : 8 channels at 48 kHz using 32 bits per sample (channel mask 0x63f)
[2017.04.19-06.44.49:221][ 84]LogInit: FAudioDevice initialized.
[2017.04.19-06.44.49:262][ 84]LogLoad: Game class is 'ZTD_MainMenu_Mode_C'
[2017.04.19-06.44.49:264][ 84]LogWorld: Bringing World /Game/ZTD_Blueprint/Maps/UEDPIE_0_Menu_Main.Menu_Main up for play (max tick rate 62) at 2017.04.19-01.44.49
[2017.04.19-06.44.49:264][ 84]LogWorld: Bringing up level for play took: 0.000686
[2017.04.19-06.44.49:265][ 84]LogGameMode: Warning - PATHS NOT DEFINED or NO PLAYERSTART with positive rating
[2017.04.19-06.44.49:265][ 84]Cmd: t.MaxFPS 62.0
[2017.04.19-06.44.49:265][ 84]t.MaxFPS = "62"
[2017.04.19-06.44.49:273][ 84]PIE: Info Play in editor start time for /Game/ZTD_Blueprint/Maps/UEDPIE_0_Menu_Main 0.014
[2017.04.19-06.44.49:273][ 84]LogBlueprintUserMessages: Late PlayInEditor Detection: Level '/Game/ZTD_Blueprint/Maps/Menu_Main.Menu_Main:PersistentLevel' has LevelScriptBlueprint '/Game/ZTD_Blueprint/Maps/Menu_Main.Menu_Main:PersistentLevel.Menu_Main' with GeneratedClass '/Game/ZTD_Blueprint/Maps/Menu_Main.Menu_Main_C' with ClassGeneratedBy '/Game/ZTD_Blueprint/Maps/Menu_Main.Menu_Main:PersistentLevel.Menu_Main'
[2017.04.19-06.44.50:839][179]LogNet: Browse: /Game/ZTD_Blueprint/Maps/Protomap
[2017.04.19-06.44.50:839][179]LogLoad: LoadMap: /Game/ZTD_Blueprint/Maps/Protomap
[2017.04.19-06.44.50:853][179]Cmd: MEM
[2017.04.19-06.44.50:867][179]LogMemory: Platform Memory Stats for Windows
[2017.04.19-06.44.50:867][179]LogMemory: Process Physical Memory: 1533.23 MB used, 1537.68 MB peak
[2017.04.19-06.44.50:867][179]LogMemory: Process Virtual Memory: 2465.68 MB used, 2511.77 MB peak
[2017.04.19-06.44.50:867][179]LogMemory: Physical Memory: 7172.49 MB used,  9167.08 MB free, 16339.57 MB total
[2017.04.19-06.44.50:867][179]LogMemory: Virtual Memory: 3219.75 MB used,  9167.08 MB free, 8388608.00 MB total
[2017.04.19-06.44.50:867][179]LogMemory: 
[2017.04.19-06.44.50:867][179]Allocator Stats for TBB: (not implemented)
[2017.04.19-06.44.51:323][179]LogAIModule: Creating AISystem for world Protomap
[2017.04.19-06.44.51:323][179]LogLoad: Game class is 'ZTD_GameMode_C'
[2017.04.19-06.44.51:369][179]LogWorld: Bringing World /Game/ZTD_Blueprint/Maps/UEDPIE_0_Protomap.Protomap up for play (max tick rate 62) at 2017.04.19-01.44.51
[2017.04.19-06.44.51:369][179]LogWorld: Bringing up level for play took: 0.045001
[2017.04.19-06.44.51:374][179]LogLoad: Took 0.534372 seconds to LoadMap(/Game/ZTD_Blueprint/Maps/Protomap)
[2017.04.19-06.44.51:415][180]LogCharacterMovement:Warning: GetSimulationTimeStep() - Max iterations 8 hit while remaining time 0.089333 > MaxSimulationTimeStep (0.050) for 'Player_Character_C_0', movement 'Walking'
[2017.04.19-06.44.54:753][387]LogBlueprintUserMessages: [Player_Controller_C_0] Pistol Selected!
[2017.04.19-06.44.56:511][496]LogBlueprintUserMessages: [Player_Controller_C_0] Assault Rifle Selected!
[2017.04.19-06.44.58:028][590]LogBlueprintUserMessages: [ZTD_GameMode_C_0] SpawningZombie
[2017.04.19-06.44.58:125][596]LogBlueprintUserMessages: [Player_Controller_C_0] Assault Rifle Selected!
[2017.04.19-06.44.59:028][652]LogBlueprintUserMessages: [ZTD_GameMode_C_0] SpawningZombie
[2017.04.19-06.44.59:141][659]LogBlueprintUserMessages: [Player_Controller_C_0] Sniper Rifle Selected!
[2017.04.19-06.45.00:028][714]LogBlueprintUserMessages: [ZTD_GameMode_C_0] SpawningZombie
[2017.04.19-06.45.00:786][761]LogCharacterMovement: Zombie_Character_C_1 is stuck and failed to move! Velocity: X=145.81 Y=33.64 Z=0.00 Location: X=4206.64 Y=1929.27 Z=155.97 Normal: X=-0.30 Y=-0.88 Z=-0.36 PenetrationDepth:0.000 Actor:Zombie_Character_C_0 Component:CharacterMesh0 BoneName:foot_r (0 other events since notify)
[2017.04.19-06.45.02:399][861]LogBlueprintUserMessages: [Player_Controller_C_0] Sniper Rifle Selected!
[2017.04.19-06.45.02:804][886]LogBlueprintUserMessages: [Player_Controller_C_0] Assault Rifle Selected!
[2017.04.19-06.45.03:126][906]LogBlueprintUserMessages: [Player_Controller_C_0] Pistol Selected!
[2017.04.19-06.45.07:564][181]LogBlueprintUserMessages: Early EndPlayMap Detection: Level '/Game/ZTD_Blueprint/Maps/Menu_Main.Menu_Main:PersistentLevel' has LevelScriptBlueprint '/Game/ZTD_Blueprint/Maps/Menu_Main.Menu_Main:PersistentLevel.Menu_Main' with GeneratedClass '/Game/ZTD_Blueprint/Maps/Menu_Main.Menu_Main_C' with ClassGeneratedBy '/Game/ZTD_Blueprint/Maps/Menu_Main.Menu_Main:PersistentLevel.Menu_Main'
[2017.04.19-06.45.07:613][181]LogBlueprintUserMessages: Late EndPlayMap Detection: Level '/Game/ZTD_Blueprint/Maps/Menu_Main.Menu_Main:PersistentLevel' has LevelScriptBlueprint '/Game/ZTD_Blueprint/Maps/Menu_Main.Menu_Main:PersistentLevel.Menu_Main' with GeneratedClass '/Game/ZTD_Blueprint/Maps/Menu_Main.Menu_Main_C' with ClassGeneratedBy '/Game/ZTD_Blueprint/Maps/Menu_Main.Menu_Main:PersistentLevel.Menu_Main'
[2017.04.19-06.45.08:778][252]LogTemp: Repeting last play command: Selected Viewport
[2017.04.19-06.45.08:796][252]LogBlueprintUserMessages: Early PlayInEditor Detection: Level '/Game/ZTD_Blueprint/Maps/Menu_Main.Menu_Main:PersistentLevel' has LevelScriptBlueprint '/Game/ZTD_Blueprint/Maps/Menu_Main.Menu_Main:PersistentLevel.Menu_Main' with GeneratedClass '/Game/ZTD_Blueprint/Maps/Menu_Main.Menu_Main_C' with ClassGeneratedBy '/Game/ZTD_Blueprint/Maps/Menu_Main.Menu_Main:PersistentLevel.Menu_Main'
[2017.04.19-06.45.08:796][252]LogPlayLevel: PlayLevel: No blueprints needed recompiling
[2017.04.19-06.45.08:796][252]PIE: New page: PIE session: Menu_Main (Apr 18, 2017, 8:45:08 PM)
[2017.04.19-06.45.08:797][252]LogPlayLevel: Creating play world package: /Game/ZTD_Blueprint/Maps/UEDPIE_0_Menu_Main
[2017.04.19-06.45.08:798][252]LogPlayLevel: PIE: StaticDuplicateObject took: (0.001056s)
[2017.04.19-06.45.08:799][252]LogAIModule: Creating AISystem for world Menu_Main
[2017.04.19-06.45.08:799][252]LogPlayLevel: PIE: World Init took: (0.000506s)
[2017.04.19-06.45.08:799][252]LogPlayLevel: PIE: Created PIE world by copying editor world from /Game/ZTD_Blueprint/Maps/Menu_Main.Menu_Main to /Game/ZTD_Blueprint/Maps/UEDPIE_0_Menu_Main.Menu_Main (0.001746s)
[2017.04.19-06.45.08:817][252]LogInit: XAudio2 using 'Speakers (Realtek High Definition Audio)' : 8 channels at 48 kHz using 32 bits per sample (channel mask 0x63f)
[2017.04.19-06.45.08:822][252]LogInit: FAudioDevice initialized.
[2017.04.19-06.45.08:866][252]LogLoad: Game class is 'ZTD_MainMenu_Mode_C'
[2017.04.19-06.45.08:867][252]LogWorld: Bringing World /Game/ZTD_Blueprint/Maps/UEDPIE_0_Menu_Main.Menu_Main up for play (max tick rate 62) at 2017.04.19-01.45.08
[2017.04.19-06.45.08:868][252]LogWorld: Bringing up level for play took: 0.000789
[2017.04.19-06.45.08:868][252]LogGameMode: Warning - PATHS NOT DEFINED or NO PLAYERSTART with positive rating
[2017.04.19-06.45.08:868][252]Cmd: t.MaxFPS 62.0
[2017.04.19-06.45.08:869][252]t.MaxFPS = "62"
[2017.04.19-06.45.08:876][252]PIE: Info Play in editor start time for /Game/ZTD_Blueprint/Maps/UEDPIE_0_Menu_Main -0.382
[2017.04.19-06.45.08:876][252]LogBlueprintUserMessages: Late PlayInEditor Detection: Level '/Game/ZTD_Blueprint/Maps/Menu_Main.Menu_Main:PersistentLevel' has LevelScriptBlueprint '/Game/ZTD_Blueprint/Maps/Menu_Main.Menu_Main:PersistentLevel.Menu_Main' with GeneratedClass '/Game/ZTD_Blueprint/Maps/Menu_Main.Menu_Main_C' with ClassGeneratedBy '/Game/ZTD_Blueprint/Maps/Menu_Main.Menu_Main:PersistentLevel.Menu_Main'
[2017.04.19-06.45.10:341][341]LogNet: Browse: /Game/ZTD_Blueprint/Maps/Protomap
[2017.04.19-06.45.10:341][341]LogLoad: LoadMap: /Game/ZTD_Blueprint/Maps/Protomap
[2017.04.19-06.45.10:357][341]Cmd: MEM
[2017.04.19-06.45.10:369][341]LogMemory: Platform Memory Stats for Windows
[2017.04.19-06.45.10:369][341]LogMemory: Process Physical Memory: 1541.81 MB used, 1546.25 MB peak
[2017.04.19-06.45.10:369][341]LogMemory: Process Virtual Memory: 2486.63 MB used, 2511.77 MB peak
[2017.04.19-06.45.10:369][341]LogMemory: Physical Memory: 7188.52 MB used,  9151.05 MB free, 16339.57 MB total
[2017.04.19-06.45.10:369][341]LogMemory: Virtual Memory: 3245.43 MB used,  9151.05 MB free, 8388608.00 MB total
[2017.04.19-06.45.10:369][341]LogMemory: 
[2017.04.19-06.45.10:369][341]Allocator Stats for TBB: (not implemented)
[2017.04.19-06.45.10:825][341]LogAIModule: Creating AISystem for world Protomap
[2017.04.19-06.45.10:825][341]LogLoad: Game class is 'ZTD_GameMode_C'
[2017.04.19-06.45.10:871][341]LogWorld: Bringing World /Game/ZTD_Blueprint/Maps/UEDPIE_0_Protomap.Protomap up for play (max tick rate 62) at 2017.04.19-01.45.10
[2017.04.19-06.45.10:871][341]LogWorld: Bringing up level for play took: 0.045538
[2017.04.19-06.45.10:876][341]LogLoad: Took 0.534546 seconds to LoadMap(/Game/ZTD_Blueprint/Maps/Protomap)
[2017.04.19-06.45.10:918][342]LogCharacterMovement:Warning: GetSimulationTimeStep() - Max iterations 8 hit while remaining time 0.089333 > MaxSimulationTimeStep (0.050) for 'Player_Character_C_0', movement 'Walking'
[2017.04.19-06.45.11:916][404]LogBlueprintUserMessages: [Player_Controller_C_0] Pistol Selected!
[2017.04.19-06.45.12:610][447]LogBlueprintUserMessages: [Player_Controller_C_0] Assault Rifle Selected!
[2017.04.19-06.45.13:416][497]LogBlueprintUserMessages: [Player_Controller_C_0] Sniper Rifle Selected!
[2017.04.19-06.45.16:706][701]LogBlueprintUserMessages: [Ingame_UI_C_9] Tower Placement Enabled
[2017.04.19-06.45.17:529][752]LogBlueprintUserMessages: [ZTD_GameMode_C_0] SpawningZombie
[2017.04.19-06.45.17:545][753]LogBlueprintUserMessages: [Player_Controller_C_0] Sniper Tower Selected!
[2017.04.19-06.45.18:532][812]LogBlueprintUserMessages: [ZTD_GameMode_C_0] SpawningZombie
[2017.04.19-06.45.18:677][821]LogBlueprintUserMessages: [Player_Controller_C_0] Flame Thrower Tower Selected!
[2017.04.19-06.45.19:534][872]LogBlueprintUserMessages: [ZTD_GameMode_C_0] SpawningZombie
[2017.04.19-06.45.19:599][876]LogBlueprintUserMessages: [Player_Controller_C_0] Grenade Launcher Tower Selected!
[2017.04.19-06.45.20:730][944]LogBlueprintUserMessages: [Player_Controller_C_0] Sniper Tower Selected!
[2017.04.19-06.45.21:040][961]LogBlueprintUserMessages: [Player_Controller_C_0] Flame Thrower Tower Selected!
[2017.04.19-06.45.21:268][973]LogBlueprintUserMessages: [Player_Controller_C_0] Grenade Launcher Tower Selected!
[2017.04.19-06.45.22:931][ 74]LogBlueprintUserMessages: [Player_Controller_C_0] Machine Gun Tower Selected!
[2017.04.19-06.45.23:805][126]LogBlueprintUserMessages: [Player_Controller_C_0] Machine Gun Tower Selected!
[2017.04.19-06.45.24:018][137]LogBlueprintUserMessages: [Player_Controller_C_0] Machine Gun Tower Selected!
[2017.04.19-06.45.24:312][153]LogBlueprintUserMessages: [Player_Controller_C_0] Grenade Launcher Tower Selected!
[2017.04.19-06.45.25:686][236]LogBlueprintUserMessages: [Player_Controller_C_0] Grenade Launcher Tower Selected!
[2017.04.19-06.45.26:996][315]LogCharacterMovement: Zombie_Character_C_0 is stuck and failed to move! Velocity: X=7.25 Y=-32.23 Z=0.00 Location: X=4335.18 Y=1895.36 Z=159.33 Normal: X=-0.90 Y=0.44 Z=0.00 PenetrationDepth:13.882 Actor:Zombie_Character_C_1 Component:CharacterMesh0 BoneName:hand_r (0 other events since notify)
[2017.04.19-06.45.27:673][357]LogBlueprintUserMessages: [Player_Controller_C_0] Machine Gun Tower Selected!
[2017.04.19-06.45.28:031][377]LogBlueprintUserMessages: [Player_Controller_C_0] Sniper Tower Selected!
[2017.04.19-06.45.28:550][407]LogBlueprintUserMessages: [Player_Controller_C_0] Flame Thrower Tower Selected!
[2017.04.19-06.45.29:214][446]LogBlueprintUserMessages: [Player_Controller_C_0] Machine Gun Tower Selected!
[2017.04.19-06.45.29:750][477]LogBlueprintUserMessages: [Player_Controller_C_0] Sniper Tower Selected!
[2017.04.19-06.45.30:076][495]LogBlueprintUserMessages: [Player_Controller_C_0] Flame Thrower Tower Selected!
[2017.04.19-06.45.30:483][518]LogBlueprintUserMessages: [Player_Controller_C_0] Grenade Launcher Tower Selected!
[2017.04.19-06.45.31:485][578]LogBlueprintUserMessages: [Player_Controller_C_0] Machine Gun Tower Selected!
[2017.04.19-06.45.31:779][594]LogBlueprintUserMessages: [Player_Controller_C_0] Sniper Tower Selected!
[2017.04.19-06.45.32:039][608]LogBlueprintUserMessages: [Player_Controller_C_0] Flame Thrower Tower Selected!
[2017.04.19-06.45.32:284][621]LogBlueprintUserMessages: [Player_Controller_C_0] Grenade Launcher Tower Selected!
[2017.04.19-06.45.35:270][804]LogBlueprintUserMessages: [Ingame_UI_C_9] Shooting Enabled
[2017.04.19-06.45.36:835][901]LogBlueprintUserMessages: [Player_Controller_C_0] Pistol Selected!
[2017.04.19-06.45.37:287][929]LogBlueprintUserMessages: [Player_Controller_C_0] Assault Rifle Selected!
[2017.04.19-06.45.37:577][947]LogBlueprintUserMessages: [Player_Controller_C_0] Sniper Rifle Selected!
[2017.04.19-06.45.38:641][ 13]LogBlueprintUserMessages: [Player_Controller_C_0] Pistol Selected!
[2017.04.19-06.45.38:642][ 13]LogCharacterMovement: Zombie_Character_C_0 is stuck and failed to move! Velocity: X=8.51 Y=-31.92 Z=0.00 Location: X=4308.69 Y=1906.09 Z=157.55 Normal: X=-0.75 Y=0.66 Z=0.00 PenetrationDepth:15.160 Actor:Zombie_Character_C_2 Component:CharacterMesh0 BoneName:hand_r (1 other events since notify)
[2017.04.19-06.45.38:883][ 28]LogBlueprintUserMessages: [Player_Controller_C_0] Assault Rifle Selected!
[2017.04.19-06.45.39:125][ 43]LogBlueprintUserMessages: [Player_Controller_C_0] Sniper Rifle Selected!
[2017.04.19-06.45.39:255][ 51]LogCharacterMovement: Zombie_Character_C_1 is stuck and failed to move! Velocity: X=-31.21 Y=172.19 Z=0.00 Location: X=4378.92 Y=1810.47 Z=158.03 Normal: X=0.96 Y=-0.29 Z=0.00 PenetrationDepth:0.637 Actor:Zombie_Character_C_0 Component:CharacterMesh0 BoneName:lowerarm_r (0 other events since notify)
[2017.04.19-06.45.40:450][125]LogBlueprintUserMessages: Early EndPlayMap Detection: Level '/Game/ZTD_Blueprint/Maps/Menu_Main.Menu_Main:PersistentLevel' has LevelScriptBlueprint '/Game/ZTD_Blueprint/Maps/Menu_Main.Menu_Main:PersistentLevel.Menu_Main' with GeneratedClass '/Game/ZTD_Blueprint/Maps/Menu_Main.Menu_Main_C' with ClassGeneratedBy '/Game/ZTD_Blueprint/Maps/Menu_Main.Menu_Main:PersistentLevel.Menu_Main'
[2017.04.19-06.45.40:500][125]LogBlueprintUserMessages: Late EndPlayMap Detection: Level '/Game/ZTD_Blueprint/Maps/Menu_Main.Menu_Main:PersistentLevel' has LevelScriptBlueprint '/Game/ZTD_Blueprint/Maps/Menu_Main.Menu_Main:PersistentLevel.Menu_Main' with GeneratedClass '/Game/ZTD_Blueprint/Maps/Menu_Main.Menu_Main_C' with ClassGeneratedBy '/Game/ZTD_Blueprint/Maps/Menu_Main.Menu_Main:PersistentLevel.Menu_Main'
[2017.04.19-06.48.40:095][210]BlueprintLog: New page: Compile Ingame_UI
[2017.04.19-06.49.49:595][499]BlueprintLog: New page: Compile Ingame_UI
[2017.04.19-06.49.51:198][578]LogSavePackage: Save=100.86ms
[2017.04.19-06.49.51:198][578]LogSavePackage: Moving '../../../../../UE4 Projects/ZombieStuff/Zombie_TowerDefense/Saved/Ingame_UI4D5C7AD84484E7475B4D37BEA1C03253.tmp' to '../../../../../UE4 Projects/ZombieStuff/Zombie_TowerDefense/Content/ZTD_Blueprint/Blueprints/HUD/Ingame_UI.uasset'
[2017.04.19-06.49.51:199][578]LogSavePackage:Display: Finished SavePackage ../../../../../UE4 Projects/ZombieStuff/Zombie_TowerDefense/Content/ZTD_Blueprint/Blueprints/HUD/Ingame_UI.uasset
[2017.04.19-06.52.38:348][459]LogFileHelpers: Editor autosave (incl. sublevels) for '/Game/ZTD_Blueprint/Maps/Menu_Main' took 0.015
[2017.04.19-06.52.38:350][459]OBJ SavePackage: Generating thumbnails for [0] asset(s) in package [/Game/ZTD_Blueprint/Blueprints/HUD/Ingame_UI] ([1] browsable assets)...
[2017.04.19-06.52.38:350][459]OBJ SavePackage: Finished generating thumbnails for package [/Game/ZTD_Blueprint/Blueprints/HUD/Ingame_UI]
[2017.04.19-06.52.38:450][459]LogSavePackage: Save=91.28ms
[2017.04.19-06.52.38:450][459]LogSavePackage: Moving '../../../../../UE4 Projects/ZombieStuff/Zombie_TowerDefense/Saved/Ingame_UI_Auto143780BE344059944805779AE891CCBCC.tmp' to '../../../../../UE4 Projects/ZombieStuff/Zombie_TowerDefense/Saved/Autosaves/Game/ZTD_Blueprint/Blueprints/HUD/Ingame_UI_Auto1.uasset'
[2017.04.19-06.52.38:451][459]LogSavePackage:Display: Finished SavePackage ../../../../../UE4 Projects/ZombieStuff/Zombie_TowerDefense/Saved/Autosaves/Game/ZTD_Blueprint/Blueprints/HUD/Ingame_UI_Auto1.uasset
[2017.04.19-06.52.38:451][459]LogFileHelpers: Auto-saving content packages took 0.103
[2017.04.19-06.54.46:811][420]Warning: Unable to find function null in object null for delegate (found class: Image)
