Log file open, 05/01/17 17:23:18
LogInit:Display: Running engine for game: Zombie_Tower_Defense
LogPlatformFile: Not using cached read wrapper
LogInit:Display: RandInit(-1004568268) SRandInit(-1004568268).
LogTaskGraph: Started task graph with 5 named threads and 8 total threads with 1 sets of task threads.
LogStats: Stats thread started at 0.076873
LogPluginManager: Loaded Plugin Paper2D, From C:/Program Files (x86)/Epic Games/4.14/Engine/Plugins/2D/Paper2D/Paper2D.uplugin
LogPluginManager: Loaded Plugin LightPropagationVolume, From C:/Program Files (x86)/Epic Games/4.14/Engine/Plugins/Blendables/LightPropagationVolume/LightPropagationVolume.uplugin
LogPluginManager: Loaded Plugin BlankPlugin, From C:/Program Files (x86)/Epic Games/4.14/Engine/Plugins/Developer/BlankPlugin/BlankPlugin.uplugin
LogPluginManager: Loaded Plugin CodeLiteSourceCodeAccess, From C:/Program Files (x86)/Epic Games/4.14/Engine/Plugins/Developer/CodeLiteSourceCodeAccess/CodeLiteSourceCodeAccess.uplugin
LogPluginManager: Loaded Plugin GitSourceControl, From C:/Program Files (x86)/Epic Games/4.14/Engine/Plugins/Developer/GitSourceControl/GitSourceControl.uplugin
LogPluginManager: Loaded Plugin KDevelopSourceCodeAccess, From C:/Program Files (x86)/Epic Games/4.14/Engine/Plugins/Developer/KDevelopSourceCodeAccess/KDevelopSourceCodeAccess.uplugin
LogPluginManager: Loaded Plugin NullSourceCodeAccess, From C:/Program Files (x86)/Epic Games/4.14/Engine/Plugins/Developer/NullSourceCodeAccess/NullSourceCodeAccess.uplugin
LogPluginManager: Loaded Plugin OneSkyLocalizationService, From C:/Program Files (x86)/Epic Games/4.14/Engine/Plugins/Developer/OneSkyLocalizationService/OneSkyLocalizationService.uplugin
LogPluginManager: Loaded Plugin PerforceSourceControl, From C:/Program Files (x86)/Epic Games/4.14/Engine/Plugins/Developer/PerforceSourceControl/PerforceSourceControl.uplugin
LogPluginManager: Loaded Plugin SubversionSourceControl, From C:/Program Files (x86)/Epic Games/4.14/Engine/Plugins/Developer/SubversionSourceControl/SubversionSourceControl.uplugin
LogPluginManager: Loaded Plugin UObjectPlugin, From C:/Program Files (x86)/Epic Games/4.14/Engine/Plugins/Developer/UObjectPlugin/UObjectPlugin.uplugin
LogPluginManager: Loaded Plugin VisualStudioSourceCodeAccess, From C:/Program Files (x86)/Epic Games/4.14/Engine/Plugins/Developer/VisualStudioSourceCodeAccess/VisualStudioSourceCodeAccess.uplugin
LogPluginManager: Loaded Plugin XCodeSourceCodeAccess, From C:/Program Files (x86)/Epic Games/4.14/Engine/Plugins/Developer/XCodeSourceCodeAccess/XCodeSourceCodeAccess.uplugin
LogPluginManager: Loaded Plugin AudioCapture, From C:/Program Files (x86)/Epic Games/4.14/Engine/Plugins/Editor/AudioCapture/AudioCapture.uplugin
LogPluginManager: Loaded Plugin EpicSurvey, From C:/Program Files (x86)/Epic Games/4.14/Engine/Plugins/Editor/EpicSurvey/EpicSurvey.uplugin
LogPluginManager: Loaded Plugin MacGraphicsSwitching, From C:/Program Files (x86)/Epic Games/4.14/Engine/Plugins/Editor/MacGraphicsSwitching/MacGraphicsSwitching.uplugin
LogPluginManager: Loaded Plugin MobileLauncherProfileWizard, From C:/Program Files (x86)/Epic Games/4.14/Engine/Plugins/Editor/MobileLauncherProfileWizard/MobileLauncherProfileWizard.uplugin
LogPluginManager: Loaded Plugin PluginBrowser, From C:/Program Files (x86)/Epic Games/4.14/Engine/Plugins/Editor/PluginBrowser/PluginBrowser.uplugin
LogPluginManager: Loaded Plugin SpeedTreeImporter, From C:/Program Files (x86)/Epic Games/4.14/Engine/Plugins/Editor/SpeedTreeImporter/SpeedTreeImporter.uplugin
LogPluginManager: Loaded Plugin SuperSearchEditor, From C:/Program Files (x86)/Epic Games/4.14/Engine/Plugins/Editor/SuperSearchEditor/SuperSearchEditor.uplugin
LogPluginManager: Loaded Plugin AlembicImporter, From C:/Program Files (x86)/Epic Games/4.14/Engine/Plugins/Experimental/AlembicImporter/AlembicImporter.uplugin
LogPluginManager: Loaded Plugin BlueprintStats, From C:/Program Files (x86)/Epic Games/4.14/Engine/Plugins/Experimental/BlueprintStats/BlueprintStats.uplugin
LogPluginManager: Loaded Plugin CharacterAI, From C:/Program Files (x86)/Epic Games/4.14/Engine/Plugins/Experimental/CharacterAI/CharacterAI.uplugin
LogPluginManager: Loaded Plugin CodeEditor, From C:/Program Files (x86)/Epic Games/4.14/Engine/Plugins/Experimental/CodeEditor/CodeEditor.uplugin
LogPluginManager: Loaded Plugin CodeView, From C:/Program Files (x86)/Epic Games/4.14/Engine/Plugins/Experimental/CodeView/CodeView.uplugin
LogPluginManager: Loaded Plugin HTML5Networking, From C:/Program Files (x86)/Epic Games/4.14/Engine/Plugins/Experimental/HTML5Networking/HTML5Networking.uplugin
LogPluginManager: Loaded Plugin OSVR, From C:/Program Files (x86)/Epic Games/4.14/Engine/Plugins/Experimental/OSVR/OSVR.uplugin
LogPluginManager: Loaded Plugin Phya, From C:/Program Files (x86)/Epic Games/4.14/Engine/Plugins/Experimental/Phya/Phya.uplugin
LogPluginManager: Loaded Plugin SignificanceManager, From C:/Program Files (x86)/Epic Games/4.14/Engine/Plugins/Experimental/SignificanceManager/SignificanceManager.uplugin
LogPluginManager: Loaded Plugin SimpleHMD, From C:/Program Files (x86)/Epic Games/4.14/Engine/Plugins/Experimental/SimpleHMD/SimpleHMD.uplugin
LogPluginManager: Loaded Plugin StereoPanorama, From C:/Program Files (x86)/Epic Games/4.14/Engine/Plugins/Experimental/StereoPanorama/StereoPanorama.uplugin
LogPluginManager: Loaded Plugin StructBox, From C:/Program Files (x86)/Epic Games/4.14/Engine/Plugins/Experimental/StructBox/StructBox.uplugin
LogPluginManager: Loaded Plugin AndroidMedia, From C:/Program Files (x86)/Epic Games/4.14/Engine/Plugins/Media/AndroidMedia/AndroidMedia.uplugin
LogPluginManager: Loaded Plugin AvfMedia, From C:/Program Files (x86)/Epic Games/4.14/Engine/Plugins/Media/AvfMedia/AvfMedia.uplugin
LogPluginManager: Loaded Plugin MediaPlayerEditor, From C:/Program Files (x86)/Epic Games/4.14/Engine/Plugins/Media/MediaPlayerEditor/MediaPlayerEditor.uplugin
LogPluginManager: Loaded Plugin WmfMedia, From C:/Program Files (x86)/Epic Games/4.14/Engine/Plugins/Media/WmfMedia/WmfMedia.uplugin
LogPluginManager: Loaded Plugin MessagingDebugger, From C:/Program Files (x86)/Epic Games/4.14/Engine/Plugins/Messaging/MessagingDebugger/MessagingDebugger.uplugin
LogPluginManager: Loaded Plugin TcpMessaging, From C:/Program Files (x86)/Epic Games/4.14/Engine/Plugins/Messaging/TcpMessaging/TcpMessaging.uplugin
LogPluginManager: Loaded Plugin UdpMessaging, From C:/Program Files (x86)/Epic Games/4.14/Engine/Plugins/Messaging/UdpMessaging/UdpMessaging.uplugin
LogPluginManager: Loaded Plugin LevelSequenceEditor, From C:/Program Files (x86)/Epic Games/4.14/Engine/Plugins/MovieScene/LevelSequenceEditor/LevelSequenceEditor.uplugin
LogPluginManager: Loaded Plugin MatineeToLevelSequence, From C:/Program Files (x86)/Epic Games/4.14/Engine/Plugins/MovieScene/MatineeToLevelSequence/MatineeToLevelSequence.uplugin
LogPluginManager: Loaded Plugin NetcodeUnitTest, From C:/Program Files (x86)/Epic Games/4.14/Engine/Plugins/NetcodeUnitTest/NetcodeUnitTest/NetcodeUnitTest.uplugin
LogPluginManager: Loaded Plugin NUTUnrealEngine4, From C:/Program Files (x86)/Epic Games/4.14/Engine/Plugins/NetcodeUnitTest/NUTUnrealEngine4/NUTUnrealEngine4.uplugin
LogPluginManager: Loaded Plugin OnlineSubsystemGameCircle, From C:/Program Files (x86)/Epic Games/4.14/Engine/Plugins/Online/Android/OnlineSubsystemGameCircle/OnlineSubsystemGameCircle.uplugin
LogPluginManager: Loaded Plugin OnlineSubsystemGooglePlay, From C:/Program Files (x86)/Epic Games/4.14/Engine/Plugins/Online/Android/OnlineSubsystemGooglePlay/OnlineSubsystemGooglePlay.uplugin
LogPluginManager: Loaded Plugin OnlineSubsystemIOS, From C:/Program Files (x86)/Epic Games/4.14/Engine/Plugins/Online/IOS/OnlineSubsystemIOS/OnlineSubsystemIOS.uplugin
LogPluginManager: Loaded Plugin OnlineFramework, From C:/Program Files (x86)/Epic Games/4.14/Engine/Plugins/Online/OnlineFramework/OnlineFramework.uplugin
LogPluginManager: Loaded Plugin OnlineSubsystem, From C:/Program Files (x86)/Epic Games/4.14/Engine/Plugins/Online/OnlineSubsystem/OnlineSubsystem.uplugin
LogPluginManager: Loaded Plugin OnlineSubsystemAmazon, From C:/Program Files (x86)/Epic Games/4.14/Engine/Plugins/Online/OnlineSubsystemAmazon/OnlineSubsystemAmazon.uplugin
LogPluginManager: Loaded Plugin OnlineSubsystemFacebook, From C:/Program Files (x86)/Epic Games/4.14/Engine/Plugins/Online/OnlineSubsystemFacebook/OnlineSubsystemFacebook.uplugin
LogPluginManager: Loaded Plugin OnlineSubsystemNull, From C:/Program Files (x86)/Epic Games/4.14/Engine/Plugins/Online/OnlineSubsystemNull/OnlineSubsystemNull.uplugin
LogPluginManager: Loaded Plugin OnlineSubsystemOculus, From C:/Program Files (x86)/Epic Games/4.14/Engine/Plugins/Online/OnlineSubsystemOculus/OnlineSubsystemOculus.uplugin
LogPluginManager: Loaded Plugin OnlineSubsystemSteam, From C:/Program Files (x86)/Epic Games/4.14/Engine/Plugins/Online/OnlineSubsystemSteam/OnlineSubsystemSteam.uplugin
LogPluginManager: Loaded Plugin OnlineSubsystemUtils, From C:/Program Files (x86)/Epic Games/4.14/Engine/Plugins/Online/OnlineSubsystemUtils/OnlineSubsystemUtils.uplugin
LogPluginManager: Loaded Plugin IOSTapJoy, From C:/Program Files (x86)/Epic Games/4.14/Engine/Plugins/Runtime/Advertising/IOSTapJoy/IOSTapJoy.uplugin
LogPluginManager: Loaded Plugin AnalyticsBlueprintLibrary, From C:/Program Files (x86)/Epic Games/4.14/Engine/Plugins/Runtime/Analytics/AnalyticsBlueprintLibrary/AnalyticsBlueprintLibrary.uplugin
LogPluginManager: Loaded Plugin AnalyticsMulticast, From C:/Program Files (x86)/Epic Games/4.14/Engine/Plugins/Runtime/Analytics/AnalyticsMulticast/AnalyticsMulticast.uplugin
LogPluginManager: Loaded Plugin Apsalar, From C:/Program Files (x86)/Epic Games/4.14/Engine/Plugins/Runtime/Analytics/Apsalar/Apsalar.uplugin
LogPluginManager: Loaded Plugin FileLogging, From C:/Program Files (x86)/Epic Games/4.14/Engine/Plugins/Runtime/Analytics/FileLogging/FileLogging.uplugin
LogPluginManager: Loaded Plugin Flurry, From C:/Program Files (x86)/Epic Games/4.14/Engine/Plugins/Runtime/Analytics/Flurry/Flurry.uplugin
LogPluginManager: Loaded Plugin AndroidDeviceProfileSelector, From C:/Program Files (x86)/Epic Games/4.14/Engine/Plugins/Runtime/AndroidDeviceProfileSelector/AndroidDeviceProfileSelector.uplugin
LogPluginManager: Loaded Plugin AndroidMoviePlayer, From C:/Program Files (x86)/Epic Games/4.14/Engine/Plugins/Runtime/AndroidMoviePlayer/AndroidMoviePlayer.uplugin
LogPluginManager: Loaded Plugin AppleMoviePlayer, From C:/Program Files (x86)/Epic Games/4.14/Engine/Plugins/Runtime/AppleMoviePlayer/AppleMoviePlayer.uplugin
LogPluginManager: Loaded Plugin ArchVisCharacter, From C:/Program Files (x86)/Epic Games/4.14/Engine/Plugins/Runtime/ArchVisCharacter/ArchVisCharacter.uplugin
LogPluginManager: Loaded Plugin CableComponent, From C:/Program Files (x86)/Epic Games/4.14/Engine/Plugins/Runtime/CableComponent/CableComponent.uplugin
LogPluginManager: Loaded Plugin CustomMeshComponent, From C:/Program Files (x86)/Epic Games/4.14/Engine/Plugins/Runtime/CustomMeshComponent/CustomMeshComponent.uplugin
LogPluginManager: Loaded Plugin ExampleDeviceProfileSelector, From C:/Program Files (x86)/Epic Games/4.14/Engine/Plugins/Runtime/ExampleDeviceProfileSelector/ExampleDeviceProfileSelector.uplugin
LogPluginManager: Loaded Plugin GearVR, From C:/Program Files (x86)/Epic Games/4.14/Engine/Plugins/Runtime/GearVR/GearVR.uplugin
LogPluginManager: Loaded Plugin GoogleVRController, From C:/Program Files (x86)/Epic Games/4.14/Engine/Plugins/Runtime/GoogleVR/GoogleVRController/GoogleVRController.uplugin
LogPluginManager: Loaded Plugin GoogleVRHMD, From C:/Program Files (x86)/Epic Games/4.14/Engine/Plugins/Runtime/GoogleVR/GoogleVRHMD/GoogleVRHMD.uplugin
LogPluginManager: Loaded Plugin IOSDeviceProfileSelector, From C:/Program Files (x86)/Epic Games/4.14/Engine/Plugins/Runtime/IOSDeviceProfileSelector/IOSDeviceProfileSelector.uplugin
LogPluginManager: Loaded Plugin LeapMotion, From C:/Program Files (x86)/Epic Games/4.14/Engine/Plugins/Runtime/LeapMotion/LeapMotion.uplugin
LogPluginManager: Loaded Plugin LinuxDeviceProfileSelector, From C:/Program Files (x86)/Epic Games/4.14/Engine/Plugins/Runtime/LinuxDeviceProfileSelector/LinuxDeviceProfileSelector.uplugin
LogPluginManager: Loaded Plugin MIDIDevice, From C:/Program Files (x86)/Epic Games/4.14/Engine/Plugins/Runtime/MIDIDevice/MIDIDevice.uplugin
LogPluginManager: Loaded Plugin MobilePatchingUtils, From C:/Program Files (x86)/Epic Games/4.14/Engine/Plugins/Runtime/MobilePatchingUtils/MobilePatchingUtils.uplugin
LogPluginManager: Loaded Plugin Ansel, From C:/Program Files (x86)/Epic Games/4.14/Engine/Plugins/Runtime/Nvidia/Ansel/Ansel.uplugin
LogPluginManager: Loaded Plugin OculusAudio, From C:/Program Files (x86)/Epic Games/4.14/Engine/Plugins/Runtime/OculusAudio/OculusAudio.uplugin
LogPluginManager: Loaded Plugin OculusInput, From C:/Program Files (x86)/Epic Games/4.14/Engine/Plugins/Runtime/OculusInput/OculusInput.uplugin
LogPluginManager: Loaded Plugin OculusLibrary, From C:/Program Files (x86)/Epic Games/4.14/Engine/Plugins/Runtime/OculusLibrary/OculusLibrary.uplugin
LogPluginManager: Loaded Plugin OculusRift, From C:/Program Files (x86)/Epic Games/4.14/Engine/Plugins/Runtime/OculusRift/OculusRift.uplugin
LogPluginManager: Loaded Plugin Oodle, From C:/Program Files (x86)/Epic Games/4.14/Engine/Plugins/Runtime/PacketHandlers/CompressionComponents/Oodle/Oodle.uplugin
LogPluginManager: Loaded Plugin ProceduralMeshComponent, From C:/Program Files (x86)/Epic Games/4.14/Engine/Plugins/Runtime/ProceduralMeshComponent/ProceduralMeshComponent.uplugin
LogPluginManager: Loaded Plugin SoundMod, From C:/Program Files (x86)/Epic Games/4.14/Engine/Plugins/Runtime/SoundMod/SoundMod.uplugin
LogPluginManager: Loaded Plugin SoundVisualizations, From C:/Program Files (x86)/Epic Games/4.14/Engine/Plugins/Runtime/SoundVisualizations/SoundVisualizations.uplugin
LogPluginManager: Loaded Plugin SteamController, From C:/Program Files (x86)/Epic Games/4.14/Engine/Plugins/Runtime/Steam/SteamController/SteamController.uplugin
LogPluginManager: Loaded Plugin SteamVR, From C:/Program Files (x86)/Epic Games/4.14/Engine/Plugins/Runtime/Steam/SteamVR/SteamVR.uplugin
LogPluginManager: Loaded Plugin WebBrowserWidget, From C:/Program Files (x86)/Epic Games/4.14/Engine/Plugins/Runtime/WebBrowserWidget/WebBrowserWidget.uplugin
LogPluginManager: Loaded Plugin WindowsDeviceProfileSelector, From C:/Program Files (x86)/Epic Games/4.14/Engine/Plugins/Runtime/WindowsDeviceProfileSelector/WindowsDeviceProfileSelector.uplugin
LogPluginManager: Loaded Plugin WindowsMoviePlayer, From C:/Program Files (x86)/Epic Games/4.14/Engine/Plugins/Runtime/WindowsMoviePlayer/WindowsMoviePlayer.uplugin
LogPluginManager: Loaded Plugin ScriptPlugin, From C:/Program Files (x86)/Epic Games/4.14/Engine/Plugins/ScriptPlugin/ScriptPlugin.uplugin
LogPluginManager: Loaded Plugin SlateRemote, From C:/Program Files (x86)/Epic Games/4.14/Engine/Plugins/Slate/SlateRemote/SlateRemote.uplugin
LogPluginManager: Loaded Plugin EditorTests, From C:/Program Files (x86)/Epic Games/4.14/Engine/Plugins/Tests/EditorTests/EditorTests.uplugin
LogPluginManager: Loaded Plugin FbxAutomationTestBuilder, From C:/Program Files (x86)/Epic Games/4.14/Engine/Plugins/Tests/FbxAutomationTestBuilder/FbxAutomationTestBuilder.uplugin
LogPluginManager: Loaded Plugin FunctionalTestingEditor, From C:/Program Files (x86)/Epic Games/4.14/Engine/Plugins/Tests/FunctionalTestingEditor/FunctionalTestingEditor.uplugin
LogPluginManager: Loaded Plugin RuntimeTests, From C:/Program Files (x86)/Epic Games/4.14/Engine/Plugins/Tests/RuntimeTests/RuntimeTests.uplugin
LogPluginManager: Loaded Plugin ScreenshotTools, From C:/Program Files (x86)/Epic Games/4.14/Engine/Plugins/Tests/ScreenshotTools/ScreenshotTools.uplugin
LogInit: Using libcurl 7.47.1
LogInit:  - built for x86_64-pc-win32
LogInit:  - supports SSL with OpenSSL/1.0.2g
LogInit:  - supports HTTP deflate (compression) using libz 1.2.8
LogInit:  - other features:
LogInit:      CURL_VERSION_SSL
LogInit:      CURL_VERSION_LIBZ
LogInit:      CURL_VERSION_IPV6
LogInit:      CURL_VERSION_ASYNCHDNS
LogInit:      CURL_VERSION_LARGEFILE
LogInit:      CURL_VERSION_IDN
LogInit:  CurlRequestOptions (configurable via config and command line):
LogInit:  - bVerifyPeer = false  - Libcurl will NOT verify peer certificate
LogInit:  - bUseHttpProxy = false  - Libcurl will NOT use HTTP proxy
LogInit:  - bDontReuseConnections = false  - Libcurl will reuse connections
LogInit:  - CertBundlePath = nullptr  - Libcurl will use whatever was configured at build time.
LogInit: Build: ++UE4+Release-4.14-CL-3249277
LogInit: Engine Version: 4.14.3-3249277+++UE4+Release-4.14
LogInit: Compatible Engine Version: 4.14.0-3195953+++UE4+Release-4.14
LogInit: Net CL: 3195953
LogDevObjectVersion: Number of dev versions registered: 13
LogDevObjectVersion:   Dev-Blueprints (B0D832E4-1F89-4F0D-ACCF-7EB736FD4AA2): 7
LogDevObjectVersion:   Dev-Build (E1C64328-A22C-4D53-A36C-8E866417BD8C): 0
LogDevObjectVersion:   Dev-Core (375EC13C-06E4-48FB-B500-84F0262A717E): 1
LogDevObjectVersion:   Dev-Editor (E4B068ED-F494-42E9-A231-DA0B2E46BB41): 8
LogDevObjectVersion:   Dev-Framework (CFFC743F-43B0-4480-9391-14DF171D2073): 17
LogDevObjectVersion:   Dev-Mobile (B02B49B5-BB20-44E9-A304-32B752E40360): 0
LogDevObjectVersion:   Dev-Networking (A4E4105C-59A1-49B5-A7C5-40C4547EDFEE): 0
LogDevObjectVersion:   Dev-Online (39C831C9-5AE6-47DC-9A44-9C173E1C8E7C): 0
LogDevObjectVersion:   Dev-Physics (78F01B33-EBEA-4F98-B9B4-84EACCB95AA2): 0
LogDevObjectVersion:   Dev-Platform (6631380F-2D4D-43E0-8009-CF276956A95A): 0
LogDevObjectVersion:   Dev-Rendering (12F88B9F-8875-4AFC-A67C-D90C383ABD29): 12
LogDevObjectVersion:   Dev-Sequencer (7B5AE74C-D270-4C10-A958-57980B212A5A): 1
LogDevObjectVersion:   Dev-VR (D7296918-1DD6-4BDD-9DE2-64A83CC13884): 0
LogInit: Compiled (64-bit): Jan  6 2017 10:49:43
LogInit: Compiled with Visual C++: 19.00.23026.00
LogInit: Build Configuration: Development
LogInit: Branch Name: ++UE4+Release-4.14
LogInit: Command line:  /Temp/Autosaves/Game/ZTD_Blueprint/Maps/UEDPCMapC_U_F -game -PIEVIACONSOLE -ResX=1280 -ResY=720  -Multiprocess -messaging -SessionName="Play in Standalone Game" -windowed 
LogInit: Base directory: C:/Program Files (x86)/Epic Games/4.14/Engine/Binaries/Win64/
LogInit: Installed Engine Build: 1
LogInit: Presizing for max 8388607 objects, including 0 objects not considered by GC, pre-allocating 0 bytes for permanent pool.
LogInit: Object subsystem initialized
[2017.05.01-22.23.18:780][  0]LogInit: Selected Device Profile: [Windows]
[2017.05.01-22.23.18:780][  0]LogInit: Applying CVar settings loaded from the selected device profile: [Windows]
[2017.05.01-22.23.18:796][  0]LogInit: Computer: DESKTOP-C7CL5QU
[2017.05.01-22.23.18:796][  0]LogInit: User: Bryan
[2017.05.01-22.23.18:796][  0]LogInit: CPU Page size=65536, Cores=4
[2017.05.01-22.23.18:796][  0]LogInit: High frequency timer resolution =3.421872 MHz
[2017.05.01-22.23.18:796][  0]LogMemory: Memory total: Physical=7.9GB (8GB approx)
[2017.05.01-22.23.18:796][  0]LogMemory: Platform Memory Stats for Windows
[2017.05.01-22.23.18:796][  0]LogMemory: Process Physical Memory: 265.69 MB used, 265.69 MB peak
[2017.05.01-22.23.18:796][  0]LogMemory: Process Virtual Memory: 262.65 MB used, 262.65 MB peak
[2017.05.01-22.23.18:796][  0]LogMemory: Physical Memory: 6444.77 MB used,  1673.30 MB free, 8118.07 MB total
[2017.05.01-22.23.18:796][  0]LogMemory: Virtual Memory: 675.76 MB used,  1673.30 MB free, 134217728.00 MB total
[2017.05.01-22.23.18:872][  0]LogTextLocalizationManager: No specific translations for ('en-US') exist, so ('en') translations will be used.
[2017.05.01-22.23.19:364][  0]LogD3D11RHI: D3D11 adapters:
[2017.05.01-22.23.19:382][  0]LogD3D11RHI:    0. 'AMD Radeon (TM) R9 390 Series' (Feature Level 11_0)
[2017.05.01-22.23.19:382][  0]LogD3D11RHI:       8169/0/4059 MB DedicatedVideo/DedicatedSystem/SharedSystem, Outputs:2, VendorId:0x1002
[2017.05.01-22.23.19:383][  0]LogD3D11RHI:    1. 'Microsoft Basic Render Driver' (Feature Level 11_0)
[2017.05.01-22.23.19:383][  0]LogD3D11RHI:       0/0/4059 MB DedicatedVideo/DedicatedSystem/SharedSystem, Outputs:0, VendorId:0x1414
[2017.05.01-22.23.19:383][  0]LogD3D11RHI: Chosen D3D11 Adapter: 0
[2017.05.01-22.23.19:388][  0]LogD3D11RHI: Creating new Direct3DDevice
[2017.05.01-22.23.19:388][  0]LogD3D11RHI:     GPU DeviceId: 0x67b1 (for the marketing name, search the web for "GPU Device Id")
[2017.05.01-22.23.19:388][  0]LogWindows: EnumDisplayDevices:
[2017.05.01-22.23.19:388][  0]LogWindows:    0. 'AMD Radeon (TM) R9 390 Series' (P:1 D:1)
[2017.05.01-22.23.19:388][  0]LogWindows:    1. 'AMD Radeon (TM) R9 390 Series' (P:0 D:1)
[2017.05.01-22.23.19:389][  0]LogWindows:    2. 'AMD Radeon (TM) R9 390 Series' (P:0 D:0)
[2017.05.01-22.23.19:389][  0]LogWindows:    3. 'AMD Radeon (TM) R9 390 Series' (P:0 D:0)
[2017.05.01-22.23.19:389][  0]LogWindows:    4. 'AMD Radeon (TM) R9 390 Series' (P:0 D:0)
[2017.05.01-22.23.19:389][  0]LogWindows:    5. 'AMD Radeon (TM) R9 390 Series' (P:0 D:0)
[2017.05.01-22.23.19:389][  0]LogWindows: DebugString: FoundDriverCount:6 
[2017.05.01-22.23.19:389][  0]LogD3D11RHI:     Adapter Name: AMD Radeon (TM) R9 390 Series
[2017.05.01-22.23.19:389][  0]LogD3D11RHI:   Driver Version: Crimson 16.9.2 (internal:21.19.137.1, unified:21.19.137.1)
[2017.05.01-22.23.19:389][  0]LogD3D11RHI:      Driver Date: 9-16-2016
[2017.05.01-22.23.19:389][  0]LogRHI: Texture pool is 1361 MB (70% of 1945 MB)
[2017.05.01-22.23.19:397][  0]LogD3D11RHI: Async texture creation enabled
[2017.05.01-22.23.19:410][  0]LogD3D11RHI: GPU Timing Frequency: 27.000000 (Debug: 2 1)
[2017.05.01-22.23.19:411][  0]LogShaderCompilers: Guid format shader working directory is -22 characters bigger than the processId version (D:/Users/Bryan/Desktop/ZTD/Zombie_Tower_Defense/Zombie_TowerDefense/Intermediate/Shaders/WorkingDirectory/16240/).
[2017.05.01-22.23.19:411][  0]LogShaderCompilers: Cleaned the shader compiler working directory 'C:/Users/Bryan/AppData/Local/Temp/UnrealShaderWorkingDir/B64D8F124437F3B2AA2E3E8A8E2797A6/'.
[2017.05.01-22.23.19:411][  0]LogShaderCompilers:Display: Using Local Shader Compiler.
[2017.05.01-22.23.21:024][  0]LogTemp:Display: Loaded TP WindowsClientTargetPlatform
[2017.05.01-22.23.21:072][  0]LogTemp:Display: Loaded TP WindowsNoEditorTargetPlatform
[2017.05.01-22.23.21:120][  0]LogTemp:Display: Loaded TP WindowsServerTargetPlatform
[2017.05.01-22.23.21:159][  0]LogTemp:Display: Loaded TP WindowsTargetPlatform
[2017.05.01-22.23.21:159][  0]LogTargetPlatformManager:Display: Building Assets For Windows
[2017.05.01-22.23.21:500][  0]LogDerivedDataCache:Display: Max Cache Size: 512 MB
[2017.05.01-22.23.21:695][  0]LogDerivedDataCache: Loaded boot cache 0.19s 50MB C:/Users/Bryan/AppData/Local/UnrealEngine/4.14/DerivedDataCache/Boot.ddc.
[2017.05.01-22.23.21:695][  0]LogDerivedDataCache:Display: Loaded Boot cache: C:/Users/Bryan/AppData/Local/UnrealEngine/4.14/DerivedDataCache/Boot.ddc
[2017.05.01-22.23.21:695][  0]LogDerivedDataCache: FDerivedDataBackendGraph:  Pak pak cache file D:/Users/Bryan/Desktop/ZTD/Zombie_Tower_Defense/Zombie_TowerDefense/DerivedDataCache/DDC.ddp not found, will not use a pak cache.
[2017.05.01-22.23.21:695][  0]LogDerivedDataCache: Unable to find inner node Pak for hierarchical cache Hierarchy.
[2017.05.01-22.23.21:695][  0]LogDerivedDataCache: FDerivedDataBackendGraph:  CompressedPak pak cache file D:/Users/Bryan/Desktop/ZTD/Zombie_Tower_Defense/Zombie_TowerDefense/DerivedDataCache/Compressed.ddp not found, will not use a pak cache.
[2017.05.01-22.23.21:695][  0]LogDerivedDataCache: Unable to find inner node CompressedPak for hierarchical cache Hierarchy.
[2017.05.01-22.23.21:711][  0]LogDerivedDataCache:Display: Pak cache opened for reading ../../../Engine/DerivedDataCache/Compressed.ddp.
[2017.05.01-22.23.21:722][  0]LogDerivedDataCache: Using Local data cache path C:/Users/Bryan/AppData/Local/UnrealEngine/Common/DerivedDataCache: Writable
[2017.05.01-22.23.22:806][  0]LogAssetRegistry: FAssetRegistry took 0.0001 seconds to start up
[2017.05.01-22.23.22:811][  0]LogPackageLocalizationCache: Processed 3 localized package path(s) for 2 prioritized culture(s) in 0.005179 seconds
[2017.05.01-22.23.22:826][  0]LogInit: Selected Device Profile: [Windows]
[2017.05.01-22.23.22:829][  0]LogContentStreaming: Texture pool size is 1000.00 MB
[2017.05.01-22.23.23:005][  0]LogMeshUtilities: Using QuadricMeshReduction for automatic static mesh reduction
[2017.05.01-22.23.23:041][  0]LogSimplygon: Simplygon DLL not present - disabling.
[2017.05.01-22.23.23:084][  0]LogMeshUtilities: Using SimplygonSwarm for distributed automatic mesh merging
[2017.05.01-22.23.23:084][  0]LogMeshUtilities: No automatic skeletal mesh reduction module available
[2017.05.01-22.23.23:084][  0]LogMeshUtilities: No automatic mesh merging module available
[2017.05.01-22.23.23:528][  0]LogNetVersion: GetLocalNetworkVersion: CL: 3195953, ProjectName: zombie_tower_defense, ProjectVersion: , EngineNetworkVersion: 2, GameNetworkVersion: 0, NetworkChecksum: 2528811943
[2017.05.01-22.23.23:589][  0]LogInit: WinSock: version 1.1 (2.2), MaxSocks=32767, MaxUdp=65467
[2017.05.01-22.23.24:219][  0]LogSlate: Using Freetype 2.6.0
[2017.05.01-22.23.24:226][  0]LogSlate: SlateFontCache - WITH_FREETYPE: 1, WITH_HARFBUZZ: 1
[2017.05.01-22.23.24:226][  0]LogSlate: SlateFontCache - WITH_FREETYPE: 1, WITH_HARFBUZZ: 1
[2017.05.01-22.23.24:421][  0]LogMoviePlayer: Initializing movie player
[2017.05.01-22.23.24:514][  0]LogWindowsTextInputMethodSystem:Display: IME system now deactivated.
[2017.05.01-22.23.24:534][  0]LogWindowsMoviePlayer: Unable to load movie: D:/Users/Bryan/Desktop/ZTD/Zombie_Tower_Defense/Zombie_TowerDefense/Content/Movies/Default_Startup.mp4
[2017.05.01-22.23.24:694][  0]LogTcpMessaging: Initializing TcpMessaging bridge
[2017.05.01-22.23.24:727][  0]LogUdpMessaging: Initializing bridge on interface 0.0.0.0:0 to multicast group 230.0.0.1:6666.
[2017.05.01-22.23.24:857][  0]SourceControl: Info Source control is disabled
[2017.05.01-22.23.24:857][  0]SourceControl: Info Source control is disabled
[2017.05.01-22.23.24:894][  0]SourceControl: Info Source control is disabled
[2017.05.01-22.23.25:465][  0]LogUObjectArray: 33496 objects as part of root set at end of initial load.
[2017.05.01-22.23.25:465][  0]LogUObjectAllocator: 7417784 out of 0 bytes used by permanent object pool.
[2017.05.01-22.23.25:465][  0]LogUObjectArray: CloseDisregardForGC: 0/0 objects in disregard for GC pool
[2017.05.01-22.23.25:561][  0]LogEngine: Initializing Engine...
[2017.05.01-22.23.25:561][  0]LogHMD: Failed to initialize OpenVR with code 110
[2017.05.01-22.23.25:683][  0]LogInit: XAudio2 using 'Speakers (Realtek High Definition Audio)' : 2 channels at 48 kHz using 32 bits per sample (channel mask 0x3)
[2017.05.01-22.23.25:706][  0]LogInit: FAudioDevice initialized.
[2017.05.01-22.23.25:724][  0]LogInit: Texture streaming: Enabled
[2017.05.01-22.23.25:737][  0]LogMaterial: Uniform references updated for custom material expression Custom.
[2017.05.01-22.23.26:032][  0]LogInit:Display: Game Engine Initialized.
[2017.05.01-22.23.26:159][  0]LogInit:Display: Starting Game.
[2017.05.01-22.23.26:160][  0]LogNet: Browse: /Temp/Autosaves/Game/ZTD_Blueprint/Maps/UEDPCMapC_U_F?Name=Player
[2017.05.01-22.23.26:160][  0]LogLoad: LoadMap: /Temp/Autosaves/Game/ZTD_Blueprint/Maps/UEDPCMapC_U_F?Name=Player
[2017.05.01-22.23.26:175][  0]LogMemory: Platform Memory Stats for Windows
[2017.05.01-22.23.26:175][  0]LogMemory: Process Physical Memory: 621.31 MB used, 649.96 MB peak
[2017.05.01-22.23.26:175][  0]LogMemory: Process Virtual Memory: 709.10 MB used, 709.10 MB peak
[2017.05.01-22.23.26:175][  0]LogMemory: Physical Memory: 6727.70 MB used,  1390.37 MB free, 8118.07 MB total
[2017.05.01-22.23.26:175][  0]LogMemory: Virtual Memory: 1348.50 MB used,  1390.37 MB free, 134217728.00 MB total
[2017.05.01-22.23.26:175][  0]LogMemory: 
[2017.05.01-22.23.26:175][  0]Allocator Stats for TBB: (not implemented)
[2017.05.01-22.23.28:944][  0]LogAIModule: Creating AISystem for world MapC_U_F
[2017.05.01-22.23.28:945][  0]LogLoad: Game class is 'ZTD_GameMode_C'
[2017.05.01-22.23.28:947][  0]LogMaterial:Warning: Material /Game/Assets/Forest_Stuff/Material/Master_Material/M_tree_basic.M_tree_basic missing bUsedWithInstancedStaticMeshes=True! Default Material will be used in game.
[2017.05.01-22.23.28:947][  0]LogMaterial:Warning:      The material will recompile every editor launch until resaved.
[2017.05.01-22.23.28:985][  0]LogWorld: Bringing World /Temp/Autosaves/Game/ZTD_Blueprint/Maps/UEDPCMapC_U_F.MapC_U_F up for play (max tick rate 0) at 2017.05.01-17.23.28
[2017.05.01-22.23.28:995][  0]LogWorld: Bringing up level for play took: 0.049052
[2017.05.01-22.23.29:001][  0]LogLoad: Took 2.841389 seconds to LoadMap(/Temp/Autosaves/Game/ZTD_Blueprint/Maps/UEDPCMapC_U_F)
[2017.05.01-22.23.29:364][  0]LogLoad: (Engine Initialization) Total time: 12.16 seconds
[2017.05.01-22.23.29:364][  0]LogLoad: (Engine Initialization) Total Blueprint compile time: 0.45 seconds
[2017.05.01-22.23.29:364][  0]LogExternalProfiler: Found external profiler: VSPerf
[2017.05.01-22.23.29:364][  0]LogExternalProfiler: Using external profiler: VSPerf
[2017.05.01-22.23.29:381][  0]LogOcInput: OculusInput pre-init called
[2017.05.01-22.23.29:741][  1]LogRenderer: Reallocating scene render targets to support 1280x720 NumSamples 1 (Frame:2).
[2017.05.01-22.23.34:166][244]LogLongPackageNames:Warning: URL: Main menu: Name may not contain the following characters:  
[2017.05.01-22.23.34:184][245]LogLongPackageNames:Warning: URL: Main menu: Name may not contain the following characters:  
[2017.05.01-22.23.34:184][245]LogNet: Browse: /Game/ZTD_Blueprint/Maps/Menu_Main
[2017.05.01-22.23.34:184][245]LogNet:Warning: Travel Failure: [InvalidURL]: Invalid URL: /Game/ZTD_Blueprint/Maps/Menu_Main
[2017.05.01-22.23.34:184][245]LogNet: TravelFailure: InvalidURL, Reason for Failure: 'Invalid URL: /Game/ZTD_Blueprint/Maps/Menu_Main'
[2017.05.01-22.23.34:184][245]LogNet:Warning: Travel Failure: [ClientTravelFailure]: Invalid URL: /Game/ZTD_Blueprint/Maps/Menu_Main
[2017.05.01-22.23.34:184][245]LogNet: TravelFailure: ClientTravelFailure, Reason for Failure: 'Invalid URL: /Game/ZTD_Blueprint/Maps/Menu_Main'
[2017.05.01-22.23.34:202][246]LogNet: Browse: /Game/ZTD_Blueprint/Maps/Menu_Main?closed
[2017.05.01-22.23.34:202][246]LogNet: Failed; returning to Entry
[2017.05.01-22.23.34:236][246]LogLoad: LoadMap: /Game/ZTD_Blueprint/Maps/Menu_Main?closed
[2017.05.01-22.23.34:330][246]LogMemory: Platform Memory Stats for Windows
[2017.05.01-22.23.34:330][246]LogMemory: Process Physical Memory: 897.92 MB used, 1033.91 MB peak
[2017.05.01-22.23.34:330][246]LogMemory: Process Virtual Memory: 1351.87 MB used, 1472.07 MB peak
[2017.05.01-22.23.34:330][246]LogMemory: Physical Memory: 6644.45 MB used,  1473.62 MB free, 8118.07 MB total
[2017.05.01-22.23.34:330][246]LogMemory: Virtual Memory: 2024.00 MB used,  1473.62 MB free, 134217728.00 MB total
[2017.05.01-22.23.34:330][246]LogMemory: 
[2017.05.01-22.23.34:330][246]Allocator Stats for TBB: (not implemented)
[2017.05.01-22.23.35:053][246]LogAIModule: Creating AISystem for world Menu_Main
[2017.05.01-22.23.35:053][246]LogLoad: Game class is 'ZTD_MainMenu_Mode_C'
[2017.05.01-22.23.35:058][246]LogWorld: Bringing World /Game/ZTD_Blueprint/Maps/Menu_Main.Menu_Main up for play (max tick rate 0) at 2017.05.01-17.23.35
[2017.05.01-22.23.35:058][246]LogWorld: Bringing up level for play took: 0.000726
[2017.05.01-22.23.35:058][246]LogGameMode: Warning - PATHS NOT DEFINED or NO PLAYERSTART with positive rating
[2017.05.01-22.23.35:059][246]t.MaxFPS = "62"
[2017.05.01-22.23.35:061][246]LogLoad: Took 0.824141 seconds to LoadMap(/Game/ZTD_Blueprint/Maps/Menu_Main)
[2017.05.01-22.23.37:702][378]LogPackageName: SearchForPackageOnDisk took   0.183s to resolve MapC_U_F.umap.
[2017.05.01-22.23.37:757][378]LogPackageName: SearchForPackageOnDisk took   0.054s to resolve MapC_U_F.umap.
[2017.05.01-22.23.37:757][378]LogNet: Browse: /Game/ZTD_Blueprint/Maps/MapC_U_F
[2017.05.01-22.23.37:757][378]LogLoad: LoadMap: /Game/ZTD_Blueprint/Maps/MapC_U_F
[2017.05.01-22.23.37:784][378]LogMemory: Platform Memory Stats for Windows
[2017.05.01-22.23.37:784][378]LogMemory: Process Physical Memory: 910.92 MB used, 1033.91 MB peak
[2017.05.01-22.23.37:784][378]LogMemory: Process Virtual Memory: 1389.18 MB used, 1472.07 MB peak
[2017.05.01-22.23.37:784][378]LogMemory: Physical Memory: 6652.22 MB used,  1465.85 MB free, 8118.07 MB total
[2017.05.01-22.23.37:784][378]LogMemory: Virtual Memory: 2037.00 MB used,  1465.85 MB free, 134217728.00 MB total
[2017.05.01-22.23.37:784][378]LogMemory: 
[2017.05.01-22.23.37:784][378]Allocator Stats for TBB: (not implemented)
[2017.05.01-22.23.39:370][378]LogAIModule: Creating AISystem for world MapC_U_F
[2017.05.01-22.23.39:370][378]LogLoad: Game class is 'ZTD_GameMode_C'
[2017.05.01-22.23.39:372][378]LogMaterial:Warning: Material /Game/Assets/Forest_Stuff/Material/Master_Material/M_tree_basic.M_tree_basic missing bUsedWithInstancedStaticMeshes=True! Default Material will be used in game.
[2017.05.01-22.23.39:372][378]LogMaterial:Warning:      The material will recompile every editor launch until resaved.
[2017.05.01-22.23.39:402][378]LogWorld: Bringing World /Game/ZTD_Blueprint/Maps/MapC_U_F.MapC_U_F up for play (max tick rate 62) at 2017.05.01-17.23.39
[2017.05.01-22.23.39:403][378]LogWorld: Bringing up level for play took: 0.031772
[2017.05.01-22.23.39:408][378]LogLoad: Took 1.650913 seconds to LoadMap(/Game/ZTD_Blueprint/Maps/MapC_U_F)
[2017.05.01-22.23.45:338][629]LogBlueprintUserMessages: [ZTD_GameMode_C_0] SpawningZombie
[2017.05.01-22.23.46:347][669]LogBlueprintUserMessages: [ZTD_GameMode_C_0] SpawningZombie
[2017.05.01-22.23.47:355][710]LogBlueprintUserMessages: [ZTD_GameMode_C_0] SpawningZombie
[2017.05.01-22.23.48:367][763]LogBlueprintUserMessages: [ZTD_GameMode_C_0] SpawningZombie
[2017.05.01-22.23.49:369][822]LogBlueprintUserMessages: [ZTD_GameMode_C_0] SpawningZombie
[2017.05.01-22.23.50:371][876]LogBlueprintUserMessages: [ZTD_GameMode_C_0] SpawningZombie
[2017.05.01-22.23.51:387][931]LogBlueprintUserMessages: [ZTD_GameMode_C_0] SpawningZombie
[2017.05.01-22.23.52:395][983]LogBlueprintUserMessages: [ZTD_GameMode_C_0] SpawningZombie
[2017.05.01-22.23.53:396][ 34]LogBlueprintUserMessages: [ZTD_GameMode_C_0] SpawningZombie
[2017.05.01-22.23.54:401][ 85]LogBlueprintUserMessages: [ZTD_GameMode_C_0] SpawningZombie
[2017.05.01-22.23.55:408][136]LogSpawn:Warning: SpawnActor failed because of collision at the spawn location [X=-1578.289 Y=-471.029 Z=188.351] for [Zombie_Character_C]
[2017.05.01-22.23.55:408][136]LogBlueprintUserMessages: [ZTD_GameMode_C_0] SpawningZombie
[2017.05.01-22.23.56:409][188]LogSpawn:Warning: SpawnActor failed because of collision at the spawn location [X=-1578.289 Y=-471.029 Z=188.351] for [Zombie_Character_C]
[2017.05.01-22.23.56:409][188]LogBlueprintUserMessages: [ZTD_GameMode_C_0] SpawningZombie
[2017.05.01-22.23.57:419][239]LogBlueprintUserMessages: [ZTD_GameMode_C_0] SpawningZombie
[2017.05.01-22.23.58:421][289]LogBlueprintUserMessages: [ZTD_GameMode_C_0] SpawningZombie
[2017.05.01-22.23.59:441][340]LogSpawn:Warning: SpawnActor failed because of collision at the spawn location [X=-8675.867 Y=1397.465 Z=188.351] for [Zombie_Character_C]
[2017.05.01-22.23.59:441][340]LogBlueprintUserMessages: [ZTD_GameMode_C_0] SpawningZombie
[2017.05.01-22.24.00:456][391]LogSpawn:Warning: SpawnActor failed because of collision at the spawn location [X=-8675.867 Y=1397.465 Z=188.351] for [Zombie_Character_C]
[2017.05.01-22.24.00:457][391]LogBlueprintUserMessages: [ZTD_GameMode_C_0] SpawningZombie
[2017.05.01-22.24.01:469][442]LogSpawn:Warning: SpawnActor failed because of collision at the spawn location [X=-8675.867 Y=1397.465 Z=188.351] for [Zombie_Character_C]
[2017.05.01-22.24.01:469][442]LogBlueprintUserMessages: [ZTD_GameMode_C_0] SpawningZombie
[2017.05.01-22.24.01:879][463]LogBlueprintUserMessages: [Ingame_UI_C_0] Tower Placement Enabled
[2017.05.01-22.24.02:485][494]LogSpawn:Warning: SpawnActor failed because of collision at the spawn location [X=-1578.556 Y=-472.538 Z=188.351] for [Zombie_Character_C]
[2017.05.01-22.24.02:485][494]LogBlueprintUserMessages: [ZTD_GameMode_C_0] SpawningZombie
[2017.05.01-22.24.03:488][546]LogSpawn:Warning: SpawnActor failed because of collision at the spawn location [X=-8674.366 Y=-2369.065 Z=188.351] for [Zombie_Character_C]
[2017.05.01-22.24.03:488][546]LogBlueprintUserMessages: [ZTD_GameMode_C_0] SpawningZombie
[2017.05.01-22.24.04:492][598]LogBlueprintUserMessages: [ZTD_GameMode_C_0] SpawningZombie
[2017.05.01-22.24.05:499][650]LogSpawn:Warning: SpawnActor failed because of collision at the spawn location [X=-8674.366 Y=-2369.065 Z=188.351] for [Zombie_Character_C]
[2017.05.01-22.24.05:499][650]LogBlueprintUserMessages: [ZTD_GameMode_C_0] SpawningZombie
[2017.05.01-22.24.06:507][702]LogSpawn:Warning: SpawnActor failed because of collision at the spawn location [X=-8674.366 Y=-2369.065 Z=188.351] for [Zombie_Character_C]
[2017.05.01-22.24.06:507][702]LogBlueprintUserMessages: [ZTD_GameMode_C_0] SpawningZombie
[2017.05.01-22.24.07:514][754]LogSpawn:Warning: SpawnActor failed because of collision at the spawn location [X=-3251.441 Y=-3728.213 Z=188.351] for [Zombie_Character_C]
[2017.05.01-22.24.07:514][754]LogBlueprintUserMessages: [ZTD_GameMode_C_0] SpawningZombie
[2017.05.01-22.24.08:526][806]LogSpawn:Warning: SpawnActor failed because of collision at the spawn location [X=-8674.366 Y=-2369.065 Z=188.351] for [Zombie_Character_C]
[2017.05.01-22.24.08:526][806]LogBlueprintUserMessages: [ZTD_GameMode_C_0] SpawningZombie
[2017.05.01-22.24.09:534][857]LogSpawn:Warning: SpawnActor failed because of collision at the spawn location [X=-1579.855 Y=-473.707 Z=188.351] for [Zombie_Character_C]
[2017.05.01-22.24.09:534][857]LogBlueprintUserMessages: [ZTD_GameMode_C_0] SpawningZombie
[2017.05.01-22.24.10:542][909]LogSpawn:Warning: SpawnActor failed because of collision at the spawn location [X=-3252.093 Y=-3729.047 Z=188.351] for [Zombie_Character_C]
[2017.05.01-22.24.10:542][909]LogBlueprintUserMessages: [ZTD_GameMode_C_0] SpawningZombie
[2017.05.01-22.24.11:547][959]LogSpawn:Warning: SpawnActor failed because of collision at the spawn location [X=-8674.366 Y=-2369.065 Z=188.351] for [Zombie_Character_C]
[2017.05.01-22.24.11:547][959]LogBlueprintUserMessages: [ZTD_GameMode_C_0] SpawningZombie
[2017.05.01-22.24.12:556][  9]LogBlueprintUserMessages: [ZTD_GameMode_C_0] SpawningZombie
[2017.05.01-22.24.13:572][ 60]LogSpawn:Warning: SpawnActor failed because of collision at the spawn location [X=-8674.288 Y=-2369.345 Z=188.351] for [Zombie_Character_C]
[2017.05.01-22.24.13:572][ 60]LogBlueprintUserMessages: [ZTD_GameMode_C_0] SpawningZombie
[2017.05.01-22.24.14:579][111]LogSpawn:Warning: SpawnActor failed because of collision at the spawn location [X=-8675.438 Y=-2370.595 Z=188.351] for [Zombie_Character_C]
[2017.05.01-22.24.14:579][111]LogBlueprintUserMessages: [ZTD_GameMode_C_0] SpawningZombie
[2017.05.01-22.24.33:075][ 22]LogBlueprintUserMessages: [Ingame_UI_C_0] Shooting Enabled
[2017.05.01-22.24.42:874][526]LogSpawn:Warning: SpawnActor failed because of collision at the spawn location [X=-8675.874 Y=1397.406 Z=188.351] for [Zombie_Character_C]
[2017.05.01-22.24.42:875][526]LogBlueprintUserMessages: [ZTD_GameMode_C_0] SpawningZombie
[2017.05.01-22.24.43:875][579]LogSpawn:Warning: SpawnActor failed because of collision at the spawn location [X=-3252.221 Y=1397.436 Z=188.351] for [Zombie_Character_C]
[2017.05.01-22.24.43:875][579]LogBlueprintUserMessages: [ZTD_GameMode_C_0] SpawningZombie
[2017.05.01-22.24.44:893][631]LogSpawn:Warning: SpawnActor failed because of collision at the spawn location [X=-3252.221 Y=1397.436 Z=188.351] for [Zombie_Character_C]
[2017.05.01-22.24.44:893][631]LogBlueprintUserMessages: [ZTD_GameMode_C_0] SpawningZombie
[2017.05.01-22.24.45:903][683]LogSpawn:Warning: SpawnActor failed because of collision at the spawn location [X=-3252.221 Y=1397.436 Z=188.351] for [Zombie_Character_C]
[2017.05.01-22.24.45:903][683]LogBlueprintUserMessages: [ZTD_GameMode_C_0] SpawningZombie
[2017.05.01-22.24.46:917][734]LogBlueprintUserMessages: [ZTD_GameMode_C_0] SpawningZombie
[2017.05.01-22.24.47:929][786]LogSpawn:Warning: SpawnActor failed because of collision at the spawn location [X=-3251.872 Y=1399.220 Z=188.351] for [Zombie_Character_C]
[2017.05.01-22.24.47:929][786]LogBlueprintUserMessages: [ZTD_GameMode_C_0] SpawningZombie
[2017.05.01-22.24.48:947][838]LogSpawn:Warning: SpawnActor failed because of collision at the spawn location [X=-8674.595 Y=1399.548 Z=188.351] for [Zombie_Character_C]
[2017.05.01-22.24.48:948][838]LogBlueprintUserMessages: [ZTD_GameMode_C_0] SpawningZombie
[2017.05.01-22.24.49:952][888]LogSpawn:Warning: SpawnActor failed because of collision at the spawn location [X=-3251.306 Y=1399.980 Z=188.351] for [Zombie_Character_C]
[2017.05.01-22.24.49:952][888]LogBlueprintUserMessages: [ZTD_GameMode_C_0] SpawningZombie
[2017.05.01-22.24.50:953][938]LogSpawn:Warning: SpawnActor failed because of collision at the spawn location [X=-3252.415 Y=-3730.718 Z=188.351] for [Zombie_Character_C]
[2017.05.01-22.24.50:953][938]LogBlueprintUserMessages: [ZTD_GameMode_C_0] SpawningZombie
[2017.05.01-22.24.51:292][955]LogBlueprintUserMessages: [Player_Controller_C_0] Sniper Rifle Selected!
[2017.05.01-22.24.51:964][988]LogBlueprintUserMessages: [ZTD_GameMode_C_0] SpawningZombie
[2017.05.01-22.24.52:963][ 38]LogSpawn:Warning: SpawnActor failed because of collision at the spawn location [X=-8674.595 Y=1399.548 Z=188.351] for [Zombie_Character_C]
[2017.05.01-22.24.52:964][ 38]LogBlueprintUserMessages: [ZTD_GameMode_C_0] SpawningZombie
[2017.05.01-22.24.53:974][ 88]LogBlueprintUserMessages: [ZTD_GameMode_C_0] SpawningZombie
[2017.05.01-22.24.54:989][139]LogSpawn:Warning: SpawnActor failed because of collision at the spawn location [X=-1578.783 Y=-472.999 Z=188.351] for [Zombie_Character_C]
[2017.05.01-22.24.54:989][139]LogBlueprintUserMessages: [ZTD_GameMode_C_0] SpawningZombie
[2017.05.01-22.24.56:006][191]LogSpawn:Warning: SpawnActor failed because of collision at the spawn location [X=-3252.744 Y=-3730.819 Z=188.351] for [Zombie_Character_C]
[2017.05.01-22.24.56:006][191]LogBlueprintUserMessages: [ZTD_GameMode_C_0] SpawningZombie
[2017.05.01-22.24.57:022][242]LogBlueprintUserMessages: [ZTD_GameMode_C_0] SpawningZombie
[2017.05.01-22.24.58:023][292]LogSpawn:Warning: SpawnActor failed because of collision at the spawn location [X=-3252.633 Y=-3729.949 Z=188.351] for [Zombie_Character_C]
[2017.05.01-22.24.58:023][292]LogBlueprintUserMessages: [ZTD_GameMode_C_0] SpawningZombie
[2017.05.01-22.24.59:042][343]LogSpawn:Warning: SpawnActor failed because of collision at the spawn location [X=-8674.289 Y=-2369.029 Z=188.351] for [Zombie_Character_C]
[2017.05.01-22.24.59:042][343]LogBlueprintUserMessages: [ZTD_GameMode_C_0] SpawningZombie
[2017.05.01-22.25.00:061][394]LogSpawn:Warning: SpawnActor failed because of collision at the spawn location [X=-8674.289 Y=-2369.029 Z=188.351] for [Zombie_Character_C]
[2017.05.01-22.25.00:062][394]LogBlueprintUserMessages: [ZTD_GameMode_C_0] SpawningZombie
[2017.05.01-22.25.01:080][445]LogSpawn:Warning: SpawnActor failed because of collision at the spawn location [X=-8674.289 Y=-2369.029 Z=188.351] for [Zombie_Character_C]
[2017.05.01-22.25.01:080][445]LogBlueprintUserMessages: [ZTD_GameMode_C_0] SpawningZombie
[2017.05.01-22.25.02:094][496]LogSpawn:Warning: SpawnActor failed because of collision at the spawn location [X=-3251.359 Y=-3728.646 Z=188.351] for [Zombie_Character_C]
[2017.05.01-22.25.02:094][496]LogBlueprintUserMessages: [ZTD_GameMode_C_0] SpawningZombie
[2017.05.01-22.25.03:109][547]LogSpawn:Warning: SpawnActor failed because of collision at the spawn location [X=-3251.293 Y=1399.974 Z=188.351] for [Zombie_Character_C]
[2017.05.01-22.25.03:109][547]LogBlueprintUserMessages: [ZTD_GameMode_C_0] SpawningZombie
[2017.05.01-22.25.04:122][598]LogSpawn:Warning: SpawnActor failed because of collision at the spawn location [X=-8674.595 Y=1399.548 Z=188.351] for [Zombie_Character_C]
[2017.05.01-22.25.04:122][598]LogBlueprintUserMessages: [ZTD_GameMode_C_0] SpawningZombie
[2017.05.01-22.25.05:138][649]LogBlueprintUserMessages: [ZTD_GameMode_C_0] SpawningZombie
[2017.05.01-22.25.06:152][700]LogSpawn:Warning: SpawnActor failed because of collision at the spawn location [X=-8674.595 Y=1399.548 Z=188.351] for [Zombie_Character_C]
[2017.05.01-22.25.06:152][700]LogBlueprintUserMessages: [ZTD_GameMode_C_0] SpawningZombie
[2017.05.01-22.25.07:159][751]LogSpawn:Warning: SpawnActor failed because of collision at the spawn location [X=-3251.494 Y=-3729.290 Z=188.351] for [Zombie_Character_C]
[2017.05.01-22.25.07:159][751]LogBlueprintUserMessages: [ZTD_GameMode_C_0] SpawningZombie
[2017.05.01-22.25.08:166][803]LogSpawn:Warning: SpawnActor failed because of collision at the spawn location [X=-8674.289 Y=-2369.029 Z=188.351] for [Zombie_Character_C]
[2017.05.01-22.25.08:166][803]LogBlueprintUserMessages: [ZTD_GameMode_C_0] SpawningZombie
[2017.05.01-22.25.09:181][854]LogSpawn:Warning: SpawnActor failed because of collision at the spawn location [X=-3252.426 Y=-3730.725 Z=188.351] for [Zombie_Character_C]
[2017.05.01-22.25.09:182][854]LogBlueprintUserMessages: [ZTD_GameMode_C_0] SpawningZombie
[2017.05.01-22.25.10:189][905]LogSpawn:Warning: SpawnActor failed because of collision at the spawn location [X=-3252.454 Y=1397.257 Z=188.351] for [Zombie_Character_C]
[2017.05.01-22.25.10:189][905]LogBlueprintUserMessages: [ZTD_GameMode_C_0] SpawningZombie
[2017.05.01-22.25.11:202][956]LogSpawn:Warning: SpawnActor failed because of collision at the spawn location [X=-8674.802 Y=1399.298 Z=188.351] for [Zombie_Character_C]
[2017.05.01-22.25.11:203][956]LogBlueprintUserMessages: [ZTD_GameMode_C_0] SpawningZombie
[2017.05.01-22.25.12:207][  8]LogSpawn:Warning: SpawnActor failed because of collision at the spawn location [X=-8675.479 Y=-2371.760 Z=188.351] for [Zombie_Character_C]
[2017.05.01-22.25.12:207][  8]LogBlueprintUserMessages: [ZTD_GameMode_C_0] SpawningZombie
[2017.05.01-22.25.17:214][267]LogBlueprintUserMessages: [Player_Controller_C_0] Sniper Rifle Selected!
[2017.05.01-22.25.18:240][321]LogBlueprintUserMessages: [Player_Controller_C_0] Assault Rifle Selected!
[2017.05.01-22.25.29:094][882]LogLongPackageNames:Warning: URL: Main menu: Name may not contain the following characters:  
[2017.05.01-22.25.29:112][883]LogLongPackageNames:Warning: URL: Main menu: Name may not contain the following characters:  
[2017.05.01-22.25.29:112][883]LogNet: Browse: /Game/ZTD_Blueprint/Maps/Menu_Main
[2017.05.01-22.25.29:112][883]LogNet:Warning: Travel Failure: [InvalidURL]: Invalid URL: /Game/ZTD_Blueprint/Maps/Menu_Main
[2017.05.01-22.25.29:112][883]LogNet: TravelFailure: InvalidURL, Reason for Failure: 'Invalid URL: /Game/ZTD_Blueprint/Maps/Menu_Main'
[2017.05.01-22.25.29:112][883]LogNet:Warning: Travel Failure: [ClientTravelFailure]: Invalid URL: /Game/ZTD_Blueprint/Maps/Menu_Main
[2017.05.01-22.25.29:112][883]LogNet: TravelFailure: ClientTravelFailure, Reason for Failure: 'Invalid URL: /Game/ZTD_Blueprint/Maps/Menu_Main'
[2017.05.01-22.25.29:131][884]LogNet: Browse: /Game/ZTD_Blueprint/Maps/Menu_Main?closed
[2017.05.01-22.25.29:131][884]LogNet: Failed; returning to Entry
[2017.05.01-22.25.29:161][884]LogLoad: LoadMap: /Game/ZTD_Blueprint/Maps/Menu_Main?closed
[2017.05.01-22.25.29:235][884]LogMemory: Platform Memory Stats for Windows
[2017.05.01-22.25.29:235][884]LogMemory: Process Physical Memory: 672.38 MB used, 1113.58 MB peak
[2017.05.01-22.25.29:235][884]LogMemory: Process Virtual Memory: 1517.86 MB used, 1564.53 MB peak
[2017.05.01-22.25.29:235][884]LogMemory: Physical Memory: 5318.59 MB used,  2799.48 MB free, 8118.07 MB total
[2017.05.01-22.25.29:235][884]LogMemory: Virtual Memory: 2146.89 MB used,  2799.48 MB free, 134217728.00 MB total
[2017.05.01-22.25.29:235][884]LogMemory: 
[2017.05.01-22.25.29:235][884]Allocator Stats for TBB: (not implemented)
[2017.05.01-22.25.29:964][884]LogAIModule: Creating AISystem for world Menu_Main
[2017.05.01-22.25.29:965][884]LogLoad: Game class is 'ZTD_MainMenu_Mode_C'
[2017.05.01-22.25.29:968][884]LogWorld: Bringing World /Game/ZTD_Blueprint/Maps/Menu_Main.Menu_Main up for play (max tick rate 62) at 2017.05.01-17.25.29
[2017.05.01-22.25.29:968][884]LogWorld: Bringing up level for play took: 0.000565
[2017.05.01-22.25.29:968][884]LogGameMode: Warning - PATHS NOT DEFINED or NO PLAYERSTART with positive rating
[2017.05.01-22.25.29:968][884]t.MaxFPS = "62"
[2017.05.01-22.25.29:970][884]LogLoad: Took 0.808961 seconds to LoadMap(/Game/ZTD_Blueprint/Maps/Menu_Main)
[2017.05.01-22.25.31:202][959]Closing by request
[2017.05.01-22.25.31:202][959]LogWindows: FPlatformMisc::RequestExit(0)
[2017.05.01-22.25.31:202][960]LogMoviePlayer: Shutting down movie player
[2017.05.01-22.25.31:623][960]LogWindowsTextInputMethodSystem:Display: IME system now deactivated.
[2017.05.01-22.25.31:629][960]LogWindowsTextInputMethodSystem:Display: IME system now deactivated.
[2017.05.01-22.25.31:635][960]LogExit: Preparing to exit.
[2017.05.01-22.25.31:992][960]LogExit: Game engine shut down
[2017.05.01-22.25.32:072][960]LogObj: Freed 0b from 0 cluster array pools.
[2017.05.01-22.25.32:073][960]LogExit: Object subsystem successfully closed.
[2017.05.01-22.25.32:088][960]LogD3D11RHI: Shutdown
[2017.05.01-22.25.32:088][960]LogD3D11RHI: CleanupD3DDevice
[2017.05.01-22.25.32:258][960]LogD3D11RHI: ~FD3D11DynamicRHI
[2017.05.01-22.25.32:283][960]LogModuleManager: Shutting down and abandoning module SequenceRecorderSections (125)
[2017.05.01-22.25.32:283][960]LogModuleManager: Shutting down and abandoning module SequenceRecorder (124)
[2017.05.01-22.25.32:283][960]LogModuleManager: Shutting down and abandoning module AutomationController (123)
[2017.05.01-22.25.32:283][960]LogModuleManager: Shutting down and abandoning module AutomationWorker (122)
[2017.05.01-22.25.32:283][960]LogModuleManager: Shutting down and abandoning module GameplayDebugger (121)
[2017.05.01-22.25.32:283][960]LogModuleManager: Shutting down and abandoning module AITestSuite (120)
[2017.05.01-22.25.32:283][960]LogModuleManager: Shutting down and abandoning module AIModule (119)
[2017.05.01-22.25.32:283][960]LogModuleManager: Shutting down and abandoning module WmfMediaFactory (118)
[2017.05.01-22.25.32:283][960]LogModuleManager: Shutting down and abandoning module AvfMediaFactory (117)
[2017.05.01-22.25.32:283][960]LogModuleManager: Shutting down and abandoning module Media (116)
[2017.05.01-22.25.32:283][960]LogModuleManager: Shutting down and abandoning module AndroidMediaFactory (115)
[2017.05.01-22.25.32:283][960]LogModuleManager: Shutting down and abandoning module CharacterAI (114)
[2017.05.01-22.25.32:283][960]LogModuleManager: Shutting down and abandoning module SessionServices (113)
[2017.05.01-22.25.32:283][960]LogModuleManager: Shutting down and abandoning module MovieSceneCapture (112)
[2017.05.01-22.25.32:283][960]LogModuleManager: Shutting down and abandoning module GeometryCacheEd (111)
[2017.05.01-22.25.32:283][960]LogModuleManager: Shutting down and abandoning module GeometryCache (110)
[2017.05.01-22.25.32:283][960]LogModuleManager: Shutting down and abandoning module Niagara (109)
[2017.05.01-22.25.32:283][960]LogModuleManager: Shutting down and abandoning module StreamingPauseRendering (108)
[2017.05.01-22.25.32:283][960]LogModuleManager: Shutting down and abandoning module PortalServices (107)
[2017.05.01-22.25.32:283][960]LogModuleManager: Shutting down and abandoning module PortalRpc (106)
[2017.05.01-22.25.32:283][960]LogModuleManager: Shutting down and abandoning module MessagingRpc (105)
[2017.05.01-22.25.32:283][960]LogModuleManager: Shutting down and abandoning module ProfilerService (104)
[2017.05.01-22.25.32:386][960]LogModuleManager: Shutting down and abandoning module TaskGraph (103)
[2017.05.01-22.25.32:386][960]LogModuleManager: Shutting down and abandoning module SlateRemote (102)
[2017.05.01-22.25.32:386][960]LogModuleManager: Shutting down and abandoning module SteamVRController (101)
[2017.05.01-22.25.32:386][960]LogModuleManager: Shutting down and abandoning module SteamVR (100)
[2017.05.01-22.25.32:386][960]LogModuleManager: Shutting down and abandoning module ProceduralMeshComponent (99)
[2017.05.01-22.25.32:386][960]LogModuleManager: Shutting down and abandoning module OculusLibrary (98)
[2017.05.01-22.25.32:386][960]LogModuleManager: Shutting down and abandoning module OculusInput (97)
[2017.05.01-22.25.32:386][960]LogModuleManager: Shutting down and abandoning module MobilePatchingUtils (96)
[2017.05.01-22.25.32:386][960]LogModuleManager: Shutting down and abandoning module CustomMeshComponent (95)
[2017.05.01-22.25.32:386][960]LogModuleManager: Shutting down and abandoning module CableComponent (94)
[2017.05.01-22.25.32:386][960]LogModuleManager: Shutting down and abandoning module ArchVisCharacter (93)
[2017.05.01-22.25.32:386][960]LogModuleManager: Shutting down and abandoning module HTML5Networking (91)
[2017.05.01-22.25.32:386][960]LogModuleManager: Shutting down and abandoning module DesktopPlatform (90)
[2017.05.01-22.25.32:386][960]LogModuleManager: Shutting down and abandoning module DirectoryWatcher (89)
[2017.05.01-22.25.32:386][960]LogModuleManager: Shutting down and abandoning module HotReload (88)
[2017.05.01-22.25.32:386][960]LogModuleManager: Shutting down and abandoning module VisualStudioSourceCodeAccess (87)
[2017.05.01-22.25.32:386][960]LogModuleManager: Shutting down and abandoning module UObjectPlugin (86)
[2017.05.01-22.25.32:386][960]LogModuleManager: Shutting down and abandoning module SubversionSourceControl (85)
[2017.05.01-22.25.32:386][960]LogModuleManager: Shutting down and abandoning module SourceControl (84)
[2017.05.01-22.25.32:386][960]LogModuleManager: Shutting down and abandoning module PerforceSourceControl (83)
[2017.05.01-22.25.32:386][960]LogModuleManager: Shutting down and abandoning module UdpMessaging (82)
[2017.05.01-22.25.32:486][960]LogModuleManager: Shutting down and abandoning module TcpMessaging (81)
[2017.05.01-22.25.32:722][960]LogModuleManager: Shutting down and abandoning module LightPropagationVolumeRuntime (80)
[2017.05.01-22.25.32:722][960]LogModuleManager: Shutting down and abandoning module Paper2D (79)
[2017.05.01-22.25.32:722][960]LogModuleManager: Shutting down and abandoning module WindowsMoviePlayer (78)
[2017.05.01-22.25.32:722][960]LogModuleManager: Shutting down and abandoning module WmfMedia (77)
[2017.05.01-22.25.32:723][960]LogModuleManager: Shutting down and abandoning module MediaAssets (76)
[2017.05.01-22.25.32:723][960]LogModuleManager: Shutting down and abandoning module GameLiveStreaming (75)
[2017.05.01-22.25.32:723][960]LogModuleManager: Shutting down and abandoning module GameplayTagsEditor (74)
[2017.05.01-22.25.32:723][960]LogModuleManager: Shutting down and abandoning module VREditor (73)
[2017.05.01-22.25.32:723][960]LogModuleManager: Shutting down and abandoning module GameplayTasksEditor (72)
[2017.05.01-22.25.32:723][960]LogModuleManager: Shutting down and abandoning module BehaviorTreeEditor (71)
[2017.05.01-22.25.32:724][960]LogModuleManager: Shutting down and abandoning module FunctionalTesting (70)
[2017.05.01-22.25.32:724][960]LogModuleManager: Shutting down and abandoning module CollisionAnalyzer (69)
[2017.05.01-22.25.32:724][960]LogModuleManager: Shutting down and abandoning module Sequencer (68)
[2017.05.01-22.25.32:724][960]LogModuleManager: Shutting down and abandoning module WorkspaceMenuStructure (67)
[2017.05.01-22.25.32:724][960]LogModuleManager: Shutting down and abandoning module MessageLog (66)
[2017.05.01-22.25.32:724][960]LogModuleManager: Shutting down and abandoning module AssetTools (65)
[2017.05.01-22.25.32:724][960]LogModuleManager: Shutting down and abandoning module UMGEditor (64)
[2017.05.01-22.25.32:724][960]LogModuleManager: Shutting down and abandoning module UMG (63)
[2017.05.01-22.25.32:724][960]LogModuleManager: Shutting down and abandoning module SlateReflector (62)
[2017.05.01-22.25.32:724][960]LogModuleManager: Shutting down and abandoning module Slate (61)
[2017.05.01-22.25.32:724][960]LogModuleManager: Shutting down and abandoning module EditorStyle (60)
[2017.05.01-22.25.32:732][960]LogModuleManager: Shutting down and abandoning module Messaging (59)
[2017.05.01-22.25.32:732][960]LogModuleManager: Shutting down and abandoning module SourceCodeAccess (58)
[2017.05.01-22.25.32:732][960]LogModuleManager: Shutting down and abandoning module HeadMountedDisplay (57)
[2017.05.01-22.25.32:732][960]LogModuleManager: Shutting down and abandoning module XAudio2 (56)
[2017.05.01-22.25.32:732][960]LogModuleManager: Shutting down and abandoning module Networking (54)
[2017.05.01-22.25.32:732][960]LogModuleManager: Shutting down and abandoning module Core (53)
[2017.05.01-22.25.32:732][960]LogModuleManager: Shutting down and abandoning module KismetCompiler (52)
[2017.05.01-22.25.32:732][960]LogModuleManager: Shutting down and abandoning module PhysXFormats (51)
[2017.05.01-22.25.32:732][960]LogModuleManager: Shutting down and abandoning module SimplygonSwarm (50)
[2017.05.01-22.25.32:732][960]LogModuleManager: Shutting down and abandoning module SimplygonMeshReduction (49)
[2017.05.01-22.25.32:732][960]LogModuleManager: Shutting down and abandoning module QuadricMeshReduction (48)
[2017.05.01-22.25.32:732][960]LogModuleManager: Shutting down and abandoning module PropertyEditor (47)
[2017.05.01-22.25.32:733][960]LogModuleManager: Shutting down and abandoning module MeshUtilities (46)
[2017.05.01-22.25.32:733][960]LogModuleManager: Shutting down and abandoning module AssetRegistry (45)
[2017.05.01-22.25.32:733][960]LogModuleManager: Shutting down and abandoning module DerivedDataCache (44)
[2017.05.01-22.25.32:750][960]LogDerivedDataCache: Shutdown
[2017.05.01-22.25.32:750][960]LogModuleManager: Shutting down and abandoning module VulkanShaderFormat (43)
[2017.05.01-22.25.32:750][960]LogModuleManager: Shutting down and abandoning module ShaderFormatOpenGL (42)
[2017.05.01-22.25.32:750][960]LogModuleManager: Shutting down and abandoning module ShaderFormatD3D (41)
[2017.05.01-22.25.32:750][960]LogModuleManager: Shutting down and abandoning module MetalShaderFormat (40)
[2017.05.01-22.25.32:750][960]LogModuleManager: Shutting down and abandoning module TextureFormatUncompressed (39)
[2017.05.01-22.25.32:750][960]LogModuleManager: Shutting down and abandoning module TextureFormatPVR (38)
[2017.05.01-22.25.32:750][960]LogModuleManager: Shutting down and abandoning module TextureFormatDXT (37)
[2017.05.01-22.25.32:750][960]LogModuleManager: Shutting down and abandoning module TextureFormatIntelISPCTexComp (36)
[2017.05.01-22.25.32:750][960]LogModuleManager: Shutting down and abandoning module ImageWrapper (35)
[2017.05.01-22.25.32:750][960]LogModuleManager: Shutting down and abandoning module TextureFormatASTC (34)
[2017.05.01-22.25.32:750][960]LogModuleManager: Shutting down and abandoning module TextureFormatAndroid (33)
[2017.05.01-22.25.32:750][960]LogModuleManager: Shutting down and abandoning module AudioFormatOpus (32)
[2017.05.01-22.25.32:750][960]LogModuleManager: Shutting down and abandoning module AudioFormatOgg (31)
[2017.05.01-22.25.32:750][960]LogModuleManager: Shutting down and abandoning module AudioFormatADPCM (30)
[2017.05.01-22.25.32:750][960]LogModuleManager: Shutting down and abandoning module WindowsTargetPlatform (29)
[2017.05.01-22.25.32:751][960]LogModuleManager: Shutting down and abandoning module WindowsServerTargetPlatform (28)
[2017.05.01-22.25.32:751][960]LogModuleManager: Shutting down and abandoning module WindowsNoEditorTargetPlatform (27)
[2017.05.01-22.25.32:751][960]LogModuleManager: Shutting down and abandoning module WindowsClientTargetPlatform (26)
[2017.05.01-22.25.32:751][960]LogModuleManager: Shutting down and abandoning module TargetPlatform (25)
[2017.05.01-22.25.32:751][960]LogModuleManager: Shutting down and abandoning module InputCore (24)
[2017.05.01-22.25.32:751][960]LogModuleManager: Shutting down and abandoning module Settings (23)
[2017.05.01-22.25.32:751][960]LogModuleManager: Shutting down and abandoning module OculusRift (22)
[2017.05.01-22.25.32:751][960]LogModuleManager: Shutting down and abandoning module ExampleDeviceProfileSelector (21)
[2017.05.01-22.25.32:751][960]LogModuleManager: Shutting down and abandoning module OnlineBlueprintSupport (20)
[2017.05.01-22.25.32:751][960]LogModuleManager: Shutting down and abandoning module OnlineSubsystem (18)
[2017.05.01-22.25.32:751][960]LogOnline:Display: Unloading online subsystem: NULL
[2017.05.01-22.25.32:751][960]LogModuleManager: Shutting down and abandoning module SSL (17)
[2017.05.01-22.25.32:755][960]LogModuleManager: Shutting down and abandoning module HTTP (16)
[2017.05.01-22.25.32:755][960]LogModuleManager: Shutting down and abandoning module XMPP (15)
[2017.05.01-22.25.32:756][960]LogModuleManager: Shutting down and abandoning module TextureCompressor (14)
[2017.05.01-22.25.32:756][960]LogModuleManager: Shutting down and abandoning module ShaderCore (13)
[2017.05.01-22.25.32:756][960]LogModuleManager: Shutting down and abandoning module Landscape (12)
[2017.05.01-22.25.32:756][960]LogModuleManager: Shutting down and abandoning module SlateRHIRenderer (11)
[2017.05.01-22.25.32:760][960]LogModuleManager: Shutting down and abandoning module OpenGLDrv (10)
[2017.05.01-22.25.32:760][960]LogModuleManager: Shutting down and abandoning module D3D11RHI (9)
[2017.05.01-22.25.32:760][960]LogModuleManager: Shutting down and abandoning module AnimGraphRuntime (8)
[2017.05.01-22.25.32:760][960]LogModuleManager: Shutting down and abandoning module Renderer (7)
[2017.05.01-22.25.32:760][960]LogModuleManager: Shutting down and abandoning module Engine (6)
[2017.05.01-22.25.32:760][960]LogModuleManager: Shutting down and abandoning module CoreUObject (5)
[2017.05.01-22.25.32:760][960]LogModuleManager: Shutting down and abandoning module NetworkFile (4)
[2017.05.01-22.25.32:760][960]LogModuleManager: Shutting down and abandoning module StreamingFile (3)
[2017.05.01-22.25.32:760][960]LogModuleManager: Shutting down and abandoning module SandboxFile (2)
[2017.05.01-22.25.32:760][960]LogModuleManager: Shutting down and abandoning module PakFile (1)
[2017.05.01-22.25.32:762][960]LogExit: Exiting.
[2017.05.01-22.25.32:781][960]Log file closed, 05/01/17 17:25:32
