Log file open, 04/02/17 22:55:53
LogInit:Display: Running engine for game: Zombie_Tower_Defense
LogPlatformFile: Not using cached read wrapper
LogInit:Display: RandInit(666465170) SRandInit(666465170).
LogTaskGraph: Started task graph with 5 named threads and 7 total threads with 1 sets of task threads.
LogStats: Stats thread started at 0.396314
LogPluginManager: Loaded Plugin Paper2D, From C:/Program Files/Epic Games/UE_4.14/Engine/Plugins/2D/Paper2D/Paper2D.uplugin
LogPluginManager: Loaded Plugin LightPropagationVolume, From C:/Program Files/Epic Games/UE_4.14/Engine/Plugins/Blendables/LightPropagationVolume/LightPropagationVolume.uplugin
LogPluginManager: Loaded Plugin BlankPlugin, From C:/Program Files/Epic Games/UE_4.14/Engine/Plugins/Developer/BlankPlugin/BlankPlugin.uplugin
LogPluginManager: Loaded Plugin CodeLiteSourceCodeAccess, From C:/Program Files/Epic Games/UE_4.14/Engine/Plugins/Developer/CodeLiteSourceCodeAccess/CodeLiteSourceCodeAccess.uplugin
LogPluginManager: Loaded Plugin GitSourceControl, From C:/Program Files/Epic Games/UE_4.14/Engine/Plugins/Developer/GitSourceControl/GitSourceControl.uplugin
LogPluginManager: Loaded Plugin KDevelopSourceCodeAccess, From C:/Program Files/Epic Games/UE_4.14/Engine/Plugins/Developer/KDevelopSourceCodeAccess/KDevelopSourceCodeAccess.uplugin
LogPluginManager: Loaded Plugin NullSourceCodeAccess, From C:/Program Files/Epic Games/UE_4.14/Engine/Plugins/Developer/NullSourceCodeAccess/NullSourceCodeAccess.uplugin
LogPluginManager: Loaded Plugin OneSkyLocalizationService, From C:/Program Files/Epic Games/UE_4.14/Engine/Plugins/Developer/OneSkyLocalizationService/OneSkyLocalizationService.uplugin
LogPluginManager: Loaded Plugin PerforceSourceControl, From C:/Program Files/Epic Games/UE_4.14/Engine/Plugins/Developer/PerforceSourceControl/PerforceSourceControl.uplugin
LogPluginManager: Loaded Plugin SubversionSourceControl, From C:/Program Files/Epic Games/UE_4.14/Engine/Plugins/Developer/SubversionSourceControl/SubversionSourceControl.uplugin
LogPluginManager: Loaded Plugin UObjectPlugin, From C:/Program Files/Epic Games/UE_4.14/Engine/Plugins/Developer/UObjectPlugin/UObjectPlugin.uplugin
LogPluginManager: Loaded Plugin VisualStudioSourceCodeAccess, From C:/Program Files/Epic Games/UE_4.14/Engine/Plugins/Developer/VisualStudioSourceCodeAccess/VisualStudioSourceCodeAccess.uplugin
LogPluginManager: Loaded Plugin XCodeSourceCodeAccess, From C:/Program Files/Epic Games/UE_4.14/Engine/Plugins/Developer/XCodeSourceCodeAccess/XCodeSourceCodeAccess.uplugin
LogPluginManager: Loaded Plugin AudioCapture, From C:/Program Files/Epic Games/UE_4.14/Engine/Plugins/Editor/AudioCapture/AudioCapture.uplugin
LogPluginManager: Loaded Plugin EpicSurvey, From C:/Program Files/Epic Games/UE_4.14/Engine/Plugins/Editor/EpicSurvey/EpicSurvey.uplugin
LogPluginManager: Loaded Plugin MacGraphicsSwitching, From C:/Program Files/Epic Games/UE_4.14/Engine/Plugins/Editor/MacGraphicsSwitching/MacGraphicsSwitching.uplugin
LogPluginManager: Loaded Plugin MobileLauncherProfileWizard, From C:/Program Files/Epic Games/UE_4.14/Engine/Plugins/Editor/MobileLauncherProfileWizard/MobileLauncherProfileWizard.uplugin
LogPluginManager: Loaded Plugin PluginBrowser, From C:/Program Files/Epic Games/UE_4.14/Engine/Plugins/Editor/PluginBrowser/PluginBrowser.uplugin
LogPluginManager: Loaded Plugin SpeedTreeImporter, From C:/Program Files/Epic Games/UE_4.14/Engine/Plugins/Editor/SpeedTreeImporter/SpeedTreeImporter.uplugin
LogPluginManager: Loaded Plugin SuperSearchEditor, From C:/Program Files/Epic Games/UE_4.14/Engine/Plugins/Editor/SuperSearchEditor/SuperSearchEditor.uplugin
LogPluginManager: Loaded Plugin AlembicImporter, From C:/Program Files/Epic Games/UE_4.14/Engine/Plugins/Experimental/AlembicImporter/AlembicImporter.uplugin
LogPluginManager: Loaded Plugin BlueprintStats, From C:/Program Files/Epic Games/UE_4.14/Engine/Plugins/Experimental/BlueprintStats/BlueprintStats.uplugin
LogPluginManager: Loaded Plugin CharacterAI, From C:/Program Files/Epic Games/UE_4.14/Engine/Plugins/Experimental/CharacterAI/CharacterAI.uplugin
LogPluginManager: Loaded Plugin CodeEditor, From C:/Program Files/Epic Games/UE_4.14/Engine/Plugins/Experimental/CodeEditor/CodeEditor.uplugin
LogPluginManager: Loaded Plugin CodeView, From C:/Program Files/Epic Games/UE_4.14/Engine/Plugins/Experimental/CodeView/CodeView.uplugin
LogPluginManager: Loaded Plugin HTML5Networking, From C:/Program Files/Epic Games/UE_4.14/Engine/Plugins/Experimental/HTML5Networking/HTML5Networking.uplugin
LogPluginManager: Loaded Plugin OSVR, From C:/Program Files/Epic Games/UE_4.14/Engine/Plugins/Experimental/OSVR/OSVR.uplugin
LogPluginManager: Loaded Plugin Phya, From C:/Program Files/Epic Games/UE_4.14/Engine/Plugins/Experimental/Phya/Phya.uplugin
LogPluginManager: Loaded Plugin SignificanceManager, From C:/Program Files/Epic Games/UE_4.14/Engine/Plugins/Experimental/SignificanceManager/SignificanceManager.uplugin
LogPluginManager: Loaded Plugin SimpleHMD, From C:/Program Files/Epic Games/UE_4.14/Engine/Plugins/Experimental/SimpleHMD/SimpleHMD.uplugin
LogPluginManager: Loaded Plugin StereoPanorama, From C:/Program Files/Epic Games/UE_4.14/Engine/Plugins/Experimental/StereoPanorama/StereoPanorama.uplugin
LogPluginManager: Loaded Plugin StructBox, From C:/Program Files/Epic Games/UE_4.14/Engine/Plugins/Experimental/StructBox/StructBox.uplugin
LogPluginManager: Loaded Plugin AndroidMedia, From C:/Program Files/Epic Games/UE_4.14/Engine/Plugins/Media/AndroidMedia/AndroidMedia.uplugin
LogPluginManager: Loaded Plugin AvfMedia, From C:/Program Files/Epic Games/UE_4.14/Engine/Plugins/Media/AvfMedia/AvfMedia.uplugin
LogPluginManager: Loaded Plugin MediaPlayerEditor, From C:/Program Files/Epic Games/UE_4.14/Engine/Plugins/Media/MediaPlayerEditor/MediaPlayerEditor.uplugin
LogPluginManager: Loaded Plugin WmfMedia, From C:/Program Files/Epic Games/UE_4.14/Engine/Plugins/Media/WmfMedia/WmfMedia.uplugin
LogPluginManager: Loaded Plugin MessagingDebugger, From C:/Program Files/Epic Games/UE_4.14/Engine/Plugins/Messaging/MessagingDebugger/MessagingDebugger.uplugin
LogPluginManager: Loaded Plugin TcpMessaging, From C:/Program Files/Epic Games/UE_4.14/Engine/Plugins/Messaging/TcpMessaging/TcpMessaging.uplugin
LogPluginManager: Loaded Plugin UdpMessaging, From C:/Program Files/Epic Games/UE_4.14/Engine/Plugins/Messaging/UdpMessaging/UdpMessaging.uplugin
LogPluginManager: Loaded Plugin LevelSequenceEditor, From C:/Program Files/Epic Games/UE_4.14/Engine/Plugins/MovieScene/LevelSequenceEditor/LevelSequenceEditor.uplugin
LogPluginManager: Loaded Plugin MatineeToLevelSequence, From C:/Program Files/Epic Games/UE_4.14/Engine/Plugins/MovieScene/MatineeToLevelSequence/MatineeToLevelSequence.uplugin
LogPluginManager: Loaded Plugin NetcodeUnitTest, From C:/Program Files/Epic Games/UE_4.14/Engine/Plugins/NetcodeUnitTest/NetcodeUnitTest/NetcodeUnitTest.uplugin
LogPluginManager: Loaded Plugin NUTUnrealEngine4, From C:/Program Files/Epic Games/UE_4.14/Engine/Plugins/NetcodeUnitTest/NUTUnrealEngine4/NUTUnrealEngine4.uplugin
LogPluginManager: Loaded Plugin OnlineSubsystemGameCircle, From C:/Program Files/Epic Games/UE_4.14/Engine/Plugins/Online/Android/OnlineSubsystemGameCircle/OnlineSubsystemGameCircle.uplugin
LogPluginManager: Loaded Plugin OnlineSubsystemGooglePlay, From C:/Program Files/Epic Games/UE_4.14/Engine/Plugins/Online/Android/OnlineSubsystemGooglePlay/OnlineSubsystemGooglePlay.uplugin
LogPluginManager: Loaded Plugin OnlineSubsystemIOS, From C:/Program Files/Epic Games/UE_4.14/Engine/Plugins/Online/IOS/OnlineSubsystemIOS/OnlineSubsystemIOS.uplugin
LogPluginManager: Loaded Plugin OnlineFramework, From C:/Program Files/Epic Games/UE_4.14/Engine/Plugins/Online/OnlineFramework/OnlineFramework.uplugin
LogPluginManager: Loaded Plugin OnlineSubsystem, From C:/Program Files/Epic Games/UE_4.14/Engine/Plugins/Online/OnlineSubsystem/OnlineSubsystem.uplugin
LogPluginManager: Loaded Plugin OnlineSubsystemAmazon, From C:/Program Files/Epic Games/UE_4.14/Engine/Plugins/Online/OnlineSubsystemAmazon/OnlineSubsystemAmazon.uplugin
LogPluginManager: Loaded Plugin OnlineSubsystemFacebook, From C:/Program Files/Epic Games/UE_4.14/Engine/Plugins/Online/OnlineSubsystemFacebook/OnlineSubsystemFacebook.uplugin
LogPluginManager: Loaded Plugin OnlineSubsystemNull, From C:/Program Files/Epic Games/UE_4.14/Engine/Plugins/Online/OnlineSubsystemNull/OnlineSubsystemNull.uplugin
LogPluginManager: Loaded Plugin OnlineSubsystemOculus, From C:/Program Files/Epic Games/UE_4.14/Engine/Plugins/Online/OnlineSubsystemOculus/OnlineSubsystemOculus.uplugin
LogPluginManager: Loaded Plugin OnlineSubsystemSteam, From C:/Program Files/Epic Games/UE_4.14/Engine/Plugins/Online/OnlineSubsystemSteam/OnlineSubsystemSteam.uplugin
LogPluginManager: Loaded Plugin OnlineSubsystemUtils, From C:/Program Files/Epic Games/UE_4.14/Engine/Plugins/Online/OnlineSubsystemUtils/OnlineSubsystemUtils.uplugin
LogPluginManager: Loaded Plugin IOSTapJoy, From C:/Program Files/Epic Games/UE_4.14/Engine/Plugins/Runtime/Advertising/IOSTapJoy/IOSTapJoy.uplugin
LogPluginManager: Loaded Plugin AnalyticsBlueprintLibrary, From C:/Program Files/Epic Games/UE_4.14/Engine/Plugins/Runtime/Analytics/AnalyticsBlueprintLibrary/AnalyticsBlueprintLibrary.uplugin
LogPluginManager: Loaded Plugin AnalyticsMulticast, From C:/Program Files/Epic Games/UE_4.14/Engine/Plugins/Runtime/Analytics/AnalyticsMulticast/AnalyticsMulticast.uplugin
LogPluginManager: Loaded Plugin Apsalar, From C:/Program Files/Epic Games/UE_4.14/Engine/Plugins/Runtime/Analytics/Apsalar/Apsalar.uplugin
LogPluginManager: Loaded Plugin FileLogging, From C:/Program Files/Epic Games/UE_4.14/Engine/Plugins/Runtime/Analytics/FileLogging/FileLogging.uplugin
LogPluginManager: Loaded Plugin Flurry, From C:/Program Files/Epic Games/UE_4.14/Engine/Plugins/Runtime/Analytics/Flurry/Flurry.uplugin
LogPluginManager: Loaded Plugin AndroidDeviceProfileSelector, From C:/Program Files/Epic Games/UE_4.14/Engine/Plugins/Runtime/AndroidDeviceProfileSelector/AndroidDeviceProfileSelector.uplugin
LogPluginManager: Loaded Plugin AndroidMoviePlayer, From C:/Program Files/Epic Games/UE_4.14/Engine/Plugins/Runtime/AndroidMoviePlayer/AndroidMoviePlayer.uplugin
LogPluginManager: Loaded Plugin AppleMoviePlayer, From C:/Program Files/Epic Games/UE_4.14/Engine/Plugins/Runtime/AppleMoviePlayer/AppleMoviePlayer.uplugin
LogPluginManager: Loaded Plugin ArchVisCharacter, From C:/Program Files/Epic Games/UE_4.14/Engine/Plugins/Runtime/ArchVisCharacter/ArchVisCharacter.uplugin
LogPluginManager: Loaded Plugin CableComponent, From C:/Program Files/Epic Games/UE_4.14/Engine/Plugins/Runtime/CableComponent/CableComponent.uplugin
LogPluginManager: Loaded Plugin CustomMeshComponent, From C:/Program Files/Epic Games/UE_4.14/Engine/Plugins/Runtime/CustomMeshComponent/CustomMeshComponent.uplugin
LogPluginManager: Loaded Plugin ExampleDeviceProfileSelector, From C:/Program Files/Epic Games/UE_4.14/Engine/Plugins/Runtime/ExampleDeviceProfileSelector/ExampleDeviceProfileSelector.uplugin
LogPluginManager: Loaded Plugin GearVR, From C:/Program Files/Epic Games/UE_4.14/Engine/Plugins/Runtime/GearVR/GearVR.uplugin
LogPluginManager: Loaded Plugin GoogleVRController, From C:/Program Files/Epic Games/UE_4.14/Engine/Plugins/Runtime/GoogleVR/GoogleVRController/GoogleVRController.uplugin
LogPluginManager: Loaded Plugin GoogleVRHMD, From C:/Program Files/Epic Games/UE_4.14/Engine/Plugins/Runtime/GoogleVR/GoogleVRHMD/GoogleVRHMD.uplugin
LogPluginManager: Loaded Plugin IOSDeviceProfileSelector, From C:/Program Files/Epic Games/UE_4.14/Engine/Plugins/Runtime/IOSDeviceProfileSelector/IOSDeviceProfileSelector.uplugin
LogPluginManager: Loaded Plugin LeapMotion, From C:/Program Files/Epic Games/UE_4.14/Engine/Plugins/Runtime/LeapMotion/LeapMotion.uplugin
LogPluginManager: Loaded Plugin LinuxDeviceProfileSelector, From C:/Program Files/Epic Games/UE_4.14/Engine/Plugins/Runtime/LinuxDeviceProfileSelector/LinuxDeviceProfileSelector.uplugin
LogPluginManager: Loaded Plugin MIDIDevice, From C:/Program Files/Epic Games/UE_4.14/Engine/Plugins/Runtime/MIDIDevice/MIDIDevice.uplugin
LogPluginManager: Loaded Plugin MobilePatchingUtils, From C:/Program Files/Epic Games/UE_4.14/Engine/Plugins/Runtime/MobilePatchingUtils/MobilePatchingUtils.uplugin
LogPluginManager: Loaded Plugin Ansel, From C:/Program Files/Epic Games/UE_4.14/Engine/Plugins/Runtime/Nvidia/Ansel/Ansel.uplugin
LogPluginManager: Loaded Plugin OculusAudio, From C:/Program Files/Epic Games/UE_4.14/Engine/Plugins/Runtime/OculusAudio/OculusAudio.uplugin
LogPluginManager: Loaded Plugin OculusInput, From C:/Program Files/Epic Games/UE_4.14/Engine/Plugins/Runtime/OculusInput/OculusInput.uplugin
LogPluginManager: Loaded Plugin OculusLibrary, From C:/Program Files/Epic Games/UE_4.14/Engine/Plugins/Runtime/OculusLibrary/OculusLibrary.uplugin
LogPluginManager: Loaded Plugin OculusRift, From C:/Program Files/Epic Games/UE_4.14/Engine/Plugins/Runtime/OculusRift/OculusRift.uplugin
LogPluginManager: Loaded Plugin Oodle, From C:/Program Files/Epic Games/UE_4.14/Engine/Plugins/Runtime/PacketHandlers/CompressionComponents/Oodle/Oodle.uplugin
LogPluginManager: Loaded Plugin ProceduralMeshComponent, From C:/Program Files/Epic Games/UE_4.14/Engine/Plugins/Runtime/ProceduralMeshComponent/ProceduralMeshComponent.uplugin
LogPluginManager: Loaded Plugin SoundMod, From C:/Program Files/Epic Games/UE_4.14/Engine/Plugins/Runtime/SoundMod/SoundMod.uplugin
LogPluginManager: Loaded Plugin SoundVisualizations, From C:/Program Files/Epic Games/UE_4.14/Engine/Plugins/Runtime/SoundVisualizations/SoundVisualizations.uplugin
LogPluginManager: Loaded Plugin SteamController, From C:/Program Files/Epic Games/UE_4.14/Engine/Plugins/Runtime/Steam/SteamController/SteamController.uplugin
LogPluginManager: Loaded Plugin SteamVR, From C:/Program Files/Epic Games/UE_4.14/Engine/Plugins/Runtime/Steam/SteamVR/SteamVR.uplugin
LogPluginManager: Loaded Plugin WebBrowserWidget, From C:/Program Files/Epic Games/UE_4.14/Engine/Plugins/Runtime/WebBrowserWidget/WebBrowserWidget.uplugin
LogPluginManager: Loaded Plugin WindowsDeviceProfileSelector, From C:/Program Files/Epic Games/UE_4.14/Engine/Plugins/Runtime/WindowsDeviceProfileSelector/WindowsDeviceProfileSelector.uplugin
LogPluginManager: Loaded Plugin WindowsMoviePlayer, From C:/Program Files/Epic Games/UE_4.14/Engine/Plugins/Runtime/WindowsMoviePlayer/WindowsMoviePlayer.uplugin
LogPluginManager: Loaded Plugin ScriptPlugin, From C:/Program Files/Epic Games/UE_4.14/Engine/Plugins/ScriptPlugin/ScriptPlugin.uplugin
LogPluginManager: Loaded Plugin SlateRemote, From C:/Program Files/Epic Games/UE_4.14/Engine/Plugins/Slate/SlateRemote/SlateRemote.uplugin
LogPluginManager: Loaded Plugin EditorTests, From C:/Program Files/Epic Games/UE_4.14/Engine/Plugins/Tests/EditorTests/EditorTests.uplugin
LogPluginManager: Loaded Plugin FbxAutomationTestBuilder, From C:/Program Files/Epic Games/UE_4.14/Engine/Plugins/Tests/FbxAutomationTestBuilder/FbxAutomationTestBuilder.uplugin
LogPluginManager: Loaded Plugin FunctionalTestingEditor, From C:/Program Files/Epic Games/UE_4.14/Engine/Plugins/Tests/FunctionalTestingEditor/FunctionalTestingEditor.uplugin
LogPluginManager: Loaded Plugin RuntimeTests, From C:/Program Files/Epic Games/UE_4.14/Engine/Plugins/Tests/RuntimeTests/RuntimeTests.uplugin
LogPluginManager: Loaded Plugin ScreenshotTools, From C:/Program Files/Epic Games/UE_4.14/Engine/Plugins/Tests/ScreenshotTools/ScreenshotTools.uplugin
LogInit: Using libcurl 7.47.1
LogInit:  - built for x86_64-pc-win32
LogInit:  - supports SSL with OpenSSL/1.0.2g
LogInit:  - supports HTTP deflate (compression) using libz 1.2.8
LogInit:  - other features:
LogInit:      CURL_VERSION_SSL
LogInit:      CURL_VERSION_LIBZ
LogInit:      CURL_VERSION_IPV6
LogInit:      CURL_VERSION_ASYNCHDNS
LogInit:      CURL_VERSION_LARGEFILE
LogInit:      CURL_VERSION_IDN
LogInit:  CurlRequestOptions (configurable via config and command line):
LogInit:  - bVerifyPeer = false  - Libcurl will NOT verify peer certificate
LogInit:  - bUseHttpProxy = false  - Libcurl will NOT use HTTP proxy
LogInit:  - bDontReuseConnections = false  - Libcurl will reuse connections
LogInit:  - CertBundlePath = nullptr  - Libcurl will use whatever was configured at build time.
LogInit: Build: ++UE4+Release-4.14-CL-3249277
LogInit: Engine Version: 4.14.3-3249277+++UE4+Release-4.14
LogInit: Compatible Engine Version: 4.14.0-3195953+++UE4+Release-4.14
LogInit: Net CL: 3195953
LogDevObjectVersion: Number of dev versions registered: 13
LogDevObjectVersion:   Dev-Blueprints (B0D832E4-1F89-4F0D-ACCF-7EB736FD4AA2): 7
LogDevObjectVersion:   Dev-Build (E1C64328-A22C-4D53-A36C-8E866417BD8C): 0
LogDevObjectVersion:   Dev-Core (375EC13C-06E4-48FB-B500-84F0262A717E): 1
LogDevObjectVersion:   Dev-Editor (E4B068ED-F494-42E9-A231-DA0B2E46BB41): 8
LogDevObjectVersion:   Dev-Framework (CFFC743F-43B0-4480-9391-14DF171D2073): 17
LogDevObjectVersion:   Dev-Mobile (B02B49B5-BB20-44E9-A304-32B752E40360): 0
LogDevObjectVersion:   Dev-Networking (A4E4105C-59A1-49B5-A7C5-40C4547EDFEE): 0
LogDevObjectVersion:   Dev-Online (39C831C9-5AE6-47DC-9A44-9C173E1C8E7C): 0
LogDevObjectVersion:   Dev-Physics (78F01B33-EBEA-4F98-B9B4-84EACCB95AA2): 0
LogDevObjectVersion:   Dev-Platform (6631380F-2D4D-43E0-8009-CF276956A95A): 0
LogDevObjectVersion:   Dev-Rendering (12F88B9F-8875-4AFC-A67C-D90C383ABD29): 12
LogDevObjectVersion:   Dev-Sequencer (7B5AE74C-D270-4C10-A958-57980B212A5A): 1
LogDevObjectVersion:   Dev-VR (D7296918-1DD6-4BDD-9DE2-64A83CC13884): 0
LogInit: Compiled (64-bit): Jan  6 2017 10:49:43
LogInit: Compiled with Visual C++: 19.00.23026.00
LogInit: Build Configuration: Development
LogInit: Branch Name: ++UE4+Release-4.14
LogInit: Command line:  
LogInit: Base directory: C:/Program Files/Epic Games/UE_4.14/Engine/Binaries/Win64/
LogInit: Installed Engine Build: 1
LogInit: Presizing for max 8388607 objects, including 0 objects not considered by GC, pre-allocating 0 bytes for permanent pool.
LogInit: Object subsystem initialized
[2017.04.03-03.55.54:886][  0]LogInit: Selected Device Profile: [Windows]
[2017.04.03-03.55.54:886][  0]LogInit: Applying CVar settings loaded from the selected device profile: [Windows]
[2017.04.03-03.55.55:081][  0]LogInit: Computer: JORDANOBE-PC
[2017.04.03-03.55.55:081][  0]LogInit: User: JordanObe
[2017.04.03-03.55.55:081][  0]LogInit: CPU Page size=65536, Cores=3
[2017.04.03-03.55.55:081][  0]LogInit: High frequency timer resolution =3.703860 MHz
[2017.04.03-03.55.55:103][  0]LogMemory: Memory total: Physical=9.9GB (10GB approx)
[2017.04.03-03.55.55:112][  0]LogMemory: Platform Memory Stats for Windows
[2017.04.03-03.55.55:112][  0]LogMemory: Process Physical Memory: 264.33 MB used, 264.33 MB peak
[2017.04.03-03.55.55:112][  0]LogMemory: Process Virtual Memory: 262.54 MB used, 262.54 MB peak
[2017.04.03-03.55.55:112][  0]LogMemory: Physical Memory: 5316.88 MB used,  4823.98 MB free, 10140.86 MB total
[2017.04.03-03.55.55:112][  0]LogMemory: Virtual Memory: 675.87 MB used,  4823.98 MB free, 134217728.00 MB total
[2017.04.03-03.55.56:538][  0]LogTextLocalizationManager: No specific translations for ('en-US') exist, so ('en') translations will be used.
[2017.04.03-03.56.01:913][  0]LogD3D11RHI: D3D11 adapters:
[2017.04.03-03.56.01:997][  0]LogD3D11RHI:    0. 'Radeon (TM) RX 480 Graphics' (Feature Level 11_0)
[2017.04.03-03.56.01:997][  0]LogD3D11RHI:       4044/0/5070 MB DedicatedVideo/DedicatedSystem/SharedSystem, Outputs:2, VendorId:0x1002
[2017.04.03-03.56.02:040][  0]LogD3D11RHI:    1. 'Microsoft Basic Render Driver' (Feature Level 11_0)
[2017.04.03-03.56.02:040][  0]LogD3D11RHI:       0/0/5070 MB DedicatedVideo/DedicatedSystem/SharedSystem, Outputs:0, VendorId:0x1414
[2017.04.03-03.56.02:040][  0]LogD3D11RHI: Chosen D3D11 Adapter: 0
[2017.04.03-03.56.02:051][  0]LogD3D11RHI: Creating new Direct3DDevice
[2017.04.03-03.56.02:051][  0]LogD3D11RHI:     GPU DeviceId: 0x67df (for the marketing name, search the web for "GPU Device Id")
[2017.04.03-03.56.02:051][  0]LogWindows: EnumDisplayDevices:
[2017.04.03-03.56.02:051][  0]LogWindows:    0. 'Radeon (TM) RX 480 Graphics' (P:1 D:1)
[2017.04.03-03.56.02:052][  0]LogWindows:    1. 'Radeon (TM) RX 480 Graphics' (P:0 D:1)
[2017.04.03-03.56.02:052][  0]LogWindows:    2. 'Radeon (TM) RX 480 Graphics' (P:0 D:0)
[2017.04.03-03.56.02:052][  0]LogWindows:    3. 'Radeon (TM) RX 480 Graphics' (P:0 D:0)
[2017.04.03-03.56.02:053][  0]LogWindows:    4. 'Radeon (TM) RX 480 Graphics' (P:0 D:0)
[2017.04.03-03.56.02:053][  0]LogWindows:    5. 'Radeon (TM) RX 480 Graphics' (P:0 D:0)
[2017.04.03-03.56.02:053][  0]LogWindows: DebugString: FoundDriverCount:6 
[2017.04.03-03.56.02:053][  0]LogD3D11RHI:     Adapter Name: Radeon (TM) RX 480 Graphics
[2017.04.03-03.56.02:053][  0]LogD3D11RHI:   Driver Version: Crimson ReLive 16.12.2 (internal:21.19.407.0, unified:21.19.407.0)
[2017.04.03-03.56.02:053][  0]LogD3D11RHI:      Driver Date: 12-23-2016
[2017.04.03-03.56.02:054][  0]LogRHI: Texture pool is 1361 MB (70% of 1945 MB)
[2017.04.03-03.56.02:086][  0]LogD3D11RHI: Async texture creation enabled
[2017.04.03-03.56.02:533][  0]LogD3D11RHI: GPU Timing Frequency: 25.000000 (Debug: 2 1)
[2017.04.03-03.56.02:625][  0]LogShaderCompilers: Guid format shader working directory is -20 characters bigger than the processId version (../../../../../../Users/Jordan Obe/Documents/GitHub/Zombie_TowerDefense/Intermediate/Shaders/WorkingDirectory/7588/).
[2017.04.03-03.56.02:625][  0]LogShaderCompilers: Cleaned the shader compiler working directory 'C:/Users/Jordan Obe/AppData/Local/Temp/UnrealShaderWorkingDir/46AEB6E344295EE3D057FA8DB57565BA/'.
[2017.04.03-03.56.02:643][  0]LogShaderCompilers:Display: Using Local Shader Compiler.
[2017.04.03-03.56.09:425][  0]LogTemp:Display: Loaded TP AllDesktopTargetPlatform
[2017.04.03-03.56.09:564][  0]LogTemp:Display: Loaded TP MacClientTargetPlatform
[2017.04.03-03.56.09:680][  0]LogTemp:Display: Loaded TP MacNoEditorTargetPlatform
[2017.04.03-03.56.09:802][  0]LogTemp:Display: Loaded TP MacServerTargetPlatform
[2017.04.03-03.56.09:914][  0]LogTemp:Display: Loaded TP MacTargetPlatform
[2017.04.03-03.56.10:012][  0]LogTemp:Display: Loaded TP WindowsClientTargetPlatform
[2017.04.03-03.56.10:110][  0]LogTemp:Display: Loaded TP WindowsNoEditorTargetPlatform
[2017.04.03-03.56.10:208][  0]LogTemp:Display: Loaded TP WindowsServerTargetPlatform
[2017.04.03-03.56.10:291][  0]LogTemp:Display: Loaded TP WindowsTargetPlatform
[2017.04.03-03.56.10:436][  0]LogTemp:Display: Loaded TP AndroidTargetPlatform
[2017.04.03-03.56.10:542][  0]LogTemp:Display: Loaded TP Android_ASTCTargetPlatform
[2017.04.03-03.56.10:647][  0]LogTemp:Display: Loaded TP Android_ATCTargetPlatform
[2017.04.03-03.56.10:775][  0]LogTemp:Display: Loaded TP Android_DXTTargetPlatform
[2017.04.03-03.56.10:900][  0]LogTemp:Display: Loaded TP Android_ETC1TargetPlatform
[2017.04.03-03.56.11:009][  0]LogTemp:Display: Loaded TP Android_ETC2TargetPlatform
[2017.04.03-03.56.11:233][  0]LogTemp:Display: Loaded TP Android_MultiTargetPlatform
[2017.04.03-03.56.11:233][  0]LogTemp:Display: Loaded TP Android_PVRTCTargetPlatform
[2017.04.03-03.56.11:357][  0]LogTemp:Display: Loaded TP HTML5TargetPlatform
[2017.04.03-03.56.11:610][  0]LogTemp:Display: Loaded TP IOSTargetPlatform
[2017.04.03-03.56.11:673][  0]LogTemp:Display: Loaded TP TVOSTargetPlatform
[2017.04.03-03.56.11:772][  0]LogTemp:Display: Loaded TP LinuxClientTargetPlatform
[2017.04.03-03.56.11:878][  0]LogTemp:Display: Loaded TP LinuxNoEditorTargetPlatform
[2017.04.03-03.56.11:985][  0]LogTemp:Display: Loaded TP LinuxServerTargetPlatform
[2017.04.03-03.56.12:093][  0]LogTemp:Display: Loaded TP LinuxTargetPlatform
[2017.04.03-03.56.12:093][  0]LogTargetPlatformManager:Display: Building Assets For Windows
[2017.04.03-03.56.14:022][  0]LogDerivedDataCache:Display: Max Cache Size: 512 MB
[2017.04.03-03.56.14:552][  0]LogDerivedDataCache: Loaded boot cache 0.51s 50MB C:/Users/Jordan Obe/AppData/Local/UnrealEngine/4.14/DerivedDataCache/Boot.ddc.
[2017.04.03-03.56.14:552][  0]LogDerivedDataCache:Display: Loaded Boot cache: C:/Users/Jordan Obe/AppData/Local/UnrealEngine/4.14/DerivedDataCache/Boot.ddc
[2017.04.03-03.56.14:552][  0]LogDerivedDataCache: FDerivedDataBackendGraph:  Pak pak cache file ../../../../../../Users/Jordan Obe/Documents/GitHub/Zombie_TowerDefense/DerivedDataCache/DDC.ddp not found, will not use a pak cache.
[2017.04.03-03.56.14:552][  0]LogDerivedDataCache: Unable to find inner node Pak for hierarchical cache Hierarchy.
[2017.04.03-03.56.14:552][  0]LogDerivedDataCache: FDerivedDataBackendGraph:  CompressedPak pak cache file ../../../../../../Users/Jordan Obe/Documents/GitHub/Zombie_TowerDefense/DerivedDataCache/Compressed.ddp not found, will not use a pak cache.
[2017.04.03-03.56.14:552][  0]LogDerivedDataCache: Unable to find inner node CompressedPak for hierarchical cache Hierarchy.
[2017.04.03-03.56.14:660][  0]LogDerivedDataCache:Display: Pak cache opened for reading ../../../Engine/DerivedDataCache/Compressed.ddp.
[2017.04.03-03.56.14:701][  0]LogDerivedDataCache: Using Local data cache path C:/Users/Jordan Obe/AppData/Local/UnrealEngine/Common/DerivedDataCache: Writable
[2017.04.03-03.56.26:548][  0]LogInit: Selected Device Profile: [Windows]
[2017.04.03-03.56.27:025][  0]LogContentStreaming: Texture pool size is 0.00 MB
[2017.04.03-03.56.28:294][  0]LogMeshUtilities: Using QuadricMeshReduction for automatic static mesh reduction
[2017.04.03-03.56.28:533][  0]LogSimplygon: Simplygon DLL not present - disabling.
[2017.04.03-03.56.28:664][  0]LogMeshUtilities: Using SimplygonSwarm for distributed automatic mesh merging
[2017.04.03-03.56.28:664][  0]LogMeshUtilities: No automatic skeletal mesh reduction module available
[2017.04.03-03.56.28:664][  0]LogMeshUtilities: No automatic mesh merging module available
[2017.04.03-03.56.37:739][  0]LogNetVersion: GetLocalNetworkVersion: CL: 3195953, ProjectName: zombie_tower_defense, ProjectVersion: , EngineNetworkVersion: 2, GameNetworkVersion: 0, NetworkChecksum: 2528811943
[2017.04.03-03.56.38:020][  0]LogAssetRegistry: FAssetRegistry took 0.0363 seconds to start up
[2017.04.03-03.56.38:244][  0]LogPackageLocalizationCache: Processed 3 localized package path(s) for 2 prioritized culture(s) in 0.104621 seconds
[2017.04.03-03.56.38:269][  0]LogUObjectArray: 31946 objects as part of root set at end of initial load.
[2017.04.03-03.56.38:269][  0]LogUObjectAllocator: 6935840 out of 0 bytes used by permanent object pool.
[2017.04.03-03.56.38:269][  0]LogUObjectArray: CloseDisregardForGC: 0/0 objects in disregard for GC pool
[2017.04.03-03.56.38:442][  0]LogInit: WinSock: version 1.1 (2.2), MaxSocks=32767, MaxUdp=65467
[2017.04.03-03.56.43:704][  0]LogSlate: Using Freetype 2.6.0
[2017.04.03-03.56.43:849][  0]LogSlate: SlateFontCache - WITH_FREETYPE: 1, WITH_HARFBUZZ: 1
[2017.04.03-03.56.43:850][  0]LogSlate: SlateFontCache - WITH_FREETYPE: 1, WITH_HARFBUZZ: 1
[2017.04.03-03.57.15:867][  0]LogTcpMessaging: Initializing TcpMessaging bridge
[2017.04.03-03.57.15:945][  0]LogUdpMessaging: Initializing bridge on interface 0.0.0.0:0 to multicast group 230.0.0.1:6666.
[2017.04.03-03.57.17:788][  0]LogMaterial: Uniform references updated for custom material expression Custom.
[2017.04.03-03.57.19:391][  0]SourceControl: Info Source control is disabled
[2017.04.03-03.57.19:408][  0]SourceControl: Info Source control is disabled
[2017.04.03-03.57.19:547][  0]SourceControl: Info Source control is disabled
[2017.04.03-03.57.19:661][  0]SourceControl: Info Source control is disabled
[2017.04.03-03.57.23:193][  0]LogEngine: Initializing Engine...
[2017.04.03-03.57.23:227][  0]LogHMD: Failed to initialize OpenVR with code 110
[2017.04.03-03.57.24:322][  0]LogAIModule: Creating AISystem for world Untitled
[2017.04.03-03.57.24:604][  0]LogInit: XAudio2 using 'Realtek HD Audio 2nd output (Realtek High Definition Audio)' : 2 channels at 48 kHz using 32 bits per sample (channel mask 0x3)
[2017.04.03-03.57.24:694][  0]LogInit: FAudioDevice initialized.
[2017.04.03-03.57.24:771][  0]LogDerivedDataCache: Saved boot cache 0.08s 50MB C:/Users/Jordan Obe/AppData/Local/UnrealEngine/4.14/DerivedDataCache/Boot.ddc.
[2017.04.03-03.57.24:809][  0]LogInit: Texture streaming: Enabled
[2017.04.03-03.57.25:437][  0]LogInit: Transaction tracking system initialized
[2017.04.03-03.57.26:463][  0]BlueprintLog: New page: Editor Load
[2017.04.03-03.57.29:017][  0]LocalizationService: Info Localization service is disabled
[2017.04.03-03.57.30:747][  0]LogConsoleResponse:Display: 
[2017.04.03-03.57.32:607][  0]LogFileCache: Scanning file cache for directory 'C:/Users/Jordan Obe/Documents/GitHub/Zombie_TowerDefense/Content/' took 0.02s
[2017.04.03-03.57.32:607][  0]LogCook:Display: Max memory allowance for cook 16384mb min free memory 0mb
[2017.04.03-03.57.32:626][  0]LogCook:Display: Mobile HDR setting 1
[2017.04.03-03.57.35:869][  0]SourceControl: Info Source control is disabled
[2017.04.03-03.57.35:899][  0]Cmd: MAP LOAD FILE="../../../../../../Users/Jordan Obe/Documents/GitHub/Zombie_TowerDefense/Content/ZTD_Blueprint/Maps/Menu_Main.umap" TEMPLATE=0 SHOWPROGRESS=1 FEATURELEVEL=3
[2017.04.03-03.57.35:910][  0]LightingResults: New page: Lighting Build
[2017.04.03-03.57.36:166][  0]MapCheck: New page: Map Check
[2017.04.03-03.57.36:167][  0]LightingResults: New page: Lighting Build
[2017.04.03-03.57.38:044][  0]LogAIModule: Creating AISystem for world Menu_Main
[2017.04.03-03.57.38:144][  0]LogEditorServer: Finished looking for orphan Actors (0.000 secs)
[2017.04.03-03.57.38:168][  0]Cmd: MAP CHECKDEP NOCLEARLOG
[2017.04.03-03.57.38:290][  0]MapCheck: Info Map check complete: 0 Error(s), 0 Warning(s), took 122.577ms to complete.
[2017.04.03-03.57.38:290][  0]LogFileHelpers: Loading map 'Menu_Main' took 2.397
[2017.04.03-03.57.38:812][  0]LogWindowsTextInputMethodSystem:Display: IME system now deactivated.
[2017.04.03-03.57.39:687][  0]LogCollectionManager: Loaded 0 collections in 0.002440 seconds
[2017.04.03-03.57.39:952][  0]LogFileCache: Scanning file cache for directory 'C:/Users/Jordan Obe/Documents/GitHub/Zombie_TowerDefense/Saved/Collections/' took 0.01s
[2017.04.03-03.57.39:952][  0]LogFileCache: Scanning file cache for directory 'C:/Users/Jordan Obe/Documents/GitHub/Zombie_TowerDefense/Content/Developers/JordanObe/Collections/' took 0.01s
[2017.04.03-03.57.39:952][  0]LogFileCache: Scanning file cache for directory 'C:/Users/Jordan Obe/Documents/GitHub/Zombie_TowerDefense/Content/Collections/' took 0.01s
[2017.04.03-03.57.39:952][  0]LogCollectionManager: Rebuilt the GUID cache for 0 collections in 0.000003 seconds
[2017.04.03-03.57.39:985][  0]LogContentBrowser: Native class hierarchy populated in 0.0263 seconds. Added 2190 classes and 428 folders.
[2017.04.03-03.57.40:084][  0]LogStats: UGameplayTagsManager::ConstructGameplayTagTree: Construct from data asset -  0.000 s
[2017.04.03-03.57.40:084][  0]LogStats: UGameplayTagsManager::ConstructGameplayTagTree: GameplayTagTreeChangedEvent.Broadcast -  0.000 s
[2017.04.03-03.57.40:085][  0]LogContentBrowser: Native class hierarchy updated for 'GameplayTags' in 0.0007 seconds. Added 13 classes and 0 folders.
[2017.04.03-03.57.40:223][  0]LogContentBrowser: Native class hierarchy updated for 'WidgetCarousel' in 0.0006 seconds. Added 0 classes and 0 folders.
[2017.04.03-03.57.42:044][  0]LogContentBrowser: Native class hierarchy updated for 'AddContentDialog' in 0.0009 seconds. Added 0 classes and 0 folders.
[2017.04.03-03.57.42:198][  0]LogContentBrowser: Native class hierarchy updated for 'SceneOutliner' in 0.0007 seconds. Added 1 classes and 2 folders.
[2017.04.03-03.57.42:605][  0]LogCrashTracker: Crashtracker disabled due to settings.
[2017.04.03-03.57.42:720][  0]LogUObjectGlobals:Warning: Failed to find object 'Class None.'
[2017.04.03-03.57.42:926][  0]LogContentBrowser: Native class hierarchy updated for 'HierarchicalLODOutliner' in 0.0007 seconds. Added 1 classes and 2 folders.
[2017.04.03-03.57.42:926][  0]LogLoad: (Engine Initialization) Total time: 116.23 seconds
[2017.04.03-03.57.42:926][  0]LogLoad: (Engine Initialization) Total Blueprint compile time: 0.85 seconds
[2017.04.03-03.57.42:935][  0]LogExternalProfiler: Found external profiler: VSPerf
[2017.04.03-03.57.42:935][  0]LogExternalProfiler: Using external profiler: VSPerf
[2017.04.03-03.57.42:947][  0]LogOcInput: OculusInput pre-init called
[2017.04.03-03.57.43:231][  0]LogContentStreaming: Texture pool size now 1000 MB
[2017.04.03-03.57.44:133][  0]LogRenderer: Reallocating scene render targets to support 1296x576 NumSamples 1 (Frame:2).
[2017.04.03-03.57.44:622][  4]LogAssetRegistry: Asset discovery search completed in 66.6243 seconds
[2017.04.03-03.57.44:626][  4]LogCollectionManager: Rebuilt the object cache for 0 collections in 0.000001 seconds (found 0 objects)
[2017.04.03-03.57.44:626][  4]LogCollectionManager: Fixed up redirectors for 0 collections in 0.004157 seconds (updated 0 objects)
[2017.04.03-04.02.41:852][110]LogTexture:Display: Building textures: HQ_Lightmap0_1 (AutoDXT)
[2017.04.03-04.02.42:139][110]LogTexture:Display: Building textures: HQ_Lightmap0_2 (AutoDXT)
[2017.04.03-04.02.42:276][110]LogTexture:Display: Building textures: HQ_Lightmap0_3 (AutoDXT)
[2017.04.03-04.02.42:294][110]LogTexture:Display: Building textures: LQ_Lightmap_0_1 (DXT1)
[2017.04.03-04.02.42:469][110]LogTexture:Display: Building textures: LQ_Lightmap_0_2 (DXT1)
[2017.04.03-04.02.42:532][110]LogTexture:Display: Building textures: LQ_Lightmap_0_3 (DXT1)
[2017.04.03-04.02.42:545][110]LogTexture:Display: Building textures: SkyOcclusion0_1 (AutoDXT)
[2017.04.03-04.02.42:691][110]LogTexture:Display: Building textures: SkyOcclusion0_2 (AutoDXT)
[2017.04.03-04.02.42:749][110]LogTexture:Display: Building textures: SkyOcclusion0_3 (AutoDXT)
[2017.04.03-04.02.42:776][110]LogAIModule: Creating AISystem for world ZTD_Main
[2017.04.03-04.02.43:509][110]Cmd: MAP LOAD FILE="../../../../../../Users/Jordan Obe/Documents/GitHub/Zombie_TowerDefense/Content/ZTD_Blueprint/Maps/ZTD_Main.umap" TEMPLATE=0 SHOWPROGRESS=1 FEATURELEVEL=3
[2017.04.03-04.02.43:509][110]LightingResults: New page: Lighting Build
[2017.04.03-04.02.43:510][110]LoadErrors: New page: Loading map: ZTD_Main.umap
[2017.04.03-04.02.43:510][110]MapCheck: New page: Map Check
[2017.04.03-04.02.43:510][110]LightingResults: New page: Lighting Build
[2017.04.03-04.02.43:663][110]LogEditorServer: Finished looking for orphan Actors (0.000 secs)
[2017.04.03-04.02.43:765][110]Cmd: MAP CHECKDEP NOCLEARLOG
[2017.04.03-04.02.43:863][110]MapCheck: Info Map check complete: 0 Error(s), 0 Warning(s), took 97.965ms to complete.
[2017.04.03-04.02.43:864][110]LogFileHelpers: Loading map 'ZTD_Main' took 0.373
[2017.04.03-04.26.22:572][175]LogTexture:Display: Building textures: T_Ground_Grass_N (BC5)
[2017.04.03-04.26.23:665][175]LogTexture:Display: Building textures: T_Rock_Slate_D (AutoDXT)
[2017.04.03-04.26.28:378][175]LogTexture:Display: Building textures: T_Rock_Slate_N (BC5)
[2017.04.03-04.26.29:329][175]LogTexture:Display: Building textures: T_Ground_Grass_D (AutoDXT)
[2017.04.03-04.26.34:231][175]LogMaterial: Missing cached shader map for material Terrainmat, compiling. 
[2017.04.03-04.26.34:789][175]LogMaterial: Missing cached shader map for material Terrainmat, compiling. 
[2017.04.03-04.26.36:870][175]LogMaterial: Missing cached shader map for material Terrainmat, compiling. 
[2017.04.03-04.26.36:889][175]LogMaterial: 0.00 seconds spent updating 1 materials, 1 interfaces, 0 instances, 0 with static permutations.
[2017.04.03-04.26.36:976][175]LogMaterial: Missing cached shader map for material FMatExpressionPreview MaterialExpressionLandscapeLayerCoords_1, compiling. 
[2017.04.03-04.26.36:983][175]LogMaterial: Missing cached shader map for material FMatExpressionPreview MaterialExpressionTextureSample_0, compiling. 
[2017.04.03-04.26.37:008][175]LogMaterial: Missing cached shader map for material FMatExpressionPreview MaterialExpressionTextureSample_1, compiling. 
[2017.04.03-04.26.37:014][175]LogMaterial: Missing cached shader map for material FMatExpressionPreview MaterialExpressionTextureSample_2, compiling. 
[2017.04.03-04.26.37:020][175]LogMaterial: Missing cached shader map for material FMatExpressionPreview MaterialExpressionLandscapeLayerCoords_2, compiling. 
[2017.04.03-04.26.37:025][175]LogMaterial: Missing cached shader map for material FMatExpressionPreview MaterialExpressionTextureSample_3, compiling. 
[2017.04.03-04.26.37:030][175]LogMaterial: Missing cached shader map for material FMatExpressionPreview MaterialExpressionTextureSample_4, compiling. 
[2017.04.03-04.26.37:037][175]LogMaterial: Missing cached shader map for material FMatExpressionPreview MaterialExpressionTextureSample_5, compiling. 
[2017.04.03-04.26.40:445][183]MaterialEditorStats: Info Base pass shader with only dynamic lighting: 59 instructions
[2017.04.03-04.26.40:445][183]MaterialEditorStats: Info Vertex shader: 31 instructions
[2017.04.03-04.26.40:445][183]MaterialEditorStats: Info Texture samplers: 4/16
[2017.04.03-04.27.03:968][626]LogAIModule: Creating AISystem for world Protomap
[2017.04.03-04.27.04:095][626]Cmd: MAP LOAD FILE="../../../../../../Users/Jordan Obe/Documents/GitHub/Zombie_TowerDefense/Content/ZTD_Blueprint/Maps/Protomap.umap" TEMPLATE=0 SHOWPROGRESS=1 FEATURELEVEL=3
[2017.04.03-04.27.04:095][626]LightingResults: New page: Lighting Build
[2017.04.03-04.27.04:096][626]LoadErrors: New page: Loading map: Protomap.umap
[2017.04.03-04.27.04:144][626]MapCheck: New page: Map Check
[2017.04.03-04.27.04:144][626]LightingResults: New page: Lighting Build
[2017.04.03-04.27.09:363][626]LogEditorServer: Finished looking for orphan Actors (0.000 secs)
[2017.04.03-04.27.09:386][626]Cmd: MAP CHECKDEP NOCLEARLOG
[2017.04.03-04.27.09:478][626]MapCheck: Info Map check complete: 0 Error(s), 0 Warning(s), took 92.199ms to complete.
[2017.04.03-04.27.09:478][626]LogFileHelpers: Loading map 'Protomap' took 5.384
[2017.04.03-04.27.14:374][831]LogAIModule: Creating AISystem for world ZTD_Main
[2017.04.03-04.27.14:401][831]Cmd: MAP LOAD FILE="../../../../../../Users/Jordan Obe/Documents/GitHub/Zombie_TowerDefense/Content/ZTD_Blueprint/Maps/ZTD_Main.umap" TEMPLATE=0 SHOWPROGRESS=1 FEATURELEVEL=3
[2017.04.03-04.27.14:401][831]LightingResults: New page: Lighting Build
[2017.04.03-04.27.14:402][831]LoadErrors: New page: Loading map: ZTD_Main.umap
[2017.04.03-04.27.14:405][831]MapCheck: New page: Map Check
[2017.04.03-04.27.14:405][831]LightingResults: New page: Lighting Build
[2017.04.03-04.27.14:506][831]LogEditorServer: Finished looking for orphan Actors (0.000 secs)
[2017.04.03-04.27.14:528][831]Cmd: MAP CHECKDEP NOCLEARLOG
[2017.04.03-04.27.14:639][831]MapCheck: Info Map check complete: 0 Error(s), 0 Warning(s), took 110.675ms to complete.
[2017.04.03-04.27.14:675][831]LogFileHelpers: Loading map 'ZTD_Main' took 0.275
[2017.04.03-04.28.52:890][975]LogPackageName: SearchForPackageOnDisk took   0.000s to resolve /Game/ZTD_Blueprint/Maps/Normal_Zombie_AI/BTDecorator_BlueprintBase_New.
[2017.04.03-04.29.09:570][160]Cmd: QUIT_EDITOR
[2017.04.03-04.29.09:954][160]LogWindowsTextInputMethodSystem:Display: IME system now deactivated.
[2017.04.03-04.29.10:120][160]LogExit: Preparing to exit.
[2017.04.03-04.29.10:943][160]LogDirectoryWatcher: A directory notification for 'C:/Users/Jordan Obe/Documents/GitHub/Zombie_TowerDefense/Content/' was aborted.
[2017.04.03-04.29.11:096][160]LogExit: Editor shut down
[2017.04.03-04.29.11:097][160]LogExit: Transaction tracking system shut down
[2017.04.03-04.29.12:622][160]LogObj: Freed 0b from 0 cluster array pools.
[2017.04.03-04.29.12:631][160]LogExit: Object subsystem successfully closed.
[2017.04.03-04.29.12:805][160]LogD3D11RHI: Shutdown
[2017.04.03-04.29.12:823][160]LogD3D11RHI: CleanupD3DDevice
[2017.04.03-04.29.13:224][160]LogD3D11RHI: ~FD3D11DynamicRHI
[2017.04.03-04.29.13:757][160]LogHttp:Display: Http module shutting down, but needs to wait on 1 outstanding Http requests:
[2017.04.03-04.29.13:757][160]LogHttp:Display: 	verb=[POST] url=[https://datarouter.ol.epicgames.com/datarouter/api/v1/public/data?SessionID=%7B987E8D50-4EE9-E990-4972-30B3C1E3563D%7D&AppID=UEEditor.Rocket.Release&AppVersion=4.14.3-3249277%2B%2B%2BUE4%2BRelease-4.14&UserID=947914a14ee5aff3404177af4729c379%7C8d1065874a7448de81653f7592cb004e%7C63be3512-96ce-4ad7-886d-5c273070681c&AppEnvironment=datacollector-binary&UploadType=eteventstream] status=Processing
[2017.04.03-04.29.13:811][160]LogModuleManager: Shutting down and abandoning module MaterialEditor (242)
[2017.04.03-04.29.13:819][160]LogModuleManager: Shutting down and abandoning module HierarchicalLODOutliner (241)
[2017.04.03-04.29.13:822][160]LogModuleManager: Shutting down and abandoning module CrashTracker (240)
[2017.04.03-04.29.13:822][160]LogModuleManager: Shutting down and abandoning module SceneOutliner (239)
[2017.04.03-04.29.13:832][160]LogModuleManager: Shutting down and abandoning module WidgetCarousel (238)
[2017.04.03-04.29.13:832][160]LogModuleManager: Shutting down and abandoning module AddContentDialog (237)
[2017.04.03-04.29.13:871][160]LogDirectoryWatcher: A directory notification for 'C:/Program Files/Epic Games/UE_4.14/FeaturePacks/' was aborted.
[2017.04.03-04.29.13:872][160]LogModuleManager: Shutting down and abandoning module GameplayTags (236)
[2017.04.03-04.29.13:872][160]LogModuleManager: Shutting down and abandoning module EditorWidgets (235)
[2017.04.03-04.29.13:872][160]LogModuleManager: Shutting down and abandoning module CollectionManager (234)
[2017.04.03-04.29.13:881][160]LogDirectoryWatcher: A directory notification for 'C:/Users/Jordan Obe/Documents/GitHub/Zombie_TowerDefense/Content/Collections/' was aborted.
[2017.04.03-04.29.13:881][160]LogDirectoryWatcher: A directory notification for 'C:/Users/Jordan Obe/Documents/GitHub/Zombie_TowerDefense/Content/Developers/JordanObe/Collections/' was aborted.
[2017.04.03-04.29.13:881][160]LogDirectoryWatcher: A directory notification for 'C:/Users/Jordan Obe/Documents/GitHub/Zombie_TowerDefense/Saved/Collections/' was aborted.
[2017.04.03-04.29.13:881][160]LogModuleManager: Shutting down and abandoning module StatsViewer (233)
[2017.04.03-04.29.13:893][160]LogModuleManager: Shutting down and abandoning module FoliageEdit (232)
[2017.04.03-04.29.13:899][160]LogModuleManager: Shutting down and abandoning module LandscapeEditor (231)
[2017.04.03-04.29.13:913][160]LogModuleManager: Shutting down and abandoning module SceneDepthPickerMode (230)
[2017.04.03-04.29.13:913][160]LogModuleManager: Shutting down and abandoning module ActorPickerMode (229)
[2017.04.03-04.29.13:913][160]LogModuleManager: Shutting down and abandoning module GeometryMode (228)
[2017.04.03-04.29.13:913][160]LogModuleManager: Shutting down and abandoning module TextureAlignMode (227)
[2017.04.03-04.29.13:913][160]LogModuleManager: Shutting down and abandoning module BspMode (226)
[2017.04.03-04.29.13:935][160]LogModuleManager: Shutting down and abandoning module HardwareSurvey (225)
[2017.04.03-04.29.13:935][160]LogModuleManager: Shutting down and abandoning module SequenceRecorderSections (224)
[2017.04.03-04.29.13:935][160]LogModuleManager: Shutting down and abandoning module AutomationWorker (223)
[2017.04.03-04.29.13:939][160]LogModuleManager: Shutting down and abandoning module MatineeToLevelSequence (222)
[2017.04.03-04.29.13:947][160]LogModuleManager: Shutting down and abandoning module PlacementMode (221)
[2017.04.03-04.29.13:962][160]LogModuleManager: Shutting down and abandoning module LevelSequenceEditor (220)
[2017.04.03-04.29.13:990][160]LogModuleManager: Shutting down and abandoning module WmfMediaFactory (219)
[2017.04.03-04.29.13:990][160]LogModuleManager: Shutting down and abandoning module WmfMediaEditor (218)
[2017.04.03-04.29.13:990][160]LogModuleManager: Shutting down and abandoning module AvfMediaFactory (217)
[2017.04.03-04.29.13:990][160]LogModuleManager: Shutting down and abandoning module AvfMediaEditor (216)
[2017.04.03-04.29.13:990][160]LogModuleManager: Shutting down and abandoning module Media (215)
[2017.04.03-04.29.13:990][160]LogModuleManager: Shutting down and abandoning module AndroidMediaFactory (214)
[2017.04.03-04.29.13:990][160]LogModuleManager: Shutting down and abandoning module AndroidMediaEditor (213)
[2017.04.03-04.29.13:990][160]LogModuleManager: Shutting down and abandoning module CharacterAI (212)
[2017.04.03-04.29.13:990][160]LogModuleManager: Shutting down and abandoning module SequenceRecorder (211)
[2017.04.03-04.29.14:035][160]LogModuleManager: Shutting down and abandoning module AudioCapture (210)
[2017.04.03-04.29.14:036][160]LogModuleManager: Shutting down and abandoning module SmartSnapping (209)
[2017.04.03-04.29.14:036][160]LogModuleManager: Shutting down and abandoning module SessionServices (208)
[2017.04.03-04.29.14:036][160]LogModuleManager: Shutting down and abandoning module ViewportSnapping (207)
[2017.04.03-04.29.14:036][160]LogModuleManager: Shutting down and abandoning module ViewportInteraction (206)
[2017.04.03-04.29.14:036][160]LogModuleManager: Shutting down and abandoning module LogVisualizer (205)
[2017.04.03-04.29.14:054][160]LogModuleManager: Shutting down and abandoning module GameProjectGeneration (204)
[2017.04.03-04.29.14:064][160]LogModuleManager: Shutting down and abandoning module IntroTutorials (203)
[2017.04.03-04.29.14:074][160]LogModuleManager: Shutting down and abandoning module EditorLiveStreaming (202)
[2017.04.03-04.29.14:074][160]LogModuleManager: Shutting down and abandoning module IOSPlatformEditor (201)
[2017.04.03-04.29.14:093][160]LogModuleManager: Shutting down and abandoning module HTML5PlatformEditor (200)
[2017.04.03-04.29.14:093][160]LogModuleManager: Shutting down and abandoning module AndroidDeviceDetection (199)
[2017.04.03-04.29.14:465][160]LogModuleManager: Shutting down and abandoning module AndroidPlatformEditor (198)
[2017.04.03-04.29.14:469][160]LogModuleManager: Shutting down and abandoning module IOSRuntimeSettings (197)
[2017.04.03-04.29.14:469][160]LogModuleManager: Shutting down and abandoning module AndroidRuntimeSettings (196)
[2017.04.03-04.29.14:469][160]LogModuleManager: Shutting down and abandoning module InputBindingEditor (195)
[2017.04.03-04.29.14:482][160]LogModuleManager: Shutting down and abandoning module NiagaraEditor (194)
[2017.04.03-04.29.14:499][160]LogModuleManager: Shutting down and abandoning module MergeActors (193)
[2017.04.03-04.29.14:513][160]LogModuleManager: Shutting down and abandoning module SizeMap (192)
[2017.04.03-04.29.14:517][160]LogModuleManager: Shutting down and abandoning module TreeMap (191)
[2017.04.03-04.29.14:527][160]LogModuleManager: Shutting down and abandoning module ReferenceViewer (190)
[2017.04.03-04.29.14:527][160]LogModuleManager: Shutting down and abandoning module LocalizationService (189)
[2017.04.03-04.29.14:533][160]LogModuleManager: Shutting down and abandoning module LocalizationDashboard (188)
[2017.04.03-04.29.14:546][160]LogModuleManager: Shutting down and abandoning module HardwareTargeting (187)
[2017.04.03-04.29.14:549][160]LogModuleManager: Shutting down and abandoning module DeviceProfileEditor (186)
[2017.04.03-04.29.14:562][160]LogModuleManager: Shutting down and abandoning module UndoHistory (185)
[2017.04.03-04.29.14:577][160]LogModuleManager: Shutting down and abandoning module UserFeedback (184)
[2017.04.03-04.29.14:577][160]LogModuleManager: Shutting down and abandoning module XmlParser (183)
[2017.04.03-04.29.14:577][160]LogModuleManager: Shutting down and abandoning module Blutility (182)
[2017.04.03-04.29.14:581][160]LogModuleManager: Shutting down and abandoning module ProjectTargetPlatformEditor (181)
[2017.04.03-04.29.14:582][160]LogModuleManager: Shutting down and abandoning module ProjectSettingsViewer (180)
[2017.04.03-04.29.14:582][160]LogModuleManager: Shutting down and abandoning module EditorSettingsViewer (179)
[2017.04.03-04.29.14:582][160]LogModuleManager: Shutting down and abandoning module SettingsEditor (178)
[2017.04.03-04.29.14:603][160]LogModuleManager: Shutting down and abandoning module ProjectLauncher (177)
[2017.04.03-04.29.14:622][160]LogModuleManager: Shutting down and abandoning module SessionFrontend (176)
[2017.04.03-04.29.14:627][160]LogModuleManager: Shutting down and abandoning module ProfilerClient (175)
[2017.04.03-04.29.14:639][160]LogModuleManager: Shutting down and abandoning module TargetDeviceServices (174)
[2017.04.03-04.29.14:639][160]LogModuleManager: Shutting down and abandoning module DeviceManager (173)
[2017.04.03-04.29.14:715][160]LogModuleManager: Shutting down and abandoning module AutomationController (172)
[2017.04.03-04.29.14:724][160]LogModuleManager: Shutting down and abandoning module AutomationWindow (171)
[2017.04.03-04.29.14:735][160]LogModuleManager: Shutting down and abandoning module Layers (170)
[2017.04.03-04.29.14:748][160]LogModuleManager: Shutting down and abandoning module ComponentVisualizers (169)
[2017.04.03-04.29.14:748][160]LogModuleManager: Shutting down and abandoning module DetailCustomizations (168)
[2017.04.03-04.29.14:755][160]LogModuleManager: Shutting down and abandoning module PackagesDialog (167)
[2017.04.03-04.29.14:756][160]LogModuleManager: Shutting down and abandoning module AnimGraph (166)
[2017.04.03-04.29.14:756][160]LogModuleManager: Shutting down and abandoning module Persona (165)
[2017.04.03-04.29.14:773][160]LogModuleManager: Shutting down and abandoning module Kismet (164)
[2017.04.03-04.29.14:780][160]LogModuleManager: Shutting down and abandoning module GraphEditor (163)
[2017.04.03-04.29.14:780][160]LogModuleManager: Shutting down and abandoning module ClassViewer (162)
[2017.04.03-04.29.14:789][160]LogModuleManager: Shutting down and abandoning module Toolbox (161)
[2017.04.03-04.29.14:792][160]LogModuleManager: Shutting down and abandoning module ModuleUI (160)
[2017.04.03-04.29.14:799][160]LogModuleManager: Shutting down and abandoning module MovieSceneTools (159)
[2017.04.03-04.29.14:811][160]LogModuleManager: Shutting down and abandoning module OutputLog (158)
[2017.04.03-04.29.14:818][160]LogModuleManager: Shutting down and abandoning module GammaUI (157)
[2017.04.03-04.29.14:823][160]LogModuleManager: Shutting down and abandoning module Documentation (156)
[2017.04.03-04.29.14:823][160]LogModuleManager: Shutting down and abandoning module Niagara (155)
[2017.04.03-04.29.14:823][160]LogModuleManager: Shutting down and abandoning module StreamingPauseRendering (154)
[2017.04.03-04.29.14:823][160]LogModuleManager: Shutting down and abandoning module AnalyticsET (153)
[2017.04.03-04.29.14:823][160]LogModuleManager: Shutting down and abandoning module PortalServices (152)
[2017.04.03-04.29.14:824][160]LogModuleManager: Shutting down and abandoning module PortalRpc (151)
[2017.04.03-04.29.14:824][160]LogModuleManager: Shutting down and abandoning module MessagingRpc (150)
[2017.04.03-04.29.14:824][160]LogModuleManager: Shutting down and abandoning module GameplayDebugger (149)
[2017.04.03-04.29.14:833][160]LogModuleManager: Shutting down and abandoning module AITestSuite (148)
[2017.04.03-04.29.14:838][160]LogModuleManager: Shutting down and abandoning module AIModule (147)
[2017.04.03-04.29.14:838][160]LogModuleManager: Shutting down and abandoning module ProfilerService (146)
[2017.04.03-04.29.15:206][160]LogModuleManager: Shutting down and abandoning module TaskGraph (145)
[2017.04.03-04.29.15:220][160]LogModuleManager: Shutting down and abandoning module SlateRemote (144)
[2017.04.03-04.29.15:220][160]LogModuleManager: Shutting down and abandoning module SteamVRController (143)
[2017.04.03-04.29.15:220][160]LogModuleManager: Shutting down and abandoning module SteamVR (142)
[2017.04.03-04.29.15:220][160]LogModuleManager: Shutting down and abandoning module ProceduralMeshComponentEditor (141)
[2017.04.03-04.29.15:227][160]LogModuleManager: Shutting down and abandoning module ProceduralMeshComponent (140)
[2017.04.03-04.29.15:237][160]LogModuleManager: Shutting down and abandoning module OculusLibrary (139)
[2017.04.03-04.29.15:237][160]LogModuleManager: Shutting down and abandoning module OculusInput (138)
[2017.04.03-04.29.15:237][160]LogModuleManager: Shutting down and abandoning module MobilePatchingUtils (137)
[2017.04.03-04.29.15:237][160]LogModuleManager: Shutting down and abandoning module CustomMeshComponent (136)
[2017.04.03-04.29.15:237][160]LogModuleManager: Shutting down and abandoning module CableComponent (135)
[2017.04.03-04.29.15:237][160]LogModuleManager: Shutting down and abandoning module ArchVisCharacter (134)
[2017.04.03-04.29.15:237][160]LogModuleManager: Shutting down and abandoning module MediaPlayerEditor (132)
[2017.04.03-04.29.15:264][160]LogModuleManager: Shutting down and abandoning module HTML5Networking (131)
[2017.04.03-04.29.15:264][160]LogModuleManager: Shutting down and abandoning module GeometryCacheEd (130)
[2017.04.03-04.29.15:264][160]LogModuleManager: Shutting down and abandoning module GeometryCache (129)
[2017.04.03-04.29.15:264][160]LogModuleManager: Shutting down and abandoning module AlembicLibrary (128)
[2017.04.03-04.29.15:273][160]LogModuleManager: Shutting down and abandoning module AlembicImporter (127)
[2017.04.03-04.29.15:275][160]LogModuleManager: Shutting down and abandoning module SuperSearch (126)
[2017.04.03-04.29.15:275][160]LogModuleManager: Shutting down and abandoning module SuperSearchEditor (125)
[2017.04.03-04.29.15:275][160]LogModuleManager: Shutting down and abandoning module SpeedTreeImporter (124)
[2017.04.03-04.29.15:275][160]LogModuleManager: Shutting down and abandoning module PluginBrowser (123)
[2017.04.03-04.29.15:281][160]LogModuleManager: Shutting down and abandoning module MobileLauncherProfileWizard (122)
[2017.04.03-04.29.15:298][160]LogModuleManager: Shutting down and abandoning module EpicSurvey (121)
[2017.04.03-04.29.15:301][160]LogModuleManager: Shutting down and abandoning module DesktopPlatform (120)
[2017.04.03-04.29.15:301][160]LogModuleManager: Shutting down and abandoning module VisualStudioSourceCodeAccess (119)
[2017.04.03-04.29.15:301][160]LogModuleManager: Shutting down and abandoning module UObjectPlugin (118)
[2017.04.03-04.29.15:301][160]LogModuleManager: Shutting down and abandoning module SubversionSourceControl (117)
[2017.04.03-04.29.15:312][160]LogModuleManager: Shutting down and abandoning module PerforceSourceControl (116)
[2017.04.03-04.29.15:327][160]LogModuleManager: Shutting down and abandoning module SourceControl (115)
[2017.04.03-04.29.15:343][160]LogModuleManager: Shutting down and abandoning module GitSourceControl (114)
[2017.04.03-04.29.15:353][160]LogModuleManager: Shutting down and abandoning module LightPropagationVolumeEditor (113)
[2017.04.03-04.29.15:353][160]LogModuleManager: Shutting down and abandoning module PaperTiledImporter (112)
[2017.04.03-04.29.15:355][160]LogModuleManager: Shutting down and abandoning module PaperSpriteSheetImporter (111)
[2017.04.03-04.29.15:355][160]LogModuleManager: Shutting down and abandoning module MeshPaint (110)
[2017.04.03-04.29.15:355][160]LogModuleManager: Shutting down and abandoning module PixelInspectorModule (109)
[2017.04.03-04.29.15:365][160]LogModuleManager: Shutting down and abandoning module HotReload (108)
[2017.04.03-04.29.15:366][160]LogModuleManager: Shutting down and abandoning module MainFrame (107)
[2017.04.03-04.29.15:366][160]LogModuleManager: Shutting down and abandoning module LevelEditor (106)
[2017.04.03-04.29.15:376][160]LogModuleManager: Shutting down and abandoning module ContentBrowser (105)
[2017.04.03-04.29.15:378][160]LogModuleManager: Shutting down and abandoning module Paper2DEditor (104)
[2017.04.03-04.29.15:397][160]LogModuleManager: Shutting down and abandoning module UdpMessaging (103)
[2017.04.03-04.29.15:498][160]LogModuleManager: Shutting down and abandoning module TcpMessaging (102)
[2017.04.03-04.29.15:607][160]LogModuleManager: Shutting down and abandoning module LightPropagationVolumeRuntime (101)
[2017.04.03-04.29.15:607][160]LogModuleManager: Shutting down and abandoning module Paper2D (100)
[2017.04.03-04.29.15:616][160]LogModuleManager: Shutting down and abandoning module WindowsMoviePlayer (99)
[2017.04.03-04.29.15:616][160]LogModuleManager: Shutting down and abandoning module WmfMedia (98)
[2017.04.03-04.29.15:616][160]LogModuleManager: Shutting down and abandoning module MediaAssets (97)
[2017.04.03-04.29.15:616][160]LogModuleManager: Shutting down and abandoning module GameLiveStreaming (96)
[2017.04.03-04.29.15:617][160]LogModuleManager: Shutting down and abandoning module GameplayTagsEditor (95)
[2017.04.03-04.29.15:617][160]LogModuleManager: Shutting down and abandoning module VREditor (94)
[2017.04.03-04.29.15:617][160]LogModuleManager: Shutting down and abandoning module GameplayTasksEditor (93)
[2017.04.03-04.29.15:617][160]LogModuleManager: Shutting down and abandoning module BehaviorTreeEditor (92)
[2017.04.03-04.29.15:617][160]LogModuleManager: Shutting down and abandoning module FunctionalTesting (91)
[2017.04.03-04.29.15:622][160]LogModuleManager: Shutting down and abandoning module CollisionAnalyzer (90)
[2017.04.03-04.29.15:636][160]LogModuleManager: Shutting down and abandoning module Sequencer (89)
[2017.04.03-04.29.15:654][160]LogModuleManager: Shutting down and abandoning module WorkspaceMenuStructure (88)
[2017.04.03-04.29.15:654][160]LogModuleManager: Shutting down and abandoning module MessageLog (87)
[2017.04.03-04.29.15:654][160]LogModuleManager: Shutting down and abandoning module AssetTools (86)
[2017.04.03-04.29.15:674][160]LogModuleManager: Shutting down and abandoning module UMGEditor (85)
[2017.04.03-04.29.15:698][160]LogModuleManager: Shutting down and abandoning module UMG (84)
[2017.04.03-04.29.15:708][160]LogModuleManager: Shutting down and abandoning module SlateReflector (83)
[2017.04.03-04.29.15:724][160]LogModuleManager: Shutting down and abandoning module Slate (82)
[2017.04.03-04.29.15:724][160]LogModuleManager: Shutting down and abandoning module EditorStyle (81)
[2017.04.03-04.29.15:727][160]LogModuleManager: Shutting down and abandoning module SourceCodeAccess (80)
[2017.04.03-04.29.15:728][160]LogModuleManager: Shutting down and abandoning module HeadMountedDisplay (79)
[2017.04.03-04.29.15:728][160]LogModuleManager: Shutting down and abandoning module XAudio2 (78)
[2017.04.03-04.29.15:728][160]LogModuleManager: Shutting down and abandoning module Networking (76)
[2017.04.03-04.29.15:728][160]LogModuleManager: Shutting down and abandoning module Core (75)
[2017.04.03-04.29.15:728][160]LogModuleManager: Shutting down and abandoning module DirectoryWatcher (74)
[2017.04.03-04.29.15:728][160]LogDirectoryWatcher: A directory notification for '../../../Engine/Content/' was aborted.
[2017.04.03-04.29.15:728][160]LogDirectoryWatcher: A directory notification for '../../../../../../Users/Jordan Obe/Documents/GitHub/Zombie_TowerDefense/Content/' was aborted.
[2017.04.03-04.29.15:728][160]LogDirectoryWatcher: A directory notification for '../../../Engine/Plugins/2D/Paper2D/Content/' was aborted.
[2017.04.03-04.29.15:729][160]LogModuleManager: Shutting down and abandoning module AssetRegistry (73)
[2017.04.03-04.29.15:990][160]LogModuleManager: Shutting down and abandoning module KismetCompiler (72)
[2017.04.03-04.29.15:990][160]LogModuleManager: Shutting down and abandoning module PhysXFormats (71)
[2017.04.03-04.29.15:991][160]LogModuleManager: Shutting down and abandoning module SimplygonSwarm (70)
[2017.04.03-04.29.15:996][160]LogModuleManager: Shutting down and abandoning module SimplygonMeshReduction (69)
[2017.04.03-04.29.15:999][160]LogModuleManager: Shutting down and abandoning module QuadricMeshReduction (68)
[2017.04.03-04.29.16:000][160]LogModuleManager: Shutting down and abandoning module PropertyEditor (67)
[2017.04.03-04.29.16:000][160]LogModuleManager: Shutting down and abandoning module MeshUtilities (66)
[2017.04.03-04.29.16:016][160]LogModuleManager: Shutting down and abandoning module DerivedDataCache (65)
[2017.04.03-04.29.16:041][160]LogDerivedDataCache: Shutdown
[2017.04.03-04.29.16:041][160]LogModuleManager: Shutting down and abandoning module VulkanShaderFormat (64)
[2017.04.03-04.29.16:050][160]LogModuleManager: Shutting down and abandoning module ShaderFormatOpenGL (63)
[2017.04.03-04.29.16:058][160]LogModuleManager: Shutting down and abandoning module ShaderFormatD3D (62)
[2017.04.03-04.29.16:058][160]LogModuleManager: Shutting down and abandoning module MetalShaderFormat (61)
[2017.04.03-04.29.16:063][160]LogModuleManager: Shutting down and abandoning module TextureFormatUncompressed (60)
[2017.04.03-04.29.16:063][160]LogModuleManager: Shutting down and abandoning module TextureFormatPVR (59)
[2017.04.03-04.29.16:063][160]LogModuleManager: Shutting down and abandoning module TextureFormatDXT (58)
[2017.04.03-04.29.16:063][160]LogModuleManager: Shutting down and abandoning module TextureFormatIntelISPCTexComp (57)
[2017.04.03-04.29.16:071][160]LogModuleManager: Shutting down and abandoning module ImageWrapper (56)
[2017.04.03-04.29.16:071][160]LogModuleManager: Shutting down and abandoning module TextureFormatASTC (55)
[2017.04.03-04.29.16:071][160]LogModuleManager: Shutting down and abandoning module TextureFormatAndroid (54)
[2017.04.03-04.29.16:071][160]LogModuleManager: Shutting down and abandoning module AudioFormatOpus (53)
[2017.04.03-04.29.16:078][160]LogModuleManager: Shutting down and abandoning module AudioFormatOgg (52)
[2017.04.03-04.29.16:078][160]LogModuleManager: Shutting down and abandoning module AudioFormatADPCM (51)
[2017.04.03-04.29.16:078][160]LogModuleManager: Shutting down and abandoning module LinuxTargetPlatform (50)
[2017.04.03-04.29.16:078][160]LogModuleManager: Shutting down and abandoning module LinuxServerTargetPlatform (49)
[2017.04.03-04.29.16:078][160]LogModuleManager: Shutting down and abandoning module LinuxNoEditorTargetPlatform (48)
[2017.04.03-04.29.16:078][160]LogModuleManager: Shutting down and abandoning module LinuxClientTargetPlatform (47)
[2017.04.03-04.29.16:078][160]LogModuleManager: Shutting down and abandoning module TVOSTargetPlatform (46)
[2017.04.03-04.29.16:078][160]LogModuleManager: Shutting down and abandoning module Messaging (45)
[2017.04.03-04.29.16:078][160]LogModuleManager: Shutting down and abandoning module IOSTargetPlatform (44)
[2017.04.03-04.29.16:078][160]LogModuleManager: Shutting down and abandoning module HTML5TargetPlatform (43)
[2017.04.03-04.29.16:078][160]LogModuleManager: Shutting down and abandoning module Android_PVRTCTargetPlatform (42)
[2017.04.03-04.29.16:078][160]LogModuleManager: Shutting down and abandoning module Android_MultiTargetPlatform (41)
[2017.04.03-04.29.16:078][160]LogModuleManager: Shutting down and abandoning module Android_ETC2TargetPlatform (40)
[2017.04.03-04.29.16:078][160]LogModuleManager: Shutting down and abandoning module Android_ETC1TargetPlatform (39)
[2017.04.03-04.29.16:078][160]LogModuleManager: Shutting down and abandoning module Android_DXTTargetPlatform (38)
[2017.04.03-04.29.16:078][160]LogModuleManager: Shutting down and abandoning module Android_ATCTargetPlatform (37)
[2017.04.03-04.29.16:078][160]LogModuleManager: Shutting down and abandoning module Android_ASTCTargetPlatform (36)
[2017.04.03-04.29.16:078][160]LogModuleManager: Shutting down and abandoning module AndroidTargetPlatform (35)
[2017.04.03-04.29.16:078][160]LogModuleManager: Shutting down and abandoning module WindowsTargetPlatform (34)
[2017.04.03-04.29.16:078][160]LogModuleManager: Shutting down and abandoning module WindowsServerTargetPlatform (33)
[2017.04.03-04.29.16:078][160]LogModuleManager: Shutting down and abandoning module WindowsNoEditorTargetPlatform (32)
[2017.04.03-04.29.16:078][160]LogModuleManager: Shutting down and abandoning module WindowsClientTargetPlatform (31)
[2017.04.03-04.29.16:078][160]LogModuleManager: Shutting down and abandoning module MacTargetPlatform (30)
[2017.04.03-04.29.16:078][160]LogModuleManager: Shutting down and abandoning module MacServerTargetPlatform (29)
[2017.04.03-04.29.16:078][160]LogModuleManager: Shutting down and abandoning module MacNoEditorTargetPlatform (28)
[2017.04.03-04.29.16:078][160]LogModuleManager: Shutting down and abandoning module MacClientTargetPlatform (27)
[2017.04.03-04.29.16:078][160]LogModuleManager: Shutting down and abandoning module AllDesktopTargetPlatform (26)
[2017.04.03-04.29.16:078][160]LogModuleManager: Shutting down and abandoning module TargetPlatform (25)
[2017.04.03-04.29.16:078][160]LogModuleManager: Shutting down and abandoning module InputCore (24)
[2017.04.03-04.29.16:078][160]LogModuleManager: Shutting down and abandoning module Settings (23)
[2017.04.03-04.29.16:078][160]LogModuleManager: Shutting down and abandoning module OculusRift (22)
[2017.04.03-04.29.16:081][160]LogModuleManager: Shutting down and abandoning module ExampleDeviceProfileSelector (21)
[2017.04.03-04.29.16:081][160]LogModuleManager: Shutting down and abandoning module OnlineBlueprintSupport (20)
[2017.04.03-04.29.16:081][160]LogModuleManager: Shutting down and abandoning module OnlineSubsystem (18)
[2017.04.03-04.29.16:081][160]LogOnline:Display: Unloading online subsystem: NULL
[2017.04.03-04.29.16:087][160]LogModuleManager: Shutting down and abandoning module SSL (17)
[2017.04.03-04.29.16:092][160]LogModuleManager: Shutting down and abandoning module HTTP (16)
[2017.04.03-04.29.16:092][160]LogModuleManager: Shutting down and abandoning module XMPP (15)
[2017.04.03-04.29.16:109][160]LogModuleManager: Shutting down and abandoning module TextureCompressor (14)
[2017.04.03-04.29.16:109][160]LogModuleManager: Shutting down and abandoning module ShaderCore (13)
[2017.04.03-04.29.16:109][160]LogModuleManager: Shutting down and abandoning module Landscape (12)
[2017.04.03-04.29.16:109][160]LogModuleManager: Shutting down and abandoning module SlateRHIRenderer (11)
[2017.04.03-04.29.16:121][160]LogModuleManager: Shutting down and abandoning module OpenGLDrv (10)
[2017.04.03-04.29.16:128][160]LogModuleManager: Shutting down and abandoning module D3D11RHI (9)
[2017.04.03-04.29.16:129][160]LogModuleManager: Shutting down and abandoning module AnimGraphRuntime (8)
[2017.04.03-04.29.16:137][160]LogModuleManager: Shutting down and abandoning module Renderer (7)
[2017.04.03-04.29.16:142][160]LogModuleManager: Shutting down and abandoning module Engine (6)
[2017.04.03-04.29.16:142][160]LogModuleManager: Shutting down and abandoning module CoreUObject (5)
[2017.04.03-04.29.16:142][160]LogModuleManager: Shutting down and abandoning module NetworkFile (4)
[2017.04.03-04.29.16:149][160]LogModuleManager: Shutting down and abandoning module StreamingFile (3)
[2017.04.03-04.29.16:149][160]LogModuleManager: Shutting down and abandoning module SandboxFile (2)
[2017.04.03-04.29.16:149][160]LogModuleManager: Shutting down and abandoning module PakFile (1)
[2017.04.03-04.29.16:164][160]LogExit: Exiting.
[2017.04.03-04.29.16:183][160]Log file closed, 04/02/17 23:29:16
