Log file open, 05/01/17 16:16:48
LogInit:Display: Running engine for game: Zombie_Tower_Defense
LogPlatformFile: Not using cached read wrapper
LogInit:Display: RandInit(-1665549869) SRandInit(-1665549869).
LogTaskGraph: Started task graph with 5 named threads and 7 total threads with 1 sets of task threads.
LogStats: Stats thread started at 0.098643
LogPluginManager: Loaded Plugin Paper2D, From C:/Program Files/Epic Games/UE_4.14/Engine/Plugins/2D/Paper2D/Paper2D.uplugin
LogPluginManager: Loaded Plugin LightPropagationVolume, From C:/Program Files/Epic Games/UE_4.14/Engine/Plugins/Blendables/LightPropagationVolume/LightPropagationVolume.uplugin
LogPluginManager: Loaded Plugin BlankPlugin, From C:/Program Files/Epic Games/UE_4.14/Engine/Plugins/Developer/BlankPlugin/BlankPlugin.uplugin
LogPluginManager: Loaded Plugin CodeLiteSourceCodeAccess, From C:/Program Files/Epic Games/UE_4.14/Engine/Plugins/Developer/CodeLiteSourceCodeAccess/CodeLiteSourceCodeAccess.uplugin
LogPluginManager: Loaded Plugin GitSourceControl, From C:/Program Files/Epic Games/UE_4.14/Engine/Plugins/Developer/GitSourceControl/GitSourceControl.uplugin
LogPluginManager: Loaded Plugin KDevelopSourceCodeAccess, From C:/Program Files/Epic Games/UE_4.14/Engine/Plugins/Developer/KDevelopSourceCodeAccess/KDevelopSourceCodeAccess.uplugin
LogPluginManager: Loaded Plugin NullSourceCodeAccess, From C:/Program Files/Epic Games/UE_4.14/Engine/Plugins/Developer/NullSourceCodeAccess/NullSourceCodeAccess.uplugin
LogPluginManager: Loaded Plugin OneSkyLocalizationService, From C:/Program Files/Epic Games/UE_4.14/Engine/Plugins/Developer/OneSkyLocalizationService/OneSkyLocalizationService.uplugin
LogPluginManager: Loaded Plugin PerforceSourceControl, From C:/Program Files/Epic Games/UE_4.14/Engine/Plugins/Developer/PerforceSourceControl/PerforceSourceControl.uplugin
LogPluginManager: Loaded Plugin SubversionSourceControl, From C:/Program Files/Epic Games/UE_4.14/Engine/Plugins/Developer/SubversionSourceControl/SubversionSourceControl.uplugin
LogPluginManager: Loaded Plugin UObjectPlugin, From C:/Program Files/Epic Games/UE_4.14/Engine/Plugins/Developer/UObjectPlugin/UObjectPlugin.uplugin
LogPluginManager: Loaded Plugin VisualStudioSourceCodeAccess, From C:/Program Files/Epic Games/UE_4.14/Engine/Plugins/Developer/VisualStudioSourceCodeAccess/VisualStudioSourceCodeAccess.uplugin
LogPluginManager: Loaded Plugin XCodeSourceCodeAccess, From C:/Program Files/Epic Games/UE_4.14/Engine/Plugins/Developer/XCodeSourceCodeAccess/XCodeSourceCodeAccess.uplugin
LogPluginManager: Loaded Plugin AudioCapture, From C:/Program Files/Epic Games/UE_4.14/Engine/Plugins/Editor/AudioCapture/AudioCapture.uplugin
LogPluginManager: Loaded Plugin EpicSurvey, From C:/Program Files/Epic Games/UE_4.14/Engine/Plugins/Editor/EpicSurvey/EpicSurvey.uplugin
LogPluginManager: Loaded Plugin MacGraphicsSwitching, From C:/Program Files/Epic Games/UE_4.14/Engine/Plugins/Editor/MacGraphicsSwitching/MacGraphicsSwitching.uplugin
LogPluginManager: Loaded Plugin MobileLauncherProfileWizard, From C:/Program Files/Epic Games/UE_4.14/Engine/Plugins/Editor/MobileLauncherProfileWizard/MobileLauncherProfileWizard.uplugin
LogPluginManager: Loaded Plugin PluginBrowser, From C:/Program Files/Epic Games/UE_4.14/Engine/Plugins/Editor/PluginBrowser/PluginBrowser.uplugin
LogPluginManager: Loaded Plugin SpeedTreeImporter, From C:/Program Files/Epic Games/UE_4.14/Engine/Plugins/Editor/SpeedTreeImporter/SpeedTreeImporter.uplugin
LogPluginManager: Loaded Plugin SuperSearchEditor, From C:/Program Files/Epic Games/UE_4.14/Engine/Plugins/Editor/SuperSearchEditor/SuperSearchEditor.uplugin
LogPluginManager: Loaded Plugin AlembicImporter, From C:/Program Files/Epic Games/UE_4.14/Engine/Plugins/Experimental/AlembicImporter/AlembicImporter.uplugin
LogPluginManager: Loaded Plugin BlueprintStats, From C:/Program Files/Epic Games/UE_4.14/Engine/Plugins/Experimental/BlueprintStats/BlueprintStats.uplugin
LogPluginManager: Loaded Plugin CharacterAI, From C:/Program Files/Epic Games/UE_4.14/Engine/Plugins/Experimental/CharacterAI/CharacterAI.uplugin
LogPluginManager: Loaded Plugin CodeEditor, From C:/Program Files/Epic Games/UE_4.14/Engine/Plugins/Experimental/CodeEditor/CodeEditor.uplugin
LogPluginManager: Loaded Plugin CodeView, From C:/Program Files/Epic Games/UE_4.14/Engine/Plugins/Experimental/CodeView/CodeView.uplugin
LogPluginManager: Loaded Plugin HTML5Networking, From C:/Program Files/Epic Games/UE_4.14/Engine/Plugins/Experimental/HTML5Networking/HTML5Networking.uplugin
LogPluginManager: Loaded Plugin OSVR, From C:/Program Files/Epic Games/UE_4.14/Engine/Plugins/Experimental/OSVR/OSVR.uplugin
LogPluginManager: Loaded Plugin Phya, From C:/Program Files/Epic Games/UE_4.14/Engine/Plugins/Experimental/Phya/Phya.uplugin
LogPluginManager: Loaded Plugin SignificanceManager, From C:/Program Files/Epic Games/UE_4.14/Engine/Plugins/Experimental/SignificanceManager/SignificanceManager.uplugin
LogPluginManager: Loaded Plugin SimpleHMD, From C:/Program Files/Epic Games/UE_4.14/Engine/Plugins/Experimental/SimpleHMD/SimpleHMD.uplugin
LogPluginManager: Loaded Plugin StereoPanorama, From C:/Program Files/Epic Games/UE_4.14/Engine/Plugins/Experimental/StereoPanorama/StereoPanorama.uplugin
LogPluginManager: Loaded Plugin StructBox, From C:/Program Files/Epic Games/UE_4.14/Engine/Plugins/Experimental/StructBox/StructBox.uplugin
LogPluginManager: Loaded Plugin AndroidMedia, From C:/Program Files/Epic Games/UE_4.14/Engine/Plugins/Media/AndroidMedia/AndroidMedia.uplugin
LogPluginManager: Loaded Plugin AvfMedia, From C:/Program Files/Epic Games/UE_4.14/Engine/Plugins/Media/AvfMedia/AvfMedia.uplugin
LogPluginManager: Loaded Plugin MediaPlayerEditor, From C:/Program Files/Epic Games/UE_4.14/Engine/Plugins/Media/MediaPlayerEditor/MediaPlayerEditor.uplugin
LogPluginManager: Loaded Plugin WmfMedia, From C:/Program Files/Epic Games/UE_4.14/Engine/Plugins/Media/WmfMedia/WmfMedia.uplugin
LogPluginManager: Loaded Plugin MessagingDebugger, From C:/Program Files/Epic Games/UE_4.14/Engine/Plugins/Messaging/MessagingDebugger/MessagingDebugger.uplugin
LogPluginManager: Loaded Plugin TcpMessaging, From C:/Program Files/Epic Games/UE_4.14/Engine/Plugins/Messaging/TcpMessaging/TcpMessaging.uplugin
LogPluginManager: Loaded Plugin UdpMessaging, From C:/Program Files/Epic Games/UE_4.14/Engine/Plugins/Messaging/UdpMessaging/UdpMessaging.uplugin
LogPluginManager: Loaded Plugin LevelSequenceEditor, From C:/Program Files/Epic Games/UE_4.14/Engine/Plugins/MovieScene/LevelSequenceEditor/LevelSequenceEditor.uplugin
LogPluginManager: Loaded Plugin MatineeToLevelSequence, From C:/Program Files/Epic Games/UE_4.14/Engine/Plugins/MovieScene/MatineeToLevelSequence/MatineeToLevelSequence.uplugin
LogPluginManager: Loaded Plugin NetcodeUnitTest, From C:/Program Files/Epic Games/UE_4.14/Engine/Plugins/NetcodeUnitTest/NetcodeUnitTest/NetcodeUnitTest.uplugin
LogPluginManager: Loaded Plugin NUTUnrealEngine4, From C:/Program Files/Epic Games/UE_4.14/Engine/Plugins/NetcodeUnitTest/NUTUnrealEngine4/NUTUnrealEngine4.uplugin
LogPluginManager: Loaded Plugin OnlineSubsystemGameCircle, From C:/Program Files/Epic Games/UE_4.14/Engine/Plugins/Online/Android/OnlineSubsystemGameCircle/OnlineSubsystemGameCircle.uplugin
LogPluginManager: Loaded Plugin OnlineSubsystemGooglePlay, From C:/Program Files/Epic Games/UE_4.14/Engine/Plugins/Online/Android/OnlineSubsystemGooglePlay/OnlineSubsystemGooglePlay.uplugin
LogPluginManager: Loaded Plugin OnlineSubsystemIOS, From C:/Program Files/Epic Games/UE_4.14/Engine/Plugins/Online/IOS/OnlineSubsystemIOS/OnlineSubsystemIOS.uplugin
LogPluginManager: Loaded Plugin OnlineFramework, From C:/Program Files/Epic Games/UE_4.14/Engine/Plugins/Online/OnlineFramework/OnlineFramework.uplugin
LogPluginManager: Loaded Plugin OnlineSubsystem, From C:/Program Files/Epic Games/UE_4.14/Engine/Plugins/Online/OnlineSubsystem/OnlineSubsystem.uplugin
LogPluginManager: Loaded Plugin OnlineSubsystemAmazon, From C:/Program Files/Epic Games/UE_4.14/Engine/Plugins/Online/OnlineSubsystemAmazon/OnlineSubsystemAmazon.uplugin
LogPluginManager: Loaded Plugin OnlineSubsystemFacebook, From C:/Program Files/Epic Games/UE_4.14/Engine/Plugins/Online/OnlineSubsystemFacebook/OnlineSubsystemFacebook.uplugin
LogPluginManager: Loaded Plugin OnlineSubsystemNull, From C:/Program Files/Epic Games/UE_4.14/Engine/Plugins/Online/OnlineSubsystemNull/OnlineSubsystemNull.uplugin
LogPluginManager: Loaded Plugin OnlineSubsystemOculus, From C:/Program Files/Epic Games/UE_4.14/Engine/Plugins/Online/OnlineSubsystemOculus/OnlineSubsystemOculus.uplugin
LogPluginManager: Loaded Plugin OnlineSubsystemSteam, From C:/Program Files/Epic Games/UE_4.14/Engine/Plugins/Online/OnlineSubsystemSteam/OnlineSubsystemSteam.uplugin
LogPluginManager: Loaded Plugin OnlineSubsystemUtils, From C:/Program Files/Epic Games/UE_4.14/Engine/Plugins/Online/OnlineSubsystemUtils/OnlineSubsystemUtils.uplugin
LogPluginManager: Loaded Plugin IOSTapJoy, From C:/Program Files/Epic Games/UE_4.14/Engine/Plugins/Runtime/Advertising/IOSTapJoy/IOSTapJoy.uplugin
LogPluginManager: Loaded Plugin AnalyticsBlueprintLibrary, From C:/Program Files/Epic Games/UE_4.14/Engine/Plugins/Runtime/Analytics/AnalyticsBlueprintLibrary/AnalyticsBlueprintLibrary.uplugin
LogPluginManager: Loaded Plugin AnalyticsMulticast, From C:/Program Files/Epic Games/UE_4.14/Engine/Plugins/Runtime/Analytics/AnalyticsMulticast/AnalyticsMulticast.uplugin
LogPluginManager: Loaded Plugin Apsalar, From C:/Program Files/Epic Games/UE_4.14/Engine/Plugins/Runtime/Analytics/Apsalar/Apsalar.uplugin
LogPluginManager: Loaded Plugin FileLogging, From C:/Program Files/Epic Games/UE_4.14/Engine/Plugins/Runtime/Analytics/FileLogging/FileLogging.uplugin
LogPluginManager: Loaded Plugin Flurry, From C:/Program Files/Epic Games/UE_4.14/Engine/Plugins/Runtime/Analytics/Flurry/Flurry.uplugin
LogPluginManager: Loaded Plugin AndroidDeviceProfileSelector, From C:/Program Files/Epic Games/UE_4.14/Engine/Plugins/Runtime/AndroidDeviceProfileSelector/AndroidDeviceProfileSelector.uplugin
LogPluginManager: Loaded Plugin AndroidMoviePlayer, From C:/Program Files/Epic Games/UE_4.14/Engine/Plugins/Runtime/AndroidMoviePlayer/AndroidMoviePlayer.uplugin
LogPluginManager: Loaded Plugin AppleMoviePlayer, From C:/Program Files/Epic Games/UE_4.14/Engine/Plugins/Runtime/AppleMoviePlayer/AppleMoviePlayer.uplugin
LogPluginManager: Loaded Plugin ArchVisCharacter, From C:/Program Files/Epic Games/UE_4.14/Engine/Plugins/Runtime/ArchVisCharacter/ArchVisCharacter.uplugin
LogPluginManager: Loaded Plugin CableComponent, From C:/Program Files/Epic Games/UE_4.14/Engine/Plugins/Runtime/CableComponent/CableComponent.uplugin
LogPluginManager: Loaded Plugin CustomMeshComponent, From C:/Program Files/Epic Games/UE_4.14/Engine/Plugins/Runtime/CustomMeshComponent/CustomMeshComponent.uplugin
LogPluginManager: Loaded Plugin ExampleDeviceProfileSelector, From C:/Program Files/Epic Games/UE_4.14/Engine/Plugins/Runtime/ExampleDeviceProfileSelector/ExampleDeviceProfileSelector.uplugin
LogPluginManager: Loaded Plugin GearVR, From C:/Program Files/Epic Games/UE_4.14/Engine/Plugins/Runtime/GearVR/GearVR.uplugin
LogPluginManager: Loaded Plugin GoogleVRController, From C:/Program Files/Epic Games/UE_4.14/Engine/Plugins/Runtime/GoogleVR/GoogleVRController/GoogleVRController.uplugin
LogPluginManager: Loaded Plugin GoogleVRHMD, From C:/Program Files/Epic Games/UE_4.14/Engine/Plugins/Runtime/GoogleVR/GoogleVRHMD/GoogleVRHMD.uplugin
LogPluginManager: Loaded Plugin IOSDeviceProfileSelector, From C:/Program Files/Epic Games/UE_4.14/Engine/Plugins/Runtime/IOSDeviceProfileSelector/IOSDeviceProfileSelector.uplugin
LogPluginManager: Loaded Plugin LeapMotion, From C:/Program Files/Epic Games/UE_4.14/Engine/Plugins/Runtime/LeapMotion/LeapMotion.uplugin
LogPluginManager: Loaded Plugin LinuxDeviceProfileSelector, From C:/Program Files/Epic Games/UE_4.14/Engine/Plugins/Runtime/LinuxDeviceProfileSelector/LinuxDeviceProfileSelector.uplugin
LogPluginManager: Loaded Plugin MIDIDevice, From C:/Program Files/Epic Games/UE_4.14/Engine/Plugins/Runtime/MIDIDevice/MIDIDevice.uplugin
LogPluginManager: Loaded Plugin MobilePatchingUtils, From C:/Program Files/Epic Games/UE_4.14/Engine/Plugins/Runtime/MobilePatchingUtils/MobilePatchingUtils.uplugin
LogPluginManager: Loaded Plugin Ansel, From C:/Program Files/Epic Games/UE_4.14/Engine/Plugins/Runtime/Nvidia/Ansel/Ansel.uplugin
LogPluginManager: Loaded Plugin OculusAudio, From C:/Program Files/Epic Games/UE_4.14/Engine/Plugins/Runtime/OculusAudio/OculusAudio.uplugin
LogPluginManager: Loaded Plugin OculusInput, From C:/Program Files/Epic Games/UE_4.14/Engine/Plugins/Runtime/OculusInput/OculusInput.uplugin
LogPluginManager: Loaded Plugin OculusLibrary, From C:/Program Files/Epic Games/UE_4.14/Engine/Plugins/Runtime/OculusLibrary/OculusLibrary.uplugin
LogPluginManager: Loaded Plugin OculusRift, From C:/Program Files/Epic Games/UE_4.14/Engine/Plugins/Runtime/OculusRift/OculusRift.uplugin
LogPluginManager: Loaded Plugin Oodle, From C:/Program Files/Epic Games/UE_4.14/Engine/Plugins/Runtime/PacketHandlers/CompressionComponents/Oodle/Oodle.uplugin
LogPluginManager: Loaded Plugin ProceduralMeshComponent, From C:/Program Files/Epic Games/UE_4.14/Engine/Plugins/Runtime/ProceduralMeshComponent/ProceduralMeshComponent.uplugin
LogPluginManager: Loaded Plugin SoundMod, From C:/Program Files/Epic Games/UE_4.14/Engine/Plugins/Runtime/SoundMod/SoundMod.uplugin
LogPluginManager: Loaded Plugin SoundVisualizations, From C:/Program Files/Epic Games/UE_4.14/Engine/Plugins/Runtime/SoundVisualizations/SoundVisualizations.uplugin
LogPluginManager: Loaded Plugin SteamController, From C:/Program Files/Epic Games/UE_4.14/Engine/Plugins/Runtime/Steam/SteamController/SteamController.uplugin
LogPluginManager: Loaded Plugin SteamVR, From C:/Program Files/Epic Games/UE_4.14/Engine/Plugins/Runtime/Steam/SteamVR/SteamVR.uplugin
LogPluginManager: Loaded Plugin WebBrowserWidget, From C:/Program Files/Epic Games/UE_4.14/Engine/Plugins/Runtime/WebBrowserWidget/WebBrowserWidget.uplugin
LogPluginManager: Loaded Plugin WindowsDeviceProfileSelector, From C:/Program Files/Epic Games/UE_4.14/Engine/Plugins/Runtime/WindowsDeviceProfileSelector/WindowsDeviceProfileSelector.uplugin
LogPluginManager: Loaded Plugin WindowsMoviePlayer, From C:/Program Files/Epic Games/UE_4.14/Engine/Plugins/Runtime/WindowsMoviePlayer/WindowsMoviePlayer.uplugin
LogPluginManager: Loaded Plugin ScriptPlugin, From C:/Program Files/Epic Games/UE_4.14/Engine/Plugins/ScriptPlugin/ScriptPlugin.uplugin
LogPluginManager: Loaded Plugin SlateRemote, From C:/Program Files/Epic Games/UE_4.14/Engine/Plugins/Slate/SlateRemote/SlateRemote.uplugin
LogPluginManager: Loaded Plugin EditorTests, From C:/Program Files/Epic Games/UE_4.14/Engine/Plugins/Tests/EditorTests/EditorTests.uplugin
LogPluginManager: Loaded Plugin FbxAutomationTestBuilder, From C:/Program Files/Epic Games/UE_4.14/Engine/Plugins/Tests/FbxAutomationTestBuilder/FbxAutomationTestBuilder.uplugin
LogPluginManager: Loaded Plugin FunctionalTestingEditor, From C:/Program Files/Epic Games/UE_4.14/Engine/Plugins/Tests/FunctionalTestingEditor/FunctionalTestingEditor.uplugin
LogPluginManager: Loaded Plugin RuntimeTests, From C:/Program Files/Epic Games/UE_4.14/Engine/Plugins/Tests/RuntimeTests/RuntimeTests.uplugin
LogPluginManager: Loaded Plugin ScreenshotTools, From C:/Program Files/Epic Games/UE_4.14/Engine/Plugins/Tests/ScreenshotTools/ScreenshotTools.uplugin
LogInit: Using libcurl 7.47.1
LogInit:  - built for x86_64-pc-win32
LogInit:  - supports SSL with OpenSSL/1.0.2g
LogInit:  - supports HTTP deflate (compression) using libz 1.2.8
LogInit:  - other features:
LogInit:      CURL_VERSION_SSL
LogInit:      CURL_VERSION_LIBZ
LogInit:      CURL_VERSION_IPV6
LogInit:      CURL_VERSION_ASYNCHDNS
LogInit:      CURL_VERSION_LARGEFILE
LogInit:      CURL_VERSION_IDN
LogInit:  CurlRequestOptions (configurable via config and command line):
LogInit:  - bVerifyPeer = false  - Libcurl will NOT verify peer certificate
LogInit:  - bUseHttpProxy = false  - Libcurl will NOT use HTTP proxy
LogInit:  - bDontReuseConnections = false  - Libcurl will reuse connections
LogInit:  - CertBundlePath = nullptr  - Libcurl will use whatever was configured at build time.
LogInit: Build: ++UE4+Release-4.14-CL-3249277
LogInit: Engine Version: 4.14.3-3249277+++UE4+Release-4.14
LogInit: Compatible Engine Version: 4.14.0-3195953+++UE4+Release-4.14
LogInit: Net CL: 3195953
LogDevObjectVersion: Number of dev versions registered: 13
LogDevObjectVersion:   Dev-Blueprints (B0D832E4-1F89-4F0D-ACCF-7EB736FD4AA2): 7
LogDevObjectVersion:   Dev-Build (E1C64328-A22C-4D53-A36C-8E866417BD8C): 0
LogDevObjectVersion:   Dev-Core (375EC13C-06E4-48FB-B500-84F0262A717E): 1
LogDevObjectVersion:   Dev-Editor (E4B068ED-F494-42E9-A231-DA0B2E46BB41): 8
LogDevObjectVersion:   Dev-Framework (CFFC743F-43B0-4480-9391-14DF171D2073): 17
LogDevObjectVersion:   Dev-Mobile (B02B49B5-BB20-44E9-A304-32B752E40360): 0
LogDevObjectVersion:   Dev-Networking (A4E4105C-59A1-49B5-A7C5-40C4547EDFEE): 0
LogDevObjectVersion:   Dev-Online (39C831C9-5AE6-47DC-9A44-9C173E1C8E7C): 0
LogDevObjectVersion:   Dev-Physics (78F01B33-EBEA-4F98-B9B4-84EACCB95AA2): 0
LogDevObjectVersion:   Dev-Platform (6631380F-2D4D-43E0-8009-CF276956A95A): 0
LogDevObjectVersion:   Dev-Rendering (12F88B9F-8875-4AFC-A67C-D90C383ABD29): 12
LogDevObjectVersion:   Dev-Sequencer (7B5AE74C-D270-4C10-A958-57980B212A5A): 1
LogDevObjectVersion:   Dev-VR (D7296918-1DD6-4BDD-9DE2-64A83CC13884): 0
LogInit: Compiled (64-bit): Jan  6 2017 10:49:43
LogInit: Compiled with Visual C++: 19.00.23026.00
LogInit: Build Configuration: Development
LogInit: Branch Name: ++UE4+Release-4.14
LogInit: Command line:  /Temp/Autosaves/Game/ZTD_Blueprint/Maps/UEDPCMenu_Main -game -PIEVIACONSOLE -ResX=1280 -ResY=720  -Multiprocess -messaging -SessionName="Play in Standalone Game" -windowed 
LogInit: Base directory: C:/Program Files/Epic Games/UE_4.14/Engine/Binaries/Win64/
LogInit: Installed Engine Build: 1
LogInit: Presizing for max 8388607 objects, including 0 objects not considered by GC, pre-allocating 0 bytes for permanent pool.
LogInit: Object subsystem initialized
[2017.05.01-21.16.48:957][  0]LogInit: Selected Device Profile: [Windows]
[2017.05.01-21.16.48:957][  0]LogInit: Applying CVar settings loaded from the selected device profile: [Windows]
[2017.05.01-21.16.48:964][  0]LogInit: Computer: JORDANOBE-PC
[2017.05.01-21.16.48:964][  0]LogInit: User: JordanObe
[2017.05.01-21.16.48:964][  0]LogInit: CPU Page size=65536, Cores=3
[2017.05.01-21.16.48:964][  0]LogInit: High frequency timer resolution =3.703855 MHz
[2017.05.01-21.16.48:964][  0]LogMemory: Memory total: Physical=9.9GB (10GB approx)
[2017.05.01-21.16.48:964][  0]LogMemory: Platform Memory Stats for Windows
[2017.05.01-21.16.48:964][  0]LogMemory: Process Physical Memory: 265.57 MB used, 265.57 MB peak
[2017.05.01-21.16.48:964][  0]LogMemory: Process Virtual Memory: 262.61 MB used, 262.61 MB peak
[2017.05.01-21.16.48:964][  0]LogMemory: Physical Memory: 6376.41 MB used,  3764.44 MB free, 10140.86 MB total
[2017.05.01-21.16.48:964][  0]LogMemory: Virtual Memory: 675.86 MB used,  3764.44 MB free, 134217728.00 MB total
[2017.05.01-21.16.48:993][  0]LogTextLocalizationManager: No specific translations for ('en-US') exist, so ('en') translations will be used.
[2017.05.01-21.16.49:647][  0]LogD3D11RHI: D3D11 adapters:
[2017.05.01-21.16.49:692][  0]LogD3D11RHI:    0. 'Radeon (TM) RX 480 Graphics' (Feature Level 11_0)
[2017.05.01-21.16.49:692][  0]LogD3D11RHI:       4044/0/5070 MB DedicatedVideo/DedicatedSystem/SharedSystem, Outputs:2, VendorId:0x1002
[2017.05.01-21.16.49:694][  0]LogD3D11RHI:    1. 'Microsoft Basic Render Driver' (Feature Level 11_0)
[2017.05.01-21.16.49:694][  0]LogD3D11RHI:       0/0/5070 MB DedicatedVideo/DedicatedSystem/SharedSystem, Outputs:0, VendorId:0x1414
[2017.05.01-21.16.49:694][  0]LogD3D11RHI: Chosen D3D11 Adapter: 0
[2017.05.01-21.16.49:701][  0]LogD3D11RHI: Creating new Direct3DDevice
[2017.05.01-21.16.49:701][  0]LogD3D11RHI:     GPU DeviceId: 0x67df (for the marketing name, search the web for "GPU Device Id")
[2017.05.01-21.16.49:701][  0]LogWindows: EnumDisplayDevices:
[2017.05.01-21.16.49:702][  0]LogWindows:    0. 'Radeon (TM) RX 480 Graphics' (P:1 D:1)
[2017.05.01-21.16.49:702][  0]LogWindows:    1. 'Radeon (TM) RX 480 Graphics' (P:0 D:1)
[2017.05.01-21.16.49:702][  0]LogWindows:    2. 'Radeon (TM) RX 480 Graphics' (P:0 D:0)
[2017.05.01-21.16.49:703][  0]LogWindows:    3. 'Radeon (TM) RX 480 Graphics' (P:0 D:0)
[2017.05.01-21.16.49:703][  0]LogWindows:    4. 'Radeon (TM) RX 480 Graphics' (P:0 D:0)
[2017.05.01-21.16.49:703][  0]LogWindows:    5. 'Radeon (TM) RX 480 Graphics' (P:0 D:0)
[2017.05.01-21.16.49:703][  0]LogWindows: DebugString: FoundDriverCount:6 
[2017.05.01-21.16.49:703][  0]LogD3D11RHI:     Adapter Name: Radeon (TM) RX 480 Graphics
[2017.05.01-21.16.49:703][  0]LogD3D11RHI:   Driver Version: Crimson ReLive 16.12.2 (internal:21.19.407.0, unified:21.19.407.0)
[2017.05.01-21.16.49:703][  0]LogD3D11RHI:      Driver Date: 12-23-2016
[2017.05.01-21.16.49:703][  0]LogRHI: Texture pool is 1361 MB (70% of 1945 MB)
[2017.05.01-21.16.49:736][  0]LogD3D11RHI: Async texture creation enabled
[2017.05.01-21.16.49:749][  0]LogD3D11RHI: GPU Timing Frequency: 25.000000 (Debug: 2 1)
[2017.05.01-21.16.49:750][  0]LogShaderCompilers: Guid format shader working directory is -29 characters bigger than the processId version (../../../../../../Users/Jordan Obe/Documents/GitHub/AI stuff/Zombie_TowerDefense/Intermediate/Shaders/WorkingDirectory/8412/).
[2017.05.01-21.16.49:750][  0]LogShaderCompilers: Cleaned the shader compiler working directory 'C:/Users/Jordan Obe/AppData/Local/Temp/UnrealShaderWorkingDir/033310B54891A5C0C3400AB8F259EC2F/'.
[2017.05.01-21.16.49:750][  0]LogShaderCompilers:Display: Using Local Shader Compiler.
[2017.05.01-21.16.51:377][  0]LogTemp:Display: Loaded TP WindowsClientTargetPlatform
[2017.05.01-21.16.51:479][  0]LogTemp:Display: Loaded TP WindowsNoEditorTargetPlatform
[2017.05.01-21.16.51:586][  0]LogTemp:Display: Loaded TP WindowsServerTargetPlatform
[2017.05.01-21.16.51:674][  0]LogTemp:Display: Loaded TP WindowsTargetPlatform
[2017.05.01-21.16.51:674][  0]LogTargetPlatformManager:Display: Building Assets For Windows
[2017.05.01-21.16.52:479][  0]LogDerivedDataCache:Display: Max Cache Size: 512 MB
[2017.05.01-21.16.52:591][  0]LogDerivedDataCache: Loaded boot cache 0.11s 50MB C:/Users/Jordan Obe/AppData/Local/UnrealEngine/4.14/DerivedDataCache/Boot.ddc.
[2017.05.01-21.16.52:591][  0]LogDerivedDataCache:Display: Loaded Boot cache: C:/Users/Jordan Obe/AppData/Local/UnrealEngine/4.14/DerivedDataCache/Boot.ddc
[2017.05.01-21.16.52:592][  0]LogDerivedDataCache: FDerivedDataBackendGraph:  Pak pak cache file ../../../../../../Users/Jordan Obe/Documents/GitHub/AI stuff/Zombie_TowerDefense/DerivedDataCache/DDC.ddp not found, will not use a pak cache.
[2017.05.01-21.16.52:592][  0]LogDerivedDataCache: Unable to find inner node Pak for hierarchical cache Hierarchy.
[2017.05.01-21.16.52:592][  0]LogDerivedDataCache: FDerivedDataBackendGraph:  CompressedPak pak cache file ../../../../../../Users/Jordan Obe/Documents/GitHub/AI stuff/Zombie_TowerDefense/DerivedDataCache/Compressed.ddp not found, will not use a pak cache.
[2017.05.01-21.16.52:592][  0]LogDerivedDataCache: Unable to find inner node CompressedPak for hierarchical cache Hierarchy.
[2017.05.01-21.16.52:616][  0]LogDerivedDataCache:Display: Pak cache opened for reading ../../../Engine/DerivedDataCache/Compressed.ddp.
[2017.05.01-21.16.52:628][  0]LogDerivedDataCache: Using Local data cache path C:/Users/Jordan Obe/AppData/Local/UnrealEngine/Common/DerivedDataCache: Writable
[2017.05.01-21.16.52:966][  0]LogAssetRegistry: FAssetRegistry took 0.0001 seconds to start up
[2017.05.01-21.16.52:972][  0]LogPackageLocalizationCache: Processed 3 localized package path(s) for 2 prioritized culture(s) in 0.006458 seconds
[2017.05.01-21.16.52:999][  0]LogInit: Selected Device Profile: [Windows]
[2017.05.01-21.16.53:002][  0]LogContentStreaming: Texture pool size is 1000.00 MB
[2017.05.01-21.16.53:337][  0]LogMeshUtilities: Using QuadricMeshReduction for automatic static mesh reduction
[2017.05.01-21.16.53:418][  0]LogSimplygon: Simplygon DLL not present - disabling.
[2017.05.01-21.16.53:509][  0]LogMeshUtilities: Using SimplygonSwarm for distributed automatic mesh merging
[2017.05.01-21.16.53:509][  0]LogMeshUtilities: No automatic skeletal mesh reduction module available
[2017.05.01-21.16.53:509][  0]LogMeshUtilities: No automatic mesh merging module available
[2017.05.01-21.16.54:272][  0]LogNetVersion: GetLocalNetworkVersion: CL: 3195953, ProjectName: zombie_tower_defense, ProjectVersion: , EngineNetworkVersion: 2, GameNetworkVersion: 0, NetworkChecksum: 2528811943
[2017.05.01-21.16.54:407][  0]LogInit: WinSock: version 1.1 (2.2), MaxSocks=32767, MaxUdp=65467
[2017.05.01-21.16.55:821][  0]LogSlate: Using Freetype 2.6.0
[2017.05.01-21.16.55:822][  0]LogSlate: SlateFontCache - WITH_FREETYPE: 1, WITH_HARFBUZZ: 1
[2017.05.01-21.16.55:822][  0]LogSlate: SlateFontCache - WITH_FREETYPE: 1, WITH_HARFBUZZ: 1
[2017.05.01-21.16.56:038][  0]LogMoviePlayer: Initializing movie player
[2017.05.01-21.16.56:115][  0]LogWindowsTextInputMethodSystem:Display: IME system now deactivated.
[2017.05.01-21.16.56:139][  0]LogWindowsMoviePlayer: Unable to load movie: ../../../../../../Users/Jordan Obe/Documents/GitHub/AI stuff/Zombie_TowerDefense/Content/Movies/Default_Startup.mp4
[2017.05.01-21.16.56:425][  0]LogTcpMessaging: Initializing TcpMessaging bridge
[2017.05.01-21.16.56:491][  0]LogUdpMessaging: Initializing bridge on interface 0.0.0.0:0 to multicast group 230.0.0.1:6666.
[2017.05.01-21.16.56:720][  0]SourceControl: Info Source control is disabled
[2017.05.01-21.16.56:721][  0]SourceControl: Info Source control is disabled
[2017.05.01-21.16.56:807][  0]SourceControl: Info Source control is disabled
[2017.05.01-21.16.58:155][  0]LogUObjectArray: 33496 objects as part of root set at end of initial load.
[2017.05.01-21.16.58:155][  0]LogUObjectAllocator: 7417784 out of 0 bytes used by permanent object pool.
[2017.05.01-21.16.58:155][  0]LogUObjectArray: CloseDisregardForGC: 0/0 objects in disregard for GC pool
[2017.05.01-21.16.58:330][  0]LogEngine: Initializing Engine...
[2017.05.01-21.16.58:331][  0]LogHMD: Failed to initialize OpenVR with code 110
[2017.05.01-21.16.58:523][  0]LogInit: XAudio2 using 'Realtek HD Audio 2nd output (Realtek High Definition Audio)' : 2 channels at 48 kHz using 32 bits per sample (channel mask 0x3)
[2017.05.01-21.16.58:588][  0]LogInit: FAudioDevice initialized.
[2017.05.01-21.16.58:616][  0]LogInit: Texture streaming: Enabled
[2017.05.01-21.16.58:638][  0]LogMaterial: Uniform references updated for custom material expression Custom.
[2017.05.01-21.16.59:265][  0]LogInit:Display: Game Engine Initialized.
[2017.05.01-21.16.59:566][  0]LogInit:Display: Starting Game.
[2017.05.01-21.16.59:566][  0]LogNet: Browse: /Temp/Autosaves/Game/ZTD_Blueprint/Maps/UEDPCMenu_Main?Name=Player
[2017.05.01-21.16.59:566][  0]LogLoad: LoadMap: /Temp/Autosaves/Game/ZTD_Blueprint/Maps/UEDPCMenu_Main?Name=Player
[2017.05.01-21.16.59:604][  0]LogMemory: Platform Memory Stats for Windows
[2017.05.01-21.16.59:604][  0]LogMemory: Process Physical Memory: 625.62 MB used, 649.48 MB peak
[2017.05.01-21.16.59:604][  0]LogMemory: Process Virtual Memory: 715.11 MB used, 715.13 MB peak
[2017.05.01-21.16.59:604][  0]LogMemory: Physical Memory: 6684.54 MB used,  3456.32 MB free, 10140.86 MB total
[2017.05.01-21.16.59:604][  0]LogMemory: Virtual Memory: 1349.30 MB used,  3456.32 MB free, 134217728.00 MB total
[2017.05.01-21.16.59:604][  0]LogMemory: 
[2017.05.01-21.16.59:604][  0]Allocator Stats for TBB: (not implemented)
[2017.05.01-21.17.01:095][  0]LogAIModule: Creating AISystem for world Menu_Main
[2017.05.01-21.17.01:095][  0]LogLoad: Game class is 'ZTD_MainMenu_Mode_C'
[2017.05.01-21.17.01:097][  0]LogWorld: Bringing World /Temp/Autosaves/Game/ZTD_Blueprint/Maps/UEDPCMenu_Main.Menu_Main up for play (max tick rate 0) at 2017.05.01-16.17.01
[2017.05.01-21.17.01:098][  0]LogWorld: Bringing up level for play took: 0.000936
[2017.05.01-21.17.01:099][  0]t.MaxFPS = "62"
[2017.05.01-21.17.01:101][  0]LogLoad: Took 1.535139 seconds to LoadMap(/Temp/Autosaves/Game/ZTD_Blueprint/Maps/UEDPCMenu_Main)
[2017.05.01-21.17.01:591][  0]LogLoad: (Engine Initialization) Total time: 15.06 seconds
[2017.05.01-21.17.01:591][  0]LogLoad: (Engine Initialization) Total Blueprint compile time: 0.72 seconds
[2017.05.01-21.17.01:591][  0]LogExternalProfiler: Found external profiler: VSPerf
[2017.05.01-21.17.01:591][  0]LogExternalProfiler: Using external profiler: VSPerf
[2017.05.01-21.17.01:608][  0]LogOcInput: OculusInput pre-init called
[2017.05.01-21.17.01:771][  2]LogRenderer: Reallocating scene render targets to support 1280x720 NumSamples 1 (Frame:2).
[2017.05.01-21.17.10:464][491]LogPackageName: SearchForPackageOnDisk took   0.166s to resolve MapB.umap.
[2017.05.01-21.17.10:626][491]LogPackageName: SearchForPackageOnDisk took   0.161s to resolve MapB.umap.
[2017.05.01-21.17.10:626][491]LogNet: Browse: /Game/ZTD_Blueprint/Maps/MapB
[2017.05.01-21.17.10:626][491]LogLoad: LoadMap: /Game/ZTD_Blueprint/Maps/MapB
[2017.05.01-21.17.10:722][491]LogMemory: Platform Memory Stats for Windows
[2017.05.01-21.17.10:722][491]LogMemory: Process Physical Memory: 723.04 MB used, 734.50 MB peak
[2017.05.01-21.17.10:722][491]LogMemory: Process Virtual Memory: 1025.72 MB used, 1032.63 MB peak
[2017.05.01-21.17.10:722][491]LogMemory: Physical Memory: 6774.25 MB used,  3366.60 MB free, 10140.86 MB total
[2017.05.01-21.17.10:722][491]LogMemory: Virtual Memory: 1670.68 MB used,  3366.60 MB free, 134217728.00 MB total
[2017.05.01-21.17.10:722][491]LogMemory: 
[2017.05.01-21.17.10:722][491]Allocator Stats for TBB: (not implemented)
[2017.05.01-21.17.12:576][491]LogAIModule: Creating AISystem for world MapB
[2017.05.01-21.17.12:577][491]LogLoad: Game class is 'ZTD_GameMode_C'
[2017.05.01-21.17.12:642][491]LogWorld: Bringing World /Game/ZTD_Blueprint/Maps/MapB.MapB up for play (max tick rate 62) at 2017.05.01-16.17.12
[2017.05.01-21.17.12:643][491]LogWorld: Bringing up level for play took: 0.064650
[2017.05.01-21.17.12:653][491]LogLoad: Took 2.027226 seconds to LoadMap(/Game/ZTD_Blueprint/Maps/MapB)
[2017.05.01-21.17.12:811][492]LogCharacterMovement:Warning: GetSimulationTimeStep() - Max iterations 8 hit while remaining time 0.089333 > MaxSimulationTimeStep (0.050) for 'Player_Character_C_0', movement 'Walking'
[2017.05.01-21.17.14:263][582]LogBlueprintUserMessages: [Ingame_UI_C_0] Tower Placement Enabled
[2017.05.01-21.17.19:392][900]LogBlueprintUserMessages: [Ingame_UI_C_0] Shooting Enabled
[2017.05.01-21.17.19:425][902]LogBlueprintUserMessages: [ZTD_GameMode_C_0] SpawningZombie
[2017.05.01-21.17.20:263][954]LogBlueprintUserMessages: [Player_Controller_C_0] Assault Rifle Selected!
[2017.05.01-21.17.20:425][964]LogBlueprintUserMessages: [ZTD_GameMode_C_0] SpawningZombie
[2017.05.01-21.17.21:425][ 26]LogBlueprintUserMessages: [ZTD_GameMode_C_0] SpawningZombie
[2017.05.01-21.17.22:426][ 88]LogBlueprintUserMessages: [ZTD_GameMode_C_0] SpawningZombie
[2017.05.01-21.17.23:425][150]LogBlueprintUserMessages: [ZTD_GameMode_C_0] SpawningZombie
[2017.05.01-21.17.24:426][212]LogBlueprintUserMessages: [ZTD_GameMode_C_0] SpawningZombie
[2017.05.01-21.17.25:426][274]LogBlueprintUserMessages: [ZTD_GameMode_C_0] SpawningZombie
[2017.05.01-21.17.26:426][336]LogBlueprintUserMessages: [ZTD_GameMode_C_0] SpawningZombie
[2017.05.01-21.17.27:426][398]LogBlueprintUserMessages: [ZTD_GameMode_C_0] SpawningZombie
[2017.05.01-21.17.28:426][460]LogBlueprintUserMessages: [ZTD_GameMode_C_0] SpawningZombie
[2017.05.01-21.17.29:199][508]LogBlueprintUserMessages: [Ingame_UI_C_0] Tower Placement Enabled
[2017.05.01-21.17.29:426][522]LogBlueprintUserMessages: [ZTD_GameMode_C_0] SpawningZombie
[2017.05.01-21.17.30:134][566]LogBlueprintUserMessages: [Player_Controller_C_0] Machine Gun Tower Selected!
[2017.05.01-21.17.30:442][577]LogBlueprintUserMessages: [ZTD_GameMode_C_0] SpawningZombie
[2017.05.01-21.17.31:442][639]LogBlueprintUserMessages: [ZTD_GameMode_C_0] SpawningZombie
[2017.05.01-21.17.32:450][701]LogBlueprintUserMessages: [ZTD_GameMode_C_0] SpawningZombie
[2017.05.01-21.17.33:450][763]LogBlueprintUserMessages: [ZTD_GameMode_C_0] SpawningZombie
[2017.05.01-21.17.34:450][825]LogBlueprintUserMessages: [ZTD_GameMode_C_0] SpawningZombie
[2017.05.01-21.17.35:450][887]LogBlueprintUserMessages: [ZTD_GameMode_C_0] SpawningZombie
[2017.05.01-21.17.36:450][949]LogBlueprintUserMessages: [ZTD_GameMode_C_0] SpawningZombie
[2017.05.01-21.17.37:450][ 11]LogBlueprintUserMessages: [ZTD_GameMode_C_0] SpawningZombie
[2017.05.01-21.17.38:451][ 73]LogBlueprintUserMessages: [ZTD_GameMode_C_0] SpawningZombie
[2017.05.01-21.17.39:451][135]LogBlueprintUserMessages: [ZTD_GameMode_C_0] SpawningZombie
[2017.05.01-21.17.40:451][197]LogBlueprintUserMessages: [ZTD_GameMode_C_0] SpawningZombie
[2017.05.01-21.17.41:451][259]LogBlueprintUserMessages: [ZTD_GameMode_C_0] SpawningZombie
[2017.05.01-21.17.41:868][285]LogBlueprintUserMessages: [Ingame_UI_C_0] Shooting Enabled
[2017.05.01-21.17.42:303][312]LogBlueprintUserMessages: [Player_Controller_C_0] Pistol Selected!
[2017.05.01-21.17.42:453][321]LogBlueprintUserMessages: [ZTD_GameMode_C_0] SpawningZombie
[2017.05.01-21.17.43:213][368]LogProjectileMovement:Warning: TowerProjectile_C_0 is outside the world bounds!
[2017.05.01-21.17.43:451][383]LogBlueprintUserMessages: [ZTD_GameMode_C_0] SpawningZombie
[2017.05.01-21.17.43:955][414]LogProjectileMovement:Warning: TowerProjectile_C_1 is outside the world bounds!
[2017.05.01-21.17.44:451][445]LogBlueprintUserMessages: [ZTD_GameMode_C_0] SpawningZombie
[2017.05.01-21.17.45:068][483]LogProjectileMovement:Warning: TowerProjectile_C_2 is outside the world bounds!
[2017.05.01-21.17.45:452][507]LogBlueprintUserMessages: [ZTD_GameMode_C_0] SpawningZombie
[2017.05.01-21.17.46:198][553]LogProjectileMovement:Warning: TowerProjectile_C_3 is outside the world bounds!
[2017.05.01-21.17.46:453][569]LogBlueprintUserMessages: [ZTD_GameMode_C_0] SpawningZombie
[2017.05.01-21.17.46:971][601]LogProjectileMovement:Warning: TowerProjectile_C_4 is outside the world bounds!
[2017.05.01-21.17.47:453][631]LogBlueprintUserMessages: [ZTD_GameMode_C_0] SpawningZombie
[2017.05.01-21.17.47:586][639]LogProjectileMovement:Warning: TowerProjectile_C_5 is outside the world bounds!
[2017.05.01-21.17.48:453][693]LogBlueprintUserMessages: [ZTD_GameMode_C_0] SpawningZombie
[2017.05.01-21.17.48:908][721]LogProjectileMovement:Warning: TowerProjectile_C_6 is outside the world bounds!
[2017.05.01-21.17.50:198][801]LogProjectileMovement:Warning: TowerProjectile_C_7 is outside the world bounds!
[2017.05.01-21.17.51:197][863]LogProjectileMovement:Warning: TowerProjectile_C_8 is outside the world bounds!
[2017.05.01-21.17.51:972][911]LogProjectileMovement:Warning: TowerProjectile_C_9 is outside the world bounds!
[2017.05.01-21.17.52:585][949]LogProjectileMovement:Warning: TowerProjectile_C_10 is outside the world bounds!
[2017.05.01-21.17.53:223][989]LogBlueprintUserMessages: [Ingame_UI_C_0] Tower Placement Enabled
[2017.05.01-21.17.53:408][  0]LogProjectileMovement:Warning: TowerProjectile_C_11 is outside the world bounds!
[2017.05.01-21.17.54:030][ 39]LogBlueprintUserMessages: [Player_Controller_C_0] Machine Gun Tower Selected!
[2017.05.01-21.17.56:175][164]LogProjectileMovement:Warning: TowerProjectile_C_14 is outside the world bounds!
[2017.05.01-21.17.56:256][169]LogProjectileMovement:Warning: TowerProjectile_C_12 is outside the world bounds!
[2017.05.01-21.17.56:579][189]LogProjectileMovement:Warning: TowerProjectile_C_13 is outside the world bounds!
[2017.05.01-21.17.58:191][289]LogProjectileMovement:Warning: TowerProjectile_C_15 is outside the world bounds!
[2017.05.01-21.17.59:192][351]LogProjectileMovement:Warning: TowerProjectile_C_16 is outside the world bounds!
[2017.05.01-21.17.59:965][399]LogProjectileMovement:Warning: TowerProjectile_C_17 is outside the world bounds!
[2017.05.01-21.18.00:401][426]LogProjectileMovement:Warning: TowerProjectile_C_18 is outside the world bounds!
[2017.05.01-21.18.00:722][446]LogScriptCore:Warning: Script Msg: Attempted to access index 0 from array Current Targets of length 0!
[2017.05.01-21.18.00:998][463]LogScriptCore:Warning: Script Msg: Attempted to access index 0 from array Current Targets of length 0!
[2017.05.01-21.18.01:739][509]LogProjectileMovement:Warning: TowerProjectile_C_19 is outside the world bounds!
[2017.05.01-21.18.03:700][622]LogWindowsTextInputMethodSystem:Display: IME system now deactivated.
[2017.05.01-21.18.03:702][622]LogWindowsTextInputMethodSystem:Display: IME system now deactivated.
[2017.05.01-21.18.03:703][622]LogEngine: All Windows Closed
[2017.05.01-21.18.03:703][622]LogWindows: FPlatformMisc::RequestExit(0)
[2017.05.01-21.18.03:704][623]LogMoviePlayer: Shutting down movie player
[2017.05.01-21.18.04:361][623]LogExit: Preparing to exit.
[2017.05.01-21.18.04:698][623]LogExit: Game engine shut down
[2017.05.01-21.18.04:802][623]LogObj: Freed 0b from 0 cluster array pools.
[2017.05.01-21.18.04:802][623]LogExit: Object subsystem successfully closed.
[2017.05.01-21.18.04:825][623]LogD3D11RHI: Shutdown
[2017.05.01-21.18.04:825][623]LogD3D11RHI: CleanupD3DDevice
[2017.05.01-21.18.04:955][623]LogD3D11RHI: ~FD3D11DynamicRHI
[2017.05.01-21.18.04:981][623]LogModuleManager: Shutting down and abandoning module SequenceRecorderSections (125)
[2017.05.01-21.18.04:981][623]LogModuleManager: Shutting down and abandoning module SequenceRecorder (124)
[2017.05.01-21.18.04:982][623]LogModuleManager: Shutting down and abandoning module AutomationController (123)
[2017.05.01-21.18.04:982][623]LogModuleManager: Shutting down and abandoning module AutomationWorker (122)
[2017.05.01-21.18.04:982][623]LogModuleManager: Shutting down and abandoning module GameplayDebugger (121)
[2017.05.01-21.18.04:982][623]LogModuleManager: Shutting down and abandoning module AITestSuite (120)
[2017.05.01-21.18.04:982][623]LogModuleManager: Shutting down and abandoning module AIModule (119)
[2017.05.01-21.18.04:982][623]LogModuleManager: Shutting down and abandoning module WmfMediaFactory (118)
[2017.05.01-21.18.04:982][623]LogModuleManager: Shutting down and abandoning module AvfMediaFactory (117)
[2017.05.01-21.18.04:982][623]LogModuleManager: Shutting down and abandoning module Media (116)
[2017.05.01-21.18.04:982][623]LogModuleManager: Shutting down and abandoning module AndroidMediaFactory (115)
[2017.05.01-21.18.04:982][623]LogModuleManager: Shutting down and abandoning module CharacterAI (114)
[2017.05.01-21.18.04:982][623]LogModuleManager: Shutting down and abandoning module SessionServices (113)
[2017.05.01-21.18.04:982][623]LogModuleManager: Shutting down and abandoning module MovieSceneCapture (112)
[2017.05.01-21.18.04:982][623]LogModuleManager: Shutting down and abandoning module GeometryCacheEd (111)
[2017.05.01-21.18.04:982][623]LogModuleManager: Shutting down and abandoning module GeometryCache (110)
[2017.05.01-21.18.04:982][623]LogModuleManager: Shutting down and abandoning module Niagara (109)
[2017.05.01-21.18.04:982][623]LogModuleManager: Shutting down and abandoning module StreamingPauseRendering (108)
[2017.05.01-21.18.04:982][623]LogModuleManager: Shutting down and abandoning module PortalServices (107)
[2017.05.01-21.18.04:982][623]LogModuleManager: Shutting down and abandoning module PortalRpc (106)
[2017.05.01-21.18.04:982][623]LogModuleManager: Shutting down and abandoning module MessagingRpc (105)
[2017.05.01-21.18.04:982][623]LogModuleManager: Shutting down and abandoning module ProfilerService (104)
[2017.05.01-21.18.05:086][623]LogModuleManager: Shutting down and abandoning module TaskGraph (103)
[2017.05.01-21.18.05:086][623]LogModuleManager: Shutting down and abandoning module SlateRemote (102)
[2017.05.01-21.18.05:086][623]LogModuleManager: Shutting down and abandoning module SteamVRController (101)
[2017.05.01-21.18.05:086][623]LogModuleManager: Shutting down and abandoning module SteamVR (100)
[2017.05.01-21.18.05:086][623]LogModuleManager: Shutting down and abandoning module ProceduralMeshComponent (99)
[2017.05.01-21.18.05:086][623]LogModuleManager: Shutting down and abandoning module OculusLibrary (98)
[2017.05.01-21.18.05:086][623]LogModuleManager: Shutting down and abandoning module OculusInput (97)
[2017.05.01-21.18.05:086][623]LogModuleManager: Shutting down and abandoning module MobilePatchingUtils (96)
[2017.05.01-21.18.05:086][623]LogModuleManager: Shutting down and abandoning module CustomMeshComponent (95)
[2017.05.01-21.18.05:086][623]LogModuleManager: Shutting down and abandoning module CableComponent (94)
[2017.05.01-21.18.05:086][623]LogModuleManager: Shutting down and abandoning module ArchVisCharacter (93)
[2017.05.01-21.18.05:086][623]LogModuleManager: Shutting down and abandoning module HTML5Networking (91)
[2017.05.01-21.18.05:086][623]LogModuleManager: Shutting down and abandoning module DesktopPlatform (90)
[2017.05.01-21.18.05:086][623]LogModuleManager: Shutting down and abandoning module DirectoryWatcher (89)
[2017.05.01-21.18.05:086][623]LogModuleManager: Shutting down and abandoning module HotReload (88)
[2017.05.01-21.18.05:086][623]LogModuleManager: Shutting down and abandoning module VisualStudioSourceCodeAccess (87)
[2017.05.01-21.18.05:086][623]LogModuleManager: Shutting down and abandoning module UObjectPlugin (86)
[2017.05.01-21.18.05:086][623]LogModuleManager: Shutting down and abandoning module SubversionSourceControl (85)
[2017.05.01-21.18.05:086][623]LogModuleManager: Shutting down and abandoning module SourceControl (84)
[2017.05.01-21.18.05:086][623]LogModuleManager: Shutting down and abandoning module PerforceSourceControl (83)
[2017.05.01-21.18.05:086][623]LogModuleManager: Shutting down and abandoning module UdpMessaging (82)
[2017.05.01-21.18.05:187][623]LogModuleManager: Shutting down and abandoning module TcpMessaging (81)
[2017.05.01-21.18.05:445][623]LogModuleManager: Shutting down and abandoning module LightPropagationVolumeRuntime (80)
[2017.05.01-21.18.05:445][623]LogModuleManager: Shutting down and abandoning module Paper2D (79)
[2017.05.01-21.18.05:446][623]LogModuleManager: Shutting down and abandoning module WindowsMoviePlayer (78)
[2017.05.01-21.18.05:446][623]LogModuleManager: Shutting down and abandoning module WmfMedia (77)
[2017.05.01-21.18.05:446][623]LogModuleManager: Shutting down and abandoning module MediaAssets (76)
[2017.05.01-21.18.05:446][623]LogModuleManager: Shutting down and abandoning module GameLiveStreaming (75)
[2017.05.01-21.18.05:446][623]LogModuleManager: Shutting down and abandoning module GameplayTagsEditor (74)
[2017.05.01-21.18.05:446][623]LogModuleManager: Shutting down and abandoning module VREditor (73)
[2017.05.01-21.18.05:446][623]LogModuleManager: Shutting down and abandoning module GameplayTasksEditor (72)
[2017.05.01-21.18.05:446][623]LogModuleManager: Shutting down and abandoning module BehaviorTreeEditor (71)
[2017.05.01-21.18.05:446][623]LogModuleManager: Shutting down and abandoning module FunctionalTesting (70)
[2017.05.01-21.18.05:446][623]LogModuleManager: Shutting down and abandoning module CollisionAnalyzer (69)
[2017.05.01-21.18.05:446][623]LogModuleManager: Shutting down and abandoning module Sequencer (68)
[2017.05.01-21.18.05:446][623]LogModuleManager: Shutting down and abandoning module WorkspaceMenuStructure (67)
[2017.05.01-21.18.05:446][623]LogModuleManager: Shutting down and abandoning module MessageLog (66)
[2017.05.01-21.18.05:446][623]LogModuleManager: Shutting down and abandoning module AssetTools (65)
[2017.05.01-21.18.05:446][623]LogModuleManager: Shutting down and abandoning module UMGEditor (64)
[2017.05.01-21.18.05:446][623]LogModuleManager: Shutting down and abandoning module UMG (63)
[2017.05.01-21.18.05:446][623]LogModuleManager: Shutting down and abandoning module SlateReflector (62)
[2017.05.01-21.18.05:446][623]LogModuleManager: Shutting down and abandoning module Slate (61)
[2017.05.01-21.18.05:446][623]LogModuleManager: Shutting down and abandoning module EditorStyle (60)
[2017.05.01-21.18.05:449][623]LogModuleManager: Shutting down and abandoning module Messaging (59)
[2017.05.01-21.18.05:449][623]LogModuleManager: Shutting down and abandoning module SourceCodeAccess (58)
[2017.05.01-21.18.05:449][623]LogModuleManager: Shutting down and abandoning module HeadMountedDisplay (57)
[2017.05.01-21.18.05:449][623]LogModuleManager: Shutting down and abandoning module XAudio2 (56)
[2017.05.01-21.18.05:449][623]LogModuleManager: Shutting down and abandoning module Networking (54)
[2017.05.01-21.18.05:449][623]LogModuleManager: Shutting down and abandoning module Core (53)
[2017.05.01-21.18.05:449][623]LogModuleManager: Shutting down and abandoning module KismetCompiler (52)
[2017.05.01-21.18.05:449][623]LogModuleManager: Shutting down and abandoning module PhysXFormats (51)
[2017.05.01-21.18.05:449][623]LogModuleManager: Shutting down and abandoning module SimplygonSwarm (50)
[2017.05.01-21.18.05:449][623]LogModuleManager: Shutting down and abandoning module SimplygonMeshReduction (49)
[2017.05.01-21.18.05:449][623]LogModuleManager: Shutting down and abandoning module QuadricMeshReduction (48)
[2017.05.01-21.18.05:449][623]LogModuleManager: Shutting down and abandoning module PropertyEditor (47)
[2017.05.01-21.18.05:449][623]LogModuleManager: Shutting down and abandoning module MeshUtilities (46)
[2017.05.01-21.18.05:449][623]LogModuleManager: Shutting down and abandoning module AssetRegistry (45)
[2017.05.01-21.18.05:449][623]LogModuleManager: Shutting down and abandoning module DerivedDataCache (44)
[2017.05.01-21.18.05:652][623]LogDerivedDataCache: Shutdown
[2017.05.01-21.18.05:652][623]LogModuleManager: Shutting down and abandoning module VulkanShaderFormat (43)
[2017.05.01-21.18.05:652][623]LogModuleManager: Shutting down and abandoning module ShaderFormatOpenGL (42)
[2017.05.01-21.18.05:652][623]LogModuleManager: Shutting down and abandoning module ShaderFormatD3D (41)
[2017.05.01-21.18.05:652][623]LogModuleManager: Shutting down and abandoning module MetalShaderFormat (40)
[2017.05.01-21.18.05:652][623]LogModuleManager: Shutting down and abandoning module TextureFormatUncompressed (39)
[2017.05.01-21.18.05:652][623]LogModuleManager: Shutting down and abandoning module TextureFormatPVR (38)
[2017.05.01-21.18.05:652][623]LogModuleManager: Shutting down and abandoning module TextureFormatDXT (37)
[2017.05.01-21.18.05:652][623]LogModuleManager: Shutting down and abandoning module TextureFormatIntelISPCTexComp (36)
[2017.05.01-21.18.05:652][623]LogModuleManager: Shutting down and abandoning module ImageWrapper (35)
[2017.05.01-21.18.05:652][623]LogModuleManager: Shutting down and abandoning module TextureFormatASTC (34)
[2017.05.01-21.18.05:652][623]LogModuleManager: Shutting down and abandoning module TextureFormatAndroid (33)
[2017.05.01-21.18.05:652][623]LogModuleManager: Shutting down and abandoning module AudioFormatOpus (32)
[2017.05.01-21.18.05:652][623]LogModuleManager: Shutting down and abandoning module AudioFormatOgg (31)
[2017.05.01-21.18.05:652][623]LogModuleManager: Shutting down and abandoning module AudioFormatADPCM (30)
[2017.05.01-21.18.05:652][623]LogModuleManager: Shutting down and abandoning module WindowsTargetPlatform (29)
[2017.05.01-21.18.05:652][623]LogModuleManager: Shutting down and abandoning module WindowsServerTargetPlatform (28)
[2017.05.01-21.18.05:652][623]LogModuleManager: Shutting down and abandoning module WindowsNoEditorTargetPlatform (27)
[2017.05.01-21.18.05:652][623]LogModuleManager: Shutting down and abandoning module WindowsClientTargetPlatform (26)
[2017.05.01-21.18.05:652][623]LogModuleManager: Shutting down and abandoning module TargetPlatform (25)
[2017.05.01-21.18.05:652][623]LogModuleManager: Shutting down and abandoning module InputCore (24)
[2017.05.01-21.18.05:652][623]LogModuleManager: Shutting down and abandoning module Settings (23)
[2017.05.01-21.18.05:652][623]LogModuleManager: Shutting down and abandoning module OculusRift (22)
[2017.05.01-21.18.05:652][623]LogModuleManager: Shutting down and abandoning module ExampleDeviceProfileSelector (21)
[2017.05.01-21.18.05:652][623]LogModuleManager: Shutting down and abandoning module OnlineBlueprintSupport (20)
[2017.05.01-21.18.05:652][623]LogModuleManager: Shutting down and abandoning module OnlineSubsystem (18)
[2017.05.01-21.18.05:652][623]LogOnline:Display: Unloading online subsystem: NULL
[2017.05.01-21.18.05:652][623]LogModuleManager: Shutting down and abandoning module SSL (17)
[2017.05.01-21.18.05:655][623]LogModuleManager: Shutting down and abandoning module HTTP (16)
[2017.05.01-21.18.05:655][623]LogModuleManager: Shutting down and abandoning module XMPP (15)
[2017.05.01-21.18.05:655][623]LogModuleManager: Shutting down and abandoning module TextureCompressor (14)
[2017.05.01-21.18.05:655][623]LogModuleManager: Shutting down and abandoning module ShaderCore (13)
[2017.05.01-21.18.05:655][623]LogModuleManager: Shutting down and abandoning module Landscape (12)
[2017.05.01-21.18.05:655][623]LogModuleManager: Shutting down and abandoning module SlateRHIRenderer (11)
[2017.05.01-21.18.05:657][623]LogModuleManager: Shutting down and abandoning module OpenGLDrv (10)
[2017.05.01-21.18.05:657][623]LogModuleManager: Shutting down and abandoning module D3D11RHI (9)
[2017.05.01-21.18.05:657][623]LogModuleManager: Shutting down and abandoning module AnimGraphRuntime (8)
[2017.05.01-21.18.05:657][623]LogModuleManager: Shutting down and abandoning module Renderer (7)
[2017.05.01-21.18.05:657][623]LogModuleManager: Shutting down and abandoning module Engine (6)
[2017.05.01-21.18.05:657][623]LogModuleManager: Shutting down and abandoning module CoreUObject (5)
[2017.05.01-21.18.05:657][623]LogModuleManager: Shutting down and abandoning module NetworkFile (4)
[2017.05.01-21.18.05:657][623]LogModuleManager: Shutting down and abandoning module StreamingFile (3)
[2017.05.01-21.18.05:657][623]LogModuleManager: Shutting down and abandoning module SandboxFile (2)
[2017.05.01-21.18.05:657][623]LogModuleManager: Shutting down and abandoning module PakFile (1)
[2017.05.01-21.18.05:659][623]LogExit: Exiting.
[2017.05.01-21.18.05:661][623]Log file closed, 05/01/17 16:18:05
