Log file open, 04/19/17 01:58:43
LogInit:Display: Running engine for game: Zombie_Tower_Defense
LogPlatformFile: Not using cached read wrapper
LogInit:Display: RandInit(60923374) SRandInit(60923374).
LogTaskGraph: Started task graph with 5 named threads and 8 total threads with 1 sets of task threads.
LogStats: Stats thread started at 0.067242
LogPluginManager: Loaded Plugin Paper2D, From B:/Unreal Engine 4.14.3/UE_4.14/Engine/Plugins/2D/Paper2D/Paper2D.uplugin
LogPluginManager: Loaded Plugin LightPropagationVolume, From B:/Unreal Engine 4.14.3/UE_4.14/Engine/Plugins/Blendables/LightPropagationVolume/LightPropagationVolume.uplugin
LogPluginManager: Loaded Plugin BlankPlugin, From B:/Unreal Engine 4.14.3/UE_4.14/Engine/Plugins/Developer/BlankPlugin/BlankPlugin.uplugin
LogPluginManager: Loaded Plugin CodeLiteSourceCodeAccess, From B:/Unreal Engine 4.14.3/UE_4.14/Engine/Plugins/Developer/CodeLiteSourceCodeAccess/CodeLiteSourceCodeAccess.uplugin
LogPluginManager: Loaded Plugin GitSourceControl, From B:/Unreal Engine 4.14.3/UE_4.14/Engine/Plugins/Developer/GitSourceControl/GitSourceControl.uplugin
LogPluginManager: Loaded Plugin KDevelopSourceCodeAccess, From B:/Unreal Engine 4.14.3/UE_4.14/Engine/Plugins/Developer/KDevelopSourceCodeAccess/KDevelopSourceCodeAccess.uplugin
LogPluginManager: Loaded Plugin NullSourceCodeAccess, From B:/Unreal Engine 4.14.3/UE_4.14/Engine/Plugins/Developer/NullSourceCodeAccess/NullSourceCodeAccess.uplugin
LogPluginManager: Loaded Plugin OneSkyLocalizationService, From B:/Unreal Engine 4.14.3/UE_4.14/Engine/Plugins/Developer/OneSkyLocalizationService/OneSkyLocalizationService.uplugin
LogPluginManager: Loaded Plugin PerforceSourceControl, From B:/Unreal Engine 4.14.3/UE_4.14/Engine/Plugins/Developer/PerforceSourceControl/PerforceSourceControl.uplugin
LogPluginManager: Loaded Plugin SubversionSourceControl, From B:/Unreal Engine 4.14.3/UE_4.14/Engine/Plugins/Developer/SubversionSourceControl/SubversionSourceControl.uplugin
LogPluginManager: Loaded Plugin UObjectPlugin, From B:/Unreal Engine 4.14.3/UE_4.14/Engine/Plugins/Developer/UObjectPlugin/UObjectPlugin.uplugin
LogPluginManager: Loaded Plugin VisualStudioSourceCodeAccess, From B:/Unreal Engine 4.14.3/UE_4.14/Engine/Plugins/Developer/VisualStudioSourceCodeAccess/VisualStudioSourceCodeAccess.uplugin
LogPluginManager: Loaded Plugin XCodeSourceCodeAccess, From B:/Unreal Engine 4.14.3/UE_4.14/Engine/Plugins/Developer/XCodeSourceCodeAccess/XCodeSourceCodeAccess.uplugin
LogPluginManager: Loaded Plugin AudioCapture, From B:/Unreal Engine 4.14.3/UE_4.14/Engine/Plugins/Editor/AudioCapture/AudioCapture.uplugin
LogPluginManager: Loaded Plugin EpicSurvey, From B:/Unreal Engine 4.14.3/UE_4.14/Engine/Plugins/Editor/EpicSurvey/EpicSurvey.uplugin
LogPluginManager: Loaded Plugin MacGraphicsSwitching, From B:/Unreal Engine 4.14.3/UE_4.14/Engine/Plugins/Editor/MacGraphicsSwitching/MacGraphicsSwitching.uplugin
LogPluginManager: Loaded Plugin MobileLauncherProfileWizard, From B:/Unreal Engine 4.14.3/UE_4.14/Engine/Plugins/Editor/MobileLauncherProfileWizard/MobileLauncherProfileWizard.uplugin
LogPluginManager: Loaded Plugin PluginBrowser, From B:/Unreal Engine 4.14.3/UE_4.14/Engine/Plugins/Editor/PluginBrowser/PluginBrowser.uplugin
LogPluginManager: Loaded Plugin SpeedTreeImporter, From B:/Unreal Engine 4.14.3/UE_4.14/Engine/Plugins/Editor/SpeedTreeImporter/SpeedTreeImporter.uplugin
LogPluginManager: Loaded Plugin SuperSearchEditor, From B:/Unreal Engine 4.14.3/UE_4.14/Engine/Plugins/Editor/SuperSearchEditor/SuperSearchEditor.uplugin
LogPluginManager: Loaded Plugin AlembicImporter, From B:/Unreal Engine 4.14.3/UE_4.14/Engine/Plugins/Experimental/AlembicImporter/AlembicImporter.uplugin
LogPluginManager: Loaded Plugin BlueprintStats, From B:/Unreal Engine 4.14.3/UE_4.14/Engine/Plugins/Experimental/BlueprintStats/BlueprintStats.uplugin
LogPluginManager: Loaded Plugin CharacterAI, From B:/Unreal Engine 4.14.3/UE_4.14/Engine/Plugins/Experimental/CharacterAI/CharacterAI.uplugin
LogPluginManager: Loaded Plugin CodeEditor, From B:/Unreal Engine 4.14.3/UE_4.14/Engine/Plugins/Experimental/CodeEditor/CodeEditor.uplugin
LogPluginManager: Loaded Plugin CodeView, From B:/Unreal Engine 4.14.3/UE_4.14/Engine/Plugins/Experimental/CodeView/CodeView.uplugin
LogPluginManager: Loaded Plugin HTML5Networking, From B:/Unreal Engine 4.14.3/UE_4.14/Engine/Plugins/Experimental/HTML5Networking/HTML5Networking.uplugin
LogPluginManager: Loaded Plugin OSVR, From B:/Unreal Engine 4.14.3/UE_4.14/Engine/Plugins/Experimental/OSVR/OSVR.uplugin
LogPluginManager: Loaded Plugin Phya, From B:/Unreal Engine 4.14.3/UE_4.14/Engine/Plugins/Experimental/Phya/Phya.uplugin
LogPluginManager: Loaded Plugin SignificanceManager, From B:/Unreal Engine 4.14.3/UE_4.14/Engine/Plugins/Experimental/SignificanceManager/SignificanceManager.uplugin
LogPluginManager: Loaded Plugin SimpleHMD, From B:/Unreal Engine 4.14.3/UE_4.14/Engine/Plugins/Experimental/SimpleHMD/SimpleHMD.uplugin
LogPluginManager: Loaded Plugin StereoPanorama, From B:/Unreal Engine 4.14.3/UE_4.14/Engine/Plugins/Experimental/StereoPanorama/StereoPanorama.uplugin
LogPluginManager: Loaded Plugin StructBox, From B:/Unreal Engine 4.14.3/UE_4.14/Engine/Plugins/Experimental/StructBox/StructBox.uplugin
LogPluginManager: Loaded Plugin AndroidMedia, From B:/Unreal Engine 4.14.3/UE_4.14/Engine/Plugins/Media/AndroidMedia/AndroidMedia.uplugin
LogPluginManager: Loaded Plugin AvfMedia, From B:/Unreal Engine 4.14.3/UE_4.14/Engine/Plugins/Media/AvfMedia/AvfMedia.uplugin
LogPluginManager: Loaded Plugin MediaPlayerEditor, From B:/Unreal Engine 4.14.3/UE_4.14/Engine/Plugins/Media/MediaPlayerEditor/MediaPlayerEditor.uplugin
LogPluginManager: Loaded Plugin WmfMedia, From B:/Unreal Engine 4.14.3/UE_4.14/Engine/Plugins/Media/WmfMedia/WmfMedia.uplugin
LogPluginManager: Loaded Plugin MessagingDebugger, From B:/Unreal Engine 4.14.3/UE_4.14/Engine/Plugins/Messaging/MessagingDebugger/MessagingDebugger.uplugin
LogPluginManager: Loaded Plugin TcpMessaging, From B:/Unreal Engine 4.14.3/UE_4.14/Engine/Plugins/Messaging/TcpMessaging/TcpMessaging.uplugin
LogPluginManager: Loaded Plugin UdpMessaging, From B:/Unreal Engine 4.14.3/UE_4.14/Engine/Plugins/Messaging/UdpMessaging/UdpMessaging.uplugin
LogPluginManager: Loaded Plugin LevelSequenceEditor, From B:/Unreal Engine 4.14.3/UE_4.14/Engine/Plugins/MovieScene/LevelSequenceEditor/LevelSequenceEditor.uplugin
LogPluginManager: Loaded Plugin MatineeToLevelSequence, From B:/Unreal Engine 4.14.3/UE_4.14/Engine/Plugins/MovieScene/MatineeToLevelSequence/MatineeToLevelSequence.uplugin
LogPluginManager: Loaded Plugin NetcodeUnitTest, From B:/Unreal Engine 4.14.3/UE_4.14/Engine/Plugins/NetcodeUnitTest/NetcodeUnitTest/NetcodeUnitTest.uplugin
LogPluginManager: Loaded Plugin NUTUnrealEngine4, From B:/Unreal Engine 4.14.3/UE_4.14/Engine/Plugins/NetcodeUnitTest/NUTUnrealEngine4/NUTUnrealEngine4.uplugin
LogPluginManager: Loaded Plugin OnlineSubsystemGameCircle, From B:/Unreal Engine 4.14.3/UE_4.14/Engine/Plugins/Online/Android/OnlineSubsystemGameCircle/OnlineSubsystemGameCircle.uplugin
LogPluginManager: Loaded Plugin OnlineSubsystemGooglePlay, From B:/Unreal Engine 4.14.3/UE_4.14/Engine/Plugins/Online/Android/OnlineSubsystemGooglePlay/OnlineSubsystemGooglePlay.uplugin
LogPluginManager: Loaded Plugin OnlineSubsystemIOS, From B:/Unreal Engine 4.14.3/UE_4.14/Engine/Plugins/Online/IOS/OnlineSubsystemIOS/OnlineSubsystemIOS.uplugin
LogPluginManager: Loaded Plugin OnlineFramework, From B:/Unreal Engine 4.14.3/UE_4.14/Engine/Plugins/Online/OnlineFramework/OnlineFramework.uplugin
LogPluginManager: Loaded Plugin OnlineSubsystem, From B:/Unreal Engine 4.14.3/UE_4.14/Engine/Plugins/Online/OnlineSubsystem/OnlineSubsystem.uplugin
LogPluginManager: Loaded Plugin OnlineSubsystemAmazon, From B:/Unreal Engine 4.14.3/UE_4.14/Engine/Plugins/Online/OnlineSubsystemAmazon/OnlineSubsystemAmazon.uplugin
LogPluginManager: Loaded Plugin OnlineSubsystemFacebook, From B:/Unreal Engine 4.14.3/UE_4.14/Engine/Plugins/Online/OnlineSubsystemFacebook/OnlineSubsystemFacebook.uplugin
LogPluginManager: Loaded Plugin OnlineSubsystemNull, From B:/Unreal Engine 4.14.3/UE_4.14/Engine/Plugins/Online/OnlineSubsystemNull/OnlineSubsystemNull.uplugin
LogPluginManager: Loaded Plugin OnlineSubsystemOculus, From B:/Unreal Engine 4.14.3/UE_4.14/Engine/Plugins/Online/OnlineSubsystemOculus/OnlineSubsystemOculus.uplugin
LogPluginManager: Loaded Plugin OnlineSubsystemSteam, From B:/Unreal Engine 4.14.3/UE_4.14/Engine/Plugins/Online/OnlineSubsystemSteam/OnlineSubsystemSteam.uplugin
LogPluginManager: Loaded Plugin OnlineSubsystemUtils, From B:/Unreal Engine 4.14.3/UE_4.14/Engine/Plugins/Online/OnlineSubsystemUtils/OnlineSubsystemUtils.uplugin
LogPluginManager: Loaded Plugin IOSTapJoy, From B:/Unreal Engine 4.14.3/UE_4.14/Engine/Plugins/Runtime/Advertising/IOSTapJoy/IOSTapJoy.uplugin
LogPluginManager: Loaded Plugin AnalyticsBlueprintLibrary, From B:/Unreal Engine 4.14.3/UE_4.14/Engine/Plugins/Runtime/Analytics/AnalyticsBlueprintLibrary/AnalyticsBlueprintLibrary.uplugin
LogPluginManager: Loaded Plugin AnalyticsMulticast, From B:/Unreal Engine 4.14.3/UE_4.14/Engine/Plugins/Runtime/Analytics/AnalyticsMulticast/AnalyticsMulticast.uplugin
LogPluginManager: Loaded Plugin Apsalar, From B:/Unreal Engine 4.14.3/UE_4.14/Engine/Plugins/Runtime/Analytics/Apsalar/Apsalar.uplugin
LogPluginManager: Loaded Plugin FileLogging, From B:/Unreal Engine 4.14.3/UE_4.14/Engine/Plugins/Runtime/Analytics/FileLogging/FileLogging.uplugin
LogPluginManager: Loaded Plugin Flurry, From B:/Unreal Engine 4.14.3/UE_4.14/Engine/Plugins/Runtime/Analytics/Flurry/Flurry.uplugin
LogPluginManager: Loaded Plugin AndroidDeviceProfileSelector, From B:/Unreal Engine 4.14.3/UE_4.14/Engine/Plugins/Runtime/AndroidDeviceProfileSelector/AndroidDeviceProfileSelector.uplugin
LogPluginManager: Loaded Plugin AndroidMoviePlayer, From B:/Unreal Engine 4.14.3/UE_4.14/Engine/Plugins/Runtime/AndroidMoviePlayer/AndroidMoviePlayer.uplugin
LogPluginManager: Loaded Plugin AppleMoviePlayer, From B:/Unreal Engine 4.14.3/UE_4.14/Engine/Plugins/Runtime/AppleMoviePlayer/AppleMoviePlayer.uplugin
LogPluginManager: Loaded Plugin ArchVisCharacter, From B:/Unreal Engine 4.14.3/UE_4.14/Engine/Plugins/Runtime/ArchVisCharacter/ArchVisCharacter.uplugin
LogPluginManager: Loaded Plugin CableComponent, From B:/Unreal Engine 4.14.3/UE_4.14/Engine/Plugins/Runtime/CableComponent/CableComponent.uplugin
LogPluginManager: Loaded Plugin CustomMeshComponent, From B:/Unreal Engine 4.14.3/UE_4.14/Engine/Plugins/Runtime/CustomMeshComponent/CustomMeshComponent.uplugin
LogPluginManager: Loaded Plugin ExampleDeviceProfileSelector, From B:/Unreal Engine 4.14.3/UE_4.14/Engine/Plugins/Runtime/ExampleDeviceProfileSelector/ExampleDeviceProfileSelector.uplugin
LogPluginManager: Loaded Plugin GearVR, From B:/Unreal Engine 4.14.3/UE_4.14/Engine/Plugins/Runtime/GearVR/GearVR.uplugin
LogPluginManager: Loaded Plugin GoogleVRController, From B:/Unreal Engine 4.14.3/UE_4.14/Engine/Plugins/Runtime/GoogleVR/GoogleVRController/GoogleVRController.uplugin
LogPluginManager: Loaded Plugin GoogleVRHMD, From B:/Unreal Engine 4.14.3/UE_4.14/Engine/Plugins/Runtime/GoogleVR/GoogleVRHMD/GoogleVRHMD.uplugin
LogPluginManager: Loaded Plugin IOSDeviceProfileSelector, From B:/Unreal Engine 4.14.3/UE_4.14/Engine/Plugins/Runtime/IOSDeviceProfileSelector/IOSDeviceProfileSelector.uplugin
LogPluginManager: Loaded Plugin LeapMotion, From B:/Unreal Engine 4.14.3/UE_4.14/Engine/Plugins/Runtime/LeapMotion/LeapMotion.uplugin
LogPluginManager: Loaded Plugin LinuxDeviceProfileSelector, From B:/Unreal Engine 4.14.3/UE_4.14/Engine/Plugins/Runtime/LinuxDeviceProfileSelector/LinuxDeviceProfileSelector.uplugin
LogPluginManager: Loaded Plugin MIDIDevice, From B:/Unreal Engine 4.14.3/UE_4.14/Engine/Plugins/Runtime/MIDIDevice/MIDIDevice.uplugin
LogPluginManager: Loaded Plugin MobilePatchingUtils, From B:/Unreal Engine 4.14.3/UE_4.14/Engine/Plugins/Runtime/MobilePatchingUtils/MobilePatchingUtils.uplugin
LogPluginManager: Loaded Plugin Ansel, From B:/Unreal Engine 4.14.3/UE_4.14/Engine/Plugins/Runtime/Nvidia/Ansel/Ansel.uplugin
LogPluginManager: Loaded Plugin OculusAudio, From B:/Unreal Engine 4.14.3/UE_4.14/Engine/Plugins/Runtime/OculusAudio/OculusAudio.uplugin
LogPluginManager: Loaded Plugin OculusInput, From B:/Unreal Engine 4.14.3/UE_4.14/Engine/Plugins/Runtime/OculusInput/OculusInput.uplugin
LogPluginManager: Loaded Plugin OculusLibrary, From B:/Unreal Engine 4.14.3/UE_4.14/Engine/Plugins/Runtime/OculusLibrary/OculusLibrary.uplugin
LogPluginManager: Loaded Plugin OculusRift, From B:/Unreal Engine 4.14.3/UE_4.14/Engine/Plugins/Runtime/OculusRift/OculusRift.uplugin
LogPluginManager: Loaded Plugin Oodle, From B:/Unreal Engine 4.14.3/UE_4.14/Engine/Plugins/Runtime/PacketHandlers/CompressionComponents/Oodle/Oodle.uplugin
LogPluginManager: Loaded Plugin ProceduralMeshComponent, From B:/Unreal Engine 4.14.3/UE_4.14/Engine/Plugins/Runtime/ProceduralMeshComponent/ProceduralMeshComponent.uplugin
LogPluginManager: Loaded Plugin SoundMod, From B:/Unreal Engine 4.14.3/UE_4.14/Engine/Plugins/Runtime/SoundMod/SoundMod.uplugin
LogPluginManager: Loaded Plugin SoundVisualizations, From B:/Unreal Engine 4.14.3/UE_4.14/Engine/Plugins/Runtime/SoundVisualizations/SoundVisualizations.uplugin
LogPluginManager: Loaded Plugin SteamController, From B:/Unreal Engine 4.14.3/UE_4.14/Engine/Plugins/Runtime/Steam/SteamController/SteamController.uplugin
LogPluginManager: Loaded Plugin SteamVR, From B:/Unreal Engine 4.14.3/UE_4.14/Engine/Plugins/Runtime/Steam/SteamVR/SteamVR.uplugin
LogPluginManager: Loaded Plugin WebBrowserWidget, From B:/Unreal Engine 4.14.3/UE_4.14/Engine/Plugins/Runtime/WebBrowserWidget/WebBrowserWidget.uplugin
LogPluginManager: Loaded Plugin WindowsDeviceProfileSelector, From B:/Unreal Engine 4.14.3/UE_4.14/Engine/Plugins/Runtime/WindowsDeviceProfileSelector/WindowsDeviceProfileSelector.uplugin
LogPluginManager: Loaded Plugin WindowsMoviePlayer, From B:/Unreal Engine 4.14.3/UE_4.14/Engine/Plugins/Runtime/WindowsMoviePlayer/WindowsMoviePlayer.uplugin
LogPluginManager: Loaded Plugin ScriptPlugin, From B:/Unreal Engine 4.14.3/UE_4.14/Engine/Plugins/ScriptPlugin/ScriptPlugin.uplugin
LogPluginManager: Loaded Plugin SlateRemote, From B:/Unreal Engine 4.14.3/UE_4.14/Engine/Plugins/Slate/SlateRemote/SlateRemote.uplugin
LogPluginManager: Loaded Plugin EditorTests, From B:/Unreal Engine 4.14.3/UE_4.14/Engine/Plugins/Tests/EditorTests/EditorTests.uplugin
LogPluginManager: Loaded Plugin FbxAutomationTestBuilder, From B:/Unreal Engine 4.14.3/UE_4.14/Engine/Plugins/Tests/FbxAutomationTestBuilder/FbxAutomationTestBuilder.uplugin
LogPluginManager: Loaded Plugin FunctionalTestingEditor, From B:/Unreal Engine 4.14.3/UE_4.14/Engine/Plugins/Tests/FunctionalTestingEditor/FunctionalTestingEditor.uplugin
LogPluginManager: Loaded Plugin RuntimeTests, From B:/Unreal Engine 4.14.3/UE_4.14/Engine/Plugins/Tests/RuntimeTests/RuntimeTests.uplugin
LogPluginManager: Loaded Plugin ScreenshotTools, From B:/Unreal Engine 4.14.3/UE_4.14/Engine/Plugins/Tests/ScreenshotTools/ScreenshotTools.uplugin
LogInit: Using libcurl 7.47.1
LogInit:  - built for x86_64-pc-win32
LogInit:  - supports SSL with OpenSSL/1.0.2g
LogInit:  - supports HTTP deflate (compression) using libz 1.2.8
LogInit:  - other features:
LogInit:      CURL_VERSION_SSL
LogInit:      CURL_VERSION_LIBZ
LogInit:      CURL_VERSION_IPV6
LogInit:      CURL_VERSION_ASYNCHDNS
LogInit:      CURL_VERSION_LARGEFILE
LogInit:      CURL_VERSION_IDN
LogInit:  CurlRequestOptions (configurable via config and command line):
LogInit:  - bVerifyPeer = false  - Libcurl will NOT verify peer certificate
LogInit:  - bUseHttpProxy = false  - Libcurl will NOT use HTTP proxy
LogInit:  - bDontReuseConnections = false  - Libcurl will reuse connections
LogInit:  - CertBundlePath = nullptr  - Libcurl will use whatever was configured at build time.
LogInit: Build: ++UE4+Release-4.14-CL-3249277
LogInit: Engine Version: 4.14.3-3249277+++UE4+Release-4.14
LogInit: Compatible Engine Version: 4.14.0-3195953+++UE4+Release-4.14
LogInit: Net CL: 3195953
LogDevObjectVersion: Number of dev versions registered: 13
LogDevObjectVersion:   Dev-Blueprints (B0D832E4-1F89-4F0D-ACCF-7EB736FD4AA2): 7
LogDevObjectVersion:   Dev-Build (E1C64328-A22C-4D53-A36C-8E866417BD8C): 0
LogDevObjectVersion:   Dev-Core (375EC13C-06E4-48FB-B500-84F0262A717E): 1
LogDevObjectVersion:   Dev-Editor (E4B068ED-F494-42E9-A231-DA0B2E46BB41): 8
LogDevObjectVersion:   Dev-Framework (CFFC743F-43B0-4480-9391-14DF171D2073): 17
LogDevObjectVersion:   Dev-Mobile (B02B49B5-BB20-44E9-A304-32B752E40360): 0
LogDevObjectVersion:   Dev-Networking (A4E4105C-59A1-49B5-A7C5-40C4547EDFEE): 0
LogDevObjectVersion:   Dev-Online (39C831C9-5AE6-47DC-9A44-9C173E1C8E7C): 0
LogDevObjectVersion:   Dev-Physics (78F01B33-EBEA-4F98-B9B4-84EACCB95AA2): 0
LogDevObjectVersion:   Dev-Platform (6631380F-2D4D-43E0-8009-CF276956A95A): 0
LogDevObjectVersion:   Dev-Rendering (12F88B9F-8875-4AFC-A67C-D90C383ABD29): 12
LogDevObjectVersion:   Dev-Sequencer (7B5AE74C-D270-4C10-A958-57980B212A5A): 1
LogDevObjectVersion:   Dev-VR (D7296918-1DD6-4BDD-9DE2-64A83CC13884): 0
LogInit: Compiled (64-bit): Jan  6 2017 10:49:43
LogInit: Compiled with Visual C++: 19.00.23026.00
LogInit: Build Configuration: Development
LogInit: Branch Name: ++UE4+Release-4.14
LogInit: Command line: -EpicPortal 
LogInit: Base directory: B:/Unreal Engine 4.14.3/UE_4.14/Engine/Binaries/Win64/
LogInit: Installed Engine Build: 1
LogInit: Presizing for max 8388607 objects, including 0 objects not considered by GC, pre-allocating 0 bytes for permanent pool.
LogInit: Object subsystem initialized
[2017.04.19-06.58.44:126][  0]LogInit: Selected Device Profile: [Windows]
[2017.04.19-06.58.44:126][  0]LogInit: Applying CVar settings loaded from the selected device profile: [Windows]
[2017.04.19-06.58.44:134][  0]LogInit: Computer: MASTACHIEF-PC
[2017.04.19-06.58.44:134][  0]LogInit: User: MASTACHIEF
[2017.04.19-06.58.44:134][  0]LogInit: CPU Page size=65536, Cores=4
[2017.04.19-06.58.44:134][  0]LogInit: High frequency timer resolution =3.330136 MHz
[2017.04.19-06.58.44:134][  0]LogMemory: Memory total: Physical=16.0GB (16GB approx)
[2017.04.19-06.58.44:134][  0]LogMemory: Platform Memory Stats for Windows
[2017.04.19-06.58.44:134][  0]LogMemory: Process Physical Memory: 264.42 MB used, 264.42 MB peak
[2017.04.19-06.58.44:134][  0]LogMemory: Process Virtual Memory: 264.30 MB used, 264.30 MB peak
[2017.04.19-06.58.44:134][  0]LogMemory: Physical Memory: 6674.39 MB used,  9665.18 MB free, 16339.57 MB total
[2017.04.19-06.58.44:134][  0]LogMemory: Virtual Memory: 659.89 MB used,  9665.18 MB free, 8388608.00 MB total
[2017.04.19-06.58.44:162][  0]LogTextLocalizationManager: No specific translations for ('en-US') exist, so ('en') translations will be used.
[2017.04.19-06.58.44:671][  0]LogD3D11RHI: D3D11 adapters:
[2017.04.19-06.58.44:887][  0]LogD3D11RHI:    0. 'NVIDIA GeForce GTX 970' (Feature Level 11_0)
[2017.04.19-06.58.44:887][  0]LogD3D11RHI:       4007/0/7913 MB DedicatedVideo/DedicatedSystem/SharedSystem, Outputs:1, VendorId:0x10de
[2017.04.19-06.58.44:887][  0]LogD3D11RHI: Chosen D3D11 Adapter: 0
[2017.04.19-06.58.44:891][  0]LogD3D11RHI: Creating new Direct3DDevice
[2017.04.19-06.58.44:891][  0]LogD3D11RHI:     GPU DeviceId: 0x13c2 (for the marketing name, search the web for "GPU Device Id")
[2017.04.19-06.58.44:891][  0]LogWindows: EnumDisplayDevices:
[2017.04.19-06.58.44:891][  0]LogWindows:    0. 'NVIDIA GeForce GTX 970' (P:1 D:1)
[2017.04.19-06.58.44:892][  0]LogWindows:    1. 'NVIDIA GeForce GTX 970' (P:0 D:0)
[2017.04.19-06.58.44:892][  0]LogWindows:    2. 'NVIDIA GeForce GTX 970' (P:0 D:0)
[2017.04.19-06.58.44:892][  0]LogWindows:    3. 'NVIDIA GeForce GTX 970' (P:0 D:0)
[2017.04.19-06.58.44:892][  0]LogWindows:    4. 'RDPDD Chained DD' (P:0 D:0)
[2017.04.19-06.58.44:892][  0]LogWindows:    5. 'RDP Encoder Mirror Driver' (P:0 D:0)
[2017.04.19-06.58.44:892][  0]LogWindows:    6. 'RDP Reflector Display Driver' (P:0 D:0)
[2017.04.19-06.58.44:892][  0]LogWindows: DebugString: GetVideoDriverDetailsInvalid PrimaryIsNotTheChoosenAdapter GetVideoDriverDetailsInvalid PrimaryIsNotTheChoosenAdapter GetVideoDriverDetailsInvalid PrimaryIsNotTheChoosenAdapter FoundDriverCount:4 
[2017.04.19-06.58.44:892][  0]LogD3D11RHI:     Adapter Name: NVIDIA GeForce GTX 970
[2017.04.19-06.58.44:892][  0]LogD3D11RHI:   Driver Version: 376.33 (internal:21.21.13.7633, unified:376.33)
[2017.04.19-06.58.44:892][  0]LogD3D11RHI:      Driver Date: 12-11-2016
[2017.04.19-06.58.44:892][  0]LogRHI: Texture pool is 1361 MB (70% of 1945 MB)
[2017.04.19-06.58.45:080][  0]LogD3D11RHI: Async texture creation enabled
[2017.04.19-06.58.45:106][  0]LogD3D11RHI: GPU Timing Frequency: 1000.000000 (Debug: 2 2)
[2017.04.19-06.58.45:106][  0]LogShaderCompilers: Guid format shader working directory is -7 characters bigger than the processId version (../../../../../UE4 Projects/ZombieStuff/Zombie_TowerDefense/Intermediate/Shaders/WorkingDirectory/2484/).
[2017.04.19-06.58.45:106][  0]LogShaderCompilers: Cleaned the shader compiler working directory 'C:/Users/MASTA CHIEF/AppData/Local/Temp/UnrealShaderWorkingDir/0562EFD94574EAC90F1D79AD64ADE79A/'.
[2017.04.19-06.58.45:106][  0]LogShaderCompilers:Display: Using Local Shader Compiler.
[2017.04.19-06.58.46:051][  0]LogTemp:Display: Loaded TP AllDesktopTargetPlatform
[2017.04.19-06.58.46:093][  0]LogTemp:Display: Loaded TP MacClientTargetPlatform
[2017.04.19-06.58.46:136][  0]LogTemp:Display: Loaded TP MacNoEditorTargetPlatform
[2017.04.19-06.58.46:181][  0]LogTemp:Display: Loaded TP MacServerTargetPlatform
[2017.04.19-06.58.46:226][  0]LogTemp:Display: Loaded TP MacTargetPlatform
[2017.04.19-06.58.46:269][  0]LogTemp:Display: Loaded TP WindowsClientTargetPlatform
[2017.04.19-06.58.46:311][  0]LogTemp:Display: Loaded TP WindowsNoEditorTargetPlatform
[2017.04.19-06.58.46:352][  0]LogTemp:Display: Loaded TP WindowsServerTargetPlatform
[2017.04.19-06.58.46:383][  0]LogTemp:Display: Loaded TP WindowsTargetPlatform
[2017.04.19-06.58.46:423][  0]LogTemp:Display: Loaded TP AndroidTargetPlatform
[2017.04.19-06.58.46:464][  0]LogTemp:Display: Loaded TP Android_ASTCTargetPlatform
[2017.04.19-06.58.46:505][  0]LogTemp:Display: Loaded TP Android_ATCTargetPlatform
[2017.04.19-06.58.46:545][  0]LogTemp:Display: Loaded TP Android_DXTTargetPlatform
[2017.04.19-06.58.46:586][  0]LogTemp:Display: Loaded TP Android_ETC1TargetPlatform
[2017.04.19-06.58.46:627][  0]LogTemp:Display: Loaded TP Android_ETC2TargetPlatform
[2017.04.19-06.58.46:709][  0]LogTemp:Display: Loaded TP Android_MultiTargetPlatform
[2017.04.19-06.58.46:709][  0]LogTemp:Display: Loaded TP Android_PVRTCTargetPlatform
[2017.04.19-06.58.46:733][  0]LogTemp:Display: Loaded TP HTML5TargetPlatform
[2017.04.19-06.58.46:797][  0]LogTemp:Display: Loaded TP IOSTargetPlatform
[2017.04.19-06.58.46:826][  0]LogTemp:Display: Loaded TP TVOSTargetPlatform
[2017.04.19-06.58.46:867][  0]LogTemp:Display: Loaded TP LinuxClientTargetPlatform
[2017.04.19-06.58.46:907][  0]LogTemp:Display: Loaded TP LinuxNoEditorTargetPlatform
[2017.04.19-06.58.46:947][  0]LogTemp:Display: Loaded TP LinuxServerTargetPlatform
[2017.04.19-06.58.46:987][  0]LogTemp:Display: Loaded TP LinuxTargetPlatform
[2017.04.19-06.58.46:987][  0]LogTargetPlatformManager:Display: Building Assets For Windows
[2017.04.19-06.58.47:228][  0]LogDerivedDataCache:Display: Max Cache Size: 512 MB
[2017.04.19-06.58.47:270][  0]LogDerivedDataCache: Loaded boot cache 0.04s 50MB C:/Users/MASTA CHIEF/AppData/Local/UnrealEngine/4.14/DerivedDataCache/Boot.ddc.
[2017.04.19-06.58.47:270][  0]LogDerivedDataCache:Display: Loaded Boot cache: C:/Users/MASTA CHIEF/AppData/Local/UnrealEngine/4.14/DerivedDataCache/Boot.ddc
[2017.04.19-06.58.47:270][  0]LogDerivedDataCache: FDerivedDataBackendGraph:  Pak pak cache file ../../../../../UE4 Projects/ZombieStuff/Zombie_TowerDefense/DerivedDataCache/DDC.ddp not found, will not use a pak cache.
[2017.04.19-06.58.47:270][  0]LogDerivedDataCache: Unable to find inner node Pak for hierarchical cache Hierarchy.
[2017.04.19-06.58.47:270][  0]LogDerivedDataCache: FDerivedDataBackendGraph:  CompressedPak pak cache file ../../../../../UE4 Projects/ZombieStuff/Zombie_TowerDefense/DerivedDataCache/Compressed.ddp not found, will not use a pak cache.
[2017.04.19-06.58.47:270][  0]LogDerivedDataCache: Unable to find inner node CompressedPak for hierarchical cache Hierarchy.
[2017.04.19-06.58.47:286][  0]LogDerivedDataCache:Display: Pak cache opened for reading ../../../Engine/DerivedDataCache/Compressed.ddp.
[2017.04.19-06.58.47:298][  0]LogDerivedDataCache: Using Local data cache path C:/Users/MASTA CHIEF/AppData/Local/UnrealEngine/Common/DerivedDataCache: Writable
[2017.04.19-06.58.47:501][  0]LogInit: Selected Device Profile: [Windows]
[2017.04.19-06.58.47:504][  0]LogContentStreaming: Texture pool size is 0.00 MB
[2017.04.19-06.58.47:671][  0]LogMeshUtilities: Using QuadricMeshReduction for automatic static mesh reduction
[2017.04.19-06.58.47:698][  0]LogSimplygon: Simplygon DLL not present - disabling.
[2017.04.19-06.58.47:726][  0]LogMeshUtilities: Using SimplygonSwarm for distributed automatic mesh merging
[2017.04.19-06.58.47:726][  0]LogMeshUtilities: No automatic skeletal mesh reduction module available
[2017.04.19-06.58.47:726][  0]LogMeshUtilities: No automatic mesh merging module available
[2017.04.19-06.58.48:152][  0]LogNetVersion: GetLocalNetworkVersion: CL: 3195953, ProjectName: zombie_tower_defense, ProjectVersion: , EngineNetworkVersion: 2, GameNetworkVersion: 0, NetworkChecksum: 2528811943
[2017.04.19-06.58.48:199][  0]LogAssetRegistry: FAssetRegistry took 0.0204 seconds to start up
[2017.04.19-06.58.48:224][  0]LogPackageLocalizationCache: Processed 3 localized package path(s) for 2 prioritized culture(s) in 0.013547 seconds
[2017.04.19-06.58.48:230][  0]LogUObjectArray: 31946 objects as part of root set at end of initial load.
[2017.04.19-06.58.48:230][  0]LogUObjectAllocator: 6935848 out of 0 bytes used by permanent object pool.
[2017.04.19-06.58.48:230][  0]LogUObjectArray: CloseDisregardForGC: 0/0 objects in disregard for GC pool
[2017.04.19-06.58.48:267][  0]LogInit: WinSock: version 1.1 (2.2), MaxSocks=32767, MaxUdp=65467
[2017.04.19-06.58.48:722][  0]LogSlate: Using Freetype 2.6.0
[2017.04.19-06.58.48:723][  0]LogSlate: SlateFontCache - WITH_FREETYPE: 1, WITH_HARFBUZZ: 1
[2017.04.19-06.58.48:723][  0]LogSlate: SlateFontCache - WITH_FREETYPE: 1, WITH_HARFBUZZ: 1
[2017.04.19-06.58.49:335][  0]LogTcpMessaging: Initializing TcpMessaging bridge
[2017.04.19-06.58.49:361][  0]LogUdpMessaging: Initializing bridge on interface 0.0.0.0:0 to multicast group 230.0.0.1:6666.
[2017.04.19-06.58.49:578][  0]LogMaterial: Uniform references updated for custom material expression Custom.
[2017.04.19-06.58.49:842][  0]SourceControl: Info Source control is disabled
[2017.04.19-06.58.49:843][  0]SourceControl: Info Source control is disabled
[2017.04.19-06.58.49:872][  0]SourceControl: Info Source control is disabled
[2017.04.19-06.58.49:900][  0]SourceControl: Info Source control is disabled
[2017.04.19-06.58.50:698][  0]LogEngine: Initializing Engine...
[2017.04.19-06.58.50:698][  0]LogHMD: Failed to initialize OpenVR with code 110
[2017.04.19-06.58.50:910][  0]LogAIModule: Creating AISystem for world Untitled
[2017.04.19-06.58.50:921][  0]LogInit: XAudio2 using 'Speakers (Realtek High Definition Audio)' : 8 channels at 48 kHz using 32 bits per sample (channel mask 0x63f)
[2017.04.19-06.58.50:938][  0]LogInit: FAudioDevice initialized.
[2017.04.19-06.58.50:961][  0]LogDerivedDataCache: Saved boot cache 0.02s 50MB C:/Users/MASTA CHIEF/AppData/Local/UnrealEngine/4.14/DerivedDataCache/Boot.ddc.
[2017.04.19-06.58.50:965][  0]LogInit: Texture streaming: Enabled
[2017.04.19-06.58.51:078][  0]LogInit: Transaction tracking system initialized
[2017.04.19-06.58.51:290][  0]BlueprintLog: New page: Editor Load
[2017.04.19-06.58.51:832][  0]LocalizationService: Info Localization service is disabled
[2017.04.19-06.58.52:238][  0]LogConsoleResponse:Display: 
[2017.04.19-06.58.52:389][  0]LogCook:Display: Max memory allowance for cook 16384mb min free memory 0mb
[2017.04.19-06.58.52:389][  0]LogCook:Display: Mobile HDR setting 1
[2017.04.19-06.58.52:617][  0]LogFileCache: Scanning file cache for directory 'B:/UE4 Projects/ZombieStuff/Zombie_TowerDefense/Content/' took 0.01s
[2017.04.19-06.58.52:974][  0]SourceControl: Info Source control is disabled
[2017.04.19-06.59.10:340][  0]Cmd: MAP LOAD FILE="../../../../../UE4 Projects/ZombieStuff/Zombie_TowerDefense/Content/ZTD_Blueprint/Maps/Menu_Main.umap" TEMPLATE=0 SHOWPROGRESS=1 FEATURELEVEL=3
[2017.04.19-06.59.10:341][  0]LightingResults: New page: Lighting Build
[2017.04.19-06.59.10:367][  0]MapCheck: New page: Map Check
[2017.04.19-06.59.10:367][  0]LightingResults: New page: Lighting Build
[2017.04.19-06.59.10:805][  0]LogBlueprint:Warning: [Compiler Ingame_UI] Warning Event Reply  ReturnValue  should not be empty.  Return a reply such as Handled or Unhandled.
[2017.04.19-06.59.10:809][  0]LogBlueprint:Warning: [Compiler Ingame_UI] Warning [0027.82] Compile of Ingame_UI successful, but with 1 Warning(s) [in 16 ms] (/Game/ZTD_Blueprint/Blueprints/HUD/Ingame_UI.Ingame_UI)
[2017.04.19-06.59.10:809][  0]LogBlueprint:Warning: [Compiler Ingame_UI] Warning [0027.82] Compile of Ingame_UI successful, but with 2 Warning(s) [in 0 ms] (/Game/ZTD_Blueprint/Blueprints/HUD/Ingame_UI.Ingame_UI)
[2017.04.19-06.59.10:809][  0]LogBlueprint:Warning: [Compiler Ingame_UI] Warning [0027.82] Compile of Ingame_UI successful, but with 3 Warning(s) [in 0 ms] (/Game/ZTD_Blueprint/Blueprints/HUD/Ingame_UI.Ingame_UI)
[2017.04.19-06.59.11:100][  0]LogBlueprint:Warning: [Compiler Ingame_UI] Warning Event Reply  ReturnValue  should not be empty.  Return a reply such as Handled or Unhandled.
[2017.04.19-06.59.11:104][  0]LogBlueprint:Warning: [Compiler Ingame_UI] Warning [0028.11] Compile of Ingame_UI successful, but with 1 Warning(s) [in 16 ms] (/Game/ZTD_Blueprint/Blueprints/HUD/Ingame_UI.Ingame_UI)
[2017.04.19-06.59.11:104][  0]LogBlueprint:Warning: [Compiler Ingame_UI] Warning [0028.11] Compile of Ingame_UI successful, but with 2 Warning(s) [in 0 ms] (/Game/ZTD_Blueprint/Blueprints/HUD/Ingame_UI.Ingame_UI)
[2017.04.19-06.59.11:105][  0]LogBlueprint:Warning: [Compiler Ingame_UI] Warning [0028.11] Compile of Ingame_UI successful, but with 3 Warning(s) [in 1 ms] (/Game/ZTD_Blueprint/Blueprints/HUD/Ingame_UI.Ingame_UI)
[2017.04.19-06.59.11:468][  0]LogAIModule: Creating AISystem for world Menu_Main
[2017.04.19-06.59.11:469][  0]LogEditorServer: Finished looking for orphan Actors (0.000 secs)
[2017.04.19-06.59.11:469][  0]Cmd: MAP CHECKDEP NOCLEARLOG
[2017.04.19-06.59.11:502][  0]MapCheck: Info Map check complete: 0 Error(s), 0 Warning(s), took 32.158ms to complete.
[2017.04.19-06.59.11:502][  0]LogFileHelpers: Loading map 'Menu_Main' took 1.161
[2017.04.19-06.59.11:571][  0]LogStats:Warning: MetaData mismatch. Did you assign a stat to two groups? New //STATGROUP_Threads//SplashScreenThread///Thread_48c_0///####STATCAT_Advanced#### old //STATGROUP_Threads//SplashScreenThread///Thread_147c_0///####STATCAT_Advanced####
[2017.04.19-06.59.11:571][  0]LogCollectionManager: Loaded 0 collections in 0.001274 seconds
[2017.04.19-06.59.11:631][  0]LogFileCache: Scanning file cache for directory 'B:/UE4 Projects/ZombieStuff/Zombie_TowerDefense/Saved/Collections/' took 0.01s
[2017.04.19-06.59.11:631][  0]LogFileCache: Scanning file cache for directory 'B:/UE4 Projects/ZombieStuff/Zombie_TowerDefense/Content/Developers/MASTACHIEF/Collections/' took 0.01s
[2017.04.19-06.59.11:631][  0]LogFileCache: Scanning file cache for directory 'B:/UE4 Projects/ZombieStuff/Zombie_TowerDefense/Content/Collections/' took 0.01s
[2017.04.19-06.59.11:631][  0]LogCollectionManager: Rebuilt the GUID cache for 0 collections in 0.000002 seconds
[2017.04.19-06.59.11:639][  0]LogContentBrowser: Native class hierarchy populated in 0.0088 seconds. Added 2190 classes and 428 folders.
[2017.04.19-06.59.11:666][  0]LogStats: UGameplayTagsManager::ConstructGameplayTagTree: Construct from data asset -  0.000 s
[2017.04.19-06.59.11:666][  0]LogStats: UGameplayTagsManager::ConstructGameplayTagTree: GameplayTagTreeChangedEvent.Broadcast -  0.000 s
[2017.04.19-06.59.11:666][  0]LogContentBrowser: Native class hierarchy updated for 'GameplayTags' in 0.0005 seconds. Added 13 classes and 0 folders.
[2017.04.19-06.59.11:706][  0]LogContentBrowser: Native class hierarchy updated for 'WidgetCarousel' in 0.0004 seconds. Added 0 classes and 0 folders.
[2017.04.19-06.59.11:734][  0]LogContentBrowser: Native class hierarchy updated for 'AddContentDialog' in 0.0004 seconds. Added 0 classes and 0 folders.
[2017.04.19-06.59.11:762][  0]LogContentBrowser: Native class hierarchy updated for 'SceneOutliner' in 0.0005 seconds. Added 1 classes and 2 folders.
[2017.04.19-06.59.11:837][  0]LogCrashTracker: Crashtracker disabled due to settings.
[2017.04.19-06.59.11:840][  0]LogUObjectGlobals:Warning: Failed to find object 'Class None.'
[2017.04.19-06.59.11:888][  0]LogContentBrowser: Native class hierarchy updated for 'HierarchicalLODOutliner' in 0.0005 seconds. Added 1 classes and 2 folders.
[2017.04.19-06.59.11:888][  0]LogLoad: (Engine Initialization) Total time: 28.90 seconds
[2017.04.19-06.59.11:888][  0]LogLoad: (Engine Initialization) Total Blueprint compile time: 0.44 seconds
[2017.04.19-06.59.11:888][  0]LogExternalProfiler: No external profilers were discovered.  External profiling features will not be available.
[2017.04.19-06.59.11:897][  0]LogOcInput: OculusInput pre-init called
[2017.04.19-06.59.11:915][  0]LogContentStreaming: Texture pool size now 1000 MB
[2017.04.19-06.59.12:060][  0]LogRenderer: Reallocating scene render targets to support 976x620 NumSamples 1 (Frame:2).
[2017.04.19-06.59.12:136][  1]LogAssetRegistry: Asset discovery search completed in 23.9566 seconds
[2017.04.19-06.59.12:136][  1]LogCollectionManager: Rebuilt the object cache for 0 collections in 0.000001 seconds (found 0 objects)
[2017.04.19-06.59.12:136][  1]LogCollectionManager: Fixed up redirectors for 0 collections in 0.000017 seconds (updated 0 objects)
[2017.04.19-06.59.36:349][738]LogContentBrowser: Native class hierarchy updated for 'BlueprintGraph' in 0.0008 seconds. Added 111 classes and 0 folders.
[2017.04.19-07.01.32:336][411]BlueprintLog: New page: Compile Ingame_UI
[2017.04.19-07.01.32:392][411]LogBlueprint:Warning: [Compiler Ingame_UI] Warning Event Reply  ReturnValue  should not be empty.  Return a reply such as Handled or Unhandled.
[2017.04.19-07.01.32:392][411]LogBlueprint:Warning: [Compiler Ingame_UI] Warning Event Reply  ReturnValue  should not be empty.  Return a reply such as Handled or Unhandled.
[2017.04.19-07.01.32:588][411]BlueprintEditorCompileResults:Warning: Warning Event Reply  ReturnValue  should not be empty.  Return a reply such as Handled or Unhandled.
[2017.04.19-07.01.32:588][411]BlueprintEditorCompileResults:Warning: Warning Event Reply  ReturnValue  should not be empty.  Return a reply such as Handled or Unhandled.
[2017.04.19-07.01.32:589][411]LogBlueprint:Warning: [Compiler Ingame_UI] Warning [0169.59] Compile of Ingame_UI successful, but with 2 Warning(s) [in 252 ms] (/Game/ZTD_Blueprint/Blueprints/HUD/Ingame_UI.Ingame_UI)
[2017.04.19-07.01.49:574][357]BlueprintLog: New page: Compile Ingame_UI
[2017.04.19-07.01.49:629][357]LogBlueprint:Warning: [Compiler Ingame_UI] Warning Event Reply  ReturnValue  should not be empty.  Return a reply such as Handled or Unhandled.
[2017.04.19-07.01.49:629][357]LogBlueprint:Warning: [Compiler Ingame_UI] Warning Event Reply  ReturnValue  should not be empty.  Return a reply such as Handled or Unhandled.
[2017.04.19-07.01.49:732][357]BlueprintEditorCompileResults:Warning: Warning Event Reply  ReturnValue  should not be empty.  Return a reply such as Handled or Unhandled.
[2017.04.19-07.01.49:732][357]BlueprintEditorCompileResults:Warning: Warning Event Reply  ReturnValue  should not be empty.  Return a reply such as Handled or Unhandled.
[2017.04.19-07.01.49:733][357]LogBlueprint:Warning: [Compiler Ingame_UI] Warning [0186.74] Compile of Ingame_UI successful, but with 2 Warning(s) [in 158 ms] (/Game/ZTD_Blueprint/Blueprints/HUD/Ingame_UI.Ingame_UI)
[2017.04.19-07.02.06:332][ 66]BlueprintLog: New page: Compile Ingame_UI
[2017.04.19-07.02.06:387][ 66]LogBlueprint:Warning: [Compiler Ingame_UI] Warning Event Reply  ReturnValue  should not be empty.  Return a reply such as Handled or Unhandled.
[2017.04.19-07.02.06:387][ 66]LogBlueprint:Warning: [Compiler Ingame_UI] Warning Event Reply  ReturnValue  should not be empty.  Return a reply such as Handled or Unhandled.
[2017.04.19-07.02.06:489][ 66]BlueprintEditorCompileResults:Warning: Warning Event Reply  ReturnValue  should not be empty.  Return a reply such as Handled or Unhandled.
[2017.04.19-07.02.06:489][ 66]BlueprintEditorCompileResults:Warning: Warning Event Reply  ReturnValue  should not be empty.  Return a reply such as Handled or Unhandled.
[2017.04.19-07.02.06:489][ 66]LogBlueprint:Warning: [Compiler Ingame_UI] Warning [0203.49] Compile of Ingame_UI successful, but with 2 Warning(s) [in 156 ms] (/Game/ZTD_Blueprint/Blueprints/HUD/Ingame_UI.Ingame_UI)
[2017.04.19-07.02.32:565][817]BlueprintLog: New page: Compile Ingame_UI
[2017.04.19-07.09.12:517][196]LogFileHelpers: Editor autosave (incl. sublevels) for '/Game/ZTD_Blueprint/Maps/Menu_Main' took 0.021
[2017.04.19-07.09.12:519][196]OBJ SavePackage: Generating thumbnails for [0] asset(s) in package [/Game/ZTD_Blueprint/Blueprints/HUD/Ingame_UI] ([1] browsable assets)...
[2017.04.19-07.09.12:519][196]OBJ SavePackage: Finished generating thumbnails for package [/Game/ZTD_Blueprint/Blueprints/HUD/Ingame_UI]
[2017.04.19-07.09.12:623][196]LogSavePackage: Save=94.40ms
[2017.04.19-07.09.12:623][196]LogSavePackage: Moving '../../../../../UE4 Projects/ZombieStuff/Zombie_TowerDefense/Saved/Ingame_UI_Auto17EF19C29419DCFF289CE5581849DF152.tmp' to '../../../../../UE4 Projects/ZombieStuff/Zombie_TowerDefense/Saved/Autosaves/Game/ZTD_Blueprint/Blueprints/HUD/Ingame_UI_Auto1.uasset'
[2017.04.19-07.09.12:624][196]LogSavePackage:Display: Finished SavePackage ../../../../../UE4 Projects/ZombieStuff/Zombie_TowerDefense/Saved/Autosaves/Game/ZTD_Blueprint/Blueprints/HUD/Ingame_UI_Auto1.uasset
[2017.04.19-07.09.12:624][196]LogFileHelpers: Auto-saving content packages took 0.106
[2017.04.19-07.15.03:743][215]BlueprintLog: New page: Compile Ingame_UI
[2017.04.19-07.15.03:799][215]LogBlueprint:Error: [Compiler Ingame_UI] Error Binding: Property ' OnMouseButtonDownEvent ' on Widget ' Image_810 ': Binding: 'None' : 'None' was not found on 'Ingame UI'.
[2017.04.19-07.15.03:995][215]BlueprintEditorCompileResults:Error: Error Binding: Property ' OnMouseButtonDownEvent ' on Widget ' Image_810 ': Binding: 'None' : 'None' was not found on 'Ingame UI'.
[2017.04.19-07.15.03:995][215]LogBlueprint:Warning: [Compiler Ingame_UI] Warning [0980.99] Compile of Ingame_UI failed. 1 Fatal Issue(s) 0 Warning(s) [in 252 ms] (/Game/ZTD_Blueprint/Blueprints/HUD/Ingame_UI.Ingame_UI)
[2017.04.19-07.15.19:527][953]BlueprintLog: New page: Compile Ingame_UI
[2017.04.19-07.16.04:663][295]LogEditorTransaction: Undo Move Anchor
[2017.04.19-07.16.31:810][486]BlueprintLog: New page: Compile Ingame_UI
[2017.04.19-07.16.36:717][ 47]LogEditorTransaction: Undo Remove Binding
[2017.04.19-07.16.37:199][ 79]LogEditorTransaction: Undo Remove Graph
[2017.04.19-07.16.43:487][823]BlueprintLog: New page: Compile Ingame_UI
[2017.04.19-07.16.43:542][823]LogBlueprint:Warning: [Compiler Ingame_UI] Warning Event Reply  ReturnValue  should not be empty.  Return a reply such as Handled or Unhandled.
[2017.04.19-07.16.43:708][823]BlueprintEditorCompileResults:Warning: Warning Event Reply  ReturnValue  should not be empty.  Return a reply such as Handled or Unhandled.
[2017.04.19-07.16.43:708][823]LogBlueprint:Warning: [Compiler Ingame_UI] Warning [1080.70] Compile of Ingame_UI successful, but with 1 Warning(s) [in 221 ms] (/Game/ZTD_Blueprint/Blueprints/HUD/Ingame_UI.Ingame_UI)
[2017.04.19-07.16.51:412][588]BlueprintLog: New page: Compile Ingame_UI
[2017.04.19-07.16.51:467][588]LogBlueprint:Warning: [Compiler Ingame_UI] Warning Event Reply  ReturnValue  should not be empty.  Return a reply such as Handled or Unhandled.
[2017.04.19-07.16.51:575][588]BlueprintEditorCompileResults:Warning: Warning Event Reply  ReturnValue  should not be empty.  Return a reply such as Handled or Unhandled.
[2017.04.19-07.16.51:576][588]LogBlueprint:Warning: [Compiler Ingame_UI] Warning [1088.57] Compile of Ingame_UI successful, but with 1 Warning(s) [in 163 ms] (/Game/ZTD_Blueprint/Blueprints/HUD/Ingame_UI.Ingame_UI)
[2017.04.19-07.16.52:536][660]BlueprintLog: New page: Compile Ingame_UI
[2017.04.19-07.16.52:591][660]LogBlueprint:Warning: [Compiler Ingame_UI] Warning Event Reply  ReturnValue  should not be empty.  Return a reply such as Handled or Unhandled.
[2017.04.19-07.16.52:702][660]BlueprintEditorCompileResults:Warning: Warning Event Reply  ReturnValue  should not be empty.  Return a reply such as Handled or Unhandled.
[2017.04.19-07.16.52:702][660]LogBlueprint:Warning: [Compiler Ingame_UI] Warning [1089.70] Compile of Ingame_UI successful, but with 1 Warning(s) [in 165 ms] (/Game/ZTD_Blueprint/Blueprints/HUD/Ingame_UI.Ingame_UI)
[2017.04.19-07.16.58:639][ 99]BlueprintLog: New page: Compile Ingame_UI
[2017.04.19-07.16.58:695][ 99]LogBlueprint:Error: [Compiler Ingame_UI] Error Binding: Property ' OnMouseButtonDownEvent ' on Widget ' Image_810 ': Binding: 'None' : 'None' was not found on 'Ingame UI'.
[2017.04.19-07.16.58:949][ 99]BlueprintEditorCompileResults:Error: Error Binding: Property ' OnMouseButtonDownEvent ' on Widget ' Image_810 ': Binding: 'None' : 'None' was not found on 'Ingame UI'.
[2017.04.19-07.16.58:950][ 99]LogBlueprint:Warning: [Compiler Ingame_UI] Warning [1095.94] Compile of Ingame_UI failed. 1 Fatal Issue(s) 0 Warning(s) [in 310 ms] (/Game/ZTD_Blueprint/Blueprints/HUD/Ingame_UI.Ingame_UI)
[2017.04.19-07.18.37:414][237]BlueprintLog: New page: Compile Ingame_UI
[2017.04.19-07.19.13:152][232]LogFileHelpers: Editor autosave (incl. sublevels) for '/Game/ZTD_Blueprint/Maps/Menu_Main' took 0.019
[2017.04.19-07.19.13:154][232]OBJ SavePackage: Generating thumbnails for [0] asset(s) in package [/Game/ZTD_Blueprint/Blueprints/HUD/Ingame_UI] ([1] browsable assets)...
[2017.04.19-07.19.13:154][232]OBJ SavePackage: Finished generating thumbnails for package [/Game/ZTD_Blueprint/Blueprints/HUD/Ingame_UI]
