Log file open, 05/01/17 17:26:04
LogInit:Display: Running engine for game: Zombie_Tower_Defense
LogPlatformFile: Not using cached read wrapper
LogInit:Display: RandInit(-433381340) SRandInit(-433381340).
LogTaskGraph: Started task graph with 5 named threads and 8 total threads with 1 sets of task threads.
LogStats: Stats thread started at 0.076127
LogPluginManager: Loaded Plugin Paper2D, From C:/Program Files (x86)/Epic Games/4.14/Engine/Plugins/2D/Paper2D/Paper2D.uplugin
LogPluginManager: Loaded Plugin LightPropagationVolume, From C:/Program Files (x86)/Epic Games/4.14/Engine/Plugins/Blendables/LightPropagationVolume/LightPropagationVolume.uplugin
LogPluginManager: Loaded Plugin BlankPlugin, From C:/Program Files (x86)/Epic Games/4.14/Engine/Plugins/Developer/BlankPlugin/BlankPlugin.uplugin
LogPluginManager: Loaded Plugin CodeLiteSourceCodeAccess, From C:/Program Files (x86)/Epic Games/4.14/Engine/Plugins/Developer/CodeLiteSourceCodeAccess/CodeLiteSourceCodeAccess.uplugin
LogPluginManager: Loaded Plugin GitSourceControl, From C:/Program Files (x86)/Epic Games/4.14/Engine/Plugins/Developer/GitSourceControl/GitSourceControl.uplugin
LogPluginManager: Loaded Plugin KDevelopSourceCodeAccess, From C:/Program Files (x86)/Epic Games/4.14/Engine/Plugins/Developer/KDevelopSourceCodeAccess/KDevelopSourceCodeAccess.uplugin
LogPluginManager: Loaded Plugin NullSourceCodeAccess, From C:/Program Files (x86)/Epic Games/4.14/Engine/Plugins/Developer/NullSourceCodeAccess/NullSourceCodeAccess.uplugin
LogPluginManager: Loaded Plugin OneSkyLocalizationService, From C:/Program Files (x86)/Epic Games/4.14/Engine/Plugins/Developer/OneSkyLocalizationService/OneSkyLocalizationService.uplugin
LogPluginManager: Loaded Plugin PerforceSourceControl, From C:/Program Files (x86)/Epic Games/4.14/Engine/Plugins/Developer/PerforceSourceControl/PerforceSourceControl.uplugin
LogPluginManager: Loaded Plugin SubversionSourceControl, From C:/Program Files (x86)/Epic Games/4.14/Engine/Plugins/Developer/SubversionSourceControl/SubversionSourceControl.uplugin
LogPluginManager: Loaded Plugin UObjectPlugin, From C:/Program Files (x86)/Epic Games/4.14/Engine/Plugins/Developer/UObjectPlugin/UObjectPlugin.uplugin
LogPluginManager: Loaded Plugin VisualStudioSourceCodeAccess, From C:/Program Files (x86)/Epic Games/4.14/Engine/Plugins/Developer/VisualStudioSourceCodeAccess/VisualStudioSourceCodeAccess.uplugin
LogPluginManager: Loaded Plugin XCodeSourceCodeAccess, From C:/Program Files (x86)/Epic Games/4.14/Engine/Plugins/Developer/XCodeSourceCodeAccess/XCodeSourceCodeAccess.uplugin
LogPluginManager: Loaded Plugin AudioCapture, From C:/Program Files (x86)/Epic Games/4.14/Engine/Plugins/Editor/AudioCapture/AudioCapture.uplugin
LogPluginManager: Loaded Plugin EpicSurvey, From C:/Program Files (x86)/Epic Games/4.14/Engine/Plugins/Editor/EpicSurvey/EpicSurvey.uplugin
LogPluginManager: Loaded Plugin MacGraphicsSwitching, From C:/Program Files (x86)/Epic Games/4.14/Engine/Plugins/Editor/MacGraphicsSwitching/MacGraphicsSwitching.uplugin
LogPluginManager: Loaded Plugin MobileLauncherProfileWizard, From C:/Program Files (x86)/Epic Games/4.14/Engine/Plugins/Editor/MobileLauncherProfileWizard/MobileLauncherProfileWizard.uplugin
LogPluginManager: Loaded Plugin PluginBrowser, From C:/Program Files (x86)/Epic Games/4.14/Engine/Plugins/Editor/PluginBrowser/PluginBrowser.uplugin
LogPluginManager: Loaded Plugin SpeedTreeImporter, From C:/Program Files (x86)/Epic Games/4.14/Engine/Plugins/Editor/SpeedTreeImporter/SpeedTreeImporter.uplugin
LogPluginManager: Loaded Plugin SuperSearchEditor, From C:/Program Files (x86)/Epic Games/4.14/Engine/Plugins/Editor/SuperSearchEditor/SuperSearchEditor.uplugin
LogPluginManager: Loaded Plugin AlembicImporter, From C:/Program Files (x86)/Epic Games/4.14/Engine/Plugins/Experimental/AlembicImporter/AlembicImporter.uplugin
LogPluginManager: Loaded Plugin BlueprintStats, From C:/Program Files (x86)/Epic Games/4.14/Engine/Plugins/Experimental/BlueprintStats/BlueprintStats.uplugin
LogPluginManager: Loaded Plugin CharacterAI, From C:/Program Files (x86)/Epic Games/4.14/Engine/Plugins/Experimental/CharacterAI/CharacterAI.uplugin
LogPluginManager: Loaded Plugin CodeEditor, From C:/Program Files (x86)/Epic Games/4.14/Engine/Plugins/Experimental/CodeEditor/CodeEditor.uplugin
LogPluginManager: Loaded Plugin CodeView, From C:/Program Files (x86)/Epic Games/4.14/Engine/Plugins/Experimental/CodeView/CodeView.uplugin
LogPluginManager: Loaded Plugin HTML5Networking, From C:/Program Files (x86)/Epic Games/4.14/Engine/Plugins/Experimental/HTML5Networking/HTML5Networking.uplugin
LogPluginManager: Loaded Plugin OSVR, From C:/Program Files (x86)/Epic Games/4.14/Engine/Plugins/Experimental/OSVR/OSVR.uplugin
LogPluginManager: Loaded Plugin Phya, From C:/Program Files (x86)/Epic Games/4.14/Engine/Plugins/Experimental/Phya/Phya.uplugin
LogPluginManager: Loaded Plugin SignificanceManager, From C:/Program Files (x86)/Epic Games/4.14/Engine/Plugins/Experimental/SignificanceManager/SignificanceManager.uplugin
LogPluginManager: Loaded Plugin SimpleHMD, From C:/Program Files (x86)/Epic Games/4.14/Engine/Plugins/Experimental/SimpleHMD/SimpleHMD.uplugin
LogPluginManager: Loaded Plugin StereoPanorama, From C:/Program Files (x86)/Epic Games/4.14/Engine/Plugins/Experimental/StereoPanorama/StereoPanorama.uplugin
LogPluginManager: Loaded Plugin StructBox, From C:/Program Files (x86)/Epic Games/4.14/Engine/Plugins/Experimental/StructBox/StructBox.uplugin
LogPluginManager: Loaded Plugin AndroidMedia, From C:/Program Files (x86)/Epic Games/4.14/Engine/Plugins/Media/AndroidMedia/AndroidMedia.uplugin
LogPluginManager: Loaded Plugin AvfMedia, From C:/Program Files (x86)/Epic Games/4.14/Engine/Plugins/Media/AvfMedia/AvfMedia.uplugin
LogPluginManager: Loaded Plugin MediaPlayerEditor, From C:/Program Files (x86)/Epic Games/4.14/Engine/Plugins/Media/MediaPlayerEditor/MediaPlayerEditor.uplugin
LogPluginManager: Loaded Plugin WmfMedia, From C:/Program Files (x86)/Epic Games/4.14/Engine/Plugins/Media/WmfMedia/WmfMedia.uplugin
LogPluginManager: Loaded Plugin MessagingDebugger, From C:/Program Files (x86)/Epic Games/4.14/Engine/Plugins/Messaging/MessagingDebugger/MessagingDebugger.uplugin
LogPluginManager: Loaded Plugin TcpMessaging, From C:/Program Files (x86)/Epic Games/4.14/Engine/Plugins/Messaging/TcpMessaging/TcpMessaging.uplugin
LogPluginManager: Loaded Plugin UdpMessaging, From C:/Program Files (x86)/Epic Games/4.14/Engine/Plugins/Messaging/UdpMessaging/UdpMessaging.uplugin
LogPluginManager: Loaded Plugin LevelSequenceEditor, From C:/Program Files (x86)/Epic Games/4.14/Engine/Plugins/MovieScene/LevelSequenceEditor/LevelSequenceEditor.uplugin
LogPluginManager: Loaded Plugin MatineeToLevelSequence, From C:/Program Files (x86)/Epic Games/4.14/Engine/Plugins/MovieScene/MatineeToLevelSequence/MatineeToLevelSequence.uplugin
LogPluginManager: Loaded Plugin NetcodeUnitTest, From C:/Program Files (x86)/Epic Games/4.14/Engine/Plugins/NetcodeUnitTest/NetcodeUnitTest/NetcodeUnitTest.uplugin
LogPluginManager: Loaded Plugin NUTUnrealEngine4, From C:/Program Files (x86)/Epic Games/4.14/Engine/Plugins/NetcodeUnitTest/NUTUnrealEngine4/NUTUnrealEngine4.uplugin
LogPluginManager: Loaded Plugin OnlineSubsystemGameCircle, From C:/Program Files (x86)/Epic Games/4.14/Engine/Plugins/Online/Android/OnlineSubsystemGameCircle/OnlineSubsystemGameCircle.uplugin
LogPluginManager: Loaded Plugin OnlineSubsystemGooglePlay, From C:/Program Files (x86)/Epic Games/4.14/Engine/Plugins/Online/Android/OnlineSubsystemGooglePlay/OnlineSubsystemGooglePlay.uplugin
LogPluginManager: Loaded Plugin OnlineSubsystemIOS, From C:/Program Files (x86)/Epic Games/4.14/Engine/Plugins/Online/IOS/OnlineSubsystemIOS/OnlineSubsystemIOS.uplugin
LogPluginManager: Loaded Plugin OnlineFramework, From C:/Program Files (x86)/Epic Games/4.14/Engine/Plugins/Online/OnlineFramework/OnlineFramework.uplugin
LogPluginManager: Loaded Plugin OnlineSubsystem, From C:/Program Files (x86)/Epic Games/4.14/Engine/Plugins/Online/OnlineSubsystem/OnlineSubsystem.uplugin
LogPluginManager: Loaded Plugin OnlineSubsystemAmazon, From C:/Program Files (x86)/Epic Games/4.14/Engine/Plugins/Online/OnlineSubsystemAmazon/OnlineSubsystemAmazon.uplugin
LogPluginManager: Loaded Plugin OnlineSubsystemFacebook, From C:/Program Files (x86)/Epic Games/4.14/Engine/Plugins/Online/OnlineSubsystemFacebook/OnlineSubsystemFacebook.uplugin
LogPluginManager: Loaded Plugin OnlineSubsystemNull, From C:/Program Files (x86)/Epic Games/4.14/Engine/Plugins/Online/OnlineSubsystemNull/OnlineSubsystemNull.uplugin
LogPluginManager: Loaded Plugin OnlineSubsystemOculus, From C:/Program Files (x86)/Epic Games/4.14/Engine/Plugins/Online/OnlineSubsystemOculus/OnlineSubsystemOculus.uplugin
LogPluginManager: Loaded Plugin OnlineSubsystemSteam, From C:/Program Files (x86)/Epic Games/4.14/Engine/Plugins/Online/OnlineSubsystemSteam/OnlineSubsystemSteam.uplugin
LogPluginManager: Loaded Plugin OnlineSubsystemUtils, From C:/Program Files (x86)/Epic Games/4.14/Engine/Plugins/Online/OnlineSubsystemUtils/OnlineSubsystemUtils.uplugin
LogPluginManager: Loaded Plugin IOSTapJoy, From C:/Program Files (x86)/Epic Games/4.14/Engine/Plugins/Runtime/Advertising/IOSTapJoy/IOSTapJoy.uplugin
LogPluginManager: Loaded Plugin AnalyticsBlueprintLibrary, From C:/Program Files (x86)/Epic Games/4.14/Engine/Plugins/Runtime/Analytics/AnalyticsBlueprintLibrary/AnalyticsBlueprintLibrary.uplugin
LogPluginManager: Loaded Plugin AnalyticsMulticast, From C:/Program Files (x86)/Epic Games/4.14/Engine/Plugins/Runtime/Analytics/AnalyticsMulticast/AnalyticsMulticast.uplugin
LogPluginManager: Loaded Plugin Apsalar, From C:/Program Files (x86)/Epic Games/4.14/Engine/Plugins/Runtime/Analytics/Apsalar/Apsalar.uplugin
LogPluginManager: Loaded Plugin FileLogging, From C:/Program Files (x86)/Epic Games/4.14/Engine/Plugins/Runtime/Analytics/FileLogging/FileLogging.uplugin
LogPluginManager: Loaded Plugin Flurry, From C:/Program Files (x86)/Epic Games/4.14/Engine/Plugins/Runtime/Analytics/Flurry/Flurry.uplugin
LogPluginManager: Loaded Plugin AndroidDeviceProfileSelector, From C:/Program Files (x86)/Epic Games/4.14/Engine/Plugins/Runtime/AndroidDeviceProfileSelector/AndroidDeviceProfileSelector.uplugin
LogPluginManager: Loaded Plugin AndroidMoviePlayer, From C:/Program Files (x86)/Epic Games/4.14/Engine/Plugins/Runtime/AndroidMoviePlayer/AndroidMoviePlayer.uplugin
LogPluginManager: Loaded Plugin AppleMoviePlayer, From C:/Program Files (x86)/Epic Games/4.14/Engine/Plugins/Runtime/AppleMoviePlayer/AppleMoviePlayer.uplugin
LogPluginManager: Loaded Plugin ArchVisCharacter, From C:/Program Files (x86)/Epic Games/4.14/Engine/Plugins/Runtime/ArchVisCharacter/ArchVisCharacter.uplugin
LogPluginManager: Loaded Plugin CableComponent, From C:/Program Files (x86)/Epic Games/4.14/Engine/Plugins/Runtime/CableComponent/CableComponent.uplugin
LogPluginManager: Loaded Plugin CustomMeshComponent, From C:/Program Files (x86)/Epic Games/4.14/Engine/Plugins/Runtime/CustomMeshComponent/CustomMeshComponent.uplugin
LogPluginManager: Loaded Plugin ExampleDeviceProfileSelector, From C:/Program Files (x86)/Epic Games/4.14/Engine/Plugins/Runtime/ExampleDeviceProfileSelector/ExampleDeviceProfileSelector.uplugin
LogPluginManager: Loaded Plugin GearVR, From C:/Program Files (x86)/Epic Games/4.14/Engine/Plugins/Runtime/GearVR/GearVR.uplugin
LogPluginManager: Loaded Plugin GoogleVRController, From C:/Program Files (x86)/Epic Games/4.14/Engine/Plugins/Runtime/GoogleVR/GoogleVRController/GoogleVRController.uplugin
LogPluginManager: Loaded Plugin GoogleVRHMD, From C:/Program Files (x86)/Epic Games/4.14/Engine/Plugins/Runtime/GoogleVR/GoogleVRHMD/GoogleVRHMD.uplugin
LogPluginManager: Loaded Plugin IOSDeviceProfileSelector, From C:/Program Files (x86)/Epic Games/4.14/Engine/Plugins/Runtime/IOSDeviceProfileSelector/IOSDeviceProfileSelector.uplugin
LogPluginManager: Loaded Plugin LeapMotion, From C:/Program Files (x86)/Epic Games/4.14/Engine/Plugins/Runtime/LeapMotion/LeapMotion.uplugin
LogPluginManager: Loaded Plugin LinuxDeviceProfileSelector, From C:/Program Files (x86)/Epic Games/4.14/Engine/Plugins/Runtime/LinuxDeviceProfileSelector/LinuxDeviceProfileSelector.uplugin
LogPluginManager: Loaded Plugin MIDIDevice, From C:/Program Files (x86)/Epic Games/4.14/Engine/Plugins/Runtime/MIDIDevice/MIDIDevice.uplugin
LogPluginManager: Loaded Plugin MobilePatchingUtils, From C:/Program Files (x86)/Epic Games/4.14/Engine/Plugins/Runtime/MobilePatchingUtils/MobilePatchingUtils.uplugin
LogPluginManager: Loaded Plugin Ansel, From C:/Program Files (x86)/Epic Games/4.14/Engine/Plugins/Runtime/Nvidia/Ansel/Ansel.uplugin
LogPluginManager: Loaded Plugin OculusAudio, From C:/Program Files (x86)/Epic Games/4.14/Engine/Plugins/Runtime/OculusAudio/OculusAudio.uplugin
LogPluginManager: Loaded Plugin OculusInput, From C:/Program Files (x86)/Epic Games/4.14/Engine/Plugins/Runtime/OculusInput/OculusInput.uplugin
LogPluginManager: Loaded Plugin OculusLibrary, From C:/Program Files (x86)/Epic Games/4.14/Engine/Plugins/Runtime/OculusLibrary/OculusLibrary.uplugin
LogPluginManager: Loaded Plugin OculusRift, From C:/Program Files (x86)/Epic Games/4.14/Engine/Plugins/Runtime/OculusRift/OculusRift.uplugin
LogPluginManager: Loaded Plugin Oodle, From C:/Program Files (x86)/Epic Games/4.14/Engine/Plugins/Runtime/PacketHandlers/CompressionComponents/Oodle/Oodle.uplugin
LogPluginManager: Loaded Plugin ProceduralMeshComponent, From C:/Program Files (x86)/Epic Games/4.14/Engine/Plugins/Runtime/ProceduralMeshComponent/ProceduralMeshComponent.uplugin
LogPluginManager: Loaded Plugin SoundMod, From C:/Program Files (x86)/Epic Games/4.14/Engine/Plugins/Runtime/SoundMod/SoundMod.uplugin
LogPluginManager: Loaded Plugin SoundVisualizations, From C:/Program Files (x86)/Epic Games/4.14/Engine/Plugins/Runtime/SoundVisualizations/SoundVisualizations.uplugin
LogPluginManager: Loaded Plugin SteamController, From C:/Program Files (x86)/Epic Games/4.14/Engine/Plugins/Runtime/Steam/SteamController/SteamController.uplugin
LogPluginManager: Loaded Plugin SteamVR, From C:/Program Files (x86)/Epic Games/4.14/Engine/Plugins/Runtime/Steam/SteamVR/SteamVR.uplugin
LogPluginManager: Loaded Plugin WebBrowserWidget, From C:/Program Files (x86)/Epic Games/4.14/Engine/Plugins/Runtime/WebBrowserWidget/WebBrowserWidget.uplugin
LogPluginManager: Loaded Plugin WindowsDeviceProfileSelector, From C:/Program Files (x86)/Epic Games/4.14/Engine/Plugins/Runtime/WindowsDeviceProfileSelector/WindowsDeviceProfileSelector.uplugin
LogPluginManager: Loaded Plugin WindowsMoviePlayer, From C:/Program Files (x86)/Epic Games/4.14/Engine/Plugins/Runtime/WindowsMoviePlayer/WindowsMoviePlayer.uplugin
LogPluginManager: Loaded Plugin ScriptPlugin, From C:/Program Files (x86)/Epic Games/4.14/Engine/Plugins/ScriptPlugin/ScriptPlugin.uplugin
LogPluginManager: Loaded Plugin SlateRemote, From C:/Program Files (x86)/Epic Games/4.14/Engine/Plugins/Slate/SlateRemote/SlateRemote.uplugin
LogPluginManager: Loaded Plugin EditorTests, From C:/Program Files (x86)/Epic Games/4.14/Engine/Plugins/Tests/EditorTests/EditorTests.uplugin
LogPluginManager: Loaded Plugin FbxAutomationTestBuilder, From C:/Program Files (x86)/Epic Games/4.14/Engine/Plugins/Tests/FbxAutomationTestBuilder/FbxAutomationTestBuilder.uplugin
LogPluginManager: Loaded Plugin FunctionalTestingEditor, From C:/Program Files (x86)/Epic Games/4.14/Engine/Plugins/Tests/FunctionalTestingEditor/FunctionalTestingEditor.uplugin
LogPluginManager: Loaded Plugin RuntimeTests, From C:/Program Files (x86)/Epic Games/4.14/Engine/Plugins/Tests/RuntimeTests/RuntimeTests.uplugin
LogPluginManager: Loaded Plugin ScreenshotTools, From C:/Program Files (x86)/Epic Games/4.14/Engine/Plugins/Tests/ScreenshotTools/ScreenshotTools.uplugin
LogInit: Using libcurl 7.47.1
LogInit:  - built for x86_64-pc-win32
LogInit:  - supports SSL with OpenSSL/1.0.2g
LogInit:  - supports HTTP deflate (compression) using libz 1.2.8
LogInit:  - other features:
LogInit:      CURL_VERSION_SSL
LogInit:      CURL_VERSION_LIBZ
LogInit:      CURL_VERSION_IPV6
LogInit:      CURL_VERSION_ASYNCHDNS
LogInit:      CURL_VERSION_LARGEFILE
LogInit:      CURL_VERSION_IDN
LogInit:  CurlRequestOptions (configurable via config and command line):
LogInit:  - bVerifyPeer = false  - Libcurl will NOT verify peer certificate
LogInit:  - bUseHttpProxy = false  - Libcurl will NOT use HTTP proxy
LogInit:  - bDontReuseConnections = false  - Libcurl will reuse connections
LogInit:  - CertBundlePath = nullptr  - Libcurl will use whatever was configured at build time.
LogInit: Build: ++UE4+Release-4.14-CL-3249277
LogInit: Engine Version: 4.14.3-3249277+++UE4+Release-4.14
LogInit: Compatible Engine Version: 4.14.0-3195953+++UE4+Release-4.14
LogInit: Net CL: 3195953
LogDevObjectVersion: Number of dev versions registered: 13
LogDevObjectVersion:   Dev-Blueprints (B0D832E4-1F89-4F0D-ACCF-7EB736FD4AA2): 7
LogDevObjectVersion:   Dev-Build (E1C64328-A22C-4D53-A36C-8E866417BD8C): 0
LogDevObjectVersion:   Dev-Core (375EC13C-06E4-48FB-B500-84F0262A717E): 1
LogDevObjectVersion:   Dev-Editor (E4B068ED-F494-42E9-A231-DA0B2E46BB41): 8
LogDevObjectVersion:   Dev-Framework (CFFC743F-43B0-4480-9391-14DF171D2073): 17
LogDevObjectVersion:   Dev-Mobile (B02B49B5-BB20-44E9-A304-32B752E40360): 0
LogDevObjectVersion:   Dev-Networking (A4E4105C-59A1-49B5-A7C5-40C4547EDFEE): 0
LogDevObjectVersion:   Dev-Online (39C831C9-5AE6-47DC-9A44-9C173E1C8E7C): 0
LogDevObjectVersion:   Dev-Physics (78F01B33-EBEA-4F98-B9B4-84EACCB95AA2): 0
LogDevObjectVersion:   Dev-Platform (6631380F-2D4D-43E0-8009-CF276956A95A): 0
LogDevObjectVersion:   Dev-Rendering (12F88B9F-8875-4AFC-A67C-D90C383ABD29): 12
LogDevObjectVersion:   Dev-Sequencer (7B5AE74C-D270-4C10-A958-57980B212A5A): 1
LogDevObjectVersion:   Dev-VR (D7296918-1DD6-4BDD-9DE2-64A83CC13884): 0
LogInit: Compiled (64-bit): Jan  6 2017 10:49:43
LogInit: Compiled with Visual C++: 19.00.23026.00
LogInit: Build Configuration: Development
LogInit: Branch Name: ++UE4+Release-4.14
LogInit: Command line:  /Temp/Autosaves/Game/ZTD_Blueprint/Maps/UEDPCMapC_U_F -game -PIEVIACONSOLE -ResX=1280 -ResY=720  -Multiprocess -messaging -SessionName="Play in Standalone Game" -windowed 
LogInit: Base directory: C:/Program Files (x86)/Epic Games/4.14/Engine/Binaries/Win64/
LogInit: Installed Engine Build: 1
LogInit: Presizing for max 8388607 objects, including 0 objects not considered by GC, pre-allocating 0 bytes for permanent pool.
LogInit: Object subsystem initialized
[2017.05.01-22.26.05:528][  0]LogInit: Selected Device Profile: [Windows]
[2017.05.01-22.26.05:528][  0]LogInit: Applying CVar settings loaded from the selected device profile: [Windows]
[2017.05.01-22.26.05:532][  0]LogInit: Computer: DESKTOP-C7CL5QU
[2017.05.01-22.26.05:532][  0]LogInit: User: Bryan
[2017.05.01-22.26.05:532][  0]LogInit: CPU Page size=65536, Cores=4
[2017.05.01-22.26.05:532][  0]LogInit: High frequency timer resolution =3.421872 MHz
[2017.05.01-22.26.05:532][  0]LogMemory: Memory total: Physical=7.9GB (8GB approx)
[2017.05.01-22.26.05:532][  0]LogMemory: Platform Memory Stats for Windows
[2017.05.01-22.26.05:532][  0]LogMemory: Process Physical Memory: 265.68 MB used, 265.68 MB peak
[2017.05.01-22.26.05:532][  0]LogMemory: Process Virtual Memory: 262.66 MB used, 262.66 MB peak
[2017.05.01-22.26.05:532][  0]LogMemory: Physical Memory: 5172.63 MB used,  2945.44 MB free, 8118.07 MB total
[2017.05.01-22.26.05:532][  0]LogMemory: Virtual Memory: 675.76 MB used,  2945.44 MB free, 134217728.00 MB total
[2017.05.01-22.26.05:555][  0]LogTextLocalizationManager: No specific translations for ('en-US') exist, so ('en') translations will be used.
[2017.05.01-22.26.05:982][  0]LogD3D11RHI: D3D11 adapters:
[2017.05.01-22.26.05:998][  0]LogD3D11RHI:    0. 'AMD Radeon (TM) R9 390 Series' (Feature Level 11_0)
[2017.05.01-22.26.05:998][  0]LogD3D11RHI:       8169/0/4059 MB DedicatedVideo/DedicatedSystem/SharedSystem, Outputs:2, VendorId:0x1002
[2017.05.01-22.26.06:000][  0]LogD3D11RHI:    1. 'Microsoft Basic Render Driver' (Feature Level 11_0)
[2017.05.01-22.26.06:000][  0]LogD3D11RHI:       0/0/4059 MB DedicatedVideo/DedicatedSystem/SharedSystem, Outputs:0, VendorId:0x1414
[2017.05.01-22.26.06:000][  0]LogD3D11RHI: Chosen D3D11 Adapter: 0
[2017.05.01-22.26.06:004][  0]LogD3D11RHI: Creating new Direct3DDevice
[2017.05.01-22.26.06:004][  0]LogD3D11RHI:     GPU DeviceId: 0x67b1 (for the marketing name, search the web for "GPU Device Id")
[2017.05.01-22.26.06:004][  0]LogWindows: EnumDisplayDevices:
[2017.05.01-22.26.06:004][  0]LogWindows:    0. 'AMD Radeon (TM) R9 390 Series' (P:1 D:1)
[2017.05.01-22.26.06:004][  0]LogWindows:    1. 'AMD Radeon (TM) R9 390 Series' (P:0 D:1)
[2017.05.01-22.26.06:005][  0]LogWindows:    2. 'AMD Radeon (TM) R9 390 Series' (P:0 D:0)
[2017.05.01-22.26.06:005][  0]LogWindows:    3. 'AMD Radeon (TM) R9 390 Series' (P:0 D:0)
[2017.05.01-22.26.06:005][  0]LogWindows:    4. 'AMD Radeon (TM) R9 390 Series' (P:0 D:0)
[2017.05.01-22.26.06:005][  0]LogWindows:    5. 'AMD Radeon (TM) R9 390 Series' (P:0 D:0)
[2017.05.01-22.26.06:005][  0]LogWindows: DebugString: FoundDriverCount:6 
[2017.05.01-22.26.06:005][  0]LogD3D11RHI:     Adapter Name: AMD Radeon (TM) R9 390 Series
[2017.05.01-22.26.06:005][  0]LogD3D11RHI:   Driver Version: Crimson 16.9.2 (internal:21.19.137.1, unified:21.19.137.1)
[2017.05.01-22.26.06:005][  0]LogD3D11RHI:      Driver Date: 9-16-2016
[2017.05.01-22.26.06:005][  0]LogRHI: Texture pool is 1361 MB (70% of 1945 MB)
[2017.05.01-22.26.06:013][  0]LogD3D11RHI: Async texture creation enabled
[2017.05.01-22.26.06:025][  0]LogD3D11RHI: GPU Timing Frequency: 27.000000 (Debug: 2 1)
[2017.05.01-22.26.06:027][  0]LogShaderCompilers: Guid format shader working directory is -22 characters bigger than the processId version (D:/Users/Bryan/Desktop/ZTD/Zombie_Tower_Defense/Zombie_TowerDefense/Intermediate/Shaders/WorkingDirectory/14796/).
[2017.05.01-22.26.06:027][  0]LogShaderCompilers: Cleaned the shader compiler working directory 'C:/Users/Bryan/AppData/Local/Temp/UnrealShaderWorkingDir/37B349C94841707B81A95E859A0EC15D/'.
[2017.05.01-22.26.06:027][  0]LogShaderCompilers:Display: Using Local Shader Compiler.
[2017.05.01-22.26.06:904][  0]LogTemp:Display: Loaded TP WindowsClientTargetPlatform
[2017.05.01-22.26.06:951][  0]LogTemp:Display: Loaded TP WindowsNoEditorTargetPlatform
[2017.05.01-22.26.06:998][  0]LogTemp:Display: Loaded TP WindowsServerTargetPlatform
[2017.05.01-22.26.07:035][  0]LogTemp:Display: Loaded TP WindowsTargetPlatform
[2017.05.01-22.26.07:035][  0]LogTargetPlatformManager:Display: Building Assets For Windows
[2017.05.01-22.26.07:369][  0]LogDerivedDataCache:Display: Max Cache Size: 512 MB
[2017.05.01-22.26.07:414][  0]LogDerivedDataCache: Loaded boot cache 0.04s 50MB C:/Users/Bryan/AppData/Local/UnrealEngine/4.14/DerivedDataCache/Boot.ddc.
[2017.05.01-22.26.07:414][  0]LogDerivedDataCache:Display: Loaded Boot cache: C:/Users/Bryan/AppData/Local/UnrealEngine/4.14/DerivedDataCache/Boot.ddc
[2017.05.01-22.26.07:414][  0]LogDerivedDataCache: FDerivedDataBackendGraph:  Pak pak cache file D:/Users/Bryan/Desktop/ZTD/Zombie_Tower_Defense/Zombie_TowerDefense/DerivedDataCache/DDC.ddp not found, will not use a pak cache.
[2017.05.01-22.26.07:414][  0]LogDerivedDataCache: Unable to find inner node Pak for hierarchical cache Hierarchy.
[2017.05.01-22.26.07:414][  0]LogDerivedDataCache: FDerivedDataBackendGraph:  CompressedPak pak cache file D:/Users/Bryan/Desktop/ZTD/Zombie_Tower_Defense/Zombie_TowerDefense/DerivedDataCache/Compressed.ddp not found, will not use a pak cache.
[2017.05.01-22.26.07:414][  0]LogDerivedDataCache: Unable to find inner node CompressedPak for hierarchical cache Hierarchy.
[2017.05.01-22.26.07:429][  0]LogDerivedDataCache:Display: Pak cache opened for reading ../../../Engine/DerivedDataCache/Compressed.ddp.
[2017.05.01-22.26.07:441][  0]LogDerivedDataCache: Using Local data cache path C:/Users/Bryan/AppData/Local/UnrealEngine/Common/DerivedDataCache: Writable
[2017.05.01-22.26.07:611][  0]LogAssetRegistry: FAssetRegistry took 0.0001 seconds to start up
[2017.05.01-22.26.07:616][  0]LogPackageLocalizationCache: Processed 3 localized package path(s) for 2 prioritized culture(s) in 0.004878 seconds
[2017.05.01-22.26.07:631][  0]LogInit: Selected Device Profile: [Windows]
[2017.05.01-22.26.07:633][  0]LogContentStreaming: Texture pool size is 1000.00 MB
[2017.05.01-22.26.07:810][  0]LogMeshUtilities: Using QuadricMeshReduction for automatic static mesh reduction
[2017.05.01-22.26.07:851][  0]LogSimplygon: Simplygon DLL not present - disabling.
[2017.05.01-22.26.07:888][  0]LogMeshUtilities: Using SimplygonSwarm for distributed automatic mesh merging
[2017.05.01-22.26.07:888][  0]LogMeshUtilities: No automatic skeletal mesh reduction module available
[2017.05.01-22.26.07:888][  0]LogMeshUtilities: No automatic mesh merging module available
[2017.05.01-22.26.08:292][  0]LogNetVersion: GetLocalNetworkVersion: CL: 3195953, ProjectName: zombie_tower_defense, ProjectVersion: , EngineNetworkVersion: 2, GameNetworkVersion: 0, NetworkChecksum: 2528811943
[2017.05.01-22.26.08:356][  0]LogInit: WinSock: version 1.1 (2.2), MaxSocks=32767, MaxUdp=65467
[2017.05.01-22.26.08:990][  0]LogSlate: Using Freetype 2.6.0
[2017.05.01-22.26.08:990][  0]LogSlate: SlateFontCache - WITH_FREETYPE: 1, WITH_HARFBUZZ: 1
[2017.05.01-22.26.08:990][  0]LogSlate: SlateFontCache - WITH_FREETYPE: 1, WITH_HARFBUZZ: 1
[2017.05.01-22.26.09:091][  0]LogMoviePlayer: Initializing movie player
[2017.05.01-22.26.09:152][  0]LogWindowsTextInputMethodSystem:Display: IME system now deactivated.
[2017.05.01-22.26.09:166][  0]LogWindowsMoviePlayer: Unable to load movie: D:/Users/Bryan/Desktop/ZTD/Zombie_Tower_Defense/Zombie_TowerDefense/Content/Movies/Default_Startup.mp4
[2017.05.01-22.26.09:316][  0]LogTcpMessaging: Initializing TcpMessaging bridge
[2017.05.01-22.26.09:349][  0]LogUdpMessaging: Initializing bridge on interface 0.0.0.0:0 to multicast group 230.0.0.1:6666.
[2017.05.01-22.26.09:475][  0]SourceControl: Info Source control is disabled
[2017.05.01-22.26.09:475][  0]SourceControl: Info Source control is disabled
[2017.05.01-22.26.09:513][  0]SourceControl: Info Source control is disabled
[2017.05.01-22.26.10:089][  0]LogUObjectArray: 33496 objects as part of root set at end of initial load.
[2017.05.01-22.26.10:089][  0]LogUObjectAllocator: 7417784 out of 0 bytes used by permanent object pool.
[2017.05.01-22.26.10:089][  0]LogUObjectArray: CloseDisregardForGC: 0/0 objects in disregard for GC pool
[2017.05.01-22.26.10:179][  0]LogEngine: Initializing Engine...
[2017.05.01-22.26.10:180][  0]LogHMD: Failed to initialize OpenVR with code 110
[2017.05.01-22.26.10:304][  0]LogInit: XAudio2 using 'Speakers (Realtek High Definition Audio)' : 2 channels at 48 kHz using 32 bits per sample (channel mask 0x3)
[2017.05.01-22.26.10:345][  0]LogInit: FAudioDevice initialized.
[2017.05.01-22.26.10:364][  0]LogInit: Texture streaming: Enabled
[2017.05.01-22.26.10:375][  0]LogMaterial: Uniform references updated for custom material expression Custom.
[2017.05.01-22.26.10:656][  0]LogInit:Display: Game Engine Initialized.
[2017.05.01-22.26.10:779][  0]LogInit:Display: Starting Game.
[2017.05.01-22.26.10:779][  0]LogNet: Browse: /Temp/Autosaves/Game/ZTD_Blueprint/Maps/UEDPCMapC_U_F?Name=Player
[2017.05.01-22.26.10:779][  0]LogLoad: LoadMap: /Temp/Autosaves/Game/ZTD_Blueprint/Maps/UEDPCMapC_U_F?Name=Player
[2017.05.01-22.26.10:793][  0]LogMemory: Platform Memory Stats for Windows
[2017.05.01-22.26.10:793][  0]LogMemory: Process Physical Memory: 625.18 MB used, 649.52 MB peak
[2017.05.01-22.26.10:793][  0]LogMemory: Process Virtual Memory: 718.88 MB used, 718.89 MB peak
[2017.05.01-22.26.10:793][  0]LogMemory: Physical Memory: 5508.11 MB used,  2609.96 MB free, 8118.07 MB total
[2017.05.01-22.26.10:793][  0]LogMemory: Virtual Memory: 1354.02 MB used,  2609.96 MB free, 134217728.00 MB total
[2017.05.01-22.26.10:793][  0]LogMemory: 
[2017.05.01-22.26.10:793][  0]Allocator Stats for TBB: (not implemented)
[2017.05.01-22.26.12:532][  0]LogAIModule: Creating AISystem for world MapC_U_F
[2017.05.01-22.26.12:532][  0]LogLoad: Game class is 'ZTD_GameMode_C'
[2017.05.01-22.26.12:534][  0]LogMaterial:Warning: Material /Game/Assets/Forest_Stuff/Material/Master_Material/M_tree_basic.M_tree_basic missing bUsedWithInstancedStaticMeshes=True! Default Material will be used in game.
[2017.05.01-22.26.12:534][  0]LogMaterial:Warning:      The material will recompile every editor launch until resaved.
[2017.05.01-22.26.12:573][  0]LogWorld: Bringing World /Temp/Autosaves/Game/ZTD_Blueprint/Maps/UEDPCMapC_U_F.MapC_U_F up for play (max tick rate 0) at 2017.05.01-17.26.12
[2017.05.01-22.26.12:575][  0]LogWorld: Bringing up level for play took: 0.040905
[2017.05.01-22.26.12:581][  0]LogLoad: Took 1.801712 seconds to LoadMap(/Temp/Autosaves/Game/ZTD_Blueprint/Maps/UEDPCMapC_U_F)
[2017.05.01-22.26.12:909][  0]LogLoad: (Engine Initialization) Total time: 8.78 seconds
[2017.05.01-22.26.12:909][  0]LogLoad: (Engine Initialization) Total Blueprint compile time: 0.44 seconds
[2017.05.01-22.26.12:909][  0]LogExternalProfiler: Found external profiler: VSPerf
[2017.05.01-22.26.12:909][  0]LogExternalProfiler: Using external profiler: VSPerf
[2017.05.01-22.26.12:927][  0]LogOcInput: OculusInput pre-init called
[2017.05.01-22.26.13:283][  1]LogRenderer: Reallocating scene render targets to support 1280x720 NumSamples 1 (Frame:2).
[2017.05.01-22.26.19:848][301]LogLongPackageNames:Warning: URL: Main menu: Name may not contain the following characters:  
[2017.05.01-22.26.19:869][302]LogLongPackageNames:Warning: URL: Main menu: Name may not contain the following characters:  
[2017.05.01-22.26.19:870][302]LogNet: Browse: /Game/ZTD_Blueprint/Maps/Menu_Main
[2017.05.01-22.26.19:870][302]LogNet:Warning: Travel Failure: [InvalidURL]: Invalid URL: /Game/ZTD_Blueprint/Maps/Menu_Main
[2017.05.01-22.26.19:870][302]LogNet: TravelFailure: InvalidURL, Reason for Failure: 'Invalid URL: /Game/ZTD_Blueprint/Maps/Menu_Main'
[2017.05.01-22.26.19:870][302]LogNet:Warning: Travel Failure: [ClientTravelFailure]: Invalid URL: /Game/ZTD_Blueprint/Maps/Menu_Main
[2017.05.01-22.26.19:870][302]LogNet: TravelFailure: ClientTravelFailure, Reason for Failure: 'Invalid URL: /Game/ZTD_Blueprint/Maps/Menu_Main'
[2017.05.01-22.26.19:892][303]LogNet: Browse: /Game/ZTD_Blueprint/Maps/Menu_Main?closed
[2017.05.01-22.26.19:892][303]LogNet: Failed; returning to Entry
[2017.05.01-22.26.19:924][303]LogLoad: LoadMap: /Game/ZTD_Blueprint/Maps/Menu_Main?closed
[2017.05.01-22.26.20:024][303]LogMemory: Platform Memory Stats for Windows
[2017.05.01-22.26.20:024][303]LogMemory: Process Physical Memory: 941.96 MB used, 1035.77 MB peak
[2017.05.01-22.26.20:024][303]LogMemory: Process Virtual Memory: 1385.74 MB used, 1470.66 MB peak
[2017.05.01-22.26.20:024][303]LogMemory: Physical Memory: 5811.36 MB used,  2306.71 MB free, 8118.07 MB total
[2017.05.01-22.26.20:024][303]LogMemory: Virtual Memory: 2057.23 MB used,  2306.71 MB free, 134217728.00 MB total
[2017.05.01-22.26.20:024][303]LogMemory: 
[2017.05.01-22.26.20:024][303]Allocator Stats for TBB: (not implemented)
[2017.05.01-22.26.20:756][303]LogAIModule: Creating AISystem for world Menu_Main
[2017.05.01-22.26.20:756][303]LogLoad: Game class is 'ZTD_MainMenu_Mode_C'
[2017.05.01-22.26.20:760][303]LogWorld: Bringing World /Game/ZTD_Blueprint/Maps/Menu_Main.Menu_Main up for play (max tick rate 0) at 2017.05.01-17.26.20
[2017.05.01-22.26.20:761][303]LogWorld: Bringing up level for play took: 0.000907
[2017.05.01-22.26.20:761][303]LogGameMode: Warning - PATHS NOT DEFINED or NO PLAYERSTART with positive rating
[2017.05.01-22.26.20:762][303]t.MaxFPS = "62"
[2017.05.01-22.26.20:764][303]LogLoad: Took 0.839688 seconds to LoadMap(/Game/ZTD_Blueprint/Maps/Menu_Main)
[2017.05.01-22.26.23:132][426]LogPackageName: SearchForPackageOnDisk took   0.058s to resolve MapC_U_F.umap.
[2017.05.01-22.26.23:186][426]LogPackageName: SearchForPackageOnDisk took   0.054s to resolve MapC_U_F.umap.
[2017.05.01-22.26.23:186][426]LogNet: Browse: /Game/ZTD_Blueprint/Maps/MapC_U_F
[2017.05.01-22.26.23:186][426]LogLoad: LoadMap: /Game/ZTD_Blueprint/Maps/MapC_U_F
[2017.05.01-22.26.23:212][426]LogMemory: Platform Memory Stats for Windows
[2017.05.01-22.26.23:212][426]LogMemory: Process Physical Memory: 913.94 MB used, 1035.77 MB peak
[2017.05.01-22.26.23:212][426]LogMemory: Process Virtual Memory: 1403.41 MB used, 1470.66 MB peak
[2017.05.01-22.26.23:212][426]LogMemory: Physical Memory: 5816.77 MB used,  2301.30 MB free, 8118.07 MB total
[2017.05.01-22.26.23:212][426]LogMemory: Virtual Memory: 2050.42 MB used,  2301.30 MB free, 134217728.00 MB total
[2017.05.01-22.26.23:212][426]LogMemory: 
[2017.05.01-22.26.23:212][426]Allocator Stats for TBB: (not implemented)
[2017.05.01-22.26.24:781][426]LogAIModule: Creating AISystem for world MapC_U_F
[2017.05.01-22.26.24:781][426]LogLoad: Game class is 'ZTD_GameMode_C'
[2017.05.01-22.26.24:783][426]LogMaterial:Warning: Material /Game/Assets/Forest_Stuff/Material/Master_Material/M_tree_basic.M_tree_basic missing bUsedWithInstancedStaticMeshes=True! Default Material will be used in game.
[2017.05.01-22.26.24:783][426]LogMaterial:Warning:      The material will recompile every editor launch until resaved.
[2017.05.01-22.26.24:812][426]LogWorld: Bringing World /Game/ZTD_Blueprint/Maps/MapC_U_F.MapC_U_F up for play (max tick rate 62) at 2017.05.01-17.26.24
[2017.05.01-22.26.24:813][426]LogWorld: Bringing up level for play took: 0.030731
[2017.05.01-22.26.24:819][426]LogLoad: Took 1.632532 seconds to LoadMap(/Game/ZTD_Blueprint/Maps/MapC_U_F)
[2017.05.01-22.26.29:726][624]LogBlueprintUserMessages: [ZTD_GameMode_C_0] SpawningZombie
[2017.05.01-22.26.30:750][663]LogBlueprintUserMessages: [ZTD_GameMode_C_0] SpawningZombie
[2017.05.01-22.26.31:755][702]LogBlueprintUserMessages: [ZTD_GameMode_C_0] SpawningZombie
[2017.05.01-22.26.32:762][749]LogBlueprintUserMessages: [ZTD_GameMode_C_0] SpawningZombie
[2017.05.01-22.26.33:774][810]LogBlueprintUserMessages: [ZTD_GameMode_C_0] SpawningZombie
[2017.05.01-22.26.34:791][866]LogBlueprintUserMessages: [ZTD_GameMode_C_0] SpawningZombie
[2017.05.01-22.26.35:795][921]LogBlueprintUserMessages: [ZTD_GameMode_C_0] SpawningZombie
[2017.05.01-22.26.36:805][974]LogBlueprintUserMessages: [ZTD_GameMode_C_0] SpawningZombie
[2017.05.01-22.26.37:156][992]LogBlueprintUserMessages: [Ingame_UI_C_0] Tower Placement Enabled
[2017.05.01-22.26.37:812][ 25]LogBlueprintUserMessages: [ZTD_GameMode_C_0] SpawningZombie
[2017.05.01-22.26.38:812][ 76]LogBlueprintUserMessages: [ZTD_GameMode_C_0] SpawningZombie
[2017.05.01-22.26.39:824][126]LogSpawn:Warning: SpawnActor failed because of collision at the spawn location [X=-3251.357 Y=-2369.047 Z=188.351] for [Zombie_Character_C]
[2017.05.01-22.26.39:824][126]LogBlueprintUserMessages: [ZTD_GameMode_C_0] SpawningZombie
[2017.05.01-22.26.40:843][178]LogBlueprintUserMessages: [ZTD_GameMode_C_0] SpawningZombie
[2017.05.01-22.26.41:851][229]LogSpawn:Warning: SpawnActor failed because of collision at the spawn location [X=-8674.820 Y=-2369.723 Z=188.351] for [Zombie_Character_C]
[2017.05.01-22.26.41:851][229]LogBlueprintUserMessages: [ZTD_GameMode_C_0] SpawningZombie
[2017.05.01-22.26.42:509][262]LogBlueprintUserMessages: [Ingame_UI_C_0] Shooting Enabled
[2017.05.01-22.26.42:868][280]LogBlueprintUserMessages: [ZTD_GameMode_C_0] SpawningZombie
[2017.05.01-22.26.42:986][286]LogBlueprintUserMessages: [Ingame_UI_C_0] Tower Placement Enabled
[2017.05.01-22.26.43:878][331]LogBlueprintUserMessages: [ZTD_GameMode_C_0] SpawningZombie
[2017.05.01-22.26.44:577][366]LogBlueprintUserMessages: [Ingame_UI_C_0] Shooting Enabled
[2017.05.01-22.26.44:879][381]LogBlueprintUserMessages: [ZTD_GameMode_C_0] SpawningZombie
[2017.05.01-22.26.45:882][432]LogSpawn:Warning: SpawnActor failed because of collision at the spawn location [X=-3252.569 Y=-2370.832 Z=188.351] for [Zombie_Character_C]
[2017.05.01-22.26.45:882][432]LogBlueprintUserMessages: [ZTD_GameMode_C_0] SpawningZombie
[2017.05.01-22.26.46:895][484]LogSpawn:Warning: SpawnActor failed because of collision at the spawn location [X=-3252.567 Y=1398.174 Z=188.351] for [Zombie_Character_C]
[2017.05.01-22.26.46:895][484]LogBlueprintUserMessages: [ZTD_GameMode_C_0] SpawningZombie
[2017.05.01-22.26.47:899][534]LogSpawn:Warning: SpawnActor failed because of collision at the spawn location [X=-8674.729 Y=-2369.617 Z=188.351] for [Zombie_Character_C]
[2017.05.01-22.26.47:899][534]LogBlueprintUserMessages: [ZTD_GameMode_C_0] SpawningZombie
[2017.05.01-22.26.48:900][585]LogSpawn:Warning: SpawnActor failed because of collision at the spawn location [X=-1578.858 Y=-471.765 Z=188.351] for [Zombie_Character_C]
[2017.05.01-22.26.48:901][585]LogBlueprintUserMessages: [ZTD_GameMode_C_0] SpawningZombie
[2017.05.01-22.26.49:914][636]LogSpawn:Warning: SpawnActor failed because of collision at the spawn location [X=-1578.858 Y=-471.765 Z=188.351] for [Zombie_Character_C]
[2017.05.01-22.26.49:914][636]LogBlueprintUserMessages: [ZTD_GameMode_C_0] SpawningZombie
[2017.05.01-22.26.50:921][688]LogSpawn:Warning: SpawnActor failed because of collision at the spawn location [X=-1578.858 Y=-471.765 Z=188.351] for [Zombie_Character_C]
[2017.05.01-22.26.50:921][688]LogBlueprintUserMessages: [ZTD_GameMode_C_0] SpawningZombie
[2017.05.01-22.26.51:929][742]LogSpawn:Warning: SpawnActor failed because of collision at the spawn location [X=-3252.461 Y=-2370.637 Z=188.351] for [Zombie_Character_C]
[2017.05.01-22.26.51:929][742]LogBlueprintUserMessages: [ZTD_GameMode_C_0] SpawningZombie
[2017.05.01-22.26.54:123][858]LogLongPackageNames:Warning: URL: Main menu: Name may not contain the following characters:  
[2017.05.01-22.26.54:141][859]LogLongPackageNames:Warning: URL: Main menu: Name may not contain the following characters:  
[2017.05.01-22.26.54:141][859]LogNet: Browse: /Game/ZTD_Blueprint/Maps/Menu_Main
[2017.05.01-22.26.54:141][859]LogNet:Warning: Travel Failure: [InvalidURL]: Invalid URL: /Game/ZTD_Blueprint/Maps/Menu_Main
[2017.05.01-22.26.54:141][859]LogNet: TravelFailure: InvalidURL, Reason for Failure: 'Invalid URL: /Game/ZTD_Blueprint/Maps/Menu_Main'
[2017.05.01-22.26.54:141][859]LogNet:Warning: Travel Failure: [ClientTravelFailure]: Invalid URL: /Game/ZTD_Blueprint/Maps/Menu_Main
[2017.05.01-22.26.54:141][859]LogNet: TravelFailure: ClientTravelFailure, Reason for Failure: 'Invalid URL: /Game/ZTD_Blueprint/Maps/Menu_Main'
[2017.05.01-22.26.54:160][860]LogNet: Browse: /Game/ZTD_Blueprint/Maps/Menu_Main?closed
[2017.05.01-22.26.54:160][860]LogNet: Failed; returning to Entry
[2017.05.01-22.26.54:188][860]LogLoad: LoadMap: /Game/ZTD_Blueprint/Maps/Menu_Main?closed
[2017.05.01-22.26.54:277][860]LogMemory: Platform Memory Stats for Windows
[2017.05.01-22.26.54:277][860]LogMemory: Process Physical Memory: 1039.04 MB used, 1099.43 MB peak
[2017.05.01-22.26.54:277][860]LogMemory: Process Virtual Memory: 1566.69 MB used, 1629.08 MB peak
[2017.05.01-22.26.54:277][860]LogMemory: Physical Memory: 5980.99 MB used,  2137.08 MB free, 8118.07 MB total
[2017.05.01-22.26.54:277][860]LogMemory: Virtual Memory: 2209.32 MB used,  2137.08 MB free, 134217728.00 MB total
[2017.05.01-22.26.54:277][860]LogMemory: 
[2017.05.01-22.26.54:277][860]Allocator Stats for TBB: (not implemented)
[2017.05.01-22.26.55:001][860]LogAIModule: Creating AISystem for world Menu_Main
[2017.05.01-22.26.55:002][860]LogLoad: Game class is 'ZTD_MainMenu_Mode_C'
[2017.05.01-22.26.55:005][860]LogWorld: Bringing World /Game/ZTD_Blueprint/Maps/Menu_Main.Menu_Main up for play (max tick rate 62) at 2017.05.01-17.26.55
[2017.05.01-22.26.55:005][860]LogWorld: Bringing up level for play took: 0.000651
[2017.05.01-22.26.55:005][860]LogGameMode: Warning - PATHS NOT DEFINED or NO PLAYERSTART with positive rating
[2017.05.01-22.26.55:006][860]t.MaxFPS = "62"
[2017.05.01-22.26.55:007][860]LogLoad: Took 0.818193 seconds to LoadMap(/Game/ZTD_Blueprint/Maps/Menu_Main)
[2017.05.01-22.26.56:409][945]Closing by request
[2017.05.01-22.26.56:409][945]LogWindows: FPlatformMisc::RequestExit(0)
[2017.05.01-22.26.56:409][946]LogMoviePlayer: Shutting down movie player
[2017.05.01-22.26.57:216][946]LogWindowsTextInputMethodSystem:Display: IME system now deactivated.
[2017.05.01-22.26.57:217][946]LogWindowsTextInputMethodSystem:Display: IME system now deactivated.
[2017.05.01-22.26.57:218][946]LogExit: Preparing to exit.
[2017.05.01-22.26.57:518][946]LogExit: Game engine shut down
[2017.05.01-22.26.57:573][946]LogObj: Freed 0b from 0 cluster array pools.
[2017.05.01-22.26.57:573][946]LogExit: Object subsystem successfully closed.
[2017.05.01-22.26.57:586][946]LogD3D11RHI: Shutdown
[2017.05.01-22.26.57:586][946]LogD3D11RHI: CleanupD3DDevice
[2017.05.01-22.26.57:767][946]LogD3D11RHI: ~FD3D11DynamicRHI
[2017.05.01-22.26.57:777][946]LogModuleManager: Shutting down and abandoning module SequenceRecorderSections (125)
[2017.05.01-22.26.57:777][946]LogModuleManager: Shutting down and abandoning module SequenceRecorder (124)
[2017.05.01-22.26.57:777][946]LogModuleManager: Shutting down and abandoning module AutomationController (123)
[2017.05.01-22.26.57:777][946]LogModuleManager: Shutting down and abandoning module AutomationWorker (122)
[2017.05.01-22.26.57:777][946]LogModuleManager: Shutting down and abandoning module GameplayDebugger (121)
[2017.05.01-22.26.57:777][946]LogModuleManager: Shutting down and abandoning module AITestSuite (120)
[2017.05.01-22.26.57:777][946]LogModuleManager: Shutting down and abandoning module AIModule (119)
[2017.05.01-22.26.57:777][946]LogModuleManager: Shutting down and abandoning module WmfMediaFactory (118)
[2017.05.01-22.26.57:777][946]LogModuleManager: Shutting down and abandoning module AvfMediaFactory (117)
[2017.05.01-22.26.57:777][946]LogModuleManager: Shutting down and abandoning module Media (116)
[2017.05.01-22.26.57:777][946]LogModuleManager: Shutting down and abandoning module AndroidMediaFactory (115)
[2017.05.01-22.26.57:777][946]LogModuleManager: Shutting down and abandoning module CharacterAI (114)
[2017.05.01-22.26.57:777][946]LogModuleManager: Shutting down and abandoning module SessionServices (113)
[2017.05.01-22.26.57:777][946]LogModuleManager: Shutting down and abandoning module MovieSceneCapture (112)
[2017.05.01-22.26.57:777][946]LogModuleManager: Shutting down and abandoning module GeometryCacheEd (111)
[2017.05.01-22.26.57:777][946]LogModuleManager: Shutting down and abandoning module GeometryCache (110)
[2017.05.01-22.26.57:777][946]LogModuleManager: Shutting down and abandoning module Niagara (109)
[2017.05.01-22.26.57:777][946]LogModuleManager: Shutting down and abandoning module StreamingPauseRendering (108)
[2017.05.01-22.26.57:777][946]LogModuleManager: Shutting down and abandoning module PortalServices (107)
[2017.05.01-22.26.57:777][946]LogModuleManager: Shutting down and abandoning module PortalRpc (106)
[2017.05.01-22.26.57:777][946]LogModuleManager: Shutting down and abandoning module MessagingRpc (105)
[2017.05.01-22.26.57:777][946]LogModuleManager: Shutting down and abandoning module ProfilerService (104)
[2017.05.01-22.26.57:935][946]LogModuleManager: Shutting down and abandoning module TaskGraph (103)
[2017.05.01-22.26.57:935][946]LogModuleManager: Shutting down and abandoning module SlateRemote (102)
[2017.05.01-22.26.57:935][946]LogModuleManager: Shutting down and abandoning module SteamVRController (101)
[2017.05.01-22.26.57:935][946]LogModuleManager: Shutting down and abandoning module SteamVR (100)
[2017.05.01-22.26.57:935][946]LogModuleManager: Shutting down and abandoning module ProceduralMeshComponent (99)
[2017.05.01-22.26.57:935][946]LogModuleManager: Shutting down and abandoning module OculusLibrary (98)
[2017.05.01-22.26.57:935][946]LogModuleManager: Shutting down and abandoning module OculusInput (97)
[2017.05.01-22.26.57:935][946]LogModuleManager: Shutting down and abandoning module MobilePatchingUtils (96)
[2017.05.01-22.26.57:935][946]LogModuleManager: Shutting down and abandoning module CustomMeshComponent (95)
[2017.05.01-22.26.57:935][946]LogModuleManager: Shutting down and abandoning module CableComponent (94)
[2017.05.01-22.26.57:935][946]LogModuleManager: Shutting down and abandoning module ArchVisCharacter (93)
[2017.05.01-22.26.57:935][946]LogModuleManager: Shutting down and abandoning module HTML5Networking (91)
[2017.05.01-22.26.57:935][946]LogModuleManager: Shutting down and abandoning module DesktopPlatform (90)
[2017.05.01-22.26.57:935][946]LogModuleManager: Shutting down and abandoning module DirectoryWatcher (89)
[2017.05.01-22.26.57:935][946]LogModuleManager: Shutting down and abandoning module HotReload (88)
[2017.05.01-22.26.57:935][946]LogModuleManager: Shutting down and abandoning module VisualStudioSourceCodeAccess (87)
[2017.05.01-22.26.57:935][946]LogModuleManager: Shutting down and abandoning module UObjectPlugin (86)
[2017.05.01-22.26.57:935][946]LogModuleManager: Shutting down and abandoning module SubversionSourceControl (85)
[2017.05.01-22.26.57:935][946]LogModuleManager: Shutting down and abandoning module SourceControl (84)
[2017.05.01-22.26.57:935][946]LogModuleManager: Shutting down and abandoning module PerforceSourceControl (83)
[2017.05.01-22.26.57:935][946]LogModuleManager: Shutting down and abandoning module UdpMessaging (82)
[2017.05.01-22.26.58:036][946]LogModuleManager: Shutting down and abandoning module TcpMessaging (81)
[2017.05.01-22.26.58:327][946]LogModuleManager: Shutting down and abandoning module LightPropagationVolumeRuntime (80)
[2017.05.01-22.26.58:327][946]LogModuleManager: Shutting down and abandoning module Paper2D (79)
[2017.05.01-22.26.58:327][946]LogModuleManager: Shutting down and abandoning module WindowsMoviePlayer (78)
[2017.05.01-22.26.58:327][946]LogModuleManager: Shutting down and abandoning module WmfMedia (77)
[2017.05.01-22.26.58:327][946]LogModuleManager: Shutting down and abandoning module MediaAssets (76)
[2017.05.01-22.26.58:327][946]LogModuleManager: Shutting down and abandoning module GameLiveStreaming (75)
[2017.05.01-22.26.58:327][946]LogModuleManager: Shutting down and abandoning module GameplayTagsEditor (74)
[2017.05.01-22.26.58:327][946]LogModuleManager: Shutting down and abandoning module VREditor (73)
[2017.05.01-22.26.58:327][946]LogModuleManager: Shutting down and abandoning module GameplayTasksEditor (72)
[2017.05.01-22.26.58:327][946]LogModuleManager: Shutting down and abandoning module BehaviorTreeEditor (71)
[2017.05.01-22.26.58:327][946]LogModuleManager: Shutting down and abandoning module FunctionalTesting (70)
[2017.05.01-22.26.58:327][946]LogModuleManager: Shutting down and abandoning module CollisionAnalyzer (69)
[2017.05.01-22.26.58:327][946]LogModuleManager: Shutting down and abandoning module Sequencer (68)
[2017.05.01-22.26.58:327][946]LogModuleManager: Shutting down and abandoning module WorkspaceMenuStructure (67)
[2017.05.01-22.26.58:327][946]LogModuleManager: Shutting down and abandoning module MessageLog (66)
[2017.05.01-22.26.58:327][946]LogModuleManager: Shutting down and abandoning module AssetTools (65)
[2017.05.01-22.26.58:327][946]LogModuleManager: Shutting down and abandoning module UMGEditor (64)
[2017.05.01-22.26.58:327][946]LogModuleManager: Shutting down and abandoning module UMG (63)
[2017.05.01-22.26.58:327][946]LogModuleManager: Shutting down and abandoning module SlateReflector (62)
[2017.05.01-22.26.58:327][946]LogModuleManager: Shutting down and abandoning module Slate (61)
[2017.05.01-22.26.58:327][946]LogModuleManager: Shutting down and abandoning module EditorStyle (60)
[2017.05.01-22.26.58:329][946]LogModuleManager: Shutting down and abandoning module Messaging (59)
[2017.05.01-22.26.58:329][946]LogModuleManager: Shutting down and abandoning module SourceCodeAccess (58)
[2017.05.01-22.26.58:329][946]LogModuleManager: Shutting down and abandoning module HeadMountedDisplay (57)
[2017.05.01-22.26.58:329][946]LogModuleManager: Shutting down and abandoning module XAudio2 (56)
[2017.05.01-22.26.58:329][946]LogModuleManager: Shutting down and abandoning module Networking (54)
[2017.05.01-22.26.58:329][946]LogModuleManager: Shutting down and abandoning module Core (53)
[2017.05.01-22.26.58:329][946]LogModuleManager: Shutting down and abandoning module KismetCompiler (52)
[2017.05.01-22.26.58:329][946]LogModuleManager: Shutting down and abandoning module PhysXFormats (51)
[2017.05.01-22.26.58:329][946]LogModuleManager: Shutting down and abandoning module SimplygonSwarm (50)
[2017.05.01-22.26.58:329][946]LogModuleManager: Shutting down and abandoning module SimplygonMeshReduction (49)
[2017.05.01-22.26.58:329][946]LogModuleManager: Shutting down and abandoning module QuadricMeshReduction (48)
[2017.05.01-22.26.58:329][946]LogModuleManager: Shutting down and abandoning module PropertyEditor (47)
[2017.05.01-22.26.58:329][946]LogModuleManager: Shutting down and abandoning module MeshUtilities (46)
[2017.05.01-22.26.58:329][946]LogModuleManager: Shutting down and abandoning module AssetRegistry (45)
[2017.05.01-22.26.58:329][946]LogModuleManager: Shutting down and abandoning module DerivedDataCache (44)
[2017.05.01-22.26.58:468][946]LogDerivedDataCache: Shutdown
[2017.05.01-22.26.58:468][946]LogModuleManager: Shutting down and abandoning module VulkanShaderFormat (43)
[2017.05.01-22.26.58:468][946]LogModuleManager: Shutting down and abandoning module ShaderFormatOpenGL (42)
[2017.05.01-22.26.58:468][946]LogModuleManager: Shutting down and abandoning module ShaderFormatD3D (41)
[2017.05.01-22.26.58:468][946]LogModuleManager: Shutting down and abandoning module MetalShaderFormat (40)
[2017.05.01-22.26.58:468][946]LogModuleManager: Shutting down and abandoning module TextureFormatUncompressed (39)
[2017.05.01-22.26.58:468][946]LogModuleManager: Shutting down and abandoning module TextureFormatPVR (38)
[2017.05.01-22.26.58:468][946]LogModuleManager: Shutting down and abandoning module TextureFormatDXT (37)
[2017.05.01-22.26.58:468][946]LogModuleManager: Shutting down and abandoning module TextureFormatIntelISPCTexComp (36)
[2017.05.01-22.26.58:469][946]LogModuleManager: Shutting down and abandoning module ImageWrapper (35)
[2017.05.01-22.26.58:469][946]LogModuleManager: Shutting down and abandoning module TextureFormatASTC (34)
[2017.05.01-22.26.58:469][946]LogModuleManager: Shutting down and abandoning module TextureFormatAndroid (33)
[2017.05.01-22.26.58:469][946]LogModuleManager: Shutting down and abandoning module AudioFormatOpus (32)
[2017.05.01-22.26.58:469][946]LogModuleManager: Shutting down and abandoning module AudioFormatOgg (31)
[2017.05.01-22.26.58:469][946]LogModuleManager: Shutting down and abandoning module AudioFormatADPCM (30)
[2017.05.01-22.26.58:469][946]LogModuleManager: Shutting down and abandoning module WindowsTargetPlatform (29)
[2017.05.01-22.26.58:469][946]LogModuleManager: Shutting down and abandoning module WindowsServerTargetPlatform (28)
[2017.05.01-22.26.58:469][946]LogModuleManager: Shutting down and abandoning module WindowsNoEditorTargetPlatform (27)
[2017.05.01-22.26.58:469][946]LogModuleManager: Shutting down and abandoning module WindowsClientTargetPlatform (26)
[2017.05.01-22.26.58:469][946]LogModuleManager: Shutting down and abandoning module TargetPlatform (25)
[2017.05.01-22.26.58:469][946]LogModuleManager: Shutting down and abandoning module InputCore (24)
[2017.05.01-22.26.58:469][946]LogModuleManager: Shutting down and abandoning module Settings (23)
[2017.05.01-22.26.58:469][946]LogModuleManager: Shutting down and abandoning module OculusRift (22)
[2017.05.01-22.26.58:469][946]LogModuleManager: Shutting down and abandoning module ExampleDeviceProfileSelector (21)
[2017.05.01-22.26.58:469][946]LogModuleManager: Shutting down and abandoning module OnlineBlueprintSupport (20)
[2017.05.01-22.26.58:469][946]LogModuleManager: Shutting down and abandoning module OnlineSubsystem (18)
[2017.05.01-22.26.58:469][946]LogOnline:Display: Unloading online subsystem: NULL
[2017.05.01-22.26.58:469][946]LogModuleManager: Shutting down and abandoning module SSL (17)
[2017.05.01-22.26.58:470][946]LogModuleManager: Shutting down and abandoning module HTTP (16)
[2017.05.01-22.26.58:470][946]LogModuleManager: Shutting down and abandoning module XMPP (15)
[2017.05.01-22.26.58:470][946]LogModuleManager: Shutting down and abandoning module TextureCompressor (14)
[2017.05.01-22.26.58:470][946]LogModuleManager: Shutting down and abandoning module ShaderCore (13)
[2017.05.01-22.26.58:470][946]LogModuleManager: Shutting down and abandoning module Landscape (12)
[2017.05.01-22.26.58:470][946]LogModuleManager: Shutting down and abandoning module SlateRHIRenderer (11)
[2017.05.01-22.26.58:470][946]LogModuleManager: Shutting down and abandoning module OpenGLDrv (10)
[2017.05.01-22.26.58:470][946]LogModuleManager: Shutting down and abandoning module D3D11RHI (9)
[2017.05.01-22.26.58:470][946]LogModuleManager: Shutting down and abandoning module AnimGraphRuntime (8)
[2017.05.01-22.26.58:470][946]LogModuleManager: Shutting down and abandoning module Renderer (7)
[2017.05.01-22.26.58:471][946]LogModuleManager: Shutting down and abandoning module Engine (6)
[2017.05.01-22.26.58:471][946]LogModuleManager: Shutting down and abandoning module CoreUObject (5)
[2017.05.01-22.26.58:471][946]LogModuleManager: Shutting down and abandoning module NetworkFile (4)
[2017.05.01-22.26.58:471][946]LogModuleManager: Shutting down and abandoning module StreamingFile (3)
[2017.05.01-22.26.58:471][946]LogModuleManager: Shutting down and abandoning module SandboxFile (2)
[2017.05.01-22.26.58:471][946]LogModuleManager: Shutting down and abandoning module PakFile (1)
[2017.05.01-22.26.58:472][946]LogExit: Exiting.
[2017.05.01-22.26.58:473][946]Log file closed, 05/01/17 17:26:58
