Log file open, 04/01/17 23:34:32
LogInit:Display: Running engine for game: Zombie_Tower_Defense
LogPlatformFile: Not using cached read wrapper
LogInit:Display: RandInit(1974650199) SRandInit(1974650199).
LogTaskGraph: Started task graph with 5 named threads and 8 total threads with 1 sets of task threads.
LogStats: Stats thread started at 0.067880
LogPluginManager: Loaded Plugin Paper2D, From B:/Unreal Engine 4.14.3/UE_4.14/Engine/Plugins/2D/Paper2D/Paper2D.uplugin
LogPluginManager: Loaded Plugin LightPropagationVolume, From B:/Unreal Engine 4.14.3/UE_4.14/Engine/Plugins/Blendables/LightPropagationVolume/LightPropagationVolume.uplugin
LogPluginManager: Loaded Plugin BlankPlugin, From B:/Unreal Engine 4.14.3/UE_4.14/Engine/Plugins/Developer/BlankPlugin/BlankPlugin.uplugin
LogPluginManager: Loaded Plugin CodeLiteSourceCodeAccess, From B:/Unreal Engine 4.14.3/UE_4.14/Engine/Plugins/Developer/CodeLiteSourceCodeAccess/CodeLiteSourceCodeAccess.uplugin
LogPluginManager: Loaded Plugin GitSourceControl, From B:/Unreal Engine 4.14.3/UE_4.14/Engine/Plugins/Developer/GitSourceControl/GitSourceControl.uplugin
LogPluginManager: Loaded Plugin KDevelopSourceCodeAccess, From B:/Unreal Engine 4.14.3/UE_4.14/Engine/Plugins/Developer/KDevelopSourceCodeAccess/KDevelopSourceCodeAccess.uplugin
LogPluginManager: Loaded Plugin NullSourceCodeAccess, From B:/Unreal Engine 4.14.3/UE_4.14/Engine/Plugins/Developer/NullSourceCodeAccess/NullSourceCodeAccess.uplugin
LogPluginManager: Loaded Plugin OneSkyLocalizationService, From B:/Unreal Engine 4.14.3/UE_4.14/Engine/Plugins/Developer/OneSkyLocalizationService/OneSkyLocalizationService.uplugin
LogPluginManager: Loaded Plugin PerforceSourceControl, From B:/Unreal Engine 4.14.3/UE_4.14/Engine/Plugins/Developer/PerforceSourceControl/PerforceSourceControl.uplugin
LogPluginManager: Loaded Plugin SubversionSourceControl, From B:/Unreal Engine 4.14.3/UE_4.14/Engine/Plugins/Developer/SubversionSourceControl/SubversionSourceControl.uplugin
LogPluginManager: Loaded Plugin UObjectPlugin, From B:/Unreal Engine 4.14.3/UE_4.14/Engine/Plugins/Developer/UObjectPlugin/UObjectPlugin.uplugin
LogPluginManager: Loaded Plugin VisualStudioSourceCodeAccess, From B:/Unreal Engine 4.14.3/UE_4.14/Engine/Plugins/Developer/VisualStudioSourceCodeAccess/VisualStudioSourceCodeAccess.uplugin
LogPluginManager: Loaded Plugin XCodeSourceCodeAccess, From B:/Unreal Engine 4.14.3/UE_4.14/Engine/Plugins/Developer/XCodeSourceCodeAccess/XCodeSourceCodeAccess.uplugin
LogPluginManager: Loaded Plugin AudioCapture, From B:/Unreal Engine 4.14.3/UE_4.14/Engine/Plugins/Editor/AudioCapture/AudioCapture.uplugin
LogPluginManager: Loaded Plugin EpicSurvey, From B:/Unreal Engine 4.14.3/UE_4.14/Engine/Plugins/Editor/EpicSurvey/EpicSurvey.uplugin
LogPluginManager: Loaded Plugin MacGraphicsSwitching, From B:/Unreal Engine 4.14.3/UE_4.14/Engine/Plugins/Editor/MacGraphicsSwitching/MacGraphicsSwitching.uplugin
LogPluginManager: Loaded Plugin MobileLauncherProfileWizard, From B:/Unreal Engine 4.14.3/UE_4.14/Engine/Plugins/Editor/MobileLauncherProfileWizard/MobileLauncherProfileWizard.uplugin
LogPluginManager: Loaded Plugin PluginBrowser, From B:/Unreal Engine 4.14.3/UE_4.14/Engine/Plugins/Editor/PluginBrowser/PluginBrowser.uplugin
LogPluginManager: Loaded Plugin SpeedTreeImporter, From B:/Unreal Engine 4.14.3/UE_4.14/Engine/Plugins/Editor/SpeedTreeImporter/SpeedTreeImporter.uplugin
LogPluginManager: Loaded Plugin SuperSearchEditor, From B:/Unreal Engine 4.14.3/UE_4.14/Engine/Plugins/Editor/SuperSearchEditor/SuperSearchEditor.uplugin
LogPluginManager: Loaded Plugin AlembicImporter, From B:/Unreal Engine 4.14.3/UE_4.14/Engine/Plugins/Experimental/AlembicImporter/AlembicImporter.uplugin
LogPluginManager: Loaded Plugin BlueprintStats, From B:/Unreal Engine 4.14.3/UE_4.14/Engine/Plugins/Experimental/BlueprintStats/BlueprintStats.uplugin
LogPluginManager: Loaded Plugin CharacterAI, From B:/Unreal Engine 4.14.3/UE_4.14/Engine/Plugins/Experimental/CharacterAI/CharacterAI.uplugin
LogPluginManager: Loaded Plugin CodeEditor, From B:/Unreal Engine 4.14.3/UE_4.14/Engine/Plugins/Experimental/CodeEditor/CodeEditor.uplugin
LogPluginManager: Loaded Plugin CodeView, From B:/Unreal Engine 4.14.3/UE_4.14/Engine/Plugins/Experimental/CodeView/CodeView.uplugin
LogPluginManager: Loaded Plugin HTML5Networking, From B:/Unreal Engine 4.14.3/UE_4.14/Engine/Plugins/Experimental/HTML5Networking/HTML5Networking.uplugin
LogPluginManager: Loaded Plugin OSVR, From B:/Unreal Engine 4.14.3/UE_4.14/Engine/Plugins/Experimental/OSVR/OSVR.uplugin
LogPluginManager: Loaded Plugin Phya, From B:/Unreal Engine 4.14.3/UE_4.14/Engine/Plugins/Experimental/Phya/Phya.uplugin
LogPluginManager: Loaded Plugin SignificanceManager, From B:/Unreal Engine 4.14.3/UE_4.14/Engine/Plugins/Experimental/SignificanceManager/SignificanceManager.uplugin
LogPluginManager: Loaded Plugin SimpleHMD, From B:/Unreal Engine 4.14.3/UE_4.14/Engine/Plugins/Experimental/SimpleHMD/SimpleHMD.uplugin
LogPluginManager: Loaded Plugin StereoPanorama, From B:/Unreal Engine 4.14.3/UE_4.14/Engine/Plugins/Experimental/StereoPanorama/StereoPanorama.uplugin
LogPluginManager: Loaded Plugin StructBox, From B:/Unreal Engine 4.14.3/UE_4.14/Engine/Plugins/Experimental/StructBox/StructBox.uplugin
LogPluginManager: Loaded Plugin AndroidMedia, From B:/Unreal Engine 4.14.3/UE_4.14/Engine/Plugins/Media/AndroidMedia/AndroidMedia.uplugin
LogPluginManager: Loaded Plugin AvfMedia, From B:/Unreal Engine 4.14.3/UE_4.14/Engine/Plugins/Media/AvfMedia/AvfMedia.uplugin
LogPluginManager: Loaded Plugin MediaPlayerEditor, From B:/Unreal Engine 4.14.3/UE_4.14/Engine/Plugins/Media/MediaPlayerEditor/MediaPlayerEditor.uplugin
LogPluginManager: Loaded Plugin WmfMedia, From B:/Unreal Engine 4.14.3/UE_4.14/Engine/Plugins/Media/WmfMedia/WmfMedia.uplugin
LogPluginManager: Loaded Plugin MessagingDebugger, From B:/Unreal Engine 4.14.3/UE_4.14/Engine/Plugins/Messaging/MessagingDebugger/MessagingDebugger.uplugin
LogPluginManager: Loaded Plugin TcpMessaging, From B:/Unreal Engine 4.14.3/UE_4.14/Engine/Plugins/Messaging/TcpMessaging/TcpMessaging.uplugin
LogPluginManager: Loaded Plugin UdpMessaging, From B:/Unreal Engine 4.14.3/UE_4.14/Engine/Plugins/Messaging/UdpMessaging/UdpMessaging.uplugin
LogPluginManager: Loaded Plugin LevelSequenceEditor, From B:/Unreal Engine 4.14.3/UE_4.14/Engine/Plugins/MovieScene/LevelSequenceEditor/LevelSequenceEditor.uplugin
LogPluginManager: Loaded Plugin MatineeToLevelSequence, From B:/Unreal Engine 4.14.3/UE_4.14/Engine/Plugins/MovieScene/MatineeToLevelSequence/MatineeToLevelSequence.uplugin
LogPluginManager: Loaded Plugin NetcodeUnitTest, From B:/Unreal Engine 4.14.3/UE_4.14/Engine/Plugins/NetcodeUnitTest/NetcodeUnitTest/NetcodeUnitTest.uplugin
LogPluginManager: Loaded Plugin NUTUnrealEngine4, From B:/Unreal Engine 4.14.3/UE_4.14/Engine/Plugins/NetcodeUnitTest/NUTUnrealEngine4/NUTUnrealEngine4.uplugin
LogPluginManager: Loaded Plugin OnlineSubsystemGameCircle, From B:/Unreal Engine 4.14.3/UE_4.14/Engine/Plugins/Online/Android/OnlineSubsystemGameCircle/OnlineSubsystemGameCircle.uplugin
LogPluginManager: Loaded Plugin OnlineSubsystemGooglePlay, From B:/Unreal Engine 4.14.3/UE_4.14/Engine/Plugins/Online/Android/OnlineSubsystemGooglePlay/OnlineSubsystemGooglePlay.uplugin
LogPluginManager: Loaded Plugin OnlineSubsystemIOS, From B:/Unreal Engine 4.14.3/UE_4.14/Engine/Plugins/Online/IOS/OnlineSubsystemIOS/OnlineSubsystemIOS.uplugin
LogPluginManager: Loaded Plugin OnlineFramework, From B:/Unreal Engine 4.14.3/UE_4.14/Engine/Plugins/Online/OnlineFramework/OnlineFramework.uplugin
LogPluginManager: Loaded Plugin OnlineSubsystem, From B:/Unreal Engine 4.14.3/UE_4.14/Engine/Plugins/Online/OnlineSubsystem/OnlineSubsystem.uplugin
LogPluginManager: Loaded Plugin OnlineSubsystemAmazon, From B:/Unreal Engine 4.14.3/UE_4.14/Engine/Plugins/Online/OnlineSubsystemAmazon/OnlineSubsystemAmazon.uplugin
LogPluginManager: Loaded Plugin OnlineSubsystemFacebook, From B:/Unreal Engine 4.14.3/UE_4.14/Engine/Plugins/Online/OnlineSubsystemFacebook/OnlineSubsystemFacebook.uplugin
LogPluginManager: Loaded Plugin OnlineSubsystemNull, From B:/Unreal Engine 4.14.3/UE_4.14/Engine/Plugins/Online/OnlineSubsystemNull/OnlineSubsystemNull.uplugin
LogPluginManager: Loaded Plugin OnlineSubsystemOculus, From B:/Unreal Engine 4.14.3/UE_4.14/Engine/Plugins/Online/OnlineSubsystemOculus/OnlineSubsystemOculus.uplugin
LogPluginManager: Loaded Plugin OnlineSubsystemSteam, From B:/Unreal Engine 4.14.3/UE_4.14/Engine/Plugins/Online/OnlineSubsystemSteam/OnlineSubsystemSteam.uplugin
LogPluginManager: Loaded Plugin OnlineSubsystemUtils, From B:/Unreal Engine 4.14.3/UE_4.14/Engine/Plugins/Online/OnlineSubsystemUtils/OnlineSubsystemUtils.uplugin
LogPluginManager: Loaded Plugin IOSTapJoy, From B:/Unreal Engine 4.14.3/UE_4.14/Engine/Plugins/Runtime/Advertising/IOSTapJoy/IOSTapJoy.uplugin
LogPluginManager: Loaded Plugin AnalyticsBlueprintLibrary, From B:/Unreal Engine 4.14.3/UE_4.14/Engine/Plugins/Runtime/Analytics/AnalyticsBlueprintLibrary/AnalyticsBlueprintLibrary.uplugin
LogPluginManager: Loaded Plugin AnalyticsMulticast, From B:/Unreal Engine 4.14.3/UE_4.14/Engine/Plugins/Runtime/Analytics/AnalyticsMulticast/AnalyticsMulticast.uplugin
LogPluginManager: Loaded Plugin Apsalar, From B:/Unreal Engine 4.14.3/UE_4.14/Engine/Plugins/Runtime/Analytics/Apsalar/Apsalar.uplugin
LogPluginManager: Loaded Plugin FileLogging, From B:/Unreal Engine 4.14.3/UE_4.14/Engine/Plugins/Runtime/Analytics/FileLogging/FileLogging.uplugin
LogPluginManager: Loaded Plugin Flurry, From B:/Unreal Engine 4.14.3/UE_4.14/Engine/Plugins/Runtime/Analytics/Flurry/Flurry.uplugin
LogPluginManager: Loaded Plugin AndroidDeviceProfileSelector, From B:/Unreal Engine 4.14.3/UE_4.14/Engine/Plugins/Runtime/AndroidDeviceProfileSelector/AndroidDeviceProfileSelector.uplugin
LogPluginManager: Loaded Plugin AndroidMoviePlayer, From B:/Unreal Engine 4.14.3/UE_4.14/Engine/Plugins/Runtime/AndroidMoviePlayer/AndroidMoviePlayer.uplugin
LogPluginManager: Loaded Plugin AppleMoviePlayer, From B:/Unreal Engine 4.14.3/UE_4.14/Engine/Plugins/Runtime/AppleMoviePlayer/AppleMoviePlayer.uplugin
LogPluginManager: Loaded Plugin ArchVisCharacter, From B:/Unreal Engine 4.14.3/UE_4.14/Engine/Plugins/Runtime/ArchVisCharacter/ArchVisCharacter.uplugin
LogPluginManager: Loaded Plugin CableComponent, From B:/Unreal Engine 4.14.3/UE_4.14/Engine/Plugins/Runtime/CableComponent/CableComponent.uplugin
LogPluginManager: Loaded Plugin CustomMeshComponent, From B:/Unreal Engine 4.14.3/UE_4.14/Engine/Plugins/Runtime/CustomMeshComponent/CustomMeshComponent.uplugin
LogPluginManager: Loaded Plugin ExampleDeviceProfileSelector, From B:/Unreal Engine 4.14.3/UE_4.14/Engine/Plugins/Runtime/ExampleDeviceProfileSelector/ExampleDeviceProfileSelector.uplugin
LogPluginManager: Loaded Plugin GearVR, From B:/Unreal Engine 4.14.3/UE_4.14/Engine/Plugins/Runtime/GearVR/GearVR.uplugin
LogPluginManager: Loaded Plugin GoogleVRController, From B:/Unreal Engine 4.14.3/UE_4.14/Engine/Plugins/Runtime/GoogleVR/GoogleVRController/GoogleVRController.uplugin
LogPluginManager: Loaded Plugin GoogleVRHMD, From B:/Unreal Engine 4.14.3/UE_4.14/Engine/Plugins/Runtime/GoogleVR/GoogleVRHMD/GoogleVRHMD.uplugin
LogPluginManager: Loaded Plugin IOSDeviceProfileSelector, From B:/Unreal Engine 4.14.3/UE_4.14/Engine/Plugins/Runtime/IOSDeviceProfileSelector/IOSDeviceProfileSelector.uplugin
LogPluginManager: Loaded Plugin LeapMotion, From B:/Unreal Engine 4.14.3/UE_4.14/Engine/Plugins/Runtime/LeapMotion/LeapMotion.uplugin
LogPluginManager: Loaded Plugin LinuxDeviceProfileSelector, From B:/Unreal Engine 4.14.3/UE_4.14/Engine/Plugins/Runtime/LinuxDeviceProfileSelector/LinuxDeviceProfileSelector.uplugin
LogPluginManager: Loaded Plugin MIDIDevice, From B:/Unreal Engine 4.14.3/UE_4.14/Engine/Plugins/Runtime/MIDIDevice/MIDIDevice.uplugin
LogPluginManager: Loaded Plugin MobilePatchingUtils, From B:/Unreal Engine 4.14.3/UE_4.14/Engine/Plugins/Runtime/MobilePatchingUtils/MobilePatchingUtils.uplugin
LogPluginManager: Loaded Plugin Ansel, From B:/Unreal Engine 4.14.3/UE_4.14/Engine/Plugins/Runtime/Nvidia/Ansel/Ansel.uplugin
LogPluginManager: Loaded Plugin OculusAudio, From B:/Unreal Engine 4.14.3/UE_4.14/Engine/Plugins/Runtime/OculusAudio/OculusAudio.uplugin
LogPluginManager: Loaded Plugin OculusInput, From B:/Unreal Engine 4.14.3/UE_4.14/Engine/Plugins/Runtime/OculusInput/OculusInput.uplugin
LogPluginManager: Loaded Plugin OculusLibrary, From B:/Unreal Engine 4.14.3/UE_4.14/Engine/Plugins/Runtime/OculusLibrary/OculusLibrary.uplugin
LogPluginManager: Loaded Plugin OculusRift, From B:/Unreal Engine 4.14.3/UE_4.14/Engine/Plugins/Runtime/OculusRift/OculusRift.uplugin
LogPluginManager: Loaded Plugin Oodle, From B:/Unreal Engine 4.14.3/UE_4.14/Engine/Plugins/Runtime/PacketHandlers/CompressionComponents/Oodle/Oodle.uplugin
LogPluginManager: Loaded Plugin ProceduralMeshComponent, From B:/Unreal Engine 4.14.3/UE_4.14/Engine/Plugins/Runtime/ProceduralMeshComponent/ProceduralMeshComponent.uplugin
LogPluginManager: Loaded Plugin SoundMod, From B:/Unreal Engine 4.14.3/UE_4.14/Engine/Plugins/Runtime/SoundMod/SoundMod.uplugin
LogPluginManager: Loaded Plugin SoundVisualizations, From B:/Unreal Engine 4.14.3/UE_4.14/Engine/Plugins/Runtime/SoundVisualizations/SoundVisualizations.uplugin
LogPluginManager: Loaded Plugin SteamController, From B:/Unreal Engine 4.14.3/UE_4.14/Engine/Plugins/Runtime/Steam/SteamController/SteamController.uplugin
LogPluginManager: Loaded Plugin SteamVR, From B:/Unreal Engine 4.14.3/UE_4.14/Engine/Plugins/Runtime/Steam/SteamVR/SteamVR.uplugin
LogPluginManager: Loaded Plugin WebBrowserWidget, From B:/Unreal Engine 4.14.3/UE_4.14/Engine/Plugins/Runtime/WebBrowserWidget/WebBrowserWidget.uplugin
LogPluginManager: Loaded Plugin WindowsDeviceProfileSelector, From B:/Unreal Engine 4.14.3/UE_4.14/Engine/Plugins/Runtime/WindowsDeviceProfileSelector/WindowsDeviceProfileSelector.uplugin
LogPluginManager: Loaded Plugin WindowsMoviePlayer, From B:/Unreal Engine 4.14.3/UE_4.14/Engine/Plugins/Runtime/WindowsMoviePlayer/WindowsMoviePlayer.uplugin
LogPluginManager: Loaded Plugin ScriptPlugin, From B:/Unreal Engine 4.14.3/UE_4.14/Engine/Plugins/ScriptPlugin/ScriptPlugin.uplugin
LogPluginManager: Loaded Plugin SlateRemote, From B:/Unreal Engine 4.14.3/UE_4.14/Engine/Plugins/Slate/SlateRemote/SlateRemote.uplugin
LogPluginManager: Loaded Plugin EditorTests, From B:/Unreal Engine 4.14.3/UE_4.14/Engine/Plugins/Tests/EditorTests/EditorTests.uplugin
LogPluginManager: Loaded Plugin FbxAutomationTestBuilder, From B:/Unreal Engine 4.14.3/UE_4.14/Engine/Plugins/Tests/FbxAutomationTestBuilder/FbxAutomationTestBuilder.uplugin
LogPluginManager: Loaded Plugin FunctionalTestingEditor, From B:/Unreal Engine 4.14.3/UE_4.14/Engine/Plugins/Tests/FunctionalTestingEditor/FunctionalTestingEditor.uplugin
LogPluginManager: Loaded Plugin RuntimeTests, From B:/Unreal Engine 4.14.3/UE_4.14/Engine/Plugins/Tests/RuntimeTests/RuntimeTests.uplugin
LogPluginManager: Loaded Plugin ScreenshotTools, From B:/Unreal Engine 4.14.3/UE_4.14/Engine/Plugins/Tests/ScreenshotTools/ScreenshotTools.uplugin
LogInit: Using libcurl 7.47.1
LogInit:  - built for x86_64-pc-win32
LogInit:  - supports SSL with OpenSSL/1.0.2g
LogInit:  - supports HTTP deflate (compression) using libz 1.2.8
LogInit:  - other features:
LogInit:      CURL_VERSION_SSL
LogInit:      CURL_VERSION_LIBZ
LogInit:      CURL_VERSION_IPV6
LogInit:      CURL_VERSION_ASYNCHDNS
LogInit:      CURL_VERSION_LARGEFILE
LogInit:      CURL_VERSION_IDN
LogInit:  CurlRequestOptions (configurable via config and command line):
LogInit:  - bVerifyPeer = false  - Libcurl will NOT verify peer certificate
LogInit:  - bUseHttpProxy = false  - Libcurl will NOT use HTTP proxy
LogInit:  - bDontReuseConnections = false  - Libcurl will reuse connections
LogInit:  - CertBundlePath = nullptr  - Libcurl will use whatever was configured at build time.
LogInit: Build: ++UE4+Release-4.14-CL-3249277
LogInit: Engine Version: 4.14.3-3249277+++UE4+Release-4.14
LogInit: Compatible Engine Version: 4.14.0-3195953+++UE4+Release-4.14
LogInit: Net CL: 3195953
LogDevObjectVersion: Number of dev versions registered: 13
LogDevObjectVersion:   Dev-Blueprints (B0D832E4-1F89-4F0D-ACCF-7EB736FD4AA2): 7
LogDevObjectVersion:   Dev-Build (E1C64328-A22C-4D53-A36C-8E866417BD8C): 0
LogDevObjectVersion:   Dev-Core (375EC13C-06E4-48FB-B500-84F0262A717E): 1
LogDevObjectVersion:   Dev-Editor (E4B068ED-F494-42E9-A231-DA0B2E46BB41): 8
LogDevObjectVersion:   Dev-Framework (CFFC743F-43B0-4480-9391-14DF171D2073): 17
LogDevObjectVersion:   Dev-Mobile (B02B49B5-BB20-44E9-A304-32B752E40360): 0
LogDevObjectVersion:   Dev-Networking (A4E4105C-59A1-49B5-A7C5-40C4547EDFEE): 0
LogDevObjectVersion:   Dev-Online (39C831C9-5AE6-47DC-9A44-9C173E1C8E7C): 0
LogDevObjectVersion:   Dev-Physics (78F01B33-EBEA-4F98-B9B4-84EACCB95AA2): 0
LogDevObjectVersion:   Dev-Platform (6631380F-2D4D-43E0-8009-CF276956A95A): 0
LogDevObjectVersion:   Dev-Rendering (12F88B9F-8875-4AFC-A67C-D90C383ABD29): 12
LogDevObjectVersion:   Dev-Sequencer (7B5AE74C-D270-4C10-A958-57980B212A5A): 1
LogDevObjectVersion:   Dev-VR (D7296918-1DD6-4BDD-9DE2-64A83CC13884): 0
LogInit: Compiled (64-bit): Jan  6 2017 10:49:43
LogInit: Compiled with Visual C++: 19.00.23026.00
LogInit: Build Configuration: Development
LogInit: Branch Name: ++UE4+Release-4.14
LogInit: Command line:  
LogInit: Base directory: B:/Unreal Engine 4.14.3/UE_4.14/Engine/Binaries/Win64/
LogInit: Installed Engine Build: 1
LogInit: Presizing for max 8388607 objects, including 0 objects not considered by GC, pre-allocating 0 bytes for permanent pool.
LogInit: Object subsystem initialized
[2017.04.02-04.34.33:001][  0]LogInit: Selected Device Profile: [Windows]
[2017.04.02-04.34.33:001][  0]LogInit: Applying CVar settings loaded from the selected device profile: [Windows]
[2017.04.02-04.34.33:008][  0]LogInit: Computer: MASTACHIEF-PC
[2017.04.02-04.34.33:008][  0]LogInit: User: MASTACHIEF
[2017.04.02-04.34.33:008][  0]LogInit: CPU Page size=65536, Cores=4
[2017.04.02-04.34.33:008][  0]LogInit: High frequency timer resolution =3.330156 MHz
[2017.04.02-04.34.33:008][  0]LogMemory: Memory total: Physical=16.0GB (16GB approx)
[2017.04.02-04.34.33:008][  0]LogMemory: Platform Memory Stats for Windows
[2017.04.02-04.34.33:008][  0]LogMemory: Process Physical Memory: 263.39 MB used, 263.39 MB peak
[2017.04.02-04.34.33:008][  0]LogMemory: Process Virtual Memory: 264.30 MB used, 264.30 MB peak
[2017.04.02-04.34.33:008][  0]LogMemory: Physical Memory: 5987.23 MB used,  10352.34 MB free, 16339.57 MB total
[2017.04.02-04.34.33:008][  0]LogMemory: Virtual Memory: 659.89 MB used,  10352.34 MB free, 8388608.00 MB total
[2017.04.02-04.34.33:036][  0]LogTextLocalizationManager: No specific translations for ('en-US') exist, so ('en') translations will be used.
[2017.04.02-04.34.33:559][  0]LogD3D11RHI: D3D11 adapters:
[2017.04.02-04.34.33:763][  0]LogD3D11RHI:    0. 'NVIDIA GeForce GTX 970' (Feature Level 11_0)
[2017.04.02-04.34.33:763][  0]LogD3D11RHI:       4007/0/7913 MB DedicatedVideo/DedicatedSystem/SharedSystem, Outputs:1, VendorId:0x10de
[2017.04.02-04.34.33:763][  0]LogD3D11RHI: Chosen D3D11 Adapter: 0
[2017.04.02-04.34.33:767][  0]LogD3D11RHI: Creating new Direct3DDevice
[2017.04.02-04.34.33:767][  0]LogD3D11RHI:     GPU DeviceId: 0x13c2 (for the marketing name, search the web for "GPU Device Id")
[2017.04.02-04.34.33:767][  0]LogWindows: EnumDisplayDevices:
[2017.04.02-04.34.33:767][  0]LogWindows:    0. 'NVIDIA GeForce GTX 970' (P:1 D:1)
[2017.04.02-04.34.33:767][  0]LogWindows:    1. 'NVIDIA GeForce GTX 970' (P:0 D:0)
[2017.04.02-04.34.33:767][  0]LogWindows:    2. 'NVIDIA GeForce GTX 970' (P:0 D:0)
[2017.04.02-04.34.33:768][  0]LogWindows:    3. 'NVIDIA GeForce GTX 970' (P:0 D:0)
[2017.04.02-04.34.33:768][  0]LogWindows:    4. 'RDPDD Chained DD' (P:0 D:0)
[2017.04.02-04.34.33:768][  0]LogWindows:    5. 'RDP Encoder Mirror Driver' (P:0 D:0)
[2017.04.02-04.34.33:768][  0]LogWindows:    6. 'RDP Reflector Display Driver' (P:0 D:0)
[2017.04.02-04.34.33:768][  0]LogWindows: DebugString: GetVideoDriverDetailsInvalid PrimaryIsNotTheChoosenAdapter GetVideoDriverDetailsInvalid PrimaryIsNotTheChoosenAdapter GetVideoDriverDetailsInvalid PrimaryIsNotTheChoosenAdapter FoundDriverCount:4 
[2017.04.02-04.34.33:768][  0]LogD3D11RHI:     Adapter Name: NVIDIA GeForce GTX 970
[2017.04.02-04.34.33:768][  0]LogD3D11RHI:   Driver Version: 376.33 (internal:21.21.13.7633, unified:376.33)
[2017.04.02-04.34.33:768][  0]LogD3D11RHI:      Driver Date: 12-11-2016
[2017.04.02-04.34.33:768][  0]LogRHI: Texture pool is 1361 MB (70% of 1945 MB)
[2017.04.02-04.34.33:959][  0]LogD3D11RHI: Async texture creation enabled
[2017.04.02-04.34.33:985][  0]LogD3D11RHI: GPU Timing Frequency: 1000.000000 (Debug: 2 2)
[2017.04.02-04.34.33:985][  0]LogShaderCompilers: Guid format shader working directory is -7 characters bigger than the processId version (../../../../../UE4 Projects/ZombieStuff/Zombie_TowerDefense/Intermediate/Shaders/WorkingDirectory/6336/).
[2017.04.02-04.34.33:985][  0]LogShaderCompilers: Cleaned the shader compiler working directory 'C:/Users/MASTA CHIEF/AppData/Local/Temp/UnrealShaderWorkingDir/511B6521467A8BBABB53208C851C084C/'.
[2017.04.02-04.34.33:985][  0]LogShaderCompilers:Display: Using Local Shader Compiler.
[2017.04.02-04.34.34:907][  0]LogTemp:Display: Loaded TP AllDesktopTargetPlatform
[2017.04.02-04.34.34:948][  0]LogTemp:Display: Loaded TP MacClientTargetPlatform
[2017.04.02-04.34.34:989][  0]LogTemp:Display: Loaded TP MacNoEditorTargetPlatform
[2017.04.02-04.34.35:031][  0]LogTemp:Display: Loaded TP MacServerTargetPlatform
[2017.04.02-04.34.35:073][  0]LogTemp:Display: Loaded TP MacTargetPlatform
[2017.04.02-04.34.35:114][  0]LogTemp:Display: Loaded TP WindowsClientTargetPlatform
[2017.04.02-04.34.35:156][  0]LogTemp:Display: Loaded TP WindowsNoEditorTargetPlatform
[2017.04.02-04.34.35:198][  0]LogTemp:Display: Loaded TP WindowsServerTargetPlatform
[2017.04.02-04.34.35:228][  0]LogTemp:Display: Loaded TP WindowsTargetPlatform
[2017.04.02-04.34.35:269][  0]LogTemp:Display: Loaded TP AndroidTargetPlatform
[2017.04.02-04.34.35:309][  0]LogTemp:Display: Loaded TP Android_ASTCTargetPlatform
[2017.04.02-04.34.35:351][  0]LogTemp:Display: Loaded TP Android_ATCTargetPlatform
[2017.04.02-04.34.35:391][  0]LogTemp:Display: Loaded TP Android_DXTTargetPlatform
[2017.04.02-04.34.35:432][  0]LogTemp:Display: Loaded TP Android_ETC1TargetPlatform
[2017.04.02-04.34.35:473][  0]LogTemp:Display: Loaded TP Android_ETC2TargetPlatform
[2017.04.02-04.34.35:553][  0]LogTemp:Display: Loaded TP Android_MultiTargetPlatform
[2017.04.02-04.34.35:553][  0]LogTemp:Display: Loaded TP Android_PVRTCTargetPlatform
[2017.04.02-04.34.35:577][  0]LogTemp:Display: Loaded TP HTML5TargetPlatform
[2017.04.02-04.34.35:640][  0]LogTemp:Display: Loaded TP IOSTargetPlatform
[2017.04.02-04.34.35:668][  0]LogTemp:Display: Loaded TP TVOSTargetPlatform
[2017.04.02-04.34.35:708][  0]LogTemp:Display: Loaded TP LinuxClientTargetPlatform
[2017.04.02-04.34.35:749][  0]LogTemp:Display: Loaded TP LinuxNoEditorTargetPlatform
[2017.04.02-04.34.35:789][  0]LogTemp:Display: Loaded TP LinuxServerTargetPlatform
[2017.04.02-04.34.35:831][  0]LogTemp:Display: Loaded TP LinuxTargetPlatform
[2017.04.02-04.34.35:831][  0]LogTargetPlatformManager:Display: Building Assets For Windows
[2017.04.02-04.34.36:073][  0]LogDerivedDataCache:Display: Max Cache Size: 512 MB
[2017.04.02-04.34.36:117][  0]LogDerivedDataCache: Loaded boot cache 0.04s 50MB C:/Users/MASTA CHIEF/AppData/Local/UnrealEngine/4.14/DerivedDataCache/Boot.ddc.
[2017.04.02-04.34.36:117][  0]LogDerivedDataCache:Display: Loaded Boot cache: C:/Users/MASTA CHIEF/AppData/Local/UnrealEngine/4.14/DerivedDataCache/Boot.ddc
[2017.04.02-04.34.36:117][  0]LogDerivedDataCache: FDerivedDataBackendGraph:  Pak pak cache file ../../../../../UE4 Projects/ZombieStuff/Zombie_TowerDefense/DerivedDataCache/DDC.ddp not found, will not use a pak cache.
[2017.04.02-04.34.36:117][  0]LogDerivedDataCache: Unable to find inner node Pak for hierarchical cache Hierarchy.
[2017.04.02-04.34.36:117][  0]LogDerivedDataCache: FDerivedDataBackendGraph:  CompressedPak pak cache file ../../../../../UE4 Projects/ZombieStuff/Zombie_TowerDefense/DerivedDataCache/Compressed.ddp not found, will not use a pak cache.
[2017.04.02-04.34.36:117][  0]LogDerivedDataCache: Unable to find inner node CompressedPak for hierarchical cache Hierarchy.
[2017.04.02-04.34.36:134][  0]LogDerivedDataCache:Display: Pak cache opened for reading ../../../Engine/DerivedDataCache/Compressed.ddp.
[2017.04.02-04.34.36:144][  0]LogDerivedDataCache: Using Local data cache path C:/Users/MASTA CHIEF/AppData/Local/UnrealEngine/Common/DerivedDataCache: Writable
[2017.04.02-04.34.36:349][  0]LogInit: Selected Device Profile: [Windows]
[2017.04.02-04.34.36:352][  0]LogContentStreaming: Texture pool size is 0.00 MB
[2017.04.02-04.34.36:523][  0]LogMeshUtilities: Using QuadricMeshReduction for automatic static mesh reduction
[2017.04.02-04.34.36:550][  0]LogSimplygon: Simplygon DLL not present - disabling.
[2017.04.02-04.34.36:578][  0]LogMeshUtilities: Using SimplygonSwarm for distributed automatic mesh merging
[2017.04.02-04.34.36:578][  0]LogMeshUtilities: No automatic skeletal mesh reduction module available
[2017.04.02-04.34.36:578][  0]LogMeshUtilities: No automatic mesh merging module available
[2017.04.02-04.34.37:000][  0]LogNetVersion: GetLocalNetworkVersion: CL: 3195953, ProjectName: zombie_tower_defense, ProjectVersion: , EngineNetworkVersion: 2, GameNetworkVersion: 0, NetworkChecksum: 2528811943
[2017.04.02-04.34.37:047][  0]LogAssetRegistry: FAssetRegistry took 0.0205 seconds to start up
[2017.04.02-04.34.37:074][  0]LogPackageLocalizationCache: Processed 3 localized package path(s) for 2 prioritized culture(s) in 0.013665 seconds
[2017.04.02-04.34.37:079][  0]LogUObjectArray: 31946 objects as part of root set at end of initial load.
[2017.04.02-04.34.37:079][  0]LogUObjectAllocator: 6935840 out of 0 bytes used by permanent object pool.
[2017.04.02-04.34.37:079][  0]LogUObjectArray: CloseDisregardForGC: 0/0 objects in disregard for GC pool
[2017.04.02-04.34.37:115][  0]LogInit: WinSock: version 1.1 (2.2), MaxSocks=32767, MaxUdp=65467
[2017.04.02-04.34.37:573][  0]LogSlate: Using Freetype 2.6.0
[2017.04.02-04.34.37:573][  0]LogSlate: SlateFontCache - WITH_FREETYPE: 1, WITH_HARFBUZZ: 1
[2017.04.02-04.34.37:573][  0]LogSlate: SlateFontCache - WITH_FREETYPE: 1, WITH_HARFBUZZ: 1
[2017.04.02-04.34.38:190][  0]LogTcpMessaging: Initializing TcpMessaging bridge
[2017.04.02-04.34.38:217][  0]LogUdpMessaging: Initializing bridge on interface 0.0.0.0:0 to multicast group 230.0.0.1:6666.
[2017.04.02-04.34.38:436][  0]LogMaterial: Uniform references updated for custom material expression Custom.
[2017.04.02-04.34.38:698][  0]SourceControl: Info Source control is disabled
[2017.04.02-04.34.38:698][  0]SourceControl: Info Source control is disabled
[2017.04.02-04.34.38:727][  0]SourceControl: Info Source control is disabled
[2017.04.02-04.34.38:755][  0]SourceControl: Info Source control is disabled
[2017.04.02-04.34.39:563][  0]LogEngine: Initializing Engine...
[2017.04.02-04.34.39:563][  0]LogHMD: Failed to initialize OpenVR with code 110
[2017.04.02-04.34.39:758][  0]LogAIModule: Creating AISystem for world Untitled
[2017.04.02-04.34.39:769][  0]LogInit: XAudio2 using 'Speakers (Realtek High Definition Audio)' : 8 channels at 48 kHz using 32 bits per sample (channel mask 0x63f)
[2017.04.02-04.34.39:787][  0]LogInit: FAudioDevice initialized.
[2017.04.02-04.34.39:813][  0]LogDerivedDataCache: Saved boot cache 0.03s 50MB C:/Users/MASTA CHIEF/AppData/Local/UnrealEngine/4.14/DerivedDataCache/Boot.ddc.
[2017.04.02-04.34.39:818][  0]LogInit: Texture streaming: Enabled
[2017.04.02-04.34.39:931][  0]LogInit: Transaction tracking system initialized
[2017.04.02-04.34.40:146][  0]BlueprintLog: New page: Editor Load
[2017.04.02-04.34.40:693][  0]LocalizationService: Info Localization service is disabled
[2017.04.02-04.34.41:112][  0]LogConsoleResponse:Display: 
[2017.04.02-04.34.41:225][  0]LogCook:Display: Max memory allowance for cook 16384mb min free memory 0mb
[2017.04.02-04.34.41:225][  0]LogCook:Display: Mobile HDR setting 1
[2017.04.02-04.34.41:457][  0]LogFileCache: Scanning file cache for directory 'B:/UE4 Projects/ZombieStuff/Zombie_TowerDefense/Content/' took 0.01s
[2017.04.02-04.34.41:819][  0]SourceControl: Info Source control is disabled
[2017.04.02-04.34.41:819][  0]Cmd: MAP LOAD FILE="../../../../../UE4 Projects/ZombieStuff/Zombie_TowerDefense/Content/ZTD_Blueprint/Maps/Menu_Main.umap" TEMPLATE=0 SHOWPROGRESS=1 FEATURELEVEL=3
[2017.04.02-04.34.41:820][  0]LightingResults: New page: Lighting Build
[2017.04.02-04.34.41:846][  0]MapCheck: New page: Map Check
[2017.04.02-04.34.41:846][  0]LightingResults: New page: Lighting Build
[2017.04.02-04.34.41:903][  0]LogAIModule: Creating AISystem for world Menu_Main
[2017.04.02-04.34.41:904][  0]LogEditorServer: Finished looking for orphan Actors (0.000 secs)
[2017.04.02-04.34.41:904][  0]Cmd: MAP CHECKDEP NOCLEARLOG
[2017.04.02-04.34.41:929][  0]MapCheck: Info Map check complete: 0 Error(s), 0 Warning(s), took 24.632ms to complete.
[2017.04.02-04.34.41:929][  0]LogFileHelpers: Loading map 'Menu_Main' took 0.110
[2017.04.02-04.34.42:040][  0]LogCollectionManager: Loaded 0 collections in 0.001201 seconds
[2017.04.02-04.34.42:099][  0]LogFileCache: Scanning file cache for directory 'B:/UE4 Projects/ZombieStuff/Zombie_TowerDefense/Saved/Collections/' took 0.01s
[2017.04.02-04.34.42:099][  0]LogFileCache: Scanning file cache for directory 'B:/UE4 Projects/ZombieStuff/Zombie_TowerDefense/Content/Developers/MASTACHIEF/Collections/' took 0.01s
[2017.04.02-04.34.42:099][  0]LogFileCache: Scanning file cache for directory 'B:/UE4 Projects/ZombieStuff/Zombie_TowerDefense/Content/Collections/' took 0.01s
[2017.04.02-04.34.42:099][  0]LogCollectionManager: Rebuilt the GUID cache for 0 collections in 0.000002 seconds
[2017.04.02-04.34.42:108][  0]LogContentBrowser: Native class hierarchy populated in 0.0091 seconds. Added 2190 classes and 428 folders.
[2017.04.02-04.34.42:136][  0]LogStats: UGameplayTagsManager::ConstructGameplayTagTree: Construct from data asset -  0.000 s
[2017.04.02-04.34.42:136][  0]LogStats: UGameplayTagsManager::ConstructGameplayTagTree: GameplayTagTreeChangedEvent.Broadcast -  0.000 s
[2017.04.02-04.34.42:136][  0]LogContentBrowser: Native class hierarchy updated for 'GameplayTags' in 0.0005 seconds. Added 13 classes and 0 folders.
[2017.04.02-04.34.42:175][  0]LogContentBrowser: Native class hierarchy updated for 'WidgetCarousel' in 0.0005 seconds. Added 0 classes and 0 folders.
[2017.04.02-04.34.42:204][  0]LogContentBrowser: Native class hierarchy updated for 'AddContentDialog' in 0.0004 seconds. Added 0 classes and 0 folders.
[2017.04.02-04.34.42:231][  0]LogContentBrowser: Native class hierarchy updated for 'SceneOutliner' in 0.0004 seconds. Added 1 classes and 2 folders.
[2017.04.02-04.34.42:263][  0]LogCrashTracker: Crashtracker disabled due to settings.
[2017.04.02-04.34.42:267][  0]LogUObjectGlobals:Warning: Failed to find object 'Class None.'
[2017.04.02-04.34.42:314][  0]LogContentBrowser: Native class hierarchy updated for 'HierarchicalLODOutliner' in 0.0005 seconds. Added 1 classes and 2 folders.
[2017.04.02-04.34.42:314][  0]LogLoad: (Engine Initialization) Total time: 10.44 seconds
[2017.04.02-04.34.42:314][  0]LogLoad: (Engine Initialization) Total Blueprint compile time: 0.05 seconds
[2017.04.02-04.34.42:314][  0]LogExternalProfiler: No external profilers were discovered.  External profiling features will not be available.
[2017.04.02-04.34.42:653][  0]LogOcInput: OculusInput pre-init called
[2017.04.02-04.34.42:672][  0]LogContentStreaming: Texture pool size now 1000 MB
[2017.04.02-04.34.42:819][  0]LogRenderer: Reallocating scene render targets to support 980x620 NumSamples 1 (Frame:2).
[2017.04.02-04.34.42:995][  1]LogAssetRegistry: Asset discovery search completed in 5.9686 seconds
[2017.04.02-04.34.42:995][  1]LogCollectionManager: Rebuilt the object cache for 0 collections in 0.000001 seconds (found 0 objects)
[2017.04.02-04.34.42:995][  1]LogCollectionManager: Fixed up redirectors for 0 collections in 0.000015 seconds (updated 0 objects)
[2017.04.02-04.35.00:034][277]LogAIModule: Creating AISystem for world Protomap
[2017.04.02-04.35.00:100][277]LogMaterial:Warning: Material /Game/Forest_Stuff/Material/Master_Material/M_tree_basic.M_tree_basic needed to have new flag set bUsedWithInstancedStaticMeshes !
[2017.04.02-04.35.00:102][277]LogMaterial: Missing cached shader map for material M_tree_basic, compiling. 
[2017.04.02-04.35.00:223][277]MapCheck:Warning: Warning M_tree_basic Material /Game/Forest_Stuff/Material/Master_Material/M_tree_basic.M_tree_basic was missing the usage flag bUsedWithInstancedStaticMeshes. If the material asset is not re-saved, it may not render correctly when run outside the editor. Fix
[2017.04.02-04.35.00:228][277]LogMaterial: 0.00 seconds spent updating 1 materials, 1 interfaces, 0 instances, 0 with static permutations.
[2017.04.02-04.35.00:348][277]Cmd: MAP LOAD FILE="../../../../../UE4 Projects/ZombieStuff/Zombie_TowerDefense/Content/ZTD_Blueprint/Blueprints/Protomap.umap" TEMPLATE=0 SHOWPROGRESS=1 FEATURELEVEL=3
[2017.04.02-04.35.00:348][277]LightingResults: New page: Lighting Build
[2017.04.02-04.35.00:349][277]LoadErrors: New page: Loading map: Protomap.umap
[2017.04.02-04.35.00:349][277]MapCheck: New page: Map Check
[2017.04.02-04.35.00:349][277]LightingResults: New page: Lighting Build
[2017.04.02-04.35.00:450][277]LogEditorServer: Finished looking for orphan Actors (0.000 secs)
[2017.04.02-04.35.00:468][277]Cmd: MAP CHECKDEP NOCLEARLOG
[2017.04.02-04.35.00:505][277]MapCheck: Info Map check complete: 0 Error(s), 0 Warning(s), took 36.791ms to complete.
[2017.04.02-04.35.00:510][277]LogFileHelpers: Loading map 'Protomap' took 0.163
[2017.04.02-04.35.13:401][783]LogEditorViewport: Clicking on Actor (LMB): CameraBlockingVolume (CameraBlockingVolume)
[2017.04.02-04.36.58:785][127]LogTemp: Repeting last play command: Selected Viewport
[2017.04.02-04.36.58:796][127]LogPlayLevel: PlayLevel: No blueprints needed recompiling
[2017.04.02-04.36.58:796][127]PIE: New page: PIE session: Protomap (Apr 1, 2017, 6:36:58 PM)
[2017.04.02-04.36.58:796][127]LogPlayLevel: Creating play world package: /Game/ZTD_Blueprint/Blueprints/UEDPIE_0_Protomap
[2017.04.02-04.36.58:997][127]LogPlayLevel: PIE: StaticDuplicateObject took: (0.200764s)
[2017.04.02-04.36.58:997][127]LogAIModule: Creating AISystem for world Protomap
[2017.04.02-04.36.59:004][127]LogPlayLevel: PIE: World Init took: (0.007175s)
[2017.04.02-04.36.59:004][127]LogPlayLevel: PIE: Created PIE world by copying editor world from /Game/ZTD_Blueprint/Blueprints/Protomap.Protomap to /Game/ZTD_Blueprint/Blueprints/UEDPIE_0_Protomap.Protomap (0.208223s)
[2017.04.02-04.36.59:018][127]LogInit: XAudio2 using 'Speakers (Realtek High Definition Audio)' : 8 channels at 48 kHz using 32 bits per sample (channel mask 0x63f)
[2017.04.02-04.36.59:024][127]LogInit: FAudioDevice initialized.
[2017.04.02-04.36.59:068][127]LogLoad: Game class is 'ZTD_GameMode_C'
[2017.04.02-04.36.59:086][127]LogWorld: Bringing World /Game/ZTD_Blueprint/Blueprints/UEDPIE_0_Protomap.Protomap up for play (max tick rate 0) at 2017.04.01-23.36.59
[2017.04.02-04.36.59:087][127]LogWorld: Bringing up level for play took: 0.018023
[2017.04.02-04.36.59:114][127]LogContentBrowser: Native class hierarchy updated for 'MovieSceneCapture' in 0.0005 seconds. Added 11 classes and 0 folders.
[2017.04.02-04.36.59:115][127]PIE: Info Play in editor start time for /Game/ZTD_Blueprint/Blueprints/UEDPIE_0_Protomap -0.357
[2017.04.02-04.37.02:532][531]LogBlueprintUserMessages: [Tower_Tile21] Tower is Placable!
[2017.04.02-04.37.02:813][564]LogBlueprintUserMessages: [Tower_Tile21] Tower is not Placable...
[2017.04.02-04.37.05:197][850]LogBlueprintUserMessages: [Tower_Tile21] Tower is Placable!
[2017.04.02-04.37.05:339][867]LogBlueprintUserMessages: [Tower_Tile21] Tower is not Placable...
[2017.04.02-04.37.05:397][874]LogBlueprintUserMessages: [Tower_Tile20] Tower is Placable!
[2017.04.02-04.37.05:547][892]LogBlueprintUserMessages: [Tower_Tile20] Tower is not Placable...
[2017.04.02-04.37.05:606][899]LogBlueprintUserMessages: [Tower_Tile19] Tower is Placable!
[2017.04.02-04.37.05:780][920]LogBlueprintUserMessages: [Tower_Tile19] Tower is not Placable...
[2017.04.02-04.37.08:232][214]LogBlueprintUserMessages: [Tower_Tile23] Tower is Placable!
[2017.04.02-04.37.08:499][246]LogBlueprintUserMessages: [Tower_Tile23] Tower is not Placable...
[2017.04.02-04.37.08:516][248]LogBlueprintUserMessages: [Tower_Tile24] Tower is Placable!
[2017.04.02-04.37.08:532][250]LogBlueprintUserMessages: [Tower_Tile24] Tower is not Placable...
[2017.04.02-04.37.17:773][355]LogBlueprintUserMessages: [Tower_Tile26] Tower is Placable!
[2017.04.02-04.37.17:781][356]LogBlueprintUserMessages: [Tower_Tile26] Tower is not Placable...
[2017.04.02-04.38.07:637][621]LogTemp: Repeting last play command: Selected Viewport
[2017.04.02-04.38.07:647][621]LogPlayLevel: PlayLevel: No blueprints needed recompiling
[2017.04.02-04.38.07:647][621]PIE: New page: PIE session: Protomap (Apr 1, 2017, 6:38:07 PM)
[2017.04.02-04.38.07:647][621]LogPlayLevel: Creating play world package: /Game/ZTD_Blueprint/Blueprints/UEDPIE_0_Protomap
[2017.04.02-04.38.07:839][621]LogPlayLevel: PIE: StaticDuplicateObject took: (0.192119s)
[2017.04.02-04.38.07:840][621]LogAIModule: Creating AISystem for world Protomap
[2017.04.02-04.38.07:840][621]LogPlayLevel: PIE: World Init took: (0.000680s)
[2017.04.02-04.38.07:840][621]LogPlayLevel: PIE: Created PIE world by copying editor world from /Game/ZTD_Blueprint/Blueprints/Protomap.Protomap to /Game/ZTD_Blueprint/Blueprints/UEDPIE_0_Protomap.Protomap (0.193022s)
[2017.04.02-04.38.07:861][621]LogInit: XAudio2 using 'Speakers (Realtek High Definition Audio)' : 8 channels at 48 kHz using 32 bits per sample (channel mask 0x63f)
[2017.04.02-04.38.07:867][621]LogInit: FAudioDevice initialized.
[2017.04.02-04.38.07:894][621]LogLoad: Game class is 'ZTD_GameMode_C'
[2017.04.02-04.38.07:911][621]LogWorld: Bringing World /Game/ZTD_Blueprint/Blueprints/UEDPIE_0_Protomap.Protomap up for play (max tick rate 0) at 2017.04.01-23.38.07
[2017.04.02-04.38.07:912][621]LogWorld: Bringing up level for play took: 0.017178
[2017.04.02-04.38.07:914][621]PIE: Info Play in editor start time for /Game/ZTD_Blueprint/Blueprints/UEDPIE_0_Protomap 0.44
[2017.04.02-04.38.10:361][911]LogBlueprintUserMessages: [Tower_Tile22] Tower is Placable!
[2017.04.02-04.38.10:436][920]LogBlueprintUserMessages: [Tower_Tile22] Tower is not Placable...
[2017.04.02-04.38.10:470][924]LogBlueprintUserMessages: [Tower_Tile20] Tower is Placable!
[2017.04.02-04.38.10:720][954]LogBlueprintUserMessages: [Tower_Tile20] Tower is not Placable...
[2017.04.02-04.38.11:627][ 62]LogBlueprintUserMessages: [Tower_Tile26] Tower is Placable!
[2017.04.02-04.38.11:844][ 88]LogBlueprintUserMessages: [Tower_Tile26] Tower is not Placable...
[2017.04.02-04.38.14:532][410]LogBlueprintUserMessages: [Tower_Tile27] Tower is Placable!
[2017.04.02-04.38.14:798][442]LogBlueprintUserMessages: [Tower_Tile27] Tower is not Placable...
[2017.04.02-04.38.16:941][699]LogBlueprintUserMessages: [Tower_Tile34] Tower is Placable!
[2017.04.02-04.38.17:032][710]LogBlueprintUserMessages: [Tower_Tile34] Tower is not Placable...
[2017.04.02-04.38.17:082][716]LogBlueprintUserMessages: [Tower_Tile33] Tower is Placable!
[2017.04.02-04.38.17:374][751]LogBlueprintUserMessages: [Tower_Tile33] Tower is not Placable...
[2017.04.02-04.38.37:183][779]LogTemp: Repeting last play command: Selected Viewport
[2017.04.02-04.38.37:193][779]LogPlayLevel: PlayLevel: No blueprints needed recompiling
[2017.04.02-04.38.37:193][779]PIE: New page: PIE session: Protomap (Apr 1, 2017, 6:38:37 PM)
[2017.04.02-04.38.37:193][779]LogPlayLevel: Creating play world package: /Game/ZTD_Blueprint/Blueprints/UEDPIE_0_Protomap
[2017.04.02-04.38.37:384][779]LogPlayLevel: PIE: StaticDuplicateObject took: (0.190753s)
[2017.04.02-04.38.37:385][779]LogAIModule: Creating AISystem for world Protomap
[2017.04.02-04.38.37:385][779]LogPlayLevel: PIE: World Init took: (0.000899s)
[2017.04.02-04.38.37:385][779]LogPlayLevel: PIE: Created PIE world by copying editor world from /Game/ZTD_Blueprint/Blueprints/Protomap.Protomap to /Game/ZTD_Blueprint/Blueprints/UEDPIE_0_Protomap.Protomap (0.191946s)
[2017.04.02-04.38.37:398][779]LogInit: XAudio2 using 'Speakers (Realtek High Definition Audio)' : 8 channels at 48 kHz using 32 bits per sample (channel mask 0x63f)
[2017.04.02-04.38.37:404][779]LogInit: FAudioDevice initialized.
[2017.04.02-04.38.37:432][779]LogLoad: Game class is 'ZTD_GameMode_C'
[2017.04.02-04.38.37:449][779]LogWorld: Bringing World /Game/ZTD_Blueprint/Blueprints/UEDPIE_0_Protomap.Protomap up for play (max tick rate 0) at 2017.04.01-23.38.37
[2017.04.02-04.38.37:449][779]LogWorld: Bringing up level for play took: 0.016817
[2017.04.02-04.38.37:451][779]PIE: Info Play in editor start time for /Game/ZTD_Blueprint/Blueprints/UEDPIE_0_Protomap -0.022
[2017.04.02-04.38.37:621][796]LogBlueprintUserMessages: [Tower_Tile16] Tower is Placable!
[2017.04.02-04.38.37:688][804]LogBlueprintUserMessages: [Tower_Tile16] Tower is not Placable...
[2017.04.02-04.38.40:399][129]LogBlueprintUserMessages: [Tower_Tile21] Tower is Placable!
[2017.04.02-04.38.40:434][133]LogBlueprintUserMessages: [Tower_Tile21] Tower is not Placable...
[2017.04.02-04.38.40:467][137]LogBlueprintUserMessages: [Tower_Tile21] Tower is not Placable...
[2017.04.02-04.38.40:475][138]LogBlueprintUserMessages: [Tower_Tile21] Tower is not Placable...
[2017.04.02-04.38.40:492][140]LogBlueprintUserMessages: [Tower_Tile20] Tower is Placable!
[2017.04.02-04.38.40:509][142]LogBlueprintUserMessages: [Tower_Tile20] Tower is not Placable...
[2017.04.02-04.38.40:525][144]LogBlueprintUserMessages: [Tower_Tile19] Tower is Placable!
[2017.04.02-04.38.40:692][164]LogBlueprintUserMessages: [Tower_Tile19] Tower is not Placable...
[2017.04.02-04.38.40:700][165]LogBlueprintUserMessages: [Tower_Tile22] Tower is Placable!
[2017.04.02-04.38.40:792][176]LogBlueprintUserMessages: [Tower_Tile22] Tower is not Placable...
[2017.04.02-04.38.40:809][178]LogBlueprintUserMessages: [Tower_Tile21] Tower is not Placable...
[2017.04.02-04.38.40:850][183]LogBlueprintUserMessages: [Tower_Tile21] Tower is not Placable...
[2017.04.02-04.38.40:959][196]LogBlueprintUserMessages: [Tower_Tile20] Tower is Placable!
[2017.04.02-04.38.41:068][209]LogBlueprintUserMessages: [Tower_Tile20] Tower is not Placable...
[2017.04.02-04.38.41:102][213]LogBlueprintUserMessages: [Tower_Tile20] Tower is Placable!
[2017.04.02-04.38.41:218][227]LogBlueprintUserMessages: [Tower_Tile20] Tower is not Placable...
[2017.04.02-04.38.44:053][567]LogBlueprintUserMessages: [Tower_Tile27] Tower is Placable!
[2017.04.02-04.38.44:420][611]LogBlueprintUserMessages: [Tower_Tile27] Tower is not Placable...
[2017.04.02-04.39.06:769][456]LogEditorViewport: Clicking on Actor (LMB): Landscape (Landscape3)
[2017.04.02-04.39.09:220][741]Cmd: SELECT NONE
[2017.04.02-04.39.12:466][ 60]LogEditorViewport: Clicking on Actor (LMB): BlockingVolume (BlockingVolume)
[2017.04.02-04.39.23:107][954]LogTemp: Repeting last play command: Selected Viewport
[2017.04.02-04.39.23:118][954]LogPlayLevel: PlayLevel: No blueprints needed recompiling
[2017.04.02-04.39.23:118][954]PIE: New page: PIE session: Protomap (Apr 1, 2017, 6:39:23 PM)
[2017.04.02-04.39.23:118][954]LogPlayLevel: Creating play world package: /Game/ZTD_Blueprint/Blueprints/UEDPIE_0_Protomap
[2017.04.02-04.39.23:304][954]LogPlayLevel: PIE: StaticDuplicateObject took: (0.185263s)
[2017.04.02-04.39.23:304][954]LogAIModule: Creating AISystem for world Protomap
[2017.04.02-04.39.23:304][954]LogPlayLevel: PIE: World Init took: (0.000660s)
[2017.04.02-04.39.23:305][954]LogPlayLevel: PIE: Created PIE world by copying editor world from /Game/ZTD_Blueprint/Blueprints/Protomap.Protomap to /Game/ZTD_Blueprint/Blueprints/UEDPIE_0_Protomap.Protomap (0.186152s)
[2017.04.02-04.39.23:325][954]LogInit: XAudio2 using 'Speakers (Realtek High Definition Audio)' : 8 channels at 48 kHz using 32 bits per sample (channel mask 0x63f)
[2017.04.02-04.39.23:330][954]LogInit: FAudioDevice initialized.
[2017.04.02-04.39.23:361][954]LogLoad: Game class is 'ZTD_GameMode_C'
[2017.04.02-04.39.23:378][954]LogWorld: Bringing World /Game/ZTD_Blueprint/Blueprints/UEDPIE_0_Protomap.Protomap up for play (max tick rate 0) at 2017.04.01-23.39.23
[2017.04.02-04.39.23:379][954]LogWorld: Bringing up level for play took: 0.017083
[2017.04.02-04.39.23:380][954]PIE: Info Play in editor start time for /Game/ZTD_Blueprint/Blueprints/UEDPIE_0_Protomap -0.095
[2017.04.02-04.39.25:306][181]LogBlueprintUserMessages: [Tower_Tile16] Tower is Placable!
[2017.04.02-04.39.25:373][189]LogBlueprintUserMessages: [Tower_Tile16] Tower is not Placable...
[2017.04.02-04.39.25:373][189]LogBlueprintUserMessages: [Tower_Tile18] Tower is Placable!
[2017.04.02-04.39.25:381][190]LogBlueprintUserMessages: [Tower_Tile18] Tower is not Placable...
[2017.04.02-04.39.25:381][190]LogBlueprintUserMessages: [Tower_Tile16] Tower is Placable!
[2017.04.02-04.39.25:397][192]LogBlueprintUserMessages: [Tower_Tile16] Tower is not Placable...
[2017.04.02-04.39.25:398][192]LogBlueprintUserMessages: [Tower_Tile18] Tower is Placable!
[2017.04.02-04.39.25:407][193]LogBlueprintUserMessages: [Tower_Tile18] Tower is not Placable...
[2017.04.02-04.39.25:467][200]LogBlueprintUserMessages: [Tower_Tile17] Tower is Placable!
[2017.04.02-04.39.25:475][201]LogBlueprintUserMessages: [Tower_Tile17] Tower is not Placable...
[2017.04.02-04.39.25:475][201]LogBlueprintUserMessages: [Tower_Tile15] Tower is Placable!
[2017.04.02-04.39.25:492][203]LogBlueprintUserMessages: [Tower_Tile15] Tower is not Placable...
[2017.04.02-04.39.25:492][203]LogBlueprintUserMessages: [Tower_Tile17] Tower is Placable!
[2017.04.02-04.39.25:500][204]LogBlueprintUserMessages: [Tower_Tile17] Tower is not Placable...
[2017.04.02-04.39.25:500][204]LogBlueprintUserMessages: [Tower_Tile15] Tower is Placable!
[2017.04.02-04.39.25:610][217]LogBlueprintUserMessages: [Tower_Tile15] Tower is not Placable...
[2017.04.02-04.39.25:985][262]LogBlueprintUserMessages: [Tower_Tile19] Tower is Placable!
[2017.04.02-04.39.26:010][265]LogBlueprintUserMessages: [Tower_Tile19] Tower is not Placable...
[2017.04.02-04.39.26:068][272]LogBlueprintUserMessages: [Tower_Tile19] Tower is Placable!
[2017.04.02-04.39.26:219][290]LogBlueprintUserMessages: [Tower_Tile19] Tower is not Placable...
[2017.04.02-04.39.26:252][294]LogBlueprintUserMessages: [Tower_Tile21] Tower is Placable!
[2017.04.02-04.39.26:412][312]LogBlueprintUserMessages: [Tower_Tile21] Tower is not Placable...
[2017.04.02-04.39.26:505][323]LogBlueprintUserMessages: [Tower_Tile21] Tower is not Placable...
[2017.04.02-04.39.26:514][324]LogBlueprintUserMessages: [Tower_Tile21] Tower is not Placable...
[2017.04.02-04.39.26:564][330]LogBlueprintUserMessages: [Tower_Tile20] Tower is Placable!
[2017.04.02-04.39.26:724][349]LogBlueprintUserMessages: [Tower_Tile20] Tower is not Placable...
[2017.04.02-04.39.29:250][652]LogBlueprintUserMessages: [Tower_Tile30] Tower is Placable!
[2017.04.02-04.39.29:316][660]LogBlueprintUserMessages: [Tower_Tile30] Tower is not Placable...
[2017.04.02-04.40.02:178][931]LogTemp: Repeting last play command: Selected Viewport
[2017.04.02-04.40.02:188][931]LogPlayLevel: PlayLevel: No blueprints needed recompiling
[2017.04.02-04.40.02:188][931]PIE: New page: PIE session: Protomap (Apr 1, 2017, 6:40:02 PM)
[2017.04.02-04.40.02:188][931]LogPlayLevel: Creating play world package: /Game/ZTD_Blueprint/Blueprints/UEDPIE_0_Protomap
[2017.04.02-04.40.02:375][931]LogPlayLevel: PIE: StaticDuplicateObject took: (0.186661s)
[2017.04.02-04.40.02:376][931]LogAIModule: Creating AISystem for world Protomap
[2017.04.02-04.40.02:377][931]LogPlayLevel: PIE: World Init took: (0.001620s)
[2017.04.02-04.40.02:377][931]LogPlayLevel: PIE: Created PIE world by copying editor world from /Game/ZTD_Blueprint/Blueprints/Protomap.Protomap to /Game/ZTD_Blueprint/Blueprints/UEDPIE_0_Protomap.Protomap (0.188526s)
[2017.04.02-04.40.02:390][931]LogInit: XAudio2 using 'Speakers (Realtek High Definition Audio)' : 8 channels at 48 kHz using 32 bits per sample (channel mask 0x63f)
[2017.04.02-04.40.02:396][931]LogInit: FAudioDevice initialized.
[2017.04.02-04.40.02:422][931]LogLoad: Game class is 'ZTD_GameMode_C'
[2017.04.02-04.40.02:439][931]LogWorld: Bringing World /Game/ZTD_Blueprint/Blueprints/UEDPIE_0_Protomap.Protomap up for play (max tick rate 0) at 2017.04.01-23.40.02
[2017.04.02-04.40.02:440][931]LogWorld: Bringing up level for play took: 0.017157
[2017.04.02-04.40.02:442][931]PIE: Info Play in editor start time for /Game/ZTD_Blueprint/Blueprints/UEDPIE_0_Protomap 0.966
[2017.04.02-04.40.06:127][366]LogBlueprintUserMessages: [Tower_Tile22] Tower is Placable!
[2017.04.02-04.40.06:185][373]LogBlueprintUserMessages: [Tower_Tile22] Tower is not Placable...
[2017.04.02-04.40.06:227][378]LogBlueprintUserMessages: [Tower_Tile21] Tower is Placable!
[2017.04.02-04.40.06:519][413]LogBlueprintUserMessages: [Tower_Tile21] Tower is not Placable...
[2017.04.02-04.40.08:761][682]LogBlueprintUserMessages: [Tower_Tile26] Tower is Placable!
[2017.04.02-04.40.09:052][717]LogBlueprintUserMessages: [Tower_Tile26] Tower is not Placable...
[2017.04.02-04.40.18:778][755]LogEditorViewport: Clicking on Actor (LMB): BP_Sky_Sphere_C (Sky Sphere)
[2017.04.02-04.40.19:862][852]LogEditorViewport: Clicking on Actor (LMB): BP_Sky_Sphere_C (Sky Sphere)
[2017.04.02-04.40.20:410][899]LogEditorViewport: Clicking on Actor (LMB): CameraBlockingVolume (CameraBlockingVolume)
[2017.04.02-04.40.20:756][927]LogEditorViewport: Clicking on Actor (LMB): CameraBlockingVolume (CameraBlockingVolume)
[2017.04.02-04.40.52:327][659]LogEditorViewport: Clicking on Actor (LMB): Landscape (Landscape3)
[2017.04.02-04.40.53:467][763]LogEditorViewport: Clicking on Actor (LMB): CameraBlockingVolume (CameraBlockingVolume)
[2017.04.02-04.41.07:750][122]LogTemp: Repeting last play command: Selected Viewport
[2017.04.02-04.41.07:761][122]LogPlayLevel: PlayLevel: No blueprints needed recompiling
[2017.04.02-04.41.07:761][122]PIE: New page: PIE session: Protomap (Apr 1, 2017, 6:41:07 PM)
[2017.04.02-04.41.07:761][122]LogPlayLevel: Creating play world package: /Game/ZTD_Blueprint/Blueprints/UEDPIE_0_Protomap
[2017.04.02-04.41.07:945][122]LogPlayLevel: PIE: StaticDuplicateObject took: (0.184642s)
[2017.04.02-04.41.07:946][122]LogAIModule: Creating AISystem for world Protomap
[2017.04.02-04.41.07:946][122]LogPlayLevel: PIE: World Init took: (0.000792s)
[2017.04.02-04.41.07:946][122]LogPlayLevel: PIE: Created PIE world by copying editor world from /Game/ZTD_Blueprint/Blueprints/Protomap.Protomap to /Game/ZTD_Blueprint/Blueprints/UEDPIE_0_Protomap.Protomap (0.185668s)
[2017.04.02-04.41.07:964][122]LogInit: XAudio2 using 'Speakers (Realtek High Definition Audio)' : 8 channels at 48 kHz using 32 bits per sample (channel mask 0x63f)
[2017.04.02-04.41.07:970][122]LogInit: FAudioDevice initialized.
[2017.04.02-04.41.07:997][122]LogLoad: Game class is 'ZTD_GameMode_C'
[2017.04.02-04.41.08:014][122]LogWorld: Bringing World /Game/ZTD_Blueprint/Blueprints/UEDPIE_0_Protomap.Protomap up for play (max tick rate 0) at 2017.04.01-23.41.08
[2017.04.02-04.41.08:015][122]LogWorld: Bringing up level for play took: 0.017358
[2017.04.02-04.41.08:017][122]PIE: Info Play in editor start time for /Game/ZTD_Blueprint/Blueprints/UEDPIE_0_Protomap 0.54
[2017.04.02-04.41.17:783][290]LogBlueprintUserMessages: [Tower_Tile21] Tower is Placable!
[2017.04.02-04.42.02:304][710]LogTemp: Repeting last play command: Selected Viewport
[2017.04.02-04.42.02:314][710]LogPlayLevel: PlayLevel: No blueprints needed recompiling
[2017.04.02-04.42.02:314][710]PIE: New page: PIE session: Protomap (Apr 1, 2017, 6:42:02 PM)
[2017.04.02-04.42.02:314][710]LogPlayLevel: Creating play world package: /Game/ZTD_Blueprint/Blueprints/UEDPIE_0_Protomap
[2017.04.02-04.42.02:499][710]LogPlayLevel: PIE: StaticDuplicateObject took: (0.184178s)
[2017.04.02-04.42.02:499][710]LogAIModule: Creating AISystem for world Protomap
[2017.04.02-04.42.02:499][710]LogPlayLevel: PIE: World Init took: (0.000855s)
[2017.04.02-04.42.02:500][710]LogPlayLevel: PIE: Created PIE world by copying editor world from /Game/ZTD_Blueprint/Blueprints/Protomap.Protomap to /Game/ZTD_Blueprint/Blueprints/UEDPIE_0_Protomap.Protomap (0.185274s)
[2017.04.02-04.42.02:515][710]LogInit: XAudio2 using 'Speakers (Realtek High Definition Audio)' : 8 channels at 48 kHz using 32 bits per sample (channel mask 0x63f)
[2017.04.02-04.42.02:521][710]LogInit: FAudioDevice initialized.
[2017.04.02-04.42.02:549][710]LogLoad: Game class is 'ZTD_GameMode_C'
[2017.04.02-04.42.02:566][710]LogWorld: Bringing World /Game/ZTD_Blueprint/Blueprints/UEDPIE_0_Protomap.Protomap up for play (max tick rate 0) at 2017.04.01-23.42.02
[2017.04.02-04.42.02:567][710]LogWorld: Bringing up level for play took: 0.016894
[2017.04.02-04.42.02:568][710]PIE: Info Play in editor start time for /Game/ZTD_Blueprint/Blueprints/UEDPIE_0_Protomap 1.091
[2017.04.02-04.42.08:579][426]LogBlueprintUserMessages: [Tower_Tile26] Tower is Placable!
[2017.04.02-04.42.08:912][466]LogBlueprintUserMessages: [Tower_Tile26] Tower is not Placable...
[2017.04.02-04.43.48:695][584]Cmd: QUIT_EDITOR
[2017.04.02-04.43.48:748][584]LogExit: Preparing to exit.
[2017.04.02-04.43.49:469][584]LogDirectoryWatcher: A directory notification for 'B:/UE4 Projects/ZombieStuff/Zombie_TowerDefense/Content/' was aborted.
[2017.04.02-04.43.49:518][584]LogExit: Editor shut down
[2017.04.02-04.43.49:519][584]LogExit: Transaction tracking system shut down
[2017.04.02-04.43.49:580][584]LogObj: Freed 0b from 0 cluster array pools.
[2017.04.02-04.43.49:580][584]LogExit: Object subsystem successfully closed.
[2017.04.02-04.43.49:597][584]LogD3D11RHI: Shutdown
[2017.04.02-04.43.49:597][584]LogD3D11RHI: CleanupD3DDevice
[2017.04.02-04.43.49:598][584]LogD3D11RHI: ~FD3D11DynamicRHI
[2017.04.02-04.43.49:653][584]LogHttp:Display: Http module shutting down, but needs to wait on 1 outstanding Http requests:
[2017.04.02-04.43.49:653][584]LogHttp:Display: 	verb=[POST] url=[https://datarouter.ol.epicgames.com/datarouter/api/v1/public/data?SessionID=%7B22357936-44F0-7B4C-B5C7-65B1D604EF2D%7D&AppID=UEEditor.Rocket.Release&AppVersion=4.14.3-3249277%2B%2B%2BUE4%2BRelease-4.14&UserID=bed8f3cd48c5be55f5890f9061d1894c%7C852277445ad84a15ade079261bc4428e%7C29ef773b-eab5-4163-a621-c753475aef0a&AppEnvironment=datacollector-binary&UploadType=eteventstream] status=Processing
[2017.04.02-04.43.49:684][584]LogModuleManager: Shutting down and abandoning module MovieSceneCapture (242)
[2017.04.02-04.43.49:684][584]LogModuleManager: Shutting down and abandoning module HierarchicalLODOutliner (241)
[2017.04.02-04.43.49:684][584]LogModuleManager: Shutting down and abandoning module CrashTracker (240)
[2017.04.02-04.43.49:684][584]LogModuleManager: Shutting down and abandoning module SceneOutliner (239)
[2017.04.02-04.43.49:685][584]LogModuleManager: Shutting down and abandoning module WidgetCarousel (238)
[2017.04.02-04.43.49:685][584]LogModuleManager: Shutting down and abandoning module AddContentDialog (237)
[2017.04.02-04.43.49:685][584]LogDirectoryWatcher: A directory notification for 'B:/Unreal Engine 4.14.3/UE_4.14/FeaturePacks/' was aborted.
[2017.04.02-04.43.49:685][584]LogModuleManager: Shutting down and abandoning module GameplayTags (236)
[2017.04.02-04.43.49:685][584]LogModuleManager: Shutting down and abandoning module EditorWidgets (235)
[2017.04.02-04.43.49:685][584]LogModuleManager: Shutting down and abandoning module CollectionManager (234)
[2017.04.02-04.43.49:685][584]LogDirectoryWatcher: A directory notification for 'B:/UE4 Projects/ZombieStuff/Zombie_TowerDefense/Content/Collections/' was aborted.
[2017.04.02-04.43.49:685][584]LogDirectoryWatcher: A directory notification for 'B:/UE4 Projects/ZombieStuff/Zombie_TowerDefense/Content/Developers/MASTACHIEF/Collections/' was aborted.
[2017.04.02-04.43.49:685][584]LogDirectoryWatcher: A directory notification for 'B:/UE4 Projects/ZombieStuff/Zombie_TowerDefense/Saved/Collections/' was aborted.
[2017.04.02-04.43.49:685][584]LogModuleManager: Shutting down and abandoning module StatsViewer (233)
[2017.04.02-04.43.49:685][584]LogModuleManager: Shutting down and abandoning module FoliageEdit (232)
[2017.04.02-04.43.49:685][584]LogModuleManager: Shutting down and abandoning module LandscapeEditor (231)
[2017.04.02-04.43.49:685][584]LogModuleManager: Shutting down and abandoning module SceneDepthPickerMode (230)
[2017.04.02-04.43.49:685][584]LogModuleManager: Shutting down and abandoning module ActorPickerMode (229)
[2017.04.02-04.43.49:685][584]LogModuleManager: Shutting down and abandoning module GeometryMode (228)
[2017.04.02-04.43.49:685][584]LogModuleManager: Shutting down and abandoning module TextureAlignMode (227)
[2017.04.02-04.43.49:685][584]LogModuleManager: Shutting down and abandoning module BspMode (226)
[2017.04.02-04.43.49:685][584]LogModuleManager: Shutting down and abandoning module HardwareSurvey (225)
[2017.04.02-04.43.49:685][584]LogModuleManager: Shutting down and abandoning module SequenceRecorderSections (224)
[2017.04.02-04.43.49:686][584]LogModuleManager: Shutting down and abandoning module AutomationWorker (223)
[2017.04.02-04.43.49:686][584]LogModuleManager: Shutting down and abandoning module MatineeToLevelSequence (222)
[2017.04.02-04.43.49:686][584]LogModuleManager: Shutting down and abandoning module PlacementMode (221)
[2017.04.02-04.43.49:686][584]LogModuleManager: Shutting down and abandoning module LevelSequenceEditor (220)
[2017.04.02-04.43.49:686][584]LogModuleManager: Shutting down and abandoning module WmfMediaFactory (219)
[2017.04.02-04.43.49:686][584]LogModuleManager: Shutting down and abandoning module WmfMediaEditor (218)
[2017.04.02-04.43.49:686][584]LogModuleManager: Shutting down and abandoning module AvfMediaFactory (217)
[2017.04.02-04.43.49:686][584]LogModuleManager: Shutting down and abandoning module AvfMediaEditor (216)
[2017.04.02-04.43.49:686][584]LogModuleManager: Shutting down and abandoning module Media (215)
[2017.04.02-04.43.49:686][584]LogModuleManager: Shutting down and abandoning module AndroidMediaFactory (214)
[2017.04.02-04.43.49:686][584]LogModuleManager: Shutting down and abandoning module AndroidMediaEditor (213)
[2017.04.02-04.43.49:686][584]LogModuleManager: Shutting down and abandoning module CharacterAI (212)
[2017.04.02-04.43.49:686][584]LogModuleManager: Shutting down and abandoning module SequenceRecorder (211)
[2017.04.02-04.43.49:686][584]LogModuleManager: Shutting down and abandoning module AudioCapture (210)
[2017.04.02-04.43.49:686][584]LogModuleManager: Shutting down and abandoning module SmartSnapping (209)
[2017.04.02-04.43.49:686][584]LogModuleManager: Shutting down and abandoning module SessionServices (208)
[2017.04.02-04.43.49:686][584]LogModuleManager: Shutting down and abandoning module ViewportSnapping (207)
[2017.04.02-04.43.49:686][584]LogModuleManager: Shutting down and abandoning module ViewportInteraction (206)
[2017.04.02-04.43.49:686][584]LogModuleManager: Shutting down and abandoning module LogVisualizer (205)
[2017.04.02-04.43.49:686][584]LogModuleManager: Shutting down and abandoning module GameProjectGeneration (204)
[2017.04.02-04.43.49:686][584]LogModuleManager: Shutting down and abandoning module IntroTutorials (203)
[2017.04.02-04.43.49:686][584]LogModuleManager: Shutting down and abandoning module EditorLiveStreaming (202)
[2017.04.02-04.43.49:686][584]LogModuleManager: Shutting down and abandoning module IOSPlatformEditor (201)
[2017.04.02-04.43.49:686][584]LogModuleManager: Shutting down and abandoning module HTML5PlatformEditor (200)
[2017.04.02-04.43.49:686][584]LogModuleManager: Shutting down and abandoning module AndroidDeviceDetection (199)
[2017.04.02-04.43.49:992][584]LogModuleManager: Shutting down and abandoning module AndroidPlatformEditor (198)
[2017.04.02-04.43.49:992][584]LogModuleManager: Shutting down and abandoning module IOSRuntimeSettings (197)
[2017.04.02-04.43.49:992][584]LogModuleManager: Shutting down and abandoning module AndroidRuntimeSettings (196)
[2017.04.02-04.43.49:992][584]LogModuleManager: Shutting down and abandoning module InputBindingEditor (195)
[2017.04.02-04.43.49:992][584]LogModuleManager: Shutting down and abandoning module NiagaraEditor (194)
[2017.04.02-04.43.49:992][584]LogModuleManager: Shutting down and abandoning module MergeActors (193)
[2017.04.02-04.43.49:992][584]LogModuleManager: Shutting down and abandoning module SizeMap (192)
[2017.04.02-04.43.49:992][584]LogModuleManager: Shutting down and abandoning module TreeMap (191)
[2017.04.02-04.43.49:992][584]LogModuleManager: Shutting down and abandoning module ReferenceViewer (190)
[2017.04.02-04.43.49:992][584]LogModuleManager: Shutting down and abandoning module LocalizationService (189)
[2017.04.02-04.43.49:992][584]LogModuleManager: Shutting down and abandoning module LocalizationDashboard (188)
[2017.04.02-04.43.49:992][584]LogModuleManager: Shutting down and abandoning module HardwareTargeting (187)
[2017.04.02-04.43.49:992][584]LogModuleManager: Shutting down and abandoning module DeviceProfileEditor (186)
[2017.04.02-04.43.49:992][584]LogModuleManager: Shutting down and abandoning module UndoHistory (185)
[2017.04.02-04.43.49:992][584]LogModuleManager: Shutting down and abandoning module UserFeedback (184)
[2017.04.02-04.43.49:992][584]LogModuleManager: Shutting down and abandoning module XmlParser (183)
[2017.04.02-04.43.49:992][584]LogModuleManager: Shutting down and abandoning module Blutility (182)
[2017.04.02-04.43.49:992][584]LogModuleManager: Shutting down and abandoning module ProjectTargetPlatformEditor (181)
[2017.04.02-04.43.49:992][584]LogModuleManager: Shutting down and abandoning module ProjectSettingsViewer (180)
[2017.04.02-04.43.49:992][584]LogModuleManager: Shutting down and abandoning module EditorSettingsViewer (179)
[2017.04.02-04.43.49:992][584]LogModuleManager: Shutting down and abandoning module SettingsEditor (178)
[2017.04.02-04.43.49:992][584]LogModuleManager: Shutting down and abandoning module ProjectLauncher (177)
[2017.04.02-04.43.49:992][584]LogModuleManager: Shutting down and abandoning module SessionFrontend (176)
[2017.04.02-04.43.49:992][584]LogModuleManager: Shutting down and abandoning module ProfilerClient (175)
[2017.04.02-04.43.49:992][584]LogModuleManager: Shutting down and abandoning module TargetDeviceServices (174)
[2017.04.02-04.43.49:993][584]LogModuleManager: Shutting down and abandoning module DeviceManager (173)
[2017.04.02-04.43.50:033][584]LogModuleManager: Shutting down and abandoning module AutomationController (172)
[2017.04.02-04.43.50:033][584]LogModuleManager: Shutting down and abandoning module AutomationWindow (171)
[2017.04.02-04.43.50:033][584]LogModuleManager: Shutting down and abandoning module Layers (170)
[2017.04.02-04.43.50:033][584]LogModuleManager: Shutting down and abandoning module ComponentVisualizers (169)
[2017.04.02-04.43.50:033][584]LogModuleManager: Shutting down and abandoning module DetailCustomizations (168)
[2017.04.02-04.43.50:033][584]LogModuleManager: Shutting down and abandoning module PackagesDialog (167)
[2017.04.02-04.43.50:033][584]LogModuleManager: Shutting down and abandoning module AnimGraph (166)
[2017.04.02-04.43.50:033][584]LogModuleManager: Shutting down and abandoning module Persona (165)
[2017.04.02-04.43.50:033][584]LogModuleManager: Shutting down and abandoning module Kismet (164)
[2017.04.02-04.43.50:034][584]LogModuleManager: Shutting down and abandoning module GraphEditor (163)
[2017.04.02-04.43.50:034][584]LogModuleManager: Shutting down and abandoning module ClassViewer (162)
[2017.04.02-04.43.50:034][584]LogModuleManager: Shutting down and abandoning module Toolbox (161)
[2017.04.02-04.43.50:034][584]LogModuleManager: Shutting down and abandoning module ModuleUI (160)
[2017.04.02-04.43.50:034][584]LogModuleManager: Shutting down and abandoning module MovieSceneTools (159)
[2017.04.02-04.43.50:034][584]LogModuleManager: Shutting down and abandoning module OutputLog (158)
[2017.04.02-04.43.50:034][584]LogModuleManager: Shutting down and abandoning module GammaUI (157)
[2017.04.02-04.43.50:034][584]LogModuleManager: Shutting down and abandoning module Documentation (156)
[2017.04.02-04.43.50:034][584]LogModuleManager: Shutting down and abandoning module Niagara (155)
[2017.04.02-04.43.50:034][584]LogModuleManager: Shutting down and abandoning module StreamingPauseRendering (154)
[2017.04.02-04.43.50:034][584]LogModuleManager: Shutting down and abandoning module AnalyticsET (153)
[2017.04.02-04.43.50:034][584]LogModuleManager: Shutting down and abandoning module PortalServices (152)
[2017.04.02-04.43.50:034][584]LogModuleManager: Shutting down and abandoning module PortalRpc (151)
[2017.04.02-04.43.50:034][584]LogModuleManager: Shutting down and abandoning module MessagingRpc (150)
[2017.04.02-04.43.50:034][584]LogModuleManager: Shutting down and abandoning module GameplayDebugger (149)
[2017.04.02-04.43.50:034][584]LogModuleManager: Shutting down and abandoning module AITestSuite (148)
[2017.04.02-04.43.50:034][584]LogModuleManager: Shutting down and abandoning module AIModule (147)
[2017.04.02-04.43.50:034][584]LogModuleManager: Shutting down and abandoning module ProfilerService (146)
[2017.04.02-04.43.50:070][584]LogModuleManager: Shutting down and abandoning module TaskGraph (145)
[2017.04.02-04.43.50:070][584]LogModuleManager: Shutting down and abandoning module SlateRemote (144)
[2017.04.02-04.43.50:070][584]LogModuleManager: Shutting down and abandoning module SteamVRController (143)
[2017.04.02-04.43.50:070][584]LogModuleManager: Shutting down and abandoning module SteamVR (142)
[2017.04.02-04.43.50:070][584]LogModuleManager: Shutting down and abandoning module ProceduralMeshComponentEditor (141)
[2017.04.02-04.43.50:070][584]LogModuleManager: Shutting down and abandoning module ProceduralMeshComponent (140)
[2017.04.02-04.43.50:070][584]LogModuleManager: Shutting down and abandoning module OculusLibrary (139)
[2017.04.02-04.43.50:070][584]LogModuleManager: Shutting down and abandoning module OculusInput (138)
[2017.04.02-04.43.50:070][584]LogModuleManager: Shutting down and abandoning module MobilePatchingUtils (137)
[2017.04.02-04.43.50:070][584]LogModuleManager: Shutting down and abandoning module CustomMeshComponent (136)
[2017.04.02-04.43.50:070][584]LogModuleManager: Shutting down and abandoning module CableComponent (135)
[2017.04.02-04.43.50:070][584]LogModuleManager: Shutting down and abandoning module ArchVisCharacter (134)
[2017.04.02-04.43.50:070][584]LogModuleManager: Shutting down and abandoning module MediaPlayerEditor (132)
[2017.04.02-04.43.50:070][584]LogModuleManager: Shutting down and abandoning module HTML5Networking (131)
[2017.04.02-04.43.50:070][584]LogModuleManager: Shutting down and abandoning module GeometryCacheEd (130)
[2017.04.02-04.43.50:070][584]LogModuleManager: Shutting down and abandoning module GeometryCache (129)
[2017.04.02-04.43.50:070][584]LogModuleManager: Shutting down and abandoning module AlembicLibrary (128)
[2017.04.02-04.43.50:070][584]LogModuleManager: Shutting down and abandoning module AlembicImporter (127)
[2017.04.02-04.43.50:070][584]LogModuleManager: Shutting down and abandoning module SuperSearch (126)
[2017.04.02-04.43.50:070][584]LogModuleManager: Shutting down and abandoning module SuperSearchEditor (125)
[2017.04.02-04.43.50:070][584]LogModuleManager: Shutting down and abandoning module SpeedTreeImporter (124)
[2017.04.02-04.43.50:070][584]LogModuleManager: Shutting down and abandoning module PluginBrowser (123)
[2017.04.02-04.43.50:070][584]LogModuleManager: Shutting down and abandoning module MobileLauncherProfileWizard (122)
[2017.04.02-04.43.50:070][584]LogModuleManager: Shutting down and abandoning module EpicSurvey (121)
[2017.04.02-04.43.50:070][584]LogModuleManager: Shutting down and abandoning module DesktopPlatform (120)
[2017.04.02-04.43.50:070][584]LogModuleManager: Shutting down and abandoning module VisualStudioSourceCodeAccess (119)
[2017.04.02-04.43.50:070][584]LogModuleManager: Shutting down and abandoning module UObjectPlugin (118)
[2017.04.02-04.43.50:070][584]LogModuleManager: Shutting down and abandoning module SubversionSourceControl (117)
[2017.04.02-04.43.50:070][584]LogModuleManager: Shutting down and abandoning module PerforceSourceControl (116)
[2017.04.02-04.43.50:070][584]LogModuleManager: Shutting down and abandoning module SourceControl (115)
[2017.04.02-04.43.50:070][584]LogModuleManager: Shutting down and abandoning module GitSourceControl (114)
[2017.04.02-04.43.50:070][584]LogModuleManager: Shutting down and abandoning module LightPropagationVolumeEditor (113)
[2017.04.02-04.43.50:070][584]LogModuleManager: Shutting down and abandoning module PaperTiledImporter (112)
[2017.04.02-04.43.50:070][584]LogModuleManager: Shutting down and abandoning module PaperSpriteSheetImporter (111)
[2017.04.02-04.43.50:070][584]LogModuleManager: Shutting down and abandoning module MeshPaint (110)
[2017.04.02-04.43.50:070][584]LogModuleManager: Shutting down and abandoning module PixelInspectorModule (109)
[2017.04.02-04.43.50:071][584]LogModuleManager: Shutting down and abandoning module HotReload (108)
[2017.04.02-04.43.50:071][584]LogModuleManager: Shutting down and abandoning module MainFrame (107)
[2017.04.02-04.43.50:071][584]LogModuleManager: Shutting down and abandoning module LevelEditor (106)
[2017.04.02-04.43.50:072][584]LogModuleManager: Shutting down and abandoning module ContentBrowser (105)
[2017.04.02-04.43.50:072][584]LogModuleManager: Shutting down and abandoning module Paper2DEditor (104)
[2017.04.02-04.43.50:072][584]LogModuleManager: Shutting down and abandoning module UdpMessaging (103)
[2017.04.02-04.43.50:172][584]LogModuleManager: Shutting down and abandoning module TcpMessaging (102)
[2017.04.02-04.43.50:272][584]LogModuleManager: Shutting down and abandoning module LightPropagationVolumeRuntime (101)
[2017.04.02-04.43.50:272][584]LogModuleManager: Shutting down and abandoning module Paper2D (100)
[2017.04.02-04.43.50:272][584]LogModuleManager: Shutting down and abandoning module WindowsMoviePlayer (99)
[2017.04.02-04.43.50:272][584]LogModuleManager: Shutting down and abandoning module WmfMedia (98)
[2017.04.02-04.43.50:272][584]LogModuleManager: Shutting down and abandoning module MediaAssets (97)
[2017.04.02-04.43.50:272][584]LogModuleManager: Shutting down and abandoning module GameLiveStreaming (96)
[2017.04.02-04.43.50:272][584]LogModuleManager: Shutting down and abandoning module GameplayTagsEditor (95)
[2017.04.02-04.43.50:272][584]LogModuleManager: Shutting down and abandoning module VREditor (94)
[2017.04.02-04.43.50:272][584]LogModuleManager: Shutting down and abandoning module GameplayTasksEditor (93)
[2017.04.02-04.43.50:272][584]LogModuleManager: Shutting down and abandoning module BehaviorTreeEditor (92)
[2017.04.02-04.43.50:272][584]LogModuleManager: Shutting down and abandoning module FunctionalTesting (91)
[2017.04.02-04.43.50:272][584]LogModuleManager: Shutting down and abandoning module CollisionAnalyzer (90)
[2017.04.02-04.43.50:272][584]LogModuleManager: Shutting down and abandoning module Sequencer (89)
[2017.04.02-04.43.50:272][584]LogModuleManager: Shutting down and abandoning module WorkspaceMenuStructure (88)
[2017.04.02-04.43.50:272][584]LogModuleManager: Shutting down and abandoning module MessageLog (87)
[2017.04.02-04.43.50:272][584]LogModuleManager: Shutting down and abandoning module AssetTools (86)
[2017.04.02-04.43.50:272][584]LogModuleManager: Shutting down and abandoning module UMGEditor (85)
[2017.04.02-04.43.50:272][584]LogModuleManager: Shutting down and abandoning module UMG (84)
[2017.04.02-04.43.50:273][584]LogModuleManager: Shutting down and abandoning module SlateReflector (83)
[2017.04.02-04.43.50:273][584]LogModuleManager: Shutting down and abandoning module Slate (82)
[2017.04.02-04.43.50:273][584]LogModuleManager: Shutting down and abandoning module EditorStyle (81)
[2017.04.02-04.43.50:274][584]LogModuleManager: Shutting down and abandoning module SourceCodeAccess (80)
[2017.04.02-04.43.50:274][584]LogModuleManager: Shutting down and abandoning module HeadMountedDisplay (79)
[2017.04.02-04.43.50:274][584]LogModuleManager: Shutting down and abandoning module XAudio2 (78)
[2017.04.02-04.43.50:274][584]LogModuleManager: Shutting down and abandoning module Networking (76)
[2017.04.02-04.43.50:274][584]LogModuleManager: Shutting down and abandoning module Core (75)
[2017.04.02-04.43.50:274][584]LogModuleManager: Shutting down and abandoning module DirectoryWatcher (74)
[2017.04.02-04.43.50:274][584]LogDirectoryWatcher: A directory notification for '../../../Engine/Content/' was aborted.
[2017.04.02-04.43.50:274][584]LogDirectoryWatcher: A directory notification for '../../../../../UE4 Projects/ZombieStuff/Zombie_TowerDefense/Content/' was aborted.
[2017.04.02-04.43.50:274][584]LogDirectoryWatcher: A directory notification for '../../../Engine/Plugins/2D/Paper2D/Content/' was aborted.
[2017.04.02-04.43.50:275][584]LogModuleManager: Shutting down and abandoning module AssetRegistry (73)
[2017.04.02-04.43.50:322][584]LogModuleManager: Shutting down and abandoning module KismetCompiler (72)
[2017.04.02-04.43.50:322][584]LogModuleManager: Shutting down and abandoning module PhysXFormats (71)
[2017.04.02-04.43.50:322][584]LogModuleManager: Shutting down and abandoning module SimplygonSwarm (70)
[2017.04.02-04.43.50:322][584]LogModuleManager: Shutting down and abandoning module SimplygonMeshReduction (69)
[2017.04.02-04.43.50:322][584]LogModuleManager: Shutting down and abandoning module QuadricMeshReduction (68)
[2017.04.02-04.43.50:322][584]LogModuleManager: Shutting down and abandoning module PropertyEditor (67)
[2017.04.02-04.43.50:322][584]LogModuleManager: Shutting down and abandoning module MeshUtilities (66)
[2017.04.02-04.43.50:322][584]LogModuleManager: Shutting down and abandoning module DerivedDataCache (65)
[2017.04.02-04.43.50:352][584]LogDerivedDataCache: Shutdown
[2017.04.02-04.43.50:352][584]LogModuleManager: Shutting down and abandoning module VulkanShaderFormat (64)
[2017.04.02-04.43.50:352][584]LogModuleManager: Shutting down and abandoning module ShaderFormatOpenGL (63)
[2017.04.02-04.43.50:352][584]LogModuleManager: Shutting down and abandoning module ShaderFormatD3D (62)
[2017.04.02-04.43.50:352][584]LogModuleManager: Shutting down and abandoning module MetalShaderFormat (61)
[2017.04.02-04.43.50:352][584]LogModuleManager: Shutting down and abandoning module TextureFormatUncompressed (60)
[2017.04.02-04.43.50:352][584]LogModuleManager: Shutting down and abandoning module TextureFormatPVR (59)
[2017.04.02-04.43.50:352][584]LogModuleManager: Shutting down and abandoning module TextureFormatDXT (58)
[2017.04.02-04.43.50:352][584]LogModuleManager: Shutting down and abandoning module TextureFormatIntelISPCTexComp (57)
[2017.04.02-04.43.50:352][584]LogModuleManager: Shutting down and abandoning module ImageWrapper (56)
[2017.04.02-04.43.50:352][584]LogModuleManager: Shutting down and abandoning module TextureFormatASTC (55)
[2017.04.02-04.43.50:352][584]LogModuleManager: Shutting down and abandoning module TextureFormatAndroid (54)
[2017.04.02-04.43.50:352][584]LogModuleManager: Shutting down and abandoning module AudioFormatOpus (53)
[2017.04.02-04.43.50:352][584]LogModuleManager: Shutting down and abandoning module AudioFormatOgg (52)
[2017.04.02-04.43.50:352][584]LogModuleManager: Shutting down and abandoning module AudioFormatADPCM (51)
[2017.04.02-04.43.50:352][584]LogModuleManager: Shutting down and abandoning module LinuxTargetPlatform (50)
[2017.04.02-04.43.50:352][584]LogModuleManager: Shutting down and abandoning module LinuxServerTargetPlatform (49)
[2017.04.02-04.43.50:352][584]LogModuleManager: Shutting down and abandoning module LinuxNoEditorTargetPlatform (48)
[2017.04.02-04.43.50:352][584]LogModuleManager: Shutting down and abandoning module LinuxClientTargetPlatform (47)
[2017.04.02-04.43.50:352][584]LogModuleManager: Shutting down and abandoning module TVOSTargetPlatform (46)
[2017.04.02-04.43.50:352][584]LogModuleManager: Shutting down and abandoning module Messaging (45)
[2017.04.02-04.43.50:352][584]LogModuleManager: Shutting down and abandoning module IOSTargetPlatform (44)
[2017.04.02-04.43.50:352][584]LogModuleManager: Shutting down and abandoning module HTML5TargetPlatform (43)
[2017.04.02-04.43.50:352][584]LogModuleManager: Shutting down and abandoning module Android_PVRTCTargetPlatform (42)
[2017.04.02-04.43.50:352][584]LogModuleManager: Shutting down and abandoning module Android_MultiTargetPlatform (41)
[2017.04.02-04.43.50:352][584]LogModuleManager: Shutting down and abandoning module Android_ETC2TargetPlatform (40)
[2017.04.02-04.43.50:352][584]LogModuleManager: Shutting down and abandoning module Android_ETC1TargetPlatform (39)
[2017.04.02-04.43.50:352][584]LogModuleManager: Shutting down and abandoning module Android_DXTTargetPlatform (38)
[2017.04.02-04.43.50:352][584]LogModuleManager: Shutting down and abandoning module Android_ATCTargetPlatform (37)
[2017.04.02-04.43.50:352][584]LogModuleManager: Shutting down and abandoning module Android_ASTCTargetPlatform (36)
[2017.04.02-04.43.50:352][584]LogModuleManager: Shutting down and abandoning module AndroidTargetPlatform (35)
[2017.04.02-04.43.50:352][584]LogModuleManager: Shutting down and abandoning module WindowsTargetPlatform (34)
[2017.04.02-04.43.50:352][584]LogModuleManager: Shutting down and abandoning module WindowsServerTargetPlatform (33)
[2017.04.02-04.43.50:352][584]LogModuleManager: Shutting down and abandoning module WindowsNoEditorTargetPlatform (32)
[2017.04.02-04.43.50:352][584]LogModuleManager: Shutting down and abandoning module WindowsClientTargetPlatform (31)
[2017.04.02-04.43.50:352][584]LogModuleManager: Shutting down and abandoning module MacTargetPlatform (30)
[2017.04.02-04.43.50:352][584]LogModuleManager: Shutting down and abandoning module MacServerTargetPlatform (29)
[2017.04.02-04.43.50:352][584]LogModuleManager: Shutting down and abandoning module MacNoEditorTargetPlatform (28)
[2017.04.02-04.43.50:352][584]LogModuleManager: Shutting down and abandoning module MacClientTargetPlatform (27)
[2017.04.02-04.43.50:352][584]LogModuleManager: Shutting down and abandoning module AllDesktopTargetPlatform (26)
[2017.04.02-04.43.50:352][584]LogModuleManager: Shutting down and abandoning module TargetPlatform (25)
[2017.04.02-04.43.50:353][584]LogModuleManager: Shutting down and abandoning module InputCore (24)
[2017.04.02-04.43.50:353][584]LogModuleManager: Shutting down and abandoning module Settings (23)
[2017.04.02-04.43.50:353][584]LogModuleManager: Shutting down and abandoning module OculusRift (22)
[2017.04.02-04.43.50:353][584]LogModuleManager: Shutting down and abandoning module ExampleDeviceProfileSelector (21)
[2017.04.02-04.43.50:353][584]LogModuleManager: Shutting down and abandoning module OnlineBlueprintSupport (20)
[2017.04.02-04.43.50:353][584]LogModuleManager: Shutting down and abandoning module OnlineSubsystem (18)
[2017.04.02-04.43.50:353][584]LogOnline:Display: Unloading online subsystem: NULL
[2017.04.02-04.43.50:353][584]LogModuleManager: Shutting down and abandoning module SSL (17)
[2017.04.02-04.43.50:354][584]LogModuleManager: Shutting down and abandoning module HTTP (16)
[2017.04.02-04.43.50:354][584]LogModuleManager: Shutting down and abandoning module XMPP (15)
[2017.04.02-04.43.50:354][584]LogModuleManager: Shutting down and abandoning module TextureCompressor (14)
[2017.04.02-04.43.50:354][584]LogModuleManager: Shutting down and abandoning module ShaderCore (13)
[2017.04.02-04.43.50:354][584]LogModuleManager: Shutting down and abandoning module Landscape (12)
[2017.04.02-04.43.50:354][584]LogModuleManager: Shutting down and abandoning module SlateRHIRenderer (11)
[2017.04.02-04.43.50:354][584]LogModuleManager: Shutting down and abandoning module OpenGLDrv (10)
[2017.04.02-04.43.50:354][584]LogModuleManager: Shutting down and abandoning module D3D11RHI (9)
[2017.04.02-04.43.50:354][584]LogModuleManager: Shutting down and abandoning module AnimGraphRuntime (8)
[2017.04.02-04.43.50:354][584]LogModuleManager: Shutting down and abandoning module Renderer (7)
[2017.04.02-04.43.50:354][584]LogModuleManager: Shutting down and abandoning module Engine (6)
[2017.04.02-04.43.50:354][584]LogModuleManager: Shutting down and abandoning module CoreUObject (5)
[2017.04.02-04.43.50:354][584]LogModuleManager: Shutting down and abandoning module NetworkFile (4)
[2017.04.02-04.43.50:354][584]LogModuleManager: Shutting down and abandoning module StreamingFile (3)
[2017.04.02-04.43.50:354][584]LogModuleManager: Shutting down and abandoning module SandboxFile (2)
[2017.04.02-04.43.50:354][584]LogModuleManager: Shutting down and abandoning module PakFile (1)
[2017.04.02-04.43.50:356][584]LogExit: Exiting.
[2017.04.02-04.43.50:357][584]Log file closed, 04/01/17 23:43:50
