Log file open, 04/30/17 18:16:59
LogInit:Display: Running engine for game: Zombie_Tower_Defense
LogPlatformFile: Not using cached read wrapper
LogInit:Display: RandInit(2106732483) SRandInit(2106732483).
LogTaskGraph: Started task graph with 5 named threads and 8 total threads with 1 sets of task threads.
LogStats: Stats thread started at 0.070200
LogPluginManager: Loaded Plugin Paper2D, From B:/Unreal Engine 4.14.3/UE_4.14/Engine/Plugins/2D/Paper2D/Paper2D.uplugin
LogPluginManager: Loaded Plugin LightPropagationVolume, From B:/Unreal Engine 4.14.3/UE_4.14/Engine/Plugins/Blendables/LightPropagationVolume/LightPropagationVolume.uplugin
LogPluginManager: Loaded Plugin BlankPlugin, From B:/Unreal Engine 4.14.3/UE_4.14/Engine/Plugins/Developer/BlankPlugin/BlankPlugin.uplugin
LogPluginManager: Loaded Plugin CodeLiteSourceCodeAccess, From B:/Unreal Engine 4.14.3/UE_4.14/Engine/Plugins/Developer/CodeLiteSourceCodeAccess/CodeLiteSourceCodeAccess.uplugin
LogPluginManager: Loaded Plugin GitSourceControl, From B:/Unreal Engine 4.14.3/UE_4.14/Engine/Plugins/Developer/GitSourceControl/GitSourceControl.uplugin
LogPluginManager: Loaded Plugin KDevelopSourceCodeAccess, From B:/Unreal Engine 4.14.3/UE_4.14/Engine/Plugins/Developer/KDevelopSourceCodeAccess/KDevelopSourceCodeAccess.uplugin
LogPluginManager: Loaded Plugin NullSourceCodeAccess, From B:/Unreal Engine 4.14.3/UE_4.14/Engine/Plugins/Developer/NullSourceCodeAccess/NullSourceCodeAccess.uplugin
LogPluginManager: Loaded Plugin OneSkyLocalizationService, From B:/Unreal Engine 4.14.3/UE_4.14/Engine/Plugins/Developer/OneSkyLocalizationService/OneSkyLocalizationService.uplugin
LogPluginManager: Loaded Plugin PerforceSourceControl, From B:/Unreal Engine 4.14.3/UE_4.14/Engine/Plugins/Developer/PerforceSourceControl/PerforceSourceControl.uplugin
LogPluginManager: Loaded Plugin SubversionSourceControl, From B:/Unreal Engine 4.14.3/UE_4.14/Engine/Plugins/Developer/SubversionSourceControl/SubversionSourceControl.uplugin
LogPluginManager: Loaded Plugin UObjectPlugin, From B:/Unreal Engine 4.14.3/UE_4.14/Engine/Plugins/Developer/UObjectPlugin/UObjectPlugin.uplugin
LogPluginManager: Loaded Plugin VisualStudioSourceCodeAccess, From B:/Unreal Engine 4.14.3/UE_4.14/Engine/Plugins/Developer/VisualStudioSourceCodeAccess/VisualStudioSourceCodeAccess.uplugin
LogPluginManager: Loaded Plugin XCodeSourceCodeAccess, From B:/Unreal Engine 4.14.3/UE_4.14/Engine/Plugins/Developer/XCodeSourceCodeAccess/XCodeSourceCodeAccess.uplugin
LogPluginManager: Loaded Plugin AudioCapture, From B:/Unreal Engine 4.14.3/UE_4.14/Engine/Plugins/Editor/AudioCapture/AudioCapture.uplugin
LogPluginManager: Loaded Plugin EpicSurvey, From B:/Unreal Engine 4.14.3/UE_4.14/Engine/Plugins/Editor/EpicSurvey/EpicSurvey.uplugin
LogPluginManager: Loaded Plugin MacGraphicsSwitching, From B:/Unreal Engine 4.14.3/UE_4.14/Engine/Plugins/Editor/MacGraphicsSwitching/MacGraphicsSwitching.uplugin
LogPluginManager: Loaded Plugin MobileLauncherProfileWizard, From B:/Unreal Engine 4.14.3/UE_4.14/Engine/Plugins/Editor/MobileLauncherProfileWizard/MobileLauncherProfileWizard.uplugin
LogPluginManager: Loaded Plugin PluginBrowser, From B:/Unreal Engine 4.14.3/UE_4.14/Engine/Plugins/Editor/PluginBrowser/PluginBrowser.uplugin
LogPluginManager: Loaded Plugin SpeedTreeImporter, From B:/Unreal Engine 4.14.3/UE_4.14/Engine/Plugins/Editor/SpeedTreeImporter/SpeedTreeImporter.uplugin
LogPluginManager: Loaded Plugin SuperSearchEditor, From B:/Unreal Engine 4.14.3/UE_4.14/Engine/Plugins/Editor/SuperSearchEditor/SuperSearchEditor.uplugin
LogPluginManager: Loaded Plugin AlembicImporter, From B:/Unreal Engine 4.14.3/UE_4.14/Engine/Plugins/Experimental/AlembicImporter/AlembicImporter.uplugin
LogPluginManager: Loaded Plugin BlueprintStats, From B:/Unreal Engine 4.14.3/UE_4.14/Engine/Plugins/Experimental/BlueprintStats/BlueprintStats.uplugin
LogPluginManager: Loaded Plugin CharacterAI, From B:/Unreal Engine 4.14.3/UE_4.14/Engine/Plugins/Experimental/CharacterAI/CharacterAI.uplugin
LogPluginManager: Loaded Plugin CodeEditor, From B:/Unreal Engine 4.14.3/UE_4.14/Engine/Plugins/Experimental/CodeEditor/CodeEditor.uplugin
LogPluginManager: Loaded Plugin CodeView, From B:/Unreal Engine 4.14.3/UE_4.14/Engine/Plugins/Experimental/CodeView/CodeView.uplugin
LogPluginManager: Loaded Plugin HTML5Networking, From B:/Unreal Engine 4.14.3/UE_4.14/Engine/Plugins/Experimental/HTML5Networking/HTML5Networking.uplugin
LogPluginManager: Loaded Plugin OSVR, From B:/Unreal Engine 4.14.3/UE_4.14/Engine/Plugins/Experimental/OSVR/OSVR.uplugin
LogPluginManager: Loaded Plugin Phya, From B:/Unreal Engine 4.14.3/UE_4.14/Engine/Plugins/Experimental/Phya/Phya.uplugin
LogPluginManager: Loaded Plugin SignificanceManager, From B:/Unreal Engine 4.14.3/UE_4.14/Engine/Plugins/Experimental/SignificanceManager/SignificanceManager.uplugin
LogPluginManager: Loaded Plugin SimpleHMD, From B:/Unreal Engine 4.14.3/UE_4.14/Engine/Plugins/Experimental/SimpleHMD/SimpleHMD.uplugin
LogPluginManager: Loaded Plugin StereoPanorama, From B:/Unreal Engine 4.14.3/UE_4.14/Engine/Plugins/Experimental/StereoPanorama/StereoPanorama.uplugin
LogPluginManager: Loaded Plugin StructBox, From B:/Unreal Engine 4.14.3/UE_4.14/Engine/Plugins/Experimental/StructBox/StructBox.uplugin
LogPluginManager: Loaded Plugin AndroidMedia, From B:/Unreal Engine 4.14.3/UE_4.14/Engine/Plugins/Media/AndroidMedia/AndroidMedia.uplugin
LogPluginManager: Loaded Plugin AvfMedia, From B:/Unreal Engine 4.14.3/UE_4.14/Engine/Plugins/Media/AvfMedia/AvfMedia.uplugin
LogPluginManager: Loaded Plugin MediaPlayerEditor, From B:/Unreal Engine 4.14.3/UE_4.14/Engine/Plugins/Media/MediaPlayerEditor/MediaPlayerEditor.uplugin
LogPluginManager: Loaded Plugin WmfMedia, From B:/Unreal Engine 4.14.3/UE_4.14/Engine/Plugins/Media/WmfMedia/WmfMedia.uplugin
LogPluginManager: Loaded Plugin MessagingDebugger, From B:/Unreal Engine 4.14.3/UE_4.14/Engine/Plugins/Messaging/MessagingDebugger/MessagingDebugger.uplugin
LogPluginManager: Loaded Plugin TcpMessaging, From B:/Unreal Engine 4.14.3/UE_4.14/Engine/Plugins/Messaging/TcpMessaging/TcpMessaging.uplugin
LogPluginManager: Loaded Plugin UdpMessaging, From B:/Unreal Engine 4.14.3/UE_4.14/Engine/Plugins/Messaging/UdpMessaging/UdpMessaging.uplugin
LogPluginManager: Loaded Plugin LevelSequenceEditor, From B:/Unreal Engine 4.14.3/UE_4.14/Engine/Plugins/MovieScene/LevelSequenceEditor/LevelSequenceEditor.uplugin
LogPluginManager: Loaded Plugin MatineeToLevelSequence, From B:/Unreal Engine 4.14.3/UE_4.14/Engine/Plugins/MovieScene/MatineeToLevelSequence/MatineeToLevelSequence.uplugin
LogPluginManager: Loaded Plugin NetcodeUnitTest, From B:/Unreal Engine 4.14.3/UE_4.14/Engine/Plugins/NetcodeUnitTest/NetcodeUnitTest/NetcodeUnitTest.uplugin
LogPluginManager: Loaded Plugin NUTUnrealEngine4, From B:/Unreal Engine 4.14.3/UE_4.14/Engine/Plugins/NetcodeUnitTest/NUTUnrealEngine4/NUTUnrealEngine4.uplugin
LogPluginManager: Loaded Plugin OnlineSubsystemGameCircle, From B:/Unreal Engine 4.14.3/UE_4.14/Engine/Plugins/Online/Android/OnlineSubsystemGameCircle/OnlineSubsystemGameCircle.uplugin
LogPluginManager: Loaded Plugin OnlineSubsystemGooglePlay, From B:/Unreal Engine 4.14.3/UE_4.14/Engine/Plugins/Online/Android/OnlineSubsystemGooglePlay/OnlineSubsystemGooglePlay.uplugin
LogPluginManager: Loaded Plugin OnlineSubsystemIOS, From B:/Unreal Engine 4.14.3/UE_4.14/Engine/Plugins/Online/IOS/OnlineSubsystemIOS/OnlineSubsystemIOS.uplugin
LogPluginManager: Loaded Plugin OnlineFramework, From B:/Unreal Engine 4.14.3/UE_4.14/Engine/Plugins/Online/OnlineFramework/OnlineFramework.uplugin
LogPluginManager: Loaded Plugin OnlineSubsystem, From B:/Unreal Engine 4.14.3/UE_4.14/Engine/Plugins/Online/OnlineSubsystem/OnlineSubsystem.uplugin
LogPluginManager: Loaded Plugin OnlineSubsystemAmazon, From B:/Unreal Engine 4.14.3/UE_4.14/Engine/Plugins/Online/OnlineSubsystemAmazon/OnlineSubsystemAmazon.uplugin
LogPluginManager: Loaded Plugin OnlineSubsystemFacebook, From B:/Unreal Engine 4.14.3/UE_4.14/Engine/Plugins/Online/OnlineSubsystemFacebook/OnlineSubsystemFacebook.uplugin
LogPluginManager: Loaded Plugin OnlineSubsystemNull, From B:/Unreal Engine 4.14.3/UE_4.14/Engine/Plugins/Online/OnlineSubsystemNull/OnlineSubsystemNull.uplugin
LogPluginManager: Loaded Plugin OnlineSubsystemOculus, From B:/Unreal Engine 4.14.3/UE_4.14/Engine/Plugins/Online/OnlineSubsystemOculus/OnlineSubsystemOculus.uplugin
LogPluginManager: Loaded Plugin OnlineSubsystemSteam, From B:/Unreal Engine 4.14.3/UE_4.14/Engine/Plugins/Online/OnlineSubsystemSteam/OnlineSubsystemSteam.uplugin
LogPluginManager: Loaded Plugin OnlineSubsystemUtils, From B:/Unreal Engine 4.14.3/UE_4.14/Engine/Plugins/Online/OnlineSubsystemUtils/OnlineSubsystemUtils.uplugin
LogPluginManager: Loaded Plugin IOSTapJoy, From B:/Unreal Engine 4.14.3/UE_4.14/Engine/Plugins/Runtime/Advertising/IOSTapJoy/IOSTapJoy.uplugin
LogPluginManager: Loaded Plugin AnalyticsBlueprintLibrary, From B:/Unreal Engine 4.14.3/UE_4.14/Engine/Plugins/Runtime/Analytics/AnalyticsBlueprintLibrary/AnalyticsBlueprintLibrary.uplugin
LogPluginManager: Loaded Plugin AnalyticsMulticast, From B:/Unreal Engine 4.14.3/UE_4.14/Engine/Plugins/Runtime/Analytics/AnalyticsMulticast/AnalyticsMulticast.uplugin
LogPluginManager: Loaded Plugin Apsalar, From B:/Unreal Engine 4.14.3/UE_4.14/Engine/Plugins/Runtime/Analytics/Apsalar/Apsalar.uplugin
LogPluginManager: Loaded Plugin FileLogging, From B:/Unreal Engine 4.14.3/UE_4.14/Engine/Plugins/Runtime/Analytics/FileLogging/FileLogging.uplugin
LogPluginManager: Loaded Plugin Flurry, From B:/Unreal Engine 4.14.3/UE_4.14/Engine/Plugins/Runtime/Analytics/Flurry/Flurry.uplugin
LogPluginManager: Loaded Plugin AndroidDeviceProfileSelector, From B:/Unreal Engine 4.14.3/UE_4.14/Engine/Plugins/Runtime/AndroidDeviceProfileSelector/AndroidDeviceProfileSelector.uplugin
LogPluginManager: Loaded Plugin AndroidMoviePlayer, From B:/Unreal Engine 4.14.3/UE_4.14/Engine/Plugins/Runtime/AndroidMoviePlayer/AndroidMoviePlayer.uplugin
LogPluginManager: Loaded Plugin AppleMoviePlayer, From B:/Unreal Engine 4.14.3/UE_4.14/Engine/Plugins/Runtime/AppleMoviePlayer/AppleMoviePlayer.uplugin
LogPluginManager: Loaded Plugin ArchVisCharacter, From B:/Unreal Engine 4.14.3/UE_4.14/Engine/Plugins/Runtime/ArchVisCharacter/ArchVisCharacter.uplugin
LogPluginManager: Loaded Plugin CableComponent, From B:/Unreal Engine 4.14.3/UE_4.14/Engine/Plugins/Runtime/CableComponent/CableComponent.uplugin
LogPluginManager: Loaded Plugin CustomMeshComponent, From B:/Unreal Engine 4.14.3/UE_4.14/Engine/Plugins/Runtime/CustomMeshComponent/CustomMeshComponent.uplugin
LogPluginManager: Loaded Plugin ExampleDeviceProfileSelector, From B:/Unreal Engine 4.14.3/UE_4.14/Engine/Plugins/Runtime/ExampleDeviceProfileSelector/ExampleDeviceProfileSelector.uplugin
LogPluginManager: Loaded Plugin GearVR, From B:/Unreal Engine 4.14.3/UE_4.14/Engine/Plugins/Runtime/GearVR/GearVR.uplugin
LogPluginManager: Loaded Plugin GoogleVRController, From B:/Unreal Engine 4.14.3/UE_4.14/Engine/Plugins/Runtime/GoogleVR/GoogleVRController/GoogleVRController.uplugin
LogPluginManager: Loaded Plugin GoogleVRHMD, From B:/Unreal Engine 4.14.3/UE_4.14/Engine/Plugins/Runtime/GoogleVR/GoogleVRHMD/GoogleVRHMD.uplugin
LogPluginManager: Loaded Plugin IOSDeviceProfileSelector, From B:/Unreal Engine 4.14.3/UE_4.14/Engine/Plugins/Runtime/IOSDeviceProfileSelector/IOSDeviceProfileSelector.uplugin
LogPluginManager: Loaded Plugin LeapMotion, From B:/Unreal Engine 4.14.3/UE_4.14/Engine/Plugins/Runtime/LeapMotion/LeapMotion.uplugin
LogPluginManager: Loaded Plugin LinuxDeviceProfileSelector, From B:/Unreal Engine 4.14.3/UE_4.14/Engine/Plugins/Runtime/LinuxDeviceProfileSelector/LinuxDeviceProfileSelector.uplugin
LogPluginManager: Loaded Plugin MIDIDevice, From B:/Unreal Engine 4.14.3/UE_4.14/Engine/Plugins/Runtime/MIDIDevice/MIDIDevice.uplugin
LogPluginManager: Loaded Plugin MobilePatchingUtils, From B:/Unreal Engine 4.14.3/UE_4.14/Engine/Plugins/Runtime/MobilePatchingUtils/MobilePatchingUtils.uplugin
LogPluginManager: Loaded Plugin Ansel, From B:/Unreal Engine 4.14.3/UE_4.14/Engine/Plugins/Runtime/Nvidia/Ansel/Ansel.uplugin
LogPluginManager: Loaded Plugin OculusAudio, From B:/Unreal Engine 4.14.3/UE_4.14/Engine/Plugins/Runtime/OculusAudio/OculusAudio.uplugin
LogPluginManager: Loaded Plugin OculusInput, From B:/Unreal Engine 4.14.3/UE_4.14/Engine/Plugins/Runtime/OculusInput/OculusInput.uplugin
LogPluginManager: Loaded Plugin OculusLibrary, From B:/Unreal Engine 4.14.3/UE_4.14/Engine/Plugins/Runtime/OculusLibrary/OculusLibrary.uplugin
LogPluginManager: Loaded Plugin OculusRift, From B:/Unreal Engine 4.14.3/UE_4.14/Engine/Plugins/Runtime/OculusRift/OculusRift.uplugin
LogPluginManager: Loaded Plugin Oodle, From B:/Unreal Engine 4.14.3/UE_4.14/Engine/Plugins/Runtime/PacketHandlers/CompressionComponents/Oodle/Oodle.uplugin
LogPluginManager: Loaded Plugin ProceduralMeshComponent, From B:/Unreal Engine 4.14.3/UE_4.14/Engine/Plugins/Runtime/ProceduralMeshComponent/ProceduralMeshComponent.uplugin
LogPluginManager: Loaded Plugin SoundMod, From B:/Unreal Engine 4.14.3/UE_4.14/Engine/Plugins/Runtime/SoundMod/SoundMod.uplugin
LogPluginManager: Loaded Plugin SoundVisualizations, From B:/Unreal Engine 4.14.3/UE_4.14/Engine/Plugins/Runtime/SoundVisualizations/SoundVisualizations.uplugin
LogPluginManager: Loaded Plugin SteamController, From B:/Unreal Engine 4.14.3/UE_4.14/Engine/Plugins/Runtime/Steam/SteamController/SteamController.uplugin
LogPluginManager: Loaded Plugin SteamVR, From B:/Unreal Engine 4.14.3/UE_4.14/Engine/Plugins/Runtime/Steam/SteamVR/SteamVR.uplugin
LogPluginManager: Loaded Plugin WebBrowserWidget, From B:/Unreal Engine 4.14.3/UE_4.14/Engine/Plugins/Runtime/WebBrowserWidget/WebBrowserWidget.uplugin
LogPluginManager: Loaded Plugin WindowsDeviceProfileSelector, From B:/Unreal Engine 4.14.3/UE_4.14/Engine/Plugins/Runtime/WindowsDeviceProfileSelector/WindowsDeviceProfileSelector.uplugin
LogPluginManager: Loaded Plugin WindowsMoviePlayer, From B:/Unreal Engine 4.14.3/UE_4.14/Engine/Plugins/Runtime/WindowsMoviePlayer/WindowsMoviePlayer.uplugin
LogPluginManager: Loaded Plugin ScriptPlugin, From B:/Unreal Engine 4.14.3/UE_4.14/Engine/Plugins/ScriptPlugin/ScriptPlugin.uplugin
LogPluginManager: Loaded Plugin SlateRemote, From B:/Unreal Engine 4.14.3/UE_4.14/Engine/Plugins/Slate/SlateRemote/SlateRemote.uplugin
LogPluginManager: Loaded Plugin EditorTests, From B:/Unreal Engine 4.14.3/UE_4.14/Engine/Plugins/Tests/EditorTests/EditorTests.uplugin
LogPluginManager: Loaded Plugin FbxAutomationTestBuilder, From B:/Unreal Engine 4.14.3/UE_4.14/Engine/Plugins/Tests/FbxAutomationTestBuilder/FbxAutomationTestBuilder.uplugin
LogPluginManager: Loaded Plugin FunctionalTestingEditor, From B:/Unreal Engine 4.14.3/UE_4.14/Engine/Plugins/Tests/FunctionalTestingEditor/FunctionalTestingEditor.uplugin
LogPluginManager: Loaded Plugin RuntimeTests, From B:/Unreal Engine 4.14.3/UE_4.14/Engine/Plugins/Tests/RuntimeTests/RuntimeTests.uplugin
LogPluginManager: Loaded Plugin ScreenshotTools, From B:/Unreal Engine 4.14.3/UE_4.14/Engine/Plugins/Tests/ScreenshotTools/ScreenshotTools.uplugin
LogInit: Using libcurl 7.47.1
LogInit:  - built for x86_64-pc-win32
LogInit:  - supports SSL with OpenSSL/1.0.2g
LogInit:  - supports HTTP deflate (compression) using libz 1.2.8
LogInit:  - other features:
LogInit:      CURL_VERSION_SSL
LogInit:      CURL_VERSION_LIBZ
LogInit:      CURL_VERSION_IPV6
LogInit:      CURL_VERSION_ASYNCHDNS
LogInit:      CURL_VERSION_LARGEFILE
LogInit:      CURL_VERSION_IDN
LogInit:  CurlRequestOptions (configurable via config and command line):
LogInit:  - bVerifyPeer = false  - Libcurl will NOT verify peer certificate
LogInit:  - bUseHttpProxy = false  - Libcurl will NOT use HTTP proxy
LogInit:  - bDontReuseConnections = false  - Libcurl will reuse connections
LogInit:  - CertBundlePath = nullptr  - Libcurl will use whatever was configured at build time.
LogInit: Build: ++UE4+Release-4.14-CL-3249277
LogInit: Engine Version: 4.14.3-3249277+++UE4+Release-4.14
LogInit: Compatible Engine Version: 4.14.0-3195953+++UE4+Release-4.14
LogInit: Net CL: 3195953
LogDevObjectVersion: Number of dev versions registered: 13
LogDevObjectVersion:   Dev-Blueprints (B0D832E4-1F89-4F0D-ACCF-7EB736FD4AA2): 7
LogDevObjectVersion:   Dev-Build (E1C64328-A22C-4D53-A36C-8E866417BD8C): 0
LogDevObjectVersion:   Dev-Core (375EC13C-06E4-48FB-B500-84F0262A717E): 1
LogDevObjectVersion:   Dev-Editor (E4B068ED-F494-42E9-A231-DA0B2E46BB41): 8
LogDevObjectVersion:   Dev-Framework (CFFC743F-43B0-4480-9391-14DF171D2073): 17
LogDevObjectVersion:   Dev-Mobile (B02B49B5-BB20-44E9-A304-32B752E40360): 0
LogDevObjectVersion:   Dev-Networking (A4E4105C-59A1-49B5-A7C5-40C4547EDFEE): 0
LogDevObjectVersion:   Dev-Online (39C831C9-5AE6-47DC-9A44-9C173E1C8E7C): 0
LogDevObjectVersion:   Dev-Physics (78F01B33-EBEA-4F98-B9B4-84EACCB95AA2): 0
LogDevObjectVersion:   Dev-Platform (6631380F-2D4D-43E0-8009-CF276956A95A): 0
LogDevObjectVersion:   Dev-Rendering (12F88B9F-8875-4AFC-A67C-D90C383ABD29): 12
LogDevObjectVersion:   Dev-Sequencer (7B5AE74C-D270-4C10-A958-57980B212A5A): 1
LogDevObjectVersion:   Dev-VR (D7296918-1DD6-4BDD-9DE2-64A83CC13884): 0
LogInit: Compiled (64-bit): Jan  6 2017 10:49:43
LogInit: Compiled with Visual C++: 19.00.23026.00
LogInit: Build Configuration: Development
LogInit: Branch Name: ++UE4+Release-4.14
LogInit: Command line: -EpicPortal 
LogInit: Base directory: B:/Unreal Engine 4.14.3/UE_4.14/Engine/Binaries/Win64/
LogInit: Installed Engine Build: 1
LogInit: Presizing for max 8388607 objects, including 0 objects not considered by GC, pre-allocating 0 bytes for permanent pool.
LogInit: Object subsystem initialized
[2017.04.30-23.16.59:950][  0]LogInit: Selected Device Profile: [Windows]
[2017.04.30-23.16.59:950][  0]LogInit: Applying CVar settings loaded from the selected device profile: [Windows]
[2017.04.30-23.16.59:957][  0]LogInit: Computer: MASTACHIEF-PC
[2017.04.30-23.16.59:957][  0]LogInit: User: MASTACHIEF
[2017.04.30-23.16.59:957][  0]LogInit: CPU Page size=65536, Cores=4
[2017.04.30-23.16.59:957][  0]LogInit: High frequency timer resolution =3.330126 MHz
[2017.04.30-23.16.59:957][  0]LogMemory: Memory total: Physical=16.0GB (16GB approx)
[2017.04.30-23.16.59:957][  0]LogMemory: Platform Memory Stats for Windows
[2017.04.30-23.16.59:957][  0]LogMemory: Process Physical Memory: 265.03 MB used, 265.03 MB peak
[2017.04.30-23.16.59:957][  0]LogMemory: Process Virtual Memory: 264.31 MB used, 264.31 MB peak
[2017.04.30-23.16.59:957][  0]LogMemory: Physical Memory: 6198.59 MB used,  10140.98 MB free, 16339.57 MB total
[2017.04.30-23.16.59:957][  0]LogMemory: Virtual Memory: 659.89 MB used,  10140.98 MB free, 8388608.00 MB total
[2017.04.30-23.16.59:987][  0]LogTextLocalizationManager: No specific translations for ('en-US') exist, so ('en') translations will be used.
[2017.04.30-23.17.00:518][  0]LogD3D11RHI: D3D11 adapters:
[2017.04.30-23.17.00:724][  0]LogD3D11RHI:    0. 'NVIDIA GeForce GTX 970' (Feature Level 11_0)
[2017.04.30-23.17.00:724][  0]LogD3D11RHI:       4007/0/7913 MB DedicatedVideo/DedicatedSystem/SharedSystem, Outputs:1, VendorId:0x10de
[2017.04.30-23.17.00:724][  0]LogD3D11RHI: Chosen D3D11 Adapter: 0
[2017.04.30-23.17.00:728][  0]LogD3D11RHI: Creating new Direct3DDevice
[2017.04.30-23.17.00:728][  0]LogD3D11RHI:     GPU DeviceId: 0x13c2 (for the marketing name, search the web for "GPU Device Id")
[2017.04.30-23.17.00:728][  0]LogWindows: EnumDisplayDevices:
[2017.04.30-23.17.00:729][  0]LogWindows:    0. 'NVIDIA GeForce GTX 970' (P:1 D:1)
[2017.04.30-23.17.00:729][  0]LogWindows:    1. 'NVIDIA GeForce GTX 970' (P:0 D:0)
[2017.04.30-23.17.00:729][  0]LogWindows:    2. 'NVIDIA GeForce GTX 970' (P:0 D:0)
[2017.04.30-23.17.00:729][  0]LogWindows:    3. 'NVIDIA GeForce GTX 970' (P:0 D:0)
[2017.04.30-23.17.00:729][  0]LogWindows:    4. 'RDPDD Chained DD' (P:0 D:0)
[2017.04.30-23.17.00:729][  0]LogWindows:    5. 'RDP Encoder Mirror Driver' (P:0 D:0)
[2017.04.30-23.17.00:729][  0]LogWindows:    6. 'RDP Reflector Display Driver' (P:0 D:0)
[2017.04.30-23.17.00:729][  0]LogWindows: DebugString: GetVideoDriverDetailsInvalid PrimaryIsNotTheChoosenAdapter GetVideoDriverDetailsInvalid PrimaryIsNotTheChoosenAdapter GetVideoDriverDetailsInvalid PrimaryIsNotTheChoosenAdapter FoundDriverCount:4 
[2017.04.30-23.17.00:729][  0]LogD3D11RHI:     Adapter Name: NVIDIA GeForce GTX 970
[2017.04.30-23.17.00:729][  0]LogD3D11RHI:   Driver Version: 376.33 (internal:21.21.13.7633, unified:376.33)
[2017.04.30-23.17.00:729][  0]LogD3D11RHI:      Driver Date: 12-11-2016
[2017.04.30-23.17.00:729][  0]LogRHI: Texture pool is 1361 MB (70% of 1945 MB)
[2017.04.30-23.17.00:919][  0]LogD3D11RHI: Async texture creation enabled
[2017.04.30-23.17.00:949][  0]LogD3D11RHI: GPU Timing Frequency: 1000.000000 (Debug: 2 2)
[2017.04.30-23.17.00:949][  0]LogShaderCompilers: Guid format shader working directory is 5 characters bigger than the processId version (../../../../../UE4 Projects/Zombie_TowerDefense/Intermediate/Shaders/WorkingDirectory/9572/).
[2017.04.30-23.17.00:949][  0]LogShaderCompilers: Cleaned the shader compiler working directory 'C:/Users/MASTA CHIEF/AppData/Local/Temp/UnrealShaderWorkingDir/E49215DF469505E75CD77DB097D08541/'.
[2017.04.30-23.17.00:949][  0]LogShaderCompilers:Display: Using Local Shader Compiler.
[2017.04.30-23.17.01:890][  0]LogTemp:Display: Loaded TP AllDesktopTargetPlatform
[2017.04.30-23.17.01:932][  0]LogTemp:Display: Loaded TP MacClientTargetPlatform
[2017.04.30-23.17.01:974][  0]LogTemp:Display: Loaded TP MacNoEditorTargetPlatform
[2017.04.30-23.17.02:015][  0]LogTemp:Display: Loaded TP MacServerTargetPlatform
[2017.04.30-23.17.02:057][  0]LogTemp:Display: Loaded TP MacTargetPlatform
[2017.04.30-23.17.02:100][  0]LogTemp:Display: Loaded TP WindowsClientTargetPlatform
[2017.04.30-23.17.02:142][  0]LogTemp:Display: Loaded TP WindowsNoEditorTargetPlatform
[2017.04.30-23.17.02:191][  0]LogTemp:Display: Loaded TP WindowsServerTargetPlatform
[2017.04.30-23.17.02:224][  0]LogTemp:Display: Loaded TP WindowsTargetPlatform
[2017.04.30-23.17.02:267][  0]LogTemp:Display: Loaded TP AndroidTargetPlatform
[2017.04.30-23.17.02:308][  0]LogTemp:Display: Loaded TP Android_ASTCTargetPlatform
[2017.04.30-23.17.02:348][  0]LogTemp:Display: Loaded TP Android_ATCTargetPlatform
[2017.04.30-23.17.02:389][  0]LogTemp:Display: Loaded TP Android_DXTTargetPlatform
[2017.04.30-23.17.02:431][  0]LogTemp:Display: Loaded TP Android_ETC1TargetPlatform
[2017.04.30-23.17.02:471][  0]LogTemp:Display: Loaded TP Android_ETC2TargetPlatform
[2017.04.30-23.17.02:553][  0]LogTemp:Display: Loaded TP Android_MultiTargetPlatform
[2017.04.30-23.17.02:553][  0]LogTemp:Display: Loaded TP Android_PVRTCTargetPlatform
[2017.04.30-23.17.02:577][  0]LogTemp:Display: Loaded TP HTML5TargetPlatform
[2017.04.30-23.17.02:641][  0]LogTemp:Display: Loaded TP IOSTargetPlatform
[2017.04.30-23.17.02:669][  0]LogTemp:Display: Loaded TP TVOSTargetPlatform
[2017.04.30-23.17.02:709][  0]LogTemp:Display: Loaded TP LinuxClientTargetPlatform
[2017.04.30-23.17.02:749][  0]LogTemp:Display: Loaded TP LinuxNoEditorTargetPlatform
[2017.04.30-23.17.02:789][  0]LogTemp:Display: Loaded TP LinuxServerTargetPlatform
[2017.04.30-23.17.02:831][  0]LogTemp:Display: Loaded TP LinuxTargetPlatform
[2017.04.30-23.17.02:831][  0]LogTargetPlatformManager:Display: Building Assets For Windows
[2017.04.30-23.17.03:075][  0]LogDerivedDataCache:Display: Max Cache Size: 512 MB
[2017.04.30-23.17.03:118][  0]LogDerivedDataCache: Loaded boot cache 0.04s 50MB C:/Users/MASTA CHIEF/AppData/Local/UnrealEngine/4.14/DerivedDataCache/Boot.ddc.
[2017.04.30-23.17.03:118][  0]LogDerivedDataCache:Display: Loaded Boot cache: C:/Users/MASTA CHIEF/AppData/Local/UnrealEngine/4.14/DerivedDataCache/Boot.ddc
[2017.04.30-23.17.03:118][  0]LogDerivedDataCache: FDerivedDataBackendGraph:  Pak pak cache file ../../../../../UE4 Projects/Zombie_TowerDefense/DerivedDataCache/DDC.ddp not found, will not use a pak cache.
[2017.04.30-23.17.03:118][  0]LogDerivedDataCache: Unable to find inner node Pak for hierarchical cache Hierarchy.
[2017.04.30-23.17.03:118][  0]LogDerivedDataCache: FDerivedDataBackendGraph:  CompressedPak pak cache file ../../../../../UE4 Projects/Zombie_TowerDefense/DerivedDataCache/Compressed.ddp not found, will not use a pak cache.
[2017.04.30-23.17.03:118][  0]LogDerivedDataCache: Unable to find inner node CompressedPak for hierarchical cache Hierarchy.
[2017.04.30-23.17.03:134][  0]LogDerivedDataCache:Display: Pak cache opened for reading ../../../Engine/DerivedDataCache/Compressed.ddp.
[2017.04.30-23.17.03:145][  0]LogDerivedDataCache: Using Local data cache path C:/Users/MASTA CHIEF/AppData/Local/UnrealEngine/Common/DerivedDataCache: Writable
[2017.04.30-23.17.03:353][  0]LogInit: Selected Device Profile: [Windows]
[2017.04.30-23.17.03:356][  0]LogContentStreaming: Texture pool size is 0.00 MB
[2017.04.30-23.17.03:522][  0]LogMeshUtilities: Using QuadricMeshReduction for automatic static mesh reduction
[2017.04.30-23.17.03:549][  0]LogSimplygon: Simplygon DLL not present - disabling.
[2017.04.30-23.17.03:578][  0]LogMeshUtilities: Using SimplygonSwarm for distributed automatic mesh merging
[2017.04.30-23.17.03:578][  0]LogMeshUtilities: No automatic skeletal mesh reduction module available
[2017.04.30-23.17.03:578][  0]LogMeshUtilities: No automatic mesh merging module available
[2017.04.30-23.17.04:007][  0]LogNetVersion: GetLocalNetworkVersion: CL: 3195953, ProjectName: zombie_tower_defense, ProjectVersion: , EngineNetworkVersion: 2, GameNetworkVersion: 0, NetworkChecksum: 2528811943
[2017.04.30-23.17.04:054][  0]LogAssetRegistry: FAssetRegistry took 0.0203 seconds to start up
[2017.04.30-23.17.04:081][  0]LogPackageLocalizationCache: Processed 3 localized package path(s) for 2 prioritized culture(s) in 0.014207 seconds
[2017.04.30-23.17.04:086][  0]LogUObjectArray: 31946 objects as part of root set at end of initial load.
[2017.04.30-23.17.04:086][  0]LogUObjectAllocator: 6935848 out of 0 bytes used by permanent object pool.
[2017.04.30-23.17.04:086][  0]LogUObjectArray: CloseDisregardForGC: 0/0 objects in disregard for GC pool
[2017.04.30-23.17.04:124][  0]LogInit: WinSock: version 1.1 (2.2), MaxSocks=32767, MaxUdp=65467
[2017.04.30-23.17.04:585][  0]LogSlate: Using Freetype 2.6.0
[2017.04.30-23.17.04:585][  0]LogSlate: SlateFontCache - WITH_FREETYPE: 1, WITH_HARFBUZZ: 1
[2017.04.30-23.17.04:585][  0]LogSlate: SlateFontCache - WITH_FREETYPE: 1, WITH_HARFBUZZ: 1
[2017.04.30-23.17.05:202][  0]LogTcpMessaging: Initializing TcpMessaging bridge
[2017.04.30-23.17.05:230][  0]LogUdpMessaging: Initializing bridge on interface 0.0.0.0:0 to multicast group 230.0.0.1:6666.
[2017.04.30-23.17.05:448][  0]LogMaterial: Uniform references updated for custom material expression Custom.
[2017.04.30-23.17.05:710][  0]SourceControl: Info Source control is disabled
[2017.04.30-23.17.05:711][  0]SourceControl: Info Source control is disabled
[2017.04.30-23.17.05:739][  0]SourceControl: Info Source control is disabled
[2017.04.30-23.17.05:767][  0]SourceControl: Info Source control is disabled
[2017.04.30-23.17.06:575][  0]LogEngine: Initializing Engine...
[2017.04.30-23.17.06:576][  0]LogHMD: Failed to initialize OpenVR with code 110
[2017.04.30-23.17.06:784][  0]LogAIModule: Creating AISystem for world Untitled
[2017.04.30-23.17.06:795][  0]LogInit: XAudio2 using 'Speakers (Realtek High Definition Audio)' : 8 channels at 48 kHz using 32 bits per sample (channel mask 0x63f)
[2017.04.30-23.17.06:815][  0]LogInit: FAudioDevice initialized.
[2017.04.30-23.17.06:846][  0]LogDerivedDataCache: Saved boot cache 0.03s 50MB C:/Users/MASTA CHIEF/AppData/Local/UnrealEngine/4.14/DerivedDataCache/Boot.ddc.
[2017.04.30-23.17.06:850][  0]LogInit: Texture streaming: Enabled
[2017.04.30-23.17.06:964][  0]LogInit: Transaction tracking system initialized
[2017.04.30-23.17.07:177][  0]BlueprintLog: New page: Editor Load
[2017.04.30-23.17.07:719][  0]LocalizationService: Info Localization service is disabled
[2017.04.30-23.17.08:131][  0]LogConsoleResponse:Display: 
[2017.04.30-23.17.08:246][  0]LogCook:Display: Max memory allowance for cook 16384mb min free memory 0mb
[2017.04.30-23.17.08:246][  0]LogCook:Display: Mobile HDR setting 1
[2017.04.30-23.17.08:478][  0]LogFileCache: Scanning file cache for directory 'B:/UE4 Projects/Zombie_TowerDefense/Content/' took 0.02s
[2017.04.30-23.17.08:837][  0]SourceControl: Info Source control is disabled
[2017.04.30-23.17.08:837][  0]Cmd: MAP LOAD FILE="../../../../../UE4 Projects/Zombie_TowerDefense/Content/ZTD_Blueprint/Maps/Menu_Main.umap" TEMPLATE=0 SHOWPROGRESS=1 FEATURELEVEL=3
[2017.04.30-23.17.08:838][  0]LightingResults: New page: Lighting Build
[2017.04.30-23.17.08:863][  0]MapCheck: New page: Map Check
[2017.04.30-23.17.08:863][  0]LightingResults: New page: Lighting Build
[2017.04.30-23.17.10:242][  0]LogAIModule: Creating AISystem for world Menu_Main
[2017.04.30-23.17.10:243][  0]LogEditorServer: Finished looking for orphan Actors (0.000 secs)
[2017.04.30-23.17.10:244][  0]Cmd: MAP CHECKDEP NOCLEARLOG
[2017.04.30-23.17.10:275][  0]MapCheck: Info Map check complete: 0 Error(s), 0 Warning(s), took 31.546ms to complete.
[2017.04.30-23.17.10:275][  0]LogFileHelpers: Loading map 'Menu_Main' took 1.438
[2017.04.30-23.17.10:387][  0]LogCollectionManager: Loaded 0 collections in 0.001269 seconds
[2017.04.30-23.17.10:446][  0]LogFileCache: Scanning file cache for directory 'B:/UE4 Projects/Zombie_TowerDefense/Saved/Collections/' took 0.01s
[2017.04.30-23.17.10:446][  0]LogFileCache: Scanning file cache for directory 'B:/UE4 Projects/Zombie_TowerDefense/Content/Developers/MASTACHIEF/Collections/' took 0.01s
[2017.04.30-23.17.10:446][  0]LogFileCache: Scanning file cache for directory 'B:/UE4 Projects/Zombie_TowerDefense/Content/Collections/' took 0.01s
[2017.04.30-23.17.10:446][  0]LogCollectionManager: Rebuilt the GUID cache for 0 collections in 0.000002 seconds
[2017.04.30-23.17.10:455][  0]LogContentBrowser: Native class hierarchy populated in 0.0088 seconds. Added 2190 classes and 428 folders.
[2017.04.30-23.17.10:481][  0]LogStats: UGameplayTagsManager::ConstructGameplayTagTree: Construct from data asset -  0.000 s
[2017.04.30-23.17.10:481][  0]LogStats: UGameplayTagsManager::ConstructGameplayTagTree: GameplayTagTreeChangedEvent.Broadcast -  0.000 s
[2017.04.30-23.17.10:482][  0]LogContentBrowser: Native class hierarchy updated for 'GameplayTags' in 0.0005 seconds. Added 13 classes and 0 folders.
[2017.04.30-23.17.10:520][  0]LogContentBrowser: Native class hierarchy updated for 'WidgetCarousel' in 0.0004 seconds. Added 0 classes and 0 folders.
[2017.04.30-23.17.10:551][  0]LogContentBrowser: Native class hierarchy updated for 'AddContentDialog' in 0.0004 seconds. Added 0 classes and 0 folders.
[2017.04.30-23.17.10:579][  0]LogContentBrowser: Native class hierarchy updated for 'SceneOutliner' in 0.0005 seconds. Added 1 classes and 2 folders.
[2017.04.30-23.17.10:655][  0]LogCrashTracker: Crashtracker disabled due to settings.
[2017.04.30-23.17.10:659][  0]LogUObjectGlobals:Warning: Failed to find object 'Class None.'
[2017.04.30-23.17.10:707][  0]LogContentBrowser: Native class hierarchy updated for 'HierarchicalLODOutliner' in 0.0005 seconds. Added 1 classes and 2 folders.
[2017.04.30-23.17.10:707][  0]LogLoad: (Engine Initialization) Total time: 11.91 seconds
[2017.04.30-23.17.10:707][  0]LogLoad: (Engine Initialization) Total Blueprint compile time: 0.53 seconds
[2017.04.30-23.17.10:707][  0]LogExternalProfiler: No external profilers were discovered.  External profiling features will not be available.
[2017.04.30-23.17.10:716][  0]LogOcInput: OculusInput pre-init called
[2017.04.30-23.17.10:735][  0]LogContentStreaming: Texture pool size now 1000 MB
[2017.04.30-23.17.10:880][  0]LogRenderer: Reallocating scene render targets to support 1008x584 NumSamples 1 (Frame:2).
[2017.04.30-23.17.10:963][  2]LogAssetRegistry: Asset discovery search completed in 6.9302 seconds
[2017.04.30-23.17.10:963][  2]LogCollectionManager: Rebuilt the object cache for 0 collections in 0.000001 seconds (found 0 objects)
[2017.04.30-23.17.10:963][  2]LogCollectionManager: Fixed up redirectors for 0 collections in 0.000016 seconds (updated 0 objects)
[2017.04.30-23.17.34:629][804]Cmd: MAP LOAD FILE="../../../../../UE4 Projects/Zombie_TowerDefense/Content/ZTD_Blueprint/Maps/Menu_Main.umap" TEMPLATE=0 SHOWPROGRESS=1 FEATURELEVEL=3
[2017.04.30-23.17.34:629][804]LightingResults: New page: Lighting Build
[2017.04.30-23.17.34:630][804]LoadErrors: New page: Loading map: Menu_Main.umap
[2017.04.30-23.17.34:630][804]MapCheck: New page: Map Check
[2017.04.30-23.17.34:630][804]LightingResults: New page: Lighting Build
[2017.04.30-23.17.34:659][804]LogAIModule: Creating AISystem for world Menu_Main
[2017.04.30-23.17.34:721][804]LogEditorServer: Finished looking for orphan Actors (0.000 secs)
[2017.04.30-23.17.34:749][804]Cmd: MAP CHECKDEP NOCLEARLOG
[2017.04.30-23.17.34:780][804]MapCheck: Info Map check complete: 0 Error(s), 0 Warning(s), took 31.03ms to complete.
[2017.04.30-23.17.34:781][804]LogFileHelpers: Loading map 'Menu_Main' took 0.153
[2017.04.30-23.17.39:114][292]LogAIModule: Creating AISystem for world ZTD_Main
[2017.04.30-23.17.39:138][292]Cmd: MAP LOAD FILE="../../../../../UE4 Projects/Zombie_TowerDefense/Content/ZTD_Blueprint/Maps/ZTD_Main.umap" TEMPLATE=0 SHOWPROGRESS=1 FEATURELEVEL=3
[2017.04.30-23.17.39:138][292]LightingResults: New page: Lighting Build
[2017.04.30-23.17.39:139][292]LoadErrors: New page: Loading map: ZTD_Main.umap
[2017.04.30-23.17.39:139][292]MapCheck: New page: Map Check
[2017.04.30-23.17.39:139][292]LightingResults: New page: Lighting Build
[2017.04.30-23.17.39:238][292]LogEditorServer: Finished looking for orphan Actors (0.000 secs)
[2017.04.30-23.17.39:266][292]Cmd: MAP CHECKDEP NOCLEARLOG
[2017.04.30-23.17.39:297][292]MapCheck: Info Map check complete: 0 Error(s), 0 Warning(s), took 31.777ms to complete.
[2017.04.30-23.17.39:297][292]LogFileHelpers: Loading map 'ZTD_Main' took 0.160
[2017.04.30-23.17.41:267][517]LogAIModule: Creating AISystem for world Menu_Main
[2017.04.30-23.17.41:279][517]Cmd: MAP LOAD FILE="../../../../../UE4 Projects/Zombie_TowerDefense/Content/ZTD_Blueprint/Maps/Menu_Main.umap" TEMPLATE=0 SHOWPROGRESS=1 FEATURELEVEL=3
[2017.04.30-23.17.41:279][517]LightingResults: New page: Lighting Build
[2017.04.30-23.17.41:280][517]LoadErrors: New page: Loading map: Menu_Main.umap
[2017.04.30-23.17.41:280][517]MapCheck: New page: Map Check
[2017.04.30-23.17.41:280][517]LightingResults: New page: Lighting Build
[2017.04.30-23.17.41:355][517]LogEditorServer: Finished looking for orphan Actors (0.000 secs)
[2017.04.30-23.17.41:383][517]Cmd: MAP CHECKDEP NOCLEARLOG
[2017.04.30-23.17.41:415][517]MapCheck: Info Map check complete: 0 Error(s), 0 Warning(s), took 31.774ms to complete.
[2017.04.30-23.17.41:415][517]LogFileHelpers: Loading map 'Menu_Main' took 0.137
[2017.04.30-23.17.42:464][640]LogTemp: Repeting last play command: Selected Viewport
[2017.04.30-23.17.42:479][640]LogBlueprintUserMessages: Early PlayInEditor Detection: Level '/Game/ZTD_Blueprint/Maps/Menu_Main.Menu_Main:PersistentLevel' has LevelScriptBlueprint '/Game/ZTD_Blueprint/Maps/Menu_Main.Menu_Main:PersistentLevel.Menu_Main' with GeneratedClass '/Game/ZTD_Blueprint/Maps/Menu_Main.Menu_Main_C' with ClassGeneratedBy '/Game/ZTD_Blueprint/Maps/Menu_Main.Menu_Main:PersistentLevel.Menu_Main'
[2017.04.30-23.17.42:479][640]LogPlayLevel: PlayLevel: No blueprints needed recompiling
[2017.04.30-23.17.42:479][640]PIE: New page: PIE session: Menu_Main (Apr 30, 2017, 1:17:42 PM)
[2017.04.30-23.17.42:480][640]LogPlayLevel: Creating play world package: /Game/ZTD_Blueprint/Maps/UEDPIE_0_Menu_Main
[2017.04.30-23.17.42:481][640]LogPlayLevel: PIE: StaticDuplicateObject took: (0.000978s)
[2017.04.30-23.17.42:481][640]LogAIModule: Creating AISystem for world Menu_Main
[2017.04.30-23.17.42:482][640]LogPlayLevel: PIE: World Init took: (0.000707s)
[2017.04.30-23.17.42:482][640]LogPlayLevel: PIE: Created PIE world by copying editor world from /Game/ZTD_Blueprint/Maps/Menu_Main.Menu_Main to /Game/ZTD_Blueprint/Maps/UEDPIE_0_Menu_Main.Menu_Main (0.001884s)
[2017.04.30-23.17.42:495][640]LogInit: XAudio2 using 'Speakers (Realtek High Definition Audio)' : 8 channels at 48 kHz using 32 bits per sample (channel mask 0x63f)
[2017.04.30-23.17.42:501][640]LogInit: FAudioDevice initialized.
[2017.04.30-23.17.42:542][640]LogLoad: Game class is 'ZTD_MainMenu_Mode_C'
[2017.04.30-23.17.42:544][640]LogWorld: Bringing World /Game/ZTD_Blueprint/Maps/UEDPIE_0_Menu_Main.Menu_Main up for play (max tick rate 0) at 2017.04.30-18.17.42
[2017.04.30-23.17.42:544][640]LogWorld: Bringing up level for play took: 0.000659
[2017.04.30-23.17.42:570][640]LogContentBrowser: Native class hierarchy updated for 'MovieSceneCapture' in 0.0005 seconds. Added 11 classes and 0 folders.
[2017.04.30-23.17.42:571][640]Cmd: t.MaxFPS 62.0
[2017.04.30-23.17.42:571][640]t.MaxFPS = "62"
[2017.04.30-23.17.42:572][640]PIE: Info Play in editor start time for /Game/ZTD_Blueprint/Maps/UEDPIE_0_Menu_Main 0.224
[2017.04.30-23.17.42:572][640]LogBlueprintUserMessages: Late PlayInEditor Detection: Level '/Game/ZTD_Blueprint/Maps/Menu_Main.Menu_Main:PersistentLevel' has LevelScriptBlueprint '/Game/ZTD_Blueprint/Maps/Menu_Main.Menu_Main:PersistentLevel.Menu_Main' with GeneratedClass '/Game/ZTD_Blueprint/Maps/Menu_Main.Menu_Main_C' with ClassGeneratedBy '/Game/ZTD_Blueprint/Maps/Menu_Main.Menu_Main:PersistentLevel.Menu_Main'
[2017.04.30-23.17.44:570][763]LogNet: Browse: /Game/ZTD_Blueprint/Maps/MapC_U_F
[2017.04.30-23.17.44:571][763]LogLoad: LoadMap: /Game/ZTD_Blueprint/Maps/MapC_U_F
[2017.04.30-23.17.44:583][763]Cmd: MEM
[2017.04.30-23.17.44:594][763]LogMemory: Platform Memory Stats for Windows
[2017.04.30-23.17.44:594][763]LogMemory: Process Physical Memory: 1065.73 MB used, 1065.73 MB peak
[2017.04.30-23.17.44:594][763]LogMemory: Process Virtual Memory: 1373.72 MB used, 1501.66 MB peak
[2017.04.30-23.17.44:594][763]LogMemory: Physical Memory: 6210.18 MB used,  10129.39 MB free, 16339.57 MB total
[2017.04.30-23.17.44:594][763]LogMemory: Virtual Memory: 2192.11 MB used,  10129.39 MB free, 8388608.00 MB total
[2017.04.30-23.17.44:594][763]LogMemory: 
[2017.04.30-23.17.44:594][763]Allocator Stats for TBB: (not implemented)
[2017.04.30-23.17.46:168][763]LogAIModule: Creating AISystem for world MapC_U_F
[2017.04.30-23.17.46:169][763]LogLoad: Game class is 'ZTD_GameMode_C'
[2017.04.30-23.17.46:171][763]LogMaterial:Warning: Material /Game/Assets/Forest_Stuff/Material/Master_Material/M_tree_basic.M_tree_basic missing bUsedWithInstancedStaticMeshes=True! Default Material will be used in game.
[2017.04.30-23.17.46:171][763]LogMaterial:Warning:      The material will recompile every editor launch until resaved.
[2017.04.30-23.17.46:204][763]LogWorld: Bringing World /Game/ZTD_Blueprint/Maps/UEDPIE_0_MapC_U_F.MapC_U_F up for play (max tick rate 62) at 2017.04.30-18.17.46
[2017.04.30-23.17.46:204][763]LogWorld: Bringing up level for play took: 0.034542
[2017.04.30-23.17.46:209][763]LogLoad: Took 1.639001 seconds to LoadMap(/Game/ZTD_Blueprint/Maps/MapC_U_F)
[2017.04.30-23.17.48:930][925]LogBlueprintUserMessages: Early EndPlayMap Detection: Level '/Game/ZTD_Blueprint/Maps/Menu_Main.Menu_Main:PersistentLevel' has LevelScriptBlueprint '/Game/ZTD_Blueprint/Maps/Menu_Main.Menu_Main:PersistentLevel.Menu_Main' with GeneratedClass '/Game/ZTD_Blueprint/Maps/Menu_Main.Menu_Main_C' with ClassGeneratedBy '/Game/ZTD_Blueprint/Maps/Menu_Main.Menu_Main:PersistentLevel.Menu_Main'
[2017.04.30-23.17.48:975][925]LogBlueprintUserMessages: Late EndPlayMap Detection: Level '/Game/ZTD_Blueprint/Maps/Menu_Main.Menu_Main:PersistentLevel' has LevelScriptBlueprint '/Game/ZTD_Blueprint/Maps/Menu_Main.Menu_Main:PersistentLevel.Menu_Main' with GeneratedClass '/Game/ZTD_Blueprint/Maps/Menu_Main.Menu_Main_C' with ClassGeneratedBy '/Game/ZTD_Blueprint/Maps/Menu_Main.Menu_Main:PersistentLevel.Menu_Main'
[2017.04.30-23.17.50:875][ 16]LogAIModule: Creating AISystem for world MapC_U_F
[2017.04.30-23.17.50:977][ 16]Cmd: MAP LOAD FILE="../../../../../UE4 Projects/Zombie_TowerDefense/Content/ZTD_Blueprint/Maps/MapC_U_F.umap" TEMPLATE=0 SHOWPROGRESS=1 FEATURELEVEL=3
[2017.04.30-23.17.50:977][ 16]LightingResults: New page: Lighting Build
[2017.04.30-23.17.50:977][ 16]LoadErrors: New page: Loading map: MapC_U_F.umap
[2017.04.30-23.17.50:978][ 16]MapCheck: New page: Map Check
[2017.04.30-23.17.50:978][ 16]LightingResults: New page: Lighting Build
[2017.04.30-23.17.51:119][ 16]LogEditorServer: Finished looking for orphan Actors (0.000 secs)
[2017.04.30-23.17.51:146][ 16]Cmd: MAP CHECKDEP NOCLEARLOG
[2017.04.30-23.17.51:194][ 16]MapCheck: Info Map check complete: 0 Error(s), 0 Warning(s), took 47.502ms to complete.
[2017.04.30-23.17.51:196][ 16]LogFileHelpers: Loading map 'MapC_U_F' took 0.221
[2017.04.30-23.18.01:699][485]LogSavePackage: Save=2640.33ms
[2017.04.30-23.18.01:699][485]LogSavePackage: Moving '../../../../../UE4 Projects/Zombie_TowerDefense/Saved/UEDPCMapC_U_FCB8EED554F67A1D34C1BC2A89F3B537F.tmp' to '../../../../../UE4 Projects/Zombie_TowerDefense/Saved/Autosaves/Game/ZTD_Blueprint/Maps/UEDPCMapC_U_F.umap'
[2017.04.30-23.18.01:699][485]LogSavePackage:Display: Finished SavePackage ../../../../../UE4 Projects/Zombie_TowerDefense/Saved/Autosaves/Game/ZTD_Blueprint/Maps/UEDPCMapC_U_F.umap
