Log file open, 04/30/17 17:09:06
LogInit:Display: Running engine for game: Zombie_Tower_Defense
LogPlatformFile: Not using cached read wrapper
LogInit:Display: RandInit(1426305381) SRandInit(1426305381).
LogTaskGraph: Started task graph with 5 named threads and 8 total threads with 1 sets of task threads.
LogStats: Stats thread started at 0.069465
LogPluginManager: Loaded Plugin Paper2D, From B:/Unreal Engine 4.14.3/UE_4.14/Engine/Plugins/2D/Paper2D/Paper2D.uplugin
LogPluginManager: Loaded Plugin LightPropagationVolume, From B:/Unreal Engine 4.14.3/UE_4.14/Engine/Plugins/Blendables/LightPropagationVolume/LightPropagationVolume.uplugin
LogPluginManager: Loaded Plugin BlankPlugin, From B:/Unreal Engine 4.14.3/UE_4.14/Engine/Plugins/Developer/BlankPlugin/BlankPlugin.uplugin
LogPluginManager: Loaded Plugin CodeLiteSourceCodeAccess, From B:/Unreal Engine 4.14.3/UE_4.14/Engine/Plugins/Developer/CodeLiteSourceCodeAccess/CodeLiteSourceCodeAccess.uplugin
LogPluginManager: Loaded Plugin GitSourceControl, From B:/Unreal Engine 4.14.3/UE_4.14/Engine/Plugins/Developer/GitSourceControl/GitSourceControl.uplugin
LogPluginManager: Loaded Plugin KDevelopSourceCodeAccess, From B:/Unreal Engine 4.14.3/UE_4.14/Engine/Plugins/Developer/KDevelopSourceCodeAccess/KDevelopSourceCodeAccess.uplugin
LogPluginManager: Loaded Plugin NullSourceCodeAccess, From B:/Unreal Engine 4.14.3/UE_4.14/Engine/Plugins/Developer/NullSourceCodeAccess/NullSourceCodeAccess.uplugin
LogPluginManager: Loaded Plugin OneSkyLocalizationService, From B:/Unreal Engine 4.14.3/UE_4.14/Engine/Plugins/Developer/OneSkyLocalizationService/OneSkyLocalizationService.uplugin
LogPluginManager: Loaded Plugin PerforceSourceControl, From B:/Unreal Engine 4.14.3/UE_4.14/Engine/Plugins/Developer/PerforceSourceControl/PerforceSourceControl.uplugin
LogPluginManager: Loaded Plugin SubversionSourceControl, From B:/Unreal Engine 4.14.3/UE_4.14/Engine/Plugins/Developer/SubversionSourceControl/SubversionSourceControl.uplugin
LogPluginManager: Loaded Plugin UObjectPlugin, From B:/Unreal Engine 4.14.3/UE_4.14/Engine/Plugins/Developer/UObjectPlugin/UObjectPlugin.uplugin
LogPluginManager: Loaded Plugin VisualStudioSourceCodeAccess, From B:/Unreal Engine 4.14.3/UE_4.14/Engine/Plugins/Developer/VisualStudioSourceCodeAccess/VisualStudioSourceCodeAccess.uplugin
LogPluginManager: Loaded Plugin XCodeSourceCodeAccess, From B:/Unreal Engine 4.14.3/UE_4.14/Engine/Plugins/Developer/XCodeSourceCodeAccess/XCodeSourceCodeAccess.uplugin
LogPluginManager: Loaded Plugin AudioCapture, From B:/Unreal Engine 4.14.3/UE_4.14/Engine/Plugins/Editor/AudioCapture/AudioCapture.uplugin
LogPluginManager: Loaded Plugin EpicSurvey, From B:/Unreal Engine 4.14.3/UE_4.14/Engine/Plugins/Editor/EpicSurvey/EpicSurvey.uplugin
LogPluginManager: Loaded Plugin MacGraphicsSwitching, From B:/Unreal Engine 4.14.3/UE_4.14/Engine/Plugins/Editor/MacGraphicsSwitching/MacGraphicsSwitching.uplugin
LogPluginManager: Loaded Plugin MobileLauncherProfileWizard, From B:/Unreal Engine 4.14.3/UE_4.14/Engine/Plugins/Editor/MobileLauncherProfileWizard/MobileLauncherProfileWizard.uplugin
LogPluginManager: Loaded Plugin PluginBrowser, From B:/Unreal Engine 4.14.3/UE_4.14/Engine/Plugins/Editor/PluginBrowser/PluginBrowser.uplugin
LogPluginManager: Loaded Plugin SpeedTreeImporter, From B:/Unreal Engine 4.14.3/UE_4.14/Engine/Plugins/Editor/SpeedTreeImporter/SpeedTreeImporter.uplugin
LogPluginManager: Loaded Plugin SuperSearchEditor, From B:/Unreal Engine 4.14.3/UE_4.14/Engine/Plugins/Editor/SuperSearchEditor/SuperSearchEditor.uplugin
LogPluginManager: Loaded Plugin AlembicImporter, From B:/Unreal Engine 4.14.3/UE_4.14/Engine/Plugins/Experimental/AlembicImporter/AlembicImporter.uplugin
LogPluginManager: Loaded Plugin BlueprintStats, From B:/Unreal Engine 4.14.3/UE_4.14/Engine/Plugins/Experimental/BlueprintStats/BlueprintStats.uplugin
LogPluginManager: Loaded Plugin CharacterAI, From B:/Unreal Engine 4.14.3/UE_4.14/Engine/Plugins/Experimental/CharacterAI/CharacterAI.uplugin
LogPluginManager: Loaded Plugin CodeEditor, From B:/Unreal Engine 4.14.3/UE_4.14/Engine/Plugins/Experimental/CodeEditor/CodeEditor.uplugin
LogPluginManager: Loaded Plugin CodeView, From B:/Unreal Engine 4.14.3/UE_4.14/Engine/Plugins/Experimental/CodeView/CodeView.uplugin
LogPluginManager: Loaded Plugin HTML5Networking, From B:/Unreal Engine 4.14.3/UE_4.14/Engine/Plugins/Experimental/HTML5Networking/HTML5Networking.uplugin
LogPluginManager: Loaded Plugin OSVR, From B:/Unreal Engine 4.14.3/UE_4.14/Engine/Plugins/Experimental/OSVR/OSVR.uplugin
LogPluginManager: Loaded Plugin Phya, From B:/Unreal Engine 4.14.3/UE_4.14/Engine/Plugins/Experimental/Phya/Phya.uplugin
LogPluginManager: Loaded Plugin SignificanceManager, From B:/Unreal Engine 4.14.3/UE_4.14/Engine/Plugins/Experimental/SignificanceManager/SignificanceManager.uplugin
LogPluginManager: Loaded Plugin SimpleHMD, From B:/Unreal Engine 4.14.3/UE_4.14/Engine/Plugins/Experimental/SimpleHMD/SimpleHMD.uplugin
LogPluginManager: Loaded Plugin StereoPanorama, From B:/Unreal Engine 4.14.3/UE_4.14/Engine/Plugins/Experimental/StereoPanorama/StereoPanorama.uplugin
LogPluginManager: Loaded Plugin StructBox, From B:/Unreal Engine 4.14.3/UE_4.14/Engine/Plugins/Experimental/StructBox/StructBox.uplugin
LogPluginManager: Loaded Plugin AndroidMedia, From B:/Unreal Engine 4.14.3/UE_4.14/Engine/Plugins/Media/AndroidMedia/AndroidMedia.uplugin
LogPluginManager: Loaded Plugin AvfMedia, From B:/Unreal Engine 4.14.3/UE_4.14/Engine/Plugins/Media/AvfMedia/AvfMedia.uplugin
LogPluginManager: Loaded Plugin MediaPlayerEditor, From B:/Unreal Engine 4.14.3/UE_4.14/Engine/Plugins/Media/MediaPlayerEditor/MediaPlayerEditor.uplugin
LogPluginManager: Loaded Plugin WmfMedia, From B:/Unreal Engine 4.14.3/UE_4.14/Engine/Plugins/Media/WmfMedia/WmfMedia.uplugin
LogPluginManager: Loaded Plugin MessagingDebugger, From B:/Unreal Engine 4.14.3/UE_4.14/Engine/Plugins/Messaging/MessagingDebugger/MessagingDebugger.uplugin
LogPluginManager: Loaded Plugin TcpMessaging, From B:/Unreal Engine 4.14.3/UE_4.14/Engine/Plugins/Messaging/TcpMessaging/TcpMessaging.uplugin
LogPluginManager: Loaded Plugin UdpMessaging, From B:/Unreal Engine 4.14.3/UE_4.14/Engine/Plugins/Messaging/UdpMessaging/UdpMessaging.uplugin
LogPluginManager: Loaded Plugin LevelSequenceEditor, From B:/Unreal Engine 4.14.3/UE_4.14/Engine/Plugins/MovieScene/LevelSequenceEditor/LevelSequenceEditor.uplugin
LogPluginManager: Loaded Plugin MatineeToLevelSequence, From B:/Unreal Engine 4.14.3/UE_4.14/Engine/Plugins/MovieScene/MatineeToLevelSequence/MatineeToLevelSequence.uplugin
LogPluginManager: Loaded Plugin NetcodeUnitTest, From B:/Unreal Engine 4.14.3/UE_4.14/Engine/Plugins/NetcodeUnitTest/NetcodeUnitTest/NetcodeUnitTest.uplugin
LogPluginManager: Loaded Plugin NUTUnrealEngine4, From B:/Unreal Engine 4.14.3/UE_4.14/Engine/Plugins/NetcodeUnitTest/NUTUnrealEngine4/NUTUnrealEngine4.uplugin
LogPluginManager: Loaded Plugin OnlineSubsystemGameCircle, From B:/Unreal Engine 4.14.3/UE_4.14/Engine/Plugins/Online/Android/OnlineSubsystemGameCircle/OnlineSubsystemGameCircle.uplugin
LogPluginManager: Loaded Plugin OnlineSubsystemGooglePlay, From B:/Unreal Engine 4.14.3/UE_4.14/Engine/Plugins/Online/Android/OnlineSubsystemGooglePlay/OnlineSubsystemGooglePlay.uplugin
LogPluginManager: Loaded Plugin OnlineSubsystemIOS, From B:/Unreal Engine 4.14.3/UE_4.14/Engine/Plugins/Online/IOS/OnlineSubsystemIOS/OnlineSubsystemIOS.uplugin
LogPluginManager: Loaded Plugin OnlineFramework, From B:/Unreal Engine 4.14.3/UE_4.14/Engine/Plugins/Online/OnlineFramework/OnlineFramework.uplugin
LogPluginManager: Loaded Plugin OnlineSubsystem, From B:/Unreal Engine 4.14.3/UE_4.14/Engine/Plugins/Online/OnlineSubsystem/OnlineSubsystem.uplugin
LogPluginManager: Loaded Plugin OnlineSubsystemAmazon, From B:/Unreal Engine 4.14.3/UE_4.14/Engine/Plugins/Online/OnlineSubsystemAmazon/OnlineSubsystemAmazon.uplugin
LogPluginManager: Loaded Plugin OnlineSubsystemFacebook, From B:/Unreal Engine 4.14.3/UE_4.14/Engine/Plugins/Online/OnlineSubsystemFacebook/OnlineSubsystemFacebook.uplugin
LogPluginManager: Loaded Plugin OnlineSubsystemNull, From B:/Unreal Engine 4.14.3/UE_4.14/Engine/Plugins/Online/OnlineSubsystemNull/OnlineSubsystemNull.uplugin
LogPluginManager: Loaded Plugin OnlineSubsystemOculus, From B:/Unreal Engine 4.14.3/UE_4.14/Engine/Plugins/Online/OnlineSubsystemOculus/OnlineSubsystemOculus.uplugin
LogPluginManager: Loaded Plugin OnlineSubsystemSteam, From B:/Unreal Engine 4.14.3/UE_4.14/Engine/Plugins/Online/OnlineSubsystemSteam/OnlineSubsystemSteam.uplugin
LogPluginManager: Loaded Plugin OnlineSubsystemUtils, From B:/Unreal Engine 4.14.3/UE_4.14/Engine/Plugins/Online/OnlineSubsystemUtils/OnlineSubsystemUtils.uplugin
LogPluginManager: Loaded Plugin IOSTapJoy, From B:/Unreal Engine 4.14.3/UE_4.14/Engine/Plugins/Runtime/Advertising/IOSTapJoy/IOSTapJoy.uplugin
LogPluginManager: Loaded Plugin AnalyticsBlueprintLibrary, From B:/Unreal Engine 4.14.3/UE_4.14/Engine/Plugins/Runtime/Analytics/AnalyticsBlueprintLibrary/AnalyticsBlueprintLibrary.uplugin
LogPluginManager: Loaded Plugin AnalyticsMulticast, From B:/Unreal Engine 4.14.3/UE_4.14/Engine/Plugins/Runtime/Analytics/AnalyticsMulticast/AnalyticsMulticast.uplugin
LogPluginManager: Loaded Plugin Apsalar, From B:/Unreal Engine 4.14.3/UE_4.14/Engine/Plugins/Runtime/Analytics/Apsalar/Apsalar.uplugin
LogPluginManager: Loaded Plugin FileLogging, From B:/Unreal Engine 4.14.3/UE_4.14/Engine/Plugins/Runtime/Analytics/FileLogging/FileLogging.uplugin
LogPluginManager: Loaded Plugin Flurry, From B:/Unreal Engine 4.14.3/UE_4.14/Engine/Plugins/Runtime/Analytics/Flurry/Flurry.uplugin
LogPluginManager: Loaded Plugin AndroidDeviceProfileSelector, From B:/Unreal Engine 4.14.3/UE_4.14/Engine/Plugins/Runtime/AndroidDeviceProfileSelector/AndroidDeviceProfileSelector.uplugin
LogPluginManager: Loaded Plugin AndroidMoviePlayer, From B:/Unreal Engine 4.14.3/UE_4.14/Engine/Plugins/Runtime/AndroidMoviePlayer/AndroidMoviePlayer.uplugin
LogPluginManager: Loaded Plugin AppleMoviePlayer, From B:/Unreal Engine 4.14.3/UE_4.14/Engine/Plugins/Runtime/AppleMoviePlayer/AppleMoviePlayer.uplugin
LogPluginManager: Loaded Plugin ArchVisCharacter, From B:/Unreal Engine 4.14.3/UE_4.14/Engine/Plugins/Runtime/ArchVisCharacter/ArchVisCharacter.uplugin
LogPluginManager: Loaded Plugin CableComponent, From B:/Unreal Engine 4.14.3/UE_4.14/Engine/Plugins/Runtime/CableComponent/CableComponent.uplugin
LogPluginManager: Loaded Plugin CustomMeshComponent, From B:/Unreal Engine 4.14.3/UE_4.14/Engine/Plugins/Runtime/CustomMeshComponent/CustomMeshComponent.uplugin
LogPluginManager: Loaded Plugin ExampleDeviceProfileSelector, From B:/Unreal Engine 4.14.3/UE_4.14/Engine/Plugins/Runtime/ExampleDeviceProfileSelector/ExampleDeviceProfileSelector.uplugin
LogPluginManager: Loaded Plugin GearVR, From B:/Unreal Engine 4.14.3/UE_4.14/Engine/Plugins/Runtime/GearVR/GearVR.uplugin
LogPluginManager: Loaded Plugin GoogleVRController, From B:/Unreal Engine 4.14.3/UE_4.14/Engine/Plugins/Runtime/GoogleVR/GoogleVRController/GoogleVRController.uplugin
LogPluginManager: Loaded Plugin GoogleVRHMD, From B:/Unreal Engine 4.14.3/UE_4.14/Engine/Plugins/Runtime/GoogleVR/GoogleVRHMD/GoogleVRHMD.uplugin
LogPluginManager: Loaded Plugin IOSDeviceProfileSelector, From B:/Unreal Engine 4.14.3/UE_4.14/Engine/Plugins/Runtime/IOSDeviceProfileSelector/IOSDeviceProfileSelector.uplugin
LogPluginManager: Loaded Plugin LeapMotion, From B:/Unreal Engine 4.14.3/UE_4.14/Engine/Plugins/Runtime/LeapMotion/LeapMotion.uplugin
LogPluginManager: Loaded Plugin LinuxDeviceProfileSelector, From B:/Unreal Engine 4.14.3/UE_4.14/Engine/Plugins/Runtime/LinuxDeviceProfileSelector/LinuxDeviceProfileSelector.uplugin
LogPluginManager: Loaded Plugin MIDIDevice, From B:/Unreal Engine 4.14.3/UE_4.14/Engine/Plugins/Runtime/MIDIDevice/MIDIDevice.uplugin
LogPluginManager: Loaded Plugin MobilePatchingUtils, From B:/Unreal Engine 4.14.3/UE_4.14/Engine/Plugins/Runtime/MobilePatchingUtils/MobilePatchingUtils.uplugin
LogPluginManager: Loaded Plugin Ansel, From B:/Unreal Engine 4.14.3/UE_4.14/Engine/Plugins/Runtime/Nvidia/Ansel/Ansel.uplugin
LogPluginManager: Loaded Plugin OculusAudio, From B:/Unreal Engine 4.14.3/UE_4.14/Engine/Plugins/Runtime/OculusAudio/OculusAudio.uplugin
LogPluginManager: Loaded Plugin OculusInput, From B:/Unreal Engine 4.14.3/UE_4.14/Engine/Plugins/Runtime/OculusInput/OculusInput.uplugin
LogPluginManager: Loaded Plugin OculusLibrary, From B:/Unreal Engine 4.14.3/UE_4.14/Engine/Plugins/Runtime/OculusLibrary/OculusLibrary.uplugin
LogPluginManager: Loaded Plugin OculusRift, From B:/Unreal Engine 4.14.3/UE_4.14/Engine/Plugins/Runtime/OculusRift/OculusRift.uplugin
LogPluginManager: Loaded Plugin Oodle, From B:/Unreal Engine 4.14.3/UE_4.14/Engine/Plugins/Runtime/PacketHandlers/CompressionComponents/Oodle/Oodle.uplugin
LogPluginManager: Loaded Plugin ProceduralMeshComponent, From B:/Unreal Engine 4.14.3/UE_4.14/Engine/Plugins/Runtime/ProceduralMeshComponent/ProceduralMeshComponent.uplugin
LogPluginManager: Loaded Plugin SoundMod, From B:/Unreal Engine 4.14.3/UE_4.14/Engine/Plugins/Runtime/SoundMod/SoundMod.uplugin
LogPluginManager: Loaded Plugin SoundVisualizations, From B:/Unreal Engine 4.14.3/UE_4.14/Engine/Plugins/Runtime/SoundVisualizations/SoundVisualizations.uplugin
LogPluginManager: Loaded Plugin SteamController, From B:/Unreal Engine 4.14.3/UE_4.14/Engine/Plugins/Runtime/Steam/SteamController/SteamController.uplugin
LogPluginManager: Loaded Plugin SteamVR, From B:/Unreal Engine 4.14.3/UE_4.14/Engine/Plugins/Runtime/Steam/SteamVR/SteamVR.uplugin
LogPluginManager: Loaded Plugin WebBrowserWidget, From B:/Unreal Engine 4.14.3/UE_4.14/Engine/Plugins/Runtime/WebBrowserWidget/WebBrowserWidget.uplugin
LogPluginManager: Loaded Plugin WindowsDeviceProfileSelector, From B:/Unreal Engine 4.14.3/UE_4.14/Engine/Plugins/Runtime/WindowsDeviceProfileSelector/WindowsDeviceProfileSelector.uplugin
LogPluginManager: Loaded Plugin WindowsMoviePlayer, From B:/Unreal Engine 4.14.3/UE_4.14/Engine/Plugins/Runtime/WindowsMoviePlayer/WindowsMoviePlayer.uplugin
LogPluginManager: Loaded Plugin ScriptPlugin, From B:/Unreal Engine 4.14.3/UE_4.14/Engine/Plugins/ScriptPlugin/ScriptPlugin.uplugin
LogPluginManager: Loaded Plugin SlateRemote, From B:/Unreal Engine 4.14.3/UE_4.14/Engine/Plugins/Slate/SlateRemote/SlateRemote.uplugin
LogPluginManager: Loaded Plugin EditorTests, From B:/Unreal Engine 4.14.3/UE_4.14/Engine/Plugins/Tests/EditorTests/EditorTests.uplugin
LogPluginManager: Loaded Plugin FbxAutomationTestBuilder, From B:/Unreal Engine 4.14.3/UE_4.14/Engine/Plugins/Tests/FbxAutomationTestBuilder/FbxAutomationTestBuilder.uplugin
LogPluginManager: Loaded Plugin FunctionalTestingEditor, From B:/Unreal Engine 4.14.3/UE_4.14/Engine/Plugins/Tests/FunctionalTestingEditor/FunctionalTestingEditor.uplugin
LogPluginManager: Loaded Plugin RuntimeTests, From B:/Unreal Engine 4.14.3/UE_4.14/Engine/Plugins/Tests/RuntimeTests/RuntimeTests.uplugin
LogPluginManager: Loaded Plugin ScreenshotTools, From B:/Unreal Engine 4.14.3/UE_4.14/Engine/Plugins/Tests/ScreenshotTools/ScreenshotTools.uplugin
LogInit: Using libcurl 7.47.1
LogInit:  - built for x86_64-pc-win32
LogInit:  - supports SSL with OpenSSL/1.0.2g
LogInit:  - supports HTTP deflate (compression) using libz 1.2.8
LogInit:  - other features:
LogInit:      CURL_VERSION_SSL
LogInit:      CURL_VERSION_LIBZ
LogInit:      CURL_VERSION_IPV6
LogInit:      CURL_VERSION_ASYNCHDNS
LogInit:      CURL_VERSION_LARGEFILE
LogInit:      CURL_VERSION_IDN
LogInit:  CurlRequestOptions (configurable via config and command line):
LogInit:  - bVerifyPeer = false  - Libcurl will NOT verify peer certificate
LogInit:  - bUseHttpProxy = false  - Libcurl will NOT use HTTP proxy
LogInit:  - bDontReuseConnections = false  - Libcurl will reuse connections
LogInit:  - CertBundlePath = nullptr  - Libcurl will use whatever was configured at build time.
LogInit: Build: ++UE4+Release-4.14-CL-3249277
LogInit: Engine Version: 4.14.3-3249277+++UE4+Release-4.14
LogInit: Compatible Engine Version: 4.14.0-3195953+++UE4+Release-4.14
LogInit: Net CL: 3195953
LogDevObjectVersion: Number of dev versions registered: 13
LogDevObjectVersion:   Dev-Blueprints (B0D832E4-1F89-4F0D-ACCF-7EB736FD4AA2): 7
LogDevObjectVersion:   Dev-Build (E1C64328-A22C-4D53-A36C-8E866417BD8C): 0
LogDevObjectVersion:   Dev-Core (375EC13C-06E4-48FB-B500-84F0262A717E): 1
LogDevObjectVersion:   Dev-Editor (E4B068ED-F494-42E9-A231-DA0B2E46BB41): 8
LogDevObjectVersion:   Dev-Framework (CFFC743F-43B0-4480-9391-14DF171D2073): 17
LogDevObjectVersion:   Dev-Mobile (B02B49B5-BB20-44E9-A304-32B752E40360): 0
LogDevObjectVersion:   Dev-Networking (A4E4105C-59A1-49B5-A7C5-40C4547EDFEE): 0
LogDevObjectVersion:   Dev-Online (39C831C9-5AE6-47DC-9A44-9C173E1C8E7C): 0
LogDevObjectVersion:   Dev-Physics (78F01B33-EBEA-4F98-B9B4-84EACCB95AA2): 0
LogDevObjectVersion:   Dev-Platform (6631380F-2D4D-43E0-8009-CF276956A95A): 0
LogDevObjectVersion:   Dev-Rendering (12F88B9F-8875-4AFC-A67C-D90C383ABD29): 12
LogDevObjectVersion:   Dev-Sequencer (7B5AE74C-D270-4C10-A958-57980B212A5A): 1
LogDevObjectVersion:   Dev-VR (D7296918-1DD6-4BDD-9DE2-64A83CC13884): 0
LogInit: Compiled (64-bit): Jan  6 2017 10:49:43
LogInit: Compiled with Visual C++: 19.00.23026.00
LogInit: Build Configuration: Development
LogInit: Branch Name: ++UE4+Release-4.14
LogInit: Command line: -EpicPortal 
LogInit: Base directory: B:/Unreal Engine 4.14.3/UE_4.14/Engine/Binaries/Win64/
LogInit: Installed Engine Build: 1
LogInit: Presizing for max 8388607 objects, including 0 objects not considered by GC, pre-allocating 0 bytes for permanent pool.
LogInit: Object subsystem initialized
[2017.04.30-22.09.06:392][  0]LogInit: Selected Device Profile: [Windows]
[2017.04.30-22.09.06:392][  0]LogInit: Applying CVar settings loaded from the selected device profile: [Windows]
[2017.04.30-22.09.06:399][  0]LogInit: Computer: MASTACHIEF-PC
[2017.04.30-22.09.06:399][  0]LogInit: User: MASTACHIEF
[2017.04.30-22.09.06:399][  0]LogInit: CPU Page size=65536, Cores=4
[2017.04.30-22.09.06:399][  0]LogInit: High frequency timer resolution =3.330126 MHz
[2017.04.30-22.09.06:399][  0]LogMemory: Memory total: Physical=16.0GB (16GB approx)
[2017.04.30-22.09.06:399][  0]LogMemory: Platform Memory Stats for Windows
[2017.04.30-22.09.06:399][  0]LogMemory: Process Physical Memory: 265.47 MB used, 265.47 MB peak
[2017.04.30-22.09.06:399][  0]LogMemory: Process Virtual Memory: 264.24 MB used, 264.24 MB peak
[2017.04.30-22.09.06:399][  0]LogMemory: Physical Memory: 6020.92 MB used,  10318.65 MB free, 16339.57 MB total
[2017.04.30-22.09.06:399][  0]LogMemory: Virtual Memory: 659.89 MB used,  10318.65 MB free, 8388608.00 MB total
[2017.04.30-22.09.06:426][  0]LogTextLocalizationManager: No specific translations for ('en-US') exist, so ('en') translations will be used.
[2017.04.30-22.09.06:943][  0]LogD3D11RHI: D3D11 adapters:
[2017.04.30-22.09.07:144][  0]LogD3D11RHI:    0. 'NVIDIA GeForce GTX 970' (Feature Level 11_0)
[2017.04.30-22.09.07:144][  0]LogD3D11RHI:       4007/0/7913 MB DedicatedVideo/DedicatedSystem/SharedSystem, Outputs:1, VendorId:0x10de
[2017.04.30-22.09.07:144][  0]LogD3D11RHI: Chosen D3D11 Adapter: 0
[2017.04.30-22.09.07:147][  0]LogD3D11RHI: Creating new Direct3DDevice
[2017.04.30-22.09.07:147][  0]LogD3D11RHI:     GPU DeviceId: 0x13c2 (for the marketing name, search the web for "GPU Device Id")
[2017.04.30-22.09.07:147][  0]LogWindows: EnumDisplayDevices:
[2017.04.30-22.09.07:147][  0]LogWindows:    0. 'NVIDIA GeForce GTX 970' (P:1 D:1)
[2017.04.30-22.09.07:148][  0]LogWindows:    1. 'NVIDIA GeForce GTX 970' (P:0 D:0)
[2017.04.30-22.09.07:148][  0]LogWindows:    2. 'NVIDIA GeForce GTX 970' (P:0 D:0)
[2017.04.30-22.09.07:148][  0]LogWindows:    3. 'NVIDIA GeForce GTX 970' (P:0 D:0)
[2017.04.30-22.09.07:148][  0]LogWindows:    4. 'RDPDD Chained DD' (P:0 D:0)
[2017.04.30-22.09.07:148][  0]LogWindows:    5. 'RDP Encoder Mirror Driver' (P:0 D:0)
[2017.04.30-22.09.07:148][  0]LogWindows:    6. 'RDP Reflector Display Driver' (P:0 D:0)
[2017.04.30-22.09.07:148][  0]LogWindows: DebugString: GetVideoDriverDetailsInvalid PrimaryIsNotTheChoosenAdapter GetVideoDriverDetailsInvalid PrimaryIsNotTheChoosenAdapter GetVideoDriverDetailsInvalid PrimaryIsNotTheChoosenAdapter FoundDriverCount:4 
[2017.04.30-22.09.07:148][  0]LogD3D11RHI:     Adapter Name: NVIDIA GeForce GTX 970
[2017.04.30-22.09.07:148][  0]LogD3D11RHI:   Driver Version: 376.33 (internal:21.21.13.7633, unified:376.33)
[2017.04.30-22.09.07:148][  0]LogD3D11RHI:      Driver Date: 12-11-2016
[2017.04.30-22.09.07:148][  0]LogRHI: Texture pool is 1361 MB (70% of 1945 MB)
[2017.04.30-22.09.07:333][  0]LogD3D11RHI: Async texture creation enabled
[2017.04.30-22.09.07:360][  0]LogD3D11RHI: GPU Timing Frequency: 1000.000000 (Debug: 2 2)
[2017.04.30-22.09.07:360][  0]LogShaderCompilers: Guid format shader working directory is 5 characters bigger than the processId version (../../../../../UE4 Projects/Zombie_TowerDefense/Intermediate/Shaders/WorkingDirectory/4708/).
[2017.04.30-22.09.07:360][  0]LogShaderCompilers: Cleaned the shader compiler working directory 'C:/Users/MASTA CHIEF/AppData/Local/Temp/UnrealShaderWorkingDir/318A7A4B43CBB19B4E1FE5A1EB2949A6/'.
[2017.04.30-22.09.07:360][  0]LogShaderCompilers:Display: Using Local Shader Compiler.
[2017.04.30-22.09.08:298][  0]LogTemp:Display: Loaded TP AllDesktopTargetPlatform
[2017.04.30-22.09.08:340][  0]LogTemp:Display: Loaded TP MacClientTargetPlatform
[2017.04.30-22.09.08:385][  0]LogTemp:Display: Loaded TP MacNoEditorTargetPlatform
[2017.04.30-22.09.08:430][  0]LogTemp:Display: Loaded TP MacServerTargetPlatform
[2017.04.30-22.09.08:473][  0]LogTemp:Display: Loaded TP MacTargetPlatform
[2017.04.30-22.09.08:514][  0]LogTemp:Display: Loaded TP WindowsClientTargetPlatform
[2017.04.30-22.09.08:556][  0]LogTemp:Display: Loaded TP WindowsNoEditorTargetPlatform
[2017.04.30-22.09.08:598][  0]LogTemp:Display: Loaded TP WindowsServerTargetPlatform
[2017.04.30-22.09.08:629][  0]LogTemp:Display: Loaded TP WindowsTargetPlatform
[2017.04.30-22.09.08:670][  0]LogTemp:Display: Loaded TP AndroidTargetPlatform
[2017.04.30-22.09.08:710][  0]LogTemp:Display: Loaded TP Android_ASTCTargetPlatform
[2017.04.30-22.09.08:750][  0]LogTemp:Display: Loaded TP Android_ATCTargetPlatform
[2017.04.30-22.09.08:791][  0]LogTemp:Display: Loaded TP Android_DXTTargetPlatform
[2017.04.30-22.09.08:832][  0]LogTemp:Display: Loaded TP Android_ETC1TargetPlatform
[2017.04.30-22.09.08:873][  0]LogTemp:Display: Loaded TP Android_ETC2TargetPlatform
[2017.04.30-22.09.08:954][  0]LogTemp:Display: Loaded TP Android_MultiTargetPlatform
[2017.04.30-22.09.08:954][  0]LogTemp:Display: Loaded TP Android_PVRTCTargetPlatform
[2017.04.30-22.09.08:977][  0]LogTemp:Display: Loaded TP HTML5TargetPlatform
[2017.04.30-22.09.09:041][  0]LogTemp:Display: Loaded TP IOSTargetPlatform
[2017.04.30-22.09.09:069][  0]LogTemp:Display: Loaded TP TVOSTargetPlatform
[2017.04.30-22.09.09:109][  0]LogTemp:Display: Loaded TP LinuxClientTargetPlatform
[2017.04.30-22.09.09:149][  0]LogTemp:Display: Loaded TP LinuxNoEditorTargetPlatform
[2017.04.30-22.09.09:190][  0]LogTemp:Display: Loaded TP LinuxServerTargetPlatform
[2017.04.30-22.09.09:230][  0]LogTemp:Display: Loaded TP LinuxTargetPlatform
[2017.04.30-22.09.09:230][  0]LogTargetPlatformManager:Display: Building Assets For Windows
[2017.04.30-22.09.09:474][  0]LogDerivedDataCache:Display: Max Cache Size: 512 MB
[2017.04.30-22.09.09:517][  0]LogDerivedDataCache: Loaded boot cache 0.04s 50MB C:/Users/MASTA CHIEF/AppData/Local/UnrealEngine/4.14/DerivedDataCache/Boot.ddc.
[2017.04.30-22.09.09:517][  0]LogDerivedDataCache:Display: Loaded Boot cache: C:/Users/MASTA CHIEF/AppData/Local/UnrealEngine/4.14/DerivedDataCache/Boot.ddc
[2017.04.30-22.09.09:518][  0]LogDerivedDataCache: FDerivedDataBackendGraph:  Pak pak cache file ../../../../../UE4 Projects/Zombie_TowerDefense/DerivedDataCache/DDC.ddp not found, will not use a pak cache.
[2017.04.30-22.09.09:518][  0]LogDerivedDataCache: Unable to find inner node Pak for hierarchical cache Hierarchy.
[2017.04.30-22.09.09:518][  0]LogDerivedDataCache: FDerivedDataBackendGraph:  CompressedPak pak cache file ../../../../../UE4 Projects/Zombie_TowerDefense/DerivedDataCache/Compressed.ddp not found, will not use a pak cache.
[2017.04.30-22.09.09:518][  0]LogDerivedDataCache: Unable to find inner node CompressedPak for hierarchical cache Hierarchy.
[2017.04.30-22.09.09:534][  0]LogDerivedDataCache:Display: Pak cache opened for reading ../../../Engine/DerivedDataCache/Compressed.ddp.
[2017.04.30-22.09.09:545][  0]LogDerivedDataCache: Using Local data cache path C:/Users/MASTA CHIEF/AppData/Local/UnrealEngine/Common/DerivedDataCache: Writable
[2017.04.30-22.09.09:752][  0]LogInit: Selected Device Profile: [Windows]
[2017.04.30-22.09.09:755][  0]LogContentStreaming: Texture pool size is 0.00 MB
[2017.04.30-22.09.09:919][  0]LogMeshUtilities: Using QuadricMeshReduction for automatic static mesh reduction
[2017.04.30-22.09.09:947][  0]LogSimplygon: Simplygon DLL not present - disabling.
[2017.04.30-22.09.09:976][  0]LogMeshUtilities: Using SimplygonSwarm for distributed automatic mesh merging
[2017.04.30-22.09.09:976][  0]LogMeshUtilities: No automatic skeletal mesh reduction module available
[2017.04.30-22.09.09:976][  0]LogMeshUtilities: No automatic mesh merging module available
[2017.04.30-22.09.10:404][  0]LogNetVersion: GetLocalNetworkVersion: CL: 3195953, ProjectName: zombie_tower_defense, ProjectVersion: , EngineNetworkVersion: 2, GameNetworkVersion: 0, NetworkChecksum: 2528811943
[2017.04.30-22.09.10:450][  0]LogAssetRegistry: FAssetRegistry took 0.0198 seconds to start up
[2017.04.30-22.09.10:476][  0]LogPackageLocalizationCache: Processed 3 localized package path(s) for 2 prioritized culture(s) in 0.014038 seconds
[2017.04.30-22.09.10:482][  0]LogUObjectArray: 31946 objects as part of root set at end of initial load.
[2017.04.30-22.09.10:482][  0]LogUObjectAllocator: 6935848 out of 0 bytes used by permanent object pool.
[2017.04.30-22.09.10:482][  0]LogUObjectArray: CloseDisregardForGC: 0/0 objects in disregard for GC pool
[2017.04.30-22.09.10:519][  0]LogInit: WinSock: version 1.1 (2.2), MaxSocks=32767, MaxUdp=65467
[2017.04.30-22.09.10:978][  0]LogSlate: Using Freetype 2.6.0
[2017.04.30-22.09.10:978][  0]LogSlate: SlateFontCache - WITH_FREETYPE: 1, WITH_HARFBUZZ: 1
[2017.04.30-22.09.10:978][  0]LogSlate: SlateFontCache - WITH_FREETYPE: 1, WITH_HARFBUZZ: 1
[2017.04.30-22.09.11:593][  0]LogTcpMessaging: Initializing TcpMessaging bridge
[2017.04.30-22.09.11:620][  0]LogUdpMessaging: Initializing bridge on interface 0.0.0.0:0 to multicast group 230.0.0.1:6666.
[2017.04.30-22.09.11:838][  0]LogMaterial: Uniform references updated for custom material expression Custom.
[2017.04.30-22.09.12:100][  0]SourceControl: Info Source control is disabled
[2017.04.30-22.09.12:100][  0]SourceControl: Info Source control is disabled
[2017.04.30-22.09.12:129][  0]SourceControl: Info Source control is disabled
[2017.04.30-22.09.12:157][  0]SourceControl: Info Source control is disabled
[2017.04.30-22.09.12:965][  0]LogEngine: Initializing Engine...
[2017.04.30-22.09.12:965][  0]LogHMD: Failed to initialize OpenVR with code 110
[2017.04.30-22.09.13:174][  0]LogAIModule: Creating AISystem for world Untitled
[2017.04.30-22.09.13:185][  0]LogInit: XAudio2 using 'Speakers (Realtek High Definition Audio)' : 8 channels at 48 kHz using 32 bits per sample (channel mask 0x63f)
[2017.04.30-22.09.13:204][  0]LogInit: FAudioDevice initialized.
[2017.04.30-22.09.13:227][  0]LogDerivedDataCache: Saved boot cache 0.02s 50MB C:/Users/MASTA CHIEF/AppData/Local/UnrealEngine/4.14/DerivedDataCache/Boot.ddc.
[2017.04.30-22.09.13:231][  0]LogInit: Texture streaming: Enabled
[2017.04.30-22.09.13:345][  0]LogInit: Transaction tracking system initialized
[2017.04.30-22.09.13:558][  0]BlueprintLog: New page: Editor Load
[2017.04.30-22.09.14:100][  0]LocalizationService: Info Localization service is disabled
[2017.04.30-22.09.14:507][  0]LogConsoleResponse:Display: 
[2017.04.30-22.09.14:623][  0]LogCook:Display: Max memory allowance for cook 16384mb min free memory 0mb
[2017.04.30-22.09.14:623][  0]LogCook:Display: Mobile HDR setting 1
[2017.04.30-22.09.14:870][  0]LogFileCache: Scanning file cache for directory 'B:/UE4 Projects/Zombie_TowerDefense/Content/' took 0.02s
[2017.04.30-22.09.15:211][  0]SourceControl: Info Source control is disabled
[2017.04.30-22.09.15:212][  0]Cmd: MAP LOAD FILE="../../../../../UE4 Projects/Zombie_TowerDefense/Content/ZTD_Blueprint/Maps/Menu_Main.umap" TEMPLATE=0 SHOWPROGRESS=1 FEATURELEVEL=3
[2017.04.30-22.09.15:212][  0]LightingResults: New page: Lighting Build
[2017.04.30-22.09.15:238][  0]MapCheck: New page: Map Check
[2017.04.30-22.09.15:238][  0]LightingResults: New page: Lighting Build
[2017.04.30-22.09.16:611][  0]LogAIModule: Creating AISystem for world Menu_Main
[2017.04.30-22.09.16:613][  0]LogEditorServer: Finished looking for orphan Actors (0.000 secs)
[2017.04.30-22.09.16:613][  0]Cmd: MAP CHECKDEP NOCLEARLOG
[2017.04.30-22.09.16:644][  0]MapCheck: Info Map check complete: 0 Error(s), 0 Warning(s), took 31.155ms to complete.
[2017.04.30-22.09.16:644][  0]LogFileHelpers: Loading map 'Menu_Main' took 1.433
[2017.04.30-22.09.16:763][  0]LogCollectionManager: Loaded 0 collections in 0.001234 seconds
[2017.04.30-22.09.16:823][  0]LogFileCache: Scanning file cache for directory 'B:/UE4 Projects/Zombie_TowerDefense/Saved/Collections/' took 0.01s
[2017.04.30-22.09.16:823][  0]LogFileCache: Scanning file cache for directory 'B:/UE4 Projects/Zombie_TowerDefense/Content/Developers/MASTACHIEF/Collections/' took 0.01s
[2017.04.30-22.09.16:823][  0]LogFileCache: Scanning file cache for directory 'B:/UE4 Projects/Zombie_TowerDefense/Content/Collections/' took 0.01s
[2017.04.30-22.09.16:823][  0]LogCollectionManager: Rebuilt the GUID cache for 0 collections in 0.000002 seconds
[2017.04.30-22.09.16:832][  0]LogContentBrowser: Native class hierarchy populated in 0.0087 seconds. Added 2190 classes and 428 folders.
[2017.04.30-22.09.16:859][  0]LogStats: UGameplayTagsManager::ConstructGameplayTagTree: Construct from data asset -  0.000 s
[2017.04.30-22.09.16:859][  0]LogStats: UGameplayTagsManager::ConstructGameplayTagTree: GameplayTagTreeChangedEvent.Broadcast -  0.000 s
[2017.04.30-22.09.16:859][  0]LogContentBrowser: Native class hierarchy updated for 'GameplayTags' in 0.0005 seconds. Added 13 classes and 0 folders.
[2017.04.30-22.09.16:897][  0]LogContentBrowser: Native class hierarchy updated for 'WidgetCarousel' in 0.0004 seconds. Added 0 classes and 0 folders.
[2017.04.30-22.09.16:930][  0]LogContentBrowser: Native class hierarchy updated for 'AddContentDialog' in 0.0004 seconds. Added 0 classes and 0 folders.
[2017.04.30-22.09.16:958][  0]LogContentBrowser: Native class hierarchy updated for 'SceneOutliner' in 0.0004 seconds. Added 1 classes and 2 folders.
[2017.04.30-22.09.17:036][  0]LogCrashTracker: Crashtracker disabled due to settings.
[2017.04.30-22.09.17:039][  0]LogUObjectGlobals:Warning: Failed to find object 'Class None.'
[2017.04.30-22.09.17:087][  0]LogContentBrowser: Native class hierarchy updated for 'HierarchicalLODOutliner' in 0.0005 seconds. Added 1 classes and 2 folders.
[2017.04.30-22.09.17:087][  0]LogLoad: (Engine Initialization) Total time: 11.85 seconds
[2017.04.30-22.09.17:087][  0]LogLoad: (Engine Initialization) Total Blueprint compile time: 0.53 seconds
[2017.04.30-22.09.17:087][  0]LogExternalProfiler: No external profilers were discovered.  External profiling features will not be available.
[2017.04.30-22.09.17:096][  0]LogOcInput: OculusInput pre-init called
[2017.04.30-22.09.17:115][  0]LogContentStreaming: Texture pool size now 1000 MB
[2017.04.30-22.09.17:261][  0]LogRenderer: Reallocating scene render targets to support 1056x584 NumSamples 1 (Frame:2).
[2017.04.30-22.09.17:378][  1]LogAssetRegistry: Asset discovery search completed in 6.9488 seconds
[2017.04.30-22.09.17:378][  1]LogCollectionManager: Rebuilt the object cache for 0 collections in 0.000001 seconds (found 0 objects)
[2017.04.30-22.09.17:378][  1]LogCollectionManager: Fixed up redirectors for 0 collections in 0.000016 seconds (updated 0 objects)
[2017.04.30-22.09.24:957][758]LogAIModule: Creating AISystem for world MapC_U
[2017.04.30-22.09.24:961][758]LogMaterial:Warning: Material /Game/Assets/Forest_Stuff/Material/Master_Material/M_tree_basic.M_tree_basic needed to have new flag set bUsedWithInstancedStaticMeshes !
[2017.04.30-22.09.24:963][758]LogMaterial: Missing cached shader map for material M_tree_basic, compiling. 
[2017.04.30-22.09.25:086][758]MapCheck:Warning: Warning M_tree_basic Material /Game/Assets/Forest_Stuff/Material/Master_Material/M_tree_basic.M_tree_basic was missing the usage flag bUsedWithInstancedStaticMeshes. If the material asset is not re-saved, it may not render correctly when run outside the editor. Fix
[2017.04.30-22.09.25:091][758]LogMaterial: 0.00 seconds spent updating 1 materials, 1 interfaces, 0 instances, 0 with static permutations.
[2017.04.30-22.09.25:257][758]Cmd: MAP LOAD FILE="../../../../../UE4 Projects/Zombie_TowerDefense/Content/ZTD_Blueprint/Maps/MapC_U.umap" TEMPLATE=0 SHOWPROGRESS=1 FEATURELEVEL=3
[2017.04.30-22.09.25:257][758]LightingResults: New page: Lighting Build
[2017.04.30-22.09.25:258][758]LoadErrors: New page: Loading map: MapC_U.umap
[2017.04.30-22.09.25:258][758]MapCheck: New page: Map Check
[2017.04.30-22.09.25:258][758]LightingResults: New page: Lighting Build
[2017.04.30-22.09.25:404][758]LogEditorServer: Finished looking for orphan Actors (0.000 secs)
[2017.04.30-22.09.25:439][758]Cmd: MAP CHECKDEP NOCLEARLOG
[2017.04.30-22.09.25:488][758]MapCheck: Info Map check complete: 0 Error(s), 0 Warning(s), took 48.056ms to complete.
[2017.04.30-22.09.25:488][758]LogFileHelpers: Loading map 'MapC_U' took 0.231
[2017.04.30-22.09.59:245][ 45]Cmd: QUIT_EDITOR
[2017.04.30-22.09.59:313][ 45]LogExit: Preparing to exit.
[2017.04.30-22.09.59:825][ 45]LogDirectoryWatcher: A directory notification for 'B:/UE4 Projects/Zombie_TowerDefense/Content/' was aborted.
[2017.04.30-22.09.59:871][ 45]LogExit: Editor shut down
[2017.04.30-22.09.59:871][ 45]LogExit: Transaction tracking system shut down
[2017.04.30-22.10.00:061][ 45]LogObj: Freed 0b from 0 cluster array pools.
[2017.04.30-22.10.00:061][ 45]LogExit: Object subsystem successfully closed.
[2017.04.30-22.10.00:261][ 45]LogD3D11RHI: Shutdown
[2017.04.30-22.10.00:261][ 45]LogD3D11RHI: CleanupD3DDevice
[2017.04.30-22.10.00:485][ 45]LogD3D11RHI: ~FD3D11DynamicRHI
[2017.04.30-22.10.00:491][ 45]LogHttp:Display: Http module shutting down, but needs to wait on 1 outstanding Http requests:
[2017.04.30-22.10.00:491][ 45]LogHttp:Display: 	verb=[POST] url=[https://datarouter.ol.epicgames.com/datarouter/api/v1/public/data?SessionID=%7B0C79271E-4C93-DA96-A3D6-69BDA54A8A6E%7D&AppID=UEEditor.Rocket.Release&AppVersion=4.14.3-3249277%2B%2B%2BUE4%2BRelease-4.14&UserID=bed8f3cd48c5be55f5890f9061d1894c%7C852277445ad84a15ade079261bc4428e%7C29ef773b-eab5-4163-a621-c753475aef0a&AppEnvironment=datacollector-binary&UploadType=eteventstream] status=Processing
[2017.04.30-22.10.00:491][ 45]LogHttp:Display: Sleeping 0.5s to wait for 1 outstanding Http requests.
[2017.04.30-22.10.01:018][ 45]LogModuleManager: Shutting down and abandoning module HierarchicalLODOutliner (241)
[2017.04.30-22.10.01:018][ 45]LogModuleManager: Shutting down and abandoning module CrashTracker (240)
[2017.04.30-22.10.01:018][ 45]LogModuleManager: Shutting down and abandoning module SceneOutliner (239)
[2017.04.30-22.10.01:018][ 45]LogModuleManager: Shutting down and abandoning module WidgetCarousel (238)
[2017.04.30-22.10.01:018][ 45]LogModuleManager: Shutting down and abandoning module AddContentDialog (237)
[2017.04.30-22.10.01:018][ 45]LogDirectoryWatcher: A directory notification for 'B:/Unreal Engine 4.14.3/UE_4.14/FeaturePacks/' was aborted.
[2017.04.30-22.10.01:019][ 45]LogModuleManager: Shutting down and abandoning module GameplayTags (236)
[2017.04.30-22.10.01:019][ 45]LogModuleManager: Shutting down and abandoning module EditorWidgets (235)
[2017.04.30-22.10.01:019][ 45]LogModuleManager: Shutting down and abandoning module CollectionManager (234)
[2017.04.30-22.10.01:019][ 45]LogDirectoryWatcher: A directory notification for 'B:/UE4 Projects/Zombie_TowerDefense/Content/Collections/' was aborted.
[2017.04.30-22.10.01:019][ 45]LogDirectoryWatcher: A directory notification for 'B:/UE4 Projects/Zombie_TowerDefense/Content/Developers/MASTACHIEF/Collections/' was aborted.
[2017.04.30-22.10.01:019][ 45]LogDirectoryWatcher: A directory notification for 'B:/UE4 Projects/Zombie_TowerDefense/Saved/Collections/' was aborted.
[2017.04.30-22.10.01:019][ 45]LogModuleManager: Shutting down and abandoning module StatsViewer (233)
[2017.04.30-22.10.01:020][ 45]LogModuleManager: Shutting down and abandoning module FoliageEdit (232)
[2017.04.30-22.10.01:020][ 45]LogModuleManager: Shutting down and abandoning module LandscapeEditor (231)
[2017.04.30-22.10.01:020][ 45]LogModuleManager: Shutting down and abandoning module SceneDepthPickerMode (230)
[2017.04.30-22.10.01:020][ 45]LogModuleManager: Shutting down and abandoning module ActorPickerMode (229)
[2017.04.30-22.10.01:020][ 45]LogModuleManager: Shutting down and abandoning module GeometryMode (228)
[2017.04.30-22.10.01:020][ 45]LogModuleManager: Shutting down and abandoning module TextureAlignMode (227)
[2017.04.30-22.10.01:020][ 45]LogModuleManager: Shutting down and abandoning module BspMode (226)
[2017.04.30-22.10.01:020][ 45]LogModuleManager: Shutting down and abandoning module HardwareSurvey (225)
[2017.04.30-22.10.01:020][ 45]LogModuleManager: Shutting down and abandoning module SequenceRecorderSections (224)
[2017.04.30-22.10.01:020][ 45]LogModuleManager: Shutting down and abandoning module AutomationWorker (223)
[2017.04.30-22.10.01:020][ 45]LogModuleManager: Shutting down and abandoning module MatineeToLevelSequence (222)
[2017.04.30-22.10.01:020][ 45]LogModuleManager: Shutting down and abandoning module PlacementMode (221)
[2017.04.30-22.10.01:020][ 45]LogModuleManager: Shutting down and abandoning module LevelSequenceEditor (220)
[2017.04.30-22.10.01:020][ 45]LogModuleManager: Shutting down and abandoning module WmfMediaFactory (219)
[2017.04.30-22.10.01:020][ 45]LogModuleManager: Shutting down and abandoning module WmfMediaEditor (218)
[2017.04.30-22.10.01:020][ 45]LogModuleManager: Shutting down and abandoning module AvfMediaFactory (217)
[2017.04.30-22.10.01:020][ 45]LogModuleManager: Shutting down and abandoning module AvfMediaEditor (216)
[2017.04.30-22.10.01:020][ 45]LogModuleManager: Shutting down and abandoning module Media (215)
[2017.04.30-22.10.01:020][ 45]LogModuleManager: Shutting down and abandoning module AndroidMediaFactory (214)
[2017.04.30-22.10.01:020][ 45]LogModuleManager: Shutting down and abandoning module AndroidMediaEditor (213)
[2017.04.30-22.10.01:020][ 45]LogModuleManager: Shutting down and abandoning module CharacterAI (212)
[2017.04.30-22.10.01:020][ 45]LogModuleManager: Shutting down and abandoning module SequenceRecorder (211)
[2017.04.30-22.10.01:020][ 45]LogModuleManager: Shutting down and abandoning module AudioCapture (210)
[2017.04.30-22.10.01:020][ 45]LogModuleManager: Shutting down and abandoning module SmartSnapping (209)
[2017.04.30-22.10.01:020][ 45]LogModuleManager: Shutting down and abandoning module SessionServices (208)
[2017.04.30-22.10.01:020][ 45]LogModuleManager: Shutting down and abandoning module ViewportSnapping (207)
[2017.04.30-22.10.01:020][ 45]LogModuleManager: Shutting down and abandoning module ViewportInteraction (206)
[2017.04.30-22.10.01:020][ 45]LogModuleManager: Shutting down and abandoning module LogVisualizer (205)
[2017.04.30-22.10.01:020][ 45]LogModuleManager: Shutting down and abandoning module GameProjectGeneration (204)
[2017.04.30-22.10.01:020][ 45]LogModuleManager: Shutting down and abandoning module IntroTutorials (203)
[2017.04.30-22.10.01:020][ 45]LogModuleManager: Shutting down and abandoning module EditorLiveStreaming (202)
[2017.04.30-22.10.01:020][ 45]LogModuleManager: Shutting down and abandoning module IOSPlatformEditor (201)
[2017.04.30-22.10.01:020][ 45]LogModuleManager: Shutting down and abandoning module HTML5PlatformEditor (200)
[2017.04.30-22.10.01:020][ 45]LogModuleManager: Shutting down and abandoning module AndroidDeviceDetection (199)
[2017.04.30-22.10.01:371][ 45]LogModuleManager: Shutting down and abandoning module AndroidPlatformEditor (198)
[2017.04.30-22.10.01:371][ 45]LogModuleManager: Shutting down and abandoning module IOSRuntimeSettings (197)
[2017.04.30-22.10.01:371][ 45]LogModuleManager: Shutting down and abandoning module AndroidRuntimeSettings (196)
[2017.04.30-22.10.01:371][ 45]LogModuleManager: Shutting down and abandoning module InputBindingEditor (195)
[2017.04.30-22.10.01:371][ 45]LogModuleManager: Shutting down and abandoning module NiagaraEditor (194)
[2017.04.30-22.10.01:371][ 45]LogModuleManager: Shutting down and abandoning module MergeActors (193)
[2017.04.30-22.10.01:371][ 45]LogModuleManager: Shutting down and abandoning module SizeMap (192)
[2017.04.30-22.10.01:371][ 45]LogModuleManager: Shutting down and abandoning module TreeMap (191)
[2017.04.30-22.10.01:371][ 45]LogModuleManager: Shutting down and abandoning module ReferenceViewer (190)
[2017.04.30-22.10.01:371][ 45]LogModuleManager: Shutting down and abandoning module LocalizationService (189)
[2017.04.30-22.10.01:371][ 45]LogModuleManager: Shutting down and abandoning module LocalizationDashboard (188)
[2017.04.30-22.10.01:371][ 45]LogModuleManager: Shutting down and abandoning module HardwareTargeting (187)
[2017.04.30-22.10.01:371][ 45]LogModuleManager: Shutting down and abandoning module DeviceProfileEditor (186)
[2017.04.30-22.10.01:371][ 45]LogModuleManager: Shutting down and abandoning module UndoHistory (185)
[2017.04.30-22.10.01:371][ 45]LogModuleManager: Shutting down and abandoning module UserFeedback (184)
[2017.04.30-22.10.01:371][ 45]LogModuleManager: Shutting down and abandoning module XmlParser (183)
[2017.04.30-22.10.01:371][ 45]LogModuleManager: Shutting down and abandoning module Blutility (182)
[2017.04.30-22.10.01:371][ 45]LogModuleManager: Shutting down and abandoning module ProjectTargetPlatformEditor (181)
[2017.04.30-22.10.01:371][ 45]LogModuleManager: Shutting down and abandoning module ProjectSettingsViewer (180)
[2017.04.30-22.10.01:371][ 45]LogModuleManager: Shutting down and abandoning module EditorSettingsViewer (179)
[2017.04.30-22.10.01:371][ 45]LogModuleManager: Shutting down and abandoning module SettingsEditor (178)
[2017.04.30-22.10.01:371][ 45]LogModuleManager: Shutting down and abandoning module ProjectLauncher (177)
[2017.04.30-22.10.01:371][ 45]LogModuleManager: Shutting down and abandoning module SessionFrontend (176)
[2017.04.30-22.10.01:371][ 45]LogModuleManager: Shutting down and abandoning module ProfilerClient (175)
[2017.04.30-22.10.01:371][ 45]LogModuleManager: Shutting down and abandoning module TargetDeviceServices (174)
[2017.04.30-22.10.01:372][ 45]LogModuleManager: Shutting down and abandoning module DeviceManager (173)
[2017.04.30-22.10.01:412][ 45]LogModuleManager: Shutting down and abandoning module AutomationController (172)
[2017.04.30-22.10.01:412][ 45]LogModuleManager: Shutting down and abandoning module AutomationWindow (171)
[2017.04.30-22.10.01:412][ 45]LogModuleManager: Shutting down and abandoning module Layers (170)
[2017.04.30-22.10.01:412][ 45]LogModuleManager: Shutting down and abandoning module ComponentVisualizers (169)
[2017.04.30-22.10.01:412][ 45]LogModuleManager: Shutting down and abandoning module DetailCustomizations (168)
[2017.04.30-22.10.01:412][ 45]LogModuleManager: Shutting down and abandoning module PackagesDialog (167)
[2017.04.30-22.10.01:412][ 45]LogModuleManager: Shutting down and abandoning module AnimGraph (166)
[2017.04.30-22.10.01:412][ 45]LogModuleManager: Shutting down and abandoning module Persona (165)
[2017.04.30-22.10.01:412][ 45]LogModuleManager: Shutting down and abandoning module Kismet (164)
[2017.04.30-22.10.01:413][ 45]LogModuleManager: Shutting down and abandoning module GraphEditor (163)
[2017.04.30-22.10.01:413][ 45]LogModuleManager: Shutting down and abandoning module ClassViewer (162)
[2017.04.30-22.10.01:413][ 45]LogModuleManager: Shutting down and abandoning module Toolbox (161)
[2017.04.30-22.10.01:413][ 45]LogModuleManager: Shutting down and abandoning module ModuleUI (160)
[2017.04.30-22.10.01:413][ 45]LogModuleManager: Shutting down and abandoning module MovieSceneTools (159)
[2017.04.30-22.10.01:413][ 45]LogModuleManager: Shutting down and abandoning module OutputLog (158)
[2017.04.30-22.10.01:413][ 45]LogModuleManager: Shutting down and abandoning module GammaUI (157)
[2017.04.30-22.10.01:413][ 45]LogModuleManager: Shutting down and abandoning module Documentation (156)
[2017.04.30-22.10.01:413][ 45]LogModuleManager: Shutting down and abandoning module Niagara (155)
[2017.04.30-22.10.01:413][ 45]LogModuleManager: Shutting down and abandoning module StreamingPauseRendering (154)
[2017.04.30-22.10.01:413][ 45]LogModuleManager: Shutting down and abandoning module AnalyticsET (153)
[2017.04.30-22.10.01:414][ 45]LogModuleManager: Shutting down and abandoning module PortalServices (152)
[2017.04.30-22.10.01:414][ 45]LogModuleManager: Shutting down and abandoning module PortalRpc (151)
[2017.04.30-22.10.01:414][ 45]LogModuleManager: Shutting down and abandoning module MessagingRpc (150)
[2017.04.30-22.10.01:414][ 45]LogModuleManager: Shutting down and abandoning module GameplayDebugger (149)
[2017.04.30-22.10.01:414][ 45]LogModuleManager: Shutting down and abandoning module AITestSuite (148)
[2017.04.30-22.10.01:414][ 45]LogModuleManager: Shutting down and abandoning module AIModule (147)
[2017.04.30-22.10.01:414][ 45]LogModuleManager: Shutting down and abandoning module ProfilerService (146)
[2017.04.30-22.10.01:601][ 45]LogModuleManager: Shutting down and abandoning module TaskGraph (145)
[2017.04.30-22.10.01:601][ 45]LogModuleManager: Shutting down and abandoning module SlateRemote (144)
[2017.04.30-22.10.01:601][ 45]LogModuleManager: Shutting down and abandoning module SteamVRController (143)
[2017.04.30-22.10.01:601][ 45]LogModuleManager: Shutting down and abandoning module SteamVR (142)
[2017.04.30-22.10.01:601][ 45]LogModuleManager: Shutting down and abandoning module ProceduralMeshComponentEditor (141)
[2017.04.30-22.10.01:601][ 45]LogModuleManager: Shutting down and abandoning module ProceduralMeshComponent (140)
[2017.04.30-22.10.01:601][ 45]LogModuleManager: Shutting down and abandoning module OculusLibrary (139)
[2017.04.30-22.10.01:601][ 45]LogModuleManager: Shutting down and abandoning module OculusInput (138)
[2017.04.30-22.10.01:601][ 45]LogModuleManager: Shutting down and abandoning module MobilePatchingUtils (137)
[2017.04.30-22.10.01:601][ 45]LogModuleManager: Shutting down and abandoning module CustomMeshComponent (136)
[2017.04.30-22.10.01:601][ 45]LogModuleManager: Shutting down and abandoning module CableComponent (135)
[2017.04.30-22.10.01:601][ 45]LogModuleManager: Shutting down and abandoning module ArchVisCharacter (134)
[2017.04.30-22.10.01:601][ 45]LogModuleManager: Shutting down and abandoning module MediaPlayerEditor (132)
[2017.04.30-22.10.01:601][ 45]LogModuleManager: Shutting down and abandoning module HTML5Networking (131)
[2017.04.30-22.10.01:601][ 45]LogModuleManager: Shutting down and abandoning module GeometryCacheEd (130)
[2017.04.30-22.10.01:601][ 45]LogModuleManager: Shutting down and abandoning module GeometryCache (129)
[2017.04.30-22.10.01:601][ 45]LogModuleManager: Shutting down and abandoning module AlembicLibrary (128)
[2017.04.30-22.10.01:601][ 45]LogModuleManager: Shutting down and abandoning module AlembicImporter (127)
[2017.04.30-22.10.01:601][ 45]LogModuleManager: Shutting down and abandoning module SuperSearch (126)
[2017.04.30-22.10.01:601][ 45]LogModuleManager: Shutting down and abandoning module SuperSearchEditor (125)
[2017.04.30-22.10.01:601][ 45]LogModuleManager: Shutting down and abandoning module SpeedTreeImporter (124)
[2017.04.30-22.10.01:601][ 45]LogModuleManager: Shutting down and abandoning module PluginBrowser (123)
[2017.04.30-22.10.01:601][ 45]LogModuleManager: Shutting down and abandoning module MobileLauncherProfileWizard (122)
[2017.04.30-22.10.01:601][ 45]LogModuleManager: Shutting down and abandoning module EpicSurvey (121)
[2017.04.30-22.10.01:601][ 45]LogModuleManager: Shutting down and abandoning module DesktopPlatform (120)
[2017.04.30-22.10.01:601][ 45]LogModuleManager: Shutting down and abandoning module VisualStudioSourceCodeAccess (119)
[2017.04.30-22.10.01:601][ 45]LogModuleManager: Shutting down and abandoning module UObjectPlugin (118)
[2017.04.30-22.10.01:601][ 45]LogModuleManager: Shutting down and abandoning module SubversionSourceControl (117)
[2017.04.30-22.10.01:601][ 45]LogModuleManager: Shutting down and abandoning module PerforceSourceControl (116)
[2017.04.30-22.10.01:601][ 45]LogModuleManager: Shutting down and abandoning module SourceControl (115)
[2017.04.30-22.10.01:601][ 45]LogModuleManager: Shutting down and abandoning module GitSourceControl (114)
[2017.04.30-22.10.01:601][ 45]LogModuleManager: Shutting down and abandoning module LightPropagationVolumeEditor (113)
[2017.04.30-22.10.01:601][ 45]LogModuleManager: Shutting down and abandoning module PaperTiledImporter (112)
[2017.04.30-22.10.01:601][ 45]LogModuleManager: Shutting down and abandoning module PaperSpriteSheetImporter (111)
[2017.04.30-22.10.01:601][ 45]LogModuleManager: Shutting down and abandoning module MeshPaint (110)
[2017.04.30-22.10.01:601][ 45]LogModuleManager: Shutting down and abandoning module PixelInspectorModule (109)
[2017.04.30-22.10.01:601][ 45]LogModuleManager: Shutting down and abandoning module HotReload (108)
[2017.04.30-22.10.01:602][ 45]LogModuleManager: Shutting down and abandoning module MainFrame (107)
[2017.04.30-22.10.01:602][ 45]LogModuleManager: Shutting down and abandoning module LevelEditor (106)
[2017.04.30-22.10.01:602][ 45]LogModuleManager: Shutting down and abandoning module ContentBrowser (105)
[2017.04.30-22.10.01:603][ 45]LogModuleManager: Shutting down and abandoning module Paper2DEditor (104)
[2017.04.30-22.10.01:603][ 45]LogModuleManager: Shutting down and abandoning module UdpMessaging (103)
[2017.04.30-22.10.01:703][ 45]LogModuleManager: Shutting down and abandoning module TcpMessaging (102)
[2017.04.30-22.10.01:803][ 45]LogModuleManager: Shutting down and abandoning module LightPropagationVolumeRuntime (101)
[2017.04.30-22.10.01:803][ 45]LogModuleManager: Shutting down and abandoning module Paper2D (100)
[2017.04.30-22.10.01:803][ 45]LogModuleManager: Shutting down and abandoning module WindowsMoviePlayer (99)
[2017.04.30-22.10.01:803][ 45]LogModuleManager: Shutting down and abandoning module WmfMedia (98)
[2017.04.30-22.10.01:803][ 45]LogModuleManager: Shutting down and abandoning module MediaAssets (97)
[2017.04.30-22.10.01:803][ 45]LogModuleManager: Shutting down and abandoning module GameLiveStreaming (96)
[2017.04.30-22.10.01:803][ 45]LogModuleManager: Shutting down and abandoning module GameplayTagsEditor (95)
[2017.04.30-22.10.01:803][ 45]LogModuleManager: Shutting down and abandoning module VREditor (94)
[2017.04.30-22.10.01:803][ 45]LogModuleManager: Shutting down and abandoning module GameplayTasksEditor (93)
[2017.04.30-22.10.01:803][ 45]LogModuleManager: Shutting down and abandoning module BehaviorTreeEditor (92)
[2017.04.30-22.10.01:803][ 45]LogModuleManager: Shutting down and abandoning module FunctionalTesting (91)
[2017.04.30-22.10.01:803][ 45]LogModuleManager: Shutting down and abandoning module CollisionAnalyzer (90)
[2017.04.30-22.10.01:803][ 45]LogModuleManager: Shutting down and abandoning module Sequencer (89)
[2017.04.30-22.10.01:803][ 45]LogModuleManager: Shutting down and abandoning module WorkspaceMenuStructure (88)
[2017.04.30-22.10.01:803][ 45]LogModuleManager: Shutting down and abandoning module MessageLog (87)
[2017.04.30-22.10.01:803][ 45]LogModuleManager: Shutting down and abandoning module AssetTools (86)
[2017.04.30-22.10.01:803][ 45]LogModuleManager: Shutting down and abandoning module UMGEditor (85)
[2017.04.30-22.10.01:803][ 45]LogModuleManager: Shutting down and abandoning module UMG (84)
[2017.04.30-22.10.01:803][ 45]LogModuleManager: Shutting down and abandoning module SlateReflector (83)
[2017.04.30-22.10.01:803][ 45]LogModuleManager: Shutting down and abandoning module Slate (82)
[2017.04.30-22.10.01:803][ 45]LogModuleManager: Shutting down and abandoning module EditorStyle (81)
[2017.04.30-22.10.01:805][ 45]LogModuleManager: Shutting down and abandoning module SourceCodeAccess (80)
[2017.04.30-22.10.01:805][ 45]LogModuleManager: Shutting down and abandoning module HeadMountedDisplay (79)
[2017.04.30-22.10.01:805][ 45]LogModuleManager: Shutting down and abandoning module XAudio2 (78)
[2017.04.30-22.10.01:805][ 45]LogModuleManager: Shutting down and abandoning module Networking (76)
[2017.04.30-22.10.01:805][ 45]LogModuleManager: Shutting down and abandoning module Core (75)
[2017.04.30-22.10.01:805][ 45]LogModuleManager: Shutting down and abandoning module DirectoryWatcher (74)
[2017.04.30-22.10.01:805][ 45]LogDirectoryWatcher: A directory notification for '../../../Engine/Content/' was aborted.
[2017.04.30-22.10.01:805][ 45]LogDirectoryWatcher: A directory notification for '../../../../../UE4 Projects/Zombie_TowerDefense/Content/' was aborted.
[2017.04.30-22.10.01:805][ 45]LogDirectoryWatcher: A directory notification for '../../../Engine/Plugins/2D/Paper2D/Content/' was aborted.
[2017.04.30-22.10.01:805][ 45]LogModuleManager: Shutting down and abandoning module AssetRegistry (73)
[2017.04.30-22.10.02:022][ 45]LogModuleManager: Shutting down and abandoning module KismetCompiler (72)
[2017.04.30-22.10.02:022][ 45]LogModuleManager: Shutting down and abandoning module PhysXFormats (71)
[2017.04.30-22.10.02:022][ 45]LogModuleManager: Shutting down and abandoning module SimplygonSwarm (70)
[2017.04.30-22.10.02:022][ 45]LogModuleManager: Shutting down and abandoning module SimplygonMeshReduction (69)
[2017.04.30-22.10.02:023][ 45]LogModuleManager: Shutting down and abandoning module QuadricMeshReduction (68)
[2017.04.30-22.10.02:023][ 45]LogModuleManager: Shutting down and abandoning module PropertyEditor (67)
[2017.04.30-22.10.02:023][ 45]LogModuleManager: Shutting down and abandoning module MeshUtilities (66)
[2017.04.30-22.10.02:023][ 45]LogModuleManager: Shutting down and abandoning module DerivedDataCache (65)
[2017.04.30-22.10.02:044][ 45]LogDerivedDataCache: Shutdown
[2017.04.30-22.10.02:044][ 45]LogModuleManager: Shutting down and abandoning module VulkanShaderFormat (64)
[2017.04.30-22.10.02:044][ 45]LogModuleManager: Shutting down and abandoning module ShaderFormatOpenGL (63)
[2017.04.30-22.10.02:044][ 45]LogModuleManager: Shutting down and abandoning module ShaderFormatD3D (62)
[2017.04.30-22.10.02:044][ 45]LogModuleManager: Shutting down and abandoning module MetalShaderFormat (61)
[2017.04.30-22.10.02:044][ 45]LogModuleManager: Shutting down and abandoning module TextureFormatUncompressed (60)
[2017.04.30-22.10.02:044][ 45]LogModuleManager: Shutting down and abandoning module TextureFormatPVR (59)
[2017.04.30-22.10.02:044][ 45]LogModuleManager: Shutting down and abandoning module TextureFormatDXT (58)
[2017.04.30-22.10.02:044][ 45]LogModuleManager: Shutting down and abandoning module TextureFormatIntelISPCTexComp (57)
[2017.04.30-22.10.02:044][ 45]LogModuleManager: Shutting down and abandoning module ImageWrapper (56)
[2017.04.30-22.10.02:044][ 45]LogModuleManager: Shutting down and abandoning module TextureFormatASTC (55)
[2017.04.30-22.10.02:044][ 45]LogModuleManager: Shutting down and abandoning module TextureFormatAndroid (54)
[2017.04.30-22.10.02:044][ 45]LogModuleManager: Shutting down and abandoning module AudioFormatOpus (53)
[2017.04.30-22.10.02:044][ 45]LogModuleManager: Shutting down and abandoning module AudioFormatOgg (52)
[2017.04.30-22.10.02:044][ 45]LogModuleManager: Shutting down and abandoning module AudioFormatADPCM (51)
[2017.04.30-22.10.02:044][ 45]LogModuleManager: Shutting down and abandoning module LinuxTargetPlatform (50)
[2017.04.30-22.10.02:044][ 45]LogModuleManager: Shutting down and abandoning module LinuxServerTargetPlatform (49)
[2017.04.30-22.10.02:044][ 45]LogModuleManager: Shutting down and abandoning module LinuxNoEditorTargetPlatform (48)
[2017.04.30-22.10.02:044][ 45]LogModuleManager: Shutting down and abandoning module LinuxClientTargetPlatform (47)
[2017.04.30-22.10.02:044][ 45]LogModuleManager: Shutting down and abandoning module TVOSTargetPlatform (46)
[2017.04.30-22.10.02:044][ 45]LogModuleManager: Shutting down and abandoning module Messaging (45)
[2017.04.30-22.10.02:044][ 45]LogModuleManager: Shutting down and abandoning module IOSTargetPlatform (44)
[2017.04.30-22.10.02:044][ 45]LogModuleManager: Shutting down and abandoning module HTML5TargetPlatform (43)
[2017.04.30-22.10.02:044][ 45]LogModuleManager: Shutting down and abandoning module Android_PVRTCTargetPlatform (42)
[2017.04.30-22.10.02:044][ 45]LogModuleManager: Shutting down and abandoning module Android_MultiTargetPlatform (41)
[2017.04.30-22.10.02:045][ 45]LogModuleManager: Shutting down and abandoning module Android_ETC2TargetPlatform (40)
[2017.04.30-22.10.02:045][ 45]LogModuleManager: Shutting down and abandoning module Android_ETC1TargetPlatform (39)
[2017.04.30-22.10.02:045][ 45]LogModuleManager: Shutting down and abandoning module Android_DXTTargetPlatform (38)
[2017.04.30-22.10.02:045][ 45]LogModuleManager: Shutting down and abandoning module Android_ATCTargetPlatform (37)
[2017.04.30-22.10.02:045][ 45]LogModuleManager: Shutting down and abandoning module Android_ASTCTargetPlatform (36)
[2017.04.30-22.10.02:045][ 45]LogModuleManager: Shutting down and abandoning module AndroidTargetPlatform (35)
[2017.04.30-22.10.02:045][ 45]LogModuleManager: Shutting down and abandoning module WindowsTargetPlatform (34)
[2017.04.30-22.10.02:045][ 45]LogModuleManager: Shutting down and abandoning module WindowsServerTargetPlatform (33)
[2017.04.30-22.10.02:045][ 45]LogModuleManager: Shutting down and abandoning module WindowsNoEditorTargetPlatform (32)
[2017.04.30-22.10.02:045][ 45]LogModuleManager: Shutting down and abandoning module WindowsClientTargetPlatform (31)
[2017.04.30-22.10.02:045][ 45]LogModuleManager: Shutting down and abandoning module MacTargetPlatform (30)
[2017.04.30-22.10.02:045][ 45]LogModuleManager: Shutting down and abandoning module MacServerTargetPlatform (29)
[2017.04.30-22.10.02:045][ 45]LogModuleManager: Shutting down and abandoning module MacNoEditorTargetPlatform (28)
[2017.04.30-22.10.02:045][ 45]LogModuleManager: Shutting down and abandoning module MacClientTargetPlatform (27)
[2017.04.30-22.10.02:045][ 45]LogModuleManager: Shutting down and abandoning module AllDesktopTargetPlatform (26)
[2017.04.30-22.10.02:045][ 45]LogModuleManager: Shutting down and abandoning module TargetPlatform (25)
[2017.04.30-22.10.02:045][ 45]LogModuleManager: Shutting down and abandoning module InputCore (24)
[2017.04.30-22.10.02:045][ 45]LogModuleManager: Shutting down and abandoning module Settings (23)
[2017.04.30-22.10.02:045][ 45]LogModuleManager: Shutting down and abandoning module OculusRift (22)
[2017.04.30-22.10.02:045][ 45]LogModuleManager: Shutting down and abandoning module ExampleDeviceProfileSelector (21)
[2017.04.30-22.10.02:045][ 45]LogModuleManager: Shutting down and abandoning module OnlineBlueprintSupport (20)
[2017.04.30-22.10.02:045][ 45]LogModuleManager: Shutting down and abandoning module OnlineSubsystem (18)
[2017.04.30-22.10.02:045][ 45]LogOnline:Display: Unloading online subsystem: NULL
[2017.04.30-22.10.02:045][ 45]LogModuleManager: Shutting down and abandoning module SSL (17)
[2017.04.30-22.10.02:046][ 45]LogModuleManager: Shutting down and abandoning module HTTP (16)
[2017.04.30-22.10.02:046][ 45]LogModuleManager: Shutting down and abandoning module XMPP (15)
[2017.04.30-22.10.02:046][ 45]LogModuleManager: Shutting down and abandoning module TextureCompressor (14)
[2017.04.30-22.10.02:046][ 45]LogModuleManager: Shutting down and abandoning module ShaderCore (13)
[2017.04.30-22.10.02:046][ 45]LogModuleManager: Shutting down and abandoning module Landscape (12)
[2017.04.30-22.10.02:046][ 45]LogModuleManager: Shutting down and abandoning module SlateRHIRenderer (11)
[2017.04.30-22.10.02:047][ 45]LogModuleManager: Shutting down and abandoning module OpenGLDrv (10)
[2017.04.30-22.10.02:047][ 45]LogModuleManager: Shutting down and abandoning module D3D11RHI (9)
[2017.04.30-22.10.02:047][ 45]LogModuleManager: Shutting down and abandoning module AnimGraphRuntime (8)
[2017.04.30-22.10.02:047][ 45]LogModuleManager: Shutting down and abandoning module Renderer (7)
[2017.04.30-22.10.02:047][ 45]LogModuleManager: Shutting down and abandoning module Engine (6)
[2017.04.30-22.10.02:047][ 45]LogModuleManager: Shutting down and abandoning module CoreUObject (5)
[2017.04.30-22.10.02:047][ 45]LogModuleManager: Shutting down and abandoning module NetworkFile (4)
[2017.04.30-22.10.02:047][ 45]LogModuleManager: Shutting down and abandoning module StreamingFile (3)
[2017.04.30-22.10.02:047][ 45]LogModuleManager: Shutting down and abandoning module SandboxFile (2)
[2017.04.30-22.10.02:047][ 45]LogModuleManager: Shutting down and abandoning module PakFile (1)
[2017.04.30-22.10.02:048][ 45]LogExit: Exiting.
[2017.04.30-22.10.02:049][ 45]Log file closed, 04/30/17 17:10:02
