Log file open, 04/30/17 00:01:22
LogInit:Display: Running engine for game: Zombie_Tower_Defense
LogPlatformFile: Not using cached read wrapper
LogInit:Display: RandInit(1358034528) SRandInit(1358034528).
LogTaskGraph: Started task graph with 5 named threads and 6 total threads with 1 sets of task threads.
LogStats: Stats thread started at 0.084110
LogPluginManager: Loaded Plugin Paper2D, From E:/2016 Install/UE_4.14/Engine/Plugins/2D/Paper2D/Paper2D.uplugin
LogPluginManager: Loaded Plugin LightPropagationVolume, From E:/2016 Install/UE_4.14/Engine/Plugins/Blendables/LightPropagationVolume/LightPropagationVolume.uplugin
LogPluginManager: Loaded Plugin BlankPlugin, From E:/2016 Install/UE_4.14/Engine/Plugins/Developer/BlankPlugin/BlankPlugin.uplugin
LogPluginManager: Loaded Plugin CodeLiteSourceCodeAccess, From E:/2016 Install/UE_4.14/Engine/Plugins/Developer/CodeLiteSourceCodeAccess/CodeLiteSourceCodeAccess.uplugin
LogPluginManager: Loaded Plugin GitSourceControl, From E:/2016 Install/UE_4.14/Engine/Plugins/Developer/GitSourceControl/GitSourceControl.uplugin
LogPluginManager: Loaded Plugin KDevelopSourceCodeAccess, From E:/2016 Install/UE_4.14/Engine/Plugins/Developer/KDevelopSourceCodeAccess/KDevelopSourceCodeAccess.uplugin
LogPluginManager: Loaded Plugin NullSourceCodeAccess, From E:/2016 Install/UE_4.14/Engine/Plugins/Developer/NullSourceCodeAccess/NullSourceCodeAccess.uplugin
LogPluginManager: Loaded Plugin OneSkyLocalizationService, From E:/2016 Install/UE_4.14/Engine/Plugins/Developer/OneSkyLocalizationService/OneSkyLocalizationService.uplugin
LogPluginManager: Loaded Plugin PerforceSourceControl, From E:/2016 Install/UE_4.14/Engine/Plugins/Developer/PerforceSourceControl/PerforceSourceControl.uplugin
LogPluginManager: Loaded Plugin SubversionSourceControl, From E:/2016 Install/UE_4.14/Engine/Plugins/Developer/SubversionSourceControl/SubversionSourceControl.uplugin
LogPluginManager: Loaded Plugin UObjectPlugin, From E:/2016 Install/UE_4.14/Engine/Plugins/Developer/UObjectPlugin/UObjectPlugin.uplugin
LogPluginManager: Loaded Plugin VisualStudioSourceCodeAccess, From E:/2016 Install/UE_4.14/Engine/Plugins/Developer/VisualStudioSourceCodeAccess/VisualStudioSourceCodeAccess.uplugin
LogPluginManager: Loaded Plugin XCodeSourceCodeAccess, From E:/2016 Install/UE_4.14/Engine/Plugins/Developer/XCodeSourceCodeAccess/XCodeSourceCodeAccess.uplugin
LogPluginManager: Loaded Plugin AudioCapture, From E:/2016 Install/UE_4.14/Engine/Plugins/Editor/AudioCapture/AudioCapture.uplugin
LogPluginManager: Loaded Plugin EpicSurvey, From E:/2016 Install/UE_4.14/Engine/Plugins/Editor/EpicSurvey/EpicSurvey.uplugin
LogPluginManager: Loaded Plugin MacGraphicsSwitching, From E:/2016 Install/UE_4.14/Engine/Plugins/Editor/MacGraphicsSwitching/MacGraphicsSwitching.uplugin
LogPluginManager: Loaded Plugin MobileLauncherProfileWizard, From E:/2016 Install/UE_4.14/Engine/Plugins/Editor/MobileLauncherProfileWizard/MobileLauncherProfileWizard.uplugin
LogPluginManager: Loaded Plugin PluginBrowser, From E:/2016 Install/UE_4.14/Engine/Plugins/Editor/PluginBrowser/PluginBrowser.uplugin
LogPluginManager: Loaded Plugin SpeedTreeImporter, From E:/2016 Install/UE_4.14/Engine/Plugins/Editor/SpeedTreeImporter/SpeedTreeImporter.uplugin
LogPluginManager: Loaded Plugin SuperSearchEditor, From E:/2016 Install/UE_4.14/Engine/Plugins/Editor/SuperSearchEditor/SuperSearchEditor.uplugin
LogPluginManager: Loaded Plugin AlembicImporter, From E:/2016 Install/UE_4.14/Engine/Plugins/Experimental/AlembicImporter/AlembicImporter.uplugin
LogPluginManager: Loaded Plugin BlueprintStats, From E:/2016 Install/UE_4.14/Engine/Plugins/Experimental/BlueprintStats/BlueprintStats.uplugin
LogPluginManager: Loaded Plugin CharacterAI, From E:/2016 Install/UE_4.14/Engine/Plugins/Experimental/CharacterAI/CharacterAI.uplugin
LogPluginManager: Loaded Plugin CodeEditor, From E:/2016 Install/UE_4.14/Engine/Plugins/Experimental/CodeEditor/CodeEditor.uplugin
LogPluginManager: Loaded Plugin CodeView, From E:/2016 Install/UE_4.14/Engine/Plugins/Experimental/CodeView/CodeView.uplugin
LogPluginManager: Loaded Plugin HTML5Networking, From E:/2016 Install/UE_4.14/Engine/Plugins/Experimental/HTML5Networking/HTML5Networking.uplugin
LogPluginManager: Loaded Plugin OSVR, From E:/2016 Install/UE_4.14/Engine/Plugins/Experimental/OSVR/OSVR.uplugin
LogPluginManager: Loaded Plugin Phya, From E:/2016 Install/UE_4.14/Engine/Plugins/Experimental/Phya/Phya.uplugin
LogPluginManager: Loaded Plugin SignificanceManager, From E:/2016 Install/UE_4.14/Engine/Plugins/Experimental/SignificanceManager/SignificanceManager.uplugin
LogPluginManager: Loaded Plugin SimpleHMD, From E:/2016 Install/UE_4.14/Engine/Plugins/Experimental/SimpleHMD/SimpleHMD.uplugin
LogPluginManager: Loaded Plugin StereoPanorama, From E:/2016 Install/UE_4.14/Engine/Plugins/Experimental/StereoPanorama/StereoPanorama.uplugin
LogPluginManager: Loaded Plugin StructBox, From E:/2016 Install/UE_4.14/Engine/Plugins/Experimental/StructBox/StructBox.uplugin
LogPluginManager: Loaded Plugin AndroidMedia, From E:/2016 Install/UE_4.14/Engine/Plugins/Media/AndroidMedia/AndroidMedia.uplugin
LogPluginManager: Loaded Plugin AvfMedia, From E:/2016 Install/UE_4.14/Engine/Plugins/Media/AvfMedia/AvfMedia.uplugin
LogPluginManager: Loaded Plugin MediaPlayerEditor, From E:/2016 Install/UE_4.14/Engine/Plugins/Media/MediaPlayerEditor/MediaPlayerEditor.uplugin
LogPluginManager: Loaded Plugin WmfMedia, From E:/2016 Install/UE_4.14/Engine/Plugins/Media/WmfMedia/WmfMedia.uplugin
LogPluginManager: Loaded Plugin MessagingDebugger, From E:/2016 Install/UE_4.14/Engine/Plugins/Messaging/MessagingDebugger/MessagingDebugger.uplugin
LogPluginManager: Loaded Plugin TcpMessaging, From E:/2016 Install/UE_4.14/Engine/Plugins/Messaging/TcpMessaging/TcpMessaging.uplugin
LogPluginManager: Loaded Plugin UdpMessaging, From E:/2016 Install/UE_4.14/Engine/Plugins/Messaging/UdpMessaging/UdpMessaging.uplugin
LogPluginManager: Loaded Plugin LevelSequenceEditor, From E:/2016 Install/UE_4.14/Engine/Plugins/MovieScene/LevelSequenceEditor/LevelSequenceEditor.uplugin
LogPluginManager: Loaded Plugin MatineeToLevelSequence, From E:/2016 Install/UE_4.14/Engine/Plugins/MovieScene/MatineeToLevelSequence/MatineeToLevelSequence.uplugin
LogPluginManager: Loaded Plugin NetcodeUnitTest, From E:/2016 Install/UE_4.14/Engine/Plugins/NetcodeUnitTest/NetcodeUnitTest/NetcodeUnitTest.uplugin
LogPluginManager: Loaded Plugin NUTUnrealEngine4, From E:/2016 Install/UE_4.14/Engine/Plugins/NetcodeUnitTest/NUTUnrealEngine4/NUTUnrealEngine4.uplugin
LogPluginManager: Loaded Plugin OnlineSubsystemGameCircle, From E:/2016 Install/UE_4.14/Engine/Plugins/Online/Android/OnlineSubsystemGameCircle/OnlineSubsystemGameCircle.uplugin
LogPluginManager: Loaded Plugin OnlineSubsystemGooglePlay, From E:/2016 Install/UE_4.14/Engine/Plugins/Online/Android/OnlineSubsystemGooglePlay/OnlineSubsystemGooglePlay.uplugin
LogPluginManager: Loaded Plugin OnlineSubsystemIOS, From E:/2016 Install/UE_4.14/Engine/Plugins/Online/IOS/OnlineSubsystemIOS/OnlineSubsystemIOS.uplugin
LogPluginManager: Loaded Plugin OnlineFramework, From E:/2016 Install/UE_4.14/Engine/Plugins/Online/OnlineFramework/OnlineFramework.uplugin
LogPluginManager: Loaded Plugin OnlineSubsystem, From E:/2016 Install/UE_4.14/Engine/Plugins/Online/OnlineSubsystem/OnlineSubsystem.uplugin
LogPluginManager: Loaded Plugin OnlineSubsystemAmazon, From E:/2016 Install/UE_4.14/Engine/Plugins/Online/OnlineSubsystemAmazon/OnlineSubsystemAmazon.uplugin
LogPluginManager: Loaded Plugin OnlineSubsystemFacebook, From E:/2016 Install/UE_4.14/Engine/Plugins/Online/OnlineSubsystemFacebook/OnlineSubsystemFacebook.uplugin
LogPluginManager: Loaded Plugin OnlineSubsystemNull, From E:/2016 Install/UE_4.14/Engine/Plugins/Online/OnlineSubsystemNull/OnlineSubsystemNull.uplugin
LogPluginManager: Loaded Plugin OnlineSubsystemOculus, From E:/2016 Install/UE_4.14/Engine/Plugins/Online/OnlineSubsystemOculus/OnlineSubsystemOculus.uplugin
LogPluginManager: Loaded Plugin OnlineSubsystemSteam, From E:/2016 Install/UE_4.14/Engine/Plugins/Online/OnlineSubsystemSteam/OnlineSubsystemSteam.uplugin
LogPluginManager: Loaded Plugin OnlineSubsystemUtils, From E:/2016 Install/UE_4.14/Engine/Plugins/Online/OnlineSubsystemUtils/OnlineSubsystemUtils.uplugin
LogPluginManager: Loaded Plugin IOSTapJoy, From E:/2016 Install/UE_4.14/Engine/Plugins/Runtime/Advertising/IOSTapJoy/IOSTapJoy.uplugin
LogPluginManager: Loaded Plugin AnalyticsBlueprintLibrary, From E:/2016 Install/UE_4.14/Engine/Plugins/Runtime/Analytics/AnalyticsBlueprintLibrary/AnalyticsBlueprintLibrary.uplugin
LogPluginManager: Loaded Plugin AnalyticsMulticast, From E:/2016 Install/UE_4.14/Engine/Plugins/Runtime/Analytics/AnalyticsMulticast/AnalyticsMulticast.uplugin
LogPluginManager: Loaded Plugin Apsalar, From E:/2016 Install/UE_4.14/Engine/Plugins/Runtime/Analytics/Apsalar/Apsalar.uplugin
LogPluginManager: Loaded Plugin FileLogging, From E:/2016 Install/UE_4.14/Engine/Plugins/Runtime/Analytics/FileLogging/FileLogging.uplugin
LogPluginManager: Loaded Plugin Flurry, From E:/2016 Install/UE_4.14/Engine/Plugins/Runtime/Analytics/Flurry/Flurry.uplugin
LogPluginManager: Loaded Plugin AndroidDeviceProfileSelector, From E:/2016 Install/UE_4.14/Engine/Plugins/Runtime/AndroidDeviceProfileSelector/AndroidDeviceProfileSelector.uplugin
LogPluginManager: Loaded Plugin AndroidMoviePlayer, From E:/2016 Install/UE_4.14/Engine/Plugins/Runtime/AndroidMoviePlayer/AndroidMoviePlayer.uplugin
LogPluginManager: Loaded Plugin AppleMoviePlayer, From E:/2016 Install/UE_4.14/Engine/Plugins/Runtime/AppleMoviePlayer/AppleMoviePlayer.uplugin
LogPluginManager: Loaded Plugin ArchVisCharacter, From E:/2016 Install/UE_4.14/Engine/Plugins/Runtime/ArchVisCharacter/ArchVisCharacter.uplugin
LogPluginManager: Loaded Plugin CableComponent, From E:/2016 Install/UE_4.14/Engine/Plugins/Runtime/CableComponent/CableComponent.uplugin
LogPluginManager: Loaded Plugin CustomMeshComponent, From E:/2016 Install/UE_4.14/Engine/Plugins/Runtime/CustomMeshComponent/CustomMeshComponent.uplugin
LogPluginManager: Loaded Plugin ExampleDeviceProfileSelector, From E:/2016 Install/UE_4.14/Engine/Plugins/Runtime/ExampleDeviceProfileSelector/ExampleDeviceProfileSelector.uplugin
LogPluginManager: Loaded Plugin GearVR, From E:/2016 Install/UE_4.14/Engine/Plugins/Runtime/GearVR/GearVR.uplugin
LogPluginManager: Loaded Plugin GoogleVRController, From E:/2016 Install/UE_4.14/Engine/Plugins/Runtime/GoogleVR/GoogleVRController/GoogleVRController.uplugin
LogPluginManager: Loaded Plugin GoogleVRHMD, From E:/2016 Install/UE_4.14/Engine/Plugins/Runtime/GoogleVR/GoogleVRHMD/GoogleVRHMD.uplugin
LogPluginManager: Loaded Plugin IOSDeviceProfileSelector, From E:/2016 Install/UE_4.14/Engine/Plugins/Runtime/IOSDeviceProfileSelector/IOSDeviceProfileSelector.uplugin
LogPluginManager: Loaded Plugin LeapMotion, From E:/2016 Install/UE_4.14/Engine/Plugins/Runtime/LeapMotion/LeapMotion.uplugin
LogPluginManager: Loaded Plugin LinuxDeviceProfileSelector, From E:/2016 Install/UE_4.14/Engine/Plugins/Runtime/LinuxDeviceProfileSelector/LinuxDeviceProfileSelector.uplugin
LogPluginManager: Loaded Plugin MIDIDevice, From E:/2016 Install/UE_4.14/Engine/Plugins/Runtime/MIDIDevice/MIDIDevice.uplugin
LogPluginManager: Loaded Plugin MobilePatchingUtils, From E:/2016 Install/UE_4.14/Engine/Plugins/Runtime/MobilePatchingUtils/MobilePatchingUtils.uplugin
LogPluginManager: Loaded Plugin Ansel, From E:/2016 Install/UE_4.14/Engine/Plugins/Runtime/Nvidia/Ansel/Ansel.uplugin
LogPluginManager: Loaded Plugin OculusAudio, From E:/2016 Install/UE_4.14/Engine/Plugins/Runtime/OculusAudio/OculusAudio.uplugin
LogPluginManager: Loaded Plugin OculusInput, From E:/2016 Install/UE_4.14/Engine/Plugins/Runtime/OculusInput/OculusInput.uplugin
LogPluginManager: Loaded Plugin OculusLibrary, From E:/2016 Install/UE_4.14/Engine/Plugins/Runtime/OculusLibrary/OculusLibrary.uplugin
LogPluginManager: Loaded Plugin OculusRift, From E:/2016 Install/UE_4.14/Engine/Plugins/Runtime/OculusRift/OculusRift.uplugin
LogPluginManager: Loaded Plugin Oodle, From E:/2016 Install/UE_4.14/Engine/Plugins/Runtime/PacketHandlers/CompressionComponents/Oodle/Oodle.uplugin
LogPluginManager: Loaded Plugin ProceduralMeshComponent, From E:/2016 Install/UE_4.14/Engine/Plugins/Runtime/ProceduralMeshComponent/ProceduralMeshComponent.uplugin
LogPluginManager: Loaded Plugin SoundMod, From E:/2016 Install/UE_4.14/Engine/Plugins/Runtime/SoundMod/SoundMod.uplugin
LogPluginManager: Loaded Plugin SoundVisualizations, From E:/2016 Install/UE_4.14/Engine/Plugins/Runtime/SoundVisualizations/SoundVisualizations.uplugin
LogPluginManager: Loaded Plugin SteamController, From E:/2016 Install/UE_4.14/Engine/Plugins/Runtime/Steam/SteamController/SteamController.uplugin
LogPluginManager: Loaded Plugin SteamVR, From E:/2016 Install/UE_4.14/Engine/Plugins/Runtime/Steam/SteamVR/SteamVR.uplugin
LogPluginManager: Loaded Plugin WebBrowserWidget, From E:/2016 Install/UE_4.14/Engine/Plugins/Runtime/WebBrowserWidget/WebBrowserWidget.uplugin
LogPluginManager: Loaded Plugin WindowsDeviceProfileSelector, From E:/2016 Install/UE_4.14/Engine/Plugins/Runtime/WindowsDeviceProfileSelector/WindowsDeviceProfileSelector.uplugin
LogPluginManager: Loaded Plugin WindowsMoviePlayer, From E:/2016 Install/UE_4.14/Engine/Plugins/Runtime/WindowsMoviePlayer/WindowsMoviePlayer.uplugin
LogPluginManager: Loaded Plugin ScriptPlugin, From E:/2016 Install/UE_4.14/Engine/Plugins/ScriptPlugin/ScriptPlugin.uplugin
LogPluginManager: Loaded Plugin SlateRemote, From E:/2016 Install/UE_4.14/Engine/Plugins/Slate/SlateRemote/SlateRemote.uplugin
LogPluginManager: Loaded Plugin EditorTests, From E:/2016 Install/UE_4.14/Engine/Plugins/Tests/EditorTests/EditorTests.uplugin
LogPluginManager: Loaded Plugin FbxAutomationTestBuilder, From E:/2016 Install/UE_4.14/Engine/Plugins/Tests/FbxAutomationTestBuilder/FbxAutomationTestBuilder.uplugin
LogPluginManager: Loaded Plugin FunctionalTestingEditor, From E:/2016 Install/UE_4.14/Engine/Plugins/Tests/FunctionalTestingEditor/FunctionalTestingEditor.uplugin
LogPluginManager: Loaded Plugin RuntimeTests, From E:/2016 Install/UE_4.14/Engine/Plugins/Tests/RuntimeTests/RuntimeTests.uplugin
LogPluginManager: Loaded Plugin ScreenshotTools, From E:/2016 Install/UE_4.14/Engine/Plugins/Tests/ScreenshotTools/ScreenshotTools.uplugin
LogInit: Using libcurl 7.47.1
LogInit:  - built for x86_64-pc-win32
LogInit:  - supports SSL with OpenSSL/1.0.2g
LogInit:  - supports HTTP deflate (compression) using libz 1.2.8
LogInit:  - other features:
LogInit:      CURL_VERSION_SSL
LogInit:      CURL_VERSION_LIBZ
LogInit:      CURL_VERSION_IPV6
LogInit:      CURL_VERSION_ASYNCHDNS
LogInit:      CURL_VERSION_LARGEFILE
LogInit:      CURL_VERSION_IDN
LogInit:  CurlRequestOptions (configurable via config and command line):
LogInit:  - bVerifyPeer = false  - Libcurl will NOT verify peer certificate
LogInit:  - bUseHttpProxy = false  - Libcurl will NOT use HTTP proxy
LogInit:  - bDontReuseConnections = false  - Libcurl will reuse connections
LogInit:  - CertBundlePath = nullptr  - Libcurl will use whatever was configured at build time.
LogInit: Build: ++UE4+Release-4.14-CL-3249277
LogInit: Engine Version: 4.14.3-3249277+++UE4+Release-4.14
LogInit: Compatible Engine Version: 4.14.0-3195953+++UE4+Release-4.14
LogInit: Net CL: 3195953
LogDevObjectVersion: Number of dev versions registered: 13
LogDevObjectVersion:   Dev-Blueprints (B0D832E4-1F89-4F0D-ACCF-7EB736FD4AA2): 7
LogDevObjectVersion:   Dev-Build (E1C64328-A22C-4D53-A36C-8E866417BD8C): 0
LogDevObjectVersion:   Dev-Core (375EC13C-06E4-48FB-B500-84F0262A717E): 1
LogDevObjectVersion:   Dev-Editor (E4B068ED-F494-42E9-A231-DA0B2E46BB41): 8
LogDevObjectVersion:   Dev-Framework (CFFC743F-43B0-4480-9391-14DF171D2073): 17
LogDevObjectVersion:   Dev-Mobile (B02B49B5-BB20-44E9-A304-32B752E40360): 0
LogDevObjectVersion:   Dev-Networking (A4E4105C-59A1-49B5-A7C5-40C4547EDFEE): 0
LogDevObjectVersion:   Dev-Online (39C831C9-5AE6-47DC-9A44-9C173E1C8E7C): 0
LogDevObjectVersion:   Dev-Physics (78F01B33-EBEA-4F98-B9B4-84EACCB95AA2): 0
LogDevObjectVersion:   Dev-Platform (6631380F-2D4D-43E0-8009-CF276956A95A): 0
LogDevObjectVersion:   Dev-Rendering (12F88B9F-8875-4AFC-A67C-D90C383ABD29): 12
LogDevObjectVersion:   Dev-Sequencer (7B5AE74C-D270-4C10-A958-57980B212A5A): 1
LogDevObjectVersion:   Dev-VR (D7296918-1DD6-4BDD-9DE2-64A83CC13884): 0
LogInit: Compiled (64-bit): Jan  6 2017 10:49:43
LogInit: Compiled with Visual C++: 19.00.23026.00
LogInit: Build Configuration: Development
LogInit: Branch Name: ++UE4+Release-4.14
LogInit: Command line:  /Temp/Autosaves/Game/ZTD_Blueprint/Maps/UEDPCMenu_Main -game -PIEVIACONSOLE -ResX=1280 -ResY=720  -Multiprocess -messaging -SessionName="Play in Standalone Game" -windowed 
LogInit: Base directory: E:/2016 Install/UE_4.14/Engine/Binaries/Win64/
LogInit: Installed Engine Build: 1
LogInit: Presizing for max 8388607 objects, including 0 objects not considered by GC, pre-allocating 0 bytes for permanent pool.
LogInit: Object subsystem initialized
[2017.04.30-05.01.23:311][  0]LogInit: Selected Device Profile: [Windows]
[2017.04.30-05.01.23:311][  0]LogInit: Applying CVar settings loaded from the selected device profile: [Windows]
[2017.04.30-05.01.23:316][  0]LogInit: Computer: NIARAII
[2017.04.30-05.01.23:316][  0]LogInit: User: Jonathan
[2017.04.30-05.01.23:316][  0]LogInit: CPU Page size=65536, Cores=2
[2017.04.30-05.01.23:316][  0]LogInit: High frequency timer resolution =3.025615 MHz
[2017.04.30-05.01.23:316][  0]LogMemory: Memory total: Physical=7.9GB (8GB approx)
[2017.04.30-05.01.23:316][  0]LogMemory: Platform Memory Stats for Windows
[2017.04.30-05.01.23:316][  0]LogMemory: Process Physical Memory: 265.00 MB used, 265.00 MB peak
[2017.04.30-05.01.23:316][  0]LogMemory: Process Virtual Memory: 264.95 MB used, 264.95 MB peak
[2017.04.30-05.01.23:316][  0]LogMemory: Physical Memory: 7226.13 MB used,  901.02 MB free, 8127.16 MB total
[2017.04.30-05.01.23:316][  0]LogMemory: Virtual Memory: 675.91 MB used,  901.02 MB free, 8388608.00 MB total
[2017.04.30-05.01.23:366][  0]LogTextLocalizationManager: No specific translations for ('en-US') exist, so ('en') translations will be used.
[2017.04.30-05.01.23:908][  0]LogD3D11RHI: D3D11 adapters:
[2017.04.30-05.01.23:918][  0]LogD3D11RHI:    0. 'AMD Radeon R7 200 Series' (Feature Level 11_0)
[2017.04.30-05.01.23:918][  0]LogD3D11RHI:       2026/0/3807 MB DedicatedVideo/DedicatedSystem/SharedSystem, Outputs:2, VendorId:0x1002
[2017.04.30-05.01.23:918][  0]LogD3D11RHI: Chosen D3D11 Adapter: 0
[2017.04.30-05.01.23:922][  0]LogD3D11RHI: Creating new Direct3DDevice
[2017.04.30-05.01.23:922][  0]LogD3D11RHI:     GPU DeviceId: 0x683d (for the marketing name, search the web for "GPU Device Id")
[2017.04.30-05.01.23:922][  0]LogWindows: EnumDisplayDevices:
[2017.04.30-05.01.23:922][  0]LogWindows:    0. 'AMD Radeon R7 200 Series' (P:0 D:1)
[2017.04.30-05.01.23:922][  0]LogWindows:    1. 'AMD Radeon R7 200 Series' (P:1 D:1)
[2017.04.30-05.01.23:923][  0]LogWindows:    2. 'AMD Radeon R7 200 Series' (P:0 D:0)
[2017.04.30-05.01.23:923][  0]LogWindows:    3. 'AMD Radeon R7 200 Series' (P:0 D:0)
[2017.04.30-05.01.23:923][  0]LogWindows:    4. 'AMD Radeon R7 200 Series' (P:0 D:0)
[2017.04.30-05.01.23:923][  0]LogWindows:    5. 'AMD Radeon R7 200 Series' (P:0 D:0)
[2017.04.30-05.01.23:923][  0]LogWindows:    6. 'RDPDD Chained DD' (P:0 D:0)
[2017.04.30-05.01.23:924][  0]LogWindows:    7. 'RDP Encoder Mirror Driver' (P:0 D:0)
[2017.04.30-05.01.23:924][  0]LogWindows:    8. 'RDP Reflector Display Driver' (P:0 D:0)
[2017.04.30-05.01.23:924][  0]LogWindows: DebugString: GetVideoDriverDetailsInvalid PrimaryIsNotTheChoosenAdapter GetVideoDriverDetailsInvalid PrimaryIsNotTheChoosenAdapter GetVideoDriverDetailsInvalid PrimaryIsNotTheChoosenAdapter FoundDriverCount:6 
[2017.04.30-05.01.23:924][  0]LogD3D11RHI:     Adapter Name: AMD Radeon R7 200 Series
[2017.04.30-05.01.23:924][  0]LogD3D11RHI:   Driver Version: Crimson ReLive 17.2.1 (internal:21.19.519.2, unified:21.19.519.2)
[2017.04.30-05.01.23:924][  0]LogD3D11RHI:      Driver Date: 2-10-2017
[2017.04.30-05.01.23:924][  0]LogRHI: Texture pool is 1361 MB (70% of 1945 MB)
[2017.04.30-05.01.23:933][  0]LogD3D11RHI: Async texture creation enabled
[2017.04.30-05.01.23:941][  0]LogD3D11RHI: GPU Timing Frequency: 27.000000 (Debug: 2 1)
[2017.04.30-05.01.23:941][  0]LogShaderCompilers: Guid format shader working directory is 15 characters bigger than the processId version (../../../../../Zombie_TowerDefense/Intermediate/Shaders/WorkingDirectory/8244/).
[2017.04.30-05.01.23:941][  0]LogShaderCompilers: Cleaned the shader compiler working directory 'C:/Users/Jonathan/AppData/Local/Temp/UnrealShaderWorkingDir/0F0202E8412539A50E389AB11EAC96D8/'.
[2017.04.30-05.01.23:941][  0]LogShaderCompilers:Display: Using Local Shader Compiler.
[2017.04.30-05.01.25:060][  0]LogTemp:Display: Loaded TP WindowsClientTargetPlatform
[2017.04.30-05.01.25:101][  0]LogTemp:Display: Loaded TP WindowsNoEditorTargetPlatform
[2017.04.30-05.01.25:143][  0]LogTemp:Display: Loaded TP WindowsServerTargetPlatform
[2017.04.30-05.01.25:177][  0]LogTemp:Display: Loaded TP WindowsTargetPlatform
[2017.04.30-05.01.25:177][  0]LogTargetPlatformManager:Display: Building Assets For Windows
[2017.04.30-05.01.25:418][  0]LogDerivedDataCache:Display: Max Cache Size: 512 MB
[2017.04.30-05.01.25:467][  0]LogDerivedDataCache: Loaded boot cache 0.05s 50MB C:/Users/Jonathan/AppData/Local/UnrealEngine/4.14/DerivedDataCache/Boot.ddc.
[2017.04.30-05.01.25:467][  0]LogDerivedDataCache:Display: Loaded Boot cache: C:/Users/Jonathan/AppData/Local/UnrealEngine/4.14/DerivedDataCache/Boot.ddc
[2017.04.30-05.01.25:467][  0]LogDerivedDataCache: FDerivedDataBackendGraph:  Pak pak cache file ../../../../../Zombie_TowerDefense/DerivedDataCache/DDC.ddp not found, will not use a pak cache.
[2017.04.30-05.01.25:467][  0]LogDerivedDataCache: Unable to find inner node Pak for hierarchical cache Hierarchy.
[2017.04.30-05.01.25:467][  0]LogDerivedDataCache: FDerivedDataBackendGraph:  CompressedPak pak cache file ../../../../../Zombie_TowerDefense/DerivedDataCache/Compressed.ddp not found, will not use a pak cache.
[2017.04.30-05.01.25:467][  0]LogDerivedDataCache: Unable to find inner node CompressedPak for hierarchical cache Hierarchy.
[2017.04.30-05.01.25:485][  0]LogDerivedDataCache:Display: Pak cache opened for reading ../../../Engine/DerivedDataCache/Compressed.ddp.
[2017.04.30-05.01.25:496][  0]LogDerivedDataCache: Using Local data cache path C:/Users/Jonathan/AppData/Local/UnrealEngine/Common/DerivedDataCache: Writable
[2017.04.30-05.01.25:675][  0]LogAssetRegistry: FAssetRegistry took 0.0001 seconds to start up
[2017.04.30-05.01.25:682][  0]LogPackageLocalizationCache: Processed 3 localized package path(s) for 2 prioritized culture(s) in 0.006477 seconds
[2017.04.30-05.01.25:699][  0]LogInit: Selected Device Profile: [Windows]
[2017.04.30-05.01.25:702][  0]LogContentStreaming: Texture pool size is 1000.00 MB
[2017.04.30-05.01.25:874][  0]LogMeshUtilities: Using QuadricMeshReduction for automatic static mesh reduction
[2017.04.30-05.01.25:903][  0]LogSimplygon: Simplygon DLL not present - disabling.
[2017.04.30-05.01.25:935][  0]LogMeshUtilities: Using SimplygonSwarm for distributed automatic mesh merging
[2017.04.30-05.01.25:935][  0]LogMeshUtilities: No automatic skeletal mesh reduction module available
[2017.04.30-05.01.25:935][  0]LogMeshUtilities: No automatic mesh merging module available
[2017.04.30-05.01.26:364][  0]LogNetVersion: GetLocalNetworkVersion: CL: 3195953, ProjectName: zombie_tower_defense, ProjectVersion: , EngineNetworkVersion: 2, GameNetworkVersion: 0, NetworkChecksum: 2528811943
[2017.04.30-05.01.26:416][  0]LogInit: WinSock: version 1.1 (2.2), MaxSocks=32767, MaxUdp=65467
[2017.04.30-05.01.26:931][  0]LogSlate: Using Freetype 2.6.0
[2017.04.30-05.01.26:931][  0]LogSlate: SlateFontCache - WITH_FREETYPE: 1, WITH_HARFBUZZ: 1
[2017.04.30-05.01.26:931][  0]LogSlate: SlateFontCache - WITH_FREETYPE: 1, WITH_HARFBUZZ: 1
[2017.04.30-05.01.27:032][  0]LogMoviePlayer: Initializing movie player
[2017.04.30-05.01.27:141][  0]LogWindowsMoviePlayer: Unable to load movie: ../../../../../Zombie_TowerDefense/Content/Movies/Default_Startup.mp4
[2017.04.30-05.01.27:286][  0]LogTcpMessaging: Initializing TcpMessaging bridge
[2017.04.30-05.01.27:325][  0]LogUdpMessaging: Initializing bridge on interface 0.0.0.0:0 to multicast group 230.0.0.1:6666.
[2017.04.30-05.01.27:507][  0]SourceControl: Info Source control is disabled
[2017.04.30-05.01.27:507][  0]SourceControl: Info Source control is disabled
[2017.04.30-05.01.27:548][  0]SourceControl: Info Source control is disabled
[2017.04.30-05.01.28:126][  0]LogUObjectArray: 33496 objects as part of root set at end of initial load.
[2017.04.30-05.01.28:126][  0]LogUObjectAllocator: 7417784 out of 0 bytes used by permanent object pool.
[2017.04.30-05.01.28:126][  0]LogUObjectArray: CloseDisregardForGC: 0/0 objects in disregard for GC pool
[2017.04.30-05.01.28:233][  0]LogEngine: Initializing Engine...
[2017.04.30-05.01.28:234][  0]LogHMD: Failed to initialize OpenVR with code 110
[2017.04.30-05.01.28:496][  0]LogInit: XAudio2 using 'Speakers (Realtek High Definition Audio)' : 2 channels at 48 kHz using 32 bits per sample (channel mask 0x3)
[2017.04.30-05.01.28:511][  0]LogInit: FAudioDevice initialized.
[2017.04.30-05.01.28:527][  0]LogInit: Texture streaming: Enabled
[2017.04.30-05.01.28:541][  0]LogMaterial: Uniform references updated for custom material expression Custom.
[2017.04.30-05.01.28:838][  0]LogInit:Display: Game Engine Initialized.
[2017.04.30-05.01.28:936][  0]LogInit:Display: Starting Game.
[2017.04.30-05.01.28:936][  0]LogNet: Browse: /Temp/Autosaves/Game/ZTD_Blueprint/Maps/UEDPCMenu_Main?Name=Player
[2017.04.30-05.01.28:936][  0]LogLoad: LoadMap: /Temp/Autosaves/Game/ZTD_Blueprint/Maps/UEDPCMenu_Main?Name=Player
[2017.04.30-05.01.28:964][  0]LogMemory: Platform Memory Stats for Windows
[2017.04.30-05.01.28:964][  0]LogMemory: Process Physical Memory: 625.14 MB used, 649.41 MB peak
[2017.04.30-05.01.28:964][  0]LogMemory: Process Virtual Memory: 598.51 MB used, 632.41 MB peak
[2017.04.30-05.01.28:964][  0]LogMemory: Physical Memory: 7521.42 MB used,  605.73 MB free, 8127.16 MB total
[2017.04.30-05.01.28:964][  0]LogMemory: Virtual Memory: 1204.50 MB used,  605.73 MB free, 8388608.00 MB total
[2017.04.30-05.01.28:964][  0]LogMemory: 
[2017.04.30-05.01.28:964][  0]Allocator Stats for TBB: (not implemented)
[2017.04.30-05.01.29:907][  0]LogAIModule: Creating AISystem for world Menu_Main
[2017.04.30-05.01.29:907][  0]LogLoad: Game class is 'ZTD_MainMenu_Mode_C'
[2017.04.30-05.01.29:908][  0]LogWorld: Bringing World /Temp/Autosaves/Game/ZTD_Blueprint/Maps/UEDPCMenu_Main.Menu_Main up for play (max tick rate 0) at 2017.04.30-00.01.29
[2017.04.30-05.01.29:908][  0]LogWorld: Bringing up level for play took: 0.000549
[2017.04.30-05.01.29:909][  0]t.MaxFPS = "62"
[2017.04.30-05.01.29:910][  0]LogLoad: Took 0.974576 seconds to LoadMap(/Temp/Autosaves/Game/ZTD_Blueprint/Maps/UEDPCMenu_Main)
[2017.04.30-05.01.30:212][  0]LogLoad: (Engine Initialization) Total time: 8.84 seconds
[2017.04.30-05.01.30:212][  0]LogLoad: (Engine Initialization) Total Blueprint compile time: 0.46 seconds
[2017.04.30-05.01.30:212][  0]LogExternalProfiler: No external profilers were discovered.  External profiling features will not be available.
[2017.04.30-05.01.30:231][  0]LogOcInput: OculusInput pre-init called
[2017.04.30-05.01.30:363][  2]LogRenderer: Reallocating scene render targets to support 1280x720 NumSamples 1 (Frame:2).
[2017.04.30-05.01.32:466][105]LogPackageName: SearchForPackageOnDisk took   0.065s to resolve MapB.umap.
[2017.04.30-05.01.32:526][105]LogPackageName: SearchForPackageOnDisk took   0.059s to resolve MapB.umap.
[2017.04.30-05.01.32:526][105]LogNet: Browse: /Game/ZTD_Blueprint/Maps/MapB
[2017.04.30-05.01.32:526][105]LogLoad: LoadMap: /Game/ZTD_Blueprint/Maps/MapB
[2017.04.30-05.01.32:582][105]LogMemory: Platform Memory Stats for Windows
[2017.04.30-05.01.32:582][105]LogMemory: Process Physical Memory: 723.12 MB used, 725.66 MB peak
[2017.04.30-05.01.32:582][105]LogMemory: Process Virtual Memory: 681.24 MB used, 686.03 MB peak
[2017.04.30-05.01.32:582][105]LogMemory: Physical Memory: 7614.08 MB used,  513.07 MB free, 8127.16 MB total
[2017.04.30-05.01.32:582][105]LogMemory: Virtual Memory: 1290.33 MB used,  513.07 MB free, 8388608.00 MB total
[2017.04.30-05.01.32:582][105]LogMemory: 
[2017.04.30-05.01.32:582][105]Allocator Stats for TBB: (not implemented)
[2017.04.30-05.01.33:767][105]LogAIModule: Creating AISystem for world MapB
[2017.04.30-05.01.33:767][105]LogLoad: Game class is 'ZTD_GameMode_C'
[2017.04.30-05.01.33:813][105]LogWorld: Bringing World /Game/ZTD_Blueprint/Maps/MapB.MapB up for play (max tick rate 62) at 2017.04.30-00.01.33
[2017.04.30-05.01.33:814][105]LogWorld: Bringing up level for play took: 0.046340
[2017.04.30-05.01.33:820][105]LogLoad: Took 1.294496 seconds to LoadMap(/Game/ZTD_Blueprint/Maps/MapB)
[2017.04.30-05.01.33:866][106]LogCharacterMovement:Warning: GetSimulationTimeStep() - Max iterations 8 hit while remaining time 0.089333 > MaxSimulationTimeStep (0.050) for 'Player_Character_C_0', movement 'Walking'
[2017.04.30-05.01.42:630][213]LogConsoleManager:Warning: Setting the console variable 't.MaxFPS' with 'SetByGameSetting' was ignored as it is lower priority than the previous 'SetByConsole'
[2017.04.30-05.01.43:117][213]LogConsoleResponse:Display: 
[2017.04.30-05.01.43:117][213]LogScript:Warning: Accessed None trying to read property CallFunc_GetGameUserSettings_ReturnValue2
	OptionsMenu_C /Engine/Transient.GameEngine_0:ZTD_Instance_C_0.OptionsMenu_C_0
	Function /Game/ZTD_Blueprint/Blueprints/Menu/OptionsMenu.OptionsMenu_C:ExecuteUbergraph_OptionsMenu:0039
[2017.04.30-05.01.43:117][213]LogScript:Warning: Script call stack:
	Function /Game/ZTD_Blueprint/Blueprints/Menu/OptionsMenu.OptionsMenu_C:BndEvt__Button_542_K2Node_ComponentBoundEvent_597_OnButtonClickedEvent__DelegateSignature
	Function /Game/ZTD_Blueprint/Blueprints/Menu/OptionsMenu.OptionsMenu_C:ExecuteUbergraph_OptionsMenu

[2017.04.30-05.01.43:117][213]LogScript:Warning: Accessed None trying to read property CallFunc_GetGameUserSettings_ReturnValue
	OptionsMenu_C /Engine/Transient.GameEngine_0:ZTD_Instance_C_0.OptionsMenu_C_0
	Function /Game/ZTD_Blueprint/Blueprints/Menu/OptionsMenu.OptionsMenu_C:ExecuteUbergraph_OptionsMenu:005E
[2017.04.30-05.01.43:117][213]LogScript:Warning: Script call stack:
	Function /Game/ZTD_Blueprint/Blueprints/Menu/OptionsMenu.OptionsMenu_C:BndEvt__Button_542_K2Node_ComponentBoundEvent_597_OnButtonClickedEvent__DelegateSignature
	Function /Game/ZTD_Blueprint/Blueprints/Menu/OptionsMenu.OptionsMenu_C:ExecuteUbergraph_OptionsMenu

[2017.04.30-05.01.43:126][215]LogRenderer: Reallocating scene render targets to support 640x360 NumSamples 1 (Frame:217).
[2017.04.30-05.01.43:169][217]LogContentStreaming: Texture pool size now 400 MB
[2017.04.30-05.01.45:008][331]LogBlueprintUserMessages: [ZTD_GameMode_C_0] SpawningZombie
[2017.04.30-05.01.46:009][393]LogBlueprintUserMessages: [ZTD_GameMode_C_0] SpawningZombie
[2017.04.30-05.01.47:010][455]LogBlueprintUserMessages: [ZTD_GameMode_C_0] SpawningZombie
[2017.04.30-05.01.48:013][517]LogBlueprintUserMessages: [ZTD_GameMode_C_0] SpawningZombie
[2017.04.30-05.01.49:014][579]LogBlueprintUserMessages: [ZTD_GameMode_C_0] SpawningZombie
[2017.04.30-05.01.50:014][641]LogBlueprintUserMessages: [ZTD_GameMode_C_0] SpawningZombie
[2017.04.30-05.01.51:014][703]LogBlueprintUserMessages: [ZTD_GameMode_C_0] SpawningZombie
[2017.04.30-05.01.52:024][765]LogBlueprintUserMessages: [ZTD_GameMode_C_0] SpawningZombie
[2017.04.30-05.01.53:025][827]LogBlueprintUserMessages: [ZTD_GameMode_C_0] SpawningZombie
[2017.04.30-05.01.54:028][889]LogBlueprintUserMessages: [ZTD_GameMode_C_0] SpawningZombie
[2017.04.30-05.01.55:030][951]LogBlueprintUserMessages: [ZTD_GameMode_C_0] SpawningZombie
[2017.04.30-05.01.56:033][ 13]LogBlueprintUserMessages: [ZTD_GameMode_C_0] SpawningZombie
[2017.04.30-05.01.57:038][ 75]LogBlueprintUserMessages: [ZTD_GameMode_C_0] SpawningZombie
[2017.04.30-05.01.58:038][137]LogBlueprintUserMessages: [ZTD_GameMode_C_0] SpawningZombie
[2017.04.30-05.01.58:630][173]LogBlueprintUserMessages: [Ingame_UI_C_0] Tower Placement Enabled
[2017.04.30-05.01.59:053][197]LogBlueprintUserMessages: [ZTD_GameMode_C_0] SpawningZombie
[2017.04.30-05.01.59:407][219]LogBlueprintUserMessages: [Player_Controller_C_0] Machine Gun Tower Selected!
[2017.04.30-05.02.00:064][254]LogBlueprintUserMessages: [ZTD_GameMode_C_0] SpawningZombie
[2017.04.30-05.02.01:067][316]LogBlueprintUserMessages: [ZTD_GameMode_C_0] SpawningZombie
[2017.04.30-05.02.01:695][355]LogBlueprintUserMessages: [Ingame_UI_C_0] Shooting Enabled
[2017.04.30-05.02.02:068][378]LogBlueprintUserMessages: [ZTD_GameMode_C_0] SpawningZombie
[2017.04.30-05.02.02:492][403]LogBlueprintUserMessages: [Player_Controller_C_0] Pistol Selected!
[2017.04.30-05.02.03:075][439]LogBlueprintUserMessages: [ZTD_GameMode_C_0] SpawningZombie
[2017.04.30-05.02.04:075][501]LogBlueprintUserMessages: [ZTD_GameMode_C_0] SpawningZombie
[2017.04.30-05.02.05:076][563]LogBlueprintUserMessages: [ZTD_GameMode_C_0] SpawningZombie
[2017.04.30-05.02.06:077][625]LogBlueprintUserMessages: [ZTD_GameMode_C_0] SpawningZombie
[2017.04.30-05.02.07:082][687]LogBlueprintUserMessages: [ZTD_GameMode_C_0] SpawningZombie
[2017.04.30-05.02.08:082][749]LogBlueprintUserMessages: [ZTD_GameMode_C_0] SpawningZombie
[2017.04.30-05.02.08:420][770]LogBlueprintUserMessages: [Ingame_UI_C_0] Shooting Enabled
[2017.04.30-05.02.09:083][811]LogBlueprintUserMessages: [ZTD_GameMode_C_0] SpawningZombie
[2017.04.30-05.02.09:114][813]LogBlueprintUserMessages: [Ingame_UI_C_0] Tower Placement Enabled
[2017.04.30-05.02.10:001][868]LogBlueprintUserMessages: [Player_Controller_C_0] Sniper Tower Selected!
[2017.04.30-05.02.10:097][873]LogBlueprintUserMessages: [ZTD_GameMode_C_0] SpawningZombie
[2017.04.30-05.02.11:098][935]LogBlueprintUserMessages: [ZTD_GameMode_C_0] SpawningZombie
[2017.04.30-05.02.11:790][978]LogBlueprintUserMessages: [Ingame_UI_C_0] Tower Placement Enabled
[2017.04.30-05.02.12:099][997]LogBlueprintUserMessages: [ZTD_GameMode_C_0] SpawningZombie
[2017.04.30-05.02.12:371][ 14]LogBlueprintUserMessages: [Ingame_UI_C_0] Shooting Enabled
[2017.04.30-05.02.13:099][ 59]LogBlueprintUserMessages: [ZTD_GameMode_C_0] SpawningZombie
[2017.04.30-05.02.13:549][ 87]LogBlueprintUserMessages: [Ingame_UI_C_0] Tower Placement Enabled
[2017.04.30-05.02.14:100][121]LogBlueprintUserMessages: [ZTD_GameMode_C_0] SpawningZombie
[2017.04.30-05.02.15:039][179]LogBlueprintUserMessages: [Player_Controller_C_0] Grenade Launcher Tower Selected!
[2017.04.30-05.02.17:921][356]LogBlueprintUserMessages: [Ingame_UI_C_0] Tower Placement Enabled
[2017.04.30-05.02.18:340][382]LogBlueprintUserMessages: [Ingame_UI_C_0] Shooting Enabled
[2017.04.30-05.02.18:875][415]LogBlueprintUserMessages: [Player_Controller_C_0] Pistol Selected!
[2017.04.30-05.02.38:715][640]LogBlueprintUserMessages: [Ingame_UI_C_0] Tower Placement Enabled
[2017.04.30-05.02.38:813][646]LogCharacterMovement: Zombie_Character_C_6 is stuck and failed to move! Velocity: X=41.62 Y=-23.09 Z=0.00 Location: X=4322.97 Y=1578.92 Z=154.52 Normal: X=-0.95 Y=0.32 Z=-0.00 PenetrationDepth:4.672 Actor:Zombie_Character_C_5 Component:CharacterMesh0 BoneName:hand_r (0 other events since notify)
[2017.04.30-05.02.39:620][696]LogBlueprintUserMessages: [Player_Controller_C_0] Sniper Tower Selected!
[2017.04.30-05.02.40:344][740]LogCharacterMovement: Zombie_Character_C_6 is stuck and failed to move! Velocity: X=33.82 Y=-26.61 Z=0.00 Location: X=4373.90 Y=1530.67 Z=154.61 Normal: X=0.39 Y=0.92 Z=0.00 PenetrationDepth:18.008 Actor:Zombie_Character_C_10 Component:CharacterMesh0 BoneName:hand_r (15 other events since notify)
[2017.04.30-05.02.40:457][747]LogCharacterMovement: Zombie_Character_C_3 is stuck and failed to move! Velocity: X=21.61 Y=-24.98 Z=0.00 Location: X=4393.90 Y=1465.59 Z=153.73 Normal: X=0.04 Y=1.00 Z=-0.00 PenetrationDepth:18.172 Actor:Zombie_Character_C_8 Component:CharacterMesh0 BoneName:hand_r (0 other events since notify)
[2017.04.30-05.02.43:336][925]LogBlueprintUserMessages: [Player_Controller_C_0] Flame Thrower Tower Selected!
[2017.04.30-05.02.45:435][ 54]LogCharacterMovement: Zombie_Character_C_12 is stuck and failed to move! Velocity: X=47.86 Y=-45.54 Z=0.00 Location: X=4332.96 Y=1510.12 Z=153.95 Normal: X=-0.52 Y=0.86 Z=0.00 PenetrationDepth:1.559 Actor:Zombie_Character_C_10 Component:CharacterMesh0 BoneName:lowerarm_r (0 other events since notify)
[2017.04.30-05.02.45:580][ 63]LogCharacterMovement: Zombie_Character_C_16 is stuck and failed to move! Velocity: X=96.33 Y=-146.10 Z=0.00 Location: X=4335.15 Y=1579.22 Z=154.55 Normal: X=-0.49 Y=0.87 Z=0.00 PenetrationDepth:0.821 Actor:Zombie_Character_C_12 Component:CharacterMesh0 BoneName:calf_r (0 other events since notify)
[2017.04.30-05.02.47:761][198]LogBlueprintUserMessages: [Player_Controller_C_0] Grenade Launcher Tower Selected!
[2017.04.30-05.02.50:730][381]LogBlueprintUserMessages: [Player_Controller_C_0] Sniper Tower Selected!
[2017.04.30-05.02.51:842][449]LogCharacterMovement: Zombie_Character_C_12 is stuck and failed to move! Velocity: X=32.97 Y=1.96 Z=0.00 Location: X=4332.54 Y=1512.30 Z=153.95 Normal: X=-0.52 Y=0.85 Z=0.00 PenetrationDepth:2.574 Actor:Zombie_Character_C_10 Component:CharacterMesh0 BoneName:lowerarm_r (3 other events since notify)
[2017.04.30-05.02.51:875][451]LogCharacterMovement: Zombie_Character_C_18 is stuck and failed to move! Velocity: X=21.03 Y=-25.48 Z=0.00 Location: X=4298.23 Y=1586.20 Z=154.31 Normal: X=0.49 Y=0.87 Z=0.00 PenetrationDepth:23.370 Actor:Zombie_Character_C_21 Component:CharacterMesh0 BoneName:lowerarm_r (0 other events since notify)
[2017.04.30-05.02.52:051][462]LogCharacterMovement: Zombie_Character_C_10 is stuck and failed to move! Velocity: X=31.08 Y=-11.19 Z=0.00 Location: X=4334.13 Y=1432.99 Z=152.00 Normal: X=-0.83 Y=0.50 Z=0.26 PenetrationDepth:0.003 Actor:Zombie_Character_C_8 Component:CharacterMesh0 BoneName:calf_r (0 other events since notify)
[2017.04.30-05.02.52:455][486]LogCharacterMovement: Zombie_Character_C_5 is stuck and failed to move! Velocity: X=-5.56 Y=-32.56 Z=0.00 Location: X=4478.23 Y=1482.57 Z=155.23 Normal: X=0.97 Y=-0.23 Z=0.00 PenetrationDepth:0.043 Actor:Zombie_Character_C_3 Component:CharacterMesh0 BoneName:lowerarm_r (0 other events since notify)
[2017.04.30-05.02.52:715][502]LogCharacterMovement: Zombie_Character_C_16 is stuck and failed to move! Velocity: X=15.99 Y=-68.20 Z=0.00 Location: X=4425.74 Y=1597.49 Z=156.29 Normal: X=-0.08 Y=0.96 Z=0.25 PenetrationDepth:0.625 Actor:Zombie_Character_C_6 Component:CharacterMesh0 BoneName:calf_r (11 other events since notify)
[2017.04.30-05.02.52:731][503]LogCharacterMovement: Zombie_Character_C_9 is stuck and failed to move! Velocity: X=-5.43 Y=-32.58 Z=0.00 Location: X=4489.04 Y=1549.89 Z=155.87 Normal: X=-0.63 Y=0.78 Z=0.00 PenetrationDepth:1.611 Actor:Zombie_Character_C_5 Component:CharacterMesh0 BoneName:calf_l (0 other events since notify)
[2017.04.30-05.02.52:893][513]LogCharacterMovement: Zombie_Character_C_6 is stuck and failed to move! Velocity: X=13.15 Y=-30.30 Z=0.00 Location: X=4398.32 Y=1533.51 Z=155.15 Normal: X=0.80 Y=-0.31 Z=-0.52 PenetrationDepth:15.660 Actor:Zombie_Character_C_12 Component:CharacterMesh0 BoneName:hand_r (2 other events since notify)
[2017.04.30-05.02.53:021][521]LogBlueprintUserMessages: [Player_Controller_C_0] Sniper Tower Selected!
[2017.04.30-05.02.53:401][544]LogCharacterMovement: Zombie_Character_C_10 is stuck and failed to move! Velocity: X=31.07 Y=-11.21 Z=0.00 Location: X=4334.19 Y=1433.08 Z=152.05 Normal: X=0.44 Y=-0.90 Z=-0.00 PenetrationDepth:8.515 Actor:Zombie_Character_C_17 Component:CharacterMesh0 BoneName:hand_l (9 other events since notify)
[2017.04.30-05.02.53:466][548]LogCharacterMovement: Zombie_Character_C_5 is stuck and failed to move! Velocity: X=-11.40 Y=-65.08 Z=0.00 Location: X=4478.74 Y=1483.15 Z=155.23 Normal: X=0.98 Y=-0.19 Z=0.00 PenetrationDepth:1.190 Actor:Zombie_Character_C_3 Component:CharacterMesh0 BoneName:lowerarm_r (57 other events since notify)
[2017.04.30-05.02.53:708][563]LogCharacterMovement: Zombie_Character_C_18 is stuck and failed to move! Velocity: X=25.23 Y=-61.06 Z=0.00 Location: X=4372.75 Y=1602.75 Z=155.27 Normal: X=0.84 Y=0.55 Z=0.00 PenetrationDepth:6.529 Actor:Zombie_Character_C_25 Component:CharacterMesh0 BoneName:hand_r (5 other events since notify)
[2017.04.30-05.02.53:789][568]LogCharacterMovement: Zombie_Character_C_17 is stuck and failed to move! Velocity: X=33.01 Y=1.33 Z=0.00 Location: X=4341.79 Y=1515.15 Z=154.18 Normal: X=-0.24 Y=-0.97 Z=0.00 PenetrationDepth:18.110 Actor:Zombie_Character_C_25 Component:CharacterMesh0 BoneName:hand_r (0 other events since notify)
[2017.04.30-05.02.53:870][573]LogCharacterMovement: Zombie_Character_C_16 is stuck and failed to move! Velocity: X=3.35 Y=-32.91 Z=0.00 Location: X=4440.56 Y=1596.76 Z=158.15 Normal: X=-0.12 Y=0.70 Z=0.71 PenetrationDepth:0.760 Actor:Zombie_Character_C_6 Component:CharacterMesh0 BoneName:foot_r (5 other events since notify)
[2017.04.30-05.02.54:080][586]LogCharacterMovement: Zombie_Character_C_25 is stuck and failed to move! Velocity: X=25.46 Y=-24.51 Z=0.00 Location: X=4310.73 Y=1576.14 Z=154.17 Normal: X=-0.68 Y=0.65 Z=0.34 PenetrationDepth:0.812 Actor:Zombie_Character_C_17 Component:CharacterMesh0 BoneName:foot_r (0 other events since notify)
[2017.04.30-05.02.54:323][601]LogCharacterMovement: Zombie_Character_C_6 is stuck and failed to move! Velocity: X=11.01 Y=-31.15 Z=0.00 Location: X=4408.64 Y=1537.73 Z=154.59 Normal: X=-0.29 Y=-0.96 Z=-0.00 PenetrationDepth:1.688 Actor:Zombie_Character_C_16 Component:CharacterMesh0 BoneName:hand_l (4 other events since notify)
[2017.04.30-05.02.54:547][615]LogBlueprintUserMessages: [Player_Controller_C_0] Flame Thrower Tower Selected!
[2017.04.30-05.02.54:674][622]LogCharacterMovement: Zombie_Character_C_5 is stuck and failed to move! Velocity: X=-5.85 Y=-34.01 Z=0.00 Location: X=4481.65 Y=1483.31 Z=153.42 Normal: X=0.86 Y=0.16 Z=-0.48 PenetrationDepth:6.494 Actor:Zombie_Character_C_6 Component:CharacterMesh0 BoneName:hand_r (45 other events since notify)
[2017.04.30-05.02.54:868][634]LogCharacterMovement: Zombie_Character_C_18 is stuck and failed to move! Velocity: X=10.92 Y=-31.20 Z=0.00 Location: X=4389.53 Y=1596.15 Z=155.46 Normal: X=-0.55 Y=-0.84 Z=0.00 PenetrationDepth:0.610 Actor:Zombie_Character_C_22 Component:CharacterMesh0 BoneName:hand_l (13 other events since notify)
[2017.04.30-05.02.55:066][646]LogCharacterMovement: Zombie_Character_C_16 is stuck and failed to move! Velocity: X=-22.93 Y=-173.49 Z=0.00 Location: X=4485.39 Y=1551.74 Z=156.11 Normal: X=0.47 Y=0.56 Z=-0.68 PenetrationDepth:0.624 Actor:Zombie_Character_C_6 Component:CharacterMesh0 BoneName:lowerarm_r (28 other events since notify)
[2017.04.30-05.02.55:856][695]LogCharacterMovement: Zombie_Character_C_5 is stuck and failed to move! Velocity: X=-6.24 Y=-32.60 Z=0.00 Location: X=4480.80 Y=1485.67 Z=155.21 Normal: X=0.09 Y=1.00 Z=0.00 PenetrationDepth:0.116 Actor:Zombie_Character_C_0 Component:CharacterMesh0 BoneName:lowerarm_r (20 other events since notify)
[2017.04.30-05.02.55:986][703]LogCharacterMovement: Zombie_Character_C_18 is stuck and failed to move! Velocity: X=18.33 Y=-64.29 Z=0.00 Location: X=4396.35 Y=1598.09 Z=153.50 Normal: X=0.33 Y=0.83 Z=-0.44 PenetrationDepth:2.171 Actor:Zombie_Character_C_17 Component:CharacterMesh0 BoneName:lowerarm_r (4 other events since notify)
[2017.04.30-05.02.56:113][711]LogBlueprintUserMessages: [Player_Controller_C_0] Machine Gun Tower Selected!
[2017.04.30-05.02.56:961][763]LogCharacterMovement: Zombie_Character_C_6 is stuck and failed to move! Velocity: X=9.10 Y=-31.75 Z=0.00 Location: X=4420.39 Y=1531.81 Z=182.63 Normal: X=-0.35 Y=0.94 Z=0.00 PenetrationDepth:3.386 Actor:Zombie_Character_C_3 Component:CharacterMesh0 BoneName:lowerarm_r (2 other events since notify)
[2017.04.30-05.02.57:495][796]LogBlueprintUserMessages: [Ingame_UI_C_0] Shooting Enabled
[2017.04.30-05.02.57:723][810]LogCharacterMovement: Zombie_Character_C_5 is stuck and failed to move! Velocity: X=-6.10 Y=-34.26 Z=0.00 Location: X=4478.93 Y=1482.56 Z=155.26 Normal: X=0.97 Y=-0.23 Z=0.00 PenetrationDepth:0.038 Actor:Zombie_Character_C_3 Component:CharacterMesh0 BoneName:lowerarm_r (1 other events since notify)
[2017.04.30-05.02.58:028][829]LogBlueprintUserMessages: [Player_Controller_C_0] Pistol Selected!
[2017.04.30-05.02.58:802][877]LogBlueprintUserMessages: [Player_Controller_C_0] Assault Rifle Selected!
[2017.04.30-05.02.59:869][943]LogCharacterMovement: Zombie_Character_C_6 is stuck and failed to move! Velocity: X=9.06 Y=-31.77 Z=0.00 Location: X=4419.92 Y=1534.19 Z=182.63 Normal: X=-0.35 Y=0.94 Z=0.00 PenetrationDepth:1.159 Actor:Zombie_Character_C_3 Component:CharacterMesh0 BoneName:lowerarm_r (54 other events since notify)
[2017.04.30-05.02.59:918][946]LogCharacterMovement: Zombie_Character_C_26 is stuck and failed to move! Velocity: X=13.58 Y=-67.73 Z=0.00 Location: X=4305.52 Y=1575.01 Z=155.50 Normal: X=0.40 Y=0.81 Z=0.43 PenetrationDepth:0.000 Actor:Zombie_Character_C_21 Component:CharacterMesh0 BoneName:foot_r (0 other events since notify)
[2017.04.30-05.03.00:774][999]LogCharacterMovement: Zombie_Character_C_21 is stuck and failed to move! Velocity: X=75.58 Y=-59.69 Z=0.00 Location: X=4303.98 Y=1486.29 Z=152.19 Normal: X=-0.58 Y=0.77 Z=0.27 PenetrationDepth:0.462 Actor:Zombie_Character_C_10 Component:CharacterMesh0 BoneName:calf_r (0 other events since notify)
[2017.04.30-05.03.00:806][  1]LogCharacterMovement: Zombie_Character_C_5 is stuck and failed to move! Velocity: X=-6.37 Y=-32.41 Z=0.00 Location: X=4481.09 Y=1484.57 Z=155.26 Normal: X=0.99 Y=-0.16 Z=0.00 PenetrationDepth:0.008 Actor:Zombie_Character_C_3 Component:CharacterMesh0 BoneName:lowerarm_r (14 other events since notify)
[2017.04.30-05.03.02:811][125]LogCharacterMovement: Zombie_Character_C_5 is stuck and failed to move! Velocity: X=-11.56 Y=-31.65 Z=0.00 Location: X=4502.35 Y=1475.20 Z=155.02 Normal: X=0.44 Y=0.90 Z=0.00 PenetrationDepth:0.028 Actor:Zombie_Character_C_0 Component:CharacterMesh0 BoneName:lowerarm_r (29 other events since notify)
[2017.04.30-05.03.04:186][210]LogCharacterMovement: Zombie_Character_C_5 is stuck and failed to move! Velocity: X=-17.75 Y=-30.99 Z=0.00 Location: X=4514.72 Y=1466.41 Z=196.10 Normal: X=0.93 Y=-0.38 Z=-0.00 PenetrationDepth:2.314 Actor:Zombie_Character_C_3 Component:CharacterMesh0 BoneName:hand_r (12 other events since notify)
[2017.04.30-05.03.04:862][252]LogCharacterMovement: Zombie_Character_C_16 is stuck and failed to move! Velocity: X=-65.74 Y=6.47 Z=0.00 Location: X=4563.04 Y=1375.16 Z=151.20 Normal: X=0.53 Y=-0.84 Z=-0.09 PenetrationDepth:0.407 Actor:Zombie_Character_C_5 Component:CharacterMesh0 BoneName:spine_02 (1 other events since notify)
[2017.04.30-05.03.05:346][282]LogCharacterMovement: Zombie_Character_C_5 is stuck and failed to move! Velocity: X=-27.04 Y=-18.98 Z=0.00 Location: X=4528.66 Y=1433.87 Z=152.96 Normal: X=0.42 Y=-0.53 Z=0.73 PenetrationDepth:4.647 Actor:Zombie_Character_C_3 Component:CharacterMesh0 BoneName:ball_r (12 other events since notify)
[2017.04.30-05.03.05:896][316]LogCharacterMovement: Zombie_Character_C_3 is stuck and failed to move! Velocity: X=-17.99 Y=-69.20 Z=0.00 Location: X=4475.46 Y=1483.85 Z=155.28 Normal: X=0.95 Y=-0.33 Z=0.00 PenetrationDepth:0.965 Actor:Zombie_Character_C_25 Component:CharacterMesh0 BoneName:lowerarm_r (0 other events since notify)
[2017.04.30-05.03.05:928][318]LogCharacterMovement: Zombie_Character_C_16 is stuck and failed to move! Velocity: X=-32.81 Y=3.85 Z=0.00 Location: X=4563.00 Y=1375.12 Z=151.20 Normal: X=0.49 Y=-0.84 Z=-0.22 PenetrationDepth:9.510 Actor:Zombie_Character_C_5 Component:CharacterMesh0 BoneName:spine_02 (29 other events since notify)
[2017.04.30-05.03.06:446][350]LogCharacterMovement: Zombie_Character_C_5 is stuck and failed to move! Velocity: X=-44.05 Y=-50.96 Z=0.00 Location: X=4517.25 Y=1448.72 Z=152.39 Normal: X=0.84 Y=0.54 Z=-0.05 PenetrationDepth:7.530 Actor:Zombie_Character_C_0 Component:CharacterMesh0 BoneName:lowerarm_r (4 other events since notify)
[2017.04.30-05.03.06:494][353]LogCharacterMovement: Zombie_Character_C_22 is stuck and failed to move! Velocity: X=-69.66 Y=-17.76 Z=0.00 Location: X=4599.38 Y=1440.76 Z=153.25 Normal: X=0.92 Y=0.39 Z=-0.00 PenetrationDepth:1.618 Actor:Zombie_Character_C_5 Component:CharacterMesh0 BoneName:hand_r (0 other events since notify)
[2017.04.30-05.03.08:773][494]LogLongPackageNames:Warning: URL: Main menu: Name may not contain the following characters:  
[2017.04.30-05.03.08:788][495]LogLongPackageNames:Warning: URL: Main menu: Name may not contain the following characters:  
[2017.04.30-05.03.08:788][495]LogNet: Browse: /Game/ZTD_Blueprint/Maps/Menu_Main
[2017.04.30-05.03.08:788][495]LogNet:Warning: Travel Failure: [InvalidURL]: Invalid URL: /Game/ZTD_Blueprint/Maps/Menu_Main
[2017.04.30-05.03.08:788][495]LogNet: TravelFailure: InvalidURL, Reason for Failure: 'Invalid URL: /Game/ZTD_Blueprint/Maps/Menu_Main'
[2017.04.30-05.03.08:788][495]LogNet:Warning: Travel Failure: [ClientTravelFailure]: Invalid URL: /Game/ZTD_Blueprint/Maps/Menu_Main
[2017.04.30-05.03.08:788][495]LogNet: TravelFailure: ClientTravelFailure, Reason for Failure: 'Invalid URL: /Game/ZTD_Blueprint/Maps/Menu_Main'
[2017.04.30-05.03.08:804][496]LogNet: Browse: /Game/ZTD_Blueprint/Maps/Menu_Main?closed
[2017.04.30-05.03.08:804][496]LogNet: Failed; returning to Entry
[2017.04.30-05.03.08:858][496]LogLoad: LoadMap: /Game/ZTD_Blueprint/Maps/Menu_Main?closed
[2017.04.30-05.03.08:920][496]LogMemory: Platform Memory Stats for Windows
[2017.04.30-05.03.08:920][496]LogMemory: Process Physical Memory: 834.96 MB used, 862.02 MB peak
[2017.04.30-05.03.08:920][496]LogMemory: Process Virtual Memory: 778.02 MB used, 818.85 MB peak
[2017.04.30-05.03.08:920][496]LogMemory: Physical Memory: 7697.22 MB used,  429.93 MB free, 8127.16 MB total
[2017.04.30-05.03.08:920][496]LogMemory: Virtual Memory: 1389.20 MB used,  429.93 MB free, 8388608.00 MB total
[2017.04.30-05.03.08:920][496]LogMemory: 
[2017.04.30-05.03.08:920][496]Allocator Stats for TBB: (not implemented)
[2017.04.30-05.03.09:786][496]LogAIModule: Creating AISystem for world Menu_Main
[2017.04.30-05.03.09:786][496]LogLoad: Game class is 'ZTD_MainMenu_Mode_C'
[2017.04.30-05.03.09:787][496]LogWorld: Bringing World /Game/ZTD_Blueprint/Maps/Menu_Main.Menu_Main up for play (max tick rate 62) at 2017.04.30-00.03.09
[2017.04.30-05.03.09:788][496]LogWorld: Bringing up level for play took: 0.000513
[2017.04.30-05.03.09:788][496]LogGameMode: Warning - PATHS NOT DEFINED or NO PLAYERSTART with positive rating
[2017.04.30-05.03.09:788][496]t.MaxFPS = "62"
[2017.04.30-05.03.09:789][496]LogLoad: Took 0.930920 seconds to LoadMap(/Game/ZTD_Blueprint/Maps/Menu_Main)
[2017.04.30-05.03.10:809][558]Closing by request
[2017.04.30-05.03.10:809][558]LogWindows: FPlatformMisc::RequestExit(0)
[2017.04.30-05.03.10:810][559]LogMoviePlayer: Shutting down movie player
[2017.04.30-05.03.11:272][559]LogWindowsTextInputMethodSystem:Display: IME system now deactivated.
[2017.04.30-05.03.11:274][559]LogWindowsTextInputMethodSystem:Display: IME system now deactivated.
[2017.04.30-05.03.11:289][559]LogExit: Preparing to exit.
[2017.04.30-05.03.12:385][559]LogExit: Game engine shut down
[2017.04.30-05.03.12:441][559]LogObj: Freed 0b from 0 cluster array pools.
[2017.04.30-05.03.12:441][559]LogExit: Object subsystem successfully closed.
[2017.04.30-05.03.12:450][559]LogD3D11RHI: Shutdown
[2017.04.30-05.03.12:450][559]LogD3D11RHI: CleanupD3DDevice
[2017.04.30-05.03.12:476][559]LogD3D11RHI: ~FD3D11DynamicRHI
[2017.04.30-05.03.12:509][559]LogModuleManager: Shutting down and abandoning module SequenceRecorderSections (125)
[2017.04.30-05.03.12:509][559]LogModuleManager: Shutting down and abandoning module SequenceRecorder (124)
[2017.04.30-05.03.12:509][559]LogModuleManager: Shutting down and abandoning module AutomationController (123)
[2017.04.30-05.03.12:509][559]LogModuleManager: Shutting down and abandoning module AutomationWorker (122)
[2017.04.30-05.03.12:509][559]LogModuleManager: Shutting down and abandoning module GameplayDebugger (121)
[2017.04.30-05.03.12:509][559]LogModuleManager: Shutting down and abandoning module AITestSuite (120)
[2017.04.30-05.03.12:509][559]LogModuleManager: Shutting down and abandoning module AIModule (119)
[2017.04.30-05.03.12:509][559]LogModuleManager: Shutting down and abandoning module WmfMediaFactory (118)
[2017.04.30-05.03.12:509][559]LogModuleManager: Shutting down and abandoning module AvfMediaFactory (117)
[2017.04.30-05.03.12:509][559]LogModuleManager: Shutting down and abandoning module Media (116)
[2017.04.30-05.03.12:509][559]LogModuleManager: Shutting down and abandoning module AndroidMediaFactory (115)
[2017.04.30-05.03.12:509][559]LogModuleManager: Shutting down and abandoning module CharacterAI (114)
[2017.04.30-05.03.12:509][559]LogModuleManager: Shutting down and abandoning module SessionServices (113)
[2017.04.30-05.03.12:509][559]LogModuleManager: Shutting down and abandoning module MovieSceneCapture (112)
[2017.04.30-05.03.12:509][559]LogModuleManager: Shutting down and abandoning module GeometryCacheEd (111)
[2017.04.30-05.03.12:509][559]LogModuleManager: Shutting down and abandoning module GeometryCache (110)
[2017.04.30-05.03.12:509][559]LogModuleManager: Shutting down and abandoning module Niagara (109)
[2017.04.30-05.03.12:509][559]LogModuleManager: Shutting down and abandoning module StreamingPauseRendering (108)
[2017.04.30-05.03.12:509][559]LogModuleManager: Shutting down and abandoning module PortalServices (107)
[2017.04.30-05.03.12:509][559]LogModuleManager: Shutting down and abandoning module PortalRpc (106)
[2017.04.30-05.03.12:509][559]LogModuleManager: Shutting down and abandoning module MessagingRpc (105)
[2017.04.30-05.03.12:509][559]LogModuleManager: Shutting down and abandoning module ProfilerService (104)
[2017.04.30-05.03.12:541][559]LogModuleManager: Shutting down and abandoning module TaskGraph (103)
[2017.04.30-05.03.12:541][559]LogModuleManager: Shutting down and abandoning module SlateRemote (102)
[2017.04.30-05.03.12:541][559]LogModuleManager: Shutting down and abandoning module SteamVRController (101)
[2017.04.30-05.03.12:541][559]LogModuleManager: Shutting down and abandoning module SteamVR (100)
[2017.04.30-05.03.12:541][559]LogModuleManager: Shutting down and abandoning module ProceduralMeshComponent (99)
[2017.04.30-05.03.12:541][559]LogModuleManager: Shutting down and abandoning module OculusLibrary (98)
[2017.04.30-05.03.12:541][559]LogModuleManager: Shutting down and abandoning module OculusInput (97)
[2017.04.30-05.03.12:541][559]LogModuleManager: Shutting down and abandoning module MobilePatchingUtils (96)
[2017.04.30-05.03.12:541][559]LogModuleManager: Shutting down and abandoning module CustomMeshComponent (95)
[2017.04.30-05.03.12:541][559]LogModuleManager: Shutting down and abandoning module CableComponent (94)
[2017.04.30-05.03.12:541][559]LogModuleManager: Shutting down and abandoning module ArchVisCharacter (93)
[2017.04.30-05.03.12:541][559]LogModuleManager: Shutting down and abandoning module HTML5Networking (91)
[2017.04.30-05.03.12:541][559]LogModuleManager: Shutting down and abandoning module DesktopPlatform (90)
[2017.04.30-05.03.12:541][559]LogModuleManager: Shutting down and abandoning module DirectoryWatcher (89)
[2017.04.30-05.03.12:541][559]LogModuleManager: Shutting down and abandoning module HotReload (88)
[2017.04.30-05.03.12:541][559]LogModuleManager: Shutting down and abandoning module VisualStudioSourceCodeAccess (87)
[2017.04.30-05.03.12:541][559]LogModuleManager: Shutting down and abandoning module UObjectPlugin (86)
[2017.04.30-05.03.12:541][559]LogModuleManager: Shutting down and abandoning module SubversionSourceControl (85)
[2017.04.30-05.03.12:541][559]LogModuleManager: Shutting down and abandoning module SourceControl (84)
[2017.04.30-05.03.12:541][559]LogModuleManager: Shutting down and abandoning module PerforceSourceControl (83)
[2017.04.30-05.03.12:541][559]LogModuleManager: Shutting down and abandoning module UdpMessaging (82)
[2017.04.30-05.03.12:641][559]LogModuleManager: Shutting down and abandoning module TcpMessaging (81)
[2017.04.30-05.03.12:741][559]LogModuleManager: Shutting down and abandoning module LightPropagationVolumeRuntime (80)
[2017.04.30-05.03.12:741][559]LogModuleManager: Shutting down and abandoning module Paper2D (79)
[2017.04.30-05.03.12:741][559]LogModuleManager: Shutting down and abandoning module WindowsMoviePlayer (78)
[2017.04.30-05.03.12:741][559]LogModuleManager: Shutting down and abandoning module WmfMedia (77)
[2017.04.30-05.03.12:741][559]LogModuleManager: Shutting down and abandoning module MediaAssets (76)
[2017.04.30-05.03.12:741][559]LogModuleManager: Shutting down and abandoning module GameLiveStreaming (75)
[2017.04.30-05.03.12:741][559]LogModuleManager: Shutting down and abandoning module GameplayTagsEditor (74)
[2017.04.30-05.03.12:741][559]LogModuleManager: Shutting down and abandoning module VREditor (73)
[2017.04.30-05.03.12:741][559]LogModuleManager: Shutting down and abandoning module GameplayTasksEditor (72)
[2017.04.30-05.03.12:741][559]LogModuleManager: Shutting down and abandoning module BehaviorTreeEditor (71)
[2017.04.30-05.03.12:741][559]LogModuleManager: Shutting down and abandoning module FunctionalTesting (70)
[2017.04.30-05.03.12:741][559]LogModuleManager: Shutting down and abandoning module CollisionAnalyzer (69)
[2017.04.30-05.03.12:741][559]LogModuleManager: Shutting down and abandoning module Sequencer (68)
[2017.04.30-05.03.12:741][559]LogModuleManager: Shutting down and abandoning module WorkspaceMenuStructure (67)
[2017.04.30-05.03.12:741][559]LogModuleManager: Shutting down and abandoning module MessageLog (66)
[2017.04.30-05.03.12:741][559]LogModuleManager: Shutting down and abandoning module AssetTools (65)
[2017.04.30-05.03.12:741][559]LogModuleManager: Shutting down and abandoning module UMGEditor (64)
[2017.04.30-05.03.12:741][559]LogModuleManager: Shutting down and abandoning module UMG (63)
[2017.04.30-05.03.12:741][559]LogModuleManager: Shutting down and abandoning module SlateReflector (62)
[2017.04.30-05.03.12:741][559]LogModuleManager: Shutting down and abandoning module Slate (61)
[2017.04.30-05.03.12:741][559]LogModuleManager: Shutting down and abandoning module EditorStyle (60)
[2017.04.30-05.03.12:743][559]LogModuleManager: Shutting down and abandoning module Messaging (59)
[2017.04.30-05.03.12:743][559]LogModuleManager: Shutting down and abandoning module SourceCodeAccess (58)
[2017.04.30-05.03.12:743][559]LogModuleManager: Shutting down and abandoning module HeadMountedDisplay (57)
[2017.04.30-05.03.12:743][559]LogModuleManager: Shutting down and abandoning module XAudio2 (56)
[2017.04.30-05.03.12:743][559]LogModuleManager: Shutting down and abandoning module Networking (54)
[2017.04.30-05.03.12:743][559]LogModuleManager: Shutting down and abandoning module Core (53)
[2017.04.30-05.03.12:743][559]LogModuleManager: Shutting down and abandoning module KismetCompiler (52)
[2017.04.30-05.03.12:743][559]LogModuleManager: Shutting down and abandoning module PhysXFormats (51)
[2017.04.30-05.03.12:743][559]LogModuleManager: Shutting down and abandoning module SimplygonSwarm (50)
[2017.04.30-05.03.12:743][559]LogModuleManager: Shutting down and abandoning module SimplygonMeshReduction (49)
[2017.04.30-05.03.12:743][559]LogModuleManager: Shutting down and abandoning module QuadricMeshReduction (48)
[2017.04.30-05.03.12:743][559]LogModuleManager: Shutting down and abandoning module PropertyEditor (47)
[2017.04.30-05.03.12:743][559]LogModuleManager: Shutting down and abandoning module MeshUtilities (46)
[2017.04.30-05.03.12:743][559]LogModuleManager: Shutting down and abandoning module AssetRegistry (45)
[2017.04.30-05.03.12:743][559]LogModuleManager: Shutting down and abandoning module DerivedDataCache (44)
[2017.04.30-05.03.13:114][559]LogDerivedDataCache: Shutdown
[2017.04.30-05.03.13:114][559]LogModuleManager: Shutting down and abandoning module VulkanShaderFormat (43)
[2017.04.30-05.03.13:114][559]LogModuleManager: Shutting down and abandoning module ShaderFormatOpenGL (42)
[2017.04.30-05.03.13:114][559]LogModuleManager: Shutting down and abandoning module ShaderFormatD3D (41)
[2017.04.30-05.03.13:114][559]LogModuleManager: Shutting down and abandoning module MetalShaderFormat (40)
[2017.04.30-05.03.13:114][559]LogModuleManager: Shutting down and abandoning module TextureFormatUncompressed (39)
[2017.04.30-05.03.13:114][559]LogModuleManager: Shutting down and abandoning module TextureFormatPVR (38)
[2017.04.30-05.03.13:115][559]LogModuleManager: Shutting down and abandoning module TextureFormatDXT (37)
[2017.04.30-05.03.13:115][559]LogModuleManager: Shutting down and abandoning module TextureFormatIntelISPCTexComp (36)
[2017.04.30-05.03.13:115][559]LogModuleManager: Shutting down and abandoning module ImageWrapper (35)
[2017.04.30-05.03.13:115][559]LogModuleManager: Shutting down and abandoning module TextureFormatASTC (34)
[2017.04.30-05.03.13:115][559]LogModuleManager: Shutting down and abandoning module TextureFormatAndroid (33)
[2017.04.30-05.03.13:115][559]LogModuleManager: Shutting down and abandoning module AudioFormatOpus (32)
[2017.04.30-05.03.13:115][559]LogModuleManager: Shutting down and abandoning module AudioFormatOgg (31)
[2017.04.30-05.03.13:115][559]LogModuleManager: Shutting down and abandoning module AudioFormatADPCM (30)
[2017.04.30-05.03.13:115][559]LogModuleManager: Shutting down and abandoning module WindowsTargetPlatform (29)
[2017.04.30-05.03.13:115][559]LogModuleManager: Shutting down and abandoning module WindowsServerTargetPlatform (28)
[2017.04.30-05.03.13:115][559]LogModuleManager: Shutting down and abandoning module WindowsNoEditorTargetPlatform (27)
[2017.04.30-05.03.13:115][559]LogModuleManager: Shutting down and abandoning module WindowsClientTargetPlatform (26)
[2017.04.30-05.03.13:115][559]LogModuleManager: Shutting down and abandoning module TargetPlatform (25)
[2017.04.30-05.03.13:115][559]LogModuleManager: Shutting down and abandoning module InputCore (24)
[2017.04.30-05.03.13:115][559]LogModuleManager: Shutting down and abandoning module Settings (23)
[2017.04.30-05.03.13:115][559]LogModuleManager: Shutting down and abandoning module OculusRift (22)
[2017.04.30-05.03.13:115][559]LogModuleManager: Shutting down and abandoning module ExampleDeviceProfileSelector (21)
[2017.04.30-05.03.13:115][559]LogModuleManager: Shutting down and abandoning module OnlineBlueprintSupport (20)
[2017.04.30-05.03.13:115][559]LogModuleManager: Shutting down and abandoning module OnlineSubsystem (18)
[2017.04.30-05.03.13:115][559]LogOnline:Display: Unloading online subsystem: NULL
[2017.04.30-05.03.13:115][559]LogModuleManager: Shutting down and abandoning module SSL (17)
[2017.04.30-05.03.13:116][559]LogModuleManager: Shutting down and abandoning module HTTP (16)
[2017.04.30-05.03.13:116][559]LogModuleManager: Shutting down and abandoning module XMPP (15)
[2017.04.30-05.03.13:116][559]LogModuleManager: Shutting down and abandoning module TextureCompressor (14)
[2017.04.30-05.03.13:116][559]LogModuleManager: Shutting down and abandoning module ShaderCore (13)
[2017.04.30-05.03.13:116][559]LogModuleManager: Shutting down and abandoning module Landscape (12)
[2017.04.30-05.03.13:116][559]LogModuleManager: Shutting down and abandoning module SlateRHIRenderer (11)
[2017.04.30-05.03.13:116][559]LogModuleManager: Shutting down and abandoning module OpenGLDrv (10)
[2017.04.30-05.03.13:116][559]LogModuleManager: Shutting down and abandoning module D3D11RHI (9)
[2017.04.30-05.03.13:116][559]LogModuleManager: Shutting down and abandoning module AnimGraphRuntime (8)
[2017.04.30-05.03.13:116][559]LogModuleManager: Shutting down and abandoning module Renderer (7)
[2017.04.30-05.03.13:116][559]LogModuleManager: Shutting down and abandoning module Engine (6)
[2017.04.30-05.03.13:116][559]LogModuleManager: Shutting down and abandoning module CoreUObject (5)
[2017.04.30-05.03.13:116][559]LogModuleManager: Shutting down and abandoning module NetworkFile (4)
[2017.04.30-05.03.13:116][559]LogModuleManager: Shutting down and abandoning module StreamingFile (3)
[2017.04.30-05.03.13:116][559]LogModuleManager: Shutting down and abandoning module SandboxFile (2)
[2017.04.30-05.03.13:116][559]LogModuleManager: Shutting down and abandoning module PakFile (1)
[2017.04.30-05.03.13:118][559]LogExit: Exiting.
[2017.04.30-05.03.13:119][559]Log file closed, 04/30/17 00:03:13
